[I 2025-04-07 04:28:56,002] Trial 976 finished with value: 0.8208609094631332 and parameters: {'lambda_l1': 7.012132808149585e-09, 'lambda_l2': 1.9792228488068755, 'num_leaves': 43, 'feature_fraction': 0.49567517422672697, 'bagging_fraction': 0.8240010944271152, 'bagging_freq': 2, 'min_child_samples': 117}. Best is trial 790 with value: 0.8225378298635823.
[I 2025-04-07 04:28:57,841] Trial 977 finished with value: 0.8193095643525036 and parameters: {'lambda_l1': 3.547197469419545e-08, 'lambda_l2': 0.34090213085097665, 'num_leaves': 48, 'feature_fraction': 0.5938973532073734, 'bagging_fraction': 0.8798242072667105, 'bagging_freq': 3, 'min_child_samples': 123}. Best is trial 790 with value: 0.8225378298635823.
[I 2025-04-07 04:28:59,490] Trial 978 finished with value: 0.8205255675577838 and parameters: {'lambda_l1': 0.00024473882341059794, 'lambda_l2': 7.076963254803716, 'num_leaves': 34, 'feature_fraction': 0.5337039764691052, 'bagging_fraction': 0.8368252761269616, 'bagging_freq': 2, 'min_child_samples': 128}. Best is trial 790 with value: 0.8225378298635823.
[I 2025-04-07 04:29:02,199] Trial 979 finished with value: 0.8198547080189996 and parameters: {'lambda_l1': 3.4868395467860623e-09, 'lambda_l2': 0.5509675078093755, 'num_leaves': 71, 'feature_fraction': 0.5836564826312617, 'bagging_fraction': 0.8063098785555672, 'bagging_freq': 1, 'min_child_samples': 113}. Best is trial 790 with value: 0.8225378298635823.
[I 2025-04-07 04:29:04,094] Trial 980 finished with value: 0.8195191728127564 and parameters: {'lambda_l1': 1.6508242995793754e-09, 'lambda_l2': 3.1562749755811885, 'num_leaves': 40, 'feature_fraction': 0.6202221460389518, 'bagging_fraction': 0.8617164907835416, 'bagging_freq': 1, 'min_child_samples': 120}. Best is trial 790 with value: 0.8225378298635823.
[I 2025-04-07 04:29:06,602] Trial 981 finished with value: 0.8200642110424013 and parameters: {'lambda_l1': 1.1918904893674509e-08, 'lambda_l2': 1.5636063461785679, 'num_leaves': 46, 'feature_fraction': 0.601376888234213, 'bagging_fraction': 0.8476569254115686, 'bagging_freq': 4, 'min_child_samples': 125}. Best is trial 790 with value: 0.8225378298635823.
[I 2025-04-07 04:29:08,211] Trial 982 finished with value: 0.8205672678324467 and parameters: {'lambda_l1': 5.87619043499461e-06, 'lambda_l2': 15.301506643030462, 'num_leaves': 36, 'feature_fraction': 0.5695055550391891, 'bagging_fraction': 0.8169198785932789, 'bagging_freq': 2, 'min_child_samples': 122}. Best is trial 790 with value: 0.8225378298635823.
[I 2025-04-07 04:29:09,804] Trial 983 finished with value: 0.8186388629689961 and parameters: {'lambda_l1': 4.574727673192109e-09, 'lambda_l2': 0.023863044511467518, 'num_leaves': 38, 'feature_fraction': 0.5460957830259773, 'bagging_fraction': 0.6606411952297588, 'bagging_freq': 2, 'min_child_samples': 126}. Best is trial 790 with value: 0.8225378298635823.
[I 2025-04-07 04:29:11,248] Trial 984 finished with value: 0.8203579932555561 and parameters: {'lambda_l1': 1.0388774860395043e-09, 'lambda_l2': 0.8139370347278013, 'num_leaves': 25, 'feature_fraction': 0.5549957095714314, 'bagging_fraction': 0.8322302108149133, 'bagging_freq': 2, 'min_child_samples': 22}. Best is trial 790 with value: 0.8225378298635823.
[I 2025-04-07 04:29:12,912] Trial 985 finished with value: 0.8195613124076327 and parameters: {'lambda_l1': 2.4178499982743055e-09, 'lambda_l2': 0.007438652870599529, 'num_leaves': 31, 'feature_fraction': 0.5768331435691681, 'bagging_fraction': 0.8715926346791187, 'bagging_freq': 1, 'min_child_samples': 116}. Best is trial 790 with value: 0.8225378298635823.
[I 2025-04-07 04:29:14,708] Trial 986 finished with value: 0.8208188928779163 and parameters: {'lambda_l1': 8.436756177653856e-09, 'lambda_l2': 7.5395113420666, 'num_leaves': 42, 'feature_fraction': 0.589050973131883, 'bagging_fraction': 0.8495305576175154, 'bagging_freq': 2, 'min_child_samples': 123}. Best is trial 790 with value: 0.8225378298635823.
[I 2025-04-07 04:29:17,236] Trial 987 finished with value: 0.820986818636315 and parameters: {'lambda_l1': 1.2499721111312932e-05, 'lambda_l2': 3.7922944869544026, 'num_leaves': 51, 'feature_fraction': 0.6115894717987836, 'bagging_fraction': 0.8599726328962842, 'bagging_freq': 3, 'min_child_samples': 119}. Best is trial 790 with value: 0.8225378298635823.
[I 2025-04-07 04:29:20,472] Trial 988 finished with value: 0.8190162038867538 and parameters: {'lambda_l1': 0.001675956386061341, 'lambda_l2': 2.3220845639142484, 'num_leaves': 119, 'feature_fraction': 0.6003969642223084, 'bagging_fraction': 0.8372298378534786, 'bagging_freq': 2, 'min_child_samples': 128}. Best is trial 790 with value: 0.8225378298635823.
[I 2025-04-07 04:29:22,232] Trial 989 finished with value: 0.8189743454568139 and parameters: {'lambda_l1': 3.8991862899918885e-09, 'lambda_l2': 1.3166699510215971, 'num_leaves': 44, 'feature_fraction': 0.5211349711497051, 'bagging_fraction': 0.5601070980577474, 'bagging_freq': 1, 'min_child_samples': 125}. Best is trial 790 with value: 0.8225378298635823.
[I 2025-04-07 04:29:24,532] Trial 990 finished with value: 0.8194774022468593 and parameters: {'lambda_l1': 4.765660071077591e-06, 'lambda_l2': 5.211511914717813, 'num_leaves': 35, 'feature_fraction': 0.5600068854357287, 'bagging_fraction': 0.8232027576485003, 'bagging_freq': 1, 'min_child_samples': 121}. Best is trial 790 with value: 0.8225378298635823.
[I 2025-04-07 04:29:26,692] Trial 991 finished with value: 0.8204414992417334 and parameters: {'lambda_l1': 2.517491826703358e-09, 'lambda_l2': 2.487253172336071e-08, 'num_leaves': 39, 'feature_fraction': 0.6328166869202045, 'bagging_fraction': 0.8063159643479961, 'bagging_freq': 3, 'min_child_samples': 124}. Best is trial 790 with value: 0.8225378298635823.
[I 2025-04-07 04:29:28,356] Trial 992 finished with value: 0.8216154155705627 and parameters: {'lambda_l1': 6.609020310408781e-09, 'lambda_l2': 13.730779450391067, 'num_leaves': 30, 'feature_fraction': 0.575382976517078, 'bagging_fraction': 0.8796936995608975, 'bagging_freq': 2, 'min_child_samples': 118}. Best is trial 790 with value: 0.8225378298635823.
[I 2025-04-07 04:29:30,460] Trial 993 finished with value: 0.8202739600851225 and parameters: {'lambda_l1': 1.9512123332796333e-05, 'lambda_l2': 0.18312517065670886, 'num_leaves': 47, 'feature_fraction': 0.5905451018465325, 'bagging_fraction': 0.8540256056105873, 'bagging_freq': 2, 'min_child_samples': 107}. Best is trial 790 with value: 0.8225378298635823.
[I 2025-04-07 04:29:32,290] Trial 994 finished with value: 0.8207768060014654 and parameters: {'lambda_l1': 1.5695228438105793e-09, 'lambda_l2': 8.362099364728762, 'num_leaves': 33, 'feature_fraction': 0.5380721972353014, 'bagging_fraction': 0.8396468796680274, 'bagging_freq': 1, 'min_child_samples': 115}. Best is trial 790 with value: 0.8225378298635823.
[I 2025-04-07 04:29:34,336] Trial 995 finished with value: 0.8200224229036956 and parameters: {'lambda_l1': 8.070501462574514e-06, 'lambda_l2': 0.6485763133400044, 'num_leaves': 41, 'feature_fraction': 0.6159574793886293, 'bagging_fraction': 0.9325591905413206, 'bagging_freq': 2, 'min_child_samples': 126}. Best is trial 790 with value: 0.8225378298635823.
[I 2025-04-07 04:29:36,636] Trial 996 finished with value: 0.8201900674971577 and parameters: {'lambda_l1': 4.505468722405015e-09, 'lambda_l2': 1.943710950751918, 'num_leaves': 37, 'feature_fraction': 0.5725758230886921, 'bagging_fraction': 0.8245275487247459, 'bagging_freq': 3, 'min_child_samples': 122}. Best is trial 790 with value: 0.8225378298635823.
[I 2025-04-07 04:29:38,493] Trial 997 finished with value: 0.8196867646877927 and parameters: {'lambda_l1': 1.7364930414791294e-08, 'lambda_l2': 24.883585981606807, 'num_leaves': 43, 'feature_fraction': 0.656302634249147, 'bagging_fraction': 0.814117764069412, 'bagging_freq': 2, 'min_child_samples': 126}. Best is trial 790 with value: 0.8225378298635823.
[I 2025-04-07 04:29:39,787] Trial 998 finished with value: 0.8199386533253904 and parameters: {'lambda_l1': 3.857800769519494e-06, 'lambda_l2': 4.868329078828437, 'num_leaves': 22, 'feature_fraction': 0.5880252422395703, 'bagging_fraction': 0.8633328590434939, 'bagging_freq': 1, 'min_child_samples': 128}. Best is trial 790 with value: 0.8225378298635823.
[I 2025-04-07 04:29:41,656] Trial 999 finished with value: 0.8198966543129822 and parameters: {'lambda_l1': 2.3050089364655022e-09, 'lambda_l2': 1.1766415261104648, 'num_leaves': 38, 'feature_fraction': 0.601977523780937, 'bagging_fraction': 0.8959159835575716, 'bagging_freq': 2, 'min_child_samples': 120}. Best is trial 790 with value: 0.8225378298635823.
[I 2025-04-07 04:29:43,334] Trial 1000 finished with value: 0.820944766905481 and parameters: {'lambda_l1': 2.4696138694178246e-07, 'lambda_l2': 0.4548650415240384, 'num_leaves': 34, 'feature_fraction': 0.554963244128001, 'bagging_fraction': 0.8413812378435378, 'bagging_freq': 2, 'min_child_samples': 123}. Best is trial 790 with value: 0.8225378298635823.
[I 2025-04-07 04:29:45,283] Trial 1001 finished with value: 0.820819103751619 and parameters: {'lambda_l1': 1.0179024231883807e-09, 'lambda_l2': 2.8804994247081597, 'num_leaves': 40, 'feature_fraction': 0.5089962302727784, 'bagging_fraction': 0.7935931280712365, 'bagging_freq': 1, 'min_child_samples': 112}. Best is trial 790 with value: 0.8225378298635823.
[I 2025-04-07 04:29:52,310] Trial 1002 finished with value: 0.821447806122718 and parameters: {'lambda_l1': 1.111053287991087e-08, 'lambda_l2': 9.506024328607273, 'num_leaves': 45, 'feature_fraction': 0.5783588944593994, 'bagging_fraction': 0.8475047837594352, 'bagging_freq': 3, 'min_child_samples': 121}. Best is trial 790 with value: 0.8225378298635823.
[I 2025-04-07 04:29:53,710] Trial 1003 finished with value: 0.8212802318204903 and parameters: {'lambda_l1': 9.968354445677716e-08, 'lambda_l2': 0.000129524132053917, 'num_leaves': 27, 'feature_fraction': 0.6008396178434456, 'bagging_fraction': 0.8300087517432405, 'bagging_freq': 2, 'min_child_samples': 117}. Best is trial 790 with value: 0.8225378298635823.
[I 2025-04-07 04:29:55,837] Trial 1004 finished with value: 0.8211540766279889 and parameters: {'lambda_l1': 3.3928884074367443e-09, 'lambda_l2': 0.884671419677738, 'num_leaves': 49, 'feature_fraction': 0.5655851282228678, 'bagging_fraction': 0.8720162951091426, 'bagging_freq': 1, 'min_child_samples': 125}. Best is trial 790 with value: 0.8225378298635823.
[I 2025-04-07 04:29:57,812] Trial 1005 finished with value: 0.8197707978582262 and parameters: {'lambda_l1': 1.6155334639079385e-09, 'lambda_l2': 40.398770237787105, 'num_leaves': 36, 'feature_fraction': 0.5465282378005016, 'bagging_fraction': 0.8551736083516845, 'bagging_freq': 2, 'min_child_samples': 128}. Best is trial 790 with value: 0.8225378298635823.
[I 2025-04-07 04:29:59,307] Trial 1006 finished with value: 0.8210286594934463 and parameters: {'lambda_l1': 8.964958081702809e-06, 'lambda_l2': 3.8459197455740775, 'num_leaves': 33, 'feature_fraction': 0.593996300396932, 'bagging_fraction': 0.8309485035179269, 'bagging_freq': 2, 'min_child_samples': 123}. Best is trial 790 with value: 0.8225378298635823.
[I 2025-04-07 04:30:00,994] Trial 1007 finished with value: 0.8200222120299934 and parameters: {'lambda_l1': 6.4934462055916894e-09, 'lambda_l2': 1.621586640092435, 'num_leaves': 42, 'feature_fraction': 0.6202127119438802, 'bagging_fraction': 0.8137069845114878, 'bagging_freq': 1, 'min_child_samples': 119}. Best is trial 790 with value: 0.8225378298635823.
[I 2025-04-07 04:30:02,924] Trial 1008 finished with value: 0.82098639688891 and parameters: {'lambda_l1': 1.850710936003144e-05, 'lambda_l2': 6.107341295248212, 'num_leaves': 39, 'feature_fraction': 0.5880612646309611, 'bagging_fraction': 0.9162718449033181, 'bagging_freq': 2, 'min_child_samples': 124}. Best is trial 790 with value: 0.8225378298635823.
[I 2025-04-07 04:30:04,584] Trial 1009 finished with value: 0.820441622251393 and parameters: {'lambda_l1': 2.956254347668449e-08, 'lambda_l2': 0.2604464434407501, 'num_leaves': 30, 'feature_fraction': 0.5648291244952521, 'bagging_fraction': 0.8423009768498605, 'bagging_freq': 3, 'min_child_samples': 126}. Best is trial 790 with value: 0.8225378298635823.
[I 2025-04-07 04:30:06,408] Trial 1010 finished with value: 0.8197290097195203 and parameters: {'lambda_l1': 3.379011445205506e-06, 'lambda_l2': 2.5124535121712643, 'num_leaves': 45, 'feature_fraction': 0.5816149146829565, 'bagging_fraction': 0.8860882384510125, 'bagging_freq': 8, 'min_child_samples': 115}. Best is trial 790 with value: 0.8225378298635823.
[I 2025-04-07 04:30:08,668] Trial 1011 finished with value: 0.8201902607980515 and parameters: {'lambda_l1': 0.0001803412173938462, 'lambda_l2': 13.590449427891318, 'num_leaves': 36, 'feature_fraction': 0.6067912840007167, 'bagging_fraction': 0.7720561854515396, 'bagging_freq': 2, 'min_child_samples': 121}. Best is trial 790 with value: 0.8225378298635823.
[I 2025-04-07 04:30:10,508] Trial 1012 finished with value: 0.8191839011986414 and parameters: {'lambda_l1': 2.7959171912751445e-09, 'lambda_l2': 23.674351534282696, 'num_leaves': 40, 'feature_fraction': 0.43691143341164806, 'bagging_fraction': 0.8667759974491657, 'bagging_freq': 1, 'min_child_samples': 128}. Best is trial 790 with value: 0.8225378298635823.
[I 2025-04-07 04:30:12,178] Trial 1013 finished with value: 0.8206934581705652 and parameters: {'lambda_l1': 1.0152890916690184e-09, 'lambda_l2': 0.8491020623056548, 'num_leaves': 32, 'feature_fraction': 0.5348360417937208, 'bagging_fraction': 0.8243320120930802, 'bagging_freq': 2, 'min_child_samples': 123}. Best is trial 790 with value: 0.8225378298635823.
[I 2025-04-07 04:30:14,213] Trial 1014 finished with value: 0.8208607337350479 and parameters: {'lambda_l1': 4.333876232174389e-09, 'lambda_l2': 4.479494078000629, 'num_leaves': 47, 'feature_fraction': 0.5517798007601427, 'bagging_fraction': 0.8554322742894365, 'bagging_freq': 1, 'min_child_samples': 119}. Best is trial 790 with value: 0.8225378298635823.
[I 2025-04-07 04:30:16,042] Trial 1015 finished with value: 0.8213220375320045 and parameters: {'lambda_l1': 5.774014804754732e-06, 'lambda_l2': 9.564202726968643, 'num_leaves': 43, 'feature_fraction': 0.570104838796569, 'bagging_fraction': 0.8387843785566993, 'bagging_freq': 2, 'min_child_samples': 109}. Best is trial 790 with value: 0.8225378298635823.
[I 2025-04-07 04:30:17,812] Trial 1016 finished with value: 0.8181357007420997 and parameters: {'lambda_l1': 1.6377479461233922e-09, 'lambda_l2': 1.4807983450179034, 'num_leaves': 37, 'feature_fraction': 0.8359976044908299, 'bagging_fraction': 0.7202187467583799, 'bagging_freq': 3, 'min_child_samples': 125}. Best is trial 790 with value: 0.8225378298635823.
[I 2025-04-07 04:30:21,119] Trial 1017 finished with value: 0.8193934920860857 and parameters: {'lambda_l1': 7.234574662128993e-09, 'lambda_l2': 2.7042495063615504, 'num_leaves': 80, 'feature_fraction': 0.6425951369862294, 'bagging_fraction': 0.8147057963736836, 'bagging_freq': 2, 'min_child_samples': 121}. Best is trial 790 with value: 0.8225378298635823.
[I 2025-04-07 04:30:22,725] Trial 1018 finished with value: 0.8206513537213057 and parameters: {'lambda_l1': 1.0188047443042153e-05, 'lambda_l2': 6.224799118496156, 'num_leaves': 35, 'feature_fraction': 0.6122009759238779, 'bagging_fraction': 0.8018032971089306, 'bagging_freq': 6, 'min_child_samples': 126}. Best is trial 790 with value: 0.8225378298635823.
[I 2025-04-07 04:30:24,391] Trial 1019 finished with value: 0.8198547080189996 and parameters: {'lambda_l1': 2.419473545051767e-09, 'lambda_l2': 0.399571553434686, 'num_leaves': 39, 'feature_fraction': 0.5951925796749441, 'bagging_fraction': 0.8310828477858918, 'bagging_freq': 9, 'min_child_samples': 116}. Best is trial 790 with value: 0.8225378298635823.
[I 2025-04-07 04:30:26,343] Trial 1020 finished with value: 0.8207768060014656 and parameters: {'lambda_l1': 1.1769813049670032e-08, 'lambda_l2': 1.9985760412109925, 'num_leaves': 42, 'feature_fraction': 0.5771992752863205, 'bagging_fraction': 0.8500068005294192, 'bagging_freq': 1, 'min_child_samples': 123}. Best is trial 790 with value: 0.8225378298635823.
[I 2025-04-07 04:30:29,035] Trial 1021 finished with value: 0.8210704476321519 and parameters: {'lambda_l1': 3.95543055596875e-09, 'lambda_l2': 0.7208287019099495, 'num_leaves': 51, 'feature_fraction': 0.5589452271163651, 'bagging_fraction': 0.8654286285331302, 'bagging_freq': 2, 'min_child_samples': 128}. Best is trial 790 with value: 0.8225378298635823.
[I 2025-04-07 04:30:30,646] Trial 1022 finished with value: 0.8209449602063751 and parameters: {'lambda_l1': 3.180696502879648e-06, 'lambda_l2': 3.6469222787290563, 'num_leaves': 29, 'feature_fraction': 0.5881796958025277, 'bagging_fraction': 0.839969695845679, 'bagging_freq': 2, 'min_child_samples': 118}. Best is trial 790 with value: 0.8225378298635823.
[I 2025-04-07 04:30:32,529] Trial 1023 finished with value: 0.8195614354172926 and parameters: {'lambda_l1': 1.5192392810496312e-05, 'lambda_l2': 1.261994447491029, 'num_leaves': 45, 'feature_fraction': 0.5260891278448255, 'bagging_fraction': 0.8196145721869859, 'bagging_freq': 1, 'min_child_samples': 124}. Best is trial 790 with value: 0.8225378298635823.
[I 2025-04-07 04:30:34,196] Trial 1024 finished with value: 0.8206092844176635 and parameters: {'lambda_l1': 1.6116941764498e-09, 'lambda_l2': 14.67163406901053, 'num_leaves': 34, 'feature_fraction': 0.6289536809352505, 'bagging_fraction': 0.8807101488454084, 'bagging_freq': 3, 'min_child_samples': 121}. Best is trial 790 with value: 0.8225378298635823.
[I 2025-04-07 04:30:35,931] Trial 1025 finished with value: 0.8206511077019863 and parameters: {'lambda_l1': 0.0005750620941677131, 'lambda_l2': 7.617914117341745, 'num_leaves': 40, 'feature_fraction': 0.6028287080764967, 'bagging_fraction': 0.8539958188361282, 'bagging_freq': 2, 'min_child_samples': 125}. Best is trial 790 with value: 0.8225378298635823.
[I 2025-04-07 04:30:37,877] Trial 1026 finished with value: 0.8207771223120194 and parameters: {'lambda_l1': 2.5042361088796527e-05, 'lambda_l2': 3.9500505936116825, 'num_leaves': 37, 'feature_fraction': 0.5773025783174448, 'bagging_fraction': 0.8275569500339942, 'bagging_freq': 1, 'min_child_samples': 114}. Best is trial 790 with value: 0.8225378298635823.
[I 2025-04-07 04:30:40,050] Trial 1027 finished with value: 0.821154533521011 and parameters: {'lambda_l1': 1.909230204796964e-08, 'lambda_l2': 0.0005085761884120732, 'num_leaves': 32, 'feature_fraction': 0.5469767372904931, 'bagging_fraction': 0.8433686446930986, 'bagging_freq': 2, 'min_child_samples': 119}. Best is trial 790 with value: 0.8225378298635823.
[I 2025-04-07 04:30:42,328] Trial 1028 finished with value: 0.8198126211425489 and parameters: {'lambda_l1': 5.4277909978460914e-09, 'lambda_l2': 2.325850925843081, 'num_leaves': 65, 'feature_fraction': 0.5652158331580805, 'bagging_fraction': 0.8083405075014745, 'bagging_freq': 15, 'min_child_samples': 128}. Best is trial 790 with value: 0.8225378298635823.
[I 2025-04-07 04:30:44,167] Trial 1029 finished with value: 0.8188484362836321 and parameters: {'lambda_l1': 4.696804459623066e-08, 'lambda_l2': 0.5043557645964475, 'num_leaves': 48, 'feature_fraction': 0.6147603862975866, 'bagging_fraction': 0.8644074764276269, 'bagging_freq': 3, 'min_child_samples': 122}. Best is trial 790 with value: 0.8225378298635823.
[I 2025-04-07 04:30:46,216] Trial 1030 finished with value: 0.8209447844782897 and parameters: {'lambda_l1': 7.082076248908982e-06, 'lambda_l2': 1.1392646914362463, 'num_leaves': 42, 'feature_fraction': 0.5866326407946881, 'bagging_fraction': 0.8317027263484299, 'bagging_freq': 2, 'min_child_samples': 126}. Best is trial 790 with value: 0.8225378298635823.
[I 2025-04-07 04:30:47,684] Trial 1031 finished with value: 0.8204835509725671 and parameters: {'lambda_l1': 0.00011574140810157528, 'lambda_l2': 0.003369307820638185, 'num_leaves': 26, 'feature_fraction': 0.5940882460864947, 'bagging_fraction': 0.7908624117741938, 'bagging_freq': 2, 'min_child_samples': 111}. Best is trial 790 with value: 0.8225378298635823.
[I 2025-04-07 04:30:49,365] Trial 1032 finished with value: 0.8207770168751681 and parameters: {'lambda_l1': 2.7244689519519104e-09, 'lambda_l2': 8.168297514957963, 'num_leaves': 38, 'feature_fraction': 0.5743310947510007, 'bagging_fraction': 0.8515770255176324, 'bagging_freq': 1, 'min_child_samples': 117}. Best is trial 790 with value: 0.8225378298635823.
[I 2025-04-07 04:30:51,358] Trial 1033 finished with value: 0.8209446438958213 and parameters: {'lambda_l1': 9.340964313864238e-09, 'lambda_l2': 21.74013405720401, 'num_leaves': 35, 'feature_fraction': 0.5365003194152898, 'bagging_fraction': 0.8739690176687823, 'bagging_freq': 7, 'min_child_samples': 124}. Best is trial 790 with value: 0.8225378298635823.
[I 2025-04-07 04:30:53,166] Trial 1034 finished with value: 0.8202739249395057 and parameters: {'lambda_l1': 1.4871113051977412e-09, 'lambda_l2': 4.9118207463255485, 'num_leaves': 44, 'feature_fraction': 0.55562539567309, 'bagging_fraction': 0.8381899973692274, 'bagging_freq': 2, 'min_child_samples': 121}. Best is trial 790 with value: 0.8225378298635823.
[I 2025-04-07 04:30:54,715] Trial 1035 finished with value: 0.8198546728733828 and parameters: {'lambda_l1': 3.1152007836874416e-09, 'lambda_l2': 2.144817286825611, 'num_leaves': 31, 'feature_fraction': 0.6019388032465413, 'bagging_fraction': 0.8265539020846793, 'bagging_freq': 1, 'min_child_samples': 128}. Best is trial 790 with value: 0.8225378298635823.
[I 2025-04-07 04:30:56,506] Trial 1036 finished with value: 0.8207769114383169 and parameters: {'lambda_l1': 5.244249068306892e-06, 'lambda_l2': 2.315879434625997e-06, 'num_leaves': 39, 'feature_fraction': 0.5842461714502889, 'bagging_fraction': 0.9041523425087455, 'bagging_freq': 2, 'min_child_samples': 123}. Best is trial 790 with value: 0.8225378298635823.
