[I 2025-04-07 03:57:39,089] A new study created in RDB with name: lightgbm
[I 2025-04-07 03:57:44,197] Trial 0 finished with value: 0.8196453455780663 and parameters: {'lambda_l1': 4.5799397602952514e-07, 'lambda_l2': 0.0003320186204254558, 'num_leaves': 117, 'feature_fraction': 0.46877773105053056, 'bagging_fraction': 0.8021681509611569, 'bagging_freq': 9, 'min_child_samples': 121}. Best is trial 0 with value: 0.8196453455780663.
[I 2025-04-07 03:57:51,603] Trial 1 finished with value: 0.8178845150168434 and parameters: {'lambda_l1': 4.374807423708687e-08, 'lambda_l2': 2.8147474956910367e-09, 'num_leaves': 77, 'feature_fraction': 0.48817634051589287, 'bagging_fraction': 0.5516081049519457, 'bagging_freq': 14, 'min_child_samples': 74}. Best is trial 0 with value: 0.8196453455780663.
[I 2025-04-07 03:57:52,689] Trial 2 finished with value: 0.8173392834863046 and parameters: {'lambda_l1': 0.3773234085703336, 'lambda_l2': 4.273667775102807e-07, 'num_leaves': 15, 'feature_fraction': 0.9050652050767078, 'bagging_fraction': 0.5281929877704786, 'bagging_freq': 10, 'min_child_samples': 125}. Best is trial 0 with value: 0.8196453455780663.
[I 2025-04-07 03:57:54,749] Trial 3 finished with value: 0.8181356128780571 and parameters: {'lambda_l1': 2.049710431033124e-05, 'lambda_l2': 5.722671420524221e-09, 'num_leaves': 55, 'feature_fraction': 0.8639530462396572, 'bagging_fraction': 0.5580646682920596, 'bagging_freq': 6, 'min_child_samples': 107}. Best is trial 0 with value: 0.8196453455780663.
[I 2025-04-07 03:57:55,705] Trial 4 finished with value: 0.8155368053688445 and parameters: {'lambda_l1': 1.3418242154636852e-05, 'lambda_l2': 25.07410478459283, 'num_leaves': 13, 'feature_fraction': 0.9185286724312031, 'bagging_fraction': 0.48323183173634027, 'bagging_freq': 14, 'min_child_samples': 44}. Best is trial 0 with value: 0.8196453455780663.
[I 2025-04-07 03:57:57,599] Trial 5 finished with value: 0.8183034156267958 and parameters: {'lambda_l1': 2.2973619053721414e-06, 'lambda_l2': 0.2053362946185245, 'num_leaves': 27, 'feature_fraction': 0.6225784989067076, 'bagging_fraction': 0.6102293950836473, 'bagging_freq': 15, 'min_child_samples': 122}. Best is trial 0 with value: 0.8196453455780663.
[I 2025-04-07 03:58:01,187] Trial 6 finished with value: 0.8186808971270215 and parameters: {'lambda_l1': 0.4020653056485142, 'lambda_l2': 0.0003988085481553392, 'num_leaves': 104, 'feature_fraction': 0.43016696358982676, 'bagging_fraction': 0.9855768159906239, 'bagging_freq': 7, 'min_child_samples': 104}. Best is trial 0 with value: 0.8196453455780663.
[I 2025-04-07 03:58:04,190] Trial 7 finished with value: 0.8137337473487024 and parameters: {'lambda_l1': 1.6468652217455661e-07, 'lambda_l2': 6.292046019062732e-08, 'num_leaves': 106, 'feature_fraction': 0.8589986922018349, 'bagging_fraction': 0.5707651423627693, 'bagging_freq': 7, 'min_child_samples': 43}. Best is trial 0 with value: 0.8196453455780663.
[I 2025-04-07 03:58:04,976] Trial 8 finished with value: 0.8172557072088932 and parameters: {'lambda_l1': 9.099982750057162e-09, 'lambda_l2': 0.0047512956187994206, 'num_leaves': 12, 'feature_fraction': 0.49605841635361636, 'bagging_fraction': 0.6289277977359446, 'bagging_freq': 7, 'min_child_samples': 115}. Best is trial 0 with value: 0.8196453455780663.
[I 2025-04-07 03:58:05,517] Trial 9 finished with value: 0.8009895248488299 and parameters: {'lambda_l1': 4.2120398487032, 'lambda_l2': 8.460203504017599e-05, 'num_leaves': 4, 'feature_fraction': 0.5696071209856781, 'bagging_fraction': 0.5362846476297561, 'bagging_freq': 14, 'min_child_samples': 22}. Best is trial 0 with value: 0.8196453455780663.
[I 2025-04-07 03:58:09,617] Trial 10 finished with value: 0.8146142680661652 and parameters: {'lambda_l1': 0.0031271613289552205, 'lambda_l2': 2.5836772233090524e-05, 'num_leaves': 119, 'feature_fraction': 0.7440608475303165, 'bagging_fraction': 0.8330426050096649, 'bagging_freq': 2, 'min_child_samples': 82}. Best is trial 0 with value: 0.8196453455780663.
[I 2025-04-07 03:58:12,545] Trial 11 finished with value: 0.817297495347599 and parameters: {'lambda_l1': 0.02442806597830162, 'lambda_l2': 0.01041410652176654, 'num_leaves': 95, 'feature_fraction': 0.4341631202349906, 'bagging_fraction': 0.9626476466484089, 'bagging_freq': 10, 'min_child_samples': 98}. Best is trial 0 with value: 0.8196453455780663.
[I 2025-04-07 03:58:13,858] Trial 12 finished with value: 0.8152432340293924 and parameters: {'lambda_l1': 17.071455552490153, 'lambda_l2': 2.4174694949339998e-06, 'num_leaves': 126, 'feature_fraction': 0.40163024206645215, 'bagging_fraction': 0.8115461481190837, 'bagging_freq': 3, 'min_child_samples': 89}. Best is trial 0 with value: 0.8196453455780663.
[I 2025-04-07 03:58:16,722] Trial 13 finished with value: 0.8185130416598572 and parameters: {'lambda_l1': 0.0006166730792258581, 'lambda_l2': 0.0035994306402349742, 'num_leaves': 90, 'feature_fraction': 0.6575822424215823, 'bagging_fraction': 0.9914258758688683, 'bagging_freq': 11, 'min_child_samples': 59}. Best is trial 0 with value: 0.8196453455780663.
[I 2025-04-07 03:58:19,235] Trial 14 finished with value: 0.8197708857222687 and parameters: {'lambda_l1': 0.18440482111279585, 'lambda_l2': 0.5987562342134986, 'num_leaves': 54, 'feature_fraction': 0.7528750361939525, 'bagging_fraction': 0.8550650151295288, 'bagging_freq': 5, 'min_child_samples': 102}. Best is trial 14 with value: 0.8197708857222687.
[I 2025-04-07 03:58:21,081] Trial 15 finished with value: 0.8188903650048062 and parameters: {'lambda_l1': 6.49533928096305e-07, 'lambda_l2': 51.05409230444042, 'num_leaves': 48, 'feature_fraction': 0.7511528984178377, 'bagging_fraction': 0.778407336623782, 'bagging_freq': 5, 'min_child_samples': 127}. Best is trial 14 with value: 0.8197708857222687.
[I 2025-04-07 03:58:22,685] Trial 16 finished with value: 0.8179263558739749 and parameters: {'lambda_l1': 8.02141587612109e-05, 'lambda_l2': 0.8474475303755283, 'num_leaves': 39, 'feature_fraction': 0.7707439522005146, 'bagging_fraction': 0.8918154746552474, 'bagging_freq': 4, 'min_child_samples': 94}. Best is trial 14 with value: 0.8197708857222687.
[I 2025-04-07 03:58:24,975] Trial 17 finished with value: 0.8164588330600762 and parameters: {'lambda_l1': 1.332859852897014e-09, 'lambda_l2': 0.662698185523416, 'num_leaves': 68, 'feature_fraction': 0.9854733889988865, 'bagging_fraction': 0.7158625416400428, 'bagging_freq': 12, 'min_child_samples': 64}. Best is trial 14 with value: 0.8197708857222687.
[I 2025-04-07 03:58:27,654] Trial 18 finished with value: 0.8172972493282794 and parameters: {'lambda_l1': 0.015576327922483332, 'lambda_l2': 0.059948037962625364, 'num_leaves': 72, 'feature_fraction': 0.6179662587120883, 'bagging_fraction': 0.707632479770653, 'bagging_freq': 1, 'min_child_samples': 7}. Best is trial 14 with value: 0.8197708857222687.
[I 2025-04-07 03:58:29,229] Trial 19 finished with value: 0.8071103273638502 and parameters: {'lambda_l1': 46.9404484848377, 'lambda_l2': 8.420774745945575, 'num_leaves': 83, 'feature_fraction': 0.5482171794348873, 'bagging_fraction': 0.8978998044106743, 'bagging_freq': 9, 'min_child_samples': 111}. Best is trial 14 with value: 0.8197708857222687.
[I 2025-04-07 03:58:31,553] Trial 20 finished with value: 0.817590767949306 and parameters: {'lambda_l1': 0.11959563880190767, 'lambda_l2': 5.631382985657959e-06, 'num_leaves': 59, 'feature_fraction': 0.695246257343132, 'bagging_fraction': 0.7649186701842219, 'bagging_freq': 8, 'min_child_samples': 78}. Best is trial 14 with value: 0.8197708857222687.
[I 2025-04-07 03:58:33,369] Trial 21 finished with value: 0.8180520190278371 and parameters: {'lambda_l1': 3.85904828631878e-07, 'lambda_l2': 69.62940315093165, 'num_leaves': 45, 'feature_fraction': 0.7929477238888045, 'bagging_fraction': 0.7931431454133364, 'bagging_freq': 5, 'min_child_samples': 128}. Best is trial 14 with value: 0.8197708857222687.
[I 2025-04-07 03:58:35,134] Trial 22 finished with value: 0.8181774361623798 and parameters: {'lambda_l1': 1.8617381369247228e-06, 'lambda_l2': 4.835444249812362, 'num_leaves': 44, 'feature_fraction': 0.7192463330316079, 'bagging_fraction': 0.8623449190871381, 'bagging_freq': 5, 'min_child_samples': 114}. Best is trial 14 with value: 0.8197708857222687.
[I 2025-04-07 03:58:36,544] Trial 23 finished with value: 0.8191840066354926 and parameters: {'lambda_l1': 1.4323165599196846e-08, 'lambda_l2': 2.8538650730730644, 'num_leaves': 31, 'feature_fraction': 0.8200561258389562, 'bagging_fraction': 0.7775591867444571, 'bagging_freq': 4, 'min_child_samples': 127}. Best is trial 14 with value: 0.8197708857222687.
[I 2025-04-07 03:58:37,827] Trial 24 finished with value: 0.8186807916901703 and parameters: {'lambda_l1': 1.2084188150192556e-09, 'lambda_l2': 0.0005908553013865956, 'num_leaves': 29, 'feature_fraction': 0.8031626824998646, 'bagging_fraction': 0.4085922596877661, 'bagging_freq': 2, 'min_child_samples': 102}. Best is trial 14 with value: 0.8197708857222687.
[I 2025-04-07 03:58:40,817] Trial 25 finished with value: 0.8179680561486379 and parameters: {'lambda_l1': 1.5926570759929316e-08, 'lambda_l2': 0.04949919466956415, 'num_leaves': 60, 'feature_fraction': 0.853219914184574, 'bagging_fraction': 0.9161365522062761, 'bagging_freq': 3, 'min_child_samples': 116}. Best is trial 14 with value: 0.8197708857222687.
[I 2025-04-07 03:58:42,249] Trial 26 finished with value: 0.819477454965285 and parameters: {'lambda_l1': 0.00019622752123194196, 'lambda_l2': 1.8560802779245051, 'num_leaves': 30, 'feature_fraction': 0.8137500560077104, 'bagging_fraction': 0.7426040260116705, 'bagging_freq': 8, 'min_child_samples': 92}. Best is trial 14 with value: 0.8197708857222687.
[I 2025-04-07 03:58:43,978] Trial 27 finished with value: 0.8192259705022835 and parameters: {'lambda_l1': 0.0004911704006584041, 'lambda_l2': 0.02251814744370071, 'num_leaves': 38, 'feature_fraction': 0.6758100475709493, 'bagging_fraction': 0.6604057696688265, 'bagging_freq': 9, 'min_child_samples': 92}. Best is trial 14 with value: 0.8197708857222687.
[I 2025-04-07 03:58:45,240] Trial 28 finished with value: 0.8188905407328916 and parameters: {'lambda_l1': 0.0033463005139384174, 'lambda_l2': 0.4810634700094519, 'num_leaves': 20, 'feature_fraction': 0.9691807721727967, 'bagging_fraction': 0.7300420027883925, 'bagging_freq': 8, 'min_child_samples': 83}. Best is trial 14 with value: 0.8197708857222687.
[I 2025-04-07 03:58:48,161] Trial 29 finished with value: 0.8176331008450763 and parameters: {'lambda_l1': 3.0332243629195096e-05, 'lambda_l2': 0.0013371358379111224, 'num_leaves': 81, 'feature_fraction': 0.5294620422715304, 'bagging_fraction': 0.8592656923049489, 'bagging_freq': 12, 'min_child_samples': 72}. Best is trial 14 with value: 0.8197708857222687.
[I 2025-04-07 03:58:50,954] Trial 30 finished with value: 0.8188066657177352 and parameters: {'lambda_l1': 2.6282358930719223, 'lambda_l2': 0.20445061715853377, 'num_leaves': 53, 'feature_fraction': 0.9181964692890483, 'bagging_fraction': 0.6749668099862246, 'bagging_freq': 6, 'min_child_samples': 71}. Best is trial 14 with value: 0.8197708857222687.
[I 2025-04-07 03:58:52,458] Trial 31 finished with value: 0.8199384248788795 and parameters: {'lambda_l1': 0.0004563408889283564, 'lambda_l2': 0.016976304325020196, 'num_leaves': 38, 'feature_fraction': 0.6990609628995731, 'bagging_fraction': 0.6570701408657561, 'bagging_freq': 9, 'min_child_samples': 91}. Best is trial 31 with value: 0.8199384248788795.
[I 2025-04-07 03:58:53,991] Trial 32 finished with value: 0.8189744508936652 and parameters: {'lambda_l1': 0.0023274871930401386, 'lambda_l2': 7.927364437822188e-05, 'num_leaves': 35, 'feature_fraction': 0.6378631519581016, 'bagging_fraction': 0.7503820223095409, 'bagging_freq': 10, 'min_child_samples': 86}. Best is trial 31 with value: 0.8199384248788795.
[I 2025-04-07 03:58:55,123] Trial 33 finished with value: 0.8201484375137287 and parameters: {'lambda_l1': 0.00021547106865303257, 'lambda_l2': 0.07468954422093273, 'num_leaves': 22, 'feature_fraction': 0.5920218504989901, 'bagging_fraction': 0.6678289694844042, 'bagging_freq': 11, 'min_child_samples': 98}. Best is trial 33 with value: 0.8201484375137287.
[I 2025-04-07 03:58:56,092] Trial 34 finished with value: 0.8173809661881591 and parameters: {'lambda_l1': 0.054152313006499385, 'lambda_l2': 0.08966900474175232, 'num_leaves': 17, 'feature_fraction': 0.5905964163462394, 'bagging_fraction': 0.5865721715536742, 'bagging_freq': 12, 'min_child_samples': 105}. Best is trial 33 with value: 0.8201484375137287.
[I 2025-04-07 03:58:58,449] Trial 35 finished with value: 0.8180937193025001 and parameters: {'lambda_l1': 1.598800322629749e-05, 'lambda_l2': 0.0018957853650659327, 'num_leaves': 64, 'feature_fraction': 0.5054475916240184, 'bagging_fraction': 0.6677437428374742, 'bagging_freq': 13, 'min_child_samples': 118}. Best is trial 33 with value: 0.8201484375137287.
[I 2025-04-07 03:58:59,049] Trial 36 finished with value: 0.7643056719754121 and parameters: {'lambda_l1': 0.7911302709669077, 'lambda_l2': 0.015026577296404013, 'num_leaves': 2, 'feature_fraction': 0.5947881566125415, 'bagging_fraction': 0.6325522172479717, 'bagging_freq': 10, 'min_child_samples': 101}. Best is trial 33 with value: 0.8201484375137287.
[I 2025-04-07 03:59:00,745] Trial 37 finished with value: 0.817716782559339 and parameters: {'lambda_l1': 4.886120405928977e-06, 'lambda_l2': 0.00018229115819626068, 'num_leaves': 22, 'feature_fraction': 0.45966333615006216, 'bagging_fraction': 0.4797154906825376, 'bagging_freq': 16, 'min_child_samples': 108}. Best is trial 33 with value: 0.8201484375137287.
[I 2025-04-07 03:59:02,679] Trial 38 finished with value: 0.8193097752262061 and parameters: {'lambda_l1': 7.87089166288308e-05, 'lambda_l2': 5.814600041004575e-08, 'num_leaves': 50, 'feature_fraction': 0.716691189732596, 'bagging_fraction': 0.9307753427696795, 'bagging_freq': 11, 'min_child_samples': 52}. Best is trial 33 with value: 0.8201484375137287.
[I 2025-04-07 03:59:05,377] Trial 39 finished with value: 0.8201901553612003 and parameters: {'lambda_l1': 0.008196880745708087, 'lambda_l2': 13.765202550294223, 'num_leaves': 75, 'feature_fraction': 0.6680273321350737, 'bagging_fraction': 0.8327236256949804, 'bagging_freq': 9, 'min_child_samples': 121}. Best is trial 39 with value: 0.8201901553612003.
[I 2025-04-07 03:59:07,942] Trial 40 finished with value: 0.8189745211848993 and parameters: {'lambda_l1': 0.008383405495309297, 'lambda_l2': 14.405939307920706, 'num_leaves': 72, 'feature_fraction': 0.6624265140774186, 'bagging_fraction': 0.6913900231528582, 'bagging_freq': 9, 'min_child_samples': 97}. Best is trial 39 with value: 0.8201901553612003.
[I 2025-04-07 03:59:11,647] Trial 41 finished with value: 0.8183877123893571 and parameters: {'lambda_l1': 0.19524042527570806, 'lambda_l2': 0.20214794459570024, 'num_leaves': 102, 'feature_fraction': 0.7058714651511245, 'bagging_fraction': 0.8345107525657811, 'bagging_freq': 11, 'min_child_samples': 120}. Best is trial 39 with value: 0.8201901553612003.
[I 2025-04-07 03:59:15,226] Trial 42 finished with value: 0.8170457297196609 and parameters: {'lambda_l1': 0.0008909104537212229, 'lambda_l2': 1.8828121143273508, 'num_leaves': 118, 'feature_fraction': 0.7438404622087434, 'bagging_fraction': 0.8215519305141717, 'bagging_freq': 7, 'min_child_samples': 110}. Best is trial 39 with value: 0.8201901553612003.
[I 2025-04-07 03:59:16,088] Trial 43 finished with value: 0.8120570026763388 and parameters: {'lambda_l1': 9.566175438861359e-08, 'lambda_l2': 0.00917175006996684, 'num_leaves': 8, 'feature_fraction': 0.6285168339448455, 'bagging_fraction': 0.6155494239325688, 'bagging_freq': 9, 'min_child_samples': 121}. Best is trial 39 with value: 0.8201901553612003.
[I 2025-04-07 03:59:17,444] Trial 44 finished with value: 0.8202741006675911 and parameters: {'lambda_l1': 0.04482567944550724, 'lambda_l2': 1.5261967770597057e-09, 'num_leaves': 25, 'feature_fraction': 0.5611428009203101, 'bagging_fraction': 0.8619477010993444, 'bagging_freq': 7, 'min_child_samples': 105}. Best is trial 44 with value: 0.8202741006675911.
[I 2025-04-07 03:59:18,696] Trial 45 finished with value: 0.8183454849304381 and parameters: {'lambda_l1': 0.028381345886605833, 'lambda_l2': 1.28319717083912e-08, 'num_leaves': 24, 'feature_fraction': 0.5893502174885109, 'bagging_fraction': 0.8841830159095398, 'bagging_freq': 6, 'min_child_samples': 105}. Best is trial 44 with value: 0.8202741006675911.
[I 2025-04-07 03:59:19,637] Trial 46 finished with value: 0.8172557072088933 and parameters: {'lambda_l1': 0.005746874384788066, 'lambda_l2': 2.8460012774692395e-07, 'num_leaves': 13, 'feature_fraction': 0.5457576170113506, 'bagging_fraction': 0.9632916896048718, 'bagging_freq': 7, 'min_child_samples': 97}. Best is trial 44 with value: 0.8202741006675911.
[I 2025-04-07 03:59:21,913] Trial 47 finished with value: 0.8201899620603064 and parameters: {'lambda_l1': 0.8363731546726404, 'lambda_l2': 17.189135961997668, 'num_leaves': 35, 'feature_fraction': 0.6572041112323894, 'bagging_fraction': 0.8547805575804045, 'bagging_freq': 6, 'min_child_samples': 79}. Best is trial 44 with value: 0.8202741006675911.
[I 2025-04-07 03:59:23,834] Trial 48 finished with value: 0.8195611718251646 and parameters: {'lambda_l1': 0.9865000752579669, 'lambda_l2': 17.626469103234452, 'num_leaves': 41, 'feature_fraction': 0.6853801071252512, 'bagging_fraction': 0.9298541109888421, 'bagging_freq': 6, 'min_child_samples': 78}. Best is trial 44 with value: 0.8202741006675911.
[I 2025-04-07 03:59:25,144] Trial 49 finished with value: 0.8132311650244878 and parameters: {'lambda_l1': 7.61315912251163, 'lambda_l2': 85.9057515454563, 'num_leaves': 32, 'feature_fraction': 0.6450287996124536, 'bagging_fraction': 0.6489232296822275, 'bagging_freq': 8, 'min_child_samples': 87}. Best is trial 44 with value: 0.8202741006675911.
[I 2025-04-07 03:59:25,879] Trial 50 finished with value: 0.8120988962518958 and parameters: {'lambda_l1': 0.0020423949964835353, 'lambda_l2': 1.6750082574379128e-05, 'num_leaves': 8, 'feature_fraction': 0.5648664419623487, 'bagging_fraction': 0.7968867909536526, 'bagging_freq': 10, 'min_child_samples': 67}. Best is trial 44 with value: 0.8202741006675911.
[I 2025-04-07 03:59:27,231] Trial 51 finished with value: 0.8188486120117175 and parameters: {'lambda_l1': 0.05415630025588055, 'lambda_l2': 2.7753273972033666e-09, 'num_leaves': 25, 'feature_fraction': 0.6082666562937198, 'bagging_fraction': 0.8516384193416052, 'bagging_freq': 6, 'min_child_samples': 99}. Best is trial 44 with value: 0.8202741006675911.
[I 2025-04-07 03:59:29,606] Trial 52 finished with value: 0.8192258123470066 and parameters: {'lambda_l1': 0.22565123445238552, 'lambda_l2': 7.091034967139246, 'num_leaves': 55, 'feature_fraction': 0.7306119193724055, 'bagging_fraction': 0.8797057733396279, 'bagging_freq': 7, 'min_child_samples': 81}. Best is trial 44 with value: 0.8202741006675911.
[I 2025-04-07 03:59:31,840] Trial 53 finished with value: 0.8186386872409109 and parameters: {'lambda_l1': 1.4608837760128108, 'lambda_l2': 0.8862305083777131, 'num_leaves': 37, 'feature_fraction': 0.7574512773064941, 'bagging_fraction': 0.5964120459564528, 'bagging_freq': 4, 'min_child_samples': 111}. Best is trial 44 with value: 0.8202741006675911.
[I 2025-04-07 03:59:33,810] Trial 54 finished with value: 0.8203159766703395 and parameters: {'lambda_l1': 0.06935904053716467, 'lambda_l2': 20.934991048861406, 'num_leaves': 45, 'feature_fraction': 0.6573141377320841, 'bagging_fraction': 0.8320871083270774, 'bagging_freq': 5, 'min_child_samples': 89}. Best is trial 54 with value: 0.8203159766703395.
[I 2025-04-07 03:59:35,493] Trial 55 finished with value: 0.8203995353749421 and parameters: {'lambda_l1': 0.00022473988660972631, 'lambda_l2': 30.727676185956057, 'num_leaves': 42, 'feature_fraction': 0.6646981937917319, 'bagging_fraction': 0.811954570508133, 'bagging_freq': 7, 'min_child_samples': 91}. Best is trial 55 with value: 0.8203995353749421.
[I 2025-04-07 03:59:37,526] Trial 56 finished with value: 0.8199803184544363 and parameters: {'lambda_l1': 0.00019128505581122242, 'lambda_l2': 34.323758066368995, 'num_leaves': 45, 'feature_fraction': 0.6587325019820303, 'bagging_fraction': 0.820486164754129, 'bagging_freq': 7, 'min_child_samples': 76}. Best is trial 55 with value: 0.8203995353749421.
[I 2025-04-07 03:59:38,761] Trial 57 finished with value: 0.8178844271528009 and parameters: {'lambda_l1': 0.009386986615271995, 'lambda_l2': 23.06468516635795, 'num_leaves': 19, 'feature_fraction': 0.5251654837376665, 'bagging_fraction': 0.8333009373468038, 'bagging_freq': 5, 'min_child_samples': 86}. Best is trial 55 with value: 0.8203995353749421.
[I 2025-04-07 03:59:41,998] Trial 58 finished with value: 0.8167942979750853 and parameters: {'lambda_l1': 0.06625611294331529, 'lambda_l2': 1.1683850270312104e-09, 'num_leaves': 91, 'feature_fraction': 0.6179334319891325, 'bagging_fraction': 0.9111443615899923, 'bagging_freq': 6, 'min_child_samples': 57}. Best is trial 55 with value: 0.8203995353749421.
[I 2025-04-07 03:59:43,265] Trial 59 finished with value: 0.8192679167962661 and parameters: {'lambda_l1': 0.0015166842417824098, 'lambda_l2': 3.6879275764538466, 'num_leaves': 27, 'feature_fraction': 0.5620440060346519, 'bagging_fraction': 0.770340789036762, 'bagging_freq': 8, 'min_child_samples': 95}. Best is trial 55 with value: 0.8203995353749421.
[I 2025-04-07 03:59:44,772] Trial 60 finished with value: 0.8198127441522086 and parameters: {'lambda_l1': 0.403533613572032, 'lambda_l2': 8.820185606051968, 'num_leaves': 34, 'feature_fraction': 0.6752202056216262, 'bagging_fraction': 0.7985567816785466, 'bagging_freq': 3, 'min_child_samples': 114}. Best is trial 55 with value: 0.8203995353749421.
