[I 2025-04-07 04:15:21,807] Trial 549 finished with value: 0.8205675665701919 and parameters: {'lambda_l1': 4.5511734478006906e-06, 'lambda_l2': 6.091515557026885, 'num_leaves': 32, 'feature_fraction': 0.5554965835309253, 'bagging_fraction': 0.8234372167977572, 'bagging_freq': 1, 'min_child_samples': 105}. Best is trial 241 with value: 0.8223281511120952.
[I 2025-04-07 04:15:23,513] Trial 550 finished with value: 0.8187227204113443 and parameters: {'lambda_l1': 1.0021169623547965e-05, 'lambda_l2': 0.7256724812429866, 'num_leaves': 43, 'feature_fraction': 0.6435348401980964, 'bagging_fraction': 0.6917247498766359, 'bagging_freq': 2, 'min_child_samples': 122}. Best is trial 241 with value: 0.8223281511120952.
[I 2025-04-07 04:15:25,177] Trial 551 finished with value: 0.8200225459133555 and parameters: {'lambda_l1': 1.4514744519011958e-06, 'lambda_l2': 12.191662305382957, 'num_leaves': 39, 'feature_fraction': 0.590356883884374, 'bagging_fraction': 0.8058727501459356, 'bagging_freq': 2, 'min_child_samples': 120}. Best is trial 241 with value: 0.8223281511120952.
[I 2025-04-07 04:15:27,304] Trial 552 finished with value: 0.8200642989064443 and parameters: {'lambda_l1': 5.512936561289858e-07, 'lambda_l2': 1.1131228838186271, 'num_leaves': 35, 'feature_fraction': 0.5745796651853214, 'bagging_fraction': 0.8350321217171586, 'bagging_freq': 3, 'min_child_samples': 117}. Best is trial 241 with value: 0.8223281511120952.
[I 2025-04-07 04:15:29,439] Trial 553 finished with value: 0.8203577120906195 and parameters: {'lambda_l1': 4.954387820961751e-05, 'lambda_l2': 4.338348070541179, 'num_leaves': 48, 'feature_fraction': 0.613839877821636, 'bagging_fraction': 0.8963923059680012, 'bagging_freq': 1, 'min_child_samples': 111}. Best is trial 241 with value: 0.8223281511120952.
[I 2025-04-07 04:15:31,371] Trial 554 finished with value: 0.8219089869100149 and parameters: {'lambda_l1': 1.6958483946767408e-05, 'lambda_l2': 7.660829659602006, 'num_leaves': 41, 'feature_fraction': 0.6015765203142039, 'bagging_fraction': 0.8395700363927239, 'bagging_freq': 2, 'min_child_samples': 126}. Best is trial 241 with value: 0.8223281511120952.
[I 2025-04-07 04:15:34,117] Trial 555 finished with value: 0.8202319610727147 and parameters: {'lambda_l1': 2.0680715475724607e-05, 'lambda_l2': 8.52717358258901, 'num_leaves': 73, 'feature_fraction': 0.5842255081737214, 'bagging_fraction': 0.855948212995635, 'bagging_freq': 2, 'min_child_samples': 128}. Best is trial 241 with value: 0.8223281511120952.
[I 2025-04-07 04:15:35,821] Trial 556 finished with value: 0.8197706924213749 and parameters: {'lambda_l1': 1.355363659455108e-05, 'lambda_l2': 17.658689075490713, 'num_leaves': 37, 'feature_fraction': 0.7251900073219034, 'bagging_fraction': 0.8805940013392578, 'bagging_freq': 1, 'min_child_samples': 126}. Best is trial 241 with value: 0.8223281511120952.
[I 2025-04-07 04:15:38,587] Trial 557 finished with value: 0.819896584021748 and parameters: {'lambda_l1': 2.0342796235940638e-05, 'lambda_l2': 25.28245870778941, 'num_leaves': 59, 'feature_fraction': 0.5439383613524583, 'bagging_fraction': 0.8426424077972402, 'bagging_freq': 2, 'min_child_samples': 126}. Best is trial 241 with value: 0.8223281511120952.
[I 2025-04-07 04:15:40,205] Trial 558 finished with value: 0.8206928431222664 and parameters: {'lambda_l1': 1.0721315519186834e-05, 'lambda_l2': 7.974834450990306, 'num_leaves': 31, 'feature_fraction': 0.5966245127720332, 'bagging_fraction': 0.8674230676360309, 'bagging_freq': 11, 'min_child_samples': 124}. Best is trial 241 with value: 0.8223281511120952.
[I 2025-04-07 04:15:41,601] Trial 559 finished with value: 0.8203577296634279 and parameters: {'lambda_l1': 2.8656287879653873e-05, 'lambda_l2': 13.323291435332958, 'num_leaves': 26, 'feature_fraction': 0.5757407398199664, 'bagging_fraction': 0.8204859396388686, 'bagging_freq': 1, 'min_child_samples': 128}. Best is trial 241 with value: 0.8223281511120952.
[I 2025-04-07 04:15:43,344] Trial 560 finished with value: 0.8206093019904721 and parameters: {'lambda_l1': 7.627962541350816e-06, 'lambda_l2': 6.576520889656224, 'num_leaves': 43, 'feature_fraction': 0.5694173094546524, 'bagging_fraction': 0.796896370737723, 'bagging_freq': 2, 'min_child_samples': 125}. Best is trial 241 with value: 0.8223281511120952.
[I 2025-04-07 04:15:44,883] Trial 561 finished with value: 0.8190579920254596 and parameters: {'lambda_l1': 10.513690779697965, 'lambda_l2': 4.832755525722444, 'num_leaves': 34, 'feature_fraction': 0.6010258528988482, 'bagging_fraction': 0.8484481624084067, 'bagging_freq': 3, 'min_child_samples': 123}. Best is trial 241 with value: 0.8223281511120952.
[I 2025-04-07 04:15:47,622] Trial 562 finished with value: 0.8180101430250888 and parameters: {'lambda_l1': 1.658887336256764e-05, 'lambda_l2': 3.245057256714951, 'num_leaves': 64, 'feature_fraction': 0.9167026744526858, 'bagging_fraction': 0.8272994226521803, 'bagging_freq': 2, 'min_child_samples': 126}. Best is trial 241 with value: 0.8223281511120952.
[I 2025-04-07 04:15:49,740] Trial 563 finished with value: 0.8200224053308872 and parameters: {'lambda_l1': 4.020661299772375e-05, 'lambda_l2': 16.225705803381484, 'num_leaves': 51, 'feature_fraction': 0.6242500688149086, 'bagging_fraction': 0.858988440696482, 'bagging_freq': 1, 'min_child_samples': 122}. Best is trial 241 with value: 0.8223281511120952.
[I 2025-04-07 04:15:50,298] Trial 564 finished with value: 0.7639284189216974 and parameters: {'lambda_l1': 5.602407761579078e-06, 'lambda_l2': 7.480889736776363, 'num_leaves': 2, 'feature_fraction': 0.5569276100126721, 'bagging_fraction': 0.8396543363529704, 'bagging_freq': 2, 'min_child_samples': 124}. Best is trial 241 with value: 0.8223281511120952.
[I 2025-04-07 04:15:51,696] Trial 565 finished with value: 0.818890452868849 and parameters: {'lambda_l1': 1.0521701155810666e-05, 'lambda_l2': 37.13385804205981, 'num_leaves': 29, 'feature_fraction': 0.5883028206140407, 'bagging_fraction': 0.8116277943572883, 'bagging_freq': 1, 'min_child_samples': 128}. Best is trial 241 with value: 0.8223281511120952.
[I 2025-04-07 04:15:53,288] Trial 566 finished with value: 0.8192257069101554 and parameters: {'lambda_l1': 6.81730072851363e-05, 'lambda_l2': 4.9911813918392225, 'num_leaves': 39, 'feature_fraction': 0.6023844889726668, 'bagging_fraction': 0.849032621626725, 'bagging_freq': 15, 'min_child_samples': 121}. Best is trial 241 with value: 0.8223281511120952.
[I 2025-04-07 04:15:55,116] Trial 567 finished with value: 0.8191840769267266 and parameters: {'lambda_l1': 1.7953711038341624e-09, 'lambda_l2': 2.7512872088409894, 'num_leaves': 46, 'feature_fraction': 0.5650911859854534, 'bagging_fraction': 0.8323934208782646, 'bagging_freq': 3, 'min_child_samples': 123}. Best is trial 241 with value: 0.8223281511120952.
[I 2025-04-07 04:15:56,722] Trial 568 finished with value: 0.8213220199591958 and parameters: {'lambda_l1': 2.9481118997743182e-05, 'lambda_l2': 11.25964310765669, 'num_leaves': 36, 'feature_fraction': 0.5775701606566523, 'bagging_fraction': 0.8809614227805252, 'bagging_freq': 2, 'min_child_samples': 126}. Best is trial 241 with value: 0.8223281511120952.
[I 2025-04-07 04:15:58,936] Trial 569 finished with value: 0.8204836036909928 and parameters: {'lambda_l1': 3.925590573700311e-06, 'lambda_l2': 3.8063104114303763, 'num_leaves': 41, 'feature_fraction': 0.5481054618117508, 'bagging_fraction': 0.8663567177085506, 'bagging_freq': 2, 'min_child_samples': 120}. Best is trial 241 with value: 0.8223281511120952.
[I 2025-04-07 04:16:00,610] Trial 570 finished with value: 0.8206932121512457 and parameters: {'lambda_l1': 6.996217939313301e-06, 'lambda_l2': 0.00118372869775196, 'num_leaves': 34, 'feature_fraction': 0.5905856671121066, 'bagging_fraction': 0.81783804517841, 'bagging_freq': 3, 'min_child_samples': 123}. Best is trial 241 with value: 0.8223281511120952.
[I 2025-04-07 04:16:02,553] Trial 571 finished with value: 0.8206511428476032 and parameters: {'lambda_l1': 1.857021596256683e-05, 'lambda_l2': 7.923306061418472, 'num_leaves': 44, 'feature_fraction': 0.6151369168870514, 'bagging_fraction': 0.8399156682250415, 'bagging_freq': 1, 'min_child_samples': 128}. Best is trial 241 with value: 0.8223281511120952.
[I 2025-04-07 04:16:04,490] Trial 572 finished with value: 0.8205255148393583 and parameters: {'lambda_l1': 3.852858299756667e-06, 'lambda_l2': 2.3439823486765685, 'num_leaves': 38, 'feature_fraction': 0.595370654083423, 'bagging_fraction': 0.8527565874910077, 'bagging_freq': 2, 'min_child_samples': 120}. Best is trial 241 with value: 0.8223281511120952.
[I 2025-04-07 04:16:06,035] Trial 573 finished with value: 0.8202319259270974 and parameters: {'lambda_l1': 9.272739354668049e-06, 'lambda_l2': 23.233060623066905, 'num_leaves': 32, 'feature_fraction': 0.6300987787438154, 'bagging_fraction': 0.8248072593930854, 'bagging_freq': 2, 'min_child_samples': 125}. Best is trial 241 with value: 0.8223281511120952.
[I 2025-04-07 04:16:08,320] Trial 574 finished with value: 0.8207348948531001 and parameters: {'lambda_l1': 4.4043923196905734e-05, 'lambda_l2': 5.791507449522399, 'num_leaves': 49, 'feature_fraction': 0.5803358948343277, 'bagging_fraction': 0.789936385159975, 'bagging_freq': 1, 'min_child_samples': 123}. Best is trial 241 with value: 0.8223281511120952.
[I 2025-04-07 04:16:10,296] Trial 575 finished with value: 0.8209028557571157 and parameters: {'lambda_l1': 2.583338304630504e-08, 'lambda_l2': 12.737331135944597, 'num_leaves': 40, 'feature_fraction': 0.6086225994386825, 'bagging_fraction': 0.8035025266683686, 'bagging_freq': 2, 'min_child_samples': 119}. Best is trial 241 with value: 0.8223281511120952.
[I 2025-04-07 04:16:11,956] Trial 576 finished with value: 0.8201479454750897 and parameters: {'lambda_l1': 2.377499495592836e-06, 'lambda_l2': 1.7449020549400782, 'num_leaves': 36, 'feature_fraction': 0.5703132789737113, 'bagging_fraction': 0.8389786923584914, 'bagging_freq': 1, 'min_child_samples': 126}. Best is trial 241 with value: 0.8223281511120952.
[I 2025-04-07 04:16:13,437] Trial 577 finished with value: 0.8203995353749424 and parameters: {'lambda_l1': 9.347063621265779e-08, 'lambda_l2': 3.6735424408155124, 'num_leaves': 30, 'feature_fraction': 0.5860842586662897, 'bagging_fraction': 0.85873238962909, 'bagging_freq': 2, 'min_child_samples': 78}. Best is trial 241 with value: 0.8223281511120952.
[I 2025-04-07 04:16:15,264] Trial 578 finished with value: 0.8204833576716732 and parameters: {'lambda_l1': 1.2710452885547034e-08, 'lambda_l2': 0.41223023028018674, 'num_leaves': 46, 'feature_fraction': 0.5525981573350692, 'bagging_fraction': 0.8266711695930542, 'bagging_freq': 2, 'min_child_samples': 122}. Best is trial 241 with value: 0.8223281511120952.
[I 2025-04-07 04:16:17,388] Trial 579 finished with value: 0.8204416398242017 and parameters: {'lambda_l1': 1.4070247885366993e-05, 'lambda_l2': 5.358791578352081, 'num_leaves': 54, 'feature_fraction': 0.6700256454973449, 'bagging_fraction': 0.8753111215762841, 'bagging_freq': 3, 'min_child_samples': 119}. Best is trial 241 with value: 0.8223281511120952.
[I 2025-04-07 04:16:19,841] Trial 580 finished with value: 0.8198966543129822 and parameters: {'lambda_l1': 4.4158107159205945e-06, 'lambda_l2': 2.457474791109773, 'num_leaves': 43, 'feature_fraction': 0.6021815633789961, 'bagging_fraction': 0.7694753904533673, 'bagging_freq': 1, 'min_child_samples': 93}. Best is trial 241 with value: 0.8223281511120952.
[I 2025-04-07 04:16:21,635] Trial 581 finished with value: 0.8204835509725671 and parameters: {'lambda_l1': 6.503434849633159e-06, 'lambda_l2': 10.02613204320553, 'num_leaves': 33, 'feature_fraction': 0.6167958208739355, 'bagging_fraction': 0.6031848132068429, 'bagging_freq': 2, 'min_child_samples': 128}. Best is trial 241 with value: 0.8223281511120952.
[I 2025-04-07 04:16:23,451] Trial 582 finished with value: 0.8201482266400264 and parameters: {'lambda_l1': 3.473819401184292e-09, 'lambda_l2': 1.117868732159188, 'num_leaves': 37, 'feature_fraction': 0.5660939659825187, 'bagging_fraction': 0.9124758786165175, 'bagging_freq': 2, 'min_child_samples': 70}. Best is trial 241 with value: 0.8223281511120952.
[I 2025-04-07 04:16:25,278] Trial 583 finished with value: 0.8201061749091926 and parameters: {'lambda_l1': 2.5777781007194132e-05, 'lambda_l2': 1.7866911709461443e-09, 'num_leaves': 40, 'feature_fraction': 0.5921532606153059, 'bagging_fraction': 0.8186063696958495, 'bagging_freq': 1, 'min_child_samples': 100}. Best is trial 241 with value: 0.8223281511120952.
[I 2025-04-07 04:16:28,235] Trial 584 finished with value: 0.8190160105858599 and parameters: {'lambda_l1': 8.382191907908036e-05, 'lambda_l2': 3.2698070746082535, 'num_leaves': 106, 'feature_fraction': 0.5388603625266071, 'bagging_fraction': 0.84596096611619, 'bagging_freq': 2, 'min_child_samples': 124}. Best is trial 241 with value: 0.8223281511120952.
[I 2025-04-07 04:16:29,619] Trial 585 finished with value: 0.8157880613853349 and parameters: {'lambda_l1': 1.9629242944193903e-06, 'lambda_l2': 1.7340044867756401, 'num_leaves': 11, 'feature_fraction': 0.6064090389116054, 'bagging_fraction': 0.8338813095547131, 'bagging_freq': 3, 'min_child_samples': 116}. Best is trial 241 with value: 0.8223281511120952.
[I 2025-04-07 04:16:31,210] Trial 586 finished with value: 0.8180518608725601 and parameters: {'lambda_l1': 3.1252337434189025e-06, 'lambda_l2': 56.47620749860236, 'num_leaves': 28, 'feature_fraction': 0.578611882972073, 'bagging_fraction': 0.8892236735217618, 'bagging_freq': 2, 'min_child_samples': 121}. Best is trial 241 with value: 0.8223281511120952.
[I 2025-04-07 04:16:33,224] Trial 587 finished with value: 0.8193515282192946 and parameters: {'lambda_l1': 4.569988506251478e-08, 'lambda_l2': 7.492228568031154, 'num_leaves': 42, 'feature_fraction': 0.5949273319589016, 'bagging_fraction': 0.8661930214625153, 'bagging_freq': 1, 'min_child_samples': 125}. Best is trial 241 with value: 0.8223281511120952.
[I 2025-04-07 04:16:35,081] Trial 588 finished with value: 0.8209446966142471 and parameters: {'lambda_l1': 1.0763727619552578e-05, 'lambda_l2': 1.074307525281812e-07, 'num_leaves': 50, 'feature_fraction': 0.5608024828330337, 'bagging_fraction': 0.8130697494027254, 'bagging_freq': 2, 'min_child_samples': 118}. Best is trial 241 with value: 0.8223281511120952.
[I 2025-04-07 04:16:36,930] Trial 589 finished with value: 0.8197289042826691 and parameters: {'lambda_l1': 6.291011977329951e-06, 'lambda_l2': 16.703620890095785, 'num_leaves': 35, 'feature_fraction': 0.6221751677426649, 'bagging_fraction': 0.92607007251246, 'bagging_freq': 1, 'min_child_samples': 122}. Best is trial 241 with value: 0.8223281511120952.
[I 2025-04-07 04:16:38,993] Trial 590 finished with value: 0.8212801088108306 and parameters: {'lambda_l1': 4.8939151478431436e-05, 'lambda_l2': 4.70784739280329, 'num_leaves': 47, 'feature_fraction': 0.583151206987428, 'bagging_fraction': 0.8511087780872197, 'bagging_freq': 3, 'min_child_samples': 126}. Best is trial 241 with value: 0.8223281511120952.
[I 2025-04-07 04:16:41,087] Trial 591 finished with value: 0.8219090747740575 and parameters: {'lambda_l1': 1.8837613747739313e-09, 'lambda_l2': 1.1093097338639208, 'num_leaves': 38, 'feature_fraction': 0.6040771446074404, 'bagging_fraction': 0.8359176008467132, 'bagging_freq': 2, 'min_child_samples': 113}. Best is trial 241 with value: 0.8223281511120952.
[I 2025-04-07 04:16:42,792] Trial 592 finished with value: 0.819016309323605 and parameters: {'lambda_l1': 5.244949581259717e-09, 'lambda_l2': 0.7696684785557205, 'num_leaves': 39, 'feature_fraction': 0.6370861860623683, 'bagging_fraction': 0.8590526290868523, 'bagging_freq': 2, 'min_child_samples': 112}. Best is trial 241 with value: 0.8223281511120952.
[I 2025-04-07 04:16:43,915] Trial 593 finished with value: 0.8183036616461152 and parameters: {'lambda_l1': 1.8703226230653025e-09, 'lambda_l2': 0.49632090225793707, 'num_leaves': 16, 'feature_fraction': 0.6127400648322273, 'bagging_fraction': 0.8459843784081389, 'bagging_freq': 1, 'min_child_samples': 110}. Best is trial 241 with value: 0.8223281511120952.
[I 2025-04-07 04:16:45,642] Trial 594 finished with value: 0.8201482090672177 and parameters: {'lambda_l1': 1.5339418577771593e-09, 'lambda_l2': 1.1669393518852895, 'num_leaves': 43, 'feature_fraction': 0.5275114676676974, 'bagging_fraction': 0.835323921412098, 'bagging_freq': 2, 'min_child_samples': 117}. Best is trial 241 with value: 0.8223281511120952.
[I 2025-04-07 04:16:47,427] Trial 595 finished with value: 0.8206092844176635 and parameters: {'lambda_l1': 2.45365237546552e-09, 'lambda_l2': 0.7750084498381391, 'num_leaves': 45, 'feature_fraction': 0.6067330745513754, 'bagging_fraction': 0.8700305551692342, 'bagging_freq': 2, 'min_child_samples': 114}. Best is trial 241 with value: 0.8223281511120952.
[I 2025-04-07 04:16:49,286] Trial 596 finished with value: 0.8199383721604538 and parameters: {'lambda_l1': 4.318218457662251e-09, 'lambda_l2': 0.3590327678538493, 'num_leaves': 41, 'feature_fraction': 0.595149004079245, 'bagging_fraction': 0.9030023635518791, 'bagging_freq': 3, 'min_child_samples': 115}. Best is trial 241 with value: 0.8223281511120952.
[I 2025-04-07 04:16:51,624] Trial 597 finished with value: 0.8203997462486446 and parameters: {'lambda_l1': 2.849102504854737e-09, 'lambda_l2': 8.774245870414708, 'num_leaves': 38, 'feature_fraction': 0.5718561331714835, 'bagging_fraction': 0.8038307783623878, 'bagging_freq': 1, 'min_child_samples': 112}. Best is trial 241 with value: 0.8223281511120952.
[I 2025-04-07 04:16:53,531] Trial 598 finished with value: 0.819351739092997 and parameters: {'lambda_l1': 2.3512851137512595e-09, 'lambda_l2': 1.5052857014993242, 'num_leaves': 45, 'feature_fraction': 0.6238625442095524, 'bagging_fraction': 0.8287317255032274, 'bagging_freq': 2, 'min_child_samples': 114}. Best is trial 241 with value: 0.8223281511120952.
[I 2025-04-07 04:16:55,038] Trial 599 finished with value: 0.8199386006069649 and parameters: {'lambda_l1': 1.3414552212195217e-09, 'lambda_l2': 23.644418725441046, 'num_leaves': 32, 'feature_fraction': 0.5477021937888696, 'bagging_fraction': 0.8444184692020729, 'bagging_freq': 7, 'min_child_samples': 109}. Best is trial 241 with value: 0.8223281511120952.
[I 2025-04-07 04:16:56,904] Trial 600 finished with value: 0.8185551109634996 and parameters: {'lambda_l1': 7.939013523501053e-09, 'lambda_l2': 2.7064164071108103, 'num_leaves': 48, 'feature_fraction': 0.7460013418816599, 'bagging_fraction': 0.944499318769102, 'bagging_freq': 1, 'min_child_samples': 116}. Best is trial 241 with value: 0.8223281511120952.
[I 2025-04-07 04:16:58,732] Trial 601 finished with value: 0.8202320840823744 and parameters: {'lambda_l1': 3.55612578844041e-09, 'lambda_l2': 0.0331004707656754, 'num_leaves': 38, 'feature_fraction': 0.587062275216931, 'bagging_fraction': 0.8164552400292499, 'bagging_freq': 2, 'min_child_samples': 118}. Best is trial 241 with value: 0.8223281511120952.
[I 2025-04-07 04:17:01,232] Trial 602 finished with value: 0.8207771750304449 and parameters: {'lambda_l1': 1.045133858999454e-09, 'lambda_l2': 4.611511540361047, 'num_leaves': 41, 'feature_fraction': 0.6011673152878126, 'bagging_fraction': 0.8556382547453103, 'bagging_freq': 2, 'min_child_samples': 121}. Best is trial 241 with value: 0.8223281511120952.
[I 2025-04-07 04:17:02,885] Trial 603 finished with value: 0.8193514579280604 and parameters: {'lambda_l1': 2.193635070411819e-05, 'lambda_l2': 10.358490962923574, 'num_leaves': 35, 'feature_fraction': 0.5603121032907541, 'bagging_fraction': 0.8376796046756307, 'bagging_freq': 3, 'min_child_samples': 57}. Best is trial 241 with value: 0.8223281511120952.
[I 2025-04-07 04:17:04,294] Trial 604 finished with value: 0.8201479454750897 and parameters: {'lambda_l1': 1.4847012856072493e-09, 'lambda_l2': 1.1316483721717459, 'num_leaves': 26, 'feature_fraction': 0.6502776219078739, 'bagging_fraction': 0.8736525800513523, 'bagging_freq': 2, 'min_child_samples': 128}. Best is trial 241 with value: 0.8223281511120952.
[I 2025-04-07 04:17:05,877] Trial 605 finished with value: 0.8205253215384642 and parameters: {'lambda_l1': 1.8203557182623569e-09, 'lambda_l2': 2.0619619882520777, 'num_leaves': 30, 'feature_fraction': 0.6149136932235493, 'bagging_fraction': 0.822281967376843, 'bagging_freq': 1, 'min_child_samples': 119}. Best is trial 241 with value: 0.8223281511120952.
[I 2025-04-07 04:17:07,869] Trial 606 finished with value: 0.8198964961577054 and parameters: {'lambda_l1': 5.512822993651764e-09, 'lambda_l2': 0.00023682142499167896, 'num_leaves': 52, 'feature_fraction': 0.5818351213826689, 'bagging_fraction': 0.85573069314912, 'bagging_freq': 2, 'min_child_samples': 124}. Best is trial 241 with value: 0.8223281511120952.
[I 2025-04-07 04:17:09,734] Trial 607 finished with value: 0.8193933690764259 and parameters: {'lambda_l1': 1.4742897997748133e-07, 'lambda_l2': 8.953474273248984e-05, 'num_leaves': 44, 'feature_fraction': 0.6031881023487472, 'bagging_fraction': 0.6480536266493531, 'bagging_freq': 1, 'min_child_samples': 114}. Best is trial 241 with value: 0.8223281511120952.
[I 2025-04-07 04:17:11,762] Trial 608 finished with value: 0.8221605240914419 and parameters: {'lambda_l1': 0.00011232638399758776, 'lambda_l2': 5.725544340385312, 'num_leaves': 37, 'feature_fraction': 0.5696329086208363, 'bagging_fraction': 0.8418982437508064, 'bagging_freq': 2, 'min_child_samples': 120}. Best is trial 241 with value: 0.8223281511120952.
[I 2025-04-07 04:17:13,291] Trial 609 finished with value: 0.8206512131388376 and parameters: {'lambda_l1': 0.00011732184583149376, 'lambda_l2': 0.009110861129718005, 'num_leaves': 35, 'feature_fraction': 0.5496960468306586, 'bagging_fraction': 0.8836709101637648, 'bagging_freq': 2, 'min_child_samples': 116}. Best is trial 241 with value: 0.8223281511120952.
