[I 2025-04-07 04:27:01,496] Trial 915 finished with value: 0.8192260407935178 and parameters: {'lambda_l1': 1.3390645361029074e-09, 'lambda_l2': 1.8816097248355423, 'num_leaves': 43, 'feature_fraction': 0.5652613349476491, 'bagging_fraction': 0.8905640805692926, 'bagging_freq': 3, 'min_child_samples': 79}. Best is trial 790 with value: 0.8225378298635823.
[I 2025-04-07 04:27:03,425] Trial 916 finished with value: 0.8205253215384642 and parameters: {'lambda_l1': 2.1433263750577363e-09, 'lambda_l2': 3.251012544319589, 'num_leaves': 41, 'feature_fraction': 0.5395814579536639, 'bagging_fraction': 0.8642305596087946, 'bagging_freq': 2, 'min_child_samples': 121}. Best is trial 790 with value: 0.8225378298635823.
[I 2025-04-07 04:27:05,395] Trial 917 finished with value: 0.8198966894585993 and parameters: {'lambda_l1': 1.5238481284757665e-09, 'lambda_l2': 7.137791301704723, 'num_leaves': 40, 'feature_fraction': 0.930665514554142, 'bagging_fraction': 0.8489713739263001, 'bagging_freq': 1, 'min_child_samples': 125}. Best is trial 790 with value: 0.8225378298635823.
[I 2025-04-07 04:27:07,259] Trial 918 finished with value: 0.8186388453961879 and parameters: {'lambda_l1': 2.322779866663494e-09, 'lambda_l2': 0.4236425641850875, 'num_leaves': 44, 'feature_fraction': 0.7172207936015991, 'bagging_fraction': 0.8807771973281874, 'bagging_freq': 2, 'min_child_samples': 123}. Best is trial 790 with value: 0.8225378298635823.
[I 2025-04-07 04:27:09,035] Trial 919 finished with value: 0.818051790581326 and parameters: {'lambda_l1': 1.3035763404158375e-09, 'lambda_l2': 1.151461018962262, 'num_leaves': 42, 'feature_fraction': 0.5801767094338023, 'bagging_fraction': 0.8540949072809095, 'bagging_freq': 3, 'min_child_samples': 120}. Best is trial 790 with value: 0.8225378298635823.
[I 2025-04-07 04:27:11,207] Trial 920 finished with value: 0.820022299894036 and parameters: {'lambda_l1': 3.4249222257985714e-09, 'lambda_l2': 19.598855115453688, 'num_leaves': 39, 'feature_fraction': 0.5518865532325654, 'bagging_fraction': 0.8647706912969573, 'bagging_freq': 2, 'min_child_samples': 125}. Best is trial 790 with value: 0.8225378298635823.
[I 2025-04-07 04:27:13,143] Trial 921 finished with value: 0.8196869404158781 and parameters: {'lambda_l1': 4.140352972820413e-09, 'lambda_l2': 3.986125797506445, 'num_leaves': 44, 'feature_fraction': 0.5738272223436234, 'bagging_fraction': 0.8442813683337296, 'bagging_freq': 1, 'min_child_samples': 128}. Best is trial 790 with value: 0.8225378298635823.
[I 2025-04-07 04:27:15,102] Trial 922 finished with value: 0.8214060179840124 and parameters: {'lambda_l1': 1.192591927402148e-09, 'lambda_l2': 2.146284284997693, 'num_leaves': 41, 'feature_fraction': 0.5586050015785787, 'bagging_fraction': 0.8408322437159991, 'bagging_freq': 2, 'min_child_samples': 122}. Best is trial 790 with value: 0.8225378298635823.
[I 2025-04-07 04:27:16,793] Trial 923 finished with value: 0.8196031005463386 and parameters: {'lambda_l1': 1.0227846015433024e-09, 'lambda_l2': 0.7274397868755362, 'num_leaves': 38, 'feature_fraction': 0.582624149485526, 'bagging_fraction': 0.857658426422216, 'bagging_freq': 10, 'min_child_samples': 126}. Best is trial 790 with value: 0.8225378298635823.
[I 2025-04-07 04:27:18,782] Trial 924 finished with value: 0.8165846543692152 and parameters: {'lambda_l1': 2.568665966178884e-09, 'lambda_l2': 92.83225411389618, 'num_leaves': 45, 'feature_fraction': 0.5663892012519413, 'bagging_fraction': 0.8793746290507979, 'bagging_freq': 2, 'min_child_samples': 120}. Best is trial 790 with value: 0.8225378298635823.
[I 2025-04-07 04:27:21,239] Trial 925 finished with value: 0.8204415343873505 and parameters: {'lambda_l1': 0.0006362893973051669, 'lambda_l2': 8.864289757825068, 'num_leaves': 39, 'feature_fraction': 0.5437199826138335, 'bagging_fraction': 0.8374964273637907, 'bagging_freq': 1, 'min_child_samples': 123}. Best is trial 790 with value: 0.8225378298635823.
[I 2025-04-07 04:27:23,147] Trial 926 finished with value: 0.8198966543129822 and parameters: {'lambda_l1': 1.0325926803038474e-09, 'lambda_l2': 1.2371431089105978, 'num_leaves': 42, 'feature_fraction': 0.5848263669116889, 'bagging_fraction': 0.8487603904312978, 'bagging_freq': 3, 'min_child_samples': 126}. Best is trial 790 with value: 0.8225378298635823.
[I 2025-04-07 04:27:24,802] Trial 927 finished with value: 0.8215735747134314 and parameters: {'lambda_l1': 5.2171749559541155e-09, 'lambda_l2': 5.6110901982416, 'num_leaves': 38, 'feature_fraction': 0.5742775239074522, 'bagging_fraction': 0.8725061329269925, 'bagging_freq': 2, 'min_child_samples': 119}. Best is trial 790 with value: 0.8225378298635823.
[I 2025-04-07 04:27:26,586] Trial 928 finished with value: 0.8204416398242016 and parameters: {'lambda_l1': 8.319218822099578e-09, 'lambda_l2': 7.061212878722214e-06, 'num_leaves': 46, 'feature_fraction': 0.5578628420760245, 'bagging_fraction': 0.8327564147316945, 'bagging_freq': 1, 'min_child_samples': 124}. Best is trial 790 with value: 0.8225378298635823.
[I 2025-04-07 04:27:28,260] Trial 929 finished with value: 0.8198967597498334 and parameters: {'lambda_l1': 2.2012770816716376e-09, 'lambda_l2': 0.014379433173184195, 'num_leaves': 41, 'feature_fraction': 0.5340475133088427, 'bagging_fraction': 0.8584522991405623, 'bagging_freq': 2, 'min_child_samples': 122}. Best is trial 790 with value: 0.8225378298635823.
[I 2025-04-07 04:27:29,820] Trial 930 finished with value: 0.8209866956266552 and parameters: {'lambda_l1': 3.134896053920181e-09, 'lambda_l2': 0.0021165666744713224, 'num_leaves': 36, 'feature_fraction': 0.5906368090169816, 'bagging_fraction': 0.8468198317929351, 'bagging_freq': 2, 'min_child_samples': 128}. Best is trial 790 with value: 0.8225378298635823.
[I 2025-04-07 04:27:32,175] Trial 931 finished with value: 0.8196031181191472 and parameters: {'lambda_l1': 2.5566930227247965e-08, 'lambda_l2': 3.1587083738439317, 'num_leaves': 43, 'feature_fraction': 0.5782941860977814, 'bagging_fraction': 0.9590111643326549, 'bagging_freq': 1, 'min_child_samples': 119}. Best is trial 790 with value: 0.8225378298635823.
[I 2025-04-07 04:27:34,139] Trial 932 finished with value: 0.8213220375320045 and parameters: {'lambda_l1': 5.030942561165705e-09, 'lambda_l2': 14.170590161492461, 'num_leaves': 39, 'feature_fraction': 0.5229859593976993, 'bagging_fraction': 0.8670310558784908, 'bagging_freq': 2, 'min_child_samples': 125}. Best is trial 790 with value: 0.8225378298635823.
[I 2025-04-07 04:27:35,828] Trial 933 finished with value: 0.8199385478885391 and parameters: {'lambda_l1': 1.915588538958487e-09, 'lambda_l2': 1.702480133212958, 'num_leaves': 36, 'feature_fraction': 0.5093260420780821, 'bagging_fraction': 0.894557820316196, 'bagging_freq': 2, 'min_child_samples': 126}. Best is trial 790 with value: 0.8225378298635823.
[I 2025-04-07 04:27:37,865] Trial 934 finished with value: 0.8192260583663262 and parameters: {'lambda_l1': 3.3414531082578764e-09, 'lambda_l2': 5.409332972401323, 'num_leaves': 45, 'feature_fraction': 0.7676805124001521, 'bagging_fraction': 0.8328270322462662, 'bagging_freq': 3, 'min_child_samples': 122}. Best is trial 790 with value: 0.8225378298635823.
[I 2025-04-07 04:27:39,768] Trial 935 finished with value: 0.8203156603597858 and parameters: {'lambda_l1': 1.393159378263482e-07, 'lambda_l2': 0.19886930910912223, 'num_leaves': 40, 'feature_fraction': 0.5502625741385722, 'bagging_fraction': 0.8479568612547039, 'bagging_freq': 1, 'min_child_samples': 128}. Best is trial 790 with value: 0.8225378298635823.
[I 2025-04-07 04:27:42,212] Trial 936 finished with value: 0.8188486295845261 and parameters: {'lambda_l1': 1.785615752262419e-08, 'lambda_l2': 0.5283828496506819, 'num_leaves': 43, 'feature_fraction': 0.5942156248313539, 'bagging_fraction': 0.908692979847599, 'bagging_freq': 2, 'min_child_samples': 119}. Best is trial 790 with value: 0.8225378298635823.
[I 2025-04-07 04:27:43,834] Trial 937 finished with value: 0.8202738195026542 and parameters: {'lambda_l1': 1.0113496224746574e-09, 'lambda_l2': 0.04050441242556446, 'num_leaves': 36, 'feature_fraction': 0.5663882503348846, 'bagging_fraction': 0.827309646952264, 'bagging_freq': 1, 'min_child_samples': 124}. Best is trial 790 with value: 0.8225378298635823.
[I 2025-04-07 04:27:45,592] Trial 938 finished with value: 0.8202740479491654 and parameters: {'lambda_l1': 8.641826184878938e-09, 'lambda_l2': 25.667586790563814, 'num_leaves': 34, 'feature_fraction': 0.5846143493116432, 'bagging_fraction': 0.837566531081407, 'bagging_freq': 3, 'min_child_samples': 121}. Best is trial 790 with value: 0.8225378298635823.
[I 2025-04-07 04:27:47,230] Trial 939 finished with value: 0.8204835861181842 and parameters: {'lambda_l1': 1.9527911223233e-09, 'lambda_l2': 0.0010048255630854205, 'num_leaves': 30, 'feature_fraction': 0.5730216602282386, 'bagging_fraction': 0.8588997481079325, 'bagging_freq': 2, 'min_child_samples': 126}. Best is trial 790 with value: 0.8225378298635823.
[I 2025-04-07 04:27:49,075] Trial 940 finished with value: 0.8205253566840813 and parameters: {'lambda_l1': 5.400928682929647e-09, 'lambda_l2': 2.6502345310793225, 'num_leaves': 38, 'feature_fraction': 0.5979745590491568, 'bagging_fraction': 0.7048287563291493, 'bagging_freq': 2, 'min_child_samples': 65}. Best is trial 790 with value: 0.8225378298635823.
[I 2025-04-07 04:27:51,024] Trial 941 finished with value: 0.8207347894162489 and parameters: {'lambda_l1': 3.3468269168560875e-09, 'lambda_l2': 8.57669423334827, 'num_leaves': 47, 'feature_fraction': 0.5582778492674222, 'bagging_fraction': 0.6091722995632494, 'bagging_freq': 2, 'min_child_samples': 117}. Best is trial 790 with value: 0.8225378298635823.
[I 2025-04-07 04:27:52,554] Trial 942 finished with value: 0.8184713413851942 and parameters: {'lambda_l1': 1.0271594552313925e-08, 'lambda_l2': 0.8742281526740902, 'num_leaves': 14, 'feature_fraction': 0.5870574487858747, 'bagging_fraction': 0.8164067719629173, 'bagging_freq': 1, 'min_child_samples': 123}. Best is trial 790 with value: 0.8225378298635823.
[I 2025-04-07 04:27:54,372] Trial 943 finished with value: 0.8208606810166221 and parameters: {'lambda_l1': 1.6603701040856204e-09, 'lambda_l2': 4.280167801033866, 'num_leaves': 41, 'feature_fraction': 0.5422404639183783, 'bagging_fraction': 0.8498066910071232, 'bagging_freq': 2, 'min_child_samples': 92}. Best is trial 790 with value: 0.8225378298635823.
[I 2025-04-07 04:27:55,853] Trial 944 finished with value: 0.819309740080589 and parameters: {'lambda_l1': 2.433493767854109e-09, 'lambda_l2': 0.3681192969186806, 'num_leaves': 24, 'feature_fraction': 0.5974288516349376, 'bagging_fraction': 0.8717805730595997, 'bagging_freq': 1, 'min_child_samples': 15}. Best is trial 790 with value: 0.8225378298635823.
[I 2025-04-07 04:27:57,839] Trial 945 finished with value: 0.820399623238985 and parameters: {'lambda_l1': 6.729915881856999e-09, 'lambda_l2': 2.0104832955554097, 'num_leaves': 44, 'feature_fraction': 0.5678102762910245, 'bagging_fraction': 0.8257035551670986, 'bagging_freq': 2, 'min_child_samples': 128}. Best is trial 790 with value: 0.8225378298635823.
[I 2025-04-07 04:27:59,602] Trial 946 finished with value: 0.820273907366697 and parameters: {'lambda_l1': 1.4165803897881663e-08, 'lambda_l2': 1.18139486225492, 'num_leaves': 37, 'feature_fraction': 0.5800709360760091, 'bagging_fraction': 0.8488506572401249, 'bagging_freq': 3, 'min_child_samples': 121}. Best is trial 790 with value: 0.8225378298635823.
[I 2025-04-07 04:28:01,423] Trial 947 finished with value: 0.8198966894585993 and parameters: {'lambda_l1': 4.927593304885451e-08, 'lambda_l2': 13.300235556059516, 'num_leaves': 34, 'feature_fraction': 0.5490624537976451, 'bagging_fraction': 0.839263887298447, 'bagging_freq': 2, 'min_child_samples': 124}. Best is trial 790 with value: 0.8225378298635823.
[I 2025-04-07 04:28:03,919] Trial 948 finished with value: 0.8195613651260585 and parameters: {'lambda_l1': 3.735889936414398e-09, 'lambda_l2': 3.2619982386019437, 'num_leaves': 40, 'feature_fraction': 0.5310205738387641, 'bagging_fraction': 0.7793063341124212, 'bagging_freq': 1, 'min_child_samples': 117}. Best is trial 790 with value: 0.8225378298635823.
[I 2025-04-07 04:28:05,651] Trial 949 finished with value: 0.8203159063791052 and parameters: {'lambda_l1': 1.0098120646711556e-09, 'lambda_l2': 6.2905418441767615, 'num_leaves': 31, 'feature_fraction': 0.6037111765254486, 'bagging_fraction': 0.8890491392944206, 'bagging_freq': 2, 'min_child_samples': 126}. Best is trial 790 with value: 0.8225378298635823.
[I 2025-04-07 04:28:07,757] Trial 950 finished with value: 0.8194352977975999 and parameters: {'lambda_l1': 2.3623323171292176e-09, 'lambda_l2': 50.75809669309898, 'num_leaves': 42, 'feature_fraction': 0.5896767283337173, 'bagging_fraction': 0.8612398384211555, 'bagging_freq': 3, 'min_child_samples': 55}. Best is trial 790 with value: 0.8225378298635823.
[I 2025-04-07 04:28:09,601] Trial 951 finished with value: 0.8204416398242017 and parameters: {'lambda_l1': 5.7328645677297485e-09, 'lambda_l2': 0.5944993757270505, 'num_leaves': 47, 'feature_fraction': 0.5607412130115577, 'bagging_fraction': 0.8205541766152666, 'bagging_freq': 1, 'min_child_samples': 120}. Best is trial 790 with value: 0.8225378298635823.
[I 2025-04-07 04:28:11,248] Trial 952 finished with value: 0.8198128671618685 and parameters: {'lambda_l1': 1.7553454292318386e-09, 'lambda_l2': 2.1575011149329346, 'num_leaves': 38, 'feature_fraction': 0.5763796127989745, 'bagging_fraction': 0.8054149974976934, 'bagging_freq': 2, 'min_child_samples': 123}. Best is trial 790 with value: 0.8225378298635823.
[I 2025-04-07 04:28:13,408] Trial 953 finished with value: 0.8196449941218955 and parameters: {'lambda_l1': 3.750408249466442e-09, 'lambda_l2': 9.76023654315122, 'num_leaves': 33, 'feature_fraction': 0.8966770131229267, 'bagging_fraction': 0.8359148806787584, 'bagging_freq': 2, 'min_child_samples': 115}. Best is trial 790 with value: 0.8225378298635823.
[I 2025-04-07 04:28:14,912] Trial 954 finished with value: 0.8206093898545147 and parameters: {'lambda_l1': 1.7103841192504046e-09, 'lambda_l2': 1.4904556573546965, 'num_leaves': 27, 'feature_fraction': 0.6082235024377282, 'bagging_fraction': 0.875047984081748, 'bagging_freq': 1, 'min_child_samples': 128}. Best is trial 790 with value: 0.8225378298635823.
[I 2025-04-07 04:28:16,966] Trial 955 finished with value: 0.8213638256707103 and parameters: {'lambda_l1': 7.05354086955911e-09, 'lambda_l2': 5.120986817647163, 'num_leaves': 44, 'feature_fraction': 0.5933876783532895, 'bagging_fraction': 0.8438603646264541, 'bagging_freq': 2, 'min_child_samples': 125}. Best is trial 790 with value: 0.8225378298635823.
[I 2025-04-07 04:28:18,626] Trial 956 finished with value: 0.8202321016551828 and parameters: {'lambda_l1': 2.9084992003119896e-09, 'lambda_l2': 17.124188519406108, 'num_leaves': 35, 'feature_fraction': 0.5697738316634601, 'bagging_fraction': 0.8287262683609113, 'bagging_freq': 3, 'min_child_samples': 118}. Best is trial 790 with value: 0.8225378298635823.
[I 2025-04-07 04:28:20,292] Trial 957 finished with value: 0.8207770871664023 and parameters: {'lambda_l1': 2.563956606226451e-08, 'lambda_l2': 0.9614059721582605, 'num_leaves': 39, 'feature_fraction': 0.5525278074317609, 'bagging_fraction': 0.8593055981377533, 'bagging_freq': 2, 'min_child_samples': 122}. Best is trial 790 with value: 0.8225378298635823.
[I 2025-04-07 04:28:21,911] Trial 958 finished with value: 0.8208186644314054 and parameters: {'lambda_l1': 1.3214265838469853e-08, 'lambda_l2': 3.3361362811145865, 'num_leaves': 31, 'feature_fraction': 0.5817778845278128, 'bagging_fraction': 0.8175224640829862, 'bagging_freq': 1, 'min_child_samples': 125}. Best is trial 790 with value: 0.8225378298635823.
[I 2025-04-07 04:28:24,252] Trial 959 finished with value: 0.8203159590975307 and parameters: {'lambda_l1': 8.776398036019802e-06, 'lambda_l2': 6.3754354904892825, 'num_leaves': 41, 'feature_fraction': 0.5997636440475412, 'bagging_fraction': 0.8382932575162985, 'bagging_freq': 2, 'min_child_samples': 121}. Best is trial 790 with value: 0.8225378298635823.
[I 2025-04-07 04:28:25,887] Trial 960 finished with value: 0.8193095994981207 and parameters: {'lambda_l1': 4.864370584824078e-09, 'lambda_l2': 0.2939025805799734, 'num_leaves': 37, 'feature_fraction': 0.6136605651028754, 'bagging_fraction': 0.8524116436029783, 'bagging_freq': 2, 'min_child_samples': 128}. Best is trial 790 with value: 0.8225378298635823.
[I 2025-04-07 04:28:27,938] Trial 961 finished with value: 0.8197708681494602 and parameters: {'lambda_l1': 1.772280304010076e-09, 'lambda_l2': 0.1386909850037516, 'num_leaves': 46, 'feature_fraction': 0.54021861756211, 'bagging_fraction': 0.8669397406149093, 'bagging_freq': 1, 'min_child_samples': 30}. Best is trial 790 with value: 0.8225378298635823.
[I 2025-04-07 04:28:29,774] Trial 962 finished with value: 0.820148156348792 and parameters: {'lambda_l1': 3.6406859283187633e-09, 'lambda_l2': 33.2030133699789, 'num_leaves': 43, 'feature_fraction': 0.5603598930932285, 'bagging_fraction': 0.8850763707631593, 'bagging_freq': 2, 'min_child_samples': 124}. Best is trial 790 with value: 0.8225378298635823.
[I 2025-04-07 04:28:31,604] Trial 963 finished with value: 0.8208609797543673 and parameters: {'lambda_l1': 9.174454980915419e-09, 'lambda_l2': 1.4987989689305588, 'num_leaves': 36, 'feature_fraction': 0.5800952355909459, 'bagging_fraction': 0.8106020634897048, 'bagging_freq': 3, 'min_child_samples': 119}. Best is trial 790 with value: 0.8225378298635823.
[I 2025-04-07 04:28:34,193] Trial 964 finished with value: 0.8209027503202645 and parameters: {'lambda_l1': 6.571115617447163e-08, 'lambda_l2': 3.0672991529421547, 'num_leaves': 49, 'feature_fraction': 0.5929730810681363, 'bagging_fraction': 0.8253294569838546, 'bagging_freq': 1, 'min_child_samples': 123}. Best is trial 790 with value: 0.8225378298635823.
[I 2025-04-07 04:28:36,147] Trial 965 finished with value: 0.8210285892022121 and parameters: {'lambda_l1': 2.2717508202765357e-09, 'lambda_l2': 9.53174170495662, 'num_leaves': 40, 'feature_fraction': 0.5698751070899037, 'bagging_fraction': 0.8404646001946287, 'bagging_freq': 2, 'min_child_samples': 114}. Best is trial 790 with value: 0.8225378298635823.
[I 2025-04-07 04:28:37,738] Trial 966 finished with value: 0.8208188928779163 and parameters: {'lambda_l1': 1.0418353033630191e-09, 'lambda_l2': 0.5521706972897887, 'num_leaves': 28, 'feature_fraction': 0.5263842257467246, 'bagging_fraction': 0.8529819399438153, 'bagging_freq': 12, 'min_child_samples': 126}. Best is trial 790 with value: 0.8225378298635823.
[I 2025-04-07 04:28:39,469] Trial 967 finished with value: 0.8186390035514647 and parameters: {'lambda_l1': 0.0003795632874720524, 'lambda_l2': 0.07606444585769835, 'num_leaves': 33, 'feature_fraction': 0.6234175972880709, 'bagging_fraction': 0.8324303321308146, 'bagging_freq': 2, 'min_child_samples': 120}. Best is trial 790 with value: 0.8225378298635823.
[I 2025-04-07 04:28:41,121] Trial 968 finished with value: 0.8201482617856435 and parameters: {'lambda_l1': 1.0027618851143832e-05, 'lambda_l2': 0.885185380063187, 'num_leaves': 38, 'feature_fraction': 0.5866033135561929, 'bagging_fraction': 0.797866871960307, 'bagging_freq': 2, 'min_child_samples': 126}. Best is trial 790 with value: 0.8225378298635823.
[I 2025-04-07 04:28:42,978] Trial 969 finished with value: 0.8194354735256854 and parameters: {'lambda_l1': 5.278728472816332e-09, 'lambda_l2': 2.0551930365498334, 'num_leaves': 45, 'feature_fraction': 0.5471053711920094, 'bagging_fraction': 0.8681961171304301, 'bagging_freq': 1, 'min_child_samples': 41}. Best is trial 790 with value: 0.8225378298635823.
[I 2025-04-07 04:28:45,130] Trial 970 finished with value: 0.8204833928172903 and parameters: {'lambda_l1': 1.8221715942385886e-08, 'lambda_l2': 5.1230906830352625, 'num_leaves': 35, 'feature_fraction': 0.6026900215663883, 'bagging_fraction': 0.9009216346583427, 'bagging_freq': 2, 'min_child_samples': 123}. Best is trial 790 with value: 0.8225378298635823.
[I 2025-04-07 04:28:46,912] Trial 971 finished with value: 0.8206930891415858 and parameters: {'lambda_l1': 6.260830160351803e-06, 'lambda_l2': 20.148136293222525, 'num_leaves': 42, 'feature_fraction': 0.567318238013637, 'bagging_fraction': 0.8443367834684811, 'bagging_freq': 3, 'min_child_samples': 118}. Best is trial 790 with value: 0.8225378298635823.
[I 2025-04-07 04:28:48,458] Trial 972 finished with value: 0.8209026624562219 and parameters: {'lambda_l1': 1.4118621152404213e-07, 'lambda_l2': 3.086412745656671, 'num_leaves': 32, 'feature_fraction': 0.5799622057519076, 'bagging_fraction': 0.8172724779349423, 'bagging_freq': 1, 'min_child_samples': 128}. Best is trial 790 with value: 0.8225378298635823.
[I 2025-04-07 04:28:50,492] Trial 973 finished with value: 0.8205675665701919 and parameters: {'lambda_l1': 2.8588902574957377e-09, 'lambda_l2': 11.18450539715654, 'num_leaves': 40, 'feature_fraction': 0.873857160828301, 'bagging_fraction': 0.8302295947219187, 'bagging_freq': 2, 'min_child_samples': 37}. Best is trial 790 with value: 0.8225378298635823.
[I 2025-04-07 04:28:52,253] Trial 974 finished with value: 0.8183874839428462 and parameters: {'lambda_l1': 1.8081540530365518e-09, 'lambda_l2': 1.1086568078361534, 'num_leaves': 37, 'feature_fraction': 0.6088395323922997, 'bagging_fraction': 0.8570582982965776, 'bagging_freq': 16, 'min_child_samples': 121}. Best is trial 790 with value: 0.8225378298635823.
[I 2025-04-07 04:28:53,732] Trial 975 finished with value: 0.8206513361484973 and parameters: {'lambda_l1': 1.3735669547424668e-05, 'lambda_l2': 4.509314834428293, 'num_leaves': 29, 'feature_fraction': 0.5608765372665551, 'bagging_fraction': 0.8459889637139539, 'bagging_freq': 5, 'min_child_samples': 125}. Best is trial 790 with value: 0.8225378298635823.
