[I 2025-04-07 04:01:42,446] Trial 122 finished with value: 0.82069315943282 and parameters: {'lambda_l1': 5.442862709650745e-07, 'lambda_l2': 0.23890523902195207, 'num_leaves': 32, 'feature_fraction': 0.6358340950263777, 'bagging_fraction': 0.8269864518550374, 'bagging_freq': 4, 'min_child_samples': 120}. Best is trial 93 with value: 0.8208609446087503.
[I 2025-04-07 04:01:44,154] Trial 123 finished with value: 0.8183872379235266 and parameters: {'lambda_l1': 1.379618200831564e-07, 'lambda_l2': 0.028711876493690707, 'num_leaves': 43, 'feature_fraction': 0.6364163772899787, 'bagging_fraction': 0.8028249111783369, 'bagging_freq': 2, 'min_child_samples': 119}. Best is trial 93 with value: 0.8208609446087503.
[I 2025-04-07 04:01:47,946] Trial 124 finished with value: 0.819938477597305 and parameters: {'lambda_l1': 2.419499562559902e-08, 'lambda_l2': 0.05262995552488083, 'num_leaves': 46, 'feature_fraction': 0.68088711414202, 'bagging_fraction': 0.7738960859159663, 'bagging_freq': 3, 'min_child_samples': 127}. Best is trial 93 with value: 0.8208609446087503.
[I 2025-04-07 04:01:52,181] Trial 125 finished with value: 0.8188484187108237 and parameters: {'lambda_l1': 5.23712095597281e-07, 'lambda_l2': 1.2034024362848512e-07, 'num_leaves': 25, 'feature_fraction': 0.6238856407733837, 'bagging_fraction': 0.8352403902283848, 'bagging_freq': 4, 'min_child_samples': 106}. Best is trial 93 with value: 0.8208609446087503.
[I 2025-04-07 04:01:53,662] Trial 126 finished with value: 0.8199385830341562 and parameters: {'lambda_l1': 0.043321877093230904, 'lambda_l2': 7.600118555875648e-06, 'num_leaves': 33, 'feature_fraction': 0.6557558115802805, 'bagging_fraction': 0.8538216922083951, 'bagging_freq': 4, 'min_child_samples': 121}. Best is trial 93 with value: 0.8208609446087503.
[I 2025-04-07 04:01:54,903] Trial 127 finished with value: 0.8179681088670634 and parameters: {'lambda_l1': 1.3435421696379555e-06, 'lambda_l2': 2.198485769205877, 'num_leaves': 19, 'feature_fraction': 0.6150463863687641, 'bagging_fraction': 0.4949868048916186, 'bagging_freq': 1, 'min_child_samples': 97}. Best is trial 93 with value: 0.8208609446087503.
[I 2025-04-07 04:01:58,524] Trial 128 finished with value: 0.8175068753613409 and parameters: {'lambda_l1': 6.582275218107415e-06, 'lambda_l2': 5.6107313900986675e-05, 'num_leaves': 125, 'feature_fraction': 0.6590246289352946, 'bagging_fraction': 0.7144295695678321, 'bagging_freq': 3, 'min_child_samples': 115}. Best is trial 93 with value: 0.8208609446087503.
[I 2025-04-07 04:02:00,420] Trial 129 finished with value: 0.8206931242872031 and parameters: {'lambda_l1': 3.1341663649053005e-07, 'lambda_l2': 0.118119272378766, 'num_leaves': 38, 'feature_fraction': 0.6005849969945768, 'bagging_fraction': 0.7869773790634929, 'bagging_freq': 2, 'min_child_samples': 126}. Best is trial 93 with value: 0.8208609446087503.
[I 2025-04-07 04:02:02,599] Trial 130 finished with value: 0.8198969354779189 and parameters: {'lambda_l1': 3.7597453764567684e-08, 'lambda_l2': 2.3385927151890774e-08, 'num_leaves': 51, 'feature_fraction': 0.5149011229765518, 'bagging_fraction': 0.7822083995523244, 'bagging_freq': 2, 'min_child_samples': 128}. Best is trial 93 with value: 0.8208609446087503.
[I 2025-04-07 04:02:04,466] Trial 131 finished with value: 0.8211121830524319 and parameters: {'lambda_l1': 2.5762146797626495e-07, 'lambda_l2': 0.12536269595046065, 'num_leaves': 40, 'feature_fraction': 0.6027077486817117, 'bagging_fraction': 0.8138975655654732, 'bagging_freq': 1, 'min_child_samples': 126}. Best is trial 131 with value: 0.8211121830524319.
[I 2025-04-07 04:02:06,435] Trial 132 finished with value: 0.8187644734044328 and parameters: {'lambda_l1': 1.0916611505703428e-07, 'lambda_l2': 0.5222144566064827, 'num_leaves': 48, 'feature_fraction': 0.6382975095567599, 'bagging_fraction': 0.7591061916680445, 'bagging_freq': 1, 'min_child_samples': 126}. Best is trial 131 with value: 0.8211121830524319.
[I 2025-04-07 04:02:07,977] Trial 133 finished with value: 0.8202320840823744 and parameters: {'lambda_l1': 2.0046111375377372e-07, 'lambda_l2': 0.08799768710677561, 'num_leaves': 37, 'feature_fraction': 0.5998018310934934, 'bagging_fraction': 0.7971303266255821, 'bagging_freq': 2, 'min_child_samples': 121}. Best is trial 131 with value: 0.8211121830524319.
[I 2025-04-07 04:02:10,251] Trial 134 finished with value: 0.820860804026282 and parameters: {'lambda_l1': 5.608628842962514e-07, 'lambda_l2': 0.3424629624084595, 'num_leaves': 44, 'feature_fraction': 0.5530268302892317, 'bagging_fraction': 0.8081903894266923, 'bagging_freq': 2, 'min_child_samples': 118}. Best is trial 131 with value: 0.8211121830524319.
[I 2025-04-07 04:02:12,051] Trial 135 finished with value: 0.8194771913731568 and parameters: {'lambda_l1': 4.1221518235328793e-07, 'lambda_l2': 0.26264757543572104, 'num_leaves': 43, 'feature_fraction': 0.5377779049923229, 'bagging_fraction': 0.8765973928725412, 'bagging_freq': 1, 'min_child_samples': 118}. Best is trial 131 with value: 0.8211121830524319.
[I 2025-04-07 04:02:13,907] Trial 136 finished with value: 0.8201061924820012 and parameters: {'lambda_l1': 3.0327448949248827e-07, 'lambda_l2': 0.007847069487405179, 'num_leaves': 40, 'feature_fraction': 0.5630531202759883, 'bagging_fraction': 0.8125405079637212, 'bagging_freq': 2, 'min_child_samples': 125}. Best is trial 131 with value: 0.8211121830524319.
[I 2025-04-07 04:02:15,863] Trial 137 finished with value: 0.8219506871846779 and parameters: {'lambda_l1': 5.1255715990788465e-09, 'lambda_l2': 0.020518150845955117, 'num_leaves': 45, 'feature_fraction': 0.5506253335489439, 'bagging_fraction': 0.834212749689386, 'bagging_freq': 1, 'min_child_samples': 121}. Best is trial 137 with value: 0.8219506871846779.
[I 2025-04-07 04:02:17,975] Trial 138 finished with value: 0.8196028720998276 and parameters: {'lambda_l1': 1.070831486212089e-08, 'lambda_l2': 0.020526554382635887, 'num_leaves': 44, 'feature_fraction': 0.5522486038237514, 'bagging_fraction': 0.8361837921618795, 'bagging_freq': 1, 'min_child_samples': 122}. Best is trial 137 with value: 0.8219506871846779.
[I 2025-04-07 04:02:20,335] Trial 139 finished with value: 0.8193936326685541 and parameters: {'lambda_l1': 5.131564373332211e-09, 'lambda_l2': 0.05400593967179844, 'num_leaves': 47, 'feature_fraction': 0.5811695568204329, 'bagging_fraction': 0.84523974184608, 'bagging_freq': 2, 'min_child_samples': 116}. Best is trial 137 with value: 0.8219506871846779.
[I 2025-04-07 04:02:22,239] Trial 140 finished with value: 0.8201900850699662 and parameters: {'lambda_l1': 3.2564316563525653e-09, 'lambda_l2': 0.12345453731348126, 'num_leaves': 50, 'feature_fraction': 0.5339114752429654, 'bagging_fraction': 0.7904536786247969, 'bagging_freq': 1, 'min_child_samples': 119}. Best is trial 137 with value: 0.8219506871846779.
[I 2025-04-07 04:02:23,807] Trial 141 finished with value: 0.8203996408117934 and parameters: {'lambda_l1': 6.398874531611947e-07, 'lambda_l2': 0.41064529561087243, 'num_leaves': 39, 'feature_fraction': 0.5498635774209817, 'bagging_fraction': 0.8600393294866031, 'bagging_freq': 2, 'min_child_samples': 125}. Best is trial 137 with value: 0.8219506871846779.
[I 2025-04-07 04:02:25,468] Trial 142 finished with value: 0.8203995353749421 and parameters: {'lambda_l1': 4.896134812647486e-07, 'lambda_l2': 0.36718555186831103, 'num_leaves': 39, 'feature_fraction': 0.5750622383342145, 'bagging_fraction': 0.8291104346914369, 'bagging_freq': 1, 'min_child_samples': 128}. Best is trial 137 with value: 0.8219506871846779.
[I 2025-04-07 04:02:27,021] Trial 143 finished with value: 0.8205673205508723 and parameters: {'lambda_l1': 5.951674616397915e-07, 'lambda_l2': 0.747157602368868, 'num_leaves': 38, 'feature_fraction': 0.5497440040504247, 'bagging_fraction': 0.8235911558800124, 'bagging_freq': 1, 'min_child_samples': 125}. Best is trial 137 with value: 0.8219506871846779.
[I 2025-04-07 04:02:28,539] Trial 144 finished with value: 0.819686905270261 and parameters: {'lambda_l1': 8.41238194462669e-07, 'lambda_l2': 0.8345925653664662, 'num_leaves': 37, 'feature_fraction': 0.482709731225875, 'bagging_fraction': 0.8276345674370194, 'bagging_freq': 1, 'min_child_samples': 125}. Best is trial 137 with value: 0.8219506871846779.
[I 2025-04-07 04:02:30,824] Trial 145 finished with value: 0.8202736964929948 and parameters: {'lambda_l1': 5.582012596456042e-07, 'lambda_l2': 0.41029496730237675, 'num_leaves': 40, 'feature_fraction': 0.5278757046387085, 'bagging_fraction': 0.851179616931381, 'bagging_freq': 1, 'min_child_samples': 120}. Best is trial 137 with value: 0.8219506871846779.
[I 2025-04-07 04:02:32,353] Trial 146 finished with value: 0.8205255851305923 and parameters: {'lambda_l1': 1.4614263832085954e-06, 'lambda_l2': 0.916080416685037, 'num_leaves': 33, 'feature_fraction': 0.5536970869116974, 'bagging_fraction': 0.8643055895765305, 'bagging_freq': 2, 'min_child_samples': 114}. Best is trial 137 with value: 0.8219506871846779.
[I 2025-04-07 04:02:33,859] Trial 147 finished with value: 0.819729027292329 and parameters: {'lambda_l1': 1.9186250192038245e-06, 'lambda_l2': 1.0144648657802242, 'num_leaves': 35, 'feature_fraction': 0.5486464575611508, 'bagging_fraction': 0.8642743901733881, 'bagging_freq': 2, 'min_child_samples': 114}. Best is trial 137 with value: 0.8219506871846779.
[I 2025-04-07 04:02:35,279] Trial 148 finished with value: 0.8210288000759146 and parameters: {'lambda_l1': 3.5377884036518856e-08, 'lambda_l2': 0.3370919215199928, 'num_leaves': 32, 'feature_fraction': 0.5079350037532234, 'bagging_fraction': 0.8743291682745965, 'bagging_freq': 2, 'min_child_samples': 111}. Best is trial 137 with value: 0.8219506871846779.
[I 2025-04-07 04:02:36,827] Trial 149 finished with value: 0.8202320665095659 and parameters: {'lambda_l1': 4.7079083597499513e-08, 'lambda_l2': 0.6268792346840663, 'num_leaves': 33, 'feature_fraction': 0.5437752176603077, 'bagging_fraction': 0.8850570541535124, 'bagging_freq': 2, 'min_child_samples': 112}. Best is trial 137 with value: 0.8219506871846779.
[I 2025-04-07 04:02:38,429] Trial 150 finished with value: 0.8188066832905434 and parameters: {'lambda_l1': 3.0603403147166415e-08, 'lambda_l2': 0.2389764959556814, 'num_leaves': 31, 'feature_fraction': 0.4555182700641355, 'bagging_fraction': 0.9124258736191085, 'bagging_freq': 2, 'min_child_samples': 110}. Best is trial 137 with value: 0.8219506871846779.
[I 2025-04-07 04:02:40,693] Trial 151 finished with value: 0.8198546377277655 and parameters: {'lambda_l1': 8.61263171832012e-08, 'lambda_l2': 0.38339592827100366, 'num_leaves': 39, 'feature_fraction': 0.5724623093323371, 'bagging_fraction': 0.8423753281832295, 'bagging_freq': 1, 'min_child_samples': 117}. Best is trial 137 with value: 0.8219506871846779.
[I 2025-04-07 04:02:42,334] Trial 152 finished with value: 0.819812919880294 and parameters: {'lambda_l1': 1.4224724813996816e-06, 'lambda_l2': 1.6751601678242647, 'num_leaves': 35, 'feature_fraction': 0.5149773017488186, 'bagging_fraction': 0.875284046565632, 'bagging_freq': 1, 'min_child_samples': 122}. Best is trial 137 with value: 0.8219506871846779.
[I 2025-04-07 04:02:44,053] Trial 153 finished with value: 0.820693194578437 and parameters: {'lambda_l1': 2.0374543539854095e-09, 'lambda_l2': 0.7820496649933961, 'num_leaves': 37, 'feature_fraction': 0.5052787053142842, 'bagging_fraction': 0.8547996813605641, 'bagging_freq': 2, 'min_child_samples': 125}. Best is trial 137 with value: 0.8219506871846779.
[I 2025-04-07 04:02:45,679] Trial 154 finished with value: 0.8198964610120884 and parameters: {'lambda_l1': 4.133776903718222e-09, 'lambda_l2': 3.59826049848802, 'num_leaves': 33, 'feature_fraction': 0.49181656588441086, 'bagging_fraction': 0.8626468906208711, 'bagging_freq': 2, 'min_child_samples': 125}. Best is trial 137 with value: 0.8219506871846779.
[I 2025-04-07 04:02:47,225] Trial 155 finished with value: 0.8197710087319285 and parameters: {'lambda_l1': 1.013871922379656e-09, 'lambda_l2': 1.1142497665193378, 'num_leaves': 37, 'feature_fraction': 0.5101846672494523, 'bagging_fraction': 0.856367764688193, 'bagging_freq': 2, 'min_child_samples': 120}. Best is trial 137 with value: 0.8219506871846779.
[I 2025-04-07 04:02:49,196] Trial 156 finished with value: 0.8211542875016914 and parameters: {'lambda_l1': 1.6611373479464361e-09, 'lambda_l2': 0.22152828358143467, 'num_leaves': 42, 'feature_fraction': 0.5259794217230103, 'bagging_fraction': 0.8821381905832133, 'bagging_freq': 2, 'min_child_samples': 114}. Best is trial 137 with value: 0.8219506871846779.
[I 2025-04-07 04:02:51,426] Trial 157 finished with value: 0.81977099115912 and parameters: {'lambda_l1': 2.5648028261894768e-09, 'lambda_l2': 0.20337923202440425, 'num_leaves': 30, 'feature_fraction': 0.5313220223284619, 'bagging_fraction': 0.881946665183352, 'bagging_freq': 3, 'min_child_samples': 114}. Best is trial 137 with value: 0.8219506871846779.
[I 2025-04-07 04:02:53,342] Trial 158 finished with value: 0.8196032587016155 and parameters: {'lambda_l1': 2.270467715922917e-09, 'lambda_l2': 0.5946288954318323, 'num_leaves': 41, 'feature_fraction': 0.5031686611705418, 'bagging_fraction': 0.901550091626974, 'bagging_freq': 2, 'min_child_samples': 117}. Best is trial 137 with value: 0.8219506871846779.
[I 2025-04-07 04:02:55,022] Trial 159 finished with value: 0.8195612596892072 and parameters: {'lambda_l1': 7.339035608182492e-09, 'lambda_l2': 0.13908734146072232, 'num_leaves': 35, 'feature_fraction': 0.5204807912742921, 'bagging_fraction': 0.9251305654041383, 'bagging_freq': 15, 'min_child_samples': 109}. Best is trial 137 with value: 0.8219506871846779.
[I 2025-04-07 04:02:56,477] Trial 160 finished with value: 0.8192258650654324 and parameters: {'lambda_l1': 1.5974638940872563e-09, 'lambda_l2': 0.8394071216749901, 'num_leaves': 30, 'feature_fraction': 0.48234271357631325, 'bagging_fraction': 0.8939941686980858, 'bagging_freq': 3, 'min_child_samples': 122}. Best is trial 137 with value: 0.8219506871846779.
[I 2025-04-07 04:02:58,278] Trial 161 finished with value: 0.8202318907814803 and parameters: {'lambda_l1': 1.970380333400121e-08, 'lambda_l2': 0.25861815859029724, 'num_leaves': 43, 'feature_fraction': 0.5526538970203987, 'bagging_fraction': 0.8701131471337836, 'bagging_freq': 1, 'min_child_samples': 112}. Best is trial 137 with value: 0.8219506871846779.
[I 2025-04-07 04:03:00,031] Trial 162 finished with value: 0.8209445560317787 and parameters: {'lambda_l1': 9.554832290883406e-09, 'lambda_l2': 0.430447888938779, 'num_leaves': 37, 'feature_fraction': 0.5563553080639057, 'bagging_fraction': 0.8401979049475378, 'bagging_freq': 2, 'min_child_samples': 125}. Best is trial 137 with value: 0.8219506871846779.
[I 2025-04-07 04:03:02,304] Trial 163 finished with value: 0.8202737316386116 and parameters: {'lambda_l1': 7.200896808973632e-09, 'lambda_l2': 2.1949598290798153, 'num_leaves': 37, 'feature_fraction': 0.5601006540727662, 'bagging_fraction': 0.8426390421607165, 'bagging_freq': 2, 'min_child_samples': 125}. Best is trial 137 with value: 0.8219506871846779.
[I 2025-04-07 04:03:04,011] Trial 164 finished with value: 0.8203996408117934 and parameters: {'lambda_l1': 1.0077293158012832e-08, 'lambda_l2': 0.42510625025390514, 'num_leaves': 34, 'feature_fraction': 0.5440049955319453, 'bagging_fraction': 0.856367426477413, 'bagging_freq': 2, 'min_child_samples': 118}. Best is trial 137 with value: 0.8219506871846779.
[I 2025-04-07 04:03:05,741] Trial 165 finished with value: 0.8194356668265792 and parameters: {'lambda_l1': 2.3190448143591045e-09, 'lambda_l2': 0.1814006987569468, 'num_leaves': 39, 'feature_fraction': 0.5268218723481299, 'bagging_fraction': 0.8259743495171542, 'bagging_freq': 1, 'min_child_samples': 122}. Best is trial 137 with value: 0.8219506871846779.
[I 2025-04-07 04:03:07,170] Trial 166 finished with value: 0.8206093019904721 and parameters: {'lambda_l1': 2.058188656958739e-07, 'lambda_l2': 0.6926442429734265, 'num_leaves': 32, 'feature_fraction': 0.49716672750367924, 'bagging_fraction': 0.8789334345163845, 'bagging_freq': 2, 'min_child_samples': 126}. Best is trial 137 with value: 0.8219506871846779.
[I 2025-04-07 04:03:08,601] Trial 167 finished with value: 0.818597092403099 and parameters: {'lambda_l1': 1.5281321621024505e-08, 'lambda_l2': 1.1404166377442995, 'num_leaves': 32, 'feature_fraction': 0.4753388609467639, 'bagging_fraction': 0.8825673420264709, 'bagging_freq': 3, 'min_child_samples': 115}. Best is trial 137 with value: 0.8219506871846779.
[I 2025-04-07 04:03:09,951] Trial 168 finished with value: 0.8191002194843785 and parameters: {'lambda_l1': 2.3364295358319419e-07, 'lambda_l2': 0.7413267988427357, 'num_leaves': 28, 'feature_fraction': 0.501395328375973, 'bagging_fraction': 0.8366869730147161, 'bagging_freq': 2, 'min_child_samples': 128}. Best is trial 137 with value: 0.8219506871846779.
[I 2025-04-07 04:03:12,089] Trial 169 finished with value: 0.8205672326868297 and parameters: {'lambda_l1': 5.385343662854028e-09, 'lambda_l2': 0.09180993006807744, 'num_leaves': 32, 'feature_fraction': 0.5836834890742435, 'bagging_fraction': 0.8728781306008971, 'bagging_freq': 1, 'min_child_samples': 120}. Best is trial 137 with value: 0.8219506871846779.
[I 2025-04-07 04:03:13,511] Trial 170 finished with value: 0.818806665717735 and parameters: {'lambda_l1': 3.5792773204652388e-09, 'lambda_l2': 0.10135568322632595, 'num_leaves': 32, 'feature_fraction': 0.46187155480922293, 'bagging_fraction': 0.8920774740224123, 'bagging_freq': 1, 'min_child_samples': 123}. Best is trial 137 with value: 0.8219506871846779.
[I 2025-04-07 04:03:14,794] Trial 171 finished with value: 0.8208609973271758 and parameters: {'lambda_l1': 1.9595757187878503e-09, 'lambda_l2': 0.17176049314820216, 'num_leaves': 25, 'feature_fraction': 0.5677167310106344, 'bagging_fraction': 0.8741707825252283, 'bagging_freq': 1, 'min_child_samples': 120}. Best is trial 137 with value: 0.8219506871846779.
[I 2025-04-07 04:03:16,348] Trial 172 finished with value: 0.8195192431039906 and parameters: {'lambda_l1': 7.965759627395303e-09, 'lambda_l2': 0.26010917807524236, 'num_leaves': 36, 'feature_fraction': 0.5694060287330596, 'bagging_fraction': 0.8725895285541749, 'bagging_freq': 1, 'min_child_samples': 120}. Best is trial 137 with value: 0.8219506871846779.
[I 2025-04-07 04:03:18,086] Trial 173 finished with value: 0.8203997638214533 and parameters: {'lambda_l1': 1.2766518607293729e-09, 'lambda_l2': 0.555283550069889, 'num_leaves': 29, 'feature_fraction': 0.5862929898720752, 'bagging_fraction': 0.9182668243694898, 'bagging_freq': 1, 'min_child_samples': 126}. Best is trial 137 with value: 0.8219506871846779.
[I 2025-04-07 04:03:19,833] Trial 174 finished with value: 0.8193095994981207 and parameters: {'lambda_l1': 4.692849728572328e-09, 'lambda_l2': 0.17086533456873648, 'num_leaves': 33, 'feature_fraction': 0.5352500785808065, 'bagging_fraction': 0.9408664490826527, 'bagging_freq': 2, 'min_child_samples': 120}. Best is trial 137 with value: 0.8219506871846779.
[I 2025-04-07 04:03:21,207] Trial 175 finished with value: 0.8203997462486446 and parameters: {'lambda_l1': 5.572734033790107e-09, 'lambda_l2': 1.7590427469800165, 'num_leaves': 24, 'feature_fraction': 0.4430456289389227, 'bagging_fraction': 0.9051743946037732, 'bagging_freq': 1, 'min_child_samples': 116}. Best is trial 137 with value: 0.8219506871846779.
[I 2025-04-07 04:03:23,383] Trial 176 finished with value: 0.8196449414034699 and parameters: {'lambda_l1': 1.710026522422324e-09, 'lambda_l2': 0.15910436544836912, 'num_leaves': 30, 'feature_fraction': 0.5622404495853175, 'bagging_fraction': 0.8748832300044813, 'bagging_freq': 1, 'min_child_samples': 124}. Best is trial 137 with value: 0.8219506871846779.
[I 2025-04-07 04:03:25,205] Trial 177 finished with value: 0.8200222823212275 and parameters: {'lambda_l1': 1.1499211879345273e-07, 'lambda_l2': 0.07709552023869366, 'num_leaves': 42, 'feature_fraction': 0.9521609765776138, 'bagging_fraction': 0.8480328671253439, 'bagging_freq': 2, 'min_child_samples': 108}. Best is trial 137 with value: 0.8219506871846779.
[I 2025-04-07 04:03:26,728] Trial 178 finished with value: 0.8198967246042166 and parameters: {'lambda_l1': 1.2662600640443063e-08, 'lambda_l2': 5.327245905238888, 'num_leaves': 35, 'feature_fraction': 0.49509591536059894, 'bagging_fraction': 0.8635869845611126, 'bagging_freq': 3, 'min_child_samples': 122}. Best is trial 137 with value: 0.8219506871846779.
[I 2025-04-07 04:03:28,170] Trial 179 finished with value: 0.8192258474926237 and parameters: {'lambda_l1': 1.7828972979981579e-09, 'lambda_l2': 0.27838493369835515, 'num_leaves': 37, 'feature_fraction': 0.5231416250779092, 'bagging_fraction': 0.42159390648244344, 'bagging_freq': 2, 'min_child_samples': 112}. Best is trial 137 with value: 0.8219506871846779.
[I 2025-04-07 04:03:30,274] Trial 180 finished with value: 0.8219927389155117 and parameters: {'lambda_l1': 6.009534862363486e-08, 'lambda_l2': 0.8312278795057808, 'num_leaves': 46, 'feature_fraction': 0.5827228133273327, 'bagging_fraction': 0.8906554912022605, 'bagging_freq': 1, 'min_child_samples': 128}. Best is trial 180 with value: 0.8219927389155117.
[I 2025-04-07 04:03:32,684] Trial 181 finished with value: 0.8201899972059234 and parameters: {'lambda_l1': 4.5129036557506906e-08, 'lambda_l2': 0.856421880630634, 'num_leaves': 48, 'feature_fraction': 0.570285303808536, 'bagging_fraction': 0.8878001226206069, 'bagging_freq': 1, 'min_child_samples': 128}. Best is trial 180 with value: 0.8219927389155117.
[I 2025-04-07 04:03:34,782] Trial 182 finished with value: 0.8205673205508723 and parameters: {'lambda_l1': 1.7261898962072055e-07, 'lambda_l2': 0.4270004764983029, 'num_leaves': 53, 'feature_fraction': 0.5866588400365342, 'bagging_fraction': 0.898881780544613, 'bagging_freq': 1, 'min_child_samples': 126}. Best is trial 180 with value: 0.8219927389155117.
