[I 2025-04-07 04:05:36,823] Trial 244 finished with value: 0.8203578526730879 and parameters: {'lambda_l1': 1.5768591777426882e-06, 'lambda_l2': 4.668558056758249, 'num_leaves': 38, 'feature_fraction': 0.6126224621183319, 'bagging_fraction': 0.8287059712185839, 'bagging_freq': 2, 'min_child_samples': 117}. Best is trial 241 with value: 0.8223281511120952.
[I 2025-04-07 04:05:39,146] Trial 245 finished with value: 0.8212381800896565 and parameters: {'lambda_l1': 6.544397995395121e-06, 'lambda_l2': 3.3604758575756257, 'num_leaves': 35, 'feature_fraction': 0.4027556577808545, 'bagging_fraction': 0.8427855756508633, 'bagging_freq': 3, 'min_child_samples': 120}. Best is trial 241 with value: 0.8223281511120952.
[I 2025-04-07 04:05:41,086] Trial 246 finished with value: 0.8182614166143877 and parameters: {'lambda_l1': 1.381945996627979e-05, 'lambda_l2': 3.005163599676352, 'num_leaves': 41, 'feature_fraction': 0.5813000218266384, 'bagging_fraction': 0.8536483843463131, 'bagging_freq': 3, 'min_child_samples': 123}. Best is trial 241 with value: 0.8223281511120952.
[I 2025-04-07 04:05:42,798] Trial 247 finished with value: 0.8195194364048846 and parameters: {'lambda_l1': 8.822710751453253e-06, 'lambda_l2': 2.31310439671803, 'num_leaves': 35, 'feature_fraction': 0.4153786742562048, 'bagging_fraction': 0.8455147337245081, 'bagging_freq': 3, 'min_child_samples': 120}. Best is trial 241 with value: 0.8223281511120952.
[I 2025-04-07 04:05:44,453] Trial 248 finished with value: 0.820525637849018 and parameters: {'lambda_l1': 4.228297314027395e-06, 'lambda_l2': 6.397136022286022, 'num_leaves': 39, 'feature_fraction': 0.4253410959010595, 'bagging_fraction': 0.8372769937825971, 'bagging_freq': 2, 'min_child_samples': 126}. Best is trial 241 with value: 0.8223281511120952.
[I 2025-04-07 04:05:47,144] Trial 249 finished with value: 0.8221603483633565 and parameters: {'lambda_l1': 2.9050365044427156e-05, 'lambda_l2': 4.198628762184884, 'num_leaves': 35, 'feature_fraction': 0.5911927997520036, 'bagging_fraction': 0.8596199160144493, 'bagging_freq': 2, 'min_child_samples': 123}. Best is trial 241 with value: 0.8223281511120952.
[I 2025-04-07 04:05:52,655] Trial 250 finished with value: 0.8211123939261344 and parameters: {'lambda_l1': 2.877732896005604e-05, 'lambda_l2': 4.903826477230693, 'num_leaves': 43, 'feature_fraction': 0.5947203941583734, 'bagging_fraction': 0.8210290718799561, 'bagging_freq': 2, 'min_child_samples': 118}. Best is trial 241 with value: 0.8223281511120952.
[I 2025-04-07 04:05:54,579] Trial 251 finished with value: 0.8204836036909928 and parameters: {'lambda_l1': 3.247329591158554e-05, 'lambda_l2': 4.670752432987157, 'num_leaves': 42, 'feature_fraction': 0.5988450590896831, 'bagging_fraction': 0.8199746195559592, 'bagging_freq': 2, 'min_child_samples': 116}. Best is trial 241 with value: 0.8223281511120952.
[I 2025-04-07 04:05:56,340] Trial 252 finished with value: 0.819938635752582 and parameters: {'lambda_l1': 2.903135626277423e-05, 'lambda_l2': 11.229219332996283, 'num_leaves': 35, 'feature_fraction': 0.589679659916517, 'bagging_fraction': 0.8036061453810773, 'bagging_freq': 2, 'min_child_samples': 118}. Best is trial 241 with value: 0.8223281511120952.
[I 2025-04-07 04:05:58,141] Trial 253 finished with value: 0.8205675138517663 and parameters: {'lambda_l1': 5.860880061246925e-05, 'lambda_l2': 4.659827135690758, 'num_leaves': 43, 'feature_fraction': 0.6060822664318389, 'bagging_fraction': 0.8368425149994552, 'bagging_freq': 3, 'min_child_samples': 119}. Best is trial 241 with value: 0.8223281511120952.
[I 2025-04-07 04:06:00,198] Trial 254 finished with value: 0.8212383733905503 and parameters: {'lambda_l1': 2.1702884097666044e-05, 'lambda_l2': 2.70455749991303, 'num_leaves': 34, 'feature_fraction': 0.5846554648257026, 'bagging_fraction': 0.8229860932123445, 'bagging_freq': 2, 'min_child_samples': 122}. Best is trial 241 with value: 0.8223281511120952.
[I 2025-04-07 04:06:02,016] Trial 255 finished with value: 0.8191838660530243 and parameters: {'lambda_l1': 2.0504007213483014e-05, 'lambda_l2': 2.869877850046548, 'num_leaves': 34, 'feature_fraction': 0.5885400510868167, 'bagging_fraction': 0.8621059879684827, 'bagging_freq': 3, 'min_child_samples': 123}. Best is trial 241 with value: 0.8223281511120952.
[I 2025-04-07 04:06:03,651] Trial 256 finished with value: 0.8218253403413694 and parameters: {'lambda_l1': 9.867611808708359e-06, 'lambda_l2': 8.05045728973384, 'num_leaves': 38, 'feature_fraction': 0.5800108363553699, 'bagging_fraction': 0.8217231924931926, 'bagging_freq': 2, 'min_child_samples': 126}. Best is trial 241 with value: 0.8223281511120952.
[I 2025-04-07 04:06:05,461] Trial 257 finished with value: 0.8210286419206376 and parameters: {'lambda_l1': 7.816157743144912e-06, 'lambda_l2': 11.053468301701164, 'num_leaves': 37, 'feature_fraction': 0.4034499238007175, 'bagging_fraction': 0.8187952489264009, 'bagging_freq': 2, 'min_child_samples': 126}. Best is trial 241 with value: 0.8223281511120952.
[I 2025-04-07 04:06:07,256] Trial 258 finished with value: 0.8199387236166246 and parameters: {'lambda_l1': 6.466756986042436e-06, 'lambda_l2': 8.236952617602876, 'num_leaves': 38, 'feature_fraction': 0.4243922136631825, 'bagging_fraction': 0.8220912873416557, 'bagging_freq': 2, 'min_child_samples': 128}. Best is trial 241 with value: 0.8223281511120952.
[I 2025-04-07 04:06:08,895] Trial 259 finished with value: 0.820650967119518 and parameters: {'lambda_l1': 1.2105932475962978e-05, 'lambda_l2': 10.777865802261376, 'num_leaves': 39, 'feature_fraction': 0.5803928842278657, 'bagging_fraction': 0.8136066922481736, 'bagging_freq': 2, 'min_child_samples': 126}. Best is trial 241 with value: 0.8223281511120952.
[I 2025-04-07 04:06:11,140] Trial 260 finished with value: 0.8220765963578598 and parameters: {'lambda_l1': 1.0287029333278965e-05, 'lambda_l2': 6.295995424927471, 'num_leaves': 35, 'feature_fraction': 0.5979434323452615, 'bagging_fraction': 0.8267033036016045, 'bagging_freq': 2, 'min_child_samples': 128}. Best is trial 241 with value: 0.8223281511120952.
[I 2025-04-07 04:06:12,688] Trial 261 finished with value: 0.8199805117553304 and parameters: {'lambda_l1': 7.935395078755561e-06, 'lambda_l2': 16.566524086269148, 'num_leaves': 34, 'feature_fraction': 0.41416102285954404, 'bagging_fraction': 0.8243476996610789, 'bagging_freq': 3, 'min_child_samples': 128}. Best is trial 241 with value: 0.8223281511120952.
[I 2025-04-07 04:06:14,268] Trial 262 finished with value: 0.820064492207338 and parameters: {'lambda_l1': 1.3897131681664394e-05, 'lambda_l2': 6.9220317218805345, 'num_leaves': 36, 'feature_fraction': 0.4092199479325745, 'bagging_fraction': 0.8287965127834318, 'bagging_freq': 2, 'min_child_samples': 125}. Best is trial 241 with value: 0.8223281511120952.
[I 2025-04-07 04:06:15,898] Trial 263 finished with value: 0.8206930539959689 and parameters: {'lambda_l1': 5.454707960677484e-06, 'lambda_l2': 4.390618732552394, 'num_leaves': 37, 'feature_fraction': 0.5809727834342497, 'bagging_fraction': 0.8081789050752186, 'bagging_freq': 2, 'min_child_samples': 128}. Best is trial 241 with value: 0.8223281511120952.
[I 2025-04-07 04:06:17,615] Trial 264 finished with value: 0.8197289218554777 and parameters: {'lambda_l1': 2.3280719500233113e-05, 'lambda_l2': 13.962979117135426, 'num_leaves': 34, 'feature_fraction': 0.6186380079269984, 'bagging_fraction': 0.7985804177851474, 'bagging_freq': 3, 'min_child_samples': 124}. Best is trial 241 with value: 0.8223281511120952.
[I 2025-04-07 04:06:19,277] Trial 265 finished with value: 0.8208188050138737 and parameters: {'lambda_l1': 7.962020136371118e-06, 'lambda_l2': 7.0632772404585324, 'num_leaves': 40, 'feature_fraction': 0.4046634397913196, 'bagging_fraction': 0.8187212049300951, 'bagging_freq': 2, 'min_child_samples': 125}. Best is trial 241 with value: 0.8223281511120952.
[I 2025-04-07 04:06:21,365] Trial 266 finished with value: 0.821615521007414 and parameters: {'lambda_l1': 4.286619565037547e-05, 'lambda_l2': 3.839223003678016, 'num_leaves': 32, 'feature_fraction': 0.5895027860615119, 'bagging_fraction': 0.8371689534679414, 'bagging_freq': 2, 'min_child_samples': 122}. Best is trial 241 with value: 0.8223281511120952.
[I 2025-04-07 04:06:22,966] Trial 267 finished with value: 0.8202738897938884 and parameters: {'lambda_l1': 4.723007714824856e-05, 'lambda_l2': 4.781208633259519, 'num_leaves': 32, 'feature_fraction': 0.40045494738452925, 'bagging_fraction': 0.8418986347821564, 'bagging_freq': 2, 'min_child_samples': 128}. Best is trial 241 with value: 0.8223281511120952.
[I 2025-04-07 04:06:24,422] Trial 268 finished with value: 0.8211542347832659 and parameters: {'lambda_l1': 1.7087376459320163e-05, 'lambda_l2': 1.7950352479445097, 'num_leaves': 31, 'feature_fraction': 0.5888337579953414, 'bagging_fraction': 0.8336629389649178, 'bagging_freq': 2, 'min_child_samples': 123}. Best is trial 241 with value: 0.8223281511120952.
[I 2025-04-07 04:06:25,920] Trial 269 finished with value: 0.8208190861788104 and parameters: {'lambda_l1': 1.7801764661619703e-05, 'lambda_l2': 1.578882996779001, 'num_leaves': 30, 'feature_fraction': 0.5948567374876057, 'bagging_fraction': 0.8259297092415214, 'bagging_freq': 2, 'min_child_samples': 122}. Best is trial 241 with value: 0.8223281511120952.
[I 2025-04-07 04:06:27,413] Trial 270 finished with value: 0.8196029775366789 and parameters: {'lambda_l1': 6.279532140835548e-05, 'lambda_l2': 26.85468341118871, 'num_leaves': 32, 'feature_fraction': 0.5760764637068934, 'bagging_fraction': 0.8338979545349661, 'bagging_freq': 2, 'min_child_samples': 123}. Best is trial 241 with value: 0.8223281511120952.
[I 2025-04-07 04:06:28,911] Trial 271 finished with value: 0.8205675138517663 and parameters: {'lambda_l1': 1.1856049307163781e-05, 'lambda_l2': 3.9391190940741523, 'num_leaves': 34, 'feature_fraction': 0.4342323039646591, 'bagging_fraction': 0.8435730266201777, 'bagging_freq': 2, 'min_child_samples': 126}. Best is trial 241 with value: 0.8223281511120952.
[I 2025-04-07 04:06:30,322] Trial 272 finished with value: 0.8202739425123141 and parameters: {'lambda_l1': 2.1819621549822538e-05, 'lambda_l2': 10.591287738743178, 'num_leaves': 29, 'feature_fraction': 0.5908867278134708, 'bagging_fraction': 0.8298212752596529, 'bagging_freq': 2, 'min_child_samples': 121}. Best is trial 241 with value: 0.8223281511120952.
[I 2025-04-07 04:06:32,555] Trial 273 finished with value: 0.8211963568053339 and parameters: {'lambda_l1': 3.03275772456383e-05, 'lambda_l2': 1.8107542756271406, 'num_leaves': 40, 'feature_fraction': 0.6051812050146997, 'bagging_fraction': 0.8173535637753692, 'bagging_freq': 2, 'min_child_samples': 124}. Best is trial 241 with value: 0.8223281511120952.
[I 2025-04-07 04:06:34,309] Trial 274 finished with value: 0.8196450995587469 and parameters: {'lambda_l1': 4.3082663623551977e-05, 'lambda_l2': 1.8161869535383273, 'num_leaves': 33, 'feature_fraction': 0.6082013636935097, 'bagging_fraction': 0.8162995183887306, 'bagging_freq': 2, 'min_child_samples': 125}. Best is trial 241 with value: 0.8223281511120952.
[I 2025-04-07 04:06:36,191] Trial 275 finished with value: 0.8202319962183318 and parameters: {'lambda_l1': 2.4736464926017246e-05, 'lambda_l2': 3.774973228652767, 'num_leaves': 39, 'feature_fraction': 0.5750011984144545, 'bagging_fraction': 0.8568417918123005, 'bagging_freq': 2, 'min_child_samples': 128}. Best is trial 241 with value: 0.8223281511120952.
[I 2025-04-07 04:06:37,968] Trial 276 finished with value: 0.8199803536000534 and parameters: {'lambda_l1': 3.520650503186304e-05, 'lambda_l2': 1.9330857450346364, 'num_leaves': 38, 'feature_fraction': 0.586292969468545, 'bagging_fraction': 0.8017202062627242, 'bagging_freq': 2, 'min_child_samples': 123}. Best is trial 241 with value: 0.8223281511120952.
[I 2025-04-07 04:06:39,457] Trial 277 finished with value: 0.8211960932132056 and parameters: {'lambda_l1': 1.346504973685038e-05, 'lambda_l2': 6.877160776908229, 'num_leaves': 31, 'feature_fraction': 0.6033551815787166, 'bagging_fraction': 0.8419621984580848, 'bagging_freq': 2, 'min_child_samples': 126}. Best is trial 241 with value: 0.8223281511120952.
[I 2025-04-07 04:06:40,891] Trial 278 finished with value: 0.8200643867704869 and parameters: {'lambda_l1': 1.2321162031467134e-05, 'lambda_l2': 7.617874341357729, 'num_leaves': 31, 'feature_fraction': 0.4509577919919635, 'bagging_fraction': 0.845872416739144, 'bagging_freq': 1, 'min_child_samples': 126}. Best is trial 241 with value: 0.8223281511120952.
[I 2025-04-07 04:06:43,047] Trial 279 finished with value: 0.8208607513078563 and parameters: {'lambda_l1': 1.7366361709732637e-05, 'lambda_l2': 19.75028547837484, 'num_leaves': 30, 'feature_fraction': 0.5727788069933905, 'bagging_fraction': 0.8600267777167941, 'bagging_freq': 2, 'min_child_samples': 128}. Best is trial 241 with value: 0.8223281511120952.
[I 2025-04-07 04:06:44,670] Trial 280 finished with value: 0.8207349475715258 and parameters: {'lambda_l1': 8.540479252934472e-05, 'lambda_l2': 7.5966348053043555, 'num_leaves': 27, 'feature_fraction': 0.5985143851849283, 'bagging_fraction': 0.8399116672625118, 'bagging_freq': 3, 'min_child_samples': 125}. Best is trial 241 with value: 0.8223281511120952.
[I 2025-04-07 04:06:46,293] Trial 281 finished with value: 0.8211123587805174 and parameters: {'lambda_l1': 9.416953369479337e-06, 'lambda_l2': 5.100874614955127, 'num_leaves': 34, 'feature_fraction': 0.5870833374608715, 'bagging_fraction': 0.8156375824033146, 'bagging_freq': 2, 'min_child_samples': 124}. Best is trial 241 with value: 0.8223281511120952.
[I 2025-04-07 04:06:47,812] Trial 282 finished with value: 0.8199384424516879 and parameters: {'lambda_l1': 2.733663797891714e-05, 'lambda_l2': 3.962670774816805, 'num_leaves': 34, 'feature_fraction': 0.5866861010789424, 'bagging_fraction': 0.7961460997569536, 'bagging_freq': 1, 'min_child_samples': 120}. Best is trial 241 with value: 0.8223281511120952.
[I 2025-04-07 04:06:49,282] Trial 283 finished with value: 0.8191838484802156 and parameters: {'lambda_l1': 1.0833297590017849e-05, 'lambda_l2': 5.477508249518985, 'num_leaves': 32, 'feature_fraction': 0.5832557622866624, 'bagging_fraction': 0.5697714864134986, 'bagging_freq': 2, 'min_child_samples': 123}. Best is trial 241 with value: 0.8223281511120952.
[I 2025-04-07 04:06:50,823] Trial 284 finished with value: 0.8206093547088976 and parameters: {'lambda_l1': 1.650105837471514e-05, 'lambda_l2': 1.4802523736537418, 'num_leaves': 29, 'feature_fraction': 0.6070474160380382, 'bagging_fraction': 0.8649838894856234, 'bagging_freq': 2, 'min_child_samples': 121}. Best is trial 241 with value: 0.8223281511120952.
[I 2025-04-07 04:06:53,149] Trial 285 finished with value: 0.8204835861181842 and parameters: {'lambda_l1': 3.697762621355343e-05, 'lambda_l2': 2.926137823863529, 'num_leaves': 35, 'feature_fraction': 0.5722086594574853, 'bagging_fraction': 0.8496910490384637, 'bagging_freq': 3, 'min_child_samples': 124}. Best is trial 241 with value: 0.8223281511120952.
[I 2025-04-07 04:06:55,108] Trial 286 finished with value: 0.8200223701852701 and parameters: {'lambda_l1': 5.817119077862236e-06, 'lambda_l2': 3.9117186932471113, 'num_leaves': 41, 'feature_fraction': 0.5952851654466776, 'bagging_fraction': 0.8347497512968971, 'bagging_freq': 1, 'min_child_samples': 120}. Best is trial 241 with value: 0.8223281511120952.
[I 2025-04-07 04:06:56,685] Trial 287 finished with value: 0.8197288867098607 and parameters: {'lambda_l1': 1.0228115582867287e-05, 'lambda_l2': 1.1670044028226836, 'num_leaves': 33, 'feature_fraction': 0.6229742133643209, 'bagging_fraction': 0.8130910102391837, 'bagging_freq': 2, 'min_child_samples': 124}. Best is trial 241 with value: 0.8223281511120952.
[I 2025-04-07 04:06:58,261] Trial 288 finished with value: 0.8199807753474584 and parameters: {'lambda_l1': 5.192152046724685e-06, 'lambda_l2': 6.0851903802780845, 'num_leaves': 28, 'feature_fraction': 0.5835403183031066, 'bagging_fraction': 0.8511651483176579, 'bagging_freq': 1, 'min_child_samples': 53}. Best is trial 241 with value: 0.8223281511120952.
[I 2025-04-07 04:07:00,211] Trial 289 finished with value: 0.8213641244084554 and parameters: {'lambda_l1': 7.031096241425598e-05, 'lambda_l2': 2.2530461289126134, 'num_leaves': 41, 'feature_fraction': 0.6011773281587184, 'bagging_fraction': 0.838181274680952, 'bagging_freq': 2, 'min_child_samples': 128}. Best is trial 241 with value: 0.8223281511120952.
[I 2025-04-07 04:07:03,094] Trial 290 finished with value: 0.8187646491325185 and parameters: {'lambda_l1': 7.218238564231563e-05, 'lambda_l2': 2.6173065973078993, 'num_leaves': 40, 'feature_fraction': 0.6099570019449636, 'bagging_fraction': 0.6420651749919997, 'bagging_freq': 3, 'min_child_samples': 126}. Best is trial 241 with value: 0.8223281511120952.
[I 2025-04-07 04:07:04,874] Trial 291 finished with value: 0.8213639311075613 and parameters: {'lambda_l1': 0.00011716732050687787, 'lambda_l2': 1.763215021915499, 'num_leaves': 43, 'feature_fraction': 0.5984897527050781, 'bagging_fraction': 0.8356271419923682, 'bagging_freq': 2, 'min_child_samples': 128}. Best is trial 241 with value: 0.8223281511120952.
[I 2025-04-07 04:07:06,863] Trial 292 finished with value: 0.8209028381843071 and parameters: {'lambda_l1': 6.557605192326766e-05, 'lambda_l2': 1.8766012122976812, 'num_leaves': 43, 'feature_fraction': 0.593181020359439, 'bagging_fraction': 0.8365129160970864, 'bagging_freq': 2, 'min_child_samples': 128}. Best is trial 241 with value: 0.8223281511120952.
[I 2025-04-07 04:07:08,891] Trial 293 finished with value: 0.8203997989670704 and parameters: {'lambda_l1': 0.0001655096904832303, 'lambda_l2': 3.2879322705213867, 'num_leaves': 44, 'feature_fraction': 0.5734510628823662, 'bagging_fraction': 0.8300227813288472, 'bagging_freq': 2, 'min_child_samples': 128}. Best is trial 241 with value: 0.8223281511120952.
[I 2025-04-07 04:07:10,807] Trial 294 finished with value: 0.82178323589211 and parameters: {'lambda_l1': 0.00010043910208488253, 'lambda_l2': 1.3496600746865368, 'num_leaves': 41, 'feature_fraction': 0.6013707790985491, 'bagging_fraction': 0.8430842758177108, 'bagging_freq': 2, 'min_child_samples': 123}. Best is trial 241 with value: 0.8223281511120952.
[I 2025-04-07 04:07:13,342] Trial 295 finished with value: 0.8202321016551828 and parameters: {'lambda_l1': 0.00010795802362223354, 'lambda_l2': 1.780394658017204, 'num_leaves': 44, 'feature_fraction': 0.6144012876121364, 'bagging_fraction': 0.8518646280707344, 'bagging_freq': 3, 'min_child_samples': 122}. Best is trial 241 with value: 0.8223281511120952.
[I 2025-04-07 04:07:15,313] Trial 296 finished with value: 0.8206512482844545 and parameters: {'lambda_l1': 0.00012462895492258176, 'lambda_l2': 1.2439269078202504, 'num_leaves': 41, 'feature_fraction': 0.6002428949987925, 'bagging_fraction': 0.8354118779886045, 'bagging_freq': 2, 'min_child_samples': 126}. Best is trial 241 with value: 0.8223281511120952.
[I 2025-04-07 04:07:17,423] Trial 297 finished with value: 0.8198967597498334 and parameters: {'lambda_l1': 4.748770225020489e-05, 'lambda_l2': 1.269134348784542, 'num_leaves': 45, 'feature_fraction': 0.6239669048803214, 'bagging_fraction': 0.8452988780737177, 'bagging_freq': 2, 'min_child_samples': 121}. Best is trial 241 with value: 0.8223281511120952.
[I 2025-04-07 04:07:19,281] Trial 298 finished with value: 0.8203159415247223 and parameters: {'lambda_l1': 0.000231523201810542, 'lambda_l2': 1.998874944553388, 'num_leaves': 42, 'feature_fraction': 0.6022722257852643, 'bagging_fraction': 0.8660515849670198, 'bagging_freq': 4, 'min_child_samples': 128}. Best is trial 241 with value: 0.8223281511120952.
[I 2025-04-07 04:07:20,832] Trial 299 finished with value: 0.821196233795674 and parameters: {'lambda_l1': 3.3648996523904425e-05, 'lambda_l2': 2.8023602237977525, 'num_leaves': 37, 'feature_fraction': 0.5673447630875071, 'bagging_fraction': 0.8435643532030502, 'bagging_freq': 2, 'min_child_samples': 124}. Best is trial 241 with value: 0.8223281511120952.
[I 2025-04-07 04:07:22,505] Trial 300 finished with value: 0.8204415519601589 and parameters: {'lambda_l1': 9.80740090496111e-05, 'lambda_l2': 2.346591819729657, 'num_leaves': 37, 'feature_fraction': 0.566806098977131, 'bagging_fraction': 0.8543986333285764, 'bagging_freq': 3, 'min_child_samples': 124}. Best is trial 241 with value: 0.8223281511120952.
[I 2025-04-07 04:07:24,696] Trial 301 finished with value: 0.8203157482238284 and parameters: {'lambda_l1': 4.53805507887059e-05, 'lambda_l2': 1.1819346046617163, 'num_leaves': 39, 'feature_fraction': 0.5677476637124467, 'bagging_fraction': 0.843796859167896, 'bagging_freq': 2, 'min_child_samples': 40}. Best is trial 241 with value: 0.8223281511120952.
[I 2025-04-07 04:07:26,256] Trial 302 finished with value: 0.8199805117553304 and parameters: {'lambda_l1': 1.9024615385991906e-05, 'lambda_l2': 2.9347451133574696, 'num_leaves': 36, 'feature_fraction': 0.6314040427876427, 'bagging_fraction': 0.8605299303098103, 'bagging_freq': 2, 'min_child_samples': 124}. Best is trial 241 with value: 0.8223281511120952.
[I 2025-04-07 04:07:27,862] Trial 303 finished with value: 0.820776981729551 and parameters: {'lambda_l1': 3.3235785943352476e-05, 'lambda_l2': 0.000355740109661519, 'num_leaves': 40, 'feature_fraction': 0.5812406652519396, 'bagging_fraction': 0.8401586544399994, 'bagging_freq': 3, 'min_child_samples': 126}. Best is trial 241 with value: 0.8223281511120952.
[I 2025-04-07 04:07:29,460] Trial 304 finished with value: 0.8194772265187739 and parameters: {'lambda_l1': 6.76405937981565e-05, 'lambda_l2': 1.1020534903983743, 'num_leaves': 38, 'feature_fraction': 0.6141700435537318, 'bagging_fraction': 0.8299180662938699, 'bagging_freq': 2, 'min_child_samples': 122}. Best is trial 241 with value: 0.8223281511120952.
