[I 2025-04-07 04:46:54,343] Trial 1525 finished with value: 0.8205253918296984 and parameters: {'lambda_l1': 0.00012443322047347467, 'lambda_l2': 13.37248061774646, 'num_leaves': 52, 'feature_fraction': 0.6113013643481701, 'bagging_fraction': 0.8804861716516608, 'bagging_freq': 2, 'min_child_samples': 124}. Best is trial 790 with value: 0.8225378298635823.
[I 2025-04-07 04:46:57,629] Trial 1526 finished with value: 0.8198125508513148 and parameters: {'lambda_l1': 0.0001635800333732734, 'lambda_l2': 2.1902106685125697, 'num_leaves': 72, 'feature_fraction': 0.5731346909600913, 'bagging_fraction': 0.8523986634392073, 'bagging_freq': 2, 'min_child_samples': 126}. Best is trial 790 with value: 0.8225378298635823.
[I 2025-04-07 04:46:59,428] Trial 1527 finished with value: 0.8186386169496768 and parameters: {'lambda_l1': 0.0003380742220750344, 'lambda_l2': 0.959177504210311, 'num_leaves': 42, 'feature_fraction': 0.59342632868026, 'bagging_fraction': 0.9111167184362411, 'bagging_freq': 2, 'min_child_samples': 123}. Best is trial 790 with value: 0.8225378298635823.
[I 2025-04-07 04:47:01,212] Trial 1528 finished with value: 0.8205253391112727 and parameters: {'lambda_l1': 0.0004753622059989841, 'lambda_l2': 0.0056167864910247195, 'num_leaves': 45, 'feature_fraction': 0.5607497431290289, 'bagging_fraction': 0.8147791433820507, 'bagging_freq': 3, 'min_child_samples': 128}. Best is trial 790 with value: 0.8225378298635823.
[I 2025-04-07 04:47:03,016] Trial 1529 finished with value: 0.8202738195026544 and parameters: {'lambda_l1': 0.00017380648782133553, 'lambda_l2': 2.709411617680336e-08, 'num_leaves': 41, 'feature_fraction': 0.6210212916114071, 'bagging_fraction': 0.834377812516623, 'bagging_freq': 2, 'min_child_samples': 76}. Best is trial 790 with value: 0.8225378298635823.
[I 2025-04-07 04:47:04,845] Trial 1530 finished with value: 0.8211961635044398 and parameters: {'lambda_l1': 0.00012845429144722796, 'lambda_l2': 7.9151331873307615, 'num_leaves': 43, 'feature_fraction': 0.5807422861100016, 'bagging_fraction': 0.8683049219511499, 'bagging_freq': 2, 'min_child_samples': 124}. Best is trial 790 with value: 0.8225378298635823.
[I 2025-04-07 04:47:07,437] Trial 1531 finished with value: 0.8211961283588227 and parameters: {'lambda_l1': 0.00035847106739024526, 'lambda_l2': 3.5125807441848673, 'num_leaves': 48, 'feature_fraction': 0.5504107255412828, 'bagging_fraction': 0.8488038079809421, 'bagging_freq': 3, 'min_child_samples': 101}. Best is trial 790 with value: 0.8225378298635823.
[I 2025-04-07 04:47:09,375] Trial 1532 finished with value: 0.8210703421953006 and parameters: {'lambda_l1': 0.0014795913271670937, 'lambda_l2': 1.6006401893452327, 'num_leaves': 40, 'feature_fraction': 0.6012528067127613, 'bagging_fraction': 0.7660544935935363, 'bagging_freq': 2, 'min_child_samples': 128}. Best is trial 790 with value: 0.8225378298635823.
[I 2025-04-07 04:47:11,073] Trial 1533 finished with value: 0.818429342372786 and parameters: {'lambda_l1': 0.002175868343829572, 'lambda_l2': 19.683876684391826, 'num_leaves': 45, 'feature_fraction': 0.5762572575729177, 'bagging_fraction': 0.47222726367951134, 'bagging_freq': 2, 'min_child_samples': 123}. Best is trial 790 with value: 0.8225378298635823.
[I 2025-04-07 04:47:13,044] Trial 1534 finished with value: 0.8212381273712308 and parameters: {'lambda_l1': 0.0003283576629238237, 'lambda_l2': 4.950510903145101, 'num_leaves': 41, 'feature_fraction': 0.5899254031486336, 'bagging_fraction': 0.8251427516084192, 'bagging_freq': 2, 'min_child_samples': 126}. Best is trial 790 with value: 0.8225378298635823.
[I 2025-04-07 04:47:15,144] Trial 1535 finished with value: 0.8198548661742766 and parameters: {'lambda_l1': 0.00013656436248087685, 'lambda_l2': 2.5057072091010237, 'num_leaves': 51, 'feature_fraction': 0.6072990384536888, 'bagging_fraction': 0.8590491384781137, 'bagging_freq': 3, 'min_child_samples': 123}. Best is trial 790 with value: 0.8225378298635823.
[I 2025-04-07 04:47:17,291] Trial 1536 finished with value: 0.820106192482001 and parameters: {'lambda_l1': 4.534576189678127e-05, 'lambda_l2': 0.0014922737422055838, 'num_leaves': 39, 'feature_fraction': 0.5704935024467835, 'bagging_fraction': 0.8024710045282935, 'bagging_freq': 2, 'min_child_samples': 126}. Best is trial 790 with value: 0.8225378298635823.
[I 2025-04-07 04:47:19,455] Trial 1537 finished with value: 0.8203995705205592 and parameters: {'lambda_l1': 0.00012100845980535787, 'lambda_l2': 0.015098364572503135, 'num_leaves': 57, 'feature_fraction': 0.5869746024641644, 'bagging_fraction': 0.8387060976091348, 'bagging_freq': 2, 'min_child_samples': 122}. Best is trial 790 with value: 0.8225378298635823.
[I 2025-04-07 04:47:21,478] Trial 1538 finished with value: 0.820232171946417 and parameters: {'lambda_l1': 8.102767332407092e-05, 'lambda_l2': 1.031557203453344, 'num_leaves': 44, 'feature_fraction': 0.5596473623030186, 'bagging_fraction': 0.8221326248055193, 'bagging_freq': 3, 'min_child_samples': 128}. Best is trial 790 with value: 0.8225378298635823.
[I 2025-04-07 04:47:23,547] Trial 1539 finished with value: 0.8187224392464076 and parameters: {'lambda_l1': 1.6319289155821761e-09, 'lambda_l2': 51.364501005582234, 'num_leaves': 41, 'feature_fraction': 0.5984747747832415, 'bagging_fraction': 0.849598801020806, 'bagging_freq': 2, 'min_child_samples': 125}. Best is trial 790 with value: 0.8225378298635823.
[I 2025-04-07 04:47:25,638] Trial 1540 finished with value: 0.8209449426335664 and parameters: {'lambda_l1': 0.0008010739163665972, 'lambda_l2': 10.815923337843449, 'num_leaves': 46, 'feature_fraction': 0.6190600563720257, 'bagging_fraction': 0.8367539366920446, 'bagging_freq': 2, 'min_child_samples': 122}. Best is trial 790 with value: 0.8225378298635823.
[I 2025-04-07 04:47:27,896] Trial 1541 finished with value: 0.8205675138517664 and parameters: {'lambda_l1': 0.00019337215952690636, 'lambda_l2': 5.291132546904102, 'num_leaves': 38, 'feature_fraction': 0.5507386911911641, 'bagging_fraction': 0.876022664630916, 'bagging_freq': 2, 'min_child_samples': 125}. Best is trial 790 with value: 0.8225378298635823.
[I 2025-04-07 04:47:29,769] Trial 1542 finished with value: 0.8200643691976783 and parameters: {'lambda_l1': 5.376155195604785e-05, 'lambda_l2': 2.611005909078756, 'num_leaves': 43, 'feature_fraction': 0.5792947978996208, 'bagging_fraction': 0.7767413902926398, 'bagging_freq': 2, 'min_child_samples': 120}. Best is trial 790 with value: 0.8225378298635823.
[I 2025-04-07 04:47:31,629] Trial 1543 finished with value: 0.8205674084149152 and parameters: {'lambda_l1': 1.741649440720426e-09, 'lambda_l2': 0.0004619559983270487, 'num_leaves': 49, 'feature_fraction': 0.5662581058841172, 'bagging_fraction': 0.8140018004068987, 'bagging_freq': 3, 'min_child_samples': 126}. Best is trial 790 with value: 0.8225378298635823.
[I 2025-04-07 04:47:33,554] Trial 1544 finished with value: 0.8196452225684066 and parameters: {'lambda_l1': 0.00027474115016410154, 'lambda_l2': 0.8173416343151357, 'num_leaves': 39, 'feature_fraction': 0.5424293332579257, 'bagging_fraction': 0.862751216981203, 'bagging_freq': 2, 'min_child_samples': 123}. Best is trial 790 with value: 0.8225378298635823.
[I 2025-04-07 04:47:35,355] Trial 1545 finished with value: 0.82052537425689 and parameters: {'lambda_l1': 0.000119186207113855, 'lambda_l2': 1.6315406029900072, 'num_leaves': 41, 'feature_fraction': 0.6059236676223818, 'bagging_fraction': 0.8454684217921941, 'bagging_freq': 2, 'min_child_samples': 128}. Best is trial 790 with value: 0.8225378298635823.
[I 2025-04-07 04:47:37,572] Trial 1546 finished with value: 0.8201903486620943 and parameters: {'lambda_l1': 1.0756572835428277e-09, 'lambda_l2': 8.015743256105994, 'num_leaves': 38, 'feature_fraction': 0.5915780583453757, 'bagging_fraction': 0.827530838570879, 'bagging_freq': 2, 'min_child_samples': 120}. Best is trial 790 with value: 0.8225378298635823.
[I 2025-04-07 04:47:39,537] Trial 1547 finished with value: 0.8196033289928495 and parameters: {'lambda_l1': 0.0005449873262352136, 'lambda_l2': 3.7139091279007372, 'num_leaves': 47, 'feature_fraction': 0.6284002014687503, 'bagging_fraction': 0.9378237382979506, 'bagging_freq': 3, 'min_child_samples': 124}. Best is trial 790 with value: 0.8225378298635823.
[I 2025-04-07 04:47:42,734] Trial 1548 finished with value: 0.8203578878187049 and parameters: {'lambda_l1': 9.556169658218737e-08, 'lambda_l2': 1.9501934684217674, 'num_leaves': 83, 'feature_fraction': 0.5809121265750112, 'bagging_fraction': 0.8926759737203054, 'bagging_freq': 2, 'min_child_samples': 128}. Best is trial 790 with value: 0.8225378298635823.
[I 2025-04-07 04:47:44,522] Trial 1549 finished with value: 0.8196869755614952 and parameters: {'lambda_l1': 1.703578449584391e-09, 'lambda_l2': 0.07259931201985909, 'num_leaves': 44, 'feature_fraction': 0.5575856014913253, 'bagging_fraction': 0.8553347463377621, 'bagging_freq': 2, 'min_child_samples': 122}. Best is trial 790 with value: 0.8225378298635823.
[I 2025-04-07 04:47:46,183] Trial 1550 finished with value: 0.8211121479068149 and parameters: {'lambda_l1': 2.3571954620807795e-07, 'lambda_l2': 5.345283630428686, 'num_leaves': 37, 'feature_fraction': 0.6124649294308666, 'bagging_fraction': 0.8379395578129664, 'bagging_freq': 2, 'min_child_samples': 125}. Best is trial 790 with value: 0.8225378298635823.
[I 2025-04-07 04:47:48,563] Trial 1551 finished with value: 0.820148156348792 and parameters: {'lambda_l1': 5.422601199512703e-05, 'lambda_l2': 15.32080995761407, 'num_leaves': 41, 'feature_fraction': 0.5955494790177036, 'bagging_fraction': 0.8093582806958827, 'bagging_freq': 2, 'min_child_samples': 119}. Best is trial 790 with value: 0.8225378298635823.
[I 2025-04-07 04:47:50,844] Trial 1552 finished with value: 0.8204416046785846 and parameters: {'lambda_l1': 2.346835830779069e-05, 'lambda_l2': 1.236990861603399e-05, 'num_leaves': 54, 'feature_fraction': 0.5715761720026432, 'bagging_fraction': 0.8211328416310366, 'bagging_freq': 3, 'min_child_samples': 126}. Best is trial 790 with value: 0.8225378298635823.
[I 2025-04-07 04:47:52,978] Trial 1553 finished with value: 0.8195612772620159 and parameters: {'lambda_l1': 2.5332854142181013e-09, 'lambda_l2': 0.9504647126416426, 'num_leaves': 43, 'feature_fraction': 0.5433811611073239, 'bagging_fraction': 0.8703571118879584, 'bagging_freq': 2, 'min_child_samples': 122}. Best is trial 790 with value: 0.8225378298635823.
[I 2025-04-07 04:47:54,631] Trial 1554 finished with value: 0.8202318732086719 and parameters: {'lambda_l1': 0.00010741316824866552, 'lambda_l2': 0.009205385899749126, 'num_leaves': 38, 'feature_fraction': 0.5845724354559847, 'bagging_fraction': 0.8465239331545802, 'bagging_freq': 3, 'min_child_samples': 124}. Best is trial 790 with value: 0.8225378298635823.
[I 2025-04-07 04:47:56,634] Trial 1555 finished with value: 0.8198127090065915 and parameters: {'lambda_l1': 0.0002179637551504114, 'lambda_l2': 9.327471324408455, 'num_leaves': 50, 'feature_fraction': 0.6506607799891928, 'bagging_fraction': 0.8291416807116678, 'bagging_freq': 2, 'min_child_samples': 128}. Best is trial 790 with value: 0.8225378298635823.
[I 2025-04-07 04:47:58,994] Trial 1556 finished with value: 0.8201899796331149 and parameters: {'lambda_l1': 2.014059658758152e-05, 'lambda_l2': 3.1672972595632634, 'num_leaves': 46, 'feature_fraction': 0.603285676903482, 'bagging_fraction': 0.7924915214429169, 'bagging_freq': 2, 'min_child_samples': 121}. Best is trial 790 with value: 0.8225378298635823.
[I 2025-04-07 04:48:00,959] Trial 1557 finished with value: 0.8200221417387592 and parameters: {'lambda_l1': 4.041813237193485e-05, 'lambda_l2': 1.5487981262898918, 'num_leaves': 40, 'feature_fraction': 0.5641713006168128, 'bagging_fraction': 0.8583904526832078, 'bagging_freq': 4, 'min_child_samples': 125}. Best is trial 790 with value: 0.8225378298635823.
[I 2025-04-07 04:48:02,893] Trial 1558 finished with value: 0.8205675665701919 and parameters: {'lambda_l1': 2.292309768823381e-09, 'lambda_l2': 5.272527479398926, 'num_leaves': 36, 'feature_fraction': 0.5761277792527998, 'bagging_fraction': 0.8342088861768343, 'bagging_freq': 2, 'min_child_samples': 118}. Best is trial 790 with value: 0.8225378298635823.
[I 2025-04-07 04:48:04,723] Trial 1559 finished with value: 0.8189325573181083 and parameters: {'lambda_l1': 1.4487911303590766e-05, 'lambda_l2': 2.5686392607333146, 'num_leaves': 42, 'feature_fraction': 0.5952330104466612, 'bagging_fraction': 0.9015369940772913, 'bagging_freq': 3, 'min_child_samples': 27}. Best is trial 790 with value: 0.8225378298635823.
[I 2025-04-07 04:48:06,458] Trial 1560 finished with value: 0.8205675138517663 and parameters: {'lambda_l1': 1.0159487422730017e-09, 'lambda_l2': 0.7206633193108453, 'num_leaves': 39, 'feature_fraction': 0.6180645693512467, 'bagging_fraction': 0.8826932722791074, 'bagging_freq': 2, 'min_child_samples': 123}. Best is trial 790 with value: 0.8225378298635823.
[I 2025-04-07 04:48:08,129] Trial 1561 finished with value: 0.8212799330827452 and parameters: {'lambda_l1': 3.5495977684305754e-09, 'lambda_l2': 11.30362750836082, 'num_leaves': 36, 'feature_fraction': 0.5540748575096159, 'bagging_fraction': 0.8451400934238569, 'bagging_freq': 2, 'min_child_samples': 125}. Best is trial 790 with value: 0.8225378298635823.
[I 2025-04-07 04:48:10,663] Trial 1562 finished with value: 0.8204418331250956 and parameters: {'lambda_l1': 1.639520486074883e-09, 'lambda_l2': 0.023698452738249158, 'num_leaves': 45, 'feature_fraction': 0.5859673341713091, 'bagging_fraction': 0.8168977617624116, 'bagging_freq': 2, 'min_child_samples': 128}. Best is trial 790 with value: 0.8225378298635823.
[I 2025-04-07 04:48:12,829] Trial 1563 finished with value: 0.8209865374713783 and parameters: {'lambda_l1': 6.534384106464954e-05, 'lambda_l2': 6.82881116027163, 'num_leaves': 42, 'feature_fraction': 0.537231591960863, 'bagging_fraction': 0.8016963993757107, 'bagging_freq': 2, 'min_child_samples': 121}. Best is trial 790 with value: 0.8225378298635823.
[I 2025-04-07 04:48:15,046] Trial 1564 finished with value: 0.8186808268357874 and parameters: {'lambda_l1': 1.576820812129616e-05, 'lambda_l2': 1.3030406312574447, 'num_leaves': 48, 'feature_fraction': 0.6041865130502478, 'bagging_fraction': 0.8637938386271797, 'bagging_freq': 3, 'min_child_samples': 69}. Best is trial 790 with value: 0.8225378298635823.
[I 2025-04-07 04:48:16,723] Trial 1565 finished with value: 0.8207352638820794 and parameters: {'lambda_l1': 2.2818202156664765e-09, 'lambda_l2': 3.8594316241793223, 'num_leaves': 36, 'feature_fraction': 0.5725073556416297, 'bagging_fraction': 0.8336110702860048, 'bagging_freq': 2, 'min_child_samples': 114}. Best is trial 790 with value: 0.8225378298635823.
[I 2025-04-07 04:48:18,553] Trial 1566 finished with value: 0.8211961810772482 and parameters: {'lambda_l1': 0.0002155898754734627, 'lambda_l2': 24.19393648211574, 'num_leaves': 38, 'feature_fraction': 0.5614428029717736, 'bagging_fraction': 0.8524208043192095, 'bagging_freq': 2, 'min_child_samples': 126}. Best is trial 790 with value: 0.8225378298635823.
[I 2025-04-07 04:48:21,028] Trial 1567 finished with value: 0.8211125345086028 and parameters: {'lambda_l1': 6.679030047906907e-07, 'lambda_l2': 2.1553363391146103, 'num_leaves': 40, 'feature_fraction': 0.5909408942957274, 'bagging_fraction': 0.8420158585826127, 'bagging_freq': 3, 'min_child_samples': 117}. Best is trial 790 with value: 0.8225378298635823.
[I 2025-04-07 04:48:22,742] Trial 1568 finished with value: 0.8198966191673651 and parameters: {'lambda_l1': 1.0183714537273459e-09, 'lambda_l2': 9.483369679756042e-05, 'num_leaves': 35, 'feature_fraction': 0.6259378620338601, 'bagging_fraction': 0.821661654709496, 'bagging_freq': 2, 'min_child_samples': 120}. Best is trial 790 with value: 0.8225378298635823.
[I 2025-04-07 04:48:24,027] Trial 1569 finished with value: 0.8087451960334656 and parameters: {'lambda_l1': 42.56278856720479, 'lambda_l2': 3.931747515942387e-09, 'num_leaves': 44, 'feature_fraction': 0.6114950094960355, 'bagging_fraction': 0.8676565287496948, 'bagging_freq': 2, 'min_child_samples': 123}. Best is trial 790 with value: 0.8225378298635823.
[I 2025-04-07 04:48:26,023] Trial 1570 finished with value: 0.8220347730735369 and parameters: {'lambda_l1': 2.9062653665036748e-05, 'lambda_l2': 0.004122958908040662, 'num_leaves': 47, 'feature_fraction': 0.5768640033289536, 'bagging_fraction': 0.8310574618464377, 'bagging_freq': 2, 'min_child_samples': 126}. Best is trial 790 with value: 0.8225378298635823.
[I 2025-04-07 04:48:27,847] Trial 1571 finished with value: 0.8195191025215223 and parameters: {'lambda_l1': 5.41640140521325e-05, 'lambda_l2': 0.004609468839904635, 'num_leaves': 45, 'feature_fraction': 0.5592822242365867, 'bagging_fraction': 0.9694122459538091, 'bagging_freq': 1, 'min_child_samples': 128}. Best is trial 790 with value: 0.8225378298635823.
[I 2025-04-07 04:48:30,305] Trial 1572 finished with value: 0.8199804766097133 and parameters: {'lambda_l1': 5.723080201764183e-05, 'lambda_l2': 7.290044052066373, 'num_leaves': 43, 'feature_fraction': 0.5462351063842315, 'bagging_fraction': 0.9262957814576124, 'bagging_freq': 2, 'min_child_samples': 128}. Best is trial 790 with value: 0.8225378298635823.
[I 2025-04-07 04:48:32,241] Trial 1573 finished with value: 0.8195192431039906 and parameters: {'lambda_l1': 3.522623156763774e-05, 'lambda_l2': 0.0019058898017936111, 'num_leaves': 41, 'feature_fraction': 0.5743717391635564, 'bagging_fraction': 0.829660717385989, 'bagging_freq': 3, 'min_child_samples': 126}. Best is trial 790 with value: 0.8225378298635823.
[I 2025-04-07 04:48:34,381] Trial 1574 finished with value: 0.8214898227079346 and parameters: {'lambda_l1': 3.433700174991647e-05, 'lambda_l2': 0.003196331731516026, 'num_leaves': 45, 'feature_fraction': 0.5526343991965286, 'bagging_fraction': 0.9570328895740429, 'bagging_freq': 2, 'min_child_samples': 126}. Best is trial 790 with value: 0.8225378298635823.
[I 2025-04-07 04:48:36,075] Trial 1575 finished with value: 0.8207769993023595 and parameters: {'lambda_l1': 2.7294525836174882e-05, 'lambda_l2': 0.002135364966015733, 'num_leaves': 40, 'feature_fraction': 0.4971978710466286, 'bagging_fraction': 0.839489265462524, 'bagging_freq': 2, 'min_child_samples': 126}. Best is trial 790 with value: 0.8225378298635823.
[I 2025-04-07 04:48:37,859] Trial 1576 finished with value: 0.8203996759574107 and parameters: {'lambda_l1': 3.2797166675728576e-05, 'lambda_l2': 0.0006435495322856896, 'num_leaves': 43, 'feature_fraction': 0.5328310823431687, 'bagging_fraction': 0.8249480643180609, 'bagging_freq': 1, 'min_child_samples': 124}. Best is trial 790 with value: 0.8225378298635823.
[I 2025-04-07 04:48:39,839] Trial 1577 finished with value: 0.8200223174668446 and parameters: {'lambda_l1': 2.476056105678263e-05, 'lambda_l2': 0.0009833588212109002, 'num_leaves': 47, 'feature_fraction': 0.5690773845351743, 'bagging_fraction': 0.8364005333605629, 'bagging_freq': 2, 'min_child_samples': 128}. Best is trial 790 with value: 0.8225378298635823.
[I 2025-04-07 04:48:42,326] Trial 1578 finished with value: 0.8210704476321519 and parameters: {'lambda_l1': 4.7126470496974574e-05, 'lambda_l2': 0.60739575786205, 'num_leaves': 38, 'feature_fraction': 0.5946240335166687, 'bagging_fraction': 0.8486145442816814, 'bagging_freq': 3, 'min_child_samples': 128}. Best is trial 790 with value: 0.8225378298635823.
[I 2025-04-07 04:48:44,162] Trial 1579 finished with value: 0.8193096873621633 and parameters: {'lambda_l1': 9.259291116503783e-05, 'lambda_l2': 0.00282247525416585, 'num_leaves': 34, 'feature_fraction': 0.6383546632849854, 'bagging_fraction': 0.8157899877232099, 'bagging_freq': 2, 'min_child_samples': 123}. Best is trial 790 with value: 0.8225378298635823.
[I 2025-04-07 04:48:47,654] Trial 1580 finished with value: 0.818345449784821 and parameters: {'lambda_l1': 6.89989757134545e-05, 'lambda_l2': 0.003369083402858488, 'num_leaves': 117, 'feature_fraction': 0.5441218469212966, 'bagging_fraction': 0.8271522841699103, 'bagging_freq': 1, 'min_child_samples': 125}. Best is trial 790 with value: 0.8225378298635823.
[I 2025-04-07 04:48:49,391] Trial 1581 finished with value: 0.8200225810589726 and parameters: {'lambda_l1': 2.2862389368406697e-05, 'lambda_l2': 0.00135046033982839, 'num_leaves': 42, 'feature_fraction': 0.5649865356358462, 'bagging_fraction': 0.9891706031113957, 'bagging_freq': 10, 'min_child_samples': 121}. Best is trial 790 with value: 0.8225378298635823.
[I 2025-04-07 04:48:51,395] Trial 1582 finished with value: 0.8212380746528052 and parameters: {'lambda_l1': 3.530425848212381e-05, 'lambda_l2': 0.0010278326217293317, 'num_leaves': 37, 'feature_fraction': 0.5783824537497293, 'bagging_fraction': 0.8437812413852245, 'bagging_freq': 2, 'min_child_samples': 126}. Best is trial 790 with value: 0.8225378298635823.
[I 2025-04-07 04:48:53,336] Trial 1583 finished with value: 0.8184295181008714 and parameters: {'lambda_l1': 2.1758406855748355e-05, 'lambda_l2': 0.0012607837633788663, 'num_leaves': 40, 'feature_fraction': 0.6006535731408066, 'bagging_fraction': 0.8552417784454822, 'bagging_freq': 3, 'min_child_samples': 20}. Best is trial 790 with value: 0.8225378298635823.
[I 2025-04-07 04:48:55,144] Trial 1584 finished with value: 0.8199802130175853 and parameters: {'lambda_l1': 9.760605066171899e-05, 'lambda_l2': 1.2092131748159505, 'num_leaves': 34, 'feature_fraction': 0.5907999318126985, 'bagging_fraction': 0.8131236882055085, 'bagging_freq': 1, 'min_child_samples': 123}. Best is trial 790 with value: 0.8225378298635823.
[I 2025-04-07 04:48:57,049] Trial 1585 finished with value: 0.8210704124865348 and parameters: {'lambda_l1': 1.8317167074634758e-05, 'lambda_l2': 0.00021095461100762098, 'num_leaves': 44, 'feature_fraction': 0.5610560345981866, 'bagging_fraction': 0.8334205063858703, 'bagging_freq': 2, 'min_child_samples': 128}. Best is trial 790 with value: 0.8225378298635823.
