[I 2025-04-07 04:17:15,012] Trial 610 finished with value: 0.8207769290111253 and parameters: {'lambda_l1': 0.00020229452744705635, 'lambda_l2': 16.04140258340317, 'num_leaves': 33, 'feature_fraction': 0.5373767720794332, 'bagging_fraction': 0.8656989463130546, 'bagging_freq': 2, 'min_child_samples': 119}. Best is trial 241 with value: 0.8223281511120952.
[I 2025-04-07 04:17:16,842] Trial 611 finished with value: 0.820860839171899 and parameters: {'lambda_l1': 0.00011576364249088762, 'lambda_l2': 5.799531292360242, 'num_leaves': 37, 'feature_fraction': 0.5660122268730571, 'bagging_fraction': 0.8377806124195021, 'bagging_freq': 2, 'min_child_samples': 117}. Best is trial 241 with value: 0.8223281511120952.
[I 2025-04-07 04:17:18,479] Trial 612 finished with value: 0.8203158536606796 and parameters: {'lambda_l1': 7.986701227792083e-05, 'lambda_l2': 32.23941050795998, 'num_leaves': 33, 'feature_fraction': 0.5581022787755827, 'bagging_fraction': 0.8482421713550474, 'bagging_freq': 2, 'min_child_samples': 120}. Best is trial 241 with value: 0.8223281511120952.
[I 2025-04-07 04:17:20,320] Trial 613 finished with value: 0.8200642813336355 and parameters: {'lambda_l1': 5.1492040136176054e-05, 'lambda_l2': 1.0306480383773682e-08, 'num_leaves': 39, 'feature_fraction': 0.5472169556288541, 'bagging_fraction': 0.8593569080045806, 'bagging_freq': 2, 'min_child_samples': 107}. Best is trial 241 with value: 0.8223281511120952.
[I 2025-04-07 04:17:22,374] Trial 614 finished with value: 0.821196075640397 and parameters: {'lambda_l1': 7.231038158741029e-05, 'lambda_l2': 11.342842529703516, 'num_leaves': 28, 'feature_fraction': 0.5699358529540698, 'bagging_fraction': 0.8438472428055944, 'bagging_freq': 2, 'min_child_samples': 112}. Best is trial 241 with value: 0.8223281511120952.
[I 2025-04-07 04:17:24,715] Trial 615 finished with value: 0.8206093547088976 and parameters: {'lambda_l1': 0.0005137489684308744, 'lambda_l2': 7.5886233220212675, 'num_leaves': 57, 'feature_fraction': 0.5767196079047132, 'bagging_fraction': 0.8318041456927904, 'bagging_freq': 13, 'min_child_samples': 125}. Best is trial 241 with value: 0.8223281511120952.
[I 2025-04-07 04:17:26,326] Trial 616 finished with value: 0.8201479103294724 and parameters: {'lambda_l1': 3.429105305451825e-05, 'lambda_l2': 4.223407521399083, 'num_leaves': 36, 'feature_fraction': 0.5614847019077178, 'bagging_fraction': 0.867749493407217, 'bagging_freq': 1, 'min_child_samples': 128}. Best is trial 241 with value: 0.8223281511120952.
[I 2025-04-07 04:17:28,456] Trial 617 finished with value: 0.8203576066537682 and parameters: {'lambda_l1': 0.0002803479201173609, 'lambda_l2': 15.69752733928392, 'num_leaves': 42, 'feature_fraction': 0.7698799495004268, 'bagging_fraction': 0.8490739184779036, 'bagging_freq': 2, 'min_child_samples': 123}. Best is trial 241 with value: 0.8223281511120952.
[I 2025-04-07 04:17:30,129] Trial 618 finished with value: 0.8196451698499809 and parameters: {'lambda_l1': 9.679691222228707e-05, 'lambda_l2': 7.225089341725865, 'num_leaves': 31, 'feature_fraction': 0.5270453865318806, 'bagging_fraction': 0.8273977015956191, 'bagging_freq': 1, 'min_child_samples': 35}. Best is trial 241 with value: 0.8223281511120952.
[I 2025-04-07 04:17:32,649] Trial 619 finished with value: 0.8195192255311821 and parameters: {'lambda_l1': 0.000188372282542587, 'lambda_l2': 3.7139357633395624, 'num_leaves': 47, 'feature_fraction': 0.9725755781743465, 'bagging_fraction': 0.8882608898511052, 'bagging_freq': 3, 'min_child_samples': 120}. Best is trial 241 with value: 0.8223281511120952.
[I 2025-04-07 04:17:34,921] Trial 620 finished with value: 0.8210284837653609 and parameters: {'lambda_l1': 1.0556188656629746e-09, 'lambda_l2': 6.2024381425074235, 'num_leaves': 50, 'feature_fraction': 0.5755805391509045, 'bagging_fraction': 0.8577948034814938, 'bagging_freq': 2, 'min_child_samples': 115}. Best is trial 241 with value: 0.8223281511120952.
[I 2025-04-07 04:17:36,669] Trial 621 finished with value: 0.8203159415247223 and parameters: {'lambda_l1': 0.00018011358257810108, 'lambda_l2': 11.44535494874175, 'num_leaves': 34, 'feature_fraction': 0.5880058451952055, 'bagging_fraction': 0.8406504469359158, 'bagging_freq': 1, 'min_child_samples': 126}. Best is trial 241 with value: 0.8223281511120952.
[I 2025-04-07 04:17:37,965] Trial 622 finished with value: 0.819687063425538 and parameters: {'lambda_l1': 4.861204500606456e-05, 'lambda_l2': 3.0425584099048915, 'num_leaves': 24, 'feature_fraction': 0.5415886630221374, 'bagging_fraction': 0.8784206624290735, 'bagging_freq': 2, 'min_child_samples': 16}. Best is trial 241 with value: 0.8223281511120952.
[I 2025-04-07 04:17:39,648] Trial 623 finished with value: 0.8203578702458965 and parameters: {'lambda_l1': 3.2261799991908914e-05, 'lambda_l2': 0.5896738963402413, 'num_leaves': 38, 'feature_fraction': 0.5784467314138, 'bagging_fraction': 0.8498427166812117, 'bagging_freq': 2, 'min_child_samples': 122}. Best is trial 241 with value: 0.8223281511120952.
[I 2025-04-07 04:17:41,317] Trial 624 finished with value: 0.819099868028208 and parameters: {'lambda_l1': 3.039523614834595e-09, 'lambda_l2': 37.92674557139599, 'num_leaves': 41, 'feature_fraction': 0.556073446671155, 'bagging_fraction': 0.8294822454740404, 'bagging_freq': 1, 'min_child_samples': 117}. Best is trial 241 with value: 0.8223281511120952.
[I 2025-04-07 04:17:43,504] Trial 625 finished with value: 0.8209867834906979 and parameters: {'lambda_l1': 2.108306121260019e-05, 'lambda_l2': 0.003978484251430239, 'num_leaves': 45, 'feature_fraction': 0.5153943358248734, 'bagging_fraction': 0.8413330602148911, 'bagging_freq': 3, 'min_child_samples': 124}. Best is trial 241 with value: 0.8223281511120952.
[I 2025-04-07 04:17:45,077] Trial 626 finished with value: 0.8208188050138737 and parameters: {'lambda_l1': 0.0001248538528570149, 'lambda_l2': 5.183924759254354, 'num_leaves': 36, 'feature_fraction': 0.5934235856320002, 'bagging_fraction': 0.8603390701915994, 'bagging_freq': 2, 'min_child_samples': 120}. Best is trial 241 with value: 0.8223281511120952.
[I 2025-04-07 04:17:50,589] Trial 627 finished with value: 0.8200643516248697 and parameters: {'lambda_l1': 5.387028145125295e-05, 'lambda_l2': 22.369366954333316, 'num_leaves': 30, 'feature_fraction': 0.5688465018048153, 'bagging_fraction': 0.8121161388228353, 'bagging_freq': 2, 'min_child_samples': 126}. Best is trial 241 with value: 0.8223281511120952.
[I 2025-04-07 04:17:52,571] Trial 628 finished with value: 0.8201900323515406 and parameters: {'lambda_l1': 1.6034655506642577e-05, 'lambda_l2': 2.915295951941109, 'num_leaves': 40, 'feature_fraction': 0.5865373878620288, 'bagging_fraction': 0.7133179108799154, 'bagging_freq': 1, 'min_child_samples': 118}. Best is trial 241 with value: 0.8223281511120952.
[I 2025-04-07 04:17:54,499] Trial 629 finished with value: 0.8193097576533974 and parameters: {'lambda_l1': 1.007784663866721e-09, 'lambda_l2': 8.165047841105801, 'num_leaves': 33, 'feature_fraction': 0.5931871290912942, 'bagging_fraction': 0.568830446733944, 'bagging_freq': 3, 'min_child_samples': 114}. Best is trial 241 with value: 0.8223281511120952.
[I 2025-04-07 04:17:56,431] Trial 630 finished with value: 0.8214476655402496 and parameters: {'lambda_l1': 1.189552395417077e-06, 'lambda_l2': 1.981912733803831, 'num_leaves': 44, 'feature_fraction': 0.5735538104656724, 'bagging_fraction': 0.8284367222079677, 'bagging_freq': 2, 'min_child_samples': 122}. Best is trial 241 with value: 0.8223281511120952.
[I 2025-04-07 04:17:58,102] Trial 631 finished with value: 0.8198546377277657 and parameters: {'lambda_l1': 0.0023190069710125423, 'lambda_l2': 4.5816381329405615, 'num_leaves': 37, 'feature_fraction': 0.5557723263501264, 'bagging_fraction': 0.8685039518512698, 'bagging_freq': 1, 'min_child_samples': 128}. Best is trial 241 with value: 0.8223281511120952.
[I 2025-04-07 04:18:00,006] Trial 632 finished with value: 0.8200641758967844 and parameters: {'lambda_l1': 2.0028418041233e-09, 'lambda_l2': 1.0280596141211578, 'num_leaves': 48, 'feature_fraction': 0.6037616299674252, 'bagging_fraction': 0.8497888396427544, 'bagging_freq': 2, 'min_child_samples': 110}. Best is trial 241 with value: 0.8223281511120952.
[I 2025-04-07 04:18:01,949] Trial 633 finished with value: 0.8201899093418807 and parameters: {'lambda_l1': 3.3467485889910226e-05, 'lambda_l2': 14.644728497246094, 'num_leaves': 42, 'feature_fraction': 0.535730542673593, 'bagging_fraction': 0.6342287508985323, 'bagging_freq': 2, 'min_child_samples': 124}. Best is trial 241 with value: 0.8223281511120952.
[I 2025-04-07 04:18:04,183] Trial 634 finished with value: 0.8212802669661073 and parameters: {'lambda_l1': 8.591437763857762e-09, 'lambda_l2': 8.63386420807875, 'num_leaves': 33, 'feature_fraction': 0.5855117410326782, 'bagging_fraction': 0.8362970781223961, 'bagging_freq': 1, 'min_child_samples': 28}. Best is trial 241 with value: 0.8223281511120952.
[I 2025-04-07 04:18:06,097] Trial 635 finished with value: 0.8208609797543673 and parameters: {'lambda_l1': 2.964188042020543e-08, 'lambda_l2': 3.0544002570514692, 'num_leaves': 39, 'feature_fraction': 0.5671718881559399, 'bagging_fraction': 0.8254127404454259, 'bagging_freq': 2, 'min_child_samples': 120}. Best is trial 241 with value: 0.8223281511120952.
[I 2025-04-07 04:18:07,522] Trial 636 finished with value: 0.8196450292675126 and parameters: {'lambda_l1': 8.45439832768613e-05, 'lambda_l2': 1.5990387591265485, 'num_leaves': 31, 'feature_fraction': 0.6087042707478149, 'bagging_fraction': 0.8942333711258652, 'bagging_freq': 14, 'min_child_samples': 117}. Best is trial 241 with value: 0.8223281511120952.
[I 2025-04-07 04:18:09,346] Trial 637 finished with value: 0.8188487525941858 and parameters: {'lambda_l1': 2.1172235296537772e-06, 'lambda_l2': 5.4142525822016605, 'num_leaves': 35, 'feature_fraction': 0.5946496546195151, 'bagging_fraction': 0.852036613098848, 'bagging_freq': 3, 'min_child_samples': 43}. Best is trial 241 with value: 0.8223281511120952.
[I 2025-04-07 04:18:10,803] Trial 638 finished with value: 0.8211964973878022 and parameters: {'lambda_l1': 7.579618516610555e-08, 'lambda_l2': 0.2792306405095503, 'num_leaves': 27, 'feature_fraction': 0.580956259868934, 'bagging_fraction': 0.8171203643345374, 'bagging_freq': 2, 'min_child_samples': 123}. Best is trial 241 with value: 0.8223281511120952.
[I 2025-04-07 04:18:12,790] Trial 639 finished with value: 0.8197706221301406 and parameters: {'lambda_l1': 1.2543916012649721e-05, 'lambda_l2': 0.6317711919979969, 'num_leaves': 53, 'feature_fraction': 0.5495109199214585, 'bagging_fraction': 0.8401182621844636, 'bagging_freq': 1, 'min_child_samples': 126}. Best is trial 241 with value: 0.8223281511120952.
[I 2025-04-07 04:18:15,098] Trial 640 finished with value: 0.8206512658572631 and parameters: {'lambda_l1': 0.0002920349631566274, 'lambda_l2': 11.74545159964206, 'num_leaves': 47, 'feature_fraction': 0.619730831771898, 'bagging_fraction': 0.8020336279403056, 'bagging_freq': 2, 'min_child_samples': 113}. Best is trial 241 with value: 0.8223281511120952.
[I 2025-04-07 04:18:17,216] Trial 641 finished with value: 0.8204836388366097 and parameters: {'lambda_l1': 1.5059515798464052e-06, 'lambda_l2': 3.105950454215518, 'num_leaves': 44, 'feature_fraction': 0.6004144008722696, 'bagging_fraction': 0.8751389797093967, 'bagging_freq': 2, 'min_child_samples': 120}. Best is trial 241 with value: 0.8223281511120952.
[I 2025-04-07 04:18:19,220] Trial 642 finished with value: 0.8198966015945566 and parameters: {'lambda_l1': 1.2521597618770009e-08, 'lambda_l2': 5.925765252814219, 'num_leaves': 38, 'feature_fraction': 0.7089630005593481, 'bagging_fraction': 0.8606429042371464, 'bagging_freq': 1, 'min_child_samples': 122}. Best is trial 241 with value: 0.8223281511120952.
[I 2025-04-07 04:18:21,146] Trial 643 finished with value: 0.819728869137052 and parameters: {'lambda_l1': 6.850206295608685e-05, 'lambda_l2': 0.0563846224080594, 'num_leaves': 41, 'feature_fraction': 0.6345272609890447, 'bagging_fraction': 0.8373306110023142, 'bagging_freq': 2, 'min_child_samples': 128}. Best is trial 241 with value: 0.8223281511120952.
[I 2025-04-07 04:18:23,069] Trial 644 finished with value: 0.820483779419078 and parameters: {'lambda_l1': 3.7749946254411315e-07, 'lambda_l2': 2.043760551684553, 'num_leaves': 50, 'feature_fraction': 0.5659362159938457, 'bagging_fraction': 0.8212952201100112, 'bagging_freq': 3, 'min_child_samples': 82}. Best is trial 241 with value: 0.8223281511120952.
[I 2025-04-07 04:18:25,399] Trial 645 finished with value: 0.8210704300593434 and parameters: {'lambda_l1': 2.281275103000506e-05, 'lambda_l2': 19.119128546399757, 'num_leaves': 36, 'feature_fraction': 0.5809435758072347, 'bagging_fraction': 0.8491996820133427, 'bagging_freq': 2, 'min_child_samples': 116}. Best is trial 241 with value: 0.8223281511120952.
[I 2025-04-07 04:18:26,814] Trial 646 finished with value: 0.8189322410075546 and parameters: {'lambda_l1': 2.618201235036168e-09, 'lambda_l2': 1.0450886601432787, 'num_leaves': 30, 'feature_fraction': 0.6093466174977462, 'bagging_fraction': 0.8082665892337957, 'bagging_freq': 1, 'min_child_samples': 124}. Best is trial 241 with value: 0.8223281511120952.
[I 2025-04-07 04:18:29,046] Trial 647 finished with value: 0.8201481739216007 and parameters: {'lambda_l1': 0.0007155601120152276, 'lambda_l2': 3.870587218010777, 'num_leaves': 62, 'feature_fraction': 0.5931754636184945, 'bagging_fraction': 0.8308271913738756, 'bagging_freq': 2, 'min_child_samples': 119}. Best is trial 241 with value: 0.8223281511120952.
[I 2025-04-07 04:18:30,800] Trial 648 finished with value: 0.8201064033557035 and parameters: {'lambda_l1': 8.222200640594818e-06, 'lambda_l2': 9.013086176328352, 'num_leaves': 42, 'feature_fraction': 0.5563409047796639, 'bagging_fraction': 0.8628201323292133, 'bagging_freq': 1, 'min_child_samples': 126}. Best is trial 241 with value: 0.8223281511120952.
[I 2025-04-07 04:18:32,355] Trial 649 finished with value: 0.8202739600851228 and parameters: {'lambda_l1': 3.1634042095164334e-06, 'lambda_l2': 1.5700553445054646, 'num_leaves': 34, 'feature_fraction': 0.5775890698923795, 'bagging_fraction': 0.7850001965007337, 'bagging_freq': 2, 'min_child_samples': 122}. Best is trial 241 with value: 0.8223281511120952.
[I 2025-04-07 04:18:35,902] Trial 650 finished with value: 0.819812919880294 and parameters: {'lambda_l1': 8.691639724053308e-07, 'lambda_l2': 2.666989722890384, 'num_leaves': 114, 'feature_fraction': 0.5905994505063406, 'bagging_fraction': 0.8432699063548089, 'bagging_freq': 3, 'min_child_samples': 118}. Best is trial 241 with value: 0.8223281511120952.
[I 2025-04-07 04:18:37,512] Trial 651 finished with value: 0.820399623238985 and parameters: {'lambda_l1': 1.4446746284181505e-05, 'lambda_l2': 5.731650501133656, 'num_leaves': 39, 'feature_fraction': 0.5348122248682416, 'bagging_fraction': 0.8740363498393935, 'bagging_freq': 2, 'min_child_samples': 125}. Best is trial 241 with value: 0.8223281511120952.
[I 2025-04-07 04:18:39,705] Trial 652 finished with value: 0.8187227028385358 and parameters: {'lambda_l1': 0.00013278751544408836, 'lambda_l2': 61.11225313449181, 'num_leaves': 98, 'feature_fraction': 0.6270478160844277, 'bagging_fraction': 0.8234057143800532, 'bagging_freq': 1, 'min_child_samples': 113}. Best is trial 241 with value: 0.8223281511120952.
[I 2025-04-07 04:18:41,363] Trial 653 finished with value: 0.8198126914337831 and parameters: {'lambda_l1': 3.9543340908799194e-05, 'lambda_l2': 0.4249004272290026, 'num_leaves': 37, 'feature_fraction': 0.5707252541068981, 'bagging_fraction': 0.8544695303253858, 'bagging_freq': 2, 'min_child_samples': 121}. Best is trial 241 with value: 0.8223281511120952.
[I 2025-04-07 04:18:43,312] Trial 654 finished with value: 0.8208187874410651 and parameters: {'lambda_l1': 5.569525087420692e-06, 'lambda_l2': 14.571236886242989, 'num_leaves': 45, 'feature_fraction': 0.6028414387479858, 'bagging_fraction': 0.8350106029041234, 'bagging_freq': 2, 'min_child_samples': 116}. Best is trial 241 with value: 0.8223281511120952.
[I 2025-04-07 04:18:44,760] Trial 655 finished with value: 0.820273907366697 and parameters: {'lambda_l1': 1.3281392911122075e-06, 'lambda_l2': 0.8443429415338378, 'num_leaves': 32, 'feature_fraction': 0.5490899229490656, 'bagging_fraction': 0.8437169035671561, 'bagging_freq': 3, 'min_child_samples': 128}. Best is trial 241 with value: 0.8223281511120952.
[I 2025-04-07 04:18:47,058] Trial 656 finished with value: 0.8196871337167719 and parameters: {'lambda_l1': 2.469391074128079e-06, 'lambda_l2': 3.6129151648842113, 'num_leaves': 47, 'feature_fraction': 0.6153041245905683, 'bagging_fraction': 0.8109367921465604, 'bagging_freq': 5, 'min_child_samples': 124}. Best is trial 241 with value: 0.8223281511120952.
[I 2025-04-07 04:18:48,845] Trial 657 finished with value: 0.8193932987851917 and parameters: {'lambda_l1': 2.3521357816391475e-07, 'lambda_l2': 8.369133593030993, 'num_leaves': 43, 'feature_fraction': 0.5825188727891724, 'bagging_fraction': 0.9026018426299066, 'bagging_freq': 1, 'min_child_samples': 119}. Best is trial 241 with value: 0.8223281511120952.
[I 2025-04-07 04:18:50,529] Trial 658 finished with value: 0.8209866429082296 and parameters: {'lambda_l1': 1.6531137296215233e-09, 'lambda_l2': 31.191003046209662, 'num_leaves': 28, 'feature_fraction': 0.5645641468124265, 'bagging_fraction': 0.8847934549634534, 'bagging_freq': 2, 'min_child_samples': 121}. Best is trial 241 with value: 0.8223281511120952.
[I 2025-04-07 04:18:52,458] Trial 659 finished with value: 0.8166264425079209 and parameters: {'lambda_l1': 9.404038446599281e-06, 'lambda_l2': 2.356887484894202, 'num_leaves': 40, 'feature_fraction': 0.5978075213748827, 'bagging_fraction': 0.49783254442285063, 'bagging_freq': 1, 'min_child_samples': 126}. Best is trial 241 with value: 0.8223281511120952.
[I 2025-04-07 04:18:54,254] Trial 660 finished with value: 0.8202741006675909 and parameters: {'lambda_l1': 5.011870073147663e-09, 'lambda_l2': 1.4947004539829474, 'num_leaves': 35, 'feature_fraction': 0.5219849355176195, 'bagging_fraction': 0.8230433889125007, 'bagging_freq': 2, 'min_child_samples': 124}. Best is trial 241 with value: 0.8223281511120952.
[I 2025-04-07 04:18:56,116] Trial 661 finished with value: 0.8196870107071123 and parameters: {'lambda_l1': 4.109204147895248e-06, 'lambda_l2': 4.475455805404553, 'num_leaves': 22, 'feature_fraction': 0.5917533488462049, 'bagging_fraction': 0.8614773595748613, 'bagging_freq': 3, 'min_child_samples': 116}. Best is trial 241 with value: 0.8223281511120952.
[I 2025-04-07 04:18:57,794] Trial 662 finished with value: 0.8204833576716732 and parameters: {'lambda_l1': 2.8356668189517074e-05, 'lambda_l2': 7.389819345516693, 'num_leaves': 37, 'feature_fraction': 0.6104080386157021, 'bagging_fraction': 0.8349702925933657, 'bagging_freq': 1, 'min_child_samples': 122}. Best is trial 241 with value: 0.8223281511120952.
[I 2025-04-07 04:18:59,379] Trial 663 finished with value: 0.8207350354355682 and parameters: {'lambda_l1': 1.8632804541169679e-06, 'lambda_l2': 14.693917348702163, 'num_leaves': 33, 'feature_fraction': 0.5790788685247845, 'bagging_fraction': 0.8482863839205528, 'bagging_freq': 2, 'min_child_samples': 103}. Best is trial 241 with value: 0.8223281511120952.
[I 2025-04-07 04:19:01,606] Trial 664 finished with value: 0.8203577120906196 and parameters: {'lambda_l1': 7.030005032436531e-05, 'lambda_l2': 2.3519119091997434, 'num_leaves': 49, 'feature_fraction': 0.5424618923943305, 'bagging_fraction': 0.8167030640088924, 'bagging_freq': 2, 'min_child_samples': 128}. Best is trial 241 with value: 0.8223281511120952.
[I 2025-04-07 04:19:03,396] Trial 665 finished with value: 0.8191415683028709 and parameters: {'lambda_l1': 7.240431890412048e-07, 'lambda_l2': 5.07518855233199, 'num_leaves': 42, 'feature_fraction': 0.5633394644642368, 'bagging_fraction': 0.8006209809343914, 'bagging_freq': 1, 'min_child_samples': 119}. Best is trial 241 with value: 0.8223281511120952.
[I 2025-04-07 04:19:04,941] Trial 666 finished with value: 0.8206094250001318 and parameters: {'lambda_l1': 1.7666508549908775e-05, 'lambda_l2': 1.1614408798178883, 'num_leaves': 30, 'feature_fraction': 0.5858891826606565, 'bagging_fraction': 0.8723476577832325, 'bagging_freq': 2, 'min_child_samples': 112}. Best is trial 241 with value: 0.8223281511120952.
[I 2025-04-07 04:19:07,280] Trial 667 finished with value: 0.8202741006675911 and parameters: {'lambda_l1': 0.011469106684344579, 'lambda_l2': 0.5362948357366388, 'num_leaves': 39, 'feature_fraction': 0.5985884518626394, 'bagging_fraction': 0.8316522405451714, 'bagging_freq': 16, 'min_child_samples': 124}. Best is trial 241 with value: 0.8223281511120952.
[I 2025-04-07 04:19:09,454] Trial 668 finished with value: 0.8203575187897254 and parameters: {'lambda_l1': 7.094889454488962e-06, 'lambda_l2': 10.33876525964096, 'num_leaves': 45, 'feature_fraction': 0.6289532398469145, 'bagging_fraction': 0.8549507011641432, 'bagging_freq': 2, 'min_child_samples': 115}. Best is trial 241 with value: 0.8223281511120952.
[I 2025-04-07 04:19:11,051] Trial 669 finished with value: 0.8206511252747948 and parameters: {'lambda_l1': 3.2361050566408214e-06, 'lambda_l2': 24.28722393678259, 'num_leaves': 36, 'feature_fraction': 0.5737891912111143, 'bagging_fraction': 0.8406391914084513, 'bagging_freq': 3, 'min_child_samples': 121}. Best is trial 241 with value: 0.8223281511120952.
[I 2025-04-07 04:19:12,581] Trial 670 finished with value: 0.8202321016551828 and parameters: {'lambda_l1': 2.9741686310224728e-09, 'lambda_l2': 4.370521286086145, 'num_leaves': 33, 'feature_fraction': 0.6107589638018747, 'bagging_fraction': 0.8268993907018808, 'bagging_freq': 1, 'min_child_samples': 118}. Best is trial 241 with value: 0.8223281511120952.
