[I 2025-04-07 04:30:58,210] Trial 1037 finished with value: 0.819519190385565 and parameters: {'lambda_l1': 7.066098751737036e-05, 'lambda_l2': 3.424724189404691e-05, 'num_leaves': 41, 'feature_fraction': 0.6113321412862451, 'bagging_fraction': 0.8562093322965983, 'bagging_freq': 2, 'min_child_samples': 126}. Best is trial 790 with value: 0.8225378298635823.
[I 2025-04-07 04:31:00,690] Trial 1038 finished with value: 0.8189323640172145 and parameters: {'lambda_l1': 5.79137894014153e-09, 'lambda_l2': 0.1780773380703367, 'num_leaves': 55, 'feature_fraction': 0.5587290642328114, 'bagging_fraction': 0.8178174900107165, 'bagging_freq': 3, 'min_child_samples': 119}. Best is trial 790 with value: 0.8225378298635823.
[I 2025-04-07 04:31:02,656] Trial 1039 finished with value: 0.8210703597681093 and parameters: {'lambda_l1': 1.3426059813278469e-05, 'lambda_l2': 11.62602637642701, 'num_leaves': 46, 'feature_fraction': 0.5684066476756561, 'bagging_fraction': 0.8416005439964113, 'bagging_freq': 2, 'min_child_samples': 124}. Best is trial 790 with value: 0.8225378298635823.
[I 2025-04-07 04:31:04,450] Trial 1040 finished with value: 0.8214477358314838 and parameters: {'lambda_l1': 2.257905008035982e-09, 'lambda_l2': 0.7955665211827699, 'num_leaves': 34, 'feature_fraction': 0.5992326464797701, 'bagging_fraction': 0.8880012962228435, 'bagging_freq': 1, 'min_child_samples': 121}. Best is trial 790 with value: 0.8225378298635823.
[I 2025-04-07 04:31:06,297] Trial 1041 finished with value: 0.8201898214778381 and parameters: {'lambda_l1': 2.951293980678555e-06, 'lambda_l2': 0.3132212575989256, 'num_leaves': 37, 'feature_fraction': 0.6240600070122113, 'bagging_fraction': 0.848702130450049, 'bagging_freq': 2, 'min_child_samples': 126}. Best is trial 790 with value: 0.8225378298635823.
[I 2025-04-07 04:31:07,843] Trial 1042 finished with value: 0.8201061749091926 and parameters: {'lambda_l1': 3.89436692355501e-09, 'lambda_l2': 3.083636138986426, 'num_leaves': 29, 'feature_fraction': 0.5843575046707156, 'bagging_fraction': 0.7997444976615302, 'bagging_freq': 1, 'min_child_samples': 116}. Best is trial 790 with value: 0.8225378298635823.
[I 2025-04-07 04:31:09,683] Trial 1043 finished with value: 0.8200643516248697 and parameters: {'lambda_l1': 1.4697803841766635e-09, 'lambda_l2': 1.610927867915241, 'num_leaves': 43, 'feature_fraction': 0.690332301346305, 'bagging_fraction': 0.8315828084687213, 'bagging_freq': 2, 'min_child_samples': 123}. Best is trial 790 with value: 0.8225378298635823.
[I 2025-04-07 04:31:12,033] Trial 1044 finished with value: 0.8201901202155832 and parameters: {'lambda_l1': 1.0001958987217893e-09, 'lambda_l2': 0.015055880924235807, 'num_leaves': 48, 'feature_fraction': 0.5150648709631989, 'bagging_fraction': 0.8663463986562161, 'bagging_freq': 1, 'min_child_samples': 119}. Best is trial 790 with value: 0.8225378298635823.
[I 2025-04-07 04:31:13,733] Trial 1045 finished with value: 0.8199384951701136 and parameters: {'lambda_l1': 6.930347505833131e-09, 'lambda_l2': 0.05560910639378859, 'num_leaves': 40, 'feature_fraction': 0.5448446266910385, 'bagging_fraction': 0.813203023318376, 'bagging_freq': 3, 'min_child_samples': 128}. Best is trial 790 with value: 0.8225378298635823.
[I 2025-04-07 04:31:15,585] Trial 1046 finished with value: 0.8208189983147676 and parameters: {'lambda_l1': 2.2426873192254903e-05, 'lambda_l2': 5.993207097353082, 'num_leaves': 35, 'feature_fraction': 0.5746759040557557, 'bagging_fraction': 0.8451808160725439, 'bagging_freq': 2, 'min_child_samples': 125}. Best is trial 790 with value: 0.8225378298635823.
[I 2025-04-07 04:31:17,146] Trial 1047 finished with value: 0.8192675126216697 and parameters: {'lambda_l1': 9.395590425154916e-06, 'lambda_l2': 43.83108169369244, 'num_leaves': 32, 'feature_fraction': 0.5966353450964256, 'bagging_fraction': 0.824371001188069, 'bagging_freq': 2, 'min_child_samples': 122}. Best is trial 790 with value: 0.8225378298635823.
[I 2025-04-07 04:31:18,979] Trial 1048 finished with value: 0.8211961283588227 and parameters: {'lambda_l1': 1.4396216200450234e-08, 'lambda_l2': 1.1594445211414321, 'num_leaves': 37, 'feature_fraction': 0.5861554936057677, 'bagging_fraction': 0.8582055143756167, 'bagging_freq': 1, 'min_child_samples': 113}. Best is trial 790 with value: 0.8225378298635823.
[I 2025-04-07 04:31:21,563] Trial 1049 finished with value: 0.8195612772620159 and parameters: {'lambda_l1': 3.6553205675311322e-09, 'lambda_l2': 3.0901343466204865, 'num_leaves': 44, 'feature_fraction': 0.6095932306519869, 'bagging_fraction': 0.8354314473302535, 'bagging_freq': 2, 'min_child_samples': 120}. Best is trial 790 with value: 0.8225378298635823.
[I 2025-04-07 04:31:24,414] Trial 1050 finished with value: 0.8203996056661763 and parameters: {'lambda_l1': 4.647704953492803e-06, 'lambda_l2': 10.632182433667564, 'num_leaves': 74, 'feature_fraction': 0.5649509790441305, 'bagging_fraction': 0.8763341692094743, 'bagging_freq': 2, 'min_child_samples': 126}. Best is trial 790 with value: 0.8225378298635823.
[I 2025-04-07 04:31:26,364] Trial 1051 finished with value: 0.8196870809983464 and parameters: {'lambda_l1': 8.840927296372655e-08, 'lambda_l2': 0.09970102544444823, 'num_leaves': 50, 'feature_fraction': 0.5341380838224637, 'bagging_fraction': 0.8218499711087444, 'bagging_freq': 3, 'min_child_samples': 118}. Best is trial 790 with value: 0.8225378298635823.
[I 2025-04-07 04:31:28,007] Trial 1052 finished with value: 0.8195193836864589 and parameters: {'lambda_l1': 1.6694381947056468e-09, 'lambda_l2': 0.6179994459587772, 'num_leaves': 40, 'feature_fraction': 0.548270212570454, 'bagging_fraction': 0.8473382129095862, 'bagging_freq': 1, 'min_child_samples': 123}. Best is trial 790 with value: 0.8225378298635823.
[I 2025-04-07 04:31:29,738] Trial 1053 finished with value: 0.8204835509725671 and parameters: {'lambda_l1': 3.697049020247233e-05, 'lambda_l2': 5.160773685385416, 'num_leaves': 42, 'feature_fraction': 0.575707757398315, 'bagging_fraction': 0.8061810031535468, 'bagging_freq': 2, 'min_child_samples': 128}. Best is trial 790 with value: 0.8225378298635823.
[I 2025-04-07 04:31:32,247] Trial 1054 finished with value: 0.8210284837653609 and parameters: {'lambda_l1': 7.813576957579732e-09, 'lambda_l2': 16.237492582699076, 'num_leaves': 46, 'feature_fraction': 0.5934728060715428, 'bagging_fraction': 0.8578698826251465, 'bagging_freq': 2, 'min_child_samples': 124}. Best is trial 790 with value: 0.8225378298635823.
[I 2025-04-07 04:31:33,910] Trial 1055 finished with value: 0.8212380922256137 and parameters: {'lambda_l1': 2.8571420956772807e-07, 'lambda_l2': 1.8291216410185391, 'num_leaves': 33, 'feature_fraction': 0.6189781069779206, 'bagging_fraction': 0.8351682277340856, 'bagging_freq': 1, 'min_child_samples': 121}. Best is trial 790 with value: 0.8225378298635823.
[I 2025-04-07 04:31:35,583] Trial 1056 finished with value: 0.8203995178021337 and parameters: {'lambda_l1': 0.0002621348760364376, 'lambda_l2': 7.273097495650067, 'num_leaves': 37, 'feature_fraction': 0.6049214788652135, 'bagging_fraction': 0.8418875338965435, 'bagging_freq': 3, 'min_child_samples': 117}. Best is trial 790 with value: 0.8225378298635823.
[I 2025-04-07 04:31:37,082] Trial 1057 finished with value: 0.8209027327474558 and parameters: {'lambda_l1': 2.6311001746972314e-09, 'lambda_l2': 3.859465213639194, 'num_leaves': 27, 'feature_fraction': 0.5592801584614714, 'bagging_fraction': 0.8687186863433468, 'bagging_freq': 2, 'min_child_samples': 125}. Best is trial 790 with value: 0.8225378298635823.
[I 2025-04-07 04:31:38,644] Trial 1058 finished with value: 0.8186390914155073 and parameters: {'lambda_l1': 0.003428264301509333, 'lambda_l2': 1.0804004159194778, 'num_leaves': 35, 'feature_fraction': 0.6753594482832551, 'bagging_fraction': 0.8194230292102515, 'bagging_freq': 2, 'min_child_samples': 115}. Best is trial 790 with value: 0.8225378298635823.
[I 2025-04-07 04:31:40,106] Trial 1059 finished with value: 0.8194772089459654 and parameters: {'lambda_l1': 7.22810983683834e-06, 'lambda_l2': 0.390116239493191, 'num_leaves': 24, 'feature_fraction': 0.5804739821055673, 'bagging_fraction': 0.8310527040627784, 'bagging_freq': 1, 'min_child_samples': 128}. Best is trial 790 with value: 0.8225378298635823.
[I 2025-04-07 04:31:42,585] Trial 1060 finished with value: 0.8199384248788795 and parameters: {'lambda_l1': 2.558785470188511e-06, 'lambda_l2': 28.287052290738966, 'num_leaves': 39, 'feature_fraction': 0.4822069306480166, 'bagging_fraction': 0.8526000689379527, 'bagging_freq': 2, 'min_child_samples': 121}. Best is trial 790 with value: 0.8225378298635823.
[I 2025-04-07 04:31:45,481] Trial 1061 finished with value: 0.8184291490718921 and parameters: {'lambda_l1': 2.428472756127489e-08, 'lambda_l2': 2.4844925814303647, 'num_leaves': 86, 'feature_fraction': 0.6378484868345395, 'bagging_fraction': 0.8891534816565922, 'bagging_freq': 1, 'min_child_samples': 125}. Best is trial 790 with value: 0.8225378298635823.
[I 2025-04-07 04:31:47,120] Trial 1062 finished with value: 0.8204415519601589 and parameters: {'lambda_l1': 4.9439472479376675e-09, 'lambda_l2': 9.172908314078572e-09, 'num_leaves': 30, 'feature_fraction': 0.5951093036476487, 'bagging_fraction': 0.8616498683722468, 'bagging_freq': 3, 'min_child_samples': 123}. Best is trial 790 with value: 0.8225378298635823.
[I 2025-04-07 04:31:49,082] Trial 1063 finished with value: 0.8194772616643909 and parameters: {'lambda_l1': 1.8588501039153977e-09, 'lambda_l2': 0.7288360371654592, 'num_leaves': 42, 'feature_fraction': 0.5690177199598896, 'bagging_fraction': 0.8427853297879543, 'bagging_freq': 2, 'min_child_samples': 119}. Best is trial 790 with value: 0.8225378298635823.
[I 2025-04-07 04:31:50,904] Trial 1064 finished with value: 0.8211543753657342 and parameters: {'lambda_l1': 1.062043507781182e-08, 'lambda_l2': 4.623357720869379, 'num_leaves': 45, 'feature_fraction': 0.5421347379792167, 'bagging_fraction': 0.8099530029950003, 'bagging_freq': 2, 'min_child_samples': 126}. Best is trial 790 with value: 0.8225378298635823.
[I 2025-04-07 04:31:53,169] Trial 1065 finished with value: 0.8206092316992379 and parameters: {'lambda_l1': 1.535739955244818e-05, 'lambda_l2': 9.089202842476876, 'num_leaves': 38, 'feature_fraction': 0.5848977597588376, 'bagging_fraction': 0.8271103645824496, 'bagging_freq': 1, 'min_child_samples': 122}. Best is trial 790 with value: 0.8225378298635823.
[I 2025-04-07 04:31:54,648] Trial 1066 finished with value: 0.8205255675577838 and parameters: {'lambda_l1': 7.467604536454159e-05, 'lambda_l2': 1.513520695741861, 'num_leaves': 32, 'feature_fraction': 0.609715871594919, 'bagging_fraction': 0.7872730739749664, 'bagging_freq': 2, 'min_child_samples': 128}. Best is trial 790 with value: 0.8225378298635823.
[I 2025-04-07 04:31:56,382] Trial 1067 finished with value: 0.820273907366697 and parameters: {'lambda_l1': 2.6742629174817057e-09, 'lambda_l2': 16.09545811628007, 'num_leaves': 35, 'feature_fraction': 0.5221736232387967, 'bagging_fraction': 0.8759299957414938, 'bagging_freq': 1, 'min_child_samples': 117}. Best is trial 790 with value: 0.8225378298635823.
[I 2025-04-07 04:31:58,510] Trial 1068 finished with value: 0.8214058246831183 and parameters: {'lambda_l1': 3.6131407545723097e-06, 'lambda_l2': 2.872828486524435, 'num_leaves': 53, 'feature_fraction': 0.5514770215972327, 'bagging_fraction': 0.8503802621577965, 'bagging_freq': 2, 'min_child_samples': 125}. Best is trial 790 with value: 0.8225378298635823.
[I 2025-04-07 04:32:00,551] Trial 1069 finished with value: 0.8203996759574105 and parameters: {'lambda_l1': 5.8268518023195035e-09, 'lambda_l2': 5.8234076001102375, 'num_leaves': 42, 'feature_fraction': 0.6283810164797892, 'bagging_fraction': 0.8355137921059501, 'bagging_freq': 3, 'min_child_samples': 120}. Best is trial 790 with value: 0.8225378298635823.
[I 2025-04-07 04:32:02,730] Trial 1070 finished with value: 0.8199803711728618 and parameters: {'lambda_l1': 0.0001383469281507685, 'lambda_l2': 2.0150168362067875, 'num_leaves': 48, 'feature_fraction': 0.5689859686193455, 'bagging_fraction': 0.817115444064571, 'bagging_freq': 2, 'min_child_samples': 114}. Best is trial 790 with value: 0.8225378298635823.
[I 2025-04-07 04:32:05,125] Trial 1071 finished with value: 0.8205673908421065 and parameters: {'lambda_l1': 1.009357174525565e-09, 'lambda_l2': 0.24303258293935873, 'num_leaves': 40, 'feature_fraction': 0.5950504591366017, 'bagging_fraction': 0.7448676304556509, 'bagging_freq': 1, 'min_child_samples': 123}. Best is trial 790 with value: 0.8225378298635823.
[I 2025-04-07 04:32:06,910] Trial 1072 finished with value: 0.8207351760180368 and parameters: {'lambda_l1': 3.8418758031769475e-09, 'lambda_l2': 0.4996957447790512, 'num_leaves': 36, 'feature_fraction': 0.5796560235970547, 'bagging_fraction': 0.8987763814233147, 'bagging_freq': 2, 'min_child_samples': 126}. Best is trial 790 with value: 0.8225378298635823.
[I 2025-04-07 04:32:08,855] Trial 1073 finished with value: 0.8206929485591175 and parameters: {'lambda_l1': 5.943662523997839e-06, 'lambda_l2': 1.0720048199342727, 'num_leaves': 44, 'feature_fraction': 0.5578862983868175, 'bagging_fraction': 0.8613150139294783, 'bagging_freq': 2, 'min_child_samples': 111}. Best is trial 790 with value: 0.8225378298635823.
[I 2025-04-07 04:32:11,256] Trial 1074 finished with value: 0.8191420779143186 and parameters: {'lambda_l1': 1.7403431374387984e-06, 'lambda_l2': 9.994514593246477, 'num_leaves': 59, 'feature_fraction': 0.6064186292511697, 'bagging_fraction': 0.8308797101115468, 'bagging_freq': 1, 'min_child_samples': 121}. Best is trial 790 with value: 0.8225378298635823.
[I 2025-04-07 04:32:13,134] Trial 1075 finished with value: 0.8205253918296984 and parameters: {'lambda_l1': 2.4892488881533043e-05, 'lambda_l2': 3.5123392137337395, 'num_leaves': 38, 'feature_fraction': 0.5928023830059804, 'bagging_fraction': 0.802231706308952, 'bagging_freq': 3, 'min_child_samples': 128}. Best is trial 790 with value: 0.8225378298635823.
[I 2025-04-07 04:32:15,098] Trial 1076 finished with value: 0.820567338123681 and parameters: {'lambda_l1': 5.583948222290264e-08, 'lambda_l2': 0.001734245157379885, 'num_leaves': 29, 'feature_fraction': 0.5730928362444535, 'bagging_fraction': 0.8481216129790019, 'bagging_freq': 2, 'min_child_samples': 61}. Best is trial 790 with value: 0.8225378298635823.
[I 2025-04-07 04:32:16,587] Trial 1077 finished with value: 0.82044178040667 and parameters: {'lambda_l1': 2.187644410239618e-09, 'lambda_l2': 1.9716106048954471, 'num_leaves': 32, 'feature_fraction': 0.5276934287094516, 'bagging_fraction': 0.8712859277818222, 'bagging_freq': 1, 'min_child_samples': 74}. Best is trial 790 with value: 0.8225378298635823.
[I 2025-04-07 04:32:18,474] Trial 1078 finished with value: 0.8193098103718232 and parameters: {'lambda_l1': 1.1124941718313028e-05, 'lambda_l2': 6.786127822741536, 'num_leaves': 46, 'feature_fraction': 0.6192755309628619, 'bagging_fraction': 0.8386714675059165, 'bagging_freq': 2, 'min_child_samples': 124}. Best is trial 790 with value: 0.8225378298635823.
[I 2025-04-07 04:32:20,170] Trial 1079 finished with value: 0.8178840932694387 and parameters: {'lambda_l1': 1.5566607871732107e-08, 'lambda_l2': 69.51966851583192, 'num_leaves': 41, 'feature_fraction': 0.5857726924496179, 'bagging_fraction': 0.8190303603873359, 'bagging_freq': 2, 'min_child_samples': 118}. Best is trial 790 with value: 0.8225378298635823.
[I 2025-04-07 04:32:21,994] Trial 1080 finished with value: 0.8191839363442582 and parameters: {'lambda_l1': 1.7657627053421884e-07, 'lambda_l2': 0.6988294521119367, 'num_leaves': 34, 'feature_fraction': 0.5621134543740279, 'bagging_fraction': 0.855231607936076, 'bagging_freq': 3, 'min_child_samples': 123}. Best is trial 790 with value: 0.8225378298635823.
[I 2025-04-07 04:32:23,872] Trial 1081 finished with value: 0.8206510725563693 and parameters: {'lambda_l1': 9.056444732387484e-09, 'lambda_l2': 19.70431333766096, 'num_leaves': 38, 'feature_fraction': 0.6023152824571554, 'bagging_fraction': 0.8827205329676849, 'bagging_freq': 1, 'min_child_samples': 126}. Best is trial 790 with value: 0.8225378298635823.
[I 2025-04-07 04:32:26,221] Trial 1082 finished with value: 0.8194773143828167 and parameters: {'lambda_l1': 3.8005038318331925e-09, 'lambda_l2': 3.660901102198251, 'num_leaves': 44, 'feature_fraction': 0.9590355334640908, 'bagging_fraction': 0.6400522800313891, 'bagging_freq': 2, 'min_child_samples': 119}. Best is trial 790 with value: 0.8225378298635823.
[I 2025-04-07 04:32:28,125] Trial 1083 finished with value: 0.8210286067750205 and parameters: {'lambda_l1': 1.6129248735971186e-09, 'lambda_l2': 1.4183771480268836, 'num_leaves': 50, 'feature_fraction': 0.5386924551542472, 'bagging_fraction': 0.827222227543458, 'bagging_freq': 2, 'min_child_samples': 116}. Best is trial 790 with value: 0.8225378298635823.
[I 2025-04-07 04:32:29,966] Trial 1084 finished with value: 0.8206512834300715 and parameters: {'lambda_l1': 4.350263088549845e-07, 'lambda_l2': 10.9746557743706, 'num_leaves': 41, 'feature_fraction': 0.5798254394078314, 'bagging_fraction': 0.841211239583895, 'bagging_freq': 1, 'min_child_samples': 121}. Best is trial 790 with value: 0.8225378298635823.
[I 2025-04-07 04:32:31,763] Trial 1085 finished with value: 0.8199384775973051 and parameters: {'lambda_l1': 5.617475639655817e-05, 'lambda_l2': 2.604450647955976, 'num_leaves': 36, 'feature_fraction': 0.5507919133806948, 'bagging_fraction': 0.8609778299743698, 'bagging_freq': 2, 'min_child_samples': 126}. Best is trial 790 with value: 0.8225378298635823.
[I 2025-04-07 04:32:33,479] Trial 1086 finished with value: 0.819393474513277 and parameters: {'lambda_l1': 1.0047727494543889e-09, 'lambda_l2': 4.900020528854306, 'num_leaves': 31, 'feature_fraction': 0.5908192220684109, 'bagging_fraction': 0.8108756258555648, 'bagging_freq': 3, 'min_child_samples': 105}. Best is trial 790 with value: 0.8225378298635823.
[I 2025-04-07 04:32:35,905] Trial 1087 finished with value: 0.8199385127429222 and parameters: {'lambda_l1': 5.1132586285326805e-06, 'lambda_l2': 0.9449572169577045, 'num_leaves': 38, 'feature_fraction': 0.615919697710089, 'bagging_fraction': 0.8463998060316016, 'bagging_freq': 2, 'min_child_samples': 123}. Best is trial 790 with value: 0.8225378298635823.
[I 2025-04-07 04:32:38,064] Trial 1088 finished with value: 0.8176745726732284 and parameters: {'lambda_l1': 2.638930318064882e-09, 'lambda_l2': 0.3176707213047342, 'num_leaves': 97, 'feature_fraction': 0.5674851240064016, 'bagging_fraction': 0.43038021864834963, 'bagging_freq': 1, 'min_child_samples': 124}. Best is trial 790 with value: 0.8225378298635823.
[I 2025-04-07 04:32:39,626] Trial 1089 finished with value: 0.8216154507161798 and parameters: {'lambda_l1': 5.128355848427783e-09, 'lambda_l2': 0.006112998213423682, 'num_leaves': 34, 'feature_fraction': 0.6011263084467535, 'bagging_fraction': 0.8283229590839098, 'bagging_freq': 2, 'min_child_samples': 128}. Best is trial 790 with value: 0.8225378298635823.
[I 2025-04-07 04:32:41,742] Trial 1090 finished with value: 0.8193933163580003 and parameters: {'lambda_l1': 2.1199660242087348e-06, 'lambda_l2': 28.34950141253523, 'num_leaves': 47, 'feature_fraction': 0.810823773181555, 'bagging_fraction': 0.8702630458492897, 'bagging_freq': 5, 'min_child_samples': 119}. Best is trial 790 with value: 0.8225378298635823.
[I 2025-04-07 04:32:43,483] Trial 1091 finished with value: 0.8195609960970793 and parameters: {'lambda_l1': 8.759795298729606e-06, 'lambda_l2': 0.15038739713687987, 'num_leaves': 41, 'feature_fraction': 0.5762950394426852, 'bagging_fraction': 0.8379171912217295, 'bagging_freq': 1, 'min_child_samples': 113}. Best is trial 790 with value: 0.8225378298635823.
[I 2025-04-07 04:32:45,740] Trial 1092 finished with value: 0.8203576945178108 and parameters: {'lambda_l1': 0.03638765161443539, 'lambda_l2': 6.4398519672626735, 'num_leaves': 43, 'feature_fraction': 0.5556059080539533, 'bagging_fraction': 0.7997402420714419, 'bagging_freq': 2, 'min_child_samples': 121}. Best is trial 790 with value: 0.8225378298635823.
[I 2025-04-07 04:32:47,260] Trial 1093 finished with value: 0.8200641934695929 and parameters: {'lambda_l1': 2.6046424242552566e-08, 'lambda_l2': 0.0003297052100651448, 'num_leaves': 28, 'feature_fraction': 0.5902755557950594, 'bagging_fraction': 0.8528639069771219, 'bagging_freq': 2, 'min_child_samples': 126}. Best is trial 790 with value: 0.8225378298635823.
[I 2025-04-07 04:32:48,998] Trial 1094 finished with value: 0.8208607513078563 and parameters: {'lambda_l1': 2.1192202258078247e-09, 'lambda_l2': 1.5263293829978304, 'num_leaves': 36, 'feature_fraction': 0.5067039551358216, 'bagging_fraction': 0.819830820532084, 'bagging_freq': 3, 'min_child_samples': 123}. Best is trial 790 with value: 0.8225378298635823.
[I 2025-04-07 04:32:50,937] Trial 1095 finished with value: 0.8201061573363839 and parameters: {'lambda_l1': 9.92858528489708e-09, 'lambda_l2': 14.055829118340721, 'num_leaves': 39, 'feature_fraction': 0.6102141819452486, 'bagging_fraction': 0.8345176405016815, 'bagging_freq': 1, 'min_child_samples': 116}. Best is trial 790 with value: 0.8225378298635823.
[I 2025-04-07 04:32:52,549] Trial 1096 finished with value: 0.8219088639003551 and parameters: {'lambda_l1': 1.6885752412227217e-05, 'lambda_l2': 2.699069348319418, 'num_leaves': 33, 'feature_fraction': 0.5380389934308882, 'bagging_fraction': 0.925016593147194, 'bagging_freq': 2, 'min_child_samples': 128}. Best is trial 790 with value: 0.8225378298635823.
[I 2025-04-07 04:32:54,081] Trial 1097 finished with value: 0.8193516863745713 and parameters: {'lambda_l1': 2.577469572653617e-05, 'lambda_l2': 2.450002135837901, 'num_leaves': 34, 'feature_fraction': 0.5225572851922643, 'bagging_fraction': 0.924451582419886, 'bagging_freq': 3, 'min_child_samples': 128}. Best is trial 790 with value: 0.8225378298635823.
