[I 2025-04-07 04:44:52,788] Trial 1464 finished with value: 0.8206513361484973 and parameters: {'lambda_l1': 1.0992637939353178e-06, 'lambda_l2': 3.4385071037564203, 'num_leaves': 31, 'feature_fraction': 0.5825908749873432, 'bagging_fraction': 0.8329455547156356, 'bagging_freq': 2, 'min_child_samples': 62}. Best is trial 790 with value: 0.8225378298635823.
[I 2025-04-07 04:44:54,614] Trial 1465 finished with value: 0.8213638256707103 and parameters: {'lambda_l1': 3.632848668632381e-06, 'lambda_l2': 6.283695620660399, 'num_leaves': 35, 'feature_fraction': 0.6061495209410533, 'bagging_fraction': 0.8672505712968345, 'bagging_freq': 2, 'min_child_samples': 121}. Best is trial 790 with value: 0.8225378298635823.
[I 2025-04-07 04:44:56,203] Trial 1466 finished with value: 0.8208607337350479 and parameters: {'lambda_l1': 8.486138392576725e-07, 'lambda_l2': 3.9258213483738476, 'num_leaves': 28, 'feature_fraction': 0.5733683001477521, 'bagging_fraction': 0.8185084226713506, 'bagging_freq': 1, 'min_child_samples': 124}. Best is trial 790 with value: 0.8225378298635823.
[I 2025-04-07 04:44:58,165] Trial 1467 finished with value: 0.820525216101613 and parameters: {'lambda_l1': 5.727211580107058e-06, 'lambda_l2': 11.636013740986224, 'num_leaves': 39, 'feature_fraction': 0.5654732897401303, 'bagging_fraction': 0.846753199096234, 'bagging_freq': 2, 'min_child_samples': 113}. Best is trial 790 with value: 0.8225378298635823.
[I 2025-04-07 04:45:00,574] Trial 1468 finished with value: 0.8212799858011707 and parameters: {'lambda_l1': 2.858923365815156e-06, 'lambda_l2': 6.271730906715366, 'num_leaves': 42, 'feature_fraction': 0.591720427038044, 'bagging_fraction': 0.8297121173894441, 'bagging_freq': 2, 'min_child_samples': 119}. Best is trial 790 with value: 0.8225378298635823.
[I 2025-04-07 04:45:02,263] Trial 1469 finished with value: 0.8198545498637229 and parameters: {'lambda_l1': 1.625538324984338e-06, 'lambda_l2': 2.713461700528428, 'num_leaves': 34, 'feature_fraction': 0.6101761201268104, 'bagging_fraction': 0.8609549279897549, 'bagging_freq': 3, 'min_child_samples': 124}. Best is trial 790 with value: 0.8225378298635823.
[I 2025-04-07 04:45:03,933] Trial 1470 finished with value: 0.8206092844176635 and parameters: {'lambda_l1': 3.90257208933332e-06, 'lambda_l2': 2.5010486484657934, 'num_leaves': 38, 'feature_fraction': 0.5860826867297119, 'bagging_fraction': 0.8084627984543892, 'bagging_freq': 2, 'min_child_samples': 122}. Best is trial 790 with value: 0.8225378298635823.
[I 2025-04-07 04:45:05,566] Trial 1471 finished with value: 0.8193514755008688 and parameters: {'lambda_l1': 5.425159777374128e-06, 'lambda_l2': 5.606067007762619, 'num_leaves': 36, 'feature_fraction': 0.6281750439916773, 'bagging_fraction': 0.8418874591457487, 'bagging_freq': 1, 'min_child_samples': 117}. Best is trial 790 with value: 0.8225378298635823.
[I 2025-04-07 04:45:07,287] Trial 1472 finished with value: 0.8199805117553304 and parameters: {'lambda_l1': 1.2679652217421232e-07, 'lambda_l2': 0.0037493484689882913, 'num_leaves': 41, 'feature_fraction': 0.5991596926346048, 'bagging_fraction': 0.8750749821741042, 'bagging_freq': 2, 'min_child_samples': 125}. Best is trial 790 with value: 0.8225378298635823.
[I 2025-04-07 04:45:09,028] Trial 1473 finished with value: 0.8198128671618685 and parameters: {'lambda_l1': 2.3134608619397897e-07, 'lambda_l2': 23.946303033622215, 'num_leaves': 32, 'feature_fraction': 0.5757442689248486, 'bagging_fraction': 0.8206165543124357, 'bagging_freq': 3, 'min_child_samples': 121}. Best is trial 790 with value: 0.8225378298635823.
[I 2025-04-07 04:45:11,176] Trial 1474 finished with value: 0.820148156348792 and parameters: {'lambda_l1': 2.502609876609426e-06, 'lambda_l2': 11.026484235042112, 'num_leaves': 39, 'feature_fraction': 0.5649027775563626, 'bagging_fraction': 0.8544911063711775, 'bagging_freq': 1, 'min_child_samples': 125}. Best is trial 790 with value: 0.8225378298635823.
[I 2025-04-07 04:45:12,950] Trial 1475 finished with value: 0.8216574848742051 and parameters: {'lambda_l1': 1.3753780328446104e-06, 'lambda_l2': 3.642859930177385, 'num_leaves': 37, 'feature_fraction': 0.5845173264424346, 'bagging_fraction': 0.8365979087612356, 'bagging_freq': 2, 'min_child_samples': 123}. Best is trial 790 with value: 0.8225378298635823.
[I 2025-04-07 04:45:14,288] Trial 1476 finished with value: 0.819477454965285 and parameters: {'lambda_l1': 7.657598276694399e-06, 'lambda_l2': 2.089963447132949, 'num_leaves': 21, 'feature_fraction': 0.6024817471583178, 'bagging_fraction': 0.8472234079947439, 'bagging_freq': 2, 'min_child_samples': 120}. Best is trial 790 with value: 0.8225378298635823.
[I 2025-04-07 04:45:15,626] Trial 1477 finished with value: 0.8192258474926237 and parameters: {'lambda_l1': 6.440835071991976e-07, 'lambda_l2': 0.01112337756892038, 'num_leaves': 24, 'feature_fraction': 0.6167859102404262, 'bagging_fraction': 0.8287351311171116, 'bagging_freq': 13, 'min_child_samples': 126}. Best is trial 790 with value: 0.8225378298635823.
[I 2025-04-07 04:45:17,515] Trial 1478 finished with value: 0.8201480509119408 and parameters: {'lambda_l1': 4.443613801906713e-06, 'lambda_l2': 0.032710916703988145, 'num_leaves': 42, 'feature_fraction': 0.5592024221921119, 'bagging_fraction': 0.8062940754018555, 'bagging_freq': 2, 'min_child_samples': 118}. Best is trial 790 with value: 0.8225378298635823.
[I 2025-04-07 04:45:19,377] Trial 1479 finished with value: 0.8206930188503516 and parameters: {'lambda_l1': 8.429155283876883e-06, 'lambda_l2': 7.927441598992688, 'num_leaves': 34, 'feature_fraction': 0.5786538818123006, 'bagging_fraction': 0.8678199135796717, 'bagging_freq': 1, 'min_child_samples': 123}. Best is trial 790 with value: 0.8225378298635823.
[I 2025-04-07 04:45:21,267] Trial 1480 finished with value: 0.8178000425261966 and parameters: {'lambda_l1': 2.6063288274813337e-06, 'lambda_l2': 0.0019540633417465033, 'num_leaves': 31, 'feature_fraction': 0.5931731450934872, 'bagging_fraction': 0.42364967323980035, 'bagging_freq': 2, 'min_child_samples': 125}. Best is trial 790 with value: 0.8225378298635823.
[I 2025-04-07 04:45:23,291] Trial 1481 finished with value: 0.8212800912380219 and parameters: {'lambda_l1': 1.3330856010051758e-05, 'lambda_l2': 4.269491464949047, 'num_leaves': 39, 'feature_fraction': 0.5680641034089636, 'bagging_fraction': 0.8385634360430307, 'bagging_freq': 2, 'min_child_samples': 115}. Best is trial 790 with value: 0.8225378298635823.
[I 2025-04-07 04:45:24,969] Trial 1482 finished with value: 0.8205675138517664 and parameters: {'lambda_l1': 4.407885816014718e-06, 'lambda_l2': 17.13171265243168, 'num_leaves': 27, 'feature_fraction': 0.6095380661236358, 'bagging_fraction': 0.8933214665627882, 'bagging_freq': 9, 'min_child_samples': 109}. Best is trial 790 with value: 0.8225378298635823.
[I 2025-04-07 04:45:26,748] Trial 1483 finished with value: 0.8198127617250173 and parameters: {'lambda_l1': 6.741161472528765e-06, 'lambda_l2': 2.1280705723026947, 'num_leaves': 35, 'feature_fraction': 0.5948652263473012, 'bagging_fraction': 0.8222094354050462, 'bagging_freq': 3, 'min_child_samples': 121}. Best is trial 790 with value: 0.8225378298635823.
[I 2025-04-07 04:45:28,681] Trial 1484 finished with value: 0.8195191728127564 and parameters: {'lambda_l1': 1.2881274755346765e-06, 'lambda_l2': 36.361365780494154, 'num_leaves': 42, 'feature_fraction': 0.5818303453497988, 'bagging_fraction': 0.8552675636264688, 'bagging_freq': 1, 'min_child_samples': 126}. Best is trial 790 with value: 0.8225378298635823.
[I 2025-04-07 04:45:30,963] Trial 1485 finished with value: 0.8198545850093399 and parameters: {'lambda_l1': 3.245862333627168e-07, 'lambda_l2': 5.753995822282426, 'num_leaves': 67, 'feature_fraction': 0.6228855101985689, 'bagging_fraction': 0.7881781335836877, 'bagging_freq': 6, 'min_child_samples': 119}. Best is trial 790 with value: 0.8225378298635823.
[I 2025-04-07 04:45:33,330] Trial 1486 finished with value: 0.8201480157663239 and parameters: {'lambda_l1': 2.056467418152089e-05, 'lambda_l2': 3.152416381626527, 'num_leaves': 37, 'feature_fraction': 0.6642705509536999, 'bagging_fraction': 0.8436164462401229, 'bagging_freq': 8, 'min_child_samples': 122}. Best is trial 790 with value: 0.8225378298635823.
[I 2025-04-07 04:45:35,023] Trial 1487 finished with value: 0.8205674787061493 and parameters: {'lambda_l1': 1.9416556090505787e-06, 'lambda_l2': 7.666476854161524, 'num_leaves': 33, 'feature_fraction': 0.5608373249214871, 'bagging_fraction': 0.8184461930758824, 'bagging_freq': 2, 'min_child_samples': 126}. Best is trial 790 with value: 0.8225378298635823.
[I 2025-04-07 04:45:36,771] Trial 1488 finished with value: 0.8198125859969319 and parameters: {'lambda_l1': 9.498041405082153e-06, 'lambda_l2': 2.0049506996325235, 'num_leaves': 40, 'feature_fraction': 0.6010083759970042, 'bagging_fraction': 0.9283495718416992, 'bagging_freq': 2, 'min_child_samples': 123}. Best is trial 790 with value: 0.8225378298635823.
[I 2025-04-07 04:45:38,466] Trial 1489 finished with value: 0.8211961107860143 and parameters: {'lambda_l1': 3.6478054390546903e-06, 'lambda_l2': 11.000244169397275, 'num_leaves': 30, 'feature_fraction': 0.5758460016659253, 'bagging_fraction': 0.7292829442612244, 'bagging_freq': 1, 'min_child_samples': 128}. Best is trial 790 with value: 0.8225378298635823.
[I 2025-04-07 04:45:40,488] Trial 1490 finished with value: 0.8194355789625366 and parameters: {'lambda_l1': 5.756491609544653e-06, 'lambda_l2': 4.506952052824256, 'num_leaves': 43, 'feature_fraction': 0.5875327192183121, 'bagging_fraction': 0.8807121747620892, 'bagging_freq': 4, 'min_child_samples': 117}. Best is trial 790 with value: 0.8225378298635823.
[I 2025-04-07 04:45:43,041] Trial 1491 finished with value: 0.8194354208072598 and parameters: {'lambda_l1': 8.216796754902302e-07, 'lambda_l2': 1.2424487777036615, 'num_leaves': 36, 'feature_fraction': 0.642713513151774, 'bagging_fraction': 0.9780434063859329, 'bagging_freq': 3, 'min_child_samples': 112}. Best is trial 790 with value: 0.8225378298635823.
[I 2025-04-07 04:45:44,808] Trial 1492 finished with value: 0.8199383545876453 and parameters: {'lambda_l1': 1.4332660359264438e-05, 'lambda_l2': 3.0011753432126933, 'num_leaves': 41, 'feature_fraction': 0.5601102711440579, 'bagging_fraction': 0.5992659215343905, 'bagging_freq': 2, 'min_child_samples': 87}. Best is trial 790 with value: 0.8225378298635823.
[I 2025-04-07 04:45:49,236] Trial 1493 finished with value: 0.8203995880933679 and parameters: {'lambda_l1': 1.0166191664549057e-09, 'lambda_l2': 0.00847679818972006, 'num_leaves': 38, 'feature_fraction': 0.6083038454569735, 'bagging_fraction': 0.8599613559371561, 'bagging_freq': 2, 'min_child_samples': 124}. Best is trial 790 with value: 0.8225378298635823.
[I 2025-04-07 04:45:52,959] Trial 1494 finished with value: 0.8193934217948515 and parameters: {'lambda_l1': 6.651306869177428e-05, 'lambda_l2': 0.016359406396869624, 'num_leaves': 34, 'feature_fraction': 0.5693556410115135, 'bagging_fraction': 0.8342307148506303, 'bagging_freq': 1, 'min_child_samples': 120}. Best is trial 790 with value: 0.8225378298635823.
[I 2025-04-07 04:45:54,963] Trial 1495 finished with value: 0.8206510901291777 and parameters: {'lambda_l1': 2.653973108370761e-06, 'lambda_l2': 1.599332130034989, 'num_leaves': 44, 'feature_fraction': 0.5943490359463268, 'bagging_fraction': 0.8013779285437094, 'bagging_freq': 2, 'min_child_samples': 126}. Best is trial 790 with value: 0.8225378298635823.
[I 2025-04-07 04:45:55,980] Trial 1496 finished with value: 0.8159138651216653 and parameters: {'lambda_l1': 3.3431032826780545e-05, 'lambda_l2': 0.00030967742800529907, 'num_leaves': 11, 'feature_fraction': 0.5803135227761732, 'bagging_fraction': 0.8508707581786886, 'bagging_freq': 3, 'min_child_samples': 122}. Best is trial 790 with value: 0.8225378298635823.
[I 2025-04-07 04:45:57,959] Trial 1497 finished with value: 0.8201899972059234 and parameters: {'lambda_l1': 1.0265151113307142e-05, 'lambda_l2': 7.329946203771494, 'num_leaves': 39, 'feature_fraction': 0.5560766188969095, 'bagging_fraction': 0.9102885462655912, 'bagging_freq': 1, 'min_child_samples': 126}. Best is trial 790 with value: 0.8225378298635823.
[I 2025-04-07 04:45:59,705] Trial 1498 finished with value: 0.8189323815900227 and parameters: {'lambda_l1': 6.01502847954687e-06, 'lambda_l2': 4.200605743371968, 'num_leaves': 29, 'feature_fraction': 0.8832199236026006, 'bagging_fraction': 0.8294396259975154, 'bagging_freq': 2, 'min_child_samples': 119}. Best is trial 790 with value: 0.8225378298635823.
[I 2025-04-07 04:46:01,350] Trial 1499 finished with value: 0.8197708857222687 and parameters: {'lambda_l1': 4.2666861034066107e-07, 'lambda_l2': 14.385244498511343, 'num_leaves': 32, 'feature_fraction': 0.4309610034881839, 'bagging_fraction': 0.8148291557694882, 'bagging_freq': 2, 'min_child_samples': 123}. Best is trial 790 with value: 0.8225378298635823.
[I 2025-04-07 04:46:03,672] Trial 1500 finished with value: 0.8196870634255378 and parameters: {'lambda_l1': 2.076174803044177e-05, 'lambda_l2': 2.723574871135731, 'num_leaves': 36, 'feature_fraction': 0.6179873016200678, 'bagging_fraction': 0.8691721195749834, 'bagging_freq': 2, 'min_child_samples': 115}. Best is trial 790 with value: 0.8225378298635823.
[I 2025-04-07 04:46:05,441] Trial 1501 finished with value: 0.8208606985894307 and parameters: {'lambda_l1': 4.285077235197712e-06, 'lambda_l2': 5.521676118013699, 'num_leaves': 40, 'feature_fraction': 0.6003858926418834, 'bagging_fraction': 0.8412766186860681, 'bagging_freq': 2, 'min_child_samples': 124}. Best is trial 790 with value: 0.8225378298635823.
[I 2025-04-07 04:46:07,206] Trial 1502 finished with value: 0.8199801602991595 and parameters: {'lambda_l1': 1.5942464914604995e-09, 'lambda_l2': 1.2311555822459123e-06, 'num_leaves': 42, 'feature_fraction': 0.629673931899265, 'bagging_fraction': 0.8551290528109153, 'bagging_freq': 1, 'min_child_samples': 128}. Best is trial 790 with value: 0.8225378298635823.
[I 2025-04-07 04:46:08,874] Trial 1503 finished with value: 0.8195191728127564 and parameters: {'lambda_l1': 1.5206738582049243e-06, 'lambda_l2': 1.4358249062581747, 'num_leaves': 38, 'feature_fraction': 0.5857757679749155, 'bagging_fraction': 0.6843707979169203, 'bagging_freq': 3, 'min_child_samples': 121}. Best is trial 790 with value: 0.8225378298635823.
[I 2025-04-07 04:46:10,704] Trial 1504 finished with value: 0.8213221429688558 and parameters: {'lambda_l1': 1.128491119012489e-05, 'lambda_l2': 9.219986938659824, 'num_leaves': 44, 'feature_fraction': 0.5661398363080645, 'bagging_fraction': 0.8279295248447216, 'bagging_freq': 2, 'min_child_samples': 117}. Best is trial 790 with value: 0.8225378298635823.
[I 2025-04-07 04:46:12,580] Trial 1505 finished with value: 0.8194351396423232 and parameters: {'lambda_l1': 1.3508163182350386e-07, 'lambda_l2': 2.1848360618528986, 'num_leaves': 34, 'feature_fraction': 0.6087871920334548, 'bagging_fraction': 0.8424743819168047, 'bagging_freq': 1, 'min_child_samples': 126}. Best is trial 790 with value: 0.8225378298635823.
[I 2025-04-07 04:46:14,795] Trial 1506 finished with value: 0.820064158323976 and parameters: {'lambda_l1': 7.2802602534058416e-06, 'lambda_l2': 0.0008259156277763631, 'num_leaves': 36, 'feature_fraction': 0.5528846465541927, 'bagging_fraction': 0.8096295790507347, 'bagging_freq': 2, 'min_child_samples': 124}. Best is trial 790 with value: 0.8225378298635823.
[I 2025-04-07 04:46:16,593] Trial 1507 finished with value: 0.8205254621209326 and parameters: {'lambda_l1': 2.419838533034027e-06, 'lambda_l2': 20.937676687940087, 'num_leaves': 31, 'feature_fraction': 0.5756875269456586, 'bagging_fraction': 0.82463961096326, 'bagging_freq': 2, 'min_child_samples': 121}. Best is trial 790 with value: 0.8225378298635823.
[I 2025-04-07 04:46:18,450] Trial 1508 finished with value: 0.8219088814731638 and parameters: {'lambda_l1': 0.000263298995896303, 'lambda_l2': 4.0460205953166435, 'num_leaves': 46, 'feature_fraction': 0.5898432263240614, 'bagging_fraction': 0.8619950560321382, 'bagging_freq': 3, 'min_child_samples': 128}. Best is trial 790 with value: 0.8225378298635823.
[I 2025-04-07 04:46:20,413] Trial 1509 finished with value: 0.8199387587622416 and parameters: {'lambda_l1': 0.0003836228004515957, 'lambda_l2': 6.36047768027352, 'num_leaves': 47, 'feature_fraction': 0.5701730296061757, 'bagging_fraction': 0.8842843889733711, 'bagging_freq': 4, 'min_child_samples': 128}. Best is trial 790 with value: 0.8225378298635823.
[I 2025-04-07 04:46:22,678] Trial 1510 finished with value: 0.8198126387153574 and parameters: {'lambda_l1': 7.780022315052424e-05, 'lambda_l2': 10.012865705510833, 'num_leaves': 55, 'feature_fraction': 0.5839160864160932, 'bagging_fraction': 0.8842883968562243, 'bagging_freq': 3, 'min_child_samples': 128}. Best is trial 790 with value: 0.8225378298635823.
[I 2025-04-07 04:46:25,315] Trial 1511 finished with value: 0.8185131646695171 and parameters: {'lambda_l1': 8.033173876764659e-05, 'lambda_l2': 4.6824583606513976e-07, 'num_leaves': 48, 'feature_fraction': 0.5937941671579104, 'bagging_fraction': 0.8989876719880074, 'bagging_freq': 3, 'min_child_samples': 128}. Best is trial 790 with value: 0.8225378298635823.
[I 2025-04-07 04:46:27,162] Trial 1512 finished with value: 0.8193097400805888 and parameters: {'lambda_l1': 0.00020396889939864048, 'lambda_l2': 4.060370808053833, 'num_leaves': 46, 'feature_fraction': 0.5590994491294186, 'bagging_fraction': 0.8736786867578011, 'bagging_freq': 3, 'min_child_samples': 128}. Best is trial 790 with value: 0.8225378298635823.
[I 2025-04-07 04:46:29,072] Trial 1513 finished with value: 0.8198546904461912 and parameters: {'lambda_l1': 0.0002366904924185501, 'lambda_l2': 13.853710890583505, 'num_leaves': 48, 'feature_fraction': 0.5791351368433724, 'bagging_fraction': 0.8685627347782896, 'bagging_freq': 3, 'min_child_samples': 128}. Best is trial 790 with value: 0.8225378298635823.
[I 2025-04-07 04:46:31,014] Trial 1514 finished with value: 0.8198966015945567 and parameters: {'lambda_l1': 0.0009598855637511979, 'lambda_l2': 1.2460418543639944, 'num_leaves': 50, 'feature_fraction': 0.6015959844371868, 'bagging_fraction': 0.8884115816746739, 'bagging_freq': 3, 'min_child_samples': 126}. Best is trial 790 with value: 0.8225378298635823.
[I 2025-04-07 04:46:32,947] Trial 1515 finished with value: 0.8198967070314078 and parameters: {'lambda_l1': 0.0003319625331394415, 'lambda_l2': 0.028191300244542708, 'num_leaves': 46, 'feature_fraction': 0.5507252443208152, 'bagging_fraction': 0.8639442215883164, 'bagging_freq': 3, 'min_child_samples': 126}. Best is trial 790 with value: 0.8225378298635823.
[I 2025-04-07 04:46:35,374] Trial 1516 finished with value: 0.8197288164186265 and parameters: {'lambda_l1': 0.0008535369122009065, 'lambda_l2': 2.440708290479224, 'num_leaves': 50, 'feature_fraction': 0.5918182550651648, 'bagging_fraction': 0.8771740943789974, 'bagging_freq': 3, 'min_child_samples': 128}. Best is trial 790 with value: 0.8225378298635823.
[I 2025-04-07 04:46:37,195] Trial 1517 finished with value: 0.820315800942254 and parameters: {'lambda_l1': 9.001319157074974e-05, 'lambda_l2': 4.32491326588321, 'num_leaves': 45, 'feature_fraction': 0.5700211652970693, 'bagging_fraction': 0.8611818066015423, 'bagging_freq': 2, 'min_child_samples': 126}. Best is trial 790 with value: 0.8225378298635823.
[I 2025-04-07 04:46:39,585] Trial 1518 finished with value: 0.8204416925426272 and parameters: {'lambda_l1': 0.0003779192171037722, 'lambda_l2': 7.493872522681555, 'num_leaves': 53, 'feature_fraction': 0.6156963881006474, 'bagging_fraction': 0.8958497592595208, 'bagging_freq': 2, 'min_child_samples': 126}. Best is trial 790 with value: 0.8225378298635823.
[I 2025-04-07 04:46:41,748] Trial 1519 finished with value: 0.8207768762926998 and parameters: {'lambda_l1': 0.0005644612314925168, 'lambda_l2': 1.4139744211421916, 'num_leaves': 46, 'feature_fraction': 0.5819451238050964, 'bagging_fraction': 0.8542419691697131, 'bagging_freq': 2, 'min_child_samples': 125}. Best is trial 790 with value: 0.8225378298635823.
[I 2025-04-07 04:46:43,805] Trial 1520 finished with value: 0.8188485592932919 and parameters: {'lambda_l1': 0.000549489444223474, 'lambda_l2': 0.002560109257982022, 'num_leaves': 43, 'feature_fraction': 0.6026321910479268, 'bagging_fraction': 0.8710965965829683, 'bagging_freq': 5, 'min_child_samples': 128}. Best is trial 790 with value: 0.8225378298635823.
[I 2025-04-07 04:46:46,188] Trial 1521 finished with value: 0.8201897863322211 and parameters: {'lambda_l1': 0.00024342659865134875, 'lambda_l2': 3.251273933692734, 'num_leaves': 44, 'feature_fraction': 0.5489354039040336, 'bagging_fraction': 0.8453090725819759, 'bagging_freq': 2, 'min_child_samples': 125}. Best is trial 790 with value: 0.8225378298635823.
[I 2025-04-07 04:46:48,061] Trial 1522 finished with value: 0.8209028206114984 and parameters: {'lambda_l1': 3.121475354935891e-05, 'lambda_l2': 28.083979840854898, 'num_leaves': 49, 'feature_fraction': 0.5659088665898069, 'bagging_fraction': 0.8604999785281123, 'bagging_freq': 4, 'min_child_samples': 124}. Best is trial 790 with value: 0.8225378298635823.
[I 2025-04-07 04:46:49,816] Trial 1523 finished with value: 0.8201482793584519 and parameters: {'lambda_l1': 0.00017112829704005487, 'lambda_l2': 5.375915673386828, 'num_leaves': 43, 'feature_fraction': 0.5896608922228241, 'bagging_fraction': 0.7944514637065707, 'bagging_freq': 7, 'min_child_samples': 128}. Best is trial 790 with value: 0.8225378298635823.
[I 2025-04-07 04:46:51,905] Trial 1524 finished with value: 0.8209445384589701 and parameters: {'lambda_l1': 0.00025717489541200104, 'lambda_l2': 0.04973380593696586, 'num_leaves': 47, 'feature_fraction': 0.6335779065919418, 'bagging_fraction': 0.8345633146155967, 'bagging_freq': 3, 'min_child_samples': 125}. Best is trial 790 with value: 0.8225378298635823.
