[I 2025-04-07 04:07:31,140] Trial 305 finished with value: 0.8211961459316311 and parameters: {'lambda_l1': 2.454067739410274e-05, 'lambda_l2': 10.172475084330076, 'num_leaves': 36, 'feature_fraction': 0.5771105226071815, 'bagging_fraction': 0.8485352173149386, 'bagging_freq': 1, 'min_child_samples': 128}. Best is trial 241 with value: 0.8223281511120952.
[I 2025-04-07 04:07:32,992] Trial 306 finished with value: 0.8204835509725671 and parameters: {'lambda_l1': 0.00011658736514117309, 'lambda_l2': 15.839599044324075, 'num_leaves': 36, 'feature_fraction': 0.5643679739160858, 'bagging_fraction': 0.865565607103573, 'bagging_freq': 1, 'min_child_samples': 128}. Best is trial 241 with value: 0.8223281511120952.
[I 2025-04-07 04:07:35,180] Trial 307 finished with value: 0.8203156427869771 and parameters: {'lambda_l1': 2.974468023121871e-05, 'lambda_l2': 8.438474025168285, 'num_leaves': 40, 'feature_fraction': 0.5458024627804193, 'bagging_fraction': 0.8481245451655718, 'bagging_freq': 1, 'min_child_samples': 126}. Best is trial 241 with value: 0.8223281511120952.
[I 2025-04-07 04:07:36,708] Trial 308 finished with value: 0.820399658384602 and parameters: {'lambda_l1': 0.00014766047490404882, 'lambda_l2': 0.0007462777946139817, 'num_leaves': 36, 'feature_fraction': 0.5824458870942283, 'bagging_fraction': 0.85269475925833, 'bagging_freq': 1, 'min_child_samples': 128}. Best is trial 241 with value: 0.8223281511120952.
[I 2025-04-07 04:07:38,373] Trial 309 finished with value: 0.821028554056595 and parameters: {'lambda_l1': 5.692516505106554e-05, 'lambda_l2': 11.840613334678443, 'num_leaves': 41, 'feature_fraction': 0.5760542721207621, 'bagging_fraction': 0.870721654107292, 'bagging_freq': 1, 'min_child_samples': 125}. Best is trial 241 with value: 0.8223281511120952.
[I 2025-04-07 04:07:40,136] Trial 310 finished with value: 0.8203158536606796 and parameters: {'lambda_l1': 5.553936437196282e-06, 'lambda_l2': 5.927537217709765, 'num_leaves': 38, 'feature_fraction': 0.6022904746760018, 'bagging_fraction': 0.8418812421696126, 'bagging_freq': 16, 'min_child_samples': 120}. Best is trial 241 with value: 0.8223281511120952.
[I 2025-04-07 04:07:42,181] Trial 311 finished with value: 0.82132209025043 and parameters: {'lambda_l1': 2.365373357972325e-05, 'lambda_l2': 3.241118621789966, 'num_leaves': 46, 'feature_fraction': 0.5652691051546181, 'bagging_fraction': 0.8238805093336622, 'bagging_freq': 1, 'min_child_samples': 123}. Best is trial 241 with value: 0.8223281511120952.
[I 2025-04-07 04:07:44,402] Trial 312 finished with value: 0.8208189983147676 and parameters: {'lambda_l1': 2.2766486545278552e-05, 'lambda_l2': 3.3447530669289423, 'num_leaves': 46, 'feature_fraction': 0.5640251736115373, 'bagging_fraction': 0.8236024632791122, 'bagging_freq': 1, 'min_child_samples': 124}. Best is trial 241 with value: 0.8223281511120952.
[I 2025-04-07 04:07:46,195] Trial 313 finished with value: 0.8203577648090452 and parameters: {'lambda_l1': 0.00030501513261918067, 'lambda_l2': 22.68610006260967, 'num_leaves': 45, 'feature_fraction': 0.5730050359872108, 'bagging_fraction': 0.8225171859300919, 'bagging_freq': 1, 'min_child_samples': 128}. Best is trial 241 with value: 0.8223281511120952.
[I 2025-04-07 04:07:47,828] Trial 314 finished with value: 0.8201899269146893 and parameters: {'lambda_l1': 4.619185723259149e-05, 'lambda_l2': 8.198088395876807, 'num_leaves': 35, 'feature_fraction': 0.7797236934955312, 'bagging_fraction': 0.8069481427997499, 'bagging_freq': 1, 'min_child_samples': 122}. Best is trial 241 with value: 0.8223281511120952.
[I 2025-04-07 04:07:49,317] Trial 315 finished with value: 0.8200224756221214 and parameters: {'lambda_l1': 1.5060091020409471e-05, 'lambda_l2': 3.5776887062978617, 'num_leaves': 33, 'feature_fraction': 0.5906012089941955, 'bagging_fraction': 0.8318156058910331, 'bagging_freq': 1, 'min_child_samples': 126}. Best is trial 241 with value: 0.8223281511120952.
[I 2025-04-07 04:07:51,146] Trial 316 finished with value: 0.8200223174668444 and parameters: {'lambda_l1': 3.344673786589541e-05, 'lambda_l2': 2.488276564530968, 'num_leaves': 48, 'feature_fraction': 0.5544913881929122, 'bagging_fraction': 0.8406870745243503, 'bagging_freq': 1, 'min_child_samples': 124}. Best is trial 241 with value: 0.8223281511120952.
[I 2025-04-07 04:07:52,853] Trial 317 finished with value: 0.821154269928883 and parameters: {'lambda_l1': 3.445399139637272e-06, 'lambda_l2': 6.659685517666603, 'num_leaves': 38, 'feature_fraction': 0.6055639059538069, 'bagging_fraction': 0.8192467954135043, 'bagging_freq': 2, 'min_child_samples': 121}. Best is trial 241 with value: 0.8223281511120952.
[I 2025-04-07 04:07:55,141] Trial 318 finished with value: 0.8198547080189996 and parameters: {'lambda_l1': 7.776778814601518e-05, 'lambda_l2': 10.973137874641996, 'num_leaves': 41, 'feature_fraction': 0.5704153137137475, 'bagging_fraction': 0.8534788378502829, 'bagging_freq': 1, 'min_child_samples': 128}. Best is trial 241 with value: 0.8223281511120952.
[I 2025-04-07 04:07:57,360] Trial 319 finished with value: 0.819980336027245 and parameters: {'lambda_l1': 8.499906429966202e-06, 'lambda_l2': 4.06544776259331, 'num_leaves': 62, 'feature_fraction': 0.615394557340835, 'bagging_fraction': 0.8317925694561904, 'bagging_freq': 2, 'min_child_samples': 125}. Best is trial 241 with value: 0.8223281511120952.
[I 2025-04-07 04:07:58,957] Trial 320 finished with value: 0.8210704300593434 and parameters: {'lambda_l1': 1.4699556468991338e-05, 'lambda_l2': 1.881469172738051, 'num_leaves': 36, 'feature_fraction': 0.6285826747886971, 'bagging_fraction': 0.8076922588075772, 'bagging_freq': 3, 'min_child_samples': 119}. Best is trial 241 with value: 0.8223281511120952.
[I 2025-04-07 04:08:01,482] Trial 321 finished with value: 0.8193095467796951 and parameters: {'lambda_l1': 2.2764930207185728e-05, 'lambda_l2': 1.149071931362627, 'num_leaves': 49, 'feature_fraction': 0.5807653610686926, 'bagging_fraction': 0.7892432720432216, 'bagging_freq': 2, 'min_child_samples': 123}. Best is trial 241 with value: 0.8223281511120952.
[I 2025-04-07 04:08:03,335] Trial 322 finished with value: 0.8191417616037647 and parameters: {'lambda_l1': 6.382559985631845e-06, 'lambda_l2': 4.447864468333468, 'num_leaves': 44, 'feature_fraction': 0.5879344352139858, 'bagging_fraction': 0.5408421592158859, 'bagging_freq': 1, 'min_child_samples': 126}. Best is trial 241 with value: 0.8223281511120952.
[I 2025-04-07 04:08:05,410] Trial 323 finished with value: 0.8206091614080038 and parameters: {'lambda_l1': 9.587930170469677e-06, 'lambda_l2': 14.777736647156921, 'num_leaves': 33, 'feature_fraction': 0.6007880050401291, 'bagging_fraction': 0.8418106094931234, 'bagging_freq': 2, 'min_child_samples': 121}. Best is trial 241 with value: 0.8223281511120952.
[I 2025-04-07 04:08:07,015] Trial 324 finished with value: 0.8206093898545147 and parameters: {'lambda_l1': 2.4354011957549293e-06, 'lambda_l2': 2.6247871492265253, 'num_leaves': 39, 'feature_fraction': 0.5608560809350789, 'bagging_fraction': 0.8232041429869776, 'bagging_freq': 1, 'min_child_samples': 123}. Best is trial 241 with value: 0.8223281511120952.
[I 2025-04-07 04:08:08,750] Trial 325 finished with value: 0.820022335039653 and parameters: {'lambda_l1': 3.860087514934986e-05, 'lambda_l2': 6.475789614920278, 'num_leaves': 42, 'feature_fraction': 0.5949876839984977, 'bagging_fraction': 0.8552507635048856, 'bagging_freq': 2, 'min_child_samples': 128}. Best is trial 241 with value: 0.8223281511120952.
[I 2025-04-07 04:08:10,295] Trial 326 finished with value: 0.8198966367401738 and parameters: {'lambda_l1': 8.731464304078787e-05, 'lambda_l2': 34.80277807202083, 'num_leaves': 35, 'feature_fraction': 0.575912475891476, 'bagging_fraction': 0.8331113371025224, 'bagging_freq': 3, 'min_child_samples': 119}. Best is trial 241 with value: 0.8223281511120952.
[I 2025-04-07 04:08:12,135] Trial 327 finished with value: 0.8215735747134314 and parameters: {'lambda_l1': 4.443571214131215e-06, 'lambda_l2': 1.8135484664891368, 'num_leaves': 47, 'feature_fraction': 0.5441833197652324, 'bagging_fraction': 0.8124897255472314, 'bagging_freq': 2, 'min_child_samples': 125}. Best is trial 241 with value: 0.8223281511120952.
[I 2025-04-07 04:08:13,899] Trial 328 finished with value: 0.8197706572757578 and parameters: {'lambda_l1': 4.708973816138569e-06, 'lambda_l2': 1.5161347658671163, 'num_leaves': 45, 'feature_fraction': 0.5427211483395105, 'bagging_fraction': 0.8011297702321077, 'bagging_freq': 1, 'min_child_samples': 126}. Best is trial 241 with value: 0.8223281511120952.
[I 2025-04-07 04:08:16,297] Trial 329 finished with value: 0.8206511604204121 and parameters: {'lambda_l1': 1.3088484001002841e-05, 'lambda_l2': 2.157818120979474, 'num_leaves': 47, 'feature_fraction': 0.5500209735065461, 'bagging_fraction': 0.8129467753782876, 'bagging_freq': 4, 'min_child_samples': 121}. Best is trial 241 with value: 0.8223281511120952.
[I 2025-04-07 04:08:18,306] Trial 330 finished with value: 0.820777052020785 and parameters: {'lambda_l1': 0.0005910475418220525, 'lambda_l2': 0.9299051797086565, 'num_leaves': 50, 'feature_fraction': 0.5501496207368215, 'bagging_fraction': 0.8202018532816568, 'bagging_freq': 2, 'min_child_samples': 126}. Best is trial 241 with value: 0.8223281511120952.
[I 2025-04-07 04:08:20,294] Trial 331 finished with value: 0.8200641056055502 and parameters: {'lambda_l1': 2.2325320675964716e-05, 'lambda_l2': 2.946775500023275, 'num_leaves': 43, 'feature_fraction': 0.5684184340551502, 'bagging_fraction': 0.7873732994260668, 'bagging_freq': 1, 'min_child_samples': 117}. Best is trial 241 with value: 0.8223281511120952.
[I 2025-04-07 04:08:22,299] Trial 332 finished with value: 0.8185129537958146 and parameters: {'lambda_l1': 4.9656539902302614e-05, 'lambda_l2': 0.957099648464992, 'num_leaves': 46, 'feature_fraction': 0.7356919551692953, 'bagging_fraction': 0.8108095799250387, 'bagging_freq': 2, 'min_child_samples': 124}. Best is trial 241 with value: 0.8223281511120952.
[I 2025-04-07 04:08:24,171] Trial 333 finished with value: 0.8200643691976781 and parameters: {'lambda_l1': 7.496271755449611e-06, 'lambda_l2': 1.6182206296641888, 'num_leaves': 40, 'feature_fraction': 0.5357761680773477, 'bagging_fraction': 0.828314859536691, 'bagging_freq': 3, 'min_child_samples': 128}. Best is trial 241 with value: 0.8223281511120952.
[I 2025-04-07 04:08:26,473] Trial 334 finished with value: 0.8208189807419591 and parameters: {'lambda_l1': 2.234231751269309e-05, 'lambda_l2': 3.443784178745985, 'num_leaves': 43, 'feature_fraction': 0.5590461129977901, 'bagging_fraction': 0.8372084603187907, 'bagging_freq': 2, 'min_child_samples': 122}. Best is trial 241 with value: 0.8223281511120952.
[I 2025-04-07 04:08:28,192] Trial 335 finished with value: 0.8193934393676601 and parameters: {'lambda_l1': 1.5220165757792959e-05, 'lambda_l2': 0.00012303363265292233, 'num_leaves': 39, 'feature_fraction': 0.6116390016846655, 'bagging_fraction': 0.7984498859726189, 'bagging_freq': 1, 'min_child_samples': 119}. Best is trial 241 with value: 0.8223281511120952.
[I 2025-04-07 04:08:30,142] Trial 336 finished with value: 0.8208608567447075 and parameters: {'lambda_l1': 3.497531233025547e-05, 'lambda_l2': 1.5010330017395446, 'num_leaves': 48, 'feature_fraction': 0.5809930176342027, 'bagging_fraction': 0.8213170502639673, 'bagging_freq': 2, 'min_child_samples': 125}. Best is trial 241 with value: 0.8223281511120952.
[I 2025-04-07 04:08:31,871] Trial 337 finished with value: 0.8203577296634279 and parameters: {'lambda_l1': 0.0001411372707337638, 'lambda_l2': 0.9752859865732505, 'num_leaves': 37, 'feature_fraction': 0.627760981846472, 'bagging_fraction': 0.8573514049852118, 'bagging_freq': 1, 'min_child_samples': 122}. Best is trial 241 with value: 0.8223281511120952.
[I 2025-04-07 04:08:33,667] Trial 338 finished with value: 0.8214060004112038 and parameters: {'lambda_l1': 4.077934497950145e-06, 'lambda_l2': 2.4599575137509886, 'num_leaves': 41, 'feature_fraction': 0.6062018269551938, 'bagging_fraction': 0.845648432169645, 'bagging_freq': 2, 'min_child_samples': 126}. Best is trial 241 with value: 0.8223281511120952.
[I 2025-04-07 04:08:35,426] Trial 339 finished with value: 0.8198966367401737 and parameters: {'lambda_l1': 1.8320274427515059e-06, 'lambda_l2': 1.8516716547517391, 'num_leaves': 42, 'feature_fraction': 0.6410159634992055, 'bagging_fraction': 0.8124056007595093, 'bagging_freq': 2, 'min_child_samples': 128}. Best is trial 241 with value: 0.8223281511120952.
[I 2025-04-07 04:08:37,739] Trial 340 finished with value: 0.8192678113594148 and parameters: {'lambda_l1': 4.1318536137482405e-06, 'lambda_l2': 2.6531941483728505, 'num_leaves': 45, 'feature_fraction': 0.5394183814252849, 'bagging_fraction': 0.9994391535322894, 'bagging_freq': 3, 'min_child_samples': 123}. Best is trial 241 with value: 0.8223281511120952.
[I 2025-04-07 04:08:39,449] Trial 341 finished with value: 0.8212380746528053 and parameters: {'lambda_l1': 3.3650118688570845e-06, 'lambda_l2': 0.8573764785336884, 'num_leaves': 41, 'feature_fraction': 0.5609687285931939, 'bagging_fraction': 0.8327097494907851, 'bagging_freq': 2, 'min_child_samples': 120}. Best is trial 241 with value: 0.8223281511120952.
[I 2025-04-07 04:08:41,609] Trial 342 finished with value: 0.818764736996561 and parameters: {'lambda_l1': 1.2139695208095646e-06, 'lambda_l2': 0.8527654140977892, 'num_leaves': 51, 'feature_fraction': 0.5599315466307905, 'bagging_fraction': 0.8272213299920578, 'bagging_freq': 2, 'min_child_samples': 117}. Best is trial 241 with value: 0.8223281511120952.
[I 2025-04-07 04:08:43,333] Trial 343 finished with value: 0.8207352990276965 and parameters: {'lambda_l1': 2.8148228822580375e-06, 'lambda_l2': 1.2099435029996997, 'num_leaves': 41, 'feature_fraction': 0.5459048782155818, 'bagging_fraction': 0.8042870599051775, 'bagging_freq': 2, 'min_child_samples': 119}. Best is trial 241 with value: 0.8223281511120952.
[I 2025-04-07 04:08:45,170] Trial 344 finished with value: 0.8203578878187049 and parameters: {'lambda_l1': 4.643004655776358e-06, 'lambda_l2': 0.7053288960914935, 'num_leaves': 45, 'feature_fraction': 0.5930792230843813, 'bagging_fraction': 0.8322675092661833, 'bagging_freq': 3, 'min_child_samples': 26}. Best is trial 241 with value: 0.8223281511120952.
[I 2025-04-07 04:08:47,413] Trial 345 finished with value: 0.8198127265794002 and parameters: {'lambda_l1': 2.1212984519551634e-06, 'lambda_l2': 1.7632498188157795e-06, 'num_leaves': 43, 'feature_fraction': 0.6160255194285599, 'bagging_fraction': 0.8184857370802994, 'bagging_freq': 2, 'min_child_samples': 120}. Best is trial 241 with value: 0.8223281511120952.
[I 2025-04-07 04:08:49,105] Trial 346 finished with value: 0.8203158360878711 and parameters: {'lambda_l1': 7.553968448656234e-06, 'lambda_l2': 2.1092294872950306, 'num_leaves': 40, 'feature_fraction': 0.5667526154602897, 'bagging_fraction': 0.7792713863775037, 'bagging_freq': 3, 'min_child_samples': 116}. Best is trial 241 with value: 0.8223281511120952.
[I 2025-04-07 04:08:51,000] Trial 347 finished with value: 0.8216572915733111 and parameters: {'lambda_l1': 4.549417473052063e-06, 'lambda_l2': 3.7973717292494253, 'num_leaves': 48, 'feature_fraction': 0.60127707231159, 'bagging_fraction': 0.8375111357859324, 'bagging_freq': 2, 'min_child_samples': 120}. Best is trial 241 with value: 0.8223281511120952.
[I 2025-04-07 04:08:52,970] Trial 348 finished with value: 0.8196032411288069 and parameters: {'lambda_l1': 3.9070977013493785e-06, 'lambda_l2': 4.196464801758456, 'num_leaves': 49, 'feature_fraction': 0.616164335929579, 'bagging_fraction': 0.8260027733793107, 'bagging_freq': 2, 'min_child_samples': 118}. Best is trial 241 with value: 0.8223281511120952.
[I 2025-04-07 04:08:54,797] Trial 349 finished with value: 0.8197706572757577 and parameters: {'lambda_l1': 3.075517686137121e-06, 'lambda_l2': 1.3452798996156583, 'num_leaves': 47, 'feature_fraction': 0.6033991627546622, 'bagging_fraction': 0.6192957585796669, 'bagging_freq': 2, 'min_child_samples': 115}. Best is trial 241 with value: 0.8223281511120952.
[I 2025-04-07 04:08:57,062] Trial 350 finished with value: 0.8194774198196679 and parameters: {'lambda_l1': 5.6529108501924195e-06, 'lambda_l2': 0.7976292895388293, 'num_leaves': 54, 'feature_fraction': 0.5972252049928924, 'bagging_fraction': 0.8049374397989125, 'bagging_freq': 2, 'min_child_samples': 121}. Best is trial 241 with value: 0.8223281511120952.
[I 2025-04-07 04:08:59,568] Trial 351 finished with value: 0.8197709560135031 and parameters: {'lambda_l1': 1.5617773737805002e-06, 'lambda_l2': 1.7272262236569482, 'num_leaves': 46, 'feature_fraction': 0.6208013482657004, 'bagging_fraction': 0.8349352384149558, 'bagging_freq': 3, 'min_child_samples': 121}. Best is trial 241 with value: 0.8223281511120952.
[I 2025-04-07 04:09:01,584] Trial 352 finished with value: 0.8211961810772485 and parameters: {'lambda_l1': 1.2663564910233215e-06, 'lambda_l2': 3.927450616639623, 'num_leaves': 51, 'feature_fraction': 0.5863614119039687, 'bagging_fraction': 0.8578052849828965, 'bagging_freq': 2, 'min_child_samples': 118}. Best is trial 241 with value: 0.8223281511120952.
[I 2025-04-07 04:09:03,646] Trial 353 finished with value: 0.8201902256524344 and parameters: {'lambda_l1': 7.142817177136129e-06, 'lambda_l2': 2.353242954359656, 'num_leaves': 44, 'feature_fraction': 0.6322144350666407, 'bagging_fraction': 0.8151255050376837, 'bagging_freq': 3, 'min_child_samples': 123}. Best is trial 241 with value: 0.8223281511120952.
[I 2025-04-07 04:09:05,718] Trial 354 finished with value: 0.8190582556175874 and parameters: {'lambda_l1': 5.091300043511362e-06, 'lambda_l2': 1.1436582834067628, 'num_leaves': 47, 'feature_fraction': 0.6089345654966214, 'bagging_fraction': 0.7931382636512713, 'bagging_freq': 2, 'min_child_samples': 120}. Best is trial 241 with value: 0.8223281511120952.
[I 2025-04-07 04:09:07,652] Trial 355 finished with value: 0.8211125520814113 and parameters: {'lambda_l1': 3.035955903612923e-06, 'lambda_l2': 0.0015690189962316225, 'num_leaves': 42, 'feature_fraction': 0.5950472563015229, 'bagging_fraction': 0.8420318862076772, 'bagging_freq': 2, 'min_child_samples': 125}. Best is trial 241 with value: 0.8223281511120952.
[I 2025-04-07 04:09:11,063] Trial 356 finished with value: 0.8201482793584518 and parameters: {'lambda_l1': 1.0214825784202489e-05, 'lambda_l2': 4.313471014501837, 'num_leaves': 113, 'feature_fraction': 0.5821868347054772, 'bagging_fraction': 0.8278959132056014, 'bagging_freq': 1, 'min_child_samples': 116}. Best is trial 241 with value: 0.8223281511120952.
[I 2025-04-07 04:09:13,002] Trial 357 finished with value: 0.820064457061721 and parameters: {'lambda_l1': 2.215175347072729e-06, 'lambda_l2': 0.58256540470271, 'num_leaves': 48, 'feature_fraction': 0.5991086735860637, 'bagging_fraction': 0.8681489560425723, 'bagging_freq': 2, 'min_child_samples': 122}. Best is trial 241 with value: 0.8223281511120952.
[I 2025-04-07 04:09:14,890] Trial 358 finished with value: 0.8203576593721937 and parameters: {'lambda_l1': 3.913233756377604e-06, 'lambda_l2': 1.6483625784907354, 'num_leaves': 41, 'feature_fraction': 0.5774920313061886, 'bagging_fraction': 0.8473007230690437, 'bagging_freq': 2, 'min_child_samples': 125}. Best is trial 241 with value: 0.8223281511120952.
[I 2025-04-07 04:09:16,665] Trial 359 finished with value: 0.820231943499906 and parameters: {'lambda_l1': 0.0001882688317220029, 'lambda_l2': 3.1516324229056343, 'num_leaves': 44, 'feature_fraction': 0.6084420149306221, 'bagging_fraction': 0.8203716765084749, 'bagging_freq': 1, 'min_child_samples': 120}. Best is trial 241 with value: 0.8223281511120952.
[I 2025-04-07 04:09:18,314] Trial 360 finished with value: 0.8188483308467809 and parameters: {'lambda_l1': 1.0714092165370053e-06, 'lambda_l2': 0.0047661681914389345, 'num_leaves': 39, 'feature_fraction': 0.5885211718478791, 'bagging_fraction': 0.835838375551192, 'bagging_freq': 15, 'min_child_samples': 123}. Best is trial 241 with value: 0.8223281511120952.
[I 2025-04-07 04:09:20,685] Trial 361 finished with value: 0.8195194364048846 and parameters: {'lambda_l1': 9.513504649839688e-06, 'lambda_l2': 0.8911539454058647, 'num_leaves': 42, 'feature_fraction': 0.5312037621509361, 'bagging_fraction': 0.8103827999094001, 'bagging_freq': 4, 'min_child_samples': 126}. Best is trial 241 with value: 0.8223281511120952.
[I 2025-04-07 04:09:22,606] Trial 362 finished with value: 0.8211123236349003 and parameters: {'lambda_l1': 5.809986034724724e-06, 'lambda_l2': 5.128953105304322, 'num_leaves': 45, 'feature_fraction': 0.5527874016133207, 'bagging_fraction': 0.8515579070561549, 'bagging_freq': 2, 'min_child_samples': 123}. Best is trial 241 with value: 0.8223281511120952.
[I 2025-04-07 04:09:24,214] Trial 363 finished with value: 0.8198127968706344 and parameters: {'lambda_l1': 1.9991703193541198e-06, 'lambda_l2': 1.9613441185137261, 'num_leaves': 39, 'feature_fraction': 0.6181589239222065, 'bagging_fraction': 0.8619133445293996, 'bagging_freq': 3, 'min_child_samples': 118}. Best is trial 241 with value: 0.8223281511120952.
[I 2025-04-07 04:09:26,157] Trial 364 finished with value: 0.8176746429644626 and parameters: {'lambda_l1': 6.658629060015637e-05, 'lambda_l2': 3.049186775530327, 'num_leaves': 53, 'feature_fraction': 0.6059200136866612, 'bagging_fraction': 0.4569096798043052, 'bagging_freq': 2, 'min_child_samples': 120}. Best is trial 241 with value: 0.8223281511120952.
[I 2025-04-07 04:09:27,830] Trial 365 finished with value: 0.8205674259877236 and parameters: {'lambda_l1': 3.5019808298068234e-06, 'lambda_l2': 1.190212217533891, 'num_leaves': 41, 'feature_fraction': 0.5713232679811069, 'bagging_fraction': 0.8310249025351426, 'bagging_freq': 2, 'min_child_samples': 125}. Best is trial 241 with value: 0.8223281511120952.
