[I 2025-04-07 04:19:14,537] Trial 671 finished with value: 0.8194775428293276 and parameters: {'lambda_l1': 1.1256699786913751e-05, 'lambda_l2': 1.7598948472878906, 'num_leaves': 41, 'feature_fraction': 0.5551925362496684, 'bagging_fraction': 0.8602375360746111, 'bagging_freq': 2, 'min_child_samples': 126}. Best is trial 241 with value: 0.8223281511120952.
[I 2025-04-07 04:19:17,116] Trial 672 finished with value: 0.8203158360878711 and parameters: {'lambda_l1': 4.019734848434994e-05, 'lambda_l2': 3.3265445182466857, 'num_leaves': 55, 'feature_fraction': 0.5856143361878923, 'bagging_fraction': 0.8460152858598134, 'bagging_freq': 2, 'min_child_samples': 123}. Best is trial 241 with value: 0.8223281511120952.
[I 2025-04-07 04:19:18,746] Trial 673 finished with value: 0.8191418318949989 and parameters: {'lambda_l1': 1.4002147318510582e-07, 'lambda_l2': 6.185308443322069, 'num_leaves': 38, 'feature_fraction': 0.6175525934639934, 'bagging_fraction': 0.8128055030505328, 'bagging_freq': 1, 'min_child_samples': 118}. Best is trial 241 with value: 0.8223281511120952.
[I 2025-04-07 04:19:20,896] Trial 674 finished with value: 0.8206511428476032 and parameters: {'lambda_l1': 1.8597254204883806e-06, 'lambda_l2': 2.558876412992208, 'num_leaves': 46, 'feature_fraction': 0.49633397616481045, 'bagging_fraction': 0.7979604089297514, 'bagging_freq': 2, 'min_child_samples': 110}. Best is trial 241 with value: 0.8223281511120952.
[I 2025-04-07 04:19:23,089] Trial 675 finished with value: 0.8201900674971576 and parameters: {'lambda_l1': 4.571540459214489e-06, 'lambda_l2': 1.0174893656117787, 'num_leaves': 52, 'feature_fraction': 0.6005694814501666, 'bagging_fraction': 0.8701243891813422, 'bagging_freq': 2, 'min_child_samples': 126}. Best is trial 241 with value: 0.8223281511120952.
[I 2025-04-07 04:19:24,621] Trial 676 finished with value: 0.8211544105113511 and parameters: {'lambda_l1': 0.00014635866030711966, 'lambda_l2': 10.679907881208958, 'num_leaves': 35, 'feature_fraction': 0.5311669950816978, 'bagging_fraction': 0.8325235517444763, 'bagging_freq': 3, 'min_child_samples': 121}. Best is trial 241 with value: 0.8223281511120952.
[I 2025-04-07 04:19:26,367] Trial 677 finished with value: 0.8204415168145418 and parameters: {'lambda_l1': 5.033287330656543e-07, 'lambda_l2': 6.969696362962532, 'num_leaves': 43, 'feature_fraction': 0.5699761456182795, 'bagging_fraction': 0.8527084996054964, 'bagging_freq': 1, 'min_child_samples': 115}. Best is trial 241 with value: 0.8223281511120952.
[I 2025-04-07 04:19:28,250] Trial 678 finished with value: 0.820525216101613 and parameters: {'lambda_l1': 1.6410317277284747e-09, 'lambda_l2': 3.5790821394788703, 'num_leaves': 30, 'feature_fraction': 0.5898109829266999, 'bagging_fraction': 0.8810182808455509, 'bagging_freq': 2, 'min_child_samples': 128}. Best is trial 241 with value: 0.8223281511120952.
[I 2025-04-07 04:19:30,274] Trial 679 finished with value: 0.8214058422559269 and parameters: {'lambda_l1': 1.0925517988715266e-06, 'lambda_l2': 1.420860592643676, 'num_leaves': 40, 'feature_fraction': 0.5492075192270907, 'bagging_fraction': 0.8178800341662661, 'bagging_freq': 1, 'min_child_samples': 123}. Best is trial 241 with value: 0.8223281511120952.
[I 2025-04-07 04:19:32,472] Trial 680 finished with value: 0.8214478764139521 and parameters: {'lambda_l1': 1.7284221196800228e-05, 'lambda_l2': 0.7449666232664905, 'num_leaves': 49, 'feature_fraction': 0.6046958638781587, 'bagging_fraction': 0.842111374060804, 'bagging_freq': 2, 'min_child_samples': 120}. Best is trial 241 with value: 0.8223281511120952.
[I 2025-04-07 04:19:34,104] Trial 681 finished with value: 0.820399623238985 and parameters: {'lambda_l1': 5.748703851003312e-05, 'lambda_l2': 0.30131726213421606, 'num_leaves': 32, 'feature_fraction': 0.5767353572118791, 'bagging_fraction': 0.8249961491545161, 'bagging_freq': 2, 'min_child_samples': 125}. Best is trial 241 with value: 0.8223281511120952.
[I 2025-04-07 04:19:35,695] Trial 682 finished with value: 0.8206930539959687 and parameters: {'lambda_l1': 2.4327166601346536e-06, 'lambda_l2': 12.822594773603782, 'num_leaves': 27, 'feature_fraction': 0.8870058123056281, 'bagging_fraction': 0.864540380639114, 'bagging_freq': 1, 'min_child_samples': 117}. Best is trial 241 with value: 0.8223281511120952.
[I 2025-04-07 04:19:37,402] Trial 683 finished with value: 0.8196871864351977 and parameters: {'lambda_l1': 6.406728318046592e-06, 'lambda_l2': 2.1570815607752762, 'num_leaves': 37, 'feature_fraction': 0.4746221092023124, 'bagging_fraction': 0.8374806319076663, 'bagging_freq': 3, 'min_child_samples': 113}. Best is trial 241 with value: 0.8223281511120952.
[I 2025-04-07 04:19:39,949] Trial 684 finished with value: 0.8203576417993853 and parameters: {'lambda_l1': 2.932906469090679e-05, 'lambda_l2': 20.63704850995413, 'num_leaves': 43, 'feature_fraction': 0.5617363702828458, 'bagging_fraction': 0.8516309957624463, 'bagging_freq': 2, 'min_child_samples': 122}. Best is trial 241 with value: 0.8223281511120952.
[I 2025-04-07 04:19:41,917] Trial 685 finished with value: 0.8195192606767991 and parameters: {'lambda_l1': 3.7583673351118288e-06, 'lambda_l2': 5.178954592571315, 'num_leaves': 46, 'feature_fraction': 0.6229886079825132, 'bagging_fraction': 0.8098886507525161, 'bagging_freq': 2, 'min_child_samples': 124}. Best is trial 241 with value: 0.8223281511120952.
[I 2025-04-07 04:19:43,495] Trial 686 finished with value: 0.8203995002293251 and parameters: {'lambda_l1': 1.011681302711265e-09, 'lambda_l2': 3.547407210346563, 'num_leaves': 34, 'feature_fraction': 0.63957588250771, 'bagging_fraction': 0.8262798584315341, 'bagging_freq': 1, 'min_child_samples': 119}. Best is trial 241 with value: 0.8223281511120952.
[I 2025-04-07 04:19:45,136] Trial 687 finished with value: 0.8211125345086028 and parameters: {'lambda_l1': 1.0120100903870364e-05, 'lambda_l2': 8.72486779794811, 'num_leaves': 39, 'feature_fraction': 0.5931216060889712, 'bagging_fraction': 0.8477475210942869, 'bagging_freq': 3, 'min_child_samples': 90}. Best is trial 241 with value: 0.8223281511120952.
[I 2025-04-07 04:19:46,735] Trial 688 finished with value: 0.8215317690019172 and parameters: {'lambda_l1': 5.872614282040598e-09, 'lambda_l2': 1.5271603341700704, 'num_leaves': 37, 'feature_fraction': 0.608672784147802, 'bagging_fraction': 0.8866715253784705, 'bagging_freq': 2, 'min_child_samples': 125}. Best is trial 241 with value: 0.8223281511120952.
[I 2025-04-07 04:19:49,833] Trial 689 finished with value: 0.8211959526307373 and parameters: {'lambda_l1': 1.2024479107107084e-06, 'lambda_l2': 5.375944373832472, 'num_leaves': 66, 'feature_fraction': 0.5815885393136132, 'bagging_fraction': 0.7888268662749353, 'bagging_freq': 1, 'min_child_samples': 128}. Best is trial 241 with value: 0.8223281511120952.
[I 2025-04-07 04:19:51,658] Trial 690 finished with value: 0.8188484538564408 and parameters: {'lambda_l1': 1.6194877171227003e-08, 'lambda_l2': 37.15145269998835, 'num_leaves': 41, 'feature_fraction': 0.508704458070508, 'bagging_fraction': 0.8628627396450417, 'bagging_freq': 2, 'min_child_samples': 121}. Best is trial 241 with value: 0.8223281511120952.
[I 2025-04-07 04:19:53,179] Trial 691 finished with value: 0.8207771047392107 and parameters: {'lambda_l1': 5.450410100973703e-06, 'lambda_l2': 2.4534362120008653, 'num_leaves': 35, 'feature_fraction': 0.5407386892473854, 'bagging_fraction': 0.8387402216226238, 'bagging_freq': 2, 'min_child_samples': 115}. Best is trial 241 with value: 0.8223281511120952.
[I 2025-04-07 04:19:54,679] Trial 692 finished with value: 0.8210706409330457 and parameters: {'lambda_l1': 4.407508187916151e-08, 'lambda_l2': 0.6776367282813097, 'num_leaves': 32, 'feature_fraction': 0.5979025144792887, 'bagging_fraction': 0.8252605120370281, 'bagging_freq': 2, 'min_child_samples': 118}. Best is trial 241 with value: 0.8223281511120952.
[I 2025-04-07 04:19:56,634] Trial 693 finished with value: 0.820818752295448 and parameters: {'lambda_l1': 2.473553404697898e-06, 'lambda_l2': 10.880041368717006, 'num_leaves': 44, 'feature_fraction': 0.5749910132449251, 'bagging_fraction': 0.9005325184266962, 'bagging_freq': 1, 'min_child_samples': 123}. Best is trial 241 with value: 0.8223281511120952.
[I 2025-04-07 04:19:59,055] Trial 694 finished with value: 0.8204835861181842 and parameters: {'lambda_l1': 2.2699296255420482e-05, 'lambda_l2': 3.48499076939498, 'num_leaves': 48, 'feature_fraction': 0.5628248373952917, 'bagging_fraction': 0.8532444924118325, 'bagging_freq': 3, 'min_child_samples': 126}. Best is trial 241 with value: 0.8223281511120952.
[I 2025-04-07 04:20:00,712] Trial 695 finished with value: 0.8201899269146893 and parameters: {'lambda_l1': 1.1697384990834522e-05, 'lambda_l2': 3.155241703454026e-07, 'num_leaves': 38, 'feature_fraction': 0.5912673996372504, 'bagging_fraction': 0.8108374464732532, 'bagging_freq': 2, 'min_child_samples': 120}. Best is trial 241 with value: 0.8223281511120952.
[I 2025-04-07 04:20:02,212] Trial 696 finished with value: 0.8204415168145418 and parameters: {'lambda_l1': 0.00010273488202853189, 'lambda_l2': 7.417555842593152, 'num_leaves': 28, 'feature_fraction': 0.6141525653935513, 'bagging_fraction': 0.8360318953280901, 'bagging_freq': 1, 'min_child_samples': 123}. Best is trial 241 with value: 0.8223281511120952.
[I 2025-04-07 04:20:04,217] Trial 697 finished with value: 0.8193515985105287 and parameters: {'lambda_l1': 2.419135429098474e-09, 'lambda_l2': 1.1964105078236142, 'num_leaves': 52, 'feature_fraction': 0.5541003340962659, 'bagging_fraction': 0.6718966056190603, 'bagging_freq': 2, 'min_child_samples': 111}. Best is trial 241 with value: 0.8223281511120952.
[I 2025-04-07 04:20:05,704] Trial 698 finished with value: 0.8203996583846018 and parameters: {'lambda_l1': 1.8615833307707015e-06, 'lambda_l2': 0.012124876019751813, 'num_leaves': 24, 'feature_fraction': 0.5839891464148276, 'bagging_fraction': 0.8683812473093304, 'bagging_freq': 2, 'min_child_samples': 128}. Best is trial 241 with value: 0.8223281511120952.
[I 2025-04-07 04:20:07,628] Trial 699 finished with value: 0.8213640189716042 and parameters: {'lambda_l1': 4.705587486688075e-05, 'lambda_l2': 16.363062136616833, 'num_leaves': 41, 'feature_fraction': 0.6034438110163906, 'bagging_fraction': 0.8207022761590417, 'bagging_freq': 3, 'min_child_samples': 117}. Best is trial 241 with value: 0.8223281511120952.
[I 2025-04-07 04:20:09,783] Trial 700 finished with value: 0.8201062979188525 and parameters: {'lambda_l1': 2.8065393915310693e-07, 'lambda_l2': 0.0004616075413819828, 'num_leaves': 35, 'feature_fraction': 0.5680307126146311, 'bagging_fraction': 0.8408715648823318, 'bagging_freq': 1, 'min_child_samples': 108}. Best is trial 241 with value: 0.8223281511120952.
[I 2025-04-07 04:20:11,409] Trial 701 finished with value: 0.8203577296634279 and parameters: {'lambda_l1': 0.00025237133871764745, 'lambda_l2': 1.9802310519886375, 'num_leaves': 30, 'feature_fraction': 0.5965382352663763, 'bagging_fraction': 0.7442096581737552, 'bagging_freq': 2, 'min_child_samples': 121}. Best is trial 241 with value: 0.8223281511120952.
[I 2025-04-07 04:20:13,407] Trial 702 finished with value: 0.8181778227641676 and parameters: {'lambda_l1': 8.164045480506961e-07, 'lambda_l2': 0.0026435277044564555, 'num_leaves': 44, 'feature_fraction': 0.6247858674134776, 'bagging_fraction': 0.9208512847655286, 'bagging_freq': 11, 'min_child_samples': 114}. Best is trial 241 with value: 0.8223281511120952.
[I 2025-04-07 04:20:15,133] Trial 703 finished with value: 0.8213640189716042 and parameters: {'lambda_l1': 3.5890628066727267e-06, 'lambda_l2': 4.257373799638451, 'num_leaves': 33, 'feature_fraction': 0.5270979694453919, 'bagging_fraction': 0.8768890078623934, 'bagging_freq': 4, 'min_child_samples': 124}. Best is trial 241 with value: 0.8223281511120952.
[I 2025-04-07 04:20:17,290] Trial 704 finished with value: 0.8203158360878712 and parameters: {'lambda_l1': 4.186492114117474e-09, 'lambda_l2': 7.575228547994128, 'num_leaves': 47, 'feature_fraction': 0.5820367164587267, 'bagging_fraction': 0.8501396072479684, 'bagging_freq': 2, 'min_child_samples': 126}. Best is trial 241 with value: 0.8223281511120952.
[I 2025-04-07 04:20:18,949] Trial 705 finished with value: 0.8203158888062967 and parameters: {'lambda_l1': 2.6689064220402675e-05, 'lambda_l2': 0.5178315900350811, 'num_leaves': 39, 'feature_fraction': 0.6088032470421196, 'bagging_fraction': 0.8350360377895493, 'bagging_freq': 1, 'min_child_samples': 119}. Best is trial 241 with value: 0.8223281511120952.
[I 2025-04-07 04:20:21,035] Trial 706 finished with value: 0.8208189983147676 and parameters: {'lambda_l1': 8.091504434763475e-06, 'lambda_l2': 2.69779042807889, 'num_leaves': 36, 'feature_fraction': 0.5451181258675176, 'bagging_fraction': 0.9884792256081706, 'bagging_freq': 2, 'min_child_samples': 116}. Best is trial 241 with value: 0.8223281511120952.
[I 2025-04-07 04:20:22,993] Trial 707 finished with value: 0.8198964082936626 and parameters: {'lambda_l1': 7.256833018981386e-05, 'lambda_l2': 0.9995348863802067, 'num_leaves': 50, 'feature_fraction': 0.5730398651470141, 'bagging_fraction': 0.8570109379353775, 'bagging_freq': 9, 'min_child_samples': 39}. Best is trial 241 with value: 0.8223281511120952.
[I 2025-04-07 04:20:24,865] Trial 708 finished with value: 0.821196268941291 and parameters: {'lambda_l1': 9.63632641196289e-08, 'lambda_l2': 5.233969109053517, 'num_leaves': 42, 'feature_fraction': 0.589255209341828, 'bagging_fraction': 0.8198310673141916, 'bagging_freq': 3, 'min_child_samples': 122}. Best is trial 241 with value: 0.8223281511120952.
[I 2025-04-07 04:20:26,276] Trial 709 finished with value: 0.8192259002110497 and parameters: {'lambda_l1': 5.172028127996703e-06, 'lambda_l2': 15.914484847756075, 'num_leaves': 31, 'feature_fraction': 0.5598178428997876, 'bagging_fraction': 0.8059233140603822, 'bagging_freq': 7, 'min_child_samples': 126}. Best is trial 241 with value: 0.8223281511120952.
[I 2025-04-07 04:20:27,898] Trial 710 finished with value: 0.8190162566051793 and parameters: {'lambda_l1': 1.786579617861103e-05, 'lambda_l2': 1.6432179794065525, 'num_leaves': 39, 'feature_fraction': 0.6010638624213395, 'bagging_fraction': 0.8295962310899802, 'bagging_freq': 1, 'min_child_samples': 119}. Best is trial 241 with value: 0.8223281511120952.
[I 2025-04-07 04:20:29,783] Trial 711 finished with value: 0.8195610663883134 and parameters: {'lambda_l1': 1.451901618798672e-06, 'lambda_l2': 25.011458497362334, 'num_leaves': 45, 'feature_fraction': 0.6158462633676332, 'bagging_fraction': 0.8930815930802033, 'bagging_freq': 2, 'min_child_samples': 123}. Best is trial 241 with value: 0.8223281511120952.
[I 2025-04-07 04:20:31,694] Trial 712 finished with value: 0.8200224053308871 and parameters: {'lambda_l1': 1.937759467221703e-09, 'lambda_l2': 0.21052273893141696, 'num_leaves': 34, 'feature_fraction': 0.5732428047654095, 'bagging_fraction': 0.7938680833230513, 'bagging_freq': 1, 'min_child_samples': 128}. Best is trial 241 with value: 0.8223281511120952.
[I 2025-04-07 04:20:33,338] Trial 713 finished with value: 0.8215316987106831 and parameters: {'lambda_l1': 2.653136834441891e-06, 'lambda_l2': 3.6008135056859394, 'num_leaves': 38, 'feature_fraction': 0.5866297867725652, 'bagging_fraction': 0.8422318740867264, 'bagging_freq': 2, 'min_child_samples': 113}. Best is trial 241 with value: 0.8223281511120952.
[I 2025-04-07 04:20:35,241] Trial 714 finished with value: 0.8199385127429221 and parameters: {'lambda_l1': 0.00042841923364162675, 'lambda_l2': 8.430170960313177, 'num_leaves': 42, 'feature_fraction': 0.6290500942047393, 'bagging_fraction': 0.8651436819231247, 'bagging_freq': 3, 'min_child_samples': 117}. Best is trial 241 with value: 0.8223281511120952.
[I 2025-04-07 04:20:36,849] Trial 715 finished with value: 0.8205674435605322 and parameters: {'lambda_l1': 1.294980005326415e-05, 'lambda_l2': 1.3229393853464275e-06, 'num_leaves': 36, 'feature_fraction': 0.5948133545000532, 'bagging_fraction': 0.851592586601779, 'bagging_freq': 2, 'min_child_samples': 121}. Best is trial 241 with value: 0.8223281511120952.
[I 2025-04-07 04:20:38,782] Trial 716 finished with value: 0.8213220375320045 and parameters: {'lambda_l1': 4.22469102051404e-05, 'lambda_l2': 2.236223386180617, 'num_leaves': 47, 'feature_fraction': 0.5474057241739786, 'bagging_fraction': 0.830352395403466, 'bagging_freq': 2, 'min_child_samples': 125}. Best is trial 241 with value: 0.8223281511120952.
[I 2025-04-07 04:20:40,495] Trial 717 finished with value: 0.820777104739211 and parameters: {'lambda_l1': 4.774215272789476e-07, 'lambda_l2': 5.492431191520592, 'num_leaves': 33, 'feature_fraction': 0.604767391897636, 'bagging_fraction': 0.8150522664783382, 'bagging_freq': 1, 'min_child_samples': 120}. Best is trial 241 with value: 0.8223281511120952.
[I 2025-04-07 04:20:42,545] Trial 718 finished with value: 0.8209447493326726 and parameters: {'lambda_l1': 9.257134690196103e-09, 'lambda_l2': 0.8777496342048937, 'num_leaves': 40, 'feature_fraction': 0.5644633763958009, 'bagging_fraction': 0.845010101859197, 'bagging_freq': 2, 'min_child_samples': 124}. Best is trial 241 with value: 0.8223281511120952.
[I 2025-04-07 04:20:44,000] Trial 719 finished with value: 0.8208189631691505 and parameters: {'lambda_l1': 7.639030079962558e-06, 'lambda_l2': 0.001164330090263578, 'num_leaves': 30, 'feature_fraction': 0.5839038081913562, 'bagging_fraction': 0.871933029098028, 'bagging_freq': 1, 'min_child_samples': 115}. Best is trial 241 with value: 0.8223281511120952.
[I 2025-04-07 04:20:46,525] Trial 720 finished with value: 0.8186808795542131 and parameters: {'lambda_l1': 2.991315618279899e-06, 'lambda_l2': 0.36610086958834565, 'num_leaves': 76, 'feature_fraction': 0.6160733670805938, 'bagging_fraction': 0.8564121236989064, 'bagging_freq': 3, 'min_child_samples': 126}. Best is trial 241 with value: 0.8223281511120952.
[I 2025-04-07 04:20:48,296] Trial 721 finished with value: 0.8200225107677385 and parameters: {'lambda_l1': 0.00013712716295044913, 'lambda_l2': 10.307153879765645, 'num_leaves': 45, 'feature_fraction': 0.5165208969364664, 'bagging_fraction': 0.8326877551921162, 'bagging_freq': 2, 'min_child_samples': 122}. Best is trial 241 with value: 0.8223281511120952.
[I 2025-04-07 04:20:50,002] Trial 722 finished with value: 0.8203159415247223 and parameters: {'lambda_l1': 3.983210867412909e-06, 'lambda_l2': 3.444010219805266, 'num_leaves': 36, 'feature_fraction': 0.5362243858041226, 'bagging_fraction': 0.801142250197904, 'bagging_freq': 2, 'min_child_samples': 119}. Best is trial 241 with value: 0.8223281511120952.
[I 2025-04-07 04:20:51,839] Trial 723 finished with value: 0.8213219145223448 and parameters: {'lambda_l1': 1.6289766482088635e-09, 'lambda_l2': 1.5241423176998379, 'num_leaves': 27, 'feature_fraction': 0.5758988125921185, 'bagging_fraction': 0.823446577831854, 'bagging_freq': 1, 'min_child_samples': 128}. Best is trial 241 with value: 0.8223281511120952.
[I 2025-04-07 04:20:53,810] Trial 724 finished with value: 0.8194775076837105 and parameters: {'lambda_l1': 3.056617500118914e-05, 'lambda_l2': 5.990737405499354, 'num_leaves': 50, 'feature_fraction': 0.6802752937831156, 'bagging_fraction': 0.8808616152389342, 'bagging_freq': 2, 'min_child_samples': 117}. Best is trial 241 with value: 0.8223281511120952.
[I 2025-04-07 04:20:55,547] Trial 725 finished with value: 0.8203575363625341 and parameters: {'lambda_l1': 9.930093295886753e-07, 'lambda_l2': 2.320509985108042, 'num_leaves': 43, 'feature_fraction': 0.6482130679845387, 'bagging_fraction': 0.8431323489090097, 'bagging_freq': 3, 'min_child_samples': 124}. Best is trial 241 with value: 0.8223281511120952.
[I 2025-04-07 04:20:57,302] Trial 726 finished with value: 0.820148050911941 and parameters: {'lambda_l1': 1.7805746869696446e-06, 'lambda_l2': 11.37009052611694, 'num_leaves': 40, 'feature_fraction': 0.5549507133159521, 'bagging_fraction': 0.8640047888897415, 'bagging_freq': 1, 'min_child_samples': 121}. Best is trial 241 with value: 0.8223281511120952.
[I 2025-04-07 04:20:58,806] Trial 727 finished with value: 0.8208607513078563 and parameters: {'lambda_l1': 6.309010450532938e-06, 'lambda_l2': 20.24329373274383, 'num_leaves': 33, 'feature_fraction': 0.5953264669286931, 'bagging_fraction': 0.780205678972532, 'bagging_freq': 2, 'min_child_samples': 106}. Best is trial 241 with value: 0.8223281511120952.
[I 2025-04-07 04:21:00,518] Trial 728 finished with value: 0.8214480345692291 and parameters: {'lambda_l1': 3.7662148101323035e-09, 'lambda_l2': 3.6676607643598866, 'num_leaves': 38, 'feature_fraction': 0.6041746263293255, 'bagging_fraction': 0.8212113751927399, 'bagging_freq': 2, 'min_child_samples': 47}. Best is trial 241 with value: 0.8223281511120952.
[I 2025-04-07 04:21:02,751] Trial 729 finished with value: 0.8208189631691505 and parameters: {'lambda_l1': 1.6106861233752772e-05, 'lambda_l2': 0.5893609310484044, 'num_leaves': 35, 'feature_fraction': 0.5842819615373502, 'bagging_fraction': 0.8369765005532207, 'bagging_freq': 2, 'min_child_samples': 111}. Best is trial 241 with value: 0.8223281511120952.
[I 2025-04-07 04:21:04,863] Trial 730 finished with value: 0.8193096170709291 and parameters: {'lambda_l1': 2.4104944109004285e-08, 'lambda_l2': 1.3774072113748794, 'num_leaves': 47, 'feature_fraction': 0.5715315899033924, 'bagging_fraction': 0.8520624909621144, 'bagging_freq': 1, 'min_child_samples': 125}. Best is trial 241 with value: 0.8223281511120952.
[I 2025-04-07 04:21:06,519] Trial 731 finished with value: 0.8175068402157238 and parameters: {'lambda_l1': 0.005769651310353683, 'lambda_l2': 83.05887534446484, 'num_leaves': 42, 'feature_fraction': 0.6333004579262875, 'bagging_fraction': 0.8124476709077049, 'bagging_freq': 2, 'min_child_samples': 118}. Best is trial 241 with value: 0.8223281511120952.
