[I 2025-04-07 04:54:52,690] Trial 1769 finished with value: 0.820735088153994 and parameters: {'lambda_l1': 9.09565451788639e-08, 'lambda_l2': 8.487637509885722, 'num_leaves': 34, 'feature_fraction': 0.5294784040434299, 'bagging_fraction': 0.8687098921345671, 'bagging_freq': 2, 'min_child_samples': 126}. Best is trial 790 with value: 0.8225378298635823.
[I 2025-04-07 04:54:54,381] Trial 1770 finished with value: 0.8207769641567426 and parameters: {'lambda_l1': 1.4813331261628853, 'lambda_l2': 1.3854709211921337, 'num_leaves': 38, 'feature_fraction': 0.5583621663628677, 'bagging_fraction': 0.8421917704649955, 'bagging_freq': 1, 'min_child_samples': 124}. Best is trial 790 with value: 0.8225378298635823.
[I 2025-04-07 04:54:56,188] Trial 1771 finished with value: 0.8195613299804414 and parameters: {'lambda_l1': 7.967923147914986e-07, 'lambda_l2': 0.17758345371198297, 'num_leaves': 42, 'feature_fraction': 0.5906713471802094, 'bagging_fraction': 0.8261771531170409, 'bagging_freq': 2, 'min_child_samples': 64}. Best is trial 790 with value: 0.8225378298635823.
[I 2025-04-07 04:54:58,895] Trial 1772 finished with value: 0.8188488053126115 and parameters: {'lambda_l1': 1.9740804787163263e-05, 'lambda_l2': 5.043595142143007, 'num_leaves': 48, 'feature_fraction': 0.5762599078415417, 'bagging_fraction': 0.9100334677355433, 'bagging_freq': 3, 'min_child_samples': 48}. Best is trial 790 with value: 0.8225378298635823.
[I 2025-04-07 04:55:00,678] Trial 1773 finished with value: 0.8201059816082985 and parameters: {'lambda_l1': 9.443762178708687e-06, 'lambda_l2': 0.6919005945113765, 'num_leaves': 35, 'feature_fraction': 0.5621398393287504, 'bagging_fraction': 0.8626063143337467, 'bagging_freq': 2, 'min_child_samples': 120}. Best is trial 790 with value: 0.8225378298635823.
[I 2025-04-07 04:55:02,612] Trial 1774 finished with value: 0.8196033114200411 and parameters: {'lambda_l1': 0.00048104170118252733, 'lambda_l2': 3.0536969929112296, 'num_leaves': 41, 'feature_fraction': 0.5464682857103157, 'bagging_fraction': 0.9516581804100321, 'bagging_freq': 1, 'min_child_samples': 93}. Best is trial 790 with value: 0.8225378298635823.
[I 2025-04-07 04:55:04,295] Trial 1775 finished with value: 0.8217832886105356 and parameters: {'lambda_l1': 4.003020241288438e-05, 'lambda_l2': 2.930787587406711e-07, 'num_leaves': 32, 'feature_fraction': 0.5894080218933728, 'bagging_fraction': 0.8392855923377144, 'bagging_freq': 2, 'min_child_samples': 126}. Best is trial 790 with value: 0.8225378298635823.
[I 2025-04-07 04:55:06,320] Trial 1776 finished with value: 0.8180936490112659 and parameters: {'lambda_l1': 8.200963303881136e-05, 'lambda_l2': 0.00016426104168552983, 'num_leaves': 38, 'feature_fraction': 0.9979825086606635, 'bagging_fraction': 0.8768477618099917, 'bagging_freq': 3, 'min_child_samples': 128}. Best is trial 790 with value: 0.8225378298635823.
[I 2025-04-07 04:55:08,334] Trial 1777 finished with value: 0.8203995178021337 and parameters: {'lambda_l1': 1.9420435832577006e-05, 'lambda_l2': 17.210220578358253, 'num_leaves': 44, 'feature_fraction': 0.5099179344284328, 'bagging_fraction': 0.8505876581462047, 'bagging_freq': 2, 'min_child_samples': 123}. Best is trial 790 with value: 0.8225378298635823.
[I 2025-04-07 04:55:10,488] Trial 1778 finished with value: 0.8193513700640176 and parameters: {'lambda_l1': 2.0296588808306702e-07, 'lambda_l2': 0.46332346451179135, 'num_leaves': 35, 'feature_fraction': 0.760069845285835, 'bagging_fraction': 0.8275022486220365, 'bagging_freq': 1, 'min_child_samples': 118}. Best is trial 790 with value: 0.8225378298635823.
[I 2025-04-07 04:55:12,234] Trial 1779 finished with value: 0.8198128495890599 and parameters: {'lambda_l1': 5.2313829936188635e-09, 'lambda_l2': 0.06929287954198343, 'num_leaves': 40, 'feature_fraction': 0.5672366436826842, 'bagging_fraction': 0.8593602352122929, 'bagging_freq': 2, 'min_child_samples': 121}. Best is trial 790 with value: 0.8225378298635823.
[I 2025-04-07 04:55:14,440] Trial 1780 finished with value: 0.8215316635650659 and parameters: {'lambda_l1': 1.8426297807084588e-08, 'lambda_l2': 5.334129327071329, 'num_leaves': 46, 'feature_fraction': 0.5770745255756048, 'bagging_fraction': 0.8409248124946118, 'bagging_freq': 2, 'min_child_samples': 125}. Best is trial 790 with value: 0.8225378298635823.
[I 2025-04-07 04:55:16,239] Trial 1781 finished with value: 0.8193099333814828 and parameters: {'lambda_l1': 9.347125149324118e-06, 'lambda_l2': 2.1503120690267377, 'num_leaves': 38, 'feature_fraction': 0.5537598328599066, 'bagging_fraction': 0.9999742375886154, 'bagging_freq': 1, 'min_child_samples': 128}. Best is trial 790 with value: 0.8225378298635823.
[I 2025-04-07 04:55:17,777] Trial 1782 finished with value: 0.8205255148393581 and parameters: {'lambda_l1': 0.8181490621407778, 'lambda_l2': 8.550995933622143, 'num_leaves': 29, 'feature_fraction': 0.5328607719436915, 'bagging_fraction': 0.8705378511272216, 'bagging_freq': 3, 'min_child_samples': 123}. Best is trial 790 with value: 0.8225378298635823.
[I 2025-04-07 04:55:19,810] Trial 1783 finished with value: 0.8210285716294037 and parameters: {'lambda_l1': 0.0002259040665455917, 'lambda_l2': 1.1918239129450932, 'num_leaves': 26, 'feature_fraction': 0.5879788412433623, 'bagging_fraction': 0.8213173569998876, 'bagging_freq': 2, 'min_child_samples': 125}. Best is trial 790 with value: 0.8225378298635823.
[I 2025-04-07 04:55:21,602] Trial 1784 finished with value: 0.819812919880294 and parameters: {'lambda_l1': 4.0518359193656603e-05, 'lambda_l2': 3.886455365359133, 'num_leaves': 42, 'feature_fraction': 0.4007073369389622, 'bagging_fraction': 0.8506745629384098, 'bagging_freq': 1, 'min_child_samples': 120}. Best is trial 790 with value: 0.8225378298635823.
[I 2025-04-07 04:55:22,896] Trial 1785 finished with value: 0.8198128671618683 and parameters: {'lambda_l1': 0.0001149793022349626, 'lambda_l2': 10.629878512093077, 'num_leaves': 21, 'feature_fraction': 0.5680602773601012, 'bagging_fraction': 0.8865003432387455, 'bagging_freq': 2, 'min_child_samples': 22}. Best is trial 790 with value: 0.8225378298635823.
[I 2025-04-07 04:55:25,023] Trial 1786 finished with value: 0.8196032411288069 and parameters: {'lambda_l1': 8.760429188533809e-09, 'lambda_l2': 2.3558267076513912, 'num_leaves': 50, 'feature_fraction': 0.962203359194891, 'bagging_fraction': 0.8326409968749534, 'bagging_freq': 2, 'min_child_samples': 117}. Best is trial 790 with value: 0.8225378298635823.
[I 2025-04-07 04:55:26,884] Trial 1787 finished with value: 0.8203579053915133 and parameters: {'lambda_l1': 2.6408070277351665e-05, 'lambda_l2': 0.8164162425982301, 'num_leaves': 33, 'feature_fraction': 0.7023509367676031, 'bagging_fraction': 0.8429422035582048, 'bagging_freq': 2, 'min_child_samples': 126}. Best is trial 790 with value: 0.8225378298635823.
[I 2025-04-07 04:55:28,796] Trial 1788 finished with value: 0.819980371172862 and parameters: {'lambda_l1': 1.6004000908847763e-05, 'lambda_l2': 0.2658209031774013, 'num_leaves': 37, 'feature_fraction': 0.541598521741148, 'bagging_fraction': 0.816701001028164, 'bagging_freq': 1, 'min_child_samples': 55}. Best is trial 790 with value: 0.8225378298635823.
[I 2025-04-07 04:55:31,284] Trial 1789 finished with value: 0.8199803711728618 and parameters: {'lambda_l1': 3.680803594755755e-08, 'lambda_l2': 4.667125984012511, 'num_leaves': 43, 'feature_fraction': 0.5916139499373179, 'bagging_fraction': 0.8604568878890202, 'bagging_freq': 3, 'min_child_samples': 122}. Best is trial 790 with value: 0.8225378298635823.
[I 2025-04-07 04:55:32,804] Trial 1790 finished with value: 0.8201062276276181 and parameters: {'lambda_l1': 5.843002673553586e-07, 'lambda_l2': 0.003487479301275483, 'num_leaves': 31, 'feature_fraction': 0.5570909958777959, 'bagging_fraction': 0.9033954026116736, 'bagging_freq': 2, 'min_child_samples': 128}. Best is trial 790 with value: 0.8225378298635823.
[I 2025-04-07 04:55:34,410] Trial 1791 finished with value: 0.8207351232996111 and parameters: {'lambda_l1': 6.368528634800937e-05, 'lambda_l2': 1.6499590901976933, 'num_leaves': 36, 'feature_fraction': 0.5770222270997075, 'bagging_fraction': 0.8312923255116097, 'bagging_freq': 2, 'min_child_samples': 124}. Best is trial 790 with value: 0.8225378298635823.
[I 2025-04-07 04:55:37,390] Trial 1792 finished with value: 0.8191419197590417 and parameters: {'lambda_l1': 5.3892129547246335e-09, 'lambda_l2': 6.844676930285225, 'num_leaves': 91, 'feature_fraction': 0.5190654206171287, 'bagging_fraction': 0.8722453640341958, 'bagging_freq': 3, 'min_child_samples': 121}. Best is trial 790 with value: 0.8225378298635823.
[I 2025-04-07 04:55:39,245] Trial 1793 finished with value: 0.8194771738003483 and parameters: {'lambda_l1': 0.00016221279326693116, 'lambda_l2': 0.0015619703614586154, 'num_leaves': 47, 'feature_fraction': 0.5700140081677992, 'bagging_fraction': 0.8523015488988196, 'bagging_freq': 1, 'min_child_samples': 126}. Best is trial 790 with value: 0.8225378298635823.
[I 2025-04-07 04:55:41,827] Trial 1794 finished with value: 0.8198545498637229 and parameters: {'lambda_l1': 7.923898848899967e-06, 'lambda_l2': 23.295540428250067, 'num_leaves': 40, 'feature_fraction': 0.5896229397775639, 'bagging_fraction': 0.8875526058204848, 'bagging_freq': 2, 'min_child_samples': 123}. Best is trial 790 with value: 0.8225378298635823.
[I 2025-04-07 04:55:44,004] Trial 1795 finished with value: 0.8197706924213748 and parameters: {'lambda_l1': 2.9812539424014176e-05, 'lambda_l2': 3.356273949376576, 'num_leaves': 44, 'feature_fraction': 0.5502211190017029, 'bagging_fraction': 0.8410366161651355, 'bagging_freq': 1, 'min_child_samples': 119}. Best is trial 790 with value: 0.8225378298635823.
[I 2025-04-07 04:55:45,620] Trial 1796 finished with value: 0.8195612772620159 and parameters: {'lambda_l1': 0.04782183315158676, 'lambda_l2': 0.5745978952302199, 'num_leaves': 33, 'feature_fraction': 0.5798871898680092, 'bagging_fraction': 0.9237067835910912, 'bagging_freq': 2, 'min_child_samples': 126}. Best is trial 790 with value: 0.8225378298635823.
[I 2025-04-07 04:55:47,382] Trial 1797 finished with value: 0.8214059301199695 and parameters: {'lambda_l1': 0.0004006380874947033, 'lambda_l2': 12.275752855380775, 'num_leaves': 38, 'feature_fraction': 0.5944804778972776, 'bagging_fraction': 0.865971457751339, 'bagging_freq': 2, 'min_child_samples': 128}. Best is trial 790 with value: 0.8225378298635823.
[I 2025-04-07 04:55:49,183] Trial 1798 finished with value: 0.8201901553612003 and parameters: {'lambda_l1': 8.534066772127228e-05, 'lambda_l2': 1.2390257416084032, 'num_leaves': 35, 'feature_fraction': 0.5616455703035278, 'bagging_fraction': 0.8213619714975449, 'bagging_freq': 3, 'min_child_samples': 85}. Best is trial 790 with value: 0.8225378298635823.
[I 2025-04-07 04:55:51,569] Trial 1799 finished with value: 0.8213219848135788 and parameters: {'lambda_l1': 1.6434795838757202e-05, 'lambda_l2': 2.7514896890638045, 'num_leaves': 41, 'feature_fraction': 0.540019060519207, 'bagging_fraction': 0.8528330581153944, 'bagging_freq': 2, 'min_child_samples': 116}. Best is trial 790 with value: 0.8225378298635823.
[I 2025-04-07 04:55:53,403] Trial 1800 finished with value: 0.8205253391112729 and parameters: {'lambda_l1': 1.1452803670333917e-05, 'lambda_l2': 6.464554107140265, 'num_leaves': 45, 'feature_fraction': 0.574193834078579, 'bagging_fraction': 0.8355061083188166, 'bagging_freq': 1, 'min_child_samples': 124}. Best is trial 790 with value: 0.8225378298635823.
[I 2025-04-07 04:55:55,118] Trial 1801 finished with value: 0.8202319610727145 and parameters: {'lambda_l1': 4.338562023585434e-05, 'lambda_l2': 1.908042891179062, 'num_leaves': 40, 'feature_fraction': 0.5568625438370023, 'bagging_fraction': 0.8114432197652057, 'bagging_freq': 2, 'min_child_samples': 121}. Best is trial 790 with value: 0.8225378298635823.
[I 2025-04-07 04:55:56,771] Trial 1802 finished with value: 0.8196869404158781 and parameters: {'lambda_l1': 6.745493734089671e-08, 'lambda_l2': 4.146782693973829, 'num_leaves': 36, 'feature_fraction': 0.5952487280807875, 'bagging_fraction': 0.8500035759955407, 'bagging_freq': 7, 'min_child_samples': 124}. Best is trial 790 with value: 0.8225378298635823.
[I 2025-04-07 04:55:58,220] Trial 1803 finished with value: 0.8207770168751681 and parameters: {'lambda_l1': 5.695766128992355e-09, 'lambda_l2': 0.000674903798567262, 'num_leaves': 29, 'feature_fraction': 0.5815111658003843, 'bagging_fraction': 0.8652376090601444, 'bagging_freq': 2, 'min_child_samples': 119}. Best is trial 790 with value: 0.8225378298635823.
[I 2025-04-07 04:56:00,069] Trial 1804 finished with value: 0.8193935272317028 and parameters: {'lambda_l1': 6.761798546447047e-06, 'lambda_l2': 0.014892486316364221, 'num_leaves': 42, 'feature_fraction': 0.567685518151146, 'bagging_fraction': 0.8799355232155458, 'bagging_freq': 3, 'min_child_samples': 33}. Best is trial 790 with value: 0.8225378298635823.
[I 2025-04-07 04:56:02,783] Trial 1805 finished with value: 0.8201902607980515 and parameters: {'lambda_l1': 0.00016369974129737207, 'lambda_l2': 0.11834658872168094, 'num_leaves': 50, 'feature_fraction': 0.5281606406792725, 'bagging_fraction': 0.8279584538325225, 'bagging_freq': 2, 'min_child_samples': 128}. Best is trial 790 with value: 0.8225378298635823.
[I 2025-04-07 04:56:04,577] Trial 1806 finished with value: 0.8211124993629857 and parameters: {'lambda_l1': 1.126092293377759e-08, 'lambda_l2': 8.634068969698992, 'num_leaves': 38, 'feature_fraction': 0.540165230963949, 'bagging_fraction': 0.8410600204850232, 'bagging_freq': 1, 'min_child_samples': 122}. Best is trial 790 with value: 0.8225378298635823.
[I 2025-04-07 04:56:06,093] Trial 1807 finished with value: 0.8206091789808123 and parameters: {'lambda_l1': 2.136249770278885e-05, 'lambda_l2': 0.006416790963729593, 'num_leaves': 33, 'feature_fraction': 0.5530849573950877, 'bagging_fraction': 0.8550475333525325, 'bagging_freq': 2, 'min_child_samples': 125}. Best is trial 790 with value: 0.8225378298635823.
[I 2025-04-07 04:56:07,162] Trial 1808 finished with value: 0.8045949379767722 and parameters: {'lambda_l1': 59.01861144691736, 'lambda_l2': 0.8754013624828019, 'num_leaves': 47, 'feature_fraction': 0.584442503374029, 'bagging_fraction': 0.8972140940375148, 'bagging_freq': 2, 'min_child_samples': 126}. Best is trial 790 with value: 0.8225378298635823.
[I 2025-04-07 04:56:09,250] Trial 1809 finished with value: 0.8208608743175161 and parameters: {'lambda_l1': 3.214752206075684e-07, 'lambda_l2': 3.727878345541585, 'num_leaves': 44, 'feature_fraction': 0.596240529924241, 'bagging_fraction': 0.8302835640544466, 'bagging_freq': 2, 'min_child_samples': 118}. Best is trial 790 with value: 0.8225378298635823.
[I 2025-04-07 04:56:10,980] Trial 1810 finished with value: 0.8205255148393583 and parameters: {'lambda_l1': 0.00250589053429659, 'lambda_l2': 16.830326333155828, 'num_leaves': 31, 'feature_fraction': 0.5666472998887624, 'bagging_fraction': 0.8042579247198182, 'bagging_freq': 1, 'min_child_samples': 122}. Best is trial 790 with value: 0.8225378298635823.
[I 2025-04-07 04:56:13,130] Trial 1811 finished with value: 0.8190582204719705 and parameters: {'lambda_l1': 0.00010573405404278857, 'lambda_l2': 0.3952833288284365, 'num_leaves': 35, 'feature_fraction': 0.5792376105734643, 'bagging_fraction': 0.8424731001630872, 'bagging_freq': 9, 'min_child_samples': 124}. Best is trial 790 with value: 0.8225378298635823.
[I 2025-04-07 04:56:15,158] Trial 1812 finished with value: 0.8209448020510981 and parameters: {'lambda_l1': 1.2256214216542158e-05, 'lambda_l2': 1.9733643443522926, 'num_leaves': 40, 'feature_fraction': 0.5449919300878824, 'bagging_fraction': 0.8746659071530919, 'bagging_freq': 3, 'min_child_samples': 120}. Best is trial 790 with value: 0.8225378298635823.
[I 2025-04-07 04:56:16,910] Trial 1813 finished with value: 0.8193096170709293 and parameters: {'lambda_l1': 4.583206416464848e-05, 'lambda_l2': 0.000378885622974086, 'num_leaves': 37, 'feature_fraction': 0.5964163500071845, 'bagging_fraction': 0.8165250977972615, 'bagging_freq': 1, 'min_child_samples': 128}. Best is trial 790 with value: 0.8225378298635823.
[I 2025-04-07 04:56:18,700] Trial 1814 finished with value: 0.8212800209467879 and parameters: {'lambda_l1': 6.3648925856772235e-06, 'lambda_l2': 5.398900697971126, 'num_leaves': 42, 'feature_fraction': 0.5625005353047715, 'bagging_fraction': 0.8613442747927984, 'bagging_freq': 2, 'min_child_samples': 126}. Best is trial 790 with value: 0.8225378298635823.
[I 2025-04-07 04:56:20,445] Trial 1815 finished with value: 0.8201062979188523 and parameters: {'lambda_l1': 1.4779646633782705e-07, 'lambda_l2': 1.3508037681680414, 'num_leaves': 39, 'feature_fraction': 0.6684570740235005, 'bagging_fraction': 0.8443415427855014, 'bagging_freq': 2, 'min_child_samples': 116}. Best is trial 790 with value: 0.8225378298635823.
[I 2025-04-07 04:56:22,068] Trial 1816 finished with value: 0.8214058246831183 and parameters: {'lambda_l1': 3.981457249022969e-09, 'lambda_l2': 2.5874110664201293, 'num_leaves': 34, 'feature_fraction': 0.5717995138199099, 'bagging_fraction': 0.8331310736008434, 'bagging_freq': 1, 'min_child_samples': 123}. Best is trial 790 with value: 0.8225378298635823.
[I 2025-04-07 04:56:23,744] Trial 1817 finished with value: 0.8209029436211583 and parameters: {'lambda_l1': 0.0002731939718176169, 'lambda_l2': 10.535843084334397, 'num_leaves': 25, 'feature_fraction': 0.5236037626743779, 'bagging_fraction': 0.883195639193409, 'bagging_freq': 4, 'min_child_samples': 126}. Best is trial 790 with value: 0.8225378298635823.
[I 2025-04-07 04:56:25,915] Trial 1818 finished with value: 0.82052537425689 and parameters: {'lambda_l1': 7.081017007854311e-05, 'lambda_l2': 27.124887281514305, 'num_leaves': 45, 'feature_fraction': 0.5862717992663955, 'bagging_fraction': 0.856719396461297, 'bagging_freq': 2, 'min_child_samples': 120}. Best is trial 790 with value: 0.8225378298635823.
[I 2025-04-07 04:56:27,734] Trial 1819 finished with value: 0.8199804063184791 and parameters: {'lambda_l1': 8.903190506534597e-07, 'lambda_l2': 6.0359348099509464, 'num_leaves': 37, 'feature_fraction': 0.5608749267377089, 'bagging_fraction': 0.8690376331738576, 'bagging_freq': 3, 'min_child_samples': 122}. Best is trial 790 with value: 0.8225378298635823.
[I 2025-04-07 04:56:29,715] Trial 1820 finished with value: 0.820357764809045 and parameters: {'lambda_l1': 3.12926740770298e-05, 'lambda_l2': 0.9769992025638445, 'num_leaves': 41, 'feature_fraction': 0.5492456539668598, 'bagging_fraction': 0.8203476755506759, 'bagging_freq': 2, 'min_child_samples': 128}. Best is trial 790 with value: 0.8225378298635823.
[I 2025-04-07 04:56:31,281] Trial 1821 finished with value: 0.8207351760180368 and parameters: {'lambda_l1': 1.4578635362937677e-05, 'lambda_l2': 3.2646345083988986, 'num_leaves': 31, 'feature_fraction': 0.5334251724297493, 'bagging_fraction': 0.8370830787283885, 'bagging_freq': 2, 'min_child_samples': 124}. Best is trial 790 with value: 0.8225378298635823.
[I 2025-04-07 04:56:33,286] Trial 1822 finished with value: 0.8165008320724845 and parameters: {'lambda_l1': 17.394650010029284, 'lambda_l2': 0.5859307987694604, 'num_leaves': 48, 'feature_fraction': 0.578868199036454, 'bagging_fraction': 0.8498655843732081, 'bagging_freq': 1, 'min_child_samples': 125}. Best is trial 790 with value: 0.8225378298635823.
[I 2025-04-07 04:56:35,378] Trial 1823 finished with value: 0.8219508629127633 and parameters: {'lambda_l1': 2.383079203306825e-05, 'lambda_l2': 8.069339890815925, 'num_leaves': 43, 'feature_fraction': 0.5969844049925402, 'bagging_fraction': 0.8270648667316797, 'bagging_freq': 3, 'min_child_samples': 118}. Best is trial 790 with value: 0.8225378298635823.
[I 2025-04-07 04:56:37,488] Trial 1824 finished with value: 0.8201898390506466 and parameters: {'lambda_l1': 5.46632929562024e-05, 'lambda_l2': 18.06779891779941, 'num_leaves': 48, 'feature_fraction': 0.604820323999329, 'bagging_fraction': 0.8078221017881714, 'bagging_freq': 4, 'min_child_samples': 113}. Best is trial 790 with value: 0.8225378298635823.
[I 2025-04-07 04:56:39,515] Trial 1825 finished with value: 0.8193514579280604 and parameters: {'lambda_l1': 3.668553498807143e-05, 'lambda_l2': 37.39803684323892, 'num_leaves': 44, 'feature_fraction': 0.6041575842726364, 'bagging_fraction': 0.820423626263355, 'bagging_freq': 5, 'min_child_samples': 115}. Best is trial 790 with value: 0.8225378298635823.
[I 2025-04-07 04:56:41,463] Trial 1826 finished with value: 0.8205254445481239 and parameters: {'lambda_l1': 2.8824036418206155e-05, 'lambda_l2': 14.77005112022392, 'num_leaves': 51, 'feature_fraction': 0.5994508915906257, 'bagging_fraction': 0.8115306447273545, 'bagging_freq': 3, 'min_child_samples': 115}. Best is trial 790 with value: 0.8225378298635823.
[I 2025-04-07 04:56:43,971] Trial 1827 finished with value: 0.8213639662531784 and parameters: {'lambda_l1': 6.422955232015265e-05, 'lambda_l2': 10.368720183920558, 'num_leaves': 47, 'feature_fraction': 0.601676218845442, 'bagging_fraction': 0.8009953682547266, 'bagging_freq': 4, 'min_child_samples': 116}. Best is trial 790 with value: 0.8225378298635823.
[I 2025-04-07 04:56:45,794] Trial 1828 finished with value: 0.8211964095237594 and parameters: {'lambda_l1': 4.364437713027248e-05, 'lambda_l2': 9.173101933977858, 'num_leaves': 45, 'feature_fraction': 0.5973037283060948, 'bagging_fraction': 0.8238978546051401, 'bagging_freq': 3, 'min_child_samples': 118}. Best is trial 790 with value: 0.8225378298635823.
[I 2025-04-07 04:56:47,691] Trial 1829 finished with value: 0.8212799330827452 and parameters: {'lambda_l1': 2.5780296360977883e-05, 'lambda_l2': 17.753520158601756, 'num_leaves': 44, 'feature_fraction': 0.6122527722206385, 'bagging_fraction': 0.8660508144309993, 'bagging_freq': 5, 'min_child_samples': 116}. Best is trial 790 with value: 0.8225378298635823.
