[I 2025-04-07 04:21:07,965] Trial 732 finished with value: 0.8206932472968627 and parameters: {'lambda_l1': 5.53269919998096e-05, 'lambda_l2': 8.04512228749673, 'num_leaves': 29, 'feature_fraction': 0.614916974912297, 'bagging_fraction': 0.912375941126564, 'bagging_freq': 3, 'min_child_samples': 61}. Best is trial 241 with value: 0.8223281511120952.
[I 2025-04-07 04:21:09,528] Trial 733 finished with value: 0.8208607688806648 and parameters: {'lambda_l1': 8.477685492813199e-06, 'lambda_l2': 4.4559736037798725, 'num_leaves': 32, 'feature_fraction': 0.5939061489944832, 'bagging_fraction': 0.8338313285230996, 'bagging_freq': 1, 'min_child_samples': 122}. Best is trial 241 with value: 0.8223281511120952.
[I 2025-04-07 04:21:11,381] Trial 734 finished with value: 0.820022299894036 and parameters: {'lambda_l1': 4.516291846488462e-06, 'lambda_l2': 37.94756102810979, 'num_leaves': 37, 'feature_fraction': 0.5634444269938601, 'bagging_fraction': 0.8573644957190724, 'bagging_freq': 2, 'min_child_samples': 115}. Best is trial 241 with value: 0.8223281511120952.
[I 2025-04-07 04:21:13,771] Trial 735 finished with value: 0.8206090911167696 and parameters: {'lambda_l1': 2.0048230513204715e-07, 'lambda_l2': 2.5575465335132446, 'num_leaves': 40, 'feature_fraction': 0.5816695255386878, 'bagging_fraction': 0.8457247973326782, 'bagging_freq': 2, 'min_child_samples': 128}. Best is trial 241 with value: 0.8223281511120952.
[I 2025-04-07 04:21:16,056] Trial 736 finished with value: 0.8200644746345296 and parameters: {'lambda_l1': 9.13514611847138e-05, 'lambda_l2': 13.473699671963002, 'num_leaves': 54, 'feature_fraction': 0.541473334305214, 'bagging_fraction': 0.8705379800560337, 'bagging_freq': 1, 'min_child_samples': 123}. Best is trial 241 with value: 0.8223281511120952.
[I 2025-04-07 04:21:17,961] Trial 737 finished with value: 0.8197706748485662 and parameters: {'lambda_l1': 2.194937960507321e-06, 'lambda_l2': 5.825266825535269, 'num_leaves': 44, 'feature_fraction': 0.6033283676115232, 'bagging_fraction': 0.8249122205921785, 'bagging_freq': 12, 'min_child_samples': 119}. Best is trial 241 with value: 0.8223281511120952.
[I 2025-04-07 04:21:20,074] Trial 738 finished with value: 0.8202738370754629 and parameters: {'lambda_l1': 5.217835009849341e-08, 'lambda_l2': 1.7923279771891687, 'num_leaves': 49, 'feature_fraction': 0.5283775937566992, 'bagging_fraction': 0.8057641686124443, 'bagging_freq': 2, 'min_child_samples': 126}. Best is trial 241 with value: 0.8223281511120952.
[I 2025-04-07 04:21:21,674] Trial 739 finished with value: 0.8201480157663237 and parameters: {'lambda_l1': 1.5000533627838934e-05, 'lambda_l2': 1.070144047069563, 'num_leaves': 25, 'feature_fraction': 0.558675155406997, 'bagging_fraction': 0.8392332900929422, 'bagging_freq': 1, 'min_child_samples': 113}. Best is trial 241 with value: 0.8223281511120952.
[I 2025-04-07 04:21:23,917] Trial 740 finished with value: 0.8199805117553304 and parameters: {'lambda_l1': 3.0201962177708514e-05, 'lambda_l2': 3.0256435415026743, 'num_leaves': 36, 'feature_fraction': 0.5925565301019952, 'bagging_fraction': 0.8906483397551802, 'bagging_freq': 3, 'min_child_samples': 121}. Best is trial 241 with value: 0.8223281511120952.
[I 2025-04-07 04:21:25,614] Trial 741 finished with value: 0.8193516512289543 and parameters: {'lambda_l1': 8.401225080163612e-07, 'lambda_l2': 6.802178117281219, 'num_leaves': 34, 'feature_fraction': 0.9458980278858458, 'bagging_fraction': 0.8588366317128437, 'bagging_freq': 2, 'min_child_samples': 117}. Best is trial 241 with value: 0.8223281511120952.
[I 2025-04-07 04:21:27,310] Trial 742 finished with value: 0.821699413595379 and parameters: {'lambda_l1': 2.6338927361670296e-09, 'lambda_l2': 0.8056985332334189, 'num_leaves': 41, 'feature_fraction': 0.5725059907350666, 'bagging_fraction': 0.8302735258379067, 'bagging_freq': 2, 'min_child_samples': 124}. Best is trial 241 with value: 0.8223281511120952.
[I 2025-04-07 04:21:29,122] Trial 743 finished with value: 0.8216154331433714 and parameters: {'lambda_l1': 0.49834888546122297, 'lambda_l2': 0.6412934214572439, 'num_leaves': 45, 'feature_fraction': 0.5518304052513705, 'bagging_fraction': 0.8187422356173819, 'bagging_freq': 2, 'min_child_samples': 126}. Best is trial 241 with value: 0.8223281511120952.
[I 2025-04-07 04:21:30,823] Trial 744 finished with value: 0.8189322058619375 and parameters: {'lambda_l1': 12.027869910264556, 'lambda_l2': 0.3171104709931914, 'num_leaves': 43, 'feature_fraction': 0.5665906928493846, 'bagging_fraction': 0.8160941686790952, 'bagging_freq': 1, 'min_child_samples': 126}. Best is trial 241 with value: 0.8223281511120952.
[I 2025-04-07 04:21:32,822] Trial 745 finished with value: 0.8199805117553302 and parameters: {'lambda_l1': 6.932494080033385e-09, 'lambda_l2': 0.454882818133806, 'num_leaves': 44, 'feature_fraction': 0.5523524401960468, 'bagging_fraction': 0.7991591988596413, 'bagging_freq': 2, 'min_child_samples': 128}. Best is trial 241 with value: 0.8223281511120952.
[I 2025-04-07 04:21:35,259] Trial 746 finished with value: 0.8209446438958213 and parameters: {'lambda_l1': 3.27097151956059e-09, 'lambda_l2': 0.17278981633224721, 'num_leaves': 41, 'feature_fraction': 0.5724657010105237, 'bagging_fraction': 0.824763469518791, 'bagging_freq': 2, 'min_child_samples': 124}. Best is trial 241 with value: 0.8223281511120952.
[I 2025-04-07 04:21:37,035] Trial 747 finished with value: 0.8198964610120882 and parameters: {'lambda_l1': 0.11977887312491647, 'lambda_l2': 0.28076143813342896, 'num_leaves': 45, 'feature_fraction': 0.557074065170399, 'bagging_fraction': 0.8294370347855049, 'bagging_freq': 3, 'min_child_samples': 126}. Best is trial 241 with value: 0.8223281511120952.
[I 2025-04-07 04:21:38,703] Trial 748 finished with value: 0.820190014778732 and parameters: {'lambda_l1': 0.07184391415624714, 'lambda_l2': 0.45600713520331604, 'num_leaves': 41, 'feature_fraction': 0.5746961111264227, 'bagging_fraction': 0.81377789226748, 'bagging_freq': 1, 'min_child_samples': 128}. Best is trial 241 with value: 0.8223281511120952.
[I 2025-04-07 04:21:40,578] Trial 749 finished with value: 0.8213218793767275 and parameters: {'lambda_l1': 2.467737550587022e-09, 'lambda_l2': 0.4429664094803193, 'num_leaves': 46, 'feature_fraction': 0.5703081544392958, 'bagging_fraction': 0.8324971843974175, 'bagging_freq': 2, 'min_child_samples': 124}. Best is trial 241 with value: 0.8223281511120952.
[I 2025-04-07 04:21:42,614] Trial 750 finished with value: 0.8195194012592676 and parameters: {'lambda_l1': 4.308580620540306, 'lambda_l2': 0.6633983854683945, 'num_leaves': 42, 'feature_fraction': 0.5813514815181591, 'bagging_fraction': 0.8425308954293196, 'bagging_freq': 1, 'min_child_samples': 67}. Best is trial 241 with value: 0.8223281511120952.
[I 2025-04-07 04:21:47,483] Trial 751 finished with value: 0.8191419197590417 and parameters: {'lambda_l1': 3.5972875745701553e-09, 'lambda_l2': 0.1934613701991558, 'num_leaves': 83, 'feature_fraction': 0.5481660906269191, 'bagging_fraction': 0.820333562354583, 'bagging_freq': 10, 'min_child_samples': 123}. Best is trial 241 with value: 0.8223281511120952.
[I 2025-04-07 04:21:52,089] Trial 752 finished with value: 0.8196450292675127 and parameters: {'lambda_l1': 4.143019470545045e-09, 'lambda_l2': 0.8286311864160947, 'num_leaves': 39, 'feature_fraction': 0.5638652666155122, 'bagging_fraction': 0.8057687408538396, 'bagging_freq': 8, 'min_child_samples': 125}. Best is trial 241 with value: 0.8223281511120952.
[I 2025-04-07 04:21:53,843] Trial 753 finished with value: 0.8214059828383953 and parameters: {'lambda_l1': 1.8344394408315685e-09, 'lambda_l2': 0.583736062333653, 'num_leaves': 39, 'feature_fraction': 0.5828931157175532, 'bagging_fraction': 0.8351223404801484, 'bagging_freq': 2, 'min_child_samples': 121}. Best is trial 241 with value: 0.8223281511120952.
[I 2025-04-07 04:21:56,245] Trial 754 finished with value: 0.8194774373924764 and parameters: {'lambda_l1': 1.3934264230817139e-09, 'lambda_l2': 0.917461643870034, 'num_leaves': 43, 'feature_fraction': 0.6085109023668874, 'bagging_fraction': 0.7947633382316092, 'bagging_freq': 2, 'min_child_samples': 128}. Best is trial 241 with value: 0.8223281511120952.
[I 2025-04-07 04:21:58,363] Trial 755 finished with value: 0.8206511252747948 and parameters: {'lambda_l1': 1.0084635739486505, 'lambda_l2': 0.11752195385259386, 'num_leaves': 47, 'feature_fraction': 0.6197793175281177, 'bagging_fraction': 0.8217879293040117, 'bagging_freq': 3, 'min_child_samples': 123}. Best is trial 241 with value: 0.8223281511120952.
[I 2025-04-07 04:22:00,020] Trial 756 finished with value: 0.8198127090065915 and parameters: {'lambda_l1': 1.0235167625226046e-09, 'lambda_l2': 0.2722038640471965, 'num_leaves': 31, 'feature_fraction': 0.5565968765437873, 'bagging_fraction': 0.8436481208146583, 'bagging_freq': 1, 'min_child_samples': 119}. Best is trial 241 with value: 0.8223281511120952.
[I 2025-04-07 04:22:02,100] Trial 757 finished with value: 0.8215734341309633 and parameters: {'lambda_l1': 0.3686202537780719, 'lambda_l2': 0.6275902543977848, 'num_leaves': 41, 'feature_fraction': 0.5885531239215309, 'bagging_fraction': 0.8299422246791853, 'bagging_freq': 2, 'min_child_samples': 126}. Best is trial 241 with value: 0.8223281511120952.
[I 2025-04-07 04:22:04,100] Trial 758 finished with value: 0.8196450468403211 and parameters: {'lambda_l1': 0.02341808831592262, 'lambda_l2': 4.292120197515627e-06, 'num_leaves': 44, 'feature_fraction': 0.5738220183092588, 'bagging_fraction': 0.9497902469166544, 'bagging_freq': 2, 'min_child_samples': 115}. Best is trial 241 with value: 0.8223281511120952.
[I 2025-04-07 04:22:06,345] Trial 759 finished with value: 0.819225689337347 and parameters: {'lambda_l1': 1.0699869977697219e-08, 'lambda_l2': 0.8644338851857506, 'num_leaves': 37, 'feature_fraction': 0.5383141641401978, 'bagging_fraction': 0.8476318650835144, 'bagging_freq': 1, 'min_child_samples': 123}. Best is trial 241 with value: 0.8223281511120952.
[I 2025-04-07 04:22:08,299] Trial 760 finished with value: 0.8214058071103099 and parameters: {'lambda_l1': 0.5810570772469511, 'lambda_l2': 1.177062085420186, 'num_leaves': 39, 'feature_fraction': 0.6002742037490706, 'bagging_fraction': 0.8097547397189144, 'bagging_freq': 2, 'min_child_samples': 110}. Best is trial 241 with value: 0.8223281511120952.
[I 2025-04-07 04:22:10,600] Trial 761 finished with value: 0.8202318204902463 and parameters: {'lambda_l1': 2.6138740757880345e-09, 'lambda_l2': 0.06407695355750251, 'num_leaves': 51, 'feature_fraction': 0.5801303823000322, 'bagging_fraction': 0.8232395032692021, 'bagging_freq': 3, 'min_child_samples': 120}. Best is trial 241 with value: 0.8223281511120952.
[I 2025-04-07 04:22:12,082] Trial 762 finished with value: 0.8204834103900988 and parameters: {'lambda_l1': 6.789527165261831e-09, 'lambda_l2': 0.37363173397174637, 'num_leaves': 29, 'feature_fraction': 0.5643312989131978, 'bagging_fraction': 0.8352071311894437, 'bagging_freq': 1, 'min_child_samples': 125}. Best is trial 241 with value: 0.8223281511120952.
[I 2025-04-07 04:22:13,602] Trial 763 finished with value: 0.8210705354961945 and parameters: {'lambda_l1': 1.6846866615459022e-09, 'lambda_l2': 1.1809439651530333, 'num_leaves': 34, 'feature_fraction': 0.591572765789561, 'bagging_fraction': 0.8422768956959077, 'bagging_freq': 2, 'min_child_samples': 117}. Best is trial 241 with value: 0.8223281511120952.
[I 2025-04-07 04:22:16,026] Trial 764 finished with value: 0.8202318732086716 and parameters: {'lambda_l1': 1.0465901612258143e-09, 'lambda_l2': 0.6206031632779782, 'num_leaves': 45, 'feature_fraction': 0.6227717937798776, 'bagging_fraction': 0.8518909141575589, 'bagging_freq': 2, 'min_child_samples': 72}. Best is trial 241 with value: 0.8223281511120952.
[I 2025-04-07 04:22:17,911] Trial 765 finished with value: 0.819519190385565 and parameters: {'lambda_l1': 5.615457786010713e-09, 'lambda_l2': 1.4958762042573486, 'num_leaves': 48, 'feature_fraction': 0.6080059875541722, 'bagging_fraction': 0.8143515221191615, 'bagging_freq': 1, 'min_child_samples': 126}. Best is trial 241 with value: 0.8223281511120952.
[I 2025-04-07 04:22:19,634] Trial 766 finished with value: 0.8220765436394342 and parameters: {'lambda_l1': 4.561080921113593e-09, 'lambda_l2': 0.796800692854823, 'num_leaves': 41, 'feature_fraction': 0.5496644256606491, 'bagging_fraction': 0.8307935600518899, 'bagging_freq': 2, 'min_child_samples': 128}. Best is trial 241 with value: 0.8223281511120952.
[I 2025-04-07 04:22:21,367] Trial 767 finished with value: 0.8206513537213059 and parameters: {'lambda_l1': 6.19370832032622e-09, 'lambda_l2': 0.27963273992291526, 'num_leaves': 42, 'feature_fraction': 0.5258546872373326, 'bagging_fraction': 0.849181124345734, 'bagging_freq': 3, 'min_child_samples': 127}. Best is trial 241 with value: 0.8223281511120952.
[I 2025-04-07 04:22:23,159] Trial 768 finished with value: 0.8216995717506558 and parameters: {'lambda_l1': 9.744249515258703e-09, 'lambda_l2': 0.4394375366401959, 'num_leaves': 45, 'feature_fraction': 0.5382210897840143, 'bagging_fraction': 0.8301402673363338, 'bagging_freq': 2, 'min_child_samples': 128}. Best is trial 241 with value: 0.8223281511120952.
[I 2025-04-07 04:22:25,012] Trial 769 finished with value: 0.820567338123681 and parameters: {'lambda_l1': 1.4133182718897739e-08, 'lambda_l2': 0.34874986791043777, 'num_leaves': 48, 'feature_fraction': 0.5134385070025469, 'bagging_fraction': 0.8312219666833081, 'bagging_freq': 2, 'min_child_samples': 128}. Best is trial 241 with value: 0.8223281511120952.
[I 2025-04-07 04:22:27,358] Trial 770 finished with value: 0.8203997462486446 and parameters: {'lambda_l1': 8.439068399163954e-09, 'lambda_l2': 0.260138753091639, 'num_leaves': 45, 'feature_fraction': 0.5358995035085637, 'bagging_fraction': 0.8421447320472012, 'bagging_freq': 1, 'min_child_samples': 128}. Best is trial 241 with value: 0.8223281511120952.
[I 2025-04-07 04:22:29,412] Trial 771 finished with value: 0.8206511428476034 and parameters: {'lambda_l1': 5.410892956454619e-09, 'lambda_l2': 0.17068123258533063, 'num_leaves': 45, 'feature_fraction': 0.5395956082755453, 'bagging_fraction': 0.8575229793924428, 'bagging_freq': 2, 'min_child_samples': 128}. Best is trial 241 with value: 0.8223281511120952.
[I 2025-04-07 04:22:31,265] Trial 772 finished with value: 0.8206094250001318 and parameters: {'lambda_l1': 9.649193985397569e-09, 'lambda_l2': 0.48835020196603357, 'num_leaves': 41, 'feature_fraction': 0.5167982357360694, 'bagging_fraction': 0.8270252874733651, 'bagging_freq': 2, 'min_child_samples': 128}. Best is trial 241 with value: 0.8223281511120952.
[I 2025-04-07 04:22:33,000] Trial 773 finished with value: 0.8177161499382315 and parameters: {'lambda_l1': 1.3575955967484236e-08, 'lambda_l2': 0.6675459145695758, 'num_leaves': 50, 'feature_fraction': 0.5221370278832281, 'bagging_fraction': 0.40165443700848014, 'bagging_freq': 1, 'min_child_samples': 126}. Best is trial 241 with value: 0.8223281511120952.
[I 2025-04-07 04:22:34,806] Trial 774 finished with value: 0.8212800912380219 and parameters: {'lambda_l1': 4.4399872443253644e-09, 'lambda_l2': 0.10953141933704413, 'num_leaves': 43, 'feature_fraction': 0.5360458400485313, 'bagging_fraction': 0.8353694177169226, 'bagging_freq': 3, 'min_child_samples': 128}. Best is trial 241 with value: 0.8223281511120952.
[I 2025-04-07 04:22:37,135] Trial 775 finished with value: 0.8199385830341562 and parameters: {'lambda_l1': 1.5132234145944001, 'lambda_l2': 0.41851870505430905, 'num_leaves': 47, 'feature_fraction': 0.5464882799824248, 'bagging_fraction': 0.8559714614886949, 'bagging_freq': 2, 'min_child_samples': 125}. Best is trial 241 with value: 0.8223281511120952.
[I 2025-04-07 04:22:38,783] Trial 776 finished with value: 0.8195609609514622 and parameters: {'lambda_l1': 2.6274465661188062e-08, 'lambda_l2': 0.8219735472727516, 'num_leaves': 40, 'feature_fraction': 0.5305535043586896, 'bagging_fraction': 0.8724113869786817, 'bagging_freq': 1, 'min_child_samples': 125}. Best is trial 241 with value: 0.8223281511120952.
[I 2025-04-07 04:22:40,427] Trial 777 finished with value: 0.8209865023257612 and parameters: {'lambda_l1': 2.5494008555481015e-09, 'lambda_l2': 0.21973112538017747, 'num_leaves': 39, 'feature_fraction': 0.5047812665754722, 'bagging_fraction': 0.8452859697386415, 'bagging_freq': 2, 'min_child_samples': 124}. Best is trial 241 with value: 0.8223281511120952.
[I 2025-04-07 04:22:42,223] Trial 778 finished with value: 0.8210284661925522 and parameters: {'lambda_l1': 4.386547432859868e-09, 'lambda_l2': 0.5162662093222131, 'num_leaves': 43, 'feature_fraction': 0.5496967415555899, 'bagging_fraction': 0.8236382744537613, 'bagging_freq': 2, 'min_child_samples': 128}. Best is trial 241 with value: 0.8223281511120952.
[I 2025-04-07 04:22:44,212] Trial 779 finished with value: 0.8193097400805888 and parameters: {'lambda_l1': 4.170586886032154e-09, 'lambda_l2': 0.9717603446832149, 'num_leaves': 46, 'feature_fraction': 0.5269491757426245, 'bagging_fraction': 0.8344529833626297, 'bagging_freq': 1, 'min_child_samples': 126}. Best is trial 241 with value: 0.8223281511120952.
[I 2025-04-07 04:22:46,780] Trial 780 finished with value: 0.8191002546299957 and parameters: {'lambda_l1': 8.028168124495518e-09, 'lambda_l2': 1.617422856872481, 'num_leaves': 51, 'feature_fraction': 0.48678254772306323, 'bagging_fraction': 0.7681167207353651, 'bagging_freq': 3, 'min_child_samples': 128}. Best is trial 241 with value: 0.8223281511120952.
[I 2025-04-07 04:22:48,416] Trial 781 finished with value: 0.8193935623773199 and parameters: {'lambda_l1': 0.1731836518116734, 'lambda_l2': 0.041029951139692086, 'num_leaves': 38, 'feature_fraction': 0.6387352288991028, 'bagging_fraction': 0.8084664135331282, 'bagging_freq': 2, 'min_child_samples': 124}. Best is trial 241 with value: 0.8223281511120952.
[I 2025-04-07 04:22:50,088] Trial 782 finished with value: 0.8195191552399479 and parameters: {'lambda_l1': 2.269828869736658e-08, 'lambda_l2': 0.7742157197906615, 'num_leaves': 41, 'feature_fraction': 0.5467393149080485, 'bagging_fraction': 0.8506852392730355, 'bagging_freq': 1, 'min_child_samples': 125}. Best is trial 241 with value: 0.8223281511120952.
[I 2025-04-07 04:22:52,116] Trial 783 finished with value: 0.8200643164792526 and parameters: {'lambda_l1': 1.6130507750592058e-08, 'lambda_l2': 0.42965732850987776, 'num_leaves': 48, 'feature_fraction': 0.5536047868107961, 'bagging_fraction': 0.8629028516054839, 'bagging_freq': 2, 'min_child_samples': 124}. Best is trial 241 with value: 0.8223281511120952.
[I 2025-04-07 04:22:53,881] Trial 784 finished with value: 0.8210283256100839 and parameters: {'lambda_l1': 2.752552038994237e-09, 'lambda_l2': 1.3813213302077688e-05, 'num_leaves': 44, 'feature_fraction': 0.5418531387619735, 'bagging_fraction': 0.8197284724344212, 'bagging_freq': 2, 'min_child_samples': 128}. Best is trial 241 with value: 0.8223281511120952.
[I 2025-04-07 04:22:55,591] Trial 785 finished with value: 0.8206093722817063 and parameters: {'lambda_l1': 3.195092314607218e-09, 'lambda_l2': 0.08216048436098926, 'num_leaves': 37, 'feature_fraction': 0.5528557802736868, 'bagging_fraction': 0.8384332441195836, 'bagging_freq': 4, 'min_child_samples': 123}. Best is trial 241 with value: 0.8223281511120952.
[I 2025-04-07 04:22:57,872] Trial 786 finished with value: 0.820064421916104 and parameters: {'lambda_l1': 6.535822616998297e-09, 'lambda_l2': 25.08605994916115, 'num_leaves': 41, 'feature_fraction': 0.6176342792593837, 'bagging_fraction': 0.8797538678693295, 'bagging_freq': 3, 'min_child_samples': 126}. Best is trial 241 with value: 0.8223281511120952.
[I 2025-04-07 04:22:59,640] Trial 787 finished with value: 0.8217413071709361 and parameters: {'lambda_l1': 2.322620400971925e-09, 'lambda_l2': 1.3148030274315547, 'num_leaves': 38, 'feature_fraction': 0.5993586280076364, 'bagging_fraction': 0.828649644911567, 'bagging_freq': 2, 'min_child_samples': 122}. Best is trial 241 with value: 0.8223281511120952.
[I 2025-04-07 04:23:01,270] Trial 788 finished with value: 0.8197708154310346 and parameters: {'lambda_l1': 2.2274436833468395e-09, 'lambda_l2': 1.5095040559336907, 'num_leaves': 36, 'feature_fraction': 0.6051642043048242, 'bagging_fraction': 0.9330525742939135, 'bagging_freq': 5, 'min_child_samples': 122}. Best is trial 241 with value: 0.8223281511120952.
[I 2025-04-07 04:23:03,077] Trial 789 finished with value: 0.8193096346437375 and parameters: {'lambda_l1': 1.857903448320686e-09, 'lambda_l2': 2.22715738279652, 'num_leaves': 38, 'feature_fraction': 0.6292728938183068, 'bagging_fraction': 0.8485457917781745, 'bagging_freq': 1, 'min_child_samples': 122}. Best is trial 241 with value: 0.8223281511120952.
[I 2025-04-07 04:23:04,929] Trial 790 finished with value: 0.8225378298635823 and parameters: {'lambda_l1': 3.86967799982595e-09, 'lambda_l2': 0.017431237297476674, 'num_leaves': 36, 'feature_fraction': 0.5981130737313801, 'bagging_fraction': 0.8637499678009192, 'bagging_freq': 2, 'min_child_samples': 122}. Best is trial 790 with value: 0.8225378298635823.
[I 2025-04-07 04:23:06,620] Trial 791 finished with value: 0.8208190158875762 and parameters: {'lambda_l1': 4.152022693021183e-09, 'lambda_l2': 0.0019321579312642563, 'num_leaves': 38, 'feature_fraction': 0.6161314093328395, 'bagging_fraction': 0.8961220505225843, 'bagging_freq': 2, 'min_child_samples': 122}. Best is trial 790 with value: 0.8225378298635823.
[I 2025-04-07 04:23:08,706] Trial 792 finished with value: 0.8198545498637229 and parameters: {'lambda_l1': 9.646595933157562e-09, 'lambda_l2': 0.009033157502796043, 'num_leaves': 36, 'feature_fraction': 0.6028324146580084, 'bagging_fraction': 0.8820529402333948, 'bagging_freq': 1, 'min_child_samples': 121}. Best is trial 790 with value: 0.8225378298635823.
