[I 2025-04-07 04:23:10,352] Trial 793 finished with value: 0.8193936678141711 and parameters: {'lambda_l1': 2.975930728512368e-09, 'lambda_l2': 0.0006950709529672082, 'num_leaves': 39, 'feature_fraction': 0.6277469201384306, 'bagging_fraction': 0.8681779327825538, 'bagging_freq': 2, 'min_child_samples': 122}. Best is trial 790 with value: 0.8225378298635823.
[I 2025-04-07 04:23:11,964] Trial 794 finished with value: 0.821237934070337 and parameters: {'lambda_l1': 6.903340127858934e-09, 'lambda_l2': 0.0058436701729752405, 'num_leaves': 35, 'feature_fraction': 0.6113052697783041, 'bagging_fraction': 0.8733692192740172, 'bagging_freq': 3, 'min_child_samples': 124}. Best is trial 790 with value: 0.8225378298635823.
[I 2025-04-07 04:23:13,701] Trial 795 finished with value: 0.8210705003505776 and parameters: {'lambda_l1': 3.711604740988698e-09, 'lambda_l2': 0.050362405906335096, 'num_leaves': 39, 'feature_fraction': 0.5964868929111962, 'bagging_fraction': 0.8622556778742286, 'bagging_freq': 2, 'min_child_samples': 125}. Best is trial 790 with value: 0.8225378298635823.
[I 2025-04-07 04:23:15,618] Trial 796 finished with value: 0.8204834103900989 and parameters: {'lambda_l1': 1.805040914099409e-09, 'lambda_l2': 0.028613584374371455, 'num_leaves': 41, 'feature_fraction': 0.6629742355712471, 'bagging_fraction': 0.8818142144526049, 'bagging_freq': 1, 'min_child_samples': 121}. Best is trial 790 with value: 0.8225378298635823.
[I 2025-04-07 04:23:17,417] Trial 797 finished with value: 0.8208609094631332 and parameters: {'lambda_l1': 2.8697933131986524e-09, 'lambda_l2': 0.02178065194058387, 'num_leaves': 35, 'feature_fraction': 0.6000435373417032, 'bagging_fraction': 0.9001867510142095, 'bagging_freq': 2, 'min_child_samples': 124}. Best is trial 790 with value: 0.8225378298635823.
[I 2025-04-07 04:23:19,709] Trial 798 finished with value: 0.8199383545876453 and parameters: {'lambda_l1': 7.020179712202477e-09, 'lambda_l2': 1.102152076288505, 'num_leaves': 37, 'feature_fraction': 0.6169346629864704, 'bagging_fraction': 0.860463890885666, 'bagging_freq': 1, 'min_child_samples': 128}. Best is trial 790 with value: 0.8225378298635823.
[I 2025-04-07 04:23:21,412] Trial 799 finished with value: 0.8197708505766517 and parameters: {'lambda_l1': 4.116798241370496e-09, 'lambda_l2': 0.011945301037187757, 'num_leaves': 40, 'feature_fraction': 0.6054418647724537, 'bagging_fraction': 0.8515218221877192, 'bagging_freq': 2, 'min_child_samples': 120}. Best is trial 790 with value: 0.8225378298635823.
[I 2025-04-07 04:23:23,047] Trial 800 finished with value: 0.8201481387759836 and parameters: {'lambda_l1': 1.6583466398848049e-09, 'lambda_l2': 0.17897734495958445, 'num_leaves': 38, 'feature_fraction': 0.6383236889458904, 'bagging_fraction': 0.8663076129168489, 'bagging_freq': 3, 'min_child_samples': 123}. Best is trial 790 with value: 0.8225378298635823.
[I 2025-04-07 04:23:26,094] Trial 801 finished with value: 0.8190162917507966 and parameters: {'lambda_l1': 5.6117480029135865e-09, 'lambda_l2': 1.1807316916153507, 'num_leaves': 123, 'feature_fraction': 0.5934150853935255, 'bagging_fraction': 0.8450177528229615, 'bagging_freq': 2, 'min_child_samples': 126}. Best is trial 790 with value: 0.8225378298635823.
[I 2025-04-07 04:23:27,826] Trial 802 finished with value: 0.8209867659178893 and parameters: {'lambda_l1': 1.139863377068929e-08, 'lambda_l2': 2.072032047200002, 'num_leaves': 42, 'feature_fraction': 0.6095131371276925, 'bagging_fraction': 0.9105063032813265, 'bagging_freq': 1, 'min_child_samples': 98}. Best is trial 790 with value: 0.8225378298635823.
[I 2025-04-07 04:23:29,838] Trial 803 finished with value: 0.820399623238985 and parameters: {'lambda_l1': 2.444961773044665e-09, 'lambda_l2': 0.017063020382057467, 'num_leaves': 33, 'feature_fraction': 0.5928374238231898, 'bagging_fraction': 0.8897156007265208, 'bagging_freq': 2, 'min_child_samples': 120}. Best is trial 790 with value: 0.8225378298635823.
[I 2025-04-07 04:23:31,692] Trial 804 finished with value: 0.8202316799077778 and parameters: {'lambda_l1': 1.5863890179763518e-09, 'lambda_l2': 14.17321662626626, 'num_leaves': 40, 'feature_fraction': 0.625336027698356, 'bagging_fraction': 0.8554691025404821, 'bagging_freq': 6, 'min_child_samples': 125}. Best is trial 790 with value: 0.8225378298635823.
[I 2025-04-07 04:23:33,308] Trial 805 finished with value: 0.8196030478279128 and parameters: {'lambda_l1': 4.50027619687098e-09, 'lambda_l2': 0.00011654817019759766, 'num_leaves': 36, 'feature_fraction': 0.587671520602438, 'bagging_fraction': 0.831851479976216, 'bagging_freq': 1, 'min_child_samples': 84}. Best is trial 790 with value: 0.8225378298635823.
[I 2025-04-07 04:23:35,065] Trial 806 finished with value: 0.8181358588973765 and parameters: {'lambda_l1': 1.0048346194168336e-09, 'lambda_l2': 0.004090848491071824, 'num_leaves': 42, 'feature_fraction': 0.5992469334976718, 'bagging_fraction': 0.5420665505088468, 'bagging_freq': 2, 'min_child_samples': 119}. Best is trial 790 with value: 0.8225378298635823.
[I 2025-04-07 04:23:36,673] Trial 807 finished with value: 0.8191838309074072 and parameters: {'lambda_l1': 1.790424905193797e-08, 'lambda_l2': 29.29126757754854, 'num_leaves': 34, 'feature_fraction': 0.6160357136577357, 'bagging_fraction': 0.6230231476945736, 'bagging_freq': 2, 'min_child_samples': 128}. Best is trial 790 with value: 0.8225378298635823.
[I 2025-04-07 04:23:38,216] Trial 808 finished with value: 0.8144466937639375 and parameters: {'lambda_l1': 2.6851061302664927e-09, 'lambda_l2': 59.298125481873406, 'num_leaves': 39, 'feature_fraction': 0.5865274986857749, 'bagging_fraction': 0.44252505781317314, 'bagging_freq': 3, 'min_child_samples': 123}. Best is trial 790 with value: 0.8225378298635823.
[I 2025-04-07 04:23:40,488] Trial 809 finished with value: 0.8201062100548097 and parameters: {'lambda_l1': 1.2126065977887052e-08, 'lambda_l2': 0.12010099444336546, 'num_leaves': 37, 'feature_fraction': 0.5758148993275984, 'bagging_fraction': 0.7302521344697526, 'bagging_freq': 2, 'min_child_samples': 122}. Best is trial 790 with value: 0.8225378298635823.
[I 2025-04-07 04:23:42,200] Trial 810 finished with value: 0.8203157482238282 and parameters: {'lambda_l1': 2.1873004451225616e-09, 'lambda_l2': 6.308901052709323e-05, 'num_leaves': 32, 'feature_fraction': 0.6057064027927384, 'bagging_fraction': 0.8727716358301566, 'bagging_freq': 1, 'min_child_samples': 125}. Best is trial 790 with value: 0.8225378298635823.
[I 2025-04-07 04:23:43,993] Trial 811 finished with value: 0.819687063425538 and parameters: {'lambda_l1': 4.87986069480246e-09, 'lambda_l2': 2.128720510947523, 'num_leaves': 43, 'feature_fraction': 0.6221469896988486, 'bagging_fraction': 0.8476263378969292, 'bagging_freq': 2, 'min_child_samples': 25}. Best is trial 790 with value: 0.8225378298635823.
[I 2025-04-07 04:23:45,576] Trial 812 finished with value: 0.8214057895375013 and parameters: {'lambda_l1': 1.660344738777771e-09, 'lambda_l2': 0.9036101032344461, 'num_leaves': 36, 'feature_fraction': 0.5969358891186677, 'bagging_fraction': 0.837072362945598, 'bagging_freq': 1, 'min_child_samples': 119}. Best is trial 790 with value: 0.8225378298635823.
[I 2025-04-07 04:23:47,801] Trial 813 finished with value: 0.8193514930736775 and parameters: {'lambda_l1': 3.758665172877033e-08, 'lambda_l2': 0.000229164084670796, 'num_leaves': 61, 'feature_fraction': 0.5812058563135114, 'bagging_fraction': 0.8583593819637633, 'bagging_freq': 2, 'min_child_samples': 126}. Best is trial 790 with value: 0.8225378298635823.
[I 2025-04-07 04:23:50,176] Trial 814 finished with value: 0.8201063154916609 and parameters: {'lambda_l1': 7.691598368800802e-09, 'lambda_l2': 1.4083849471642538, 'num_leaves': 40, 'feature_fraction': 0.6096888485546411, 'bagging_fraction': 0.8314023632995526, 'bagging_freq': 3, 'min_child_samples': 128}. Best is trial 790 with value: 0.8225378298635823.
[I 2025-04-07 04:23:53,046] Trial 815 finished with value: 0.818806700863352 and parameters: {'lambda_l1': 3.0779914910347375e-09, 'lambda_l2': 0.364321256155762, 'num_leaves': 89, 'feature_fraction': 0.5756714178386999, 'bagging_fraction': 0.8683914753025314, 'bagging_freq': 2, 'min_child_samples': 123}. Best is trial 790 with value: 0.8225378298635823.
[I 2025-04-07 04:23:54,778] Trial 816 finished with value: 0.8207349827171427 and parameters: {'lambda_l1': 1.5031345412944257e-09, 'lambda_l2': 3.497812526793944, 'num_leaves': 43, 'feature_fraction': 0.6491059281995344, 'bagging_fraction': 0.8488704883569858, 'bagging_freq': 2, 'min_child_samples': 120}. Best is trial 790 with value: 0.8225378298635823.
[I 2025-04-07 04:23:56,341] Trial 817 finished with value: 0.8205672854052553 and parameters: {'lambda_l1': 5.7514979639752235e-09, 'lambda_l2': 11.045704256647824, 'num_leaves': 35, 'feature_fraction': 0.5906698275554529, 'bagging_fraction': 0.8271137922465291, 'bagging_freq': 1, 'min_child_samples': 123}. Best is trial 790 with value: 0.8225378298635823.
[I 2025-04-07 04:23:57,969] Trial 818 finished with value: 0.8205674259877236 and parameters: {'lambda_l1': 3.185604036845823e-09, 'lambda_l2': 2.3794643640852087, 'num_leaves': 38, 'feature_fraction': 0.5658189323384084, 'bagging_fraction': 0.8408139705803456, 'bagging_freq': 2, 'min_child_samples': 118}. Best is trial 790 with value: 0.8225378298635823.
[I 2025-04-07 04:24:00,490] Trial 819 finished with value: 0.8198129550259111 and parameters: {'lambda_l1': 1.4395584721325688e-09, 'lambda_l2': 2.9315138428473914e-05, 'num_leaves': 56, 'feature_fraction': 0.5975667036664631, 'bagging_fraction': 0.8053451966805032, 'bagging_freq': 11, 'min_child_samples': 126}. Best is trial 790 with value: 0.8225378298635823.
[I 2025-04-07 04:24:02,593] Trial 820 finished with value: 0.8207350002899514 and parameters: {'lambda_l1': 2.6053797108904145e-09, 'lambda_l2': 18.29301616387215, 'num_leaves': 46, 'feature_fraction': 0.635842033136097, 'bagging_fraction': 0.8829305284864007, 'bagging_freq': 1, 'min_child_samples': 121}. Best is trial 790 with value: 0.8225378298635823.
[I 2025-04-07 04:24:04,240] Trial 821 finished with value: 0.8207350705811856 and parameters: {'lambda_l1': 4.26451365979547e-09, 'lambda_l2': 0.6173453742016459, 'num_leaves': 32, 'feature_fraction': 0.584136160018807, 'bagging_fraction': 0.8591101343010085, 'bagging_freq': 3, 'min_child_samples': 128}. Best is trial 790 with value: 0.8225378298635823.
[I 2025-04-07 04:24:06,288] Trial 822 finished with value: 0.8199805117553304 and parameters: {'lambda_l1': 1.1619045642638404e-08, 'lambda_l2': 1.3724839879700863, 'num_leaves': 41, 'feature_fraction': 0.609335398733035, 'bagging_fraction': 0.8219673132591442, 'bagging_freq': 2, 'min_child_samples': 125}. Best is trial 790 with value: 0.8225378298635823.
[I 2025-04-07 04:24:08,128] Trial 823 finished with value: 0.8205673732692981 and parameters: {'lambda_l1': 2.120456381580699e-09, 'lambda_l2': 4.302319706991918, 'num_leaves': 37, 'feature_fraction': 0.5714861934768628, 'bagging_fraction': 0.8416585955310195, 'bagging_freq': 2, 'min_child_samples': 122}. Best is trial 790 with value: 0.8225378298635823.
[I 2025-04-07 04:24:09,706] Trial 824 finished with value: 0.8203995705205595 and parameters: {'lambda_l1': 6.936595138782615e-09, 'lambda_l2': 7.791186231109556, 'num_leaves': 34, 'feature_fraction': 0.6218295089425876, 'bagging_fraction': 0.7953516906323745, 'bagging_freq': 1, 'min_child_samples': 118}. Best is trial 790 with value: 0.8225378298635823.
[I 2025-04-07 04:24:12,410] Trial 825 finished with value: 0.8178422699851158 and parameters: {'lambda_l1': 1.9338823537095878e-08, 'lambda_l2': 2.6901785794246758, 'num_leaves': 53, 'feature_fraction': 0.5961512189291408, 'bagging_fraction': 0.5160661262247859, 'bagging_freq': 2, 'min_child_samples': 124}. Best is trial 790 with value: 0.8225378298635823.
[I 2025-04-07 04:24:14,226] Trial 826 finished with value: 0.8194352275063658 and parameters: {'lambda_l1': 1.376356765461731e-09, 'lambda_l2': 0.0013013461929001463, 'num_leaves': 43, 'feature_fraction': 0.5840696819556203, 'bagging_fraction': 0.8281773819641408, 'bagging_freq': 3, 'min_child_samples': 126}. Best is trial 790 with value: 0.8225378298635823.
[I 2025-04-07 04:24:15,892] Trial 827 finished with value: 0.8196868174062184 and parameters: {'lambda_l1': 4.552017648369711e-09, 'lambda_l2': 0.8732534921721323, 'num_leaves': 40, 'feature_fraction': 0.5983812411678051, 'bagging_fraction': 0.8536203459109283, 'bagging_freq': 1, 'min_child_samples': 120}. Best is trial 790 with value: 0.8225378298635823.
[I 2025-04-07 04:24:17,786] Trial 828 finished with value: 0.8211962513684824 and parameters: {'lambda_l1': 1.0669602369551943e-09, 'lambda_l2': 11.576309250195685, 'num_leaves': 45, 'feature_fraction': 0.561532508859649, 'bagging_fraction': 0.8738229121892284, 'bagging_freq': 2, 'min_child_samples': 122}. Best is trial 790 with value: 0.8225378298635823.
[I 2025-04-07 04:24:19,293] Trial 829 finished with value: 0.8190163620420308 and parameters: {'lambda_l1': 2.749541521870263e-09, 'lambda_l2': 0.26629967614743366, 'num_leaves': 31, 'feature_fraction': 0.6987233084626555, 'bagging_fraction': 0.8142016771352528, 'bagging_freq': 2, 'min_child_samples': 2}. Best is trial 790 with value: 0.8225378298635823.
[I 2025-04-07 04:24:21,676] Trial 830 finished with value: 0.8184294126640204 and parameters: {'lambda_l1': 6.599294603385074e-08, 'lambda_l2': 45.31672395502741, 'num_leaves': 38, 'feature_fraction': 0.4487405716021184, 'bagging_fraction': 0.8395488690524918, 'bagging_freq': 1, 'min_child_samples': 128}. Best is trial 790 with value: 0.8225378298635823.
[I 2025-04-07 04:24:23,206] Trial 831 finished with value: 0.8199803008816279 and parameters: {'lambda_l1': 9.755893670815244e-09, 'lambda_l2': 1.6800500908449214, 'num_leaves': 35, 'feature_fraction': 0.613692852781499, 'bagging_fraction': 0.8622809315046827, 'bagging_freq': 9, 'min_child_samples': 117}. Best is trial 790 with value: 0.8225378298635823.
[I 2025-04-07 04:24:25,127] Trial 832 finished with value: 0.8210285892022121 and parameters: {'lambda_l1': 3.819039465649779e-09, 'lambda_l2': 5.457756496392894, 'num_leaves': 49, 'feature_fraction': 0.5705338856075796, 'bagging_fraction': 0.8280591560377812, 'bagging_freq': 2, 'min_child_samples': 124}. Best is trial 790 with value: 0.8225378298635823.
[I 2025-04-07 04:24:26,848] Trial 833 finished with value: 0.8200640880327417 and parameters: {'lambda_l1': 2.4628560850758476e-09, 'lambda_l2': 2.753839745565069, 'num_leaves': 42, 'feature_fraction': 0.4648217928571938, 'bagging_fraction': 0.8494206644396115, 'bagging_freq': 1, 'min_child_samples': 120}. Best is trial 790 with value: 0.8225378298635823.
[I 2025-04-07 04:24:28,552] Trial 834 finished with value: 0.8211961283588227 and parameters: {'lambda_l1': 7.72580716720783e-09, 'lambda_l2': 22.783645133460116, 'num_leaves': 38, 'feature_fraction': 0.5857078237437429, 'bagging_fraction': 0.8368095059835382, 'bagging_freq': 2, 'min_child_samples': 126}. Best is trial 790 with value: 0.8225378298635823.
[I 2025-04-07 04:24:30,097] Trial 835 finished with value: 0.8211962162228655 and parameters: {'lambda_l1': 1.8586128399705988e-09, 'lambda_l2': 8.638014806677079, 'num_leaves': 33, 'feature_fraction': 0.6051258104692779, 'bagging_fraction': 0.8151996169645387, 'bagging_freq': 2, 'min_child_samples': 123}. Best is trial 790 with value: 0.8225378298635823.
[I 2025-04-07 04:24:32,598] Trial 836 finished with value: 0.8204417628338614 and parameters: {'lambda_l1': 5.681727531998642e-09, 'lambda_l2': 1.0428350274794818, 'num_leaves': 47, 'feature_fraction': 0.5305378075910967, 'bagging_fraction': 0.8693774434086733, 'bagging_freq': 3, 'min_child_samples': 118}. Best is trial 790 with value: 0.8225378298635823.
[I 2025-04-07 04:24:34,470] Trial 837 finished with value: 0.8204833576716732 and parameters: {'lambda_l1': 1.0385404866649384e-09, 'lambda_l2': 0.4494933366778493, 'num_leaves': 40, 'feature_fraction': 0.6227982103118875, 'bagging_fraction': 0.8478254921454149, 'bagging_freq': 1, 'min_child_samples': 128}. Best is trial 790 with value: 0.8225378298635823.
[I 2025-04-07 04:24:36,044] Trial 838 finished with value: 0.8221186129430764 and parameters: {'lambda_l1': 3.874056451717326e-09, 'lambda_l2': 3.8264576456066623, 'num_leaves': 29, 'feature_fraction': 0.5646960452938345, 'bagging_fraction': 0.8290421636227407, 'bagging_freq': 2, 'min_child_samples': 125}. Best is trial 790 with value: 0.8225378298635823.
[I 2025-04-07 04:24:37,402] Trial 839 finished with value: 0.8205674787061492 and parameters: {'lambda_l1': 1.2091627585643384e-08, 'lambda_l2': 4.804689916607953, 'num_leaves': 25, 'feature_fraction': 0.5573541355730366, 'bagging_fraction': 0.883248786298482, 'bagging_freq': 2, 'min_child_samples': 126}. Best is trial 790 with value: 0.8225378298635823.
[I 2025-04-07 04:24:38,818] Trial 840 finished with value: 0.818764280103539 and parameters: {'lambda_l1': 3.653623279446116e-09, 'lambda_l2': 1.8352079583315855, 'num_leaves': 27, 'feature_fraction': 0.9995377773638199, 'bagging_fraction': 0.8049468540570741, 'bagging_freq': 2, 'min_child_samples': 125}. Best is trial 790 with value: 0.8225378298635823.
[I 2025-04-07 04:24:40,405] Trial 841 finished with value: 0.8199385127429221 and parameters: {'lambda_l1': 6.141115234925199e-09, 'lambda_l2': 17.561423199959158, 'num_leaves': 28, 'feature_fraction': 0.5591365841373269, 'bagging_fraction': 0.8403514376595346, 'bagging_freq': 3, 'min_child_samples': 128}. Best is trial 790 with value: 0.8225378298635823.
[I 2025-04-07 04:24:41,880] Trial 842 finished with value: 0.8191419900502759 and parameters: {'lambda_l1': 3.068493280113031e-09, 'lambda_l2': 0.6855762815840533, 'num_leaves': 22, 'feature_fraction': 0.5662176381211614, 'bagging_fraction': 0.8573339002864921, 'bagging_freq': 1, 'min_child_samples': 124}. Best is trial 790 with value: 0.8225378298635823.
[I 2025-04-07 04:24:44,057] Trial 843 finished with value: 0.8195614178444842 and parameters: {'lambda_l1': 2.0200945160441564e-09, 'lambda_l2': 3.199959787455736, 'num_leaves': 33, 'feature_fraction': 0.531835617489336, 'bagging_fraction': 0.8274964348273284, 'bagging_freq': 2, 'min_child_samples': 6}. Best is trial 790 with value: 0.8225378298635823.
[I 2025-04-07 04:24:45,582] Trial 844 finished with value: 0.8200643867704868 and parameters: {'lambda_l1': 4.50831595305713e-09, 'lambda_l2': 7.736793458064709, 'num_leaves': 25, 'feature_fraction': 0.5746248694629588, 'bagging_fraction': 0.8995671192955668, 'bagging_freq': 1, 'min_child_samples': 126}. Best is trial 790 with value: 0.8225378298635823.
[I 2025-04-07 04:24:47,202] Trial 845 finished with value: 0.8216156088714566 and parameters: {'lambda_l1': 9.636328749754393e-09, 'lambda_l2': 1.385305518046308, 'num_leaves': 30, 'feature_fraction': 0.5493889757010934, 'bagging_fraction': 0.8421287669929405, 'bagging_freq': 2, 'min_child_samples': 123}. Best is trial 790 with value: 0.8225378298635823.
[I 2025-04-07 04:24:48,503] Trial 846 finished with value: 0.8196032411288069 and parameters: {'lambda_l1': 1.6779805636445944e-09, 'lambda_l2': 2.2457180107528734, 'num_leaves': 26, 'feature_fraction': 0.517438585356908, 'bagging_fraction': 0.8158167641472683, 'bagging_freq': 3, 'min_child_samples': 128}. Best is trial 790 with value: 0.8225378298635823.
[I 2025-04-07 04:24:49,954] Trial 847 finished with value: 0.8201062979188523 and parameters: {'lambda_l1': 2.0754092808551008e-08, 'lambda_l2': 5.198692005478907, 'num_leaves': 29, 'feature_fraction': 0.5421031806029686, 'bagging_fraction': 0.8639442684907815, 'bagging_freq': 2, 'min_child_samples': 125}. Best is trial 790 with value: 0.8225378298635823.
[I 2025-04-07 04:24:51,720] Trial 848 finished with value: 0.8203158712334883 and parameters: {'lambda_l1': 5.134097884509077e-09, 'lambda_l2': 14.230002330790896, 'num_leaves': 30, 'feature_fraction': 0.5715756546647593, 'bagging_fraction': 0.8268642446140371, 'bagging_freq': 1, 'min_child_samples': 50}. Best is trial 790 with value: 0.8225378298635823.
[I 2025-04-07 04:24:54,540] Trial 849 finished with value: 0.8181355250140143 and parameters: {'lambda_l1': 3.160368814230472e-08, 'lambda_l2': 0.8986148963590727, 'num_leaves': 94, 'feature_fraction': 0.5588699668103669, 'bagging_fraction': 0.47656502414262647, 'bagging_freq': 2, 'min_child_samples': 122}. Best is trial 790 with value: 0.8225378298635823.
[I 2025-04-07 04:24:55,699] Trial 850 finished with value: 0.819519418832076 and parameters: {'lambda_l1': 2.627246672495331e-09, 'lambda_l2': 3.5803717025716133, 'num_leaves': 18, 'feature_fraction': 0.578700832742517, 'bagging_fraction': 0.7849293407462429, 'bagging_freq': 4, 'min_child_samples': 125}. Best is trial 790 with value: 0.8225378298635823.
[I 2025-04-07 04:24:57,136] Trial 851 finished with value: 0.8208608567447074 and parameters: {'lambda_l1': 3.653549594528329e-09, 'lambda_l2': 0.006396059875517377, 'num_leaves': 31, 'feature_fraction': 0.5420792175064466, 'bagging_fraction': 0.8561603497524393, 'bagging_freq': 2, 'min_child_samples': 121}. Best is trial 790 with value: 0.8225378298635823.
[I 2025-04-07 04:24:58,564] Trial 852 finished with value: 0.8193098279446316 and parameters: {'lambda_l1': 1.8453737458225228e-09, 'lambda_l2': 0.3631772822034835, 'num_leaves': 31, 'feature_fraction': 0.5646614565437207, 'bagging_fraction': 0.8418732303556056, 'bagging_freq': 3, 'min_child_samples': 10}. Best is trial 790 with value: 0.8225378298635823.
[I 2025-04-07 04:24:59,847] Trial 853 finished with value: 0.820735246309271 and parameters: {'lambda_l1': 1.0430185097598295e-09, 'lambda_l2': 9.783152595245785, 'num_leaves': 23, 'feature_fraction': 0.5834780623671196, 'bagging_fraction': 0.8298323079700577, 'bagging_freq': 1, 'min_child_samples': 128}. Best is trial 790 with value: 0.8225378298635823.
