[I 2025-04-07 04:38:53,956] Trial 1281 finished with value: 0.820441587105776 and parameters: {'lambda_l1': 0.0002484306214807317, 'lambda_l2': 0.033085341444284884, 'num_leaves': 70, 'feature_fraction': 0.5743182793869145, 'bagging_fraction': 0.694203481131616, 'bagging_freq': 2, 'min_child_samples': 128}. Best is trial 790 with value: 0.8225378298635823.
[I 2025-04-07 04:38:56,215] Trial 1282 finished with value: 0.8203994475108995 and parameters: {'lambda_l1': 0.00011320826321304674, 'lambda_l2': 0.011030975879657432, 'num_leaves': 54, 'feature_fraction': 0.6366454120295474, 'bagging_fraction': 0.8362709410157636, 'bagging_freq': 2, 'min_child_samples': 124}. Best is trial 790 with value: 0.8225378298635823.
[I 2025-04-07 04:38:57,868] Trial 1283 finished with value: 0.821950880485572 and parameters: {'lambda_l1': 3.5831017515187426e-06, 'lambda_l2': 0.37846869612417083, 'num_leaves': 39, 'feature_fraction': 0.6037551664348962, 'bagging_fraction': 0.846964842931466, 'bagging_freq': 2, 'min_child_samples': 121}. Best is trial 790 with value: 0.8225378298635823.
[I 2025-04-07 04:38:59,547] Trial 1284 finished with value: 0.8212801966748732 and parameters: {'lambda_l1': 1.3407548757200594e-06, 'lambda_l2': 0.09215051566612607, 'num_leaves': 34, 'feature_fraction': 0.6241109227598506, 'bagging_fraction': 0.8766493320230002, 'bagging_freq': 3, 'min_child_samples': 118}. Best is trial 790 with value: 0.8225378298635823.
[I 2025-04-07 04:39:01,284] Trial 1285 finished with value: 0.8198546904461912 and parameters: {'lambda_l1': 1.5308445674558503e-06, 'lambda_l2': 0.01420983202998837, 'num_leaves': 37, 'feature_fraction': 0.6198315938398414, 'bagging_fraction': 0.8662054089995381, 'bagging_freq': 2, 'min_child_samples': 119}. Best is trial 790 with value: 0.8225378298635823.
[I 2025-04-07 04:39:03,553] Trial 1286 finished with value: 0.8193935272317028 and parameters: {'lambda_l1': 3.7680841306303837e-06, 'lambda_l2': 0.02094401471982915, 'num_leaves': 32, 'feature_fraction': 0.6131108287149857, 'bagging_fraction': 0.8551647949593977, 'bagging_freq': 2, 'min_child_samples': 120}. Best is trial 790 with value: 0.8225378298635823.
[I 2025-04-07 04:39:05,429] Trial 1287 finished with value: 0.8198126914337831 and parameters: {'lambda_l1': 2.282198163806851e-06, 'lambda_l2': 0.23830176667845698, 'num_leaves': 38, 'feature_fraction': 0.6078056424590002, 'bagging_fraction': 0.8638855731710061, 'bagging_freq': 1, 'min_child_samples': 121}. Best is trial 790 with value: 0.8225378298635823.
[I 2025-04-07 04:39:06,993] Trial 1288 finished with value: 0.8196451522771723 and parameters: {'lambda_l1': 3.148192089134151e-06, 'lambda_l2': 0.11653741382090663, 'num_leaves': 35, 'feature_fraction': 0.6392801839347144, 'bagging_fraction': 0.8788959373302251, 'bagging_freq': 4, 'min_child_samples': 103}. Best is trial 790 with value: 0.8225378298635823.
[I 2025-04-07 04:39:08,722] Trial 1289 finished with value: 0.8200222823212273 and parameters: {'lambda_l1': 2.1761158320138965e-06, 'lambda_l2': 0.005028431541832872, 'num_leaves': 39, 'feature_fraction': 0.6259011569561327, 'bagging_fraction': 0.8946948461725627, 'bagging_freq': 2, 'min_child_samples': 118}. Best is trial 790 with value: 0.8225378298635823.
[I 2025-04-07 04:39:10,243] Trial 1290 finished with value: 0.8201901377883918 and parameters: {'lambda_l1': 1.9838708527957933e-06, 'lambda_l2': 0.015688833542419244, 'num_leaves': 27, 'feature_fraction': 0.5995102113159112, 'bagging_fraction': 0.8488231952099955, 'bagging_freq': 3, 'min_child_samples': 121}. Best is trial 790 with value: 0.8225378298635823.
[I 2025-04-07 04:39:11,856] Trial 1291 finished with value: 0.8211961635044398 and parameters: {'lambda_l1': 2.871203304890892e-06, 'lambda_l2': 0.32018779479615056, 'num_leaves': 35, 'feature_fraction': 0.6093425638741754, 'bagging_fraction': 0.8425157619937552, 'bagging_freq': 2, 'min_child_samples': 122}. Best is trial 790 with value: 0.8225378298635823.
[I 2025-04-07 04:39:13,310] Trial 1292 finished with value: 0.8208188928779163 and parameters: {'lambda_l1': 4.368917137442057e-06, 'lambda_l2': 0.23462846752098507, 'num_leaves': 30, 'feature_fraction': 0.5999466780286243, 'bagging_fraction': 0.8542160585955066, 'bagging_freq': 2, 'min_child_samples': 117}. Best is trial 790 with value: 0.8225378298635823.
[I 2025-04-07 04:39:15,559] Trial 1293 finished with value: 0.8203996583846018 and parameters: {'lambda_l1': 7.567497377283945e-06, 'lambda_l2': 0.3598804403075289, 'num_leaves': 33, 'feature_fraction': 0.6331261198591457, 'bagging_fraction': 0.87019505066155, 'bagging_freq': 1, 'min_child_samples': 50}. Best is trial 790 with value: 0.8225378298635823.
[I 2025-04-07 04:39:17,390] Trial 1294 finished with value: 0.8202739073666973 and parameters: {'lambda_l1': 5.601697837484834e-06, 'lambda_l2': 0.41284329648495094, 'num_leaves': 38, 'feature_fraction': 0.6053199192553042, 'bagging_fraction': 0.8443117396752279, 'bagging_freq': 2, 'min_child_samples': 124}. Best is trial 790 with value: 0.8225378298635823.
[I 2025-04-07 04:39:19,344] Trial 1295 finished with value: 0.8193096522165462 and parameters: {'lambda_l1': 9.342405889551233e-07, 'lambda_l2': 0.14978484831123295, 'num_leaves': 41, 'feature_fraction': 0.6108260842374388, 'bagging_fraction': 0.8592469180164186, 'bagging_freq': 3, 'min_child_samples': 126}. Best is trial 790 with value: 0.8225378298635823.
[I 2025-04-07 04:39:20,969] Trial 1296 finished with value: 0.8192258299198152 and parameters: {'lambda_l1': 4.31400238169848e-06, 'lambda_l2': 0.01871758215234598, 'num_leaves': 36, 'feature_fraction': 0.4734181649660382, 'bagging_fraction': 0.8876641841397528, 'bagging_freq': 1, 'min_child_samples': 120}. Best is trial 790 with value: 0.8225378298635823.
[I 2025-04-07 04:39:22,934] Trial 1297 finished with value: 0.8200644746345296 and parameters: {'lambda_l1': 5.2376456235415e-06, 'lambda_l2': 0.0026119307215914664, 'num_leaves': 50, 'feature_fraction': 0.6219239342214589, 'bagging_fraction': 0.8497541212263183, 'bagging_freq': 2, 'min_child_samples': 123}. Best is trial 790 with value: 0.8225378298635823.
[I 2025-04-07 04:39:26,679] Trial 1298 finished with value: 0.8178004291279846 and parameters: {'lambda_l1': 1.2582780120482303e-05, 'lambda_l2': 0.6001908105953241, 'num_leaves': 102, 'feature_fraction': 0.5924066878509492, 'bagging_fraction': 0.8366133860119376, 'bagging_freq': 16, 'min_child_samples': 128}. Best is trial 790 with value: 0.8225378298635823.
[I 2025-04-07 04:39:28,302] Trial 1299 finished with value: 0.8204835861181842 and parameters: {'lambda_l1': 6.691222955409334e-06, 'lambda_l2': 0.007881807110671844, 'num_leaves': 39, 'feature_fraction': 0.597039337239741, 'bagging_fraction': 0.8701615569117138, 'bagging_freq': 2, 'min_child_samples': 119}. Best is trial 790 with value: 0.8225378298635823.
[I 2025-04-07 04:39:29,974] Trial 1300 finished with value: 0.8199803008816279 and parameters: {'lambda_l1': 3.66623362834297e-06, 'lambda_l2': 0.22193944317134612, 'num_leaves': 32, 'feature_fraction': 0.5928786233671638, 'bagging_fraction': 0.8544015585147994, 'bagging_freq': 2, 'min_child_samples': 125}. Best is trial 790 with value: 0.8225378298635823.
[I 2025-04-07 04:39:31,909] Trial 1301 finished with value: 0.8206094250001318 and parameters: {'lambda_l1': 1.1186869896413889e-05, 'lambda_l2': 0.5080187417528558, 'num_leaves': 42, 'feature_fraction': 0.6173718347126772, 'bagging_fraction': 0.9143601491750045, 'bagging_freq': 1, 'min_child_samples': 122}. Best is trial 790 with value: 0.8225378298635823.
[I 2025-04-07 04:39:34,022] Trial 1302 finished with value: 0.8194773319556251 and parameters: {'lambda_l1': 2.1442626656502354e-06, 'lambda_l2': 0.3448888312808027, 'num_leaves': 46, 'feature_fraction': 0.6074754325349465, 'bagging_fraction': 0.8411544874883911, 'bagging_freq': 2, 'min_child_samples': 126}. Best is trial 790 with value: 0.8225378298635823.
[I 2025-04-07 04:39:37,248] Trial 1303 finished with value: 0.819980336027245 and parameters: {'lambda_l1': 1.3651494899409442e-06, 'lambda_l2': 0.06026685919665452, 'num_leaves': 77, 'feature_fraction': 0.584770618229008, 'bagging_fraction': 0.8332605211179589, 'bagging_freq': 3, 'min_child_samples': 117}. Best is trial 790 with value: 0.8225378298635823.
[I 2025-04-07 04:39:38,884] Trial 1304 finished with value: 0.8211542523560743 and parameters: {'lambda_l1': 1.985334957971078e-05, 'lambda_l2': 0.0005442876829493966, 'num_leaves': 28, 'feature_fraction': 0.6004768092905345, 'bagging_fraction': 0.8626455670253187, 'bagging_freq': 1, 'min_child_samples': 128}. Best is trial 790 with value: 0.8225378298635823.
[I 2025-04-07 04:39:42,122] Trial 1305 finished with value: 0.819561312407633 and parameters: {'lambda_l1': 8.879298706175867e-06, 'lambda_l2': 0.0009875330383953866, 'num_leaves': 92, 'feature_fraction': 0.6533283375356286, 'bagging_fraction': 0.8245410025520093, 'bagging_freq': 2, 'min_child_samples': 98}. Best is trial 790 with value: 0.8225378298635823.
[I 2025-04-07 04:39:43,694] Trial 1306 finished with value: 0.8201481387759836 and parameters: {'lambda_l1': 2.694305724461881e-06, 'lambda_l2': 0.004263470327647598, 'num_leaves': 37, 'feature_fraction': 0.586103807518294, 'bagging_fraction': 0.8514893815663076, 'bagging_freq': 2, 'min_child_samples': 123}. Best is trial 790 with value: 0.8225378298635823.
[I 2025-04-07 04:39:46,363] Trial 1307 finished with value: 0.8196868876974523 and parameters: {'lambda_l1': 3.115567075562589e-05, 'lambda_l2': 0.9647358287395568, 'num_leaves': 58, 'feature_fraction': 0.6186652092740945, 'bagging_fraction': 0.8431054489254302, 'bagging_freq': 1, 'min_child_samples': 120}. Best is trial 790 with value: 0.8225378298635823.
[I 2025-04-07 04:39:48,016] Trial 1308 finished with value: 0.8193095467796949 and parameters: {'lambda_l1': 6.609714929188056e-06, 'lambda_l2': 0.6859617410718939, 'num_leaves': 34, 'feature_fraction': 0.9085980610999184, 'bagging_fraction': 0.8784664724149455, 'bagging_freq': 2, 'min_child_samples': 125}. Best is trial 790 with value: 0.8225378298635823.
[I 2025-04-07 04:39:49,827] Trial 1309 finished with value: 0.8213223186969412 and parameters: {'lambda_l1': 6.175836961298607e-05, 'lambda_l2': 0.15534436784370684, 'num_leaves': 40, 'feature_fraction': 0.5949572535642346, 'bagging_fraction': 0.8295493848821726, 'bagging_freq': 2, 'min_child_samples': 122}. Best is trial 790 with value: 0.8225378298635823.
[I 2025-04-07 04:39:51,729] Trial 1310 finished with value: 0.8205674787061493 and parameters: {'lambda_l1': 3.8389309948924155e-06, 'lambda_l2': 0.010160870666627965, 'num_leaves': 43, 'feature_fraction': 0.5881019588746532, 'bagging_fraction': 0.8137861092084346, 'bagging_freq': 2, 'min_child_samples': 126}. Best is trial 790 with value: 0.8225378298635823.
[I 2025-04-07 04:39:53,365] Trial 1311 finished with value: 0.8199384951701136 and parameters: {'lambda_l1': 1.2974917834652727e-05, 'lambda_l2': 1.1949231937035782, 'num_leaves': 36, 'feature_fraction': 0.6083968489525836, 'bagging_fraction': 0.8617159317602237, 'bagging_freq': 3, 'min_child_samples': 128}. Best is trial 790 with value: 0.8225378298635823.
[I 2025-04-07 04:39:55,169] Trial 1312 finished with value: 0.820860839171899 and parameters: {'lambda_l1': 6.295929170931805e-07, 'lambda_l2': 0.03821529031246897, 'num_leaves': 46, 'feature_fraction': 0.6256644564027901, 'bagging_fraction': 0.7921636084066149, 'bagging_freq': 3, 'min_child_samples': 119}. Best is trial 790 with value: 0.8225378298635823.
[I 2025-04-07 04:39:57,271] Trial 1313 finished with value: 0.8194774198196679 and parameters: {'lambda_l1': 6.877760813816131e-06, 'lambda_l2': 0.35591174136354364, 'num_leaves': 31, 'feature_fraction': 0.6023972425199654, 'bagging_fraction': 0.7373276218859316, 'bagging_freq': 1, 'min_child_samples': 124}. Best is trial 790 with value: 0.8225378298635823.
[I 2025-04-07 04:39:59,142] Trial 1314 finished with value: 0.8195192255311821 and parameters: {'lambda_l1': 3.1316697610890846e-07, 'lambda_l2': 0.0803969334279843, 'num_leaves': 40, 'feature_fraction': 0.5793485766309205, 'bagging_fraction': 0.8414184874185728, 'bagging_freq': 4, 'min_child_samples': 121}. Best is trial 790 with value: 0.8225378298635823.
[I 2025-04-07 04:40:01,057] Trial 1315 finished with value: 0.8193935799501284 and parameters: {'lambda_l1': 1.5962769548083918e-05, 'lambda_l2': 2.443653954131199, 'num_leaves': 38, 'feature_fraction': 0.5568538802831796, 'bagging_fraction': 0.8256955697704687, 'bagging_freq': 2, 'min_child_samples': 84}. Best is trial 790 with value: 0.8225378298635823.
[I 2025-04-07 04:40:04,521] Trial 1316 finished with value: 0.8183034683452213 and parameters: {'lambda_l1': 3.6334067414089523e-05, 'lambda_l2': 0.7172261023666251, 'num_leaves': 115, 'feature_fraction': 0.5917182100982823, 'bagging_fraction': 0.9042124953066079, 'bagging_freq': 2, 'min_child_samples': 115}. Best is trial 790 with value: 0.8225378298635823.
[I 2025-04-07 04:40:05,445] Trial 1317 finished with value: 0.7947847243089933 and parameters: {'lambda_l1': 97.62372430733073, 'lambda_l2': 0.017569874927027832, 'num_leaves': 110, 'feature_fraction': 0.5745553736710178, 'bagging_fraction': 0.8518260325580884, 'bagging_freq': 1, 'min_child_samples': 124}. Best is trial 790 with value: 0.8225378298635823.
[I 2025-04-07 04:40:07,785] Trial 1318 finished with value: 0.8197286934089668 and parameters: {'lambda_l1': 0.00036038394619558394, 'lambda_l2': 1.60250417911432, 'num_leaves': 51, 'feature_fraction': 0.6091009464882859, 'bagging_fraction': 0.8161587834884438, 'bagging_freq': 2, 'min_child_samples': 126}. Best is trial 790 with value: 0.8225378298635823.
[I 2025-04-07 04:40:09,507] Trial 1319 finished with value: 0.820944766905481 and parameters: {'lambda_l1': 0.0013799019008394456, 'lambda_l2': 1.137983673150426, 'num_leaves': 34, 'feature_fraction': 0.5615623384481395, 'bagging_fraction': 0.8331076596337967, 'bagging_freq': 2, 'min_child_samples': 122}. Best is trial 790 with value: 0.8225378298635823.
[I 2025-04-07 04:40:11,510] Trial 1320 finished with value: 0.8209028381843071 and parameters: {'lambda_l1': 1.0966159586890214e-06, 'lambda_l2': 2.86281198687616, 'num_leaves': 44, 'feature_fraction': 0.6358914648867269, 'bagging_fraction': 0.8899825490331813, 'bagging_freq': 7, 'min_child_samples': 117}. Best is trial 790 with value: 0.8225378298635823.
[I 2025-04-07 04:40:13,271] Trial 1321 finished with value: 0.8203996408117934 and parameters: {'lambda_l1': 7.696937643328158e-08, 'lambda_l2': 1.6525256163366686, 'num_leaves': 41, 'feature_fraction': 0.5918909357236776, 'bagging_fraction': 0.8688434034563012, 'bagging_freq': 1, 'min_child_samples': 128}. Best is trial 790 with value: 0.8225378298635823.
[I 2025-04-07 04:40:14,894] Trial 1322 finished with value: 0.8215315405554062 and parameters: {'lambda_l1': 3.041229092228609e-06, 'lambda_l2': 3.5017108094859095, 'num_leaves': 37, 'feature_fraction': 0.5790640638179618, 'bagging_fraction': 0.8441883048579002, 'bagging_freq': 3, 'min_child_samples': 124}. Best is trial 790 with value: 0.8225378298635823.
[I 2025-04-07 04:40:16,868] Trial 1323 finished with value: 0.8200643691976783 and parameters: {'lambda_l1': 8.424232368542185e-05, 'lambda_l2': 0.6187268649075647, 'num_leaves': 29, 'feature_fraction': 0.6004286516263015, 'bagging_fraction': 0.8308774893737743, 'bagging_freq': 2, 'min_child_samples': 120}. Best is trial 790 with value: 0.8225378298635823.
[I 2025-04-07 04:40:18,628] Trial 1324 finished with value: 0.8210284661925524 and parameters: {'lambda_l1': 2.3597759435895126e-05, 'lambda_l2': 0.3832698945726421, 'num_leaves': 33, 'feature_fraction': 0.5533281597597203, 'bagging_fraction': 0.8556800006634855, 'bagging_freq': 2, 'min_child_samples': 126}. Best is trial 790 with value: 0.8225378298635823.
[I 2025-04-07 04:40:20,814] Trial 1325 finished with value: 0.8194773319556251 and parameters: {'lambda_l1': 5.053881301502558e-06, 'lambda_l2': 1.1363945369910033, 'num_leaves': 48, 'feature_fraction': 0.56850103995552, 'bagging_fraction': 0.802496745058427, 'bagging_freq': 8, 'min_child_samples': 122}. Best is trial 790 with value: 0.8225378298635823.
[I 2025-04-07 04:40:22,918] Trial 1326 finished with value: 0.8207768587198911 and parameters: {'lambda_l1': 6.645611030790565e-06, 'lambda_l2': 0.02465880798906628, 'num_leaves': 42, 'feature_fraction': 0.6158096062188566, 'bagging_fraction': 0.8185803817204346, 'bagging_freq': 2, 'min_child_samples': 118}. Best is trial 790 with value: 0.8225378298635823.
[I 2025-04-07 04:40:24,522] Trial 1327 finished with value: 0.8209447493326726 and parameters: {'lambda_l1': 0.0001739928490473384, 'lambda_l2': 2.5942647495625315, 'num_leaves': 36, 'feature_fraction': 0.5804815206159256, 'bagging_fraction': 0.8397704443296333, 'bagging_freq': 3, 'min_child_samples': 128}. Best is trial 790 with value: 0.8225378298635823.
[I 2025-04-07 04:40:26,373] Trial 1328 finished with value: 0.8178427093053294 and parameters: {'lambda_l1': 1.1166035652198502e-05, 'lambda_l2': 0.007673865579534512, 'num_leaves': 39, 'feature_fraction': 0.6018584129982761, 'bagging_fraction': 0.8721245659778879, 'bagging_freq': 6, 'min_child_samples': 108}. Best is trial 790 with value: 0.8225378298635823.
[I 2025-04-07 04:40:28,844] Trial 1329 finished with value: 0.821154111773606 and parameters: {'lambda_l1': 1.7973616944086761e-06, 'lambda_l2': 5.924748526189496, 'num_leaves': 46, 'feature_fraction': 0.6821431930595087, 'bagging_fraction': 0.8537780033867907, 'bagging_freq': 1, 'min_child_samples': 123}. Best is trial 790 with value: 0.8225378298635823.
[I 2025-04-07 04:40:30,666] Trial 1330 finished with value: 0.8210705882146202 and parameters: {'lambda_l1': 1.9863499717722327e-08, 'lambda_l2': 0.21596658789060946, 'num_leaves': 44, 'feature_fraction': 0.5878367838721867, 'bagging_fraction': 0.8260638460665919, 'bagging_freq': 2, 'min_child_samples': 125}. Best is trial 790 with value: 0.8225378298635823.
[I 2025-04-07 04:40:32,092] Trial 1331 finished with value: 0.8209029260483499 and parameters: {'lambda_l1': 4.96995728217299e-05, 'lambda_l2': 4.66145774336545, 'num_leaves': 25, 'feature_fraction': 0.5522697085212419, 'bagging_fraction': 0.847231489335726, 'bagging_freq': 2, 'min_child_samples': 120}. Best is trial 790 with value: 0.8225378298635823.
[I 2025-04-07 04:40:33,878] Trial 1332 finished with value: 0.8202741533860166 and parameters: {'lambda_l1': 1.7607479004593727e-05, 'lambda_l2': 1.6293121295559196, 'num_leaves': 34, 'feature_fraction': 0.6272625392697291, 'bagging_fraction': 0.8124732238925461, 'bagging_freq': 2, 'min_child_samples': 114}. Best is trial 790 with value: 0.8225378298635823.
[I 2025-04-07 04:40:35,732] Trial 1333 finished with value: 0.8199383545876453 and parameters: {'lambda_l1': 3.5710355975122657e-06, 'lambda_l2': 0.5860046861540644, 'num_leaves': 40, 'feature_fraction': 0.5666428294635101, 'bagging_fraction': 0.8357835603737497, 'bagging_freq': 1, 'min_child_samples': 126}. Best is trial 790 with value: 0.8225378298635823.
[I 2025-04-07 04:40:37,208] Trial 1334 finished with value: 0.8205254269753155 and parameters: {'lambda_l1': 8.333233183239238e-06, 'lambda_l2': 2.7223869129459404, 'num_leaves': 31, 'feature_fraction': 0.6149028748001086, 'bagging_fraction': 0.8655414735873581, 'bagging_freq': 3, 'min_child_samples': 123}. Best is trial 790 with value: 0.8225378298635823.
[I 2025-04-07 04:40:39,818] Trial 1335 finished with value: 0.8197708681494603 and parameters: {'lambda_l1': 2.2233972760591293e-07, 'lambda_l2': 0.8498711455450937, 'num_leaves': 55, 'feature_fraction': 0.5893213751260289, 'bagging_fraction': 0.8815371075433709, 'bagging_freq': 2, 'min_child_samples': 128}. Best is trial 790 with value: 0.8225378298635823.
[I 2025-04-07 04:40:41,528] Trial 1336 finished with value: 0.8181358237517594 and parameters: {'lambda_l1': 2.5839898978092784e-05, 'lambda_l2': 4.963934423200227, 'num_leaves': 37, 'feature_fraction': 0.5445750837931397, 'bagging_fraction': 0.9289217626606513, 'bagging_freq': 1, 'min_child_samples': 5}. Best is trial 790 with value: 0.8225378298635823.
[I 2025-04-07 04:40:43,614] Trial 1337 finished with value: 0.8193517566658055 and parameters: {'lambda_l1': 0.00010340669101708103, 'lambda_l2': 1.770510264722792, 'num_leaves': 42, 'feature_fraction': 0.7595706914373965, 'bagging_fraction': 0.843977214812265, 'bagging_freq': 2, 'min_child_samples': 118}. Best is trial 790 with value: 0.8225378298635823.
[I 2025-04-07 04:40:45,767] Trial 1338 finished with value: 0.8195612772620159 and parameters: {'lambda_l1': 1.1210489818675145e-05, 'lambda_l2': 0.004577217084446529, 'num_leaves': 49, 'feature_fraction': 0.599833909244289, 'bagging_fraction': 0.8597257081354908, 'bagging_freq': 3, 'min_child_samples': 121}. Best is trial 790 with value: 0.8225378298635823.
[I 2025-04-07 04:40:47,566] Trial 1339 finished with value: 0.8212380219343796 and parameters: {'lambda_l1': 1.337689809187198e-06, 'lambda_l2': 3.2897438377377566, 'num_leaves': 35, 'feature_fraction': 0.5770692032758543, 'bagging_fraction': 0.8251379891692301, 'bagging_freq': 2, 'min_child_samples': 125}. Best is trial 790 with value: 0.8225378298635823.
[I 2025-04-07 04:40:49,913] Trial 1340 finished with value: 0.8208605404341538 and parameters: {'lambda_l1': 5.265430208879021e-06, 'lambda_l2': 1.1060341706222836, 'num_leaves': 40, 'feature_fraction': 0.5608206836728474, 'bagging_fraction': 0.7952375119425483, 'bagging_freq': 1, 'min_child_samples': 123}. Best is trial 790 with value: 0.8225378298635823.
[I 2025-04-07 04:40:51,874] Trial 1341 finished with value: 0.8198126562881658 and parameters: {'lambda_l1': 3.2789372323212157e-06, 'lambda_l2': 0.41550000899380785, 'num_leaves': 45, 'feature_fraction': 0.6071528402492294, 'bagging_fraction': 0.8349292964825821, 'bagging_freq': 2, 'min_child_samples': 126}. Best is trial 790 with value: 0.8225378298635823.
