[I 2025-04-07 04:25:01,234] Trial 854 finished with value: 0.8197710438775457 and parameters: {'lambda_l1': 7.602605660293164e-09, 'lambda_l2': 2.076029732688846, 'num_leaves': 28, 'feature_fraction': 0.5001540363505708, 'bagging_fraction': 0.8143045009624522, 'bagging_freq': 2, 'min_child_samples': 57}. Best is trial 790 with value: 0.8225378298635823.
[I 2025-04-07 04:25:03,094] Trial 855 finished with value: 0.8211123060620917 and parameters: {'lambda_l1': 3.0275877834274e-09, 'lambda_l2': 1.1621432421090194, 'num_leaves': 35, 'feature_fraction': 0.5686791260776356, 'bagging_fraction': 0.8772833996802128, 'bagging_freq': 1, 'min_child_samples': 124}. Best is trial 790 with value: 0.8225378298635823.
[I 2025-04-07 04:25:05,069] Trial 856 finished with value: 0.8209447493326726 and parameters: {'lambda_l1': 5.963884196527924e-09, 'lambda_l2': 0.07224944514198751, 'num_leaves': 32, 'feature_fraction': 0.5526899678201959, 'bagging_fraction': 0.8510627892223788, 'bagging_freq': 2, 'min_child_samples': 122}. Best is trial 790 with value: 0.8225378298635823.
[I 2025-04-07 04:25:07,337] Trial 857 finished with value: 0.8198548310286595 and parameters: {'lambda_l1': 1.3401417307476256e-08, 'lambda_l2': 6.385345942920072, 'num_leaves': 58, 'feature_fraction': 0.5887988278406406, 'bagging_fraction': 0.89032687677487, 'bagging_freq': 2, 'min_child_samples': 125}. Best is trial 790 with value: 0.8225378298635823.
[I 2025-04-07 04:25:08,890] Trial 858 finished with value: 0.8202317853446293 and parameters: {'lambda_l1': 1.7498957846219847e-09, 'lambda_l2': 0.22047784470117218, 'num_leaves': 28, 'feature_fraction': 0.5758252001921167, 'bagging_fraction': 0.8363002426729031, 'bagging_freq': 1, 'min_child_samples': 121}. Best is trial 790 with value: 0.8225378298635823.
[I 2025-04-07 04:25:10,452] Trial 859 finished with value: 0.8199383897332624 and parameters: {'lambda_l1': 4.281076557103565e-09, 'lambda_l2': 2.8313345477798926, 'num_leaves': 33, 'feature_fraction': 0.5350720558294271, 'bagging_fraction': 0.8024181953843703, 'bagging_freq': 2, 'min_child_samples': 88}. Best is trial 790 with value: 0.8225378298635823.
[I 2025-04-07 04:25:12,357] Trial 860 finished with value: 0.8196030654007217 and parameters: {'lambda_l1': 1.03028958254259e-09, 'lambda_l2': 31.908229775452956, 'num_leaves': 36, 'feature_fraction': 0.8568296045943742, 'bagging_fraction': 0.8697860124498888, 'bagging_freq': 3, 'min_child_samples': 123}. Best is trial 790 with value: 0.8225378298635823.
[I 2025-04-07 04:25:14,747] Trial 861 finished with value: 0.8198546904461912 and parameters: {'lambda_l1': 2.5226671933780237e-09, 'lambda_l2': 0.6468328376698069, 'num_leaves': 51, 'feature_fraction': 0.5928519204915218, 'bagging_fraction': 0.8215261044749403, 'bagging_freq': 15, 'min_child_samples': 76}. Best is trial 790 with value: 0.8225378298635823.
[I 2025-04-07 04:25:16,282] Trial 862 finished with value: 0.8207349651443343 and parameters: {'lambda_l1': 9.713262500265154e-09, 'lambda_l2': 4.428385434115462, 'num_leaves': 34, 'feature_fraction': 0.5615630127379712, 'bagging_fraction': 0.8493695460740758, 'bagging_freq': 2, 'min_child_samples': 126}. Best is trial 790 with value: 0.8225378298635823.
[I 2025-04-07 04:25:18,315] Trial 863 finished with value: 0.8201062100548097 and parameters: {'lambda_l1': 4.686690968067975e-09, 'lambda_l2': 11.72239166813986, 'num_leaves': 46, 'feature_fraction': 0.5219992275024313, 'bagging_fraction': 0.8341823868617655, 'bagging_freq': 1, 'min_child_samples': 128}. Best is trial 790 with value: 0.8225378298635823.
[I 2025-04-07 04:25:19,960] Trial 864 finished with value: 0.8199387939078587 and parameters: {'lambda_l1': 1.7062431151871101e-09, 'lambda_l2': 1.494480541943226, 'num_leaves': 30, 'feature_fraction': 0.5794354830041691, 'bagging_fraction': 0.9734030626035091, 'bagging_freq': 2, 'min_child_samples': 120}. Best is trial 790 with value: 0.8225378298635823.
[I 2025-04-07 04:25:21,666] Trial 865 finished with value: 0.8205253391112727 and parameters: {'lambda_l1': 0.00028195540762408457, 'lambda_l2': 4.658450695100442, 'num_leaves': 36, 'feature_fraction': 0.5939432221812528, 'bagging_fraction': 0.8604170070704923, 'bagging_freq': 1, 'min_child_samples': 126}. Best is trial 790 with value: 0.8225378298635823.
[I 2025-04-07 04:25:24,931] Trial 866 finished with value: 0.819854620154957 and parameters: {'lambda_l1': 0.00017866570315794972, 'lambda_l2': 6.67065671379441, 'num_leaves': 68, 'feature_fraction': 0.5633722071572759, 'bagging_fraction': 0.8445368099991881, 'bagging_freq': 3, 'min_child_samples': 123}. Best is trial 790 with value: 0.8225378298635823.
[I 2025-04-07 04:25:26,833] Trial 867 finished with value: 0.8214476831130583 and parameters: {'lambda_l1': 1.6257991193155874e-08, 'lambda_l2': 2.8611707469526957, 'num_leaves': 49, 'feature_fraction': 0.5437882612752605, 'bagging_fraction': 0.821066148901049, 'bagging_freq': 2, 'min_child_samples': 119}. Best is trial 790 with value: 0.8225378298635823.
[I 2025-04-07 04:25:28,586] Trial 868 finished with value: 0.8185968815293967 and parameters: {'lambda_l1': 2.77401194090506e-09, 'lambda_l2': 0.14307258233378023, 'num_leaves': 43, 'feature_fraction': 0.5822301917185836, 'bagging_fraction': 0.8076565576095909, 'bagging_freq': 7, 'min_child_samples': 128}. Best is trial 790 with value: 0.8225378298635823.
[I 2025-04-07 04:25:29,838] Trial 869 finished with value: 0.8197707978582262 and parameters: {'lambda_l1': 9.788619846078023e-08, 'lambda_l2': 17.052028979245346, 'num_leaves': 20, 'feature_fraction': 0.6049192791176544, 'bagging_fraction': 0.8327474366610754, 'bagging_freq': 2, 'min_child_samples': 116}. Best is trial 790 with value: 0.8225378298635823.
[I 2025-04-07 04:25:31,658] Trial 870 finished with value: 0.8198125157056977 and parameters: {'lambda_l1': 4.191885794117461e-08, 'lambda_l2': 0.46753318722473863, 'num_leaves': 37, 'feature_fraction': 0.5718708796265565, 'bagging_fraction': 0.8542778452747979, 'bagging_freq': 1, 'min_child_samples': 124}. Best is trial 790 with value: 0.8225378298635823.
[I 2025-04-07 04:25:33,444] Trial 871 finished with value: 0.8201061221907668 and parameters: {'lambda_l1': 4.862210208189988e-09, 'lambda_l2': 1.6635542557240155, 'num_leaves': 33, 'feature_fraction': 0.5948176188876001, 'bagging_fraction': 0.8667553565602072, 'bagging_freq': 2, 'min_child_samples': 121}. Best is trial 790 with value: 0.8225378298635823.
[I 2025-04-07 04:25:35,872] Trial 872 finished with value: 0.8209028206114987 and parameters: {'lambda_l1': 1.6446910851403213e-09, 'lambda_l2': 0.9621157648728722, 'num_leaves': 39, 'feature_fraction': 0.5862081002554458, 'bagging_fraction': 0.9194456896386634, 'bagging_freq': 2, 'min_child_samples': 126}. Best is trial 790 with value: 0.8225378298635823.
[I 2025-04-07 04:25:37,646] Trial 873 finished with value: 0.8198965664489396 and parameters: {'lambda_l1': 2.833483114500858e-09, 'lambda_l2': 0.0003889026773171527, 'num_leaves': 45, 'feature_fraction': 0.5500390281070341, 'bagging_fraction': 0.8413642331533985, 'bagging_freq': 3, 'min_child_samples': 123}. Best is trial 790 with value: 0.8225378298635823.
[I 2025-04-07 04:25:39,164] Trial 874 finished with value: 0.8191838133345986 and parameters: {'lambda_l1': 7.260250852799161e-09, 'lambda_l2': 8.25350754172955, 'num_leaves': 35, 'feature_fraction': 0.6099542442321176, 'bagging_fraction': 0.7555822664153161, 'bagging_freq': 13, 'min_child_samples': 118}. Best is trial 790 with value: 0.8225378298635823.
[I 2025-04-07 04:25:40,539] Trial 875 finished with value: 0.8208608918903245 and parameters: {'lambda_l1': 1.2217211043164659e-05, 'lambda_l2': 2.6333219329887068, 'num_leaves': 27, 'feature_fraction': 0.5714464037887973, 'bagging_fraction': 0.8258051400062779, 'bagging_freq': 1, 'min_child_samples': 121}. Best is trial 790 with value: 0.8225378298635823.
[I 2025-04-07 04:25:42,288] Trial 876 finished with value: 0.8203576769450024 and parameters: {'lambda_l1': 3.1874602003154248e-09, 'lambda_l2': 4.4988342603252, 'num_leaves': 42, 'feature_fraction': 0.5556270796681335, 'bagging_fraction': 0.7971968363249466, 'bagging_freq': 14, 'min_child_samples': 126}. Best is trial 790 with value: 0.8225378298635823.
[I 2025-04-07 04:25:43,913] Trial 877 finished with value: 0.8199804238912876 and parameters: {'lambda_l1': 1.7709776422265626e-09, 'lambda_l2': 0.030310648024817505, 'num_leaves': 31, 'feature_fraction': 0.6011999829636036, 'bagging_fraction': 0.5807854247945173, 'bagging_freq': 2, 'min_child_samples': 128}. Best is trial 790 with value: 0.8225378298635823.
[I 2025-04-07 04:25:48,139] Trial 878 finished with value: 0.8193935799501284 and parameters: {'lambda_l1': 1.0339617929721583e-09, 'lambda_l2': 0.003255984928938307, 'num_leaves': 38, 'feature_fraction': 0.7905631310767356, 'bagging_fraction': 0.8794638898951891, 'bagging_freq': 1, 'min_child_samples': 124}. Best is trial 790 with value: 0.8225378298635823.
[I 2025-04-07 04:25:52,504] Trial 879 finished with value: 0.8191420427687014 and parameters: {'lambda_l1': 6.0446942443121935e-09, 'lambda_l2': 0.7009639209889778, 'num_leaves': 44, 'feature_fraction': 0.5334390607870376, 'bagging_fraction': 0.8503524129166199, 'bagging_freq': 2, 'min_child_samples': 116}. Best is trial 790 with value: 0.8225378298635823.
[I 2025-04-07 04:25:54,434] Trial 880 finished with value: 0.8208189983147678 and parameters: {'lambda_l1': 9.415481495448991e-09, 'lambda_l2': 1.4596678000763725, 'num_leaves': 47, 'feature_fraction': 0.5839592765454997, 'bagging_fraction': 0.8149129732743137, 'bagging_freq': 3, 'min_child_samples': 120}. Best is trial 790 with value: 0.8225378298635823.
[I 2025-04-07 04:25:56,574] Trial 881 finished with value: 0.8193934920860857 and parameters: {'lambda_l1': 1.0422504401347663e-05, 'lambda_l2': 9.253486720523457, 'num_leaves': 35, 'feature_fraction': 0.7361265723774496, 'bagging_fraction': 0.8320273693327578, 'bagging_freq': 2, 'min_child_samples': 123}. Best is trial 790 with value: 0.8225378298635823.
[I 2025-04-07 04:25:58,551] Trial 882 finished with value: 0.8198966191673651 and parameters: {'lambda_l1': 2.695858459622797e-08, 'lambda_l2': 18.120488992011676, 'num_leaves': 40, 'feature_fraction': 0.6141367041440488, 'bagging_fraction': 0.8460174576222621, 'bagging_freq': 1, 'min_child_samples': 126}. Best is trial 790 with value: 0.8225378298635823.
[I 2025-04-07 04:26:00,296] Trial 883 finished with value: 0.8208609621815587 and parameters: {'lambda_l1': 2.4226988976051016e-09, 'lambda_l2': 0.321181228992472, 'num_leaves': 32, 'feature_fraction': 0.594934510638405, 'bagging_fraction': 0.8631954970129301, 'bagging_freq': 2, 'min_child_samples': 113}. Best is trial 790 with value: 0.8225378298635823.
[I 2025-04-07 04:26:01,249] Trial 884 finished with value: 0.8124762723152703 and parameters: {'lambda_l1': 3.3182074988016596e-09, 'lambda_l2': 3.3352560745815367, 'num_leaves': 8, 'feature_fraction': 0.6302966111801208, 'bagging_fraction': 0.8192670145036263, 'bagging_freq': 2, 'min_child_samples': 121}. Best is trial 790 with value: 0.8225378298635823.
[I 2025-04-07 04:26:03,419] Trial 885 finished with value: 0.8195192255311821 and parameters: {'lambda_l1': 0.00017337074087069032, 'lambda_l2': 6.511848825194337, 'num_leaves': 53, 'feature_fraction': 0.5688799261149182, 'bagging_fraction': 0.8397465283488735, 'bagging_freq': 1, 'min_child_samples': 118}. Best is trial 790 with value: 0.8225378298635823.
[I 2025-04-07 04:26:04,988] Trial 886 finished with value: 0.8204418331250956 and parameters: {'lambda_l1': 1.9515157448739656e-05, 'lambda_l2': 2.2486684391313014, 'num_leaves': 37, 'feature_fraction': 0.5135994985508807, 'bagging_fraction': 0.8551872675807767, 'bagging_freq': 2, 'min_child_samples': 128}. Best is trial 790 with value: 0.8225378298635823.
[I 2025-04-07 04:26:06,980] Trial 887 finished with value: 0.8201901377883918 and parameters: {'lambda_l1': 1.5277010807600308e-09, 'lambda_l2': 1.0526260472028508, 'num_leaves': 29, 'feature_fraction': 0.5802685041692659, 'bagging_fraction': 0.8897912077685707, 'bagging_freq': 3, 'min_child_samples': 124}. Best is trial 790 with value: 0.8225378298635823.
[I 2025-04-07 04:26:08,705] Trial 888 finished with value: 0.8203157657966369 and parameters: {'lambda_l1': 1.5907813972003658e-08, 'lambda_l2': 27.20012367368398, 'num_leaves': 41, 'feature_fraction': 0.5476491411305395, 'bagging_fraction': 0.8716102614156624, 'bagging_freq': 2, 'min_child_samples': 122}. Best is trial 790 with value: 0.8225378298635823.
[I 2025-04-07 04:26:10,558] Trial 889 finished with value: 0.8207772277488706 and parameters: {'lambda_l1': 0.00038937205252157576, 'lambda_l2': 3.986123092938424e-09, 'num_leaves': 49, 'feature_fraction': 0.601461259181995, 'bagging_fraction': 0.8316763893035085, 'bagging_freq': 1, 'min_child_samples': 125}. Best is trial 790 with value: 0.8225378298635823.
[I 2025-04-07 04:26:13,536] Trial 890 finished with value: 0.8194356316809621 and parameters: {'lambda_l1': 4.842849557215009e-09, 'lambda_l2': 4.23416064949674, 'num_leaves': 102, 'feature_fraction': 0.5605221841688403, 'bagging_fraction': 0.8093093030484011, 'bagging_freq': 2, 'min_child_samples': 116}. Best is trial 790 with value: 0.8225378298635823.
[I 2025-04-07 04:26:15,160] Trial 891 finished with value: 0.8203577999546623 and parameters: {'lambda_l1': 6.8375340220116655e-06, 'lambda_l2': 11.660849488938313, 'num_leaves': 34, 'feature_fraction': 0.5898558998967678, 'bagging_fraction': 0.8410690242477985, 'bagging_freq': 1, 'min_child_samples': 128}. Best is trial 790 with value: 0.8225378298635823.
[I 2025-04-07 04:26:17,865] Trial 892 finished with value: 0.8197287637002008 and parameters: {'lambda_l1': 0.00010233305764886897, 'lambda_l2': 0.5958010073486297, 'num_leaves': 45, 'feature_fraction': 0.6112578161867617, 'bagging_fraction': 0.9048806409866988, 'bagging_freq': 2, 'min_child_samples': 119}. Best is trial 790 with value: 0.8225378298635823.
[I 2025-04-07 04:26:19,656] Trial 893 finished with value: 0.8216992554401022 and parameters: {'lambda_l1': 8.995957618411655e-09, 'lambda_l2': 1.9568577555150202, 'num_leaves': 37, 'feature_fraction': 0.5765828640280585, 'bagging_fraction': 0.8240052330575123, 'bagging_freq': 2, 'min_child_samples': 125}. Best is trial 790 with value: 0.8225378298635823.
[I 2025-04-07 04:26:21,421] Trial 894 finished with value: 0.8209027327474558 and parameters: {'lambda_l1': 1.7580026752761126e-08, 'lambda_l2': 1.1216745908968273, 'num_leaves': 37, 'feature_fraction': 0.5672581059847194, 'bagging_fraction': 0.7871033630222264, 'bagging_freq': 3, 'min_child_samples': 126}. Best is trial 790 with value: 0.8225378298635823.
[I 2025-04-07 04:26:23,126] Trial 895 finished with value: 0.8197708857222687 and parameters: {'lambda_l1': 6.9342400040220895e-09, 'lambda_l2': 1.672935992013152, 'num_leaves': 35, 'feature_fraction': 0.557200598025234, 'bagging_fraction': 0.809914840393693, 'bagging_freq': 2, 'min_child_samples': 126}. Best is trial 790 with value: 0.8225378298635823.
[I 2025-04-07 04:26:24,815] Trial 896 finished with value: 0.8197286582633495 and parameters: {'lambda_l1': 1.137730849882283e-08, 'lambda_l2': 0.5758261891831082, 'num_leaves': 38, 'feature_fraction': 0.5419642751583359, 'bagging_fraction': 0.7929091455347494, 'bagging_freq': 1, 'min_child_samples': 128}. Best is trial 790 with value: 0.8225378298635823.
[I 2025-04-07 04:26:26,493] Trial 897 finished with value: 0.8205675138517663 and parameters: {'lambda_l1': 1.545061815345734e-08, 'lambda_l2': 0.9181072260531452, 'num_leaves': 32, 'feature_fraction': 0.5774511199001017, 'bagging_fraction': 0.8194916635487092, 'bagging_freq': 2, 'min_child_samples': 124}. Best is trial 790 with value: 0.8225378298635823.
[I 2025-04-07 04:26:28,777] Trial 898 finished with value: 0.8205673029780638 and parameters: {'lambda_l1': 9.513770801901926e-09, 'lambda_l2': 1.9944679101015526, 'num_leaves': 39, 'feature_fraction': 0.5659478442781861, 'bagging_fraction': 0.8035720825507668, 'bagging_freq': 1, 'min_child_samples': 124}. Best is trial 790 with value: 0.8225378298635823.
[I 2025-04-07 04:26:30,515] Trial 899 finished with value: 0.8198547958830424 and parameters: {'lambda_l1': 2.523549812172193e-08, 'lambda_l2': 1.4191593940053762, 'num_leaves': 35, 'feature_fraction': 0.550589178035665, 'bagging_fraction': 0.8244405862176073, 'bagging_freq': 2, 'min_child_samples': 126}. Best is trial 790 with value: 0.8225378298635823.
[I 2025-04-07 04:26:32,255] Trial 900 finished with value: 0.8198967597498334 and parameters: {'lambda_l1': 7.193873764532618e-09, 'lambda_l2': 0.7905018622196011, 'num_leaves': 37, 'feature_fraction': 0.5314926783660237, 'bagging_fraction': 0.8261290739928455, 'bagging_freq': 2, 'min_child_samples': 128}. Best is trial 790 with value: 0.8225378298635823.
[I 2025-04-07 04:26:35,301] Trial 901 finished with value: 0.8194354383800683 and parameters: {'lambda_l1': 6.996806257151389e-08, 'lambda_l2': 0.3119907565529741, 'num_leaves': 111, 'feature_fraction': 0.5789317970681673, 'bagging_fraction': 0.8164040961891811, 'bagging_freq': 3, 'min_child_samples': 123}. Best is trial 790 with value: 0.8225378298635823.
[I 2025-04-07 04:26:37,343] Trial 902 finished with value: 0.8196867646877927 and parameters: {'lambda_l1': 4.333927948150657e-09, 'lambda_l2': 1.2935576357079372e-07, 'num_leaves': 40, 'feature_fraction': 0.5766879362955841, 'bagging_fraction': 0.8575025849293717, 'bagging_freq': 1, 'min_child_samples': 125}. Best is trial 790 with value: 0.8225378298635823.
[I 2025-04-07 04:26:39,477] Trial 903 finished with value: 0.8211124817901772 and parameters: {'lambda_l1': 1.025029826677233e-08, 'lambda_l2': 2.4049300381488328, 'num_leaves': 32, 'feature_fraction': 0.5625131413660348, 'bagging_fraction': 0.8322370873551865, 'bagging_freq': 2, 'min_child_samples': 122}. Best is trial 790 with value: 0.8225378298635823.
[I 2025-04-07 04:26:41,050] Trial 904 finished with value: 0.820986625335421 and parameters: {'lambda_l1': 3.993472209269475e-09, 'lambda_l2': 0.4817250668081096, 'num_leaves': 29, 'feature_fraction': 0.5868754784462913, 'bagging_fraction': 0.8775394913339956, 'bagging_freq': 2, 'min_child_samples': 128}. Best is trial 790 with value: 0.8225378298635823.
[I 2025-04-07 04:26:42,682] Trial 905 finished with value: 0.8184712535211516 and parameters: {'lambda_l1': 6.455050535264676e-09, 'lambda_l2': 42.69167653290381, 'num_leaves': 26, 'feature_fraction': 0.5565724161004916, 'bagging_fraction': 0.8478330626812208, 'bagging_freq': 6, 'min_child_samples': 125}. Best is trial 790 with value: 0.8225378298635823.
[I 2025-04-07 04:26:44,199] Trial 906 finished with value: 0.8200223701852701 and parameters: {'lambda_l1': 4.079830047601266e-08, 'lambda_l2': 1.4060144256288443, 'num_leaves': 34, 'feature_fraction': 0.5430018596727557, 'bagging_fraction': 0.7957201372589117, 'bagging_freq': 1, 'min_child_samples': 122}. Best is trial 790 with value: 0.8225378298635823.
[I 2025-04-07 04:26:46,057] Trial 907 finished with value: 0.8211963216597168 and parameters: {'lambda_l1': 2.485916023250848e-09, 'lambda_l2': 3.1288698579959875, 'num_leaves': 37, 'feature_fraction': 0.588558351973517, 'bagging_fraction': 0.8358379402908738, 'bagging_freq': 2, 'min_child_samples': 126}. Best is trial 790 with value: 0.8225378298635823.
[I 2025-04-07 04:26:48,015] Trial 908 finished with value: 0.8198127441522086 and parameters: {'lambda_l1': 2.127836600414219e-09, 'lambda_l2': 5.839547696385045, 'num_leaves': 41, 'feature_fraction': 0.572840951321354, 'bagging_fraction': 0.8085986291998106, 'bagging_freq': 3, 'min_child_samples': 95}. Best is trial 790 with value: 0.8225378298635823.
[I 2025-04-07 04:26:50,198] Trial 909 finished with value: 0.8204414289504991 and parameters: {'lambda_l1': 1.1497476262670995e-08, 'lambda_l2': 7.207027848546441e-07, 'num_leaves': 39, 'feature_fraction': 0.5233815777826719, 'bagging_fraction': 0.8636377862878667, 'bagging_freq': 1, 'min_child_samples': 121}. Best is trial 790 with value: 0.8225378298635823.
[I 2025-04-07 04:26:51,952] Trial 910 finished with value: 0.8211960756403972 and parameters: {'lambda_l1': 5.7778222039952676e-09, 'lambda_l2': 0.2276145834105738, 'num_leaves': 33, 'feature_fraction': 0.5675871398678377, 'bagging_fraction': 0.8221665551658077, 'bagging_freq': 4, 'min_child_samples': 124}. Best is trial 790 with value: 0.8225378298635823.
[I 2025-04-07 04:26:53,706] Trial 911 finished with value: 0.8198965137305139 and parameters: {'lambda_l1': 3.5667037196971627e-09, 'lambda_l2': 0.10400291367320942, 'num_leaves': 36, 'feature_fraction': 0.5926339738428028, 'bagging_fraction': 0.6892510419583345, 'bagging_freq': 2, 'min_child_samples': 128}. Best is trial 790 with value: 0.8225378298635823.
[I 2025-04-07 04:26:55,472] Trial 912 finished with value: 0.8224537264019147 and parameters: {'lambda_l1': 1.5608847255071415e-09, 'lambda_l2': 1.9803458050360563, 'num_leaves': 42, 'feature_fraction': 0.5784790743536442, 'bagging_fraction': 0.8502251219795635, 'bagging_freq': 2, 'min_child_samples': 120}. Best is trial 790 with value: 0.8225378298635823.
[I 2025-04-07 04:26:57,282] Trial 913 finished with value: 0.8201479279022811 and parameters: {'lambda_l1': 1.5402133196326515e-09, 'lambda_l2': 0.8371045642704597, 'num_leaves': 43, 'feature_fraction': 0.555190721021739, 'bagging_fraction': 0.8723708420591586, 'bagging_freq': 2, 'min_child_samples': 102}. Best is trial 790 with value: 0.8225378298635823.
[I 2025-04-07 04:26:59,716] Trial 914 finished with value: 0.8208607337350478 and parameters: {'lambda_l1': 0.0010114806591082662, 'lambda_l2': 12.047411195985903, 'num_leaves': 42, 'feature_fraction': 0.5716395749880756, 'bagging_fraction': 0.8549636984445824, 'bagging_freq': 1, 'min_child_samples': 123}. Best is trial 790 with value: 0.8225378298635823.
