[I 2025-04-07 04:32:56,343] Trial 1098 finished with value: 0.8191419549046586 and parameters: {'lambda_l1': 2.3623761740456106e-05, 'lambda_l2': 1.7533971318554227, 'num_leaves': 39, 'feature_fraction': 0.5081952547328509, 'bagging_fraction': 0.9180818699583695, 'bagging_freq': 3, 'min_child_samples': 128}. Best is trial 790 with value: 0.8225378298635823.
[I 2025-04-07 04:32:58,191] Trial 1099 finished with value: 0.8206513361484973 and parameters: {'lambda_l1': 1.744245956139745e-05, 'lambda_l2': 3.2691981026231978, 'num_leaves': 37, 'feature_fraction': 0.5211356316411644, 'bagging_fraction': 0.9367495892354476, 'bagging_freq': 2, 'min_child_samples': 125}. Best is trial 790 with value: 0.8225378298635823.
[I 2025-04-07 04:33:00,187] Trial 1100 finished with value: 0.8201899796331148 and parameters: {'lambda_l1': 4.300855047572006e-05, 'lambda_l2': 1.164720150504727, 'num_leaves': 41, 'feature_fraction': 0.529397894990403, 'bagging_fraction': 0.9350773902870003, 'bagging_freq': 2, 'min_child_samples': 128}. Best is trial 790 with value: 0.8225378298635823.
[I 2025-04-07 04:33:02,322] Trial 1101 finished with value: 0.8203161348256163 and parameters: {'lambda_l1': 3.5311030398515446e-05, 'lambda_l2': 2.4216212081939767, 'num_leaves': 44, 'feature_fraction': 0.5321046469681483, 'bagging_fraction': 0.917270642981216, 'bagging_freq': 2, 'min_child_samples': 126}. Best is trial 790 with value: 0.8225378298635823.
[I 2025-04-07 04:33:03,854] Trial 1102 finished with value: 0.8190160281586684 and parameters: {'lambda_l1': 2.2208418576556162e-05, 'lambda_l2': 0.7116313625793091, 'num_leaves': 33, 'feature_fraction': 0.5374197659560778, 'bagging_fraction': 0.9429664380516503, 'bagging_freq': 13, 'min_child_samples': 128}. Best is trial 790 with value: 0.8225378298635823.
[I 2025-04-07 04:33:05,614] Trial 1103 finished with value: 0.8213219496679619 and parameters: {'lambda_l1': 2.0111126994041965e-05, 'lambda_l2': 4.160096463901499, 'num_leaves': 36, 'feature_fraction': 0.5458204855556414, 'bagging_fraction': 0.9258559517887935, 'bagging_freq': 2, 'min_child_samples': 125}. Best is trial 790 with value: 0.8225378298635823.
[I 2025-04-07 04:33:08,347] Trial 1104 finished with value: 0.8191000086106761 and parameters: {'lambda_l1': 1.1517453407403722e-05, 'lambda_l2': 1.4793753330967405, 'num_leaves': 47, 'feature_fraction': 0.5399174650213687, 'bagging_fraction': 0.9589223585672272, 'bagging_freq': 3, 'min_child_samples': 128}. Best is trial 790 with value: 0.8225378298635823.
[I 2025-04-07 04:33:10,025] Trial 1105 finished with value: 0.8211124817901773 and parameters: {'lambda_l1': 1.3579741059842426e-05, 'lambda_l2': 2.5286737883286157, 'num_leaves': 39, 'feature_fraction': 0.5111499633782645, 'bagging_fraction': 0.8210356174848201, 'bagging_freq': 2, 'min_child_samples': 125}. Best is trial 790 with value: 0.8225378298635823.
[I 2025-04-07 04:33:11,791] Trial 1106 finished with value: 0.8210705003505776 and parameters: {'lambda_l1': 4.141315201393244e-05, 'lambda_l2': 4.129064124246707, 'num_leaves': 43, 'feature_fraction': 0.5293792816231927, 'bagging_fraction': 0.9203400533780444, 'bagging_freq': 2, 'min_child_samples': 126}. Best is trial 790 with value: 0.8225378298635823.
[I 2025-04-07 04:33:13,757] Trial 1107 finished with value: 0.8196031356919556 and parameters: {'lambda_l1': 6.933389325744908e-05, 'lambda_l2': 0.4859561695050768, 'num_leaves': 50, 'feature_fraction': 0.5438455915988517, 'bagging_fraction': 0.9407750997925497, 'bagging_freq': 2, 'min_child_samples': 124}. Best is trial 790 with value: 0.8225378298635823.
[I 2025-04-07 04:33:15,319] Trial 1108 finished with value: 0.8192679343690745 and parameters: {'lambda_l1': 1.551017962619368e-05, 'lambda_l2': 1.0535796466929113, 'num_leaves': 36, 'feature_fraction': 0.5495044537953648, 'bagging_fraction': 0.9562460704705983, 'bagging_freq': 12, 'min_child_samples': 126}. Best is trial 790 with value: 0.8225378298635823.
[I 2025-04-07 04:33:17,669] Trial 1109 finished with value: 0.8208189807419591 and parameters: {'lambda_l1': 3.286177548551914e-05, 'lambda_l2': 1.601231502617561, 'num_leaves': 34, 'feature_fraction': 0.5196137557058861, 'bagging_fraction': 0.8085226860697533, 'bagging_freq': 3, 'min_child_samples': 128}. Best is trial 790 with value: 0.8225378298635823.
[I 2025-04-07 04:33:19,525] Trial 1110 finished with value: 0.822160594382676 and parameters: {'lambda_l1': 0.0001040211766037417, 'lambda_l2': 3.195075061576038, 'num_leaves': 41, 'feature_fraction': 0.5357733965908644, 'bagging_fraction': 0.8315560274032524, 'bagging_freq': 2, 'min_child_samples': 123}. Best is trial 790 with value: 0.8225378298635823.
[I 2025-04-07 04:33:21,353] Trial 1111 finished with value: 0.820148156348792 and parameters: {'lambda_l1': 0.0002691558922309163, 'lambda_l2': 4.385424288636734, 'num_leaves': 45, 'feature_fraction': 0.518979479679487, 'bagging_fraction': 0.942020349389029, 'bagging_freq': 2, 'min_child_samples': 122}. Best is trial 790 with value: 0.8225378298635823.
[I 2025-04-07 04:33:23,250] Trial 1112 finished with value: 0.8209868010635064 and parameters: {'lambda_l1': 0.00014802208550497632, 'lambda_l2': 5.978856555681126, 'num_leaves': 46, 'feature_fraction': 0.5343847965421055, 'bagging_fraction': 0.8414466611857419, 'bagging_freq': 2, 'min_child_samples': 122}. Best is trial 790 with value: 0.8225378298635823.
[I 2025-04-07 04:33:25,033] Trial 1113 finished with value: 0.8196871864351977 and parameters: {'lambda_l1': 7.401299788886625e-05, 'lambda_l2': 3.2296110051710962, 'num_leaves': 42, 'feature_fraction': 0.5263825495114057, 'bagging_fraction': 0.9691120190579298, 'bagging_freq': 2, 'min_child_samples': 123}. Best is trial 790 with value: 0.8225378298635823.
[I 2025-04-07 04:33:27,581] Trial 1114 finished with value: 0.8198547255918083 and parameters: {'lambda_l1': 0.00020567285804718642, 'lambda_l2': 6.625512372432258, 'num_leaves': 44, 'feature_fraction': 0.5083060704802417, 'bagging_fraction': 0.9862931499416665, 'bagging_freq': 2, 'min_child_samples': 123}. Best is trial 790 with value: 0.8225378298635823.
[I 2025-04-07 04:33:29,377] Trial 1115 finished with value: 0.8204417979794785 and parameters: {'lambda_l1': 0.00010335991260884616, 'lambda_l2': 3.351016651694512, 'num_leaves': 41, 'feature_fraction': 0.4944319510849327, 'bagging_fraction': 0.8362629517116471, 'bagging_freq': 3, 'min_child_samples': 121}. Best is trial 790 with value: 0.8225378298635823.
[I 2025-04-07 04:33:31,351] Trial 1116 finished with value: 0.8203157833694454 and parameters: {'lambda_l1': 0.0003793986619036028, 'lambda_l2': 5.3026617920512065, 'num_leaves': 49, 'feature_fraction': 0.5387164842947748, 'bagging_fraction': 0.9804742837729518, 'bagging_freq': 3, 'min_child_samples': 125}. Best is trial 790 with value: 0.8225378298635823.
[I 2025-04-07 04:33:33,240] Trial 1117 finished with value: 0.8199387587622418 and parameters: {'lambda_l1': 8.045006957609656e-05, 'lambda_l2': 2.377388834988508, 'num_leaves': 46, 'feature_fraction': 0.516821304604508, 'bagging_fraction': 0.9530450144682209, 'bagging_freq': 4, 'min_child_samples': 121}. Best is trial 790 with value: 0.8225378298635823.
[I 2025-04-07 04:33:35,201] Trial 1118 finished with value: 0.8205673029780639 and parameters: {'lambda_l1': 0.00024824468747361054, 'lambda_l2': 6.508104156917427, 'num_leaves': 52, 'feature_fraction': 0.5256039301416503, 'bagging_fraction': 0.8458449687494369, 'bagging_freq': 2, 'min_child_samples': 128}. Best is trial 790 with value: 0.8225378298635823.
[I 2025-04-07 04:33:36,940] Trial 1119 finished with value: 0.821405648955033 and parameters: {'lambda_l1': 8.832460746502985e-05, 'lambda_l2': 0.030946673682938183, 'num_leaves': 41, 'feature_fraction': 0.5411300527306553, 'bagging_fraction': 0.9077604229029204, 'bagging_freq': 2, 'min_child_samples': 124}. Best is trial 790 with value: 0.8225378298635823.
[I 2025-04-07 04:33:39,101] Trial 1120 finished with value: 0.8204836212638014 and parameters: {'lambda_l1': 0.0001350275695489674, 'lambda_l2': 3.5607025664958374, 'num_leaves': 44, 'feature_fraction': 0.501292841686451, 'bagging_fraction': 0.8296949662341556, 'bagging_freq': 2, 'min_child_samples': 126}. Best is trial 790 with value: 0.8225378298635823.
[I 2025-04-07 04:33:40,716] Trial 1121 finished with value: 0.8204836036909928 and parameters: {'lambda_l1': 5.130392869904411e-05, 'lambda_l2': 0.8054303868254141, 'num_leaves': 39, 'feature_fraction': 0.5346487104032288, 'bagging_fraction': 0.8479332104095617, 'bagging_freq': 2, 'min_child_samples': 120}. Best is trial 790 with value: 0.8225378298635823.
[I 2025-04-07 04:33:42,480] Trial 1122 finished with value: 0.8197709208678858 and parameters: {'lambda_l1': 2.445973274079256e-05, 'lambda_l2': 8.451552234700557, 'num_leaves': 43, 'feature_fraction': 0.548892440725892, 'bagging_fraction': 0.8314741955038555, 'bagging_freq': 3, 'min_child_samples': 123}. Best is trial 790 with value: 0.8225378298635823.
[I 2025-04-07 04:33:43,254] Trial 1123 finished with value: 0.8016602086595286 and parameters: {'lambda_l1': 0.00012587397808514522, 'lambda_l2': 2.258300263011766, 'num_leaves': 4, 'feature_fraction': 0.5281788770169157, 'bagging_fraction': 0.8170773442324983, 'bagging_freq': 2, 'min_child_samples': 128}. Best is trial 790 with value: 0.8225378298635823.
[I 2025-04-07 04:33:45,388] Trial 1124 finished with value: 0.8205254621209326 and parameters: {'lambda_l1': 4.939327001286227e-05, 'lambda_l2': 3.9418530109795737, 'num_leaves': 48, 'feature_fraction': 0.5505051095691403, 'bagging_fraction': 0.9318088299207612, 'bagging_freq': 2, 'min_child_samples': 125}. Best is trial 790 with value: 0.8225378298635823.
[I 2025-04-07 04:33:51,418] Trial 1125 finished with value: 0.819812919880294 and parameters: {'lambda_l1': 0.00014085973356752637, 'lambda_l2': 0.3924150929448512, 'num_leaves': 40, 'feature_fraction': 0.5392173065681762, 'bagging_fraction': 0.8511942113128589, 'bagging_freq': 3, 'min_child_samples': 120}. Best is trial 790 with value: 0.8225378298635823.
[I 2025-04-07 04:33:53,626] Trial 1126 finished with value: 0.8203997813942617 and parameters: {'lambda_l1': 0.0004844623560323653, 'lambda_l2': 1.2327812957303586, 'num_leaves': 45, 'feature_fraction': 0.5133130022377659, 'bagging_fraction': 0.8359851286962074, 'bagging_freq': 2, 'min_child_samples': 122}. Best is trial 790 with value: 0.8225378298635823.
[I 2025-04-07 04:33:55,402] Trial 1127 finished with value: 0.820818910450725 and parameters: {'lambda_l1': 4.710511693583322e-05, 'lambda_l2': 6.60401213880501, 'num_leaves': 42, 'feature_fraction': 0.5557542095453294, 'bagging_fraction': 0.8263075857172217, 'bagging_freq': 2, 'min_child_samples': 126}. Best is trial 790 with value: 0.8225378298635823.
[I 2025-04-07 04:33:57,083] Trial 1128 finished with value: 0.8208190334603847 and parameters: {'lambda_l1': 0.0009435577850974495, 'lambda_l2': 2.024691728969321, 'num_leaves': 39, 'feature_fraction': 0.5308944948202134, 'bagging_fraction': 0.8434622764535054, 'bagging_freq': 2, 'min_child_samples': 124}. Best is trial 790 with value: 0.8225378298635823.
[I 2025-04-07 04:33:59,698] Trial 1129 finished with value: 0.8195194012592675 and parameters: {'lambda_l1': 0.0002004387674307871, 'lambda_l2': 0.6304914673369326, 'num_leaves': 47, 'feature_fraction': 0.5443665169134473, 'bagging_fraction': 0.8563818198734413, 'bagging_freq': 2, 'min_child_samples': 119}. Best is trial 790 with value: 0.8225378298635823.
[I 2025-04-07 04:34:01,465] Trial 1130 finished with value: 0.8208190686060017 and parameters: {'lambda_l1': 1.0290771735285209e-05, 'lambda_l2': 1.2815476672463184e-09, 'num_leaves': 38, 'feature_fraction': 0.5538337400489771, 'bagging_fraction': 0.815354599457178, 'bagging_freq': 2, 'min_child_samples': 128}. Best is trial 790 with value: 0.8225378298635823.
[I 2025-04-07 04:34:03,154] Trial 1131 finished with value: 0.8195612596892075 and parameters: {'lambda_l1': 5.9735330276003266e-05, 'lambda_l2': 0.0007624999057128184, 'num_leaves': 41, 'feature_fraction': 0.6425328466429397, 'bagging_fraction': 0.8369228583904267, 'bagging_freq': 3, 'min_child_samples': 86}. Best is trial 790 with value: 0.8225378298635823.
[I 2025-04-07 04:34:04,946] Trial 1132 finished with value: 0.8197707627126091 and parameters: {'lambda_l1': 7.768712811113858e-05, 'lambda_l2': 4.5618904018070525, 'num_leaves': 44, 'feature_fraction': 0.6266916788343893, 'bagging_fraction': 0.824709102493025, 'bagging_freq': 2, 'min_child_samples': 123}. Best is trial 790 with value: 0.8225378298635823.
[I 2025-04-07 04:34:06,609] Trial 1133 finished with value: 0.8209447844782897 and parameters: {'lambda_l1': 2.8939066731052333e-05, 'lambda_l2': 9.205379456837997, 'num_leaves': 36, 'feature_fraction': 0.5185913242176303, 'bagging_fraction': 0.8509548942744369, 'bagging_freq': 2, 'min_child_samples': 126}. Best is trial 790 with value: 0.8225378298635823.
[I 2025-04-07 04:34:08,445] Trial 1134 finished with value: 0.8189323991628313 and parameters: {'lambda_l1': 1.111412964329946e-05, 'lambda_l2': 0.2270698531055524, 'num_leaves': 42, 'feature_fraction': 0.5349539092912231, 'bagging_fraction': 0.9640920895126253, 'bagging_freq': 6, 'min_child_samples': 121}. Best is trial 790 with value: 0.8225378298635823.
[I 2025-04-07 04:34:10,522] Trial 1135 finished with value: 0.8207771223120194 and parameters: {'lambda_l1': 0.00010325865550352357, 'lambda_l2': 1.1634599015655174, 'num_leaves': 32, 'feature_fraction': 0.5626253972655004, 'bagging_fraction': 0.7934702350951178, 'bagging_freq': 3, 'min_child_samples': 124}. Best is trial 790 with value: 0.8225378298635823.
[I 2025-04-07 04:34:12,231] Trial 1136 finished with value: 0.8204418331250956 and parameters: {'lambda_l1': 3.0355274170459475e-05, 'lambda_l2': 2.8638545409175653, 'num_leaves': 39, 'feature_fraction': 0.5436620231896603, 'bagging_fraction': 0.8390703782284259, 'bagging_freq': 2, 'min_child_samples': 128}. Best is trial 790 with value: 0.8225378298635823.
[I 2025-04-07 04:34:14,153] Trial 1137 finished with value: 0.8207770871664021 and parameters: {'lambda_l1': 1.500094745149236e-05, 'lambda_l2': 1.902273755473456, 'num_leaves': 49, 'feature_fraction': 0.5506188091327627, 'bagging_fraction': 0.8078861532600271, 'bagging_freq': 4, 'min_child_samples': 119}. Best is trial 790 with value: 0.8225378298635823.
[I 2025-04-07 04:34:15,997] Trial 1138 finished with value: 0.8202319786455231 and parameters: {'lambda_l1': 1.7408881903798709e-09, 'lambda_l2': 0.749906939469381, 'num_leaves': 35, 'feature_fraction': 0.561550333238273, 'bagging_fraction': 0.8598021270758143, 'bagging_freq': 2, 'min_child_samples': 123}. Best is trial 790 with value: 0.8225378298635823.
[I 2025-04-07 04:34:17,957] Trial 1139 finished with value: 0.8195612245435901 and parameters: {'lambda_l1': 1.5875121249789217e-05, 'lambda_l2': 4.654919419446779, 'num_leaves': 45, 'feature_fraction': 0.5280508599808563, 'bagging_fraction': 0.8254583715762179, 'bagging_freq': 2, 'min_child_samples': 81}. Best is trial 790 with value: 0.8225378298635823.
[I 2025-04-07 04:34:20,553] Trial 1140 finished with value: 0.8189741170103029 and parameters: {'lambda_l1': 1.6429869408637293e-09, 'lambda_l2': 7.881558674888992, 'num_leaves': 52, 'feature_fraction': 0.61500540228726, 'bagging_fraction': 0.9490989392972473, 'bagging_freq': 2, 'min_child_samples': 125}. Best is trial 790 with value: 0.8225378298635823.
[I 2025-04-07 04:34:22,259] Trial 1141 finished with value: 0.8212799506555537 and parameters: {'lambda_l1': 0.00016082525294133348, 'lambda_l2': 0.010228757474829596, 'num_leaves': 38, 'feature_fraction': 0.5558249865016455, 'bagging_fraction': 0.8478586144798873, 'bagging_freq': 3, 'min_child_samples': 121}. Best is trial 790 with value: 0.8225378298635823.
[I 2025-04-07 04:34:23,787] Trial 1142 finished with value: 0.8209866604810381 and parameters: {'lambda_l1': 4.1311578320854264e-05, 'lambda_l2': 2.9668899171148846, 'num_leaves': 31, 'feature_fraction': 0.6241352513245849, 'bagging_fraction': 0.8334844629048218, 'bagging_freq': 2, 'min_child_samples': 68}. Best is trial 790 with value: 0.8225378298635823.
[I 2025-04-07 04:34:25,785] Trial 1143 finished with value: 0.8196451698499809 and parameters: {'lambda_l1': 7.40856699538833e-06, 'lambda_l2': 1.4867139605620248, 'num_leaves': 41, 'feature_fraction': 0.49023623794272697, 'bagging_fraction': 0.8137879966285672, 'bagging_freq': 2, 'min_child_samples': 126}. Best is trial 790 with value: 0.8225378298635823.
[I 2025-04-07 04:34:27,578] Trial 1144 finished with value: 0.8200644219161038 and parameters: {'lambda_l1': 2.8476592043538364e-09, 'lambda_l2': 0.5037257420761897, 'num_leaves': 34, 'feature_fraction': 0.5634870949685841, 'bagging_fraction': 0.844387942568124, 'bagging_freq': 1, 'min_child_samples': 122}. Best is trial 790 with value: 0.8225378298635823.
[I 2025-04-07 04:34:29,254] Trial 1145 finished with value: 0.819477454965285 and parameters: {'lambda_l1': 0.00035447619986830685, 'lambda_l2': 0.06358775673845636, 'num_leaves': 37, 'feature_fraction': 0.5393147427799603, 'bagging_fraction': 0.8609884447454115, 'bagging_freq': 3, 'min_child_samples': 100}. Best is trial 790 with value: 0.8225378298635823.
[I 2025-04-07 04:34:31,621] Trial 1146 finished with value: 0.8198965313033224 and parameters: {'lambda_l1': 1.0283852435230403e-09, 'lambda_l2': 4.975217116225353, 'num_leaves': 43, 'feature_fraction': 0.6034864513885667, 'bagging_fraction': 0.8287819789478061, 'bagging_freq': 2, 'min_child_samples': 118}. Best is trial 790 with value: 0.8225378298635823.
[I 2025-04-07 04:34:33,768] Trial 1147 finished with value: 0.8195193133952248 and parameters: {'lambda_l1': 7.942548337697867e-06, 'lambda_l2': 2.3785375495884136, 'num_leaves': 47, 'feature_fraction': 0.5651724348240349, 'bagging_fraction': 0.8424122563119407, 'bagging_freq': 2, 'min_child_samples': 128}. Best is trial 790 with value: 0.8225378298635823.
[I 2025-04-07 04:34:35,306] Trial 1148 finished with value: 0.819309740080589 and parameters: {'lambda_l1': 1.4457547540389186e-09, 'lambda_l2': 1.0517148799699645, 'num_leaves': 29, 'feature_fraction': 0.6339598533317978, 'bagging_fraction': 0.8574429664646666, 'bagging_freq': 1, 'min_child_samples': 124}. Best is trial 790 with value: 0.8225378298635823.
[I 2025-04-07 04:34:37,073] Trial 1149 finished with value: 0.82090280303869 and parameters: {'lambda_l1': 3.2783912639721036e-09, 'lambda_l2': 9.745073496076047, 'num_leaves': 40, 'feature_fraction': 0.5451420488808107, 'bagging_fraction': 0.8175998002896897, 'bagging_freq': 2, 'min_child_samples': 120}. Best is trial 790 with value: 0.8225378298635823.
[I 2025-04-07 04:34:38,730] Trial 1150 finished with value: 0.8205675138517664 and parameters: {'lambda_l1': 2.0976969586920016e-05, 'lambda_l2': 3.6304798700123566, 'num_leaves': 33, 'feature_fraction': 0.6005167933464863, 'bagging_fraction': 0.8333245306135006, 'bagging_freq': 3, 'min_child_samples': 125}. Best is trial 790 with value: 0.8225378298635823.
[I 2025-04-07 04:34:41,302] Trial 1151 finished with value: 0.8203160645343821 and parameters: {'lambda_l1': 5.6354968311372805e-05, 'lambda_l2': 0.32425200359825107, 'num_leaves': 56, 'feature_fraction': 0.5161067927886335, 'bagging_fraction': 0.8067067712681456, 'bagging_freq': 2, 'min_child_samples': 128}. Best is trial 790 with value: 0.8225378298635823.
[I 2025-04-07 04:34:43,052] Trial 1152 finished with value: 0.8201901202155832 and parameters: {'lambda_l1': 2.2477371187452505e-09, 'lambda_l2': 5.3853430283445526e-05, 'num_leaves': 43, 'feature_fraction': 0.5009114063338134, 'bagging_fraction': 0.8514344356347023, 'bagging_freq': 2, 'min_child_samples': 122}. Best is trial 790 with value: 0.8225378298635823.
[I 2025-04-07 04:34:44,621] Trial 1153 finished with value: 0.8204414289504992 and parameters: {'lambda_l1': 1.4587677203149602e-07, 'lambda_l2': 1.5946945197330302, 'num_leaves': 37, 'feature_fraction': 0.6124565189099942, 'bagging_fraction': 0.7780268776755213, 'bagging_freq': 10, 'min_child_samples': 118}. Best is trial 790 with value: 0.8225378298635823.
[I 2025-04-07 04:34:46,290] Trial 1154 finished with value: 0.8201479981935152 and parameters: {'lambda_l1': 0.00010479060698551822, 'lambda_l2': 0.11262372894496304, 'num_leaves': 40, 'feature_fraction': 0.5680918725166396, 'bagging_fraction': 0.8215596040686317, 'bagging_freq': 1, 'min_child_samples': 126}. Best is trial 790 with value: 0.8225378298635823.
[I 2025-04-07 04:34:48,435] Trial 1155 finished with value: 0.8195611718251646 and parameters: {'lambda_l1': 7.56906898238145e-06, 'lambda_l2': 5.230579100957683, 'num_leaves': 47, 'feature_fraction': 0.5522078817334994, 'bagging_fraction': 0.9126351990205949, 'bagging_freq': 2, 'min_child_samples': 123}. Best is trial 790 with value: 0.8225378298635823.
[I 2025-04-07 04:34:49,724] Trial 1156 finished with value: 0.8120570202491472 and parameters: {'lambda_l1': 24.334761209990585, 'lambda_l2': 10.770169130953358, 'num_leaves': 35, 'feature_fraction': 0.5311892824558775, 'bagging_fraction': 0.8404764691287107, 'bagging_freq': 2, 'min_child_samples': 126}. Best is trial 790 with value: 0.8225378298635823.
[I 2025-04-07 04:34:52,247] Trial 1157 finished with value: 0.8209445384589701 and parameters: {'lambda_l1': 1.7602793264073004e-09, 'lambda_l2': 2.4089983422457864, 'num_leaves': 45, 'feature_fraction': 0.592731647591215, 'bagging_fraction': 0.86703307447096, 'bagging_freq': 1, 'min_child_samples': 120}. Best is trial 790 with value: 0.8225378298635823.
[I 2025-04-07 04:34:53,594] Trial 1158 finished with value: 0.8205255324121667 and parameters: {'lambda_l1': 1.5055822413747432e-05, 'lambda_l2': 0.7381003113167174, 'num_leaves': 27, 'feature_fraction': 0.6050237020791998, 'bagging_fraction': 0.8300683386870821, 'bagging_freq': 3, 'min_child_samples': 123}. Best is trial 790 with value: 0.8225378298635823.
