[I 2025-04-07 04:52:55,872] Trial 1708 finished with value: 0.8215317865747258 and parameters: {'lambda_l1': 1.0786579842894408, 'lambda_l2': 6.038478981585588, 'num_leaves': 28, 'feature_fraction': 0.5616046105676556, 'bagging_fraction': 0.8505555078420544, 'bagging_freq': 2, 'min_child_samples': 126}. Best is trial 790 with value: 0.8225378298635823.
[I 2025-04-07 04:52:57,517] Trial 1709 finished with value: 0.8199806523377985 and parameters: {'lambda_l1': 0.10949959934250551, 'lambda_l2': 1.7935218315705574, 'num_leaves': 36, 'feature_fraction': 0.5148662799823762, 'bagging_fraction': 0.9013080332466152, 'bagging_freq': 2, 'min_child_samples': 119}. Best is trial 790 with value: 0.8225378298635823.
[I 2025-04-07 04:52:59,065] Trial 1710 finished with value: 0.8201480333391323 and parameters: {'lambda_l1': 0.0775237033890661, 'lambda_l2': 12.755711583938588, 'num_leaves': 32, 'feature_fraction': 0.5615275465364122, 'bagging_fraction': 0.8488620716267063, 'bagging_freq': 1, 'min_child_samples': 124}. Best is trial 790 with value: 0.8225378298635823.
[I 2025-04-07 04:53:01,194] Trial 1711 finished with value: 0.8200641934695929 and parameters: {'lambda_l1': 7.719638189189645, 'lambda_l2': 1.1965639037683191, 'num_leaves': 46, 'feature_fraction': 0.5523049238726108, 'bagging_fraction': 0.8632702257615165, 'bagging_freq': 2, 'min_child_samples': 128}. Best is trial 790 with value: 0.8225378298635823.
[I 2025-04-07 04:53:03,517] Trial 1712 finished with value: 0.8210703421953006 and parameters: {'lambda_l1': 0.01451805891915163, 'lambda_l2': 3.81987153401978, 'num_leaves': 36, 'feature_fraction': 0.5389170309831534, 'bagging_fraction': 0.8872695054481834, 'bagging_freq': 1, 'min_child_samples': 122}. Best is trial 790 with value: 0.8225378298635823.
[I 2025-04-07 04:53:04,559] Trial 1713 finished with value: 0.816962329170335 and parameters: {'lambda_l1': 0.0006240333891480457, 'lambda_l2': 0.0009637303616087021, 'num_leaves': 14, 'feature_fraction': 0.5238827111207827, 'bagging_fraction': 0.8737980945199748, 'bagging_freq': 3, 'min_child_samples': 37}. Best is trial 790 with value: 0.8225378298635823.
[I 2025-04-07 04:53:06,216] Trial 1714 finished with value: 0.8216574848742051 and parameters: {'lambda_l1': 2.5784824604690478e-05, 'lambda_l2': 7.338318204310721, 'num_leaves': 34, 'feature_fraction': 0.5597890700655388, 'bagging_fraction': 0.8511831110487593, 'bagging_freq': 2, 'min_child_samples': 126}. Best is trial 790 with value: 0.8225378298635823.
[I 2025-04-07 04:53:08,295] Trial 1715 finished with value: 0.8201479103294727 and parameters: {'lambda_l1': 4.617393463126094, 'lambda_l2': 2.850602639511891, 'num_leaves': 43, 'feature_fraction': 0.4999858491577903, 'bagging_fraction': 0.8611146285690676, 'bagging_freq': 2, 'min_child_samples': 124}. Best is trial 790 with value: 0.8225378298635823.
[I 2025-04-07 04:53:09,954] Trial 1716 finished with value: 0.8201899620603064 and parameters: {'lambda_l1': 1.9853766562623154, 'lambda_l2': 0.6252952932170864, 'num_leaves': 30, 'feature_fraction': 0.5663603374601467, 'bagging_fraction': 0.9628236561552633, 'bagging_freq': 3, 'min_child_samples': 119}. Best is trial 790 with value: 0.8225378298635823.
[I 2025-04-07 04:53:11,352] Trial 1717 finished with value: 0.8207351584452282 and parameters: {'lambda_l1': 0.12884142135782028, 'lambda_l2': 4.988772299252604, 'num_leaves': 26, 'feature_fraction': 0.5498536836408953, 'bagging_fraction': 0.8457238822275983, 'bagging_freq': 2, 'min_child_samples': 122}. Best is trial 790 with value: 0.8225378298635823.
[I 2025-04-07 04:53:13,273] Trial 1718 finished with value: 0.8212383030993162 and parameters: {'lambda_l1': 0.0014259569360845993, 'lambda_l2': 0.20852273858101206, 'num_leaves': 37, 'feature_fraction': 0.5339035178174133, 'bagging_fraction': 0.8803629975089042, 'bagging_freq': 1, 'min_child_samples': 128}. Best is trial 790 with value: 0.8225378298635823.
[I 2025-04-07 04:53:14,590] Trial 1719 finished with value: 0.8016183326567802 and parameters: {'lambda_l1': 65.13310945012282, 'lambda_l2': 2.110145844640232, 'num_leaves': 33, 'feature_fraction': 0.565589537013486, 'bagging_fraction': 0.8467685044483257, 'bagging_freq': 2, 'min_child_samples': 125}. Best is trial 790 with value: 0.8225378298635823.
[I 2025-04-07 04:53:16,560] Trial 1720 finished with value: 0.8197289394282862 and parameters: {'lambda_l1': 1.2023216140899077e-07, 'lambda_l2': 1.2124856245646576, 'num_leaves': 45, 'feature_fraction': 0.5455998994384572, 'bagging_fraction': 0.8639834989541032, 'bagging_freq': 2, 'min_child_samples': 121}. Best is trial 790 with value: 0.8225378298635823.
[I 2025-04-07 04:53:18,362] Trial 1721 finished with value: 0.8191419197590417 and parameters: {'lambda_l1': 0.004600668032580259, 'lambda_l2': 0.08933035268380629, 'num_leaves': 42, 'feature_fraction': 0.5513004886281708, 'bagging_fraction': 0.8572701692924979, 'bagging_freq': 1, 'min_child_samples': 125}. Best is trial 790 with value: 0.8225378298635823.
[I 2025-04-07 04:53:20,228] Trial 1722 finished with value: 0.8209444505949275 and parameters: {'lambda_l1': 0.4900733153247955, 'lambda_l2': 15.078802495774134, 'num_leaves': 37, 'feature_fraction': 0.5644250645572614, 'bagging_fraction': 0.8439205348599312, 'bagging_freq': 2, 'min_child_samples': 128}. Best is trial 790 with value: 0.8225378298635823.
[I 2025-04-07 04:53:22,248] Trial 1723 finished with value: 0.8198545147181058 and parameters: {'lambda_l1': 0.00025405888890337423, 'lambda_l2': 8.539876407765986, 'num_leaves': 47, 'feature_fraction': 0.5693043845214432, 'bagging_fraction': 0.8709368130646675, 'bagging_freq': 3, 'min_child_samples': 123}. Best is trial 790 with value: 0.8225378298635823.
[I 2025-04-07 04:53:24,380] Trial 1724 finished with value: 0.8205254269753155 and parameters: {'lambda_l1': 0.0005269453194997985, 'lambda_l2': 4.261262240006262e-05, 'num_leaves': 40, 'feature_fraction': 0.5287247824597237, 'bagging_fraction': 0.8895641239485157, 'bagging_freq': 2, 'min_child_samples': 120}. Best is trial 790 with value: 0.8225378298635823.
[I 2025-04-07 04:53:26,034] Trial 1725 finished with value: 0.8206934405977566 and parameters: {'lambda_l1': 2.402932163856235e-05, 'lambda_l2': 0.44713308156537235, 'num_leaves': 35, 'feature_fraction': 0.4694869484461771, 'bagging_fraction': 0.8444619433645029, 'bagging_freq': 6, 'min_child_samples': 126}. Best is trial 790 with value: 0.8225378298635823.
[I 2025-04-07 04:53:28,078] Trial 1726 finished with value: 0.8203995178021337 and parameters: {'lambda_l1': 2.0774530891582128e-07, 'lambda_l2': 3.7034694454297368, 'num_leaves': 44, 'feature_fraction': 0.5614154776945113, 'bagging_fraction': 0.8590449913537062, 'bagging_freq': 1, 'min_child_samples': 123}. Best is trial 790 with value: 0.8225378298635823.
[I 2025-04-07 04:53:29,717] Trial 1727 finished with value: 0.8206511428476034 and parameters: {'lambda_l1': 0.27819847082383126, 'lambda_l2': 2.2462429301286413, 'num_leaves': 32, 'feature_fraction': 0.5462407161266785, 'bagging_fraction': 0.8754739533962437, 'bagging_freq': 3, 'min_child_samples': 118}. Best is trial 790 with value: 0.8225378298635823.
[I 2025-04-07 04:53:31,379] Trial 1728 finished with value: 0.8209026448834132 and parameters: {'lambda_l1': 6.41702703298687e-08, 'lambda_l2': 5.9531713014554, 'num_leaves': 38, 'feature_fraction': 0.5693108189795031, 'bagging_fraction': 0.6486660311709734, 'bagging_freq': 2, 'min_child_samples': 126}. Best is trial 790 with value: 0.8225378298635823.
[I 2025-04-07 04:53:35,124] Trial 1729 finished with value: 0.817926004417804 and parameters: {'lambda_l1': 0.01110747203092947, 'lambda_l2': 0.9366544416778482, 'num_leaves': 99, 'feature_fraction': 0.5391578294935531, 'bagging_fraction': 0.9048872897083026, 'bagging_freq': 2, 'min_child_samples': 121}. Best is trial 790 with value: 0.8225378298635823.
[I 2025-04-07 04:53:37,115] Trial 1730 finished with value: 0.8206931770056286 and parameters: {'lambda_l1': 0.0002903010125191599, 'lambda_l2': 12.14150085586412, 'num_leaves': 41, 'feature_fraction': 0.5532580513275196, 'bagging_fraction': 0.849565611720961, 'bagging_freq': 2, 'min_child_samples': 128}. Best is trial 790 with value: 0.8225378298635823.
[I 2025-04-07 04:53:38,892] Trial 1731 finished with value: 0.8200643164792526 and parameters: {'lambda_l1': 2.132258355084644e-05, 'lambda_l2': 3.4646498393243745, 'num_leaves': 35, 'feature_fraction': 0.6824606537185716, 'bagging_fraction': 0.8431477597054626, 'bagging_freq': 1, 'min_child_samples': 124}. Best is trial 790 with value: 0.8225378298635823.
[I 2025-04-07 04:53:40,724] Trial 1732 finished with value: 0.8192678289322235 and parameters: {'lambda_l1': 0.0010430800583802662, 'lambda_l2': 0.002564522174863497, 'num_leaves': 39, 'feature_fraction': 0.5695929687176302, 'bagging_fraction': 0.8596697998869677, 'bagging_freq': 7, 'min_child_samples': 125}. Best is trial 790 with value: 0.8225378298635823.
[I 2025-04-07 04:53:42,351] Trial 1733 finished with value: 0.8211544983753939 and parameters: {'lambda_l1': 3.814548910328551e-05, 'lambda_l2': 1.4517548149515038, 'num_leaves': 30, 'feature_fraction': 0.5594966990823123, 'bagging_fraction': 0.8765866162916803, 'bagging_freq': 2, 'min_child_samples': 119}. Best is trial 790 with value: 0.8225378298635823.
[I 2025-04-07 04:53:44,533] Trial 1734 finished with value: 0.8196868349790268 and parameters: {'lambda_l1': 2.1697600315669505e-05, 'lambda_l2': 5.628481160390594, 'num_leaves': 44, 'feature_fraction': 0.5727738537104525, 'bagging_fraction': 0.8548559174743271, 'bagging_freq': 1, 'min_child_samples': 122}. Best is trial 790 with value: 0.8225378298635823.
[I 2025-04-07 04:53:50,984] Trial 1735 finished with value: 0.8203997111030276 and parameters: {'lambda_l1': 5.788353534539002, 'lambda_l2': 6.911449059817525e-08, 'num_leaves': 47, 'feature_fraction': 0.5240992137413962, 'bagging_fraction': 0.8442333033876024, 'bagging_freq': 3, 'min_child_samples': 128}. Best is trial 790 with value: 0.8225378298635823.
[I 2025-04-07 04:53:52,396] Trial 1736 finished with value: 0.8121409831283465 and parameters: {'lambda_l1': 26.879632077344503, 'lambda_l2': 0.0005154203150306342, 'num_leaves': 33, 'feature_fraction': 0.5155059447218384, 'bagging_fraction': 0.8678286355940698, 'bagging_freq': 2, 'min_child_samples': 125}. Best is trial 790 with value: 0.8225378298635823.
[I 2025-04-07 04:53:54,249] Trial 1737 finished with value: 0.8207771223120194 and parameters: {'lambda_l1': 5.92373920510725e-07, 'lambda_l2': 2.98874019409246, 'num_leaves': 42, 'feature_fraction': 0.5406685628488863, 'bagging_fraction': 0.8408946226842253, 'bagging_freq': 2, 'min_child_samples': 123}. Best is trial 790 with value: 0.8225378298635823.
[I 2025-04-07 04:53:56,346] Trial 1738 finished with value: 0.8205253215384642 and parameters: {'lambda_l1': 0.00018590758642410987, 'lambda_l2': 0.2996790785601522, 'num_leaves': 37, 'feature_fraction': 0.5568994648468136, 'bagging_fraction': 0.8958841672876744, 'bagging_freq': 1, 'min_child_samples': 120}. Best is trial 790 with value: 0.8225378298635823.
[I 2025-04-07 04:53:57,827] Trial 1739 finished with value: 0.8170041348818492 and parameters: {'lambda_l1': 2.848915173654918e-05, 'lambda_l2': 18.724737794419944, 'num_leaves': 39, 'feature_fraction': 0.48592250376373314, 'bagging_fraction': 0.4418736486630642, 'bagging_freq': 2, 'min_child_samples': 126}. Best is trial 790 with value: 0.8225378298635823.
[I 2025-04-07 04:53:59,277] Trial 1740 finished with value: 0.8215315581282148 and parameters: {'lambda_l1': 2.4835368327124437e-08, 'lambda_l2': 8.96221075426718, 'num_leaves': 28, 'feature_fraction': 0.5713477971477019, 'bagging_fraction': 0.8576126673416317, 'bagging_freq': 3, 'min_child_samples': 123}. Best is trial 790 with value: 0.8225378298635823.
[I 2025-04-07 04:54:00,657] Trial 1741 finished with value: 0.8208188928779163 and parameters: {'lambda_l1': 3.443634525627121e-07, 'lambda_l2': 1.8366937702984034, 'num_leaves': 24, 'feature_fraction': 0.5735347853392352, 'bagging_fraction': 0.9144740142080379, 'bagging_freq': 2, 'min_child_samples': 118}. Best is trial 790 with value: 0.8225378298635823.
[I 2025-04-07 04:54:02,542] Trial 1742 finished with value: 0.8214478236955264 and parameters: {'lambda_l1': 1.7242456042772524e-05, 'lambda_l2': 0.8011538490459592, 'num_leaves': 35, 'feature_fraction': 0.5508946889258206, 'bagging_fraction': 0.8824957920964398, 'bagging_freq': 2, 'min_child_samples': 128}. Best is trial 790 with value: 0.8225378298635823.
[I 2025-04-07 04:54:04,396] Trial 1743 finished with value: 0.8210282553188497 and parameters: {'lambda_l1': 0.00029256277912387594, 'lambda_l2': 4.607001104096569, 'num_leaves': 42, 'feature_fraction': 0.5407397184264111, 'bagging_fraction': 0.838256912994693, 'bagging_freq': 1, 'min_child_samples': 125}. Best is trial 790 with value: 0.8225378298635823.
[I 2025-04-07 04:54:06,888] Trial 1744 finished with value: 0.8194355613897282 and parameters: {'lambda_l1': 5.314584026231918e-05, 'lambda_l2': 2.26470985731852, 'num_leaves': 49, 'feature_fraction': 0.5306843280839142, 'bagging_fraction': 0.9308588942007613, 'bagging_freq': 10, 'min_child_samples': 121}. Best is trial 790 with value: 0.8225378298635823.
[I 2025-04-07 04:54:08,566] Trial 1745 finished with value: 0.8205674084149152 and parameters: {'lambda_l1': 0.015251088884061884, 'lambda_l2': 8.091488207381348, 'num_leaves': 37, 'feature_fraction': 0.561756160737768, 'bagging_fraction': 0.8631547700299878, 'bagging_freq': 3, 'min_child_samples': 126}. Best is trial 790 with value: 0.8225378298635823.
[I 2025-04-07 04:54:10,426] Trial 1746 finished with value: 0.8204415343873505 and parameters: {'lambda_l1': 0.00015199742769610462, 'lambda_l2': 4.602639562728848, 'num_leaves': 45, 'feature_fraction': 0.5764724888936044, 'bagging_fraction': 0.8406613553773139, 'bagging_freq': 2, 'min_child_samples': 123}. Best is trial 790 with value: 0.8225378298635823.
[I 2025-04-07 04:54:11,955] Trial 1747 finished with value: 0.8204835509725671 and parameters: {'lambda_l1': 0.22989739103829504, 'lambda_l2': 1.0743448982971804, 'num_leaves': 32, 'feature_fraction': 0.5550964340964344, 'bagging_fraction': 0.8535654651816004, 'bagging_freq': 1, 'min_child_samples': 128}. Best is trial 790 with value: 0.8225378298635823.
[I 2025-04-07 04:54:13,766] Trial 1748 finished with value: 0.8201062452004267 and parameters: {'lambda_l1': 4.231567867208325e-05, 'lambda_l2': 1.6956618378686248, 'num_leaves': 40, 'feature_fraction': 0.5048875770092159, 'bagging_fraction': 0.880841240557074, 'bagging_freq': 2, 'min_child_samples': 119}. Best is trial 790 with value: 0.8225378298635823.
[I 2025-04-07 04:54:15,328] Trial 1749 finished with value: 0.8203159239519138 and parameters: {'lambda_l1': 0.0042642885243174685, 'lambda_l2': 0.5650991103579555, 'num_leaves': 34, 'feature_fraction': 0.5753378422259907, 'bagging_fraction': 0.8693798248083738, 'bagging_freq': 2, 'min_child_samples': 124}. Best is trial 790 with value: 0.8225378298635823.
[I 2025-04-07 04:54:17,932] Trial 1750 finished with value: 0.819519418832076 and parameters: {'lambda_l1': 4.3940065249370105e-08, 'lambda_l2': 3.0479151857367492, 'num_leaves': 43, 'feature_fraction': 0.7245824009310211, 'bagging_fraction': 0.8378708909101974, 'bagging_freq': 2, 'min_child_samples': 121}. Best is trial 790 with value: 0.8225378298635823.
[I 2025-04-07 04:54:19,657] Trial 1751 finished with value: 0.8194773671012422 and parameters: {'lambda_l1': 0.0017204299878901032, 'lambda_l2': 0.0012646457823062127, 'num_leaves': 37, 'feature_fraction': 0.5672011806135391, 'bagging_fraction': 0.8510542092313739, 'bagging_freq': 12, 'min_child_samples': 126}. Best is trial 790 with value: 0.8225378298635823.
[I 2025-04-07 04:54:21,597] Trial 1752 finished with value: 0.8198963555752371 and parameters: {'lambda_l1': 1.487704550298842e-07, 'lambda_l2': 0.003931405108255936, 'num_leaves': 40, 'feature_fraction': 0.5445056394123647, 'bagging_fraction': 0.8366312734050307, 'bagging_freq': 1, 'min_child_samples': 123}. Best is trial 790 with value: 0.8225378298635823.
[I 2025-04-07 04:54:23,694] Trial 1753 finished with value: 0.8211541996376488 and parameters: {'lambda_l1': 2.6886110618511367e-05, 'lambda_l2': 12.648790699261951, 'num_leaves': 46, 'feature_fraction': 0.558587064628384, 'bagging_fraction': 0.8626635168980913, 'bagging_freq': 2, 'min_child_samples': 128}. Best is trial 790 with value: 0.8225378298635823.
[I 2025-04-07 04:54:25,186] Trial 1754 finished with value: 0.8197288339914349 and parameters: {'lambda_l1': 0.00010289285933976107, 'lambda_l2': 6.415245372450476, 'num_leaves': 30, 'feature_fraction': 0.5801254605660052, 'bagging_fraction': 0.8945167184491978, 'bagging_freq': 4, 'min_child_samples': 117}. Best is trial 790 with value: 0.8225378298635823.
[I 2025-04-07 04:54:27,315] Trial 1755 finished with value: 0.8208607864534734 and parameters: {'lambda_l1': 0.0029255764126394283, 'lambda_l2': 0.011761884618701316, 'num_leaves': 36, 'feature_fraction': 0.5366655719894851, 'bagging_fraction': 0.8492966331387994, 'bagging_freq': 3, 'min_child_samples': 125}. Best is trial 790 with value: 0.8225378298635823.
[I 2025-04-07 04:54:29,298] Trial 1756 finished with value: 0.8196871337167719 and parameters: {'lambda_l1': 1.6127320462488265e-05, 'lambda_l2': 3.7300527272617012, 'num_leaves': 43, 'feature_fraction': 0.5205522350576638, 'bagging_fraction': 0.8713587107117123, 'bagging_freq': 3, 'min_child_samples': 121}. Best is trial 790 with value: 0.8225378298635823.
[I 2025-04-07 04:54:30,854] Trial 1757 finished with value: 0.8193934569404686 and parameters: {'lambda_l1': 1.3897960106689681e-08, 'lambda_l2': 1.413684833364409, 'num_leaves': 33, 'feature_fraction': 0.5657837614266386, 'bagging_fraction': 0.832020356467418, 'bagging_freq': 2, 'min_child_samples': 123}. Best is trial 790 with value: 0.8225378298635823.
[I 2025-04-07 04:54:33,159] Trial 1758 finished with value: 0.8200643516248698 and parameters: {'lambda_l1': 0.0006977094064598466, 'lambda_l2': 7.25682364871587, 'num_leaves': 49, 'feature_fraction': 0.5765693223267871, 'bagging_fraction': 0.9760367626231241, 'bagging_freq': 1, 'min_child_samples': 119}. Best is trial 790 with value: 0.8225378298635823.
[I 2025-04-07 04:54:35,052] Trial 1759 finished with value: 0.819225724482964 and parameters: {'lambda_l1': 0.007884643652199895, 'lambda_l2': 0.00667718622137218, 'num_leaves': 39, 'feature_fraction': 0.5540792311528645, 'bagging_fraction': 0.8488578132835118, 'bagging_freq': 2, 'min_child_samples': 126}. Best is trial 790 with value: 0.8225378298635823.
[I 2025-04-07 04:54:36,842] Trial 1760 finished with value: 0.8193514227824433 and parameters: {'lambda_l1': 0.1435769650655904, 'lambda_l2': 0.35564170709200904, 'num_leaves': 41, 'feature_fraction': 0.5793242518371515, 'bagging_fraction': 0.9430529300191178, 'bagging_freq': 2, 'min_child_samples': 128}. Best is trial 790 with value: 0.8225378298635823.
[I 2025-04-07 04:54:38,939] Trial 1761 finished with value: 0.8205253039656556 and parameters: {'lambda_l1': 1.4884451691126874e-05, 'lambda_l2': 17.23936128274322, 'num_leaves': 36, 'feature_fraction': 0.548938248683111, 'bagging_fraction': 0.858735521101556, 'bagging_freq': 1, 'min_child_samples': 78}. Best is trial 790 with value: 0.8225378298635823.
[I 2025-04-07 04:54:39,503] Trial 1762 finished with value: 0.7633833455464353 and parameters: {'lambda_l1': 2.982763443958397e-05, 'lambda_l2': 2.423086618466903, 'num_leaves': 2, 'feature_fraction': 0.5644463576486085, 'bagging_fraction': 0.8367790110580269, 'bagging_freq': 5, 'min_child_samples': 122}. Best is trial 790 with value: 0.8225378298635823.
[I 2025-04-07 04:54:41,336] Trial 1763 finished with value: 0.820148314504069 and parameters: {'lambda_l1': 5.0641756186170266e-05, 'lambda_l2': 0.9156927953970988, 'num_leaves': 46, 'feature_fraction': 0.5340028656460475, 'bagging_fraction': 0.8770334595542981, 'bagging_freq': 2, 'min_child_samples': 125}. Best is trial 790 with value: 0.8225378298635823.
[I 2025-04-07 04:54:42,847] Trial 1764 finished with value: 0.821363790525093 and parameters: {'lambda_l1': 1.0231663722077874e-05, 'lambda_l2': 4.909733680492484, 'num_leaves': 31, 'feature_fraction': 0.5828252804444158, 'bagging_fraction': 0.8471288516655137, 'bagging_freq': 2, 'min_child_samples': 120}. Best is trial 790 with value: 0.8225378298635823.
[I 2025-04-07 04:54:44,644] Trial 1765 finished with value: 0.818597215412759 and parameters: {'lambda_l1': 4.3000861359202115e-07, 'lambda_l2': 0.042432043656189876, 'num_leaves': 39, 'feature_fraction': 0.7743254046220847, 'bagging_fraction': 0.830473209310255, 'bagging_freq': 3, 'min_child_samples': 124}. Best is trial 790 with value: 0.8225378298635823.
[I 2025-04-07 04:54:46,335] Trial 1766 finished with value: 0.8179262504371236 and parameters: {'lambda_l1': 0.0002779908854235846, 'lambda_l2': 11.059580956130857, 'num_leaves': 44, 'feature_fraction': 0.5695093350512397, 'bagging_fraction': 0.40929084035245145, 'bagging_freq': 1, 'min_child_samples': 128}. Best is trial 790 with value: 0.8225378298635823.
[I 2025-04-07 04:54:48,219] Trial 1767 finished with value: 0.8203158888062967 and parameters: {'lambda_l1': 0.00014860971051589573, 'lambda_l2': 1.9690098417441493, 'num_leaves': 28, 'feature_fraction': 0.5461052510439822, 'bagging_fraction': 0.8893368910858737, 'bagging_freq': 2, 'min_child_samples': 117}. Best is trial 790 with value: 0.8225378298635823.
[I 2025-04-07 04:54:51,098] Trial 1768 finished with value: 0.8199801954447766 and parameters: {'lambda_l1': 7.070226168214926e-05, 'lambda_l2': 3.080203307331045, 'num_leaves': 95, 'feature_fraction': 0.5835566594761187, 'bagging_fraction': 0.855997166930178, 'bagging_freq': 15, 'min_child_samples': 122}. Best is trial 790 with value: 0.8225378298635823.
