[I 2025-04-07 04:09:30,240] Trial 366 finished with value: 0.8202737492114203 and parameters: {'lambda_l1': 0.0003745414991767702, 'lambda_l2': 5.562467200630889e-09, 'num_leaves': 48, 'feature_fraction': 0.587451730195797, 'bagging_fraction': 0.820683826576342, 'bagging_freq': 1, 'min_child_samples': 122}. Best is trial 241 with value: 0.8223281511120952.
[I 2025-04-07 04:09:32,379] Trial 367 finished with value: 0.8198128320162514 and parameters: {'lambda_l1': 1.0690073608023662e-05, 'lambda_l2': 5.978820226899649, 'num_leaves': 44, 'feature_fraction': 0.5551574742277455, 'bagging_fraction': 0.8410192117181505, 'bagging_freq': 3, 'min_child_samples': 45}. Best is trial 241 with value: 0.8223281511120952.
[I 2025-04-07 04:09:33,959] Trial 368 finished with value: 0.8210286594934463 and parameters: {'lambda_l1': 9.668785640338502e-05, 'lambda_l2': 0.6531939638585692, 'num_leaves': 39, 'feature_fraction': 0.5973581625773986, 'bagging_fraction': 0.7964888665508529, 'bagging_freq': 2, 'min_child_samples': 128}. Best is trial 241 with value: 0.8223281511120952.
[I 2025-04-07 04:09:35,897] Trial 369 finished with value: 0.820860645871005 and parameters: {'lambda_l1': 6.839296606674936e-06, 'lambda_l2': 2.4075481676553236, 'num_leaves': 50, 'feature_fraction': 0.6451084879065742, 'bagging_fraction': 0.702320911200463, 'bagging_freq': 1, 'min_child_samples': 116}. Best is trial 241 with value: 0.8223281511120952.
[I 2025-04-07 04:09:38,547] Trial 370 finished with value: 0.8195190849487138 and parameters: {'lambda_l1': 1.4731525806209347e-05, 'lambda_l2': 8.543371551828846, 'num_leaves': 99, 'feature_fraction': 0.6270570810824608, 'bagging_fraction': 0.8091366899930095, 'bagging_freq': 2, 'min_child_samples': 125}. Best is trial 241 with value: 0.8223281511120952.
[I 2025-04-07 04:09:40,571] Trial 371 finished with value: 0.8207768938655082 and parameters: {'lambda_l1': 9.444994048953106e-07, 'lambda_l2': 1.3137692719377823, 'num_leaves': 37, 'feature_fraction': 0.577740391747512, 'bagging_fraction': 0.8317770363585956, 'bagging_freq': 1, 'min_child_samples': 120}. Best is trial 241 with value: 0.8223281511120952.
[I 2025-04-07 04:09:42,393] Trial 372 finished with value: 0.8216993608769535 and parameters: {'lambda_l1': 2.5588956015927403e-06, 'lambda_l2': 4.0220677312539275, 'num_leaves': 46, 'feature_fraction': 0.542069049856187, 'bagging_fraction': 0.8469351381514173, 'bagging_freq': 2, 'min_child_samples': 123}. Best is trial 241 with value: 0.8223281511120952.
[I 2025-04-07 04:09:44,269] Trial 373 finished with value: 0.820022299894036 and parameters: {'lambda_l1': 1.8390082004217993e-06, 'lambda_l2': 4.5198991258121834, 'num_leaves': 50, 'feature_fraction': 0.5305425576579433, 'bagging_fraction': 0.8686140900091799, 'bagging_freq': 2, 'min_child_samples': 122}. Best is trial 241 with value: 0.8223281511120952.
[I 2025-04-07 04:09:48,735] Trial 374 finished with value: 0.8196030829735301 and parameters: {'lambda_l1': 2.029812636167002e-06, 'lambda_l2': 9.67231001978498, 'num_leaves': 47, 'feature_fraction': 0.5539249074122755, 'bagging_fraction': 0.8548601882861158, 'bagging_freq': 3, 'min_child_samples': 118}. Best is trial 241 with value: 0.8223281511120952.
[I 2025-04-07 04:09:53,197] Trial 375 finished with value: 0.8209026976018388 and parameters: {'lambda_l1': 3.651232668290364e-06, 'lambda_l2': 3.4322237333619086, 'num_leaves': 42, 'feature_fraction': 0.5422762009503687, 'bagging_fraction': 0.8424776161048083, 'bagging_freq': 2, 'min_child_samples': 126}. Best is trial 241 with value: 0.8223281511120952.
[I 2025-04-07 04:09:53,928] Trial 376 finished with value: 0.8091643778083546 and parameters: {'lambda_l1': 5.016081169815174e-06, 'lambda_l2': 6.0016884264645185, 'num_leaves': 6, 'feature_fraction': 0.5414435808799649, 'bagging_fraction': 0.8582443339903637, 'bagging_freq': 2, 'min_child_samples': 123}. Best is trial 241 with value: 0.8223281511120952.
[I 2025-04-07 04:09:56,119] Trial 377 finished with value: 0.8211544456569684 and parameters: {'lambda_l1': 2.9159033547365193e-06, 'lambda_l2': 13.79391129322594, 'num_leaves': 45, 'feature_fraction': 0.5718562019603247, 'bagging_fraction': 0.8494067355957182, 'bagging_freq': 1, 'min_child_samples': 128}. Best is trial 241 with value: 0.8223281511120952.
[I 2025-04-07 04:09:58,350] Trial 378 finished with value: 0.8189743806024309 and parameters: {'lambda_l1': 1.2386557523627468e-06, 'lambda_l2': 2.2969135272029337, 'num_leaves': 56, 'feature_fraction': 0.5609995320314345, 'bagging_fraction': 0.8336000702270467, 'bagging_freq': 3, 'min_child_samples': 12}. Best is trial 241 with value: 0.8223281511120952.
[I 2025-04-07 04:10:00,195] Trial 379 finished with value: 0.8203157833694454 and parameters: {'lambda_l1': 7.365887571144816e-06, 'lambda_l2': 4.189032420823631, 'num_leaves': 46, 'feature_fraction': 0.5218924866138025, 'bagging_fraction': 0.8697052395272118, 'bagging_freq': 2, 'min_child_samples': 119}. Best is trial 241 with value: 0.8223281511120952.
[I 2025-04-07 04:10:02,627] Trial 380 finished with value: 0.8195192958224162 and parameters: {'lambda_l1': 4.5410235077559626e-06, 'lambda_l2': 0.011302618409185367, 'num_leaves': 43, 'feature_fraction': 0.5417242499716736, 'bagging_fraction': 0.849003953775336, 'bagging_freq': 5, 'min_child_samples': 115}. Best is trial 241 with value: 0.8223281511120952.
[I 2025-04-07 04:10:04,131] Trial 381 finished with value: 0.8211544105113511 and parameters: {'lambda_l1': 2.6214521747152615e-06, 'lambda_l2': 0.9095543643546364, 'num_leaves': 34, 'feature_fraction': 0.5561019070374417, 'bagging_fraction': 0.8290739463535852, 'bagging_freq': 1, 'min_child_samples': 121}. Best is trial 241 with value: 0.8223281511120952.
[I 2025-04-07 04:10:06,331] Trial 382 finished with value: 0.8202318204902461 and parameters: {'lambda_l1': 8.157496735279545e-07, 'lambda_l2': 2.915557422534865, 'num_leaves': 48, 'feature_fraction': 0.9433231469935233, 'bagging_fraction': 0.8395625379855447, 'bagging_freq': 2, 'min_child_samples': 125}. Best is trial 241 with value: 0.8223281511120952.
[I 2025-04-07 04:10:08,028] Trial 383 finished with value: 0.8203997462486446 and parameters: {'lambda_l1': 1.408388420027269e-06, 'lambda_l2': 1.5297113942594631, 'num_leaves': 37, 'feature_fraction': 0.5852205075394915, 'bagging_fraction': 0.8246565815272386, 'bagging_freq': 2, 'min_child_samples': 123}. Best is trial 241 with value: 0.8223281511120952.
[I 2025-04-07 04:10:09,768] Trial 384 finished with value: 0.8207769641567424 and parameters: {'lambda_l1': 1.0767178716849886e-05, 'lambda_l2': 6.738433390897657, 'num_leaves': 43, 'feature_fraction': 0.5653695892111879, 'bagging_fraction': 0.8756290526112924, 'bagging_freq': 1, 'min_child_samples': 126}. Best is trial 241 with value: 0.8223281511120952.
[I 2025-04-07 04:10:11,891] Trial 385 finished with value: 0.8196032411288069 and parameters: {'lambda_l1': 4.599384360835385e-06, 'lambda_l2': 1.0543719162233254e-05, 'num_leaves': 39, 'feature_fraction': 0.7569450460778655, 'bagging_fraction': 0.8557066763497999, 'bagging_freq': 3, 'min_child_samples': 121}. Best is trial 241 with value: 0.8223281511120952.
[I 2025-04-07 04:10:13,416] Trial 386 finished with value: 0.8209028381843071 and parameters: {'lambda_l1': 7.707310151161134e-06, 'lambda_l2': 4.292334837688828e-05, 'num_leaves': 33, 'feature_fraction': 0.5919877041378638, 'bagging_fraction': 0.8400716360541226, 'bagging_freq': 2, 'min_child_samples': 128}. Best is trial 241 with value: 0.8223281511120952.
[I 2025-04-07 04:10:15,243] Trial 387 finished with value: 0.8185548825169885 and parameters: {'lambda_l1': 1.722366808337978e-08, 'lambda_l2': 0.531042973250079, 'num_leaves': 45, 'feature_fraction': 0.5749864273474015, 'bagging_fraction': 0.8177588925557927, 'bagging_freq': 1, 'min_child_samples': 59}. Best is trial 241 with value: 0.8223281511120952.
[I 2025-04-07 04:10:17,473] Trial 388 finished with value: 0.8192258826382408 and parameters: {'lambda_l1': 2.814079700775393e-06, 'lambda_l2': 2.133408803360757, 'num_leaves': 52, 'feature_fraction': 0.5466550271474906, 'bagging_fraction': 0.8623090192992576, 'bagging_freq': 2, 'min_child_samples': 124}. Best is trial 241 with value: 0.8223281511120952.
[I 2025-04-07 04:10:19,209] Trial 389 finished with value: 0.8199808280658839 and parameters: {'lambda_l1': 1.9400965168429144e-05, 'lambda_l2': 4.649185427207939, 'num_leaves': 41, 'feature_fraction': 0.5187090916519402, 'bagging_fraction': 0.8454868593825176, 'bagging_freq': 3, 'min_child_samples': 117}. Best is trial 241 with value: 0.8223281511120952.
[I 2025-04-07 04:10:20,790] Trial 390 finished with value: 0.819854848601468 and parameters: {'lambda_l1': 1.1192992686685356e-05, 'lambda_l2': 1.0151679910863751, 'num_leaves': 37, 'feature_fraction': 0.6155856020273802, 'bagging_fraction': 0.8042853060854269, 'bagging_freq': 2, 'min_child_samples': 119}. Best is trial 241 with value: 0.8223281511120952.
[I 2025-04-07 04:10:23,149] Trial 391 finished with value: 0.8206932472968627 and parameters: {'lambda_l1': 1.8829637606697662e-06, 'lambda_l2': 9.28758182460122, 'num_leaves': 49, 'feature_fraction': 0.5955430860159797, 'bagging_fraction': 0.8291827544091436, 'bagging_freq': 2, 'min_child_samples': 126}. Best is trial 241 with value: 0.8223281511120952.
[I 2025-04-07 04:10:24,685] Trial 392 finished with value: 0.8202737140658032 and parameters: {'lambda_l1': 0.00018566649696674504, 'lambda_l2': 3.1418263030256557, 'num_leaves': 35, 'feature_fraction': 0.5655457434551402, 'bagging_fraction': 0.8171099747362961, 'bagging_freq': 1, 'min_child_samples': 122}. Best is trial 241 with value: 0.8223281511120952.
[I 2025-04-07 04:10:26,274] Trial 393 finished with value: 0.8192257772013896 and parameters: {'lambda_l1': 6.003214178744839e-05, 'lambda_l2': 17.438396003225424, 'num_leaves': 31, 'feature_fraction': 0.532534894145669, 'bagging_fraction': 0.8350027904203022, 'bagging_freq': 2, 'min_child_samples': 114}. Best is trial 241 with value: 0.8223281511120952.
[I 2025-04-07 04:10:27,985] Trial 394 finished with value: 0.8205673908421065 and parameters: {'lambda_l1': 6.619048446763687e-06, 'lambda_l2': 1.4712112338200987, 'num_leaves': 44, 'feature_fraction': 0.5815642981306514, 'bagging_fraction': 0.8479582893784824, 'bagging_freq': 1, 'min_child_samples': 124}. Best is trial 241 with value: 0.8223281511120952.
[I 2025-04-07 04:10:28,770] Trial 395 finished with value: 0.7987675135003102 and parameters: {'lambda_l1': 57.37160425619091, 'lambda_l2': 0.6346359468839397, 'num_leaves': 40, 'feature_fraction': 0.6029906492441528, 'bagging_fraction': 0.5913689199740826, 'bagging_freq': 2, 'min_child_samples': 128}. Best is trial 241 with value: 0.8223281511120952.
[I 2025-04-07 04:10:30,385] Trial 396 finished with value: 0.8212800385195962 and parameters: {'lambda_l1': 4.46252774387261e-06, 'lambda_l2': 5.73445259536764, 'num_leaves': 38, 'feature_fraction': 0.5825573864396099, 'bagging_fraction': 0.8224112113944789, 'bagging_freq': 3, 'min_child_samples': 121}. Best is trial 241 with value: 0.8223281511120952.
[I 2025-04-07 04:10:32,614] Trial 397 finished with value: 0.8214476831130583 and parameters: {'lambda_l1': 1.3170534869377834e-05, 'lambda_l2': 7.052421297816433, 'num_leaves': 34, 'feature_fraction': 0.5885295691818324, 'bagging_fraction': 0.7966030918347917, 'bagging_freq': 3, 'min_child_samples': 123}. Best is trial 241 with value: 0.8223281511120952.
[I 2025-04-07 04:10:34,175] Trial 398 finished with value: 0.8199385654613478 and parameters: {'lambda_l1': 1.7277866366025078e-05, 'lambda_l2': 13.502772766950454, 'num_leaves': 29, 'feature_fraction': 0.5870733976709125, 'bagging_fraction': 0.791114563894381, 'bagging_freq': 3, 'min_child_samples': 126}. Best is trial 241 with value: 0.8223281511120952.
[I 2025-04-07 04:10:36,750] Trial 399 finished with value: 0.8192677937866062 and parameters: {'lambda_l1': 9.131893795171113e-05, 'lambda_l2': 6.669683740096698, 'num_leaves': 66, 'feature_fraction': 0.5980883051496302, 'bagging_fraction': 0.7724877403224665, 'bagging_freq': 4, 'min_child_samples': 123}. Best is trial 241 with value: 0.8223281511120952.
[I 2025-04-07 04:10:38,446] Trial 400 finished with value: 0.8195612596892072 and parameters: {'lambda_l1': 1.1670949506991226e-05, 'lambda_l2': 23.365368544223667, 'num_leaves': 33, 'feature_fraction': 0.578606143283851, 'bagging_fraction': 0.8030979740342897, 'bagging_freq': 3, 'min_child_samples': 126}. Best is trial 241 with value: 0.8223281511120952.
[I 2025-04-07 04:10:40,194] Trial 401 finished with value: 0.8204836212638013 and parameters: {'lambda_l1': 3.5861025429250435e-05, 'lambda_l2': 8.77542291724267, 'num_leaves': 38, 'feature_fraction': 0.6097013401140072, 'bagging_fraction': 0.810791927663315, 'bagging_freq': 3, 'min_child_samples': 123}. Best is trial 241 with value: 0.8223281511120952.
[I 2025-04-07 04:10:41,987] Trial 402 finished with value: 0.8198546904461912 and parameters: {'lambda_l1': 2.0098310669944824e-05, 'lambda_l2': 5.786227127295863, 'num_leaves': 47, 'feature_fraction': 0.5896077910166981, 'bagging_fraction': 0.8208938231025401, 'bagging_freq': 3, 'min_child_samples': 128}. Best is trial 241 with value: 0.8223281511120952.
[I 2025-04-07 04:10:44,187] Trial 403 finished with value: 0.8200641056055502 and parameters: {'lambda_l1': 5.078120207222437e-05, 'lambda_l2': 12.14974249608514, 'num_leaves': 37, 'feature_fraction': 0.573762257083587, 'bagging_fraction': 0.7976343512497107, 'bagging_freq': 1, 'min_child_samples': 124}. Best is trial 241 with value: 0.8223281511120952.
[I 2025-04-07 04:10:45,978] Trial 404 finished with value: 0.819100131620336 and parameters: {'lambda_l1': 0.0002313715873909676, 'lambda_l2': 4.754800471604294, 'num_leaves': 32, 'feature_fraction': 0.5307159354059326, 'bagging_fraction': 0.8109734483330768, 'bagging_freq': 4, 'min_child_samples': 2}. Best is trial 241 with value: 0.8223281511120952.
[I 2025-04-07 04:10:48,006] Trial 405 finished with value: 0.819142130632744 and parameters: {'lambda_l1': 2.4288901665773354e-08, 'lambda_l2': 2.543917015809273, 'num_leaves': 43, 'feature_fraction': 0.6092010333798265, 'bagging_fraction': 0.823683138943999, 'bagging_freq': 3, 'min_child_samples': 121}. Best is trial 241 with value: 0.8223281511120952.
[I 2025-04-07 04:10:49,681] Trial 406 finished with value: 0.8193515282192946 and parameters: {'lambda_l1': 5.003598842721241e-06, 'lambda_l2': 7.432161157582601, 'num_leaves': 35, 'feature_fraction': 0.6234572914061743, 'bagging_fraction': 0.791248773519542, 'bagging_freq': 2, 'min_child_samples': 126}. Best is trial 241 with value: 0.8223281511120952.
[I 2025-04-07 04:10:51,430] Trial 407 finished with value: 0.820735088153994 and parameters: {'lambda_l1': 1.2032919283508048e-05, 'lambda_l2': 4.02450673327746, 'num_leaves': 39, 'feature_fraction': 0.596302720921178, 'bagging_fraction': 0.822095685913172, 'bagging_freq': 1, 'min_child_samples': 118}. Best is trial 241 with value: 0.8223281511120952.
[I 2025-04-07 04:10:53,964] Trial 408 finished with value: 0.821028518910978 and parameters: {'lambda_l1': 1.1950080839789249e-06, 'lambda_l2': 1.7884942350169561, 'num_leaves': 47, 'feature_fraction': 0.5810722251550285, 'bagging_fraction': 0.7226265070182638, 'bagging_freq': 2, 'min_child_samples': 122}. Best is trial 241 with value: 0.8223281511120952.
[I 2025-04-07 04:10:55,772] Trial 409 finished with value: 0.8188482254099296 and parameters: {'lambda_l1': 8.294086701573154e-06, 'lambda_l2': 3.014475730569847, 'num_leaves': 50, 'feature_fraction': 0.55086267615917, 'bagging_fraction': 0.5180848813902225, 'bagging_freq': 3, 'min_child_samples': 125}. Best is trial 241 with value: 0.8223281511120952.
[I 2025-04-07 04:10:57,472] Trial 410 finished with value: 0.8199803887456705 and parameters: {'lambda_l1': 0.00011575916015601284, 'lambda_l2': 23.118856200570733, 'num_leaves': 42, 'feature_fraction': 0.5663084102130326, 'bagging_fraction': 0.8088663739651185, 'bagging_freq': 2, 'min_child_samples': 128}. Best is trial 241 with value: 0.8223281511120952.
[I 2025-04-07 04:10:58,898] Trial 411 finished with value: 0.8193515809377201 and parameters: {'lambda_l1': 1.9594930282940585e-05, 'lambda_l2': 5.415933602343016, 'num_leaves': 27, 'feature_fraction': 0.8178454342329642, 'bagging_fraction': 0.8364590038239276, 'bagging_freq': 1, 'min_child_samples': 121}. Best is trial 241 with value: 0.8223281511120952.
[I 2025-04-07 04:11:00,706] Trial 412 finished with value: 0.8195193485408419 and parameters: {'lambda_l1': 3.375231301576089e-06, 'lambda_l2': 10.199078351731409, 'num_leaves': 45, 'feature_fraction': 0.5883548495096215, 'bagging_fraction': 0.8611305270474938, 'bagging_freq': 4, 'min_child_samples': 124}. Best is trial 241 with value: 0.8223281511120952.
[I 2025-04-07 04:11:02,371] Trial 413 finished with value: 0.8216575551654393 and parameters: {'lambda_l1': 4.1350456382179913e-05, 'lambda_l2': 2.0886439713661504, 'num_leaves': 34, 'feature_fraction': 0.6039062904404915, 'bagging_fraction': 0.8262000884933753, 'bagging_freq': 2, 'min_child_samples': 117}. Best is trial 241 with value: 0.8223281511120952.
[I 2025-04-07 04:11:06,226] Trial 414 finished with value: 0.8179262855827407 and parameters: {'lambda_l1': 7.825899792752063e-05, 'lambda_l2': 2.0729380299914175, 'num_leaves': 128, 'feature_fraction': 0.6321807682728211, 'bagging_fraction': 0.8478690081483575, 'bagging_freq': 2, 'min_child_samples': 116}. Best is trial 241 with value: 0.8223281511120952.
[I 2025-04-07 04:11:07,776] Trial 415 finished with value: 0.8200223174668446 and parameters: {'lambda_l1': 4.524123118924253e-05, 'lambda_l2': 1.322280708046156, 'num_leaves': 37, 'feature_fraction': 0.6065102423609354, 'bagging_fraction': 0.7839603597383688, 'bagging_freq': 1, 'min_child_samples': 118}. Best is trial 241 with value: 0.8223281511120952.
[I 2025-04-07 04:11:09,148] Trial 416 finished with value: 0.819687063425538 and parameters: {'lambda_l1': 5.503059321077997e-09, 'lambda_l2': 0.00019491362365872396, 'num_leaves': 31, 'feature_fraction': 0.6194135090288352, 'bagging_fraction': 0.681026665418739, 'bagging_freq': 3, 'min_child_samples': 114}. Best is trial 241 with value: 0.8223281511120952.
[I 2025-04-07 04:11:10,811] Trial 417 finished with value: 0.8216155912986481 and parameters: {'lambda_l1': 1.933060915188489e-06, 'lambda_l2': 3.844162788255875, 'num_leaves': 40, 'feature_fraction': 0.6032071078037184, 'bagging_fraction': 0.8290898595031959, 'bagging_freq': 2, 'min_child_samples': 119}. Best is trial 241 with value: 0.8223281511120952.
[I 2025-04-07 04:11:12,458] Trial 418 finished with value: 0.8215316459922575 and parameters: {'lambda_l1': 8.350598741177532e-07, 'lambda_l2': 1.63083211120462, 'num_leaves': 41, 'feature_fraction': 0.6069902676592834, 'bagging_fraction': 0.8350376094093703, 'bagging_freq': 2, 'min_child_samples': 117}. Best is trial 241 with value: 0.8223281511120952.
[I 2025-04-07 04:11:14,156] Trial 419 finished with value: 0.8193516512289543 and parameters: {'lambda_l1': 1.436774079295909e-06, 'lambda_l2': 1.029597861447455, 'num_leaves': 40, 'feature_fraction': 0.6303124507972604, 'bagging_fraction': 0.8780510730485129, 'bagging_freq': 2, 'min_child_samples': 114}. Best is trial 241 with value: 0.8223281511120952.
[I 2025-04-07 04:11:16,138] Trial 420 finished with value: 0.819896584021748 and parameters: {'lambda_l1': 9.180006147268921e-07, 'lambda_l2': 5.283495367256185e-07, 'num_leaves': 42, 'feature_fraction': 0.6160961888637762, 'bagging_fraction': 0.858591760883233, 'bagging_freq': 2, 'min_child_samples': 117}. Best is trial 241 with value: 0.8223281511120952.
[I 2025-04-07 04:11:17,715] Trial 421 finished with value: 0.821028712211872 and parameters: {'lambda_l1': 6.503198955981817e-07, 'lambda_l2': 1.8133633278460268, 'num_leaves': 35, 'feature_fraction': 0.6033079087896216, 'bagging_fraction': 0.8384468511379731, 'bagging_freq': 2, 'min_child_samples': 117}. Best is trial 241 with value: 0.8223281511120952.
[I 2025-04-07 04:11:19,405] Trial 422 finished with value: 0.8189322937259801 and parameters: {'lambda_l1': 5.929789013625443e-07, 'lambda_l2': 0.6028882611650189, 'num_leaves': 40, 'feature_fraction': 0.6184700079483364, 'bagging_fraction': 0.8484510112682543, 'bagging_freq': 2, 'min_child_samples': 67}. Best is trial 241 with value: 0.8223281511120952.
[I 2025-04-07 04:11:21,300] Trial 423 finished with value: 0.8193932812123833 and parameters: {'lambda_l1': 1.8045069202225771e-06, 'lambda_l2': 1.3748265600623857, 'num_leaves': 43, 'feature_fraction': 0.6091385858389965, 'bagging_fraction': 0.8348319695008963, 'bagging_freq': 2, 'min_child_samples': 119}. Best is trial 241 with value: 0.8223281511120952.
[I 2025-04-07 04:11:22,927] Trial 424 finished with value: 0.8208188928779163 and parameters: {'lambda_l1': 9.686116104535464e-07, 'lambda_l2': 2.29858784219843, 'num_leaves': 38, 'feature_fraction': 0.5996840677160292, 'bagging_fraction': 0.8636691325830097, 'bagging_freq': 2, 'min_child_samples': 113}. Best is trial 241 with value: 0.8223281511120952.
[I 2025-04-07 04:11:25,641] Trial 425 finished with value: 0.8192675301944782 and parameters: {'lambda_l1': 1.6103650492818301e-06, 'lambda_l2': 0.768756627821171, 'num_leaves': 41, 'feature_fraction': 0.639042926822469, 'bagging_fraction': 0.8331026618191865, 'bagging_freq': 2, 'min_child_samples': 116}. Best is trial 241 with value: 0.8223281511120952.
[I 2025-04-07 04:11:27,082] Trial 426 finished with value: 0.8138596740946928 and parameters: {'lambda_l1': 24.75757998896078, 'lambda_l2': 4.073637380896861, 'num_leaves': 35, 'feature_fraction': 0.6230639240419209, 'bagging_fraction': 0.8460628435119787, 'bagging_freq': 2, 'min_child_samples': 119}. Best is trial 241 with value: 0.8223281511120952.
