[I 2025-04-07 04:48:58,922] Trial 1586 finished with value: 0.8200223174668444 and parameters: {'lambda_l1': 0.00012740734210977373, 'lambda_l2': 0.006562303494592741, 'num_leaves': 47, 'feature_fraction': 0.5852325446957316, 'bagging_fraction': 0.9416759467183762, 'bagging_freq': 2, 'min_child_samples': 120}. Best is trial 790 with value: 0.8225378298635823.
[I 2025-04-07 04:49:00,858] Trial 1587 finished with value: 0.8194354735256851 and parameters: {'lambda_l1': 5.056503891345313e-05, 'lambda_l2': 3.656586386291464, 'num_leaves': 38, 'feature_fraction': 0.6102825675912164, 'bagging_fraction': 0.8557348942902665, 'bagging_freq': 2, 'min_child_samples': 125}. Best is trial 790 with value: 0.8225378298635823.
[I 2025-04-07 04:49:03,157] Trial 1588 finished with value: 0.820735053008377 and parameters: {'lambda_l1': 2.939395363829823e-05, 'lambda_l2': 0.002567579766220617, 'num_leaves': 41, 'feature_fraction': 0.551173776369488, 'bagging_fraction': 0.843436058701305, 'bagging_freq': 3, 'min_child_samples': 122}. Best is trial 790 with value: 0.8225378298635823.
[I 2025-04-07 04:49:05,848] Trial 1589 finished with value: 0.8190582204719705 and parameters: {'lambda_l1': 6.10987222656813e-05, 'lambda_l2': 2.4948528087698723, 'num_leaves': 87, 'feature_fraction': 0.5271685086879475, 'bagging_fraction': 0.8200588784673418, 'bagging_freq': 1, 'min_child_samples': 111}. Best is trial 790 with value: 0.8225378298635823.
[I 2025-04-07 04:49:07,512] Trial 1590 finished with value: 0.8217831656008757 and parameters: {'lambda_l1': 1.5843126453723737e-05, 'lambda_l2': 13.947030088650445, 'num_leaves': 35, 'feature_fraction': 0.5742011221139848, 'bagging_fraction': 0.8322531226210823, 'bagging_freq': 2, 'min_child_samples': 106}. Best is trial 790 with value: 0.8225378298635823.
[I 2025-04-07 04:49:09,107] Trial 1591 finished with value: 0.8203575715081511 and parameters: {'lambda_l1': 1.5928828322630166e-05, 'lambda_l2': 33.74931495465717, 'num_leaves': 32, 'feature_fraction': 0.565432633812305, 'bagging_fraction': 0.8516919714684847, 'bagging_freq': 2, 'min_child_samples': 104}. Best is trial 790 with value: 0.8225378298635823.
[I 2025-04-07 04:49:10,712] Trial 1592 finished with value: 0.8203578351002794 and parameters: {'lambda_l1': 1.1699809324937623e-05, 'lambda_l2': 35.294246540211375, 'num_leaves': 33, 'feature_fraction': 0.5560469056677978, 'bagging_fraction': 0.8736259993952715, 'bagging_freq': 2, 'min_child_samples': 102}. Best is trial 790 with value: 0.8225378298635823.
[I 2025-04-07 04:49:12,883] Trial 1593 finished with value: 0.8206930364231603 and parameters: {'lambda_l1': 1.4407832199720825e-05, 'lambda_l2': 16.35240461330906, 'num_leaves': 34, 'feature_fraction': 0.5713677108906254, 'bagging_fraction': 0.8367640476635652, 'bagging_freq': 1, 'min_child_samples': 117}. Best is trial 790 with value: 0.8225378298635823.
[I 2025-04-07 04:49:14,805] Trial 1594 finished with value: 0.8208608567447074 and parameters: {'lambda_l1': 2.5903370229917483e-05, 'lambda_l2': 21.472652805055613, 'num_leaves': 35, 'feature_fraction': 0.5447514698574599, 'bagging_fraction': 0.8642390148763909, 'bagging_freq': 2, 'min_child_samples': 114}. Best is trial 790 with value: 0.8225378298635823.
[I 2025-04-07 04:49:16,557] Trial 1595 finished with value: 0.8209866429082296 and parameters: {'lambda_l1': 2.023451148423417e-05, 'lambda_l2': 15.085423692983358, 'num_leaves': 33, 'feature_fraction': 0.5654408552168547, 'bagging_fraction': 0.8458666060001506, 'bagging_freq': 3, 'min_child_samples': 114}. Best is trial 790 with value: 0.8225378298635823.
[I 2025-04-07 04:49:18,468] Trial 1596 finished with value: 0.8196449414034699 and parameters: {'lambda_l1': 3.7629146214449465e-05, 'lambda_l2': 35.3852844242914, 'num_leaves': 35, 'feature_fraction': 0.5551932666913164, 'bagging_fraction': 0.8308581128642574, 'bagging_freq': 2, 'min_child_samples': 113}. Best is trial 790 with value: 0.8225378298635823.
[I 2025-04-07 04:49:20,196] Trial 1597 finished with value: 0.8210703949137261 and parameters: {'lambda_l1': 1.484444223810744e-05, 'lambda_l2': 17.250201959942565, 'num_leaves': 37, 'feature_fraction': 0.5746181557164267, 'bagging_fraction': 0.8559767888118204, 'bagging_freq': 6, 'min_child_samples': 114}. Best is trial 790 with value: 0.8225378298635823.
[I 2025-04-07 04:49:21,837] Trial 1598 finished with value: 0.8201899796331149 and parameters: {'lambda_l1': 3.101737390938528e-05, 'lambda_l2': 23.80330002307724, 'num_leaves': 31, 'feature_fraction': 0.5403118138808406, 'bagging_fraction': 0.8373235068997923, 'bagging_freq': 2, 'min_child_samples': 115}. Best is trial 790 with value: 0.8225378298635823.
[I 2025-04-07 04:49:23,193] Trial 1599 finished with value: 0.809961005937852 and parameters: {'lambda_l1': 1.485291246794181e-05, 'lambda_l2': 11.433789369216553, 'num_leaves': 7, 'feature_fraction': 0.5703883700186395, 'bagging_fraction': 0.577961322973988, 'bagging_freq': 1, 'min_child_samples': 109}. Best is trial 790 with value: 0.8225378298635823.
[I 2025-04-07 04:49:25,091] Trial 1600 finished with value: 0.8206931067143944 and parameters: {'lambda_l1': 1.2014270051762484e-05, 'lambda_l2': 20.49455067766011, 'num_leaves': 33, 'feature_fraction': 0.5546859626027217, 'bagging_fraction': 0.8865266789390865, 'bagging_freq': 2, 'min_child_samples': 95}. Best is trial 790 with value: 0.8225378298635823.
[I 2025-04-07 04:49:26,992] Trial 1601 finished with value: 0.8169199259833304 and parameters: {'lambda_l1': 3.4875244104347386e-05, 'lambda_l2': 85.88949938830856, 'num_leaves': 38, 'feature_fraction': 0.5791787497425691, 'bagging_fraction': 0.8244569736938628, 'bagging_freq': 3, 'min_child_samples': 105}. Best is trial 790 with value: 0.8225378298635823.
[I 2025-04-07 04:49:29,256] Trial 1602 finished with value: 0.8177166244040622 and parameters: {'lambda_l1': 4.5636008160017226e-05, 'lambda_l2': 55.182784284048424, 'num_leaves': 36, 'feature_fraction': 0.5343318785469193, 'bagging_fraction': 0.8473453653579883, 'bagging_freq': 1, 'min_child_samples': 113}. Best is trial 790 with value: 0.8225378298635823.
[I 2025-04-07 04:49:31,968] Trial 1603 finished with value: 0.8191839714898755 and parameters: {'lambda_l1': 1.0643802406999413e-05, 'lambda_l2': 11.889202713301943, 'num_leaves': 47, 'feature_fraction': 0.5636954548918419, 'bagging_fraction': 0.5375886129508329, 'bagging_freq': 2, 'min_child_samples': 111}. Best is trial 790 with value: 0.8225378298635823.
[I 2025-04-07 04:49:34,365] Trial 1604 finished with value: 0.8204836036909928 and parameters: {'lambda_l1': 1.910482731693502e-05, 'lambda_l2': 8.196795037290215, 'num_leaves': 35, 'feature_fraction': 0.5798126922582245, 'bagging_fraction': 0.8618114648188608, 'bagging_freq': 2, 'min_child_samples': 116}. Best is trial 790 with value: 0.8225378298635823.
[I 2025-04-07 04:49:36,454] Trial 1605 finished with value: 0.8191418143221905 and parameters: {'lambda_l1': 2.160192168989184e-05, 'lambda_l2': 40.620487822201135, 'num_leaves': 42, 'feature_fraction': 0.5521224963259096, 'bagging_fraction': 0.9151628560821702, 'bagging_freq': 2, 'min_child_samples': 112}. Best is trial 790 with value: 0.8225378298635823.
[I 2025-04-07 04:49:38,503] Trial 1606 finished with value: 0.8201479981935152 and parameters: {'lambda_l1': 1.1680092934901877e-05, 'lambda_l2': 12.966494180922368, 'num_leaves': 45, 'feature_fraction': 0.5717557643119657, 'bagging_fraction': 0.8122963699351077, 'bagging_freq': 1, 'min_child_samples': 105}. Best is trial 790 with value: 0.8225378298635823.
[I 2025-04-07 04:49:40,472] Trial 1607 finished with value: 0.8207771047392107 and parameters: {'lambda_l1': 7.35588889768404e-05, 'lambda_l2': 10.026868213270642, 'num_leaves': 39, 'feature_fraction': 0.5126376610461701, 'bagging_fraction': 0.8757237451401374, 'bagging_freq': 2, 'min_child_samples': 128}. Best is trial 790 with value: 0.8225378298635823.
[I 2025-04-07 04:49:42,283] Trial 1608 finished with value: 0.8198547783102338 and parameters: {'lambda_l1': 9.237212669092782e-06, 'lambda_l2': 28.938540394352763, 'num_leaves': 32, 'feature_fraction': 0.5466997800435925, 'bagging_fraction': 0.8372914743258, 'bagging_freq': 3, 'min_child_samples': 112}. Best is trial 790 with value: 0.8225378298635823.
[I 2025-04-07 04:49:44,448] Trial 1609 finished with value: 0.8206932648696712 and parameters: {'lambda_l1': 2.4268848627294022e-05, 'lambda_l2': 17.200061167606094, 'num_leaves': 36, 'feature_fraction': 0.5814024826374334, 'bagging_fraction': 0.8272548900458999, 'bagging_freq': 4, 'min_child_samples': 98}. Best is trial 790 with value: 0.8225378298635823.
[I 2025-04-07 04:49:49,342] Trial 1610 finished with value: 0.8213219320951533 and parameters: {'lambda_l1': 3.9791523963642946e-05, 'lambda_l2': 7.33135665419276, 'num_leaves': 44, 'feature_fraction': 0.5574495436323796, 'bagging_fraction': 0.8493768512523506, 'bagging_freq': 2, 'min_child_samples': 128}. Best is trial 790 with value: 0.8225378298635823.
[I 2025-04-07 04:49:52,899] Trial 1611 finished with value: 0.8209028206114987 and parameters: {'lambda_l1': 8.61626236760298e-05, 'lambda_l2': 8.966056797818071, 'num_leaves': 39, 'feature_fraction': 0.5666403055266066, 'bagging_fraction': 0.8625112028735692, 'bagging_freq': 1, 'min_child_samples': 118}. Best is trial 790 with value: 0.8225378298635823.
[I 2025-04-07 04:49:55,464] Trial 1612 finished with value: 0.8206513888669228 and parameters: {'lambda_l1': 1.5084687203764939e-05, 'lambda_l2': 6.0510332675917065, 'num_leaves': 48, 'feature_fraction': 0.5267380126171813, 'bagging_fraction': 0.948971310708513, 'bagging_freq': 3, 'min_child_samples': 110}. Best is trial 790 with value: 0.8225378298635823.
[I 2025-04-07 04:49:58,231] Trial 1613 finished with value: 0.8192259353566665 and parameters: {'lambda_l1': 0.00016307902922978317, 'lambda_l2': 0.004522046964860281, 'num_leaves': 77, 'feature_fraction': 0.5854364271477227, 'bagging_fraction': 0.8204503587751635, 'bagging_freq': 2, 'min_child_samples': 110}. Best is trial 790 with value: 0.8225378298635823.
[I 2025-04-07 04:49:59,962] Trial 1614 finished with value: 0.8203995178021337 and parameters: {'lambda_l1': 2.2387998197713422e-05, 'lambda_l2': 14.860196626709888, 'num_leaves': 41, 'feature_fraction': 0.5792422881317908, 'bagging_fraction': 0.8081258542671961, 'bagging_freq': 2, 'min_child_samples': 125}. Best is trial 790 with value: 0.8225378298635823.
[I 2025-04-07 04:50:01,604] Trial 1615 finished with value: 0.8201481563487922 and parameters: {'lambda_l1': 9.361425531195325e-06, 'lambda_l2': 5.879963582242749, 'num_leaves': 35, 'feature_fraction': 0.5438319726862025, 'bagging_fraction': 0.8428447985226779, 'bagging_freq': 1, 'min_child_samples': 106}. Best is trial 790 with value: 0.8225378298635823.
[I 2025-04-07 04:50:03,278] Trial 1616 finished with value: 0.819938670898199 and parameters: {'lambda_l1': 5.285222831477619e-05, 'lambda_l2': 9.769673962840834, 'num_leaves': 30, 'feature_fraction': 0.5737170310440409, 'bagging_fraction': 0.8328386917516397, 'bagging_freq': 11, 'min_child_samples': 109}. Best is trial 790 with value: 0.8225378298635823.
[I 2025-04-07 04:50:05,666] Trial 1617 finished with value: 0.8206091614080038 and parameters: {'lambda_l1': 1.5206792512769453e-05, 'lambda_l2': 5.413247489039713, 'num_leaves': 37, 'feature_fraction': 0.5591335734755413, 'bagging_fraction': 0.8560304011598424, 'bagging_freq': 2, 'min_child_samples': 126}. Best is trial 790 with value: 0.8225378298635823.
[I 2025-04-07 04:50:07,512] Trial 1618 finished with value: 0.8202320665095659 and parameters: {'lambda_l1': 3.072060029643383e-05, 'lambda_l2': 22.25582820920709, 'num_leaves': 46, 'feature_fraction': 0.591362239447638, 'bagging_fraction': 0.87431854488606, 'bagging_freq': 3, 'min_child_samples': 128}. Best is trial 790 with value: 0.8225378298635823.
[I 2025-04-07 04:50:09,087] Trial 1619 finished with value: 0.8207350178627599 and parameters: {'lambda_l1': 1.5987289621358329e-07, 'lambda_l2': 9.34334817637266, 'num_leaves': 33, 'feature_fraction': 0.5367456857730695, 'bagging_fraction': 0.8437393475885092, 'bagging_freq': 2, 'min_child_samples': 119}. Best is trial 790 with value: 0.8225378298635823.
[I 2025-04-07 04:50:10,787] Trial 1620 finished with value: 0.819644906257853 and parameters: {'lambda_l1': 9.686347780567252e-06, 'lambda_l2': 5.421624535104556, 'num_leaves': 41, 'feature_fraction': 0.44671709831849815, 'bagging_fraction': 0.8228402217948658, 'bagging_freq': 2, 'min_child_samples': 108}. Best is trial 790 with value: 0.8225378298635823.
[I 2025-04-07 04:50:12,871] Trial 1621 finished with value: 0.820776981729551 and parameters: {'lambda_l1': 0.0001511248326682322, 'lambda_l2': 12.46683324493424, 'num_leaves': 43, 'feature_fraction': 0.5661774955942511, 'bagging_fraction': 0.832684463750281, 'bagging_freq': 1, 'min_child_samples': 89}. Best is trial 790 with value: 0.8225378298635823.
[I 2025-04-07 04:50:14,587] Trial 1622 finished with value: 0.8218250416036244 and parameters: {'lambda_l1': 6.824476357649415e-05, 'lambda_l2': 4.756793888312804, 'num_leaves': 38, 'feature_fraction': 0.5856404843518176, 'bagging_fraction': 0.8496066571267763, 'bagging_freq': 2, 'min_child_samples': 108}. Best is trial 790 with value: 0.8225378298635823.
[I 2025-04-07 04:50:18,704] Trial 1623 finished with value: 0.8166686523940315 and parameters: {'lambda_l1': 8.200060141252856e-05, 'lambda_l2': 4.632985228245844, 'num_leaves': 122, 'feature_fraction': 0.5942531406122344, 'bagging_fraction': 0.870041207707378, 'bagging_freq': 3, 'min_child_samples': 52}. Best is trial 790 with value: 0.8225378298635823.
[I 2025-04-07 04:50:20,709] Trial 1624 finished with value: 0.821070254331258 and parameters: {'lambda_l1': 8.775281699688418e-05, 'lambda_l2': 4.043105441791187, 'num_leaves': 40, 'feature_fraction': 0.5888439546887555, 'bagging_fraction': 0.8620876390861655, 'bagging_freq': 2, 'min_child_samples': 111}. Best is trial 790 with value: 0.8225378298635823.
[I 2025-04-07 04:50:22,656] Trial 1625 finished with value: 0.8201900323515405 and parameters: {'lambda_l1': 0.0001007087148740562, 'lambda_l2': 3.5368750782064797, 'num_leaves': 43, 'feature_fraction': 0.5952695747719902, 'bagging_fraction': 0.8878791729705721, 'bagging_freq': 2, 'min_child_samples': 109}. Best is trial 790 with value: 0.8225378298635823.
[I 2025-04-07 04:50:24,335] Trial 1626 finished with value: 0.8183455727944807 and parameters: {'lambda_l1': 6.619608845281872e-05, 'lambda_l2': 4.117988849592273e-06, 'num_leaves': 39, 'feature_fraction': 0.6029048666211215, 'bagging_fraction': 0.868578500645427, 'bagging_freq': 1, 'min_child_samples': 82}. Best is trial 790 with value: 0.8225378298635823.
[I 2025-04-07 04:50:26,820] Trial 1627 finished with value: 0.8207768762926998 and parameters: {'lambda_l1': 0.00014877220909938907, 'lambda_l2': 4.468558443311905, 'num_leaves': 46, 'feature_fraction': 0.58707272707565, 'bagging_fraction': 0.8537447232481604, 'bagging_freq': 2, 'min_child_samples': 116}. Best is trial 790 with value: 0.8225378298635823.
[I 2025-04-07 04:50:28,582] Trial 1628 finished with value: 0.818848594438909 and parameters: {'lambda_l1': 5.5703441708807055e-05, 'lambda_l2': 3.06465178296134, 'num_leaves': 42, 'feature_fraction': 0.6052104763008955, 'bagging_fraction': 0.8984722094275944, 'bagging_freq': 3, 'min_child_samples': 113}. Best is trial 790 with value: 0.8225378298635823.
[I 2025-04-07 04:50:30,253] Trial 1629 finished with value: 0.8206510198379438 and parameters: {'lambda_l1': 0.00020120660491657462, 'lambda_l2': 3.1451052179909693, 'num_leaves': 39, 'feature_fraction': 0.5842881427848703, 'bagging_fraction': 0.8782613224291649, 'bagging_freq': 2, 'min_child_samples': 117}. Best is trial 790 with value: 0.8225378298635823.
[I 2025-04-07 04:50:32,436] Trial 1630 finished with value: 0.81981284958906 and parameters: {'lambda_l1': 9.003898453949921e-05, 'lambda_l2': 6.504412342430458, 'num_leaves': 45, 'feature_fraction': 0.6129749413857967, 'bagging_fraction': 0.8595767275363235, 'bagging_freq': 1, 'min_child_samples': 124}. Best is trial 790 with value: 0.8225378298635823.
[I 2025-04-07 04:50:34,416] Trial 1631 finished with value: 0.8184712535211516 and parameters: {'lambda_l1': 0.00011426163193754345, 'lambda_l2': 4.399303312248102, 'num_leaves': 49, 'feature_fraction': 0.5992582357559011, 'bagging_fraction': 0.8539096790054731, 'bagging_freq': 9, 'min_child_samples': 126}. Best is trial 790 with value: 0.8225378298635823.
[I 2025-04-07 04:50:36,731] Trial 1632 finished with value: 0.8221182790597142 and parameters: {'lambda_l1': 7.148148134840362e-05, 'lambda_l2': 3.317390513112006, 'num_leaves': 42, 'feature_fraction': 0.5846031972635503, 'bagging_fraction': 0.8680747807267463, 'bagging_freq': 2, 'min_child_samples': 123}. Best is trial 790 with value: 0.8225378298635823.
[I 2025-04-07 04:50:38,551] Trial 1633 finished with value: 0.8195612596892072 and parameters: {'lambda_l1': 4.549918195873743e-05, 'lambda_l2': 6.49701377740266, 'num_leaves': 44, 'feature_fraction': 0.5757754786309416, 'bagging_fraction': 0.884494322871515, 'bagging_freq': 2, 'min_child_samples': 123}. Best is trial 790 with value: 0.8225378298635823.
[I 2025-04-07 04:50:40,502] Trial 1634 finished with value: 0.8198547431646167 and parameters: {'lambda_l1': 3.3880007318100614e-05, 'lambda_l2': 6.0428667517988215, 'num_leaves': 48, 'feature_fraction': 0.5691073882794339, 'bagging_fraction': 0.8927158772911077, 'bagging_freq': 2, 'min_child_samples': 119}. Best is trial 790 with value: 0.8225378298635823.
[I 2025-04-07 04:50:42,386] Trial 1635 finished with value: 0.8219506520390608 and parameters: {'lambda_l1': 7.122410206937318e-05, 'lambda_l2': 3.477417446999341, 'num_leaves': 43, 'feature_fraction': 0.5781464108394111, 'bagging_fraction': 0.87377429455133, 'bagging_freq': 1, 'min_child_samples': 107}. Best is trial 790 with value: 0.8225378298635823.
[I 2025-04-07 04:50:44,194] Trial 1636 finished with value: 0.8208611203368357 and parameters: {'lambda_l1': 7.524822867256842e-05, 'lambda_l2': 3.0123580979997944, 'num_leaves': 41, 'feature_fraction': 0.5615157811975514, 'bagging_fraction': 0.8839958230452661, 'bagging_freq': 1, 'min_child_samples': 106}. Best is trial 790 with value: 0.8225378298635823.
[I 2025-04-07 04:50:46,669] Trial 1637 finished with value: 0.8209029436211583 and parameters: {'lambda_l1': 6.816615720416749e-05, 'lambda_l2': 2.6917546103490624, 'num_leaves': 40, 'feature_fraction': 0.5554463558310249, 'bagging_fraction': 0.8981854526143298, 'bagging_freq': 1, 'min_child_samples': 106}. Best is trial 790 with value: 0.8225378298635823.
[I 2025-04-07 04:50:48,430] Trial 1638 finished with value: 0.8198126387153575 and parameters: {'lambda_l1': 5.156911215246275e-05, 'lambda_l2': 0.0005336863887564788, 'num_leaves': 42, 'feature_fraction': 0.5691591159476052, 'bagging_fraction': 0.8815456293196998, 'bagging_freq': 1, 'min_child_samples': 104}. Best is trial 790 with value: 0.8225378298635823.
[I 2025-04-07 04:50:50,151] Trial 1639 finished with value: 0.8209445560317785 and parameters: {'lambda_l1': 0.00012208783093519408, 'lambda_l2': 3.798869510596618, 'num_leaves': 38, 'feature_fraction': 0.5762276243461666, 'bagging_fraction': 0.896299734123453, 'bagging_freq': 1, 'min_child_samples': 101}. Best is trial 790 with value: 0.8225378298635823.
[I 2025-04-07 04:50:51,877] Trial 1640 finished with value: 0.8206513185756886 and parameters: {'lambda_l1': 5.2114344698251736e-05, 'lambda_l2': 2.3912300890556524, 'num_leaves': 40, 'feature_fraction': 0.5505528334740086, 'bagging_fraction': 0.880792831401972, 'bagging_freq': 1, 'min_child_samples': 106}. Best is trial 790 with value: 0.8225378298635823.
[I 2025-04-07 04:50:53,745] Trial 1641 finished with value: 0.8209027503202645 and parameters: {'lambda_l1': 6.111051994643694e-05, 'lambda_l2': 3.644332523615571, 'num_leaves': 43, 'feature_fraction': 0.5660215792093317, 'bagging_fraction': 0.8746620789465275, 'bagging_freq': 1, 'min_child_samples': 99}. Best is trial 790 with value: 0.8225378298635823.
[I 2025-04-07 04:50:55,542] Trial 1642 finished with value: 0.8212800385195964 and parameters: {'lambda_l1': 8.005331506130668e-05, 'lambda_l2': 4.697237046004068, 'num_leaves': 37, 'feature_fraction': 0.5791358891634337, 'bagging_fraction': 0.9042975537987722, 'bagging_freq': 1, 'min_child_samples': 128}. Best is trial 790 with value: 0.8225378298635823.
[I 2025-04-07 04:50:57,793] Trial 1643 finished with value: 0.8213639662531784 and parameters: {'lambda_l1': 0.00013494578995041853, 'lambda_l2': 2.1771309126480407, 'num_leaves': 42, 'feature_fraction': 0.5624216367572867, 'bagging_fraction': 0.8870975216817647, 'bagging_freq': 1, 'min_child_samples': 109}. Best is trial 790 with value: 0.8225378298635823.
[I 2025-04-07 04:50:59,440] Trial 1644 finished with value: 0.819644976549087 and parameters: {'lambda_l1': 5.5994359643609076e-05, 'lambda_l2': 7.599513114586043, 'num_leaves': 38, 'feature_fraction': 0.5798367005785406, 'bagging_fraction': 0.613442222053862, 'bagging_freq': 1, 'min_child_samples': 126}. Best is trial 790 with value: 0.8225378298635823.
[I 2025-04-07 04:51:01,188] Trial 1645 finished with value: 0.8215737328687082 and parameters: {'lambda_l1': 0.00010460408882460006, 'lambda_l2': 4.257121293698523, 'num_leaves': 40, 'feature_fraction': 0.5472393484370275, 'bagging_fraction': 0.8791119850486003, 'bagging_freq': 1, 'min_child_samples': 128}. Best is trial 790 with value: 0.8225378298635823.
[I 2025-04-07 04:51:03,167] Trial 1646 finished with value: 0.8203158888062966 and parameters: {'lambda_l1': 0.0001824885881237928, 'lambda_l2': 2.4083904088748374, 'num_leaves': 44, 'feature_fraction': 0.5651905086420069, 'bagging_fraction': 0.8777648584465291, 'bagging_freq': 1, 'min_child_samples': 125}. Best is trial 790 with value: 0.8225378298635823.
