[I 2025-04-07 04:03:36,504] Trial 183 finished with value: 0.8203995002293253 and parameters: {'lambda_l1': 7.337126847649195e-08, 'lambda_l2': 0.4829741802134266, 'num_leaves': 44, 'feature_fraction': 0.5831678254511696, 'bagging_fraction': 0.8873459545820942, 'bagging_freq': 1, 'min_child_samples': 126}. Best is trial 180 with value: 0.8219927389155117.
[I 2025-04-07 04:03:38,302] Trial 184 finished with value: 0.8206931242872029 and parameters: {'lambda_l1': 1.7162024424923397e-07, 'lambda_l2': 0.3567282961840808, 'num_leaves': 48, 'feature_fraction': 0.5545594642407161, 'bagging_fraction': 0.9000534599564518, 'bagging_freq': 1, 'min_child_samples': 124}. Best is trial 180 with value: 0.8219927389155117.
[I 2025-04-07 04:03:40,423] Trial 185 finished with value: 0.819142130632744 and parameters: {'lambda_l1': 1.4778760999397578e-07, 'lambda_l2': 0.3192148149318029, 'num_leaves': 54, 'feature_fraction': 0.59305897523413, 'bagging_fraction': 0.9412306761220746, 'bagging_freq': 1, 'min_child_samples': 124}. Best is trial 180 with value: 0.8219927389155117.
[I 2025-04-07 04:03:43,048] Trial 186 finished with value: 0.8194352450791744 and parameters: {'lambda_l1': 1.959243066132726e-08, 'lambda_l2': 0.09863051949855528, 'num_leaves': 58, 'feature_fraction': 0.5752342588500088, 'bagging_fraction': 0.9029983499091426, 'bagging_freq': 1, 'min_child_samples': 128}. Best is trial 180 with value: 0.8219927389155117.
[I 2025-04-07 04:03:45,287] Trial 187 finished with value: 0.8207349827171428 and parameters: {'lambda_l1': 2.2217939948792098e-07, 'lambda_l2': 0.1623936664183636, 'num_leaves': 51, 'feature_fraction': 0.5584509884081903, 'bagging_fraction': 0.9147915619918539, 'bagging_freq': 1, 'min_child_samples': 122}. Best is trial 180 with value: 0.8219927389155117.
[I 2025-04-07 04:03:47,404] Trial 188 finished with value: 0.8201062979188523 and parameters: {'lambda_l1': 1.657313123367269e-07, 'lambda_l2': 0.5399214452870711, 'num_leaves': 50, 'feature_fraction': 0.5428093120718226, 'bagging_fraction': 0.9208680941558048, 'bagging_freq': 1, 'min_child_samples': 125}. Best is trial 180 with value: 0.8219927389155117.
[I 2025-04-07 04:03:49,708] Trial 189 finished with value: 0.8193937381054053 and parameters: {'lambda_l1': 2.157366069012096e-07, 'lambda_l2': 1.5495006108457383, 'num_leaves': 53, 'feature_fraction': 0.5600432629251748, 'bagging_fraction': 0.9300275583216225, 'bagging_freq': 2, 'min_child_samples': 122}. Best is trial 180 with value: 0.8219927389155117.
[I 2025-04-07 04:03:51,782] Trial 190 finished with value: 0.8187649654430718 and parameters: {'lambda_l1': 6.557597975473575e-08, 'lambda_l2': 0.19167179095554404, 'num_leaves': 48, 'feature_fraction': 0.5363814700383519, 'bagging_fraction': 0.913501191991141, 'bagging_freq': 1, 'min_child_samples': 32}. Best is trial 180 with value: 0.8219927389155117.
[I 2025-04-07 04:03:54,214] Trial 191 finished with value: 0.8206093019904721 and parameters: {'lambda_l1': 2.986505567993806e-07, 'lambda_l2': 0.28166925636573675, 'num_leaves': 46, 'feature_fraction': 0.5797925827059722, 'bagging_fraction': 0.898244228406817, 'bagging_freq': 1, 'min_child_samples': 119}. Best is trial 180 with value: 0.8219927389155117.
[I 2025-04-07 04:03:56,214] Trial 192 finished with value: 0.8197709032950773 and parameters: {'lambda_l1': 3.3453670883233047e-07, 'lambda_l2': 0.29617544131611195, 'num_leaves': 46, 'feature_fraction': 0.5078815270339495, 'bagging_fraction': 0.8983500857692404, 'bagging_freq': 1, 'min_child_samples': 126}. Best is trial 180 with value: 0.8219927389155117.
[I 2025-04-07 04:03:58,179] Trial 193 finished with value: 0.8204414289504992 and parameters: {'lambda_l1': 1.1035057574253694e-07, 'lambda_l2': 0.39171719315014675, 'num_leaves': 52, 'feature_fraction': 0.5956291133373502, 'bagging_fraction': 0.9027700935681937, 'bagging_freq': 2, 'min_child_samples': 123}. Best is trial 180 with value: 0.8219927389155117.
[I 2025-04-07 04:04:00,150] Trial 194 finished with value: 0.8206093547088976 and parameters: {'lambda_l1': 3.706106595210124e-07, 'lambda_l2': 0.7138317125315516, 'num_leaves': 46, 'feature_fraction': 0.5627664778253892, 'bagging_fraction': 0.9095955461040626, 'bagging_freq': 1, 'min_child_samples': 118}. Best is trial 180 with value: 0.8219927389155117.
[I 2025-04-07 04:04:02,075] Trial 195 finished with value: 0.8203156779325942 and parameters: {'lambda_l1': 3.2841295101824384e-07, 'lambda_l2': 0.6599059357757852, 'num_leaves': 46, 'feature_fraction': 0.5622343405588854, 'bagging_fraction': 0.959199589389791, 'bagging_freq': 2, 'min_child_samples': 119}. Best is trial 180 with value: 0.8219927389155117.
[I 2025-04-07 04:04:04,557] Trial 196 finished with value: 0.8196032235559982 and parameters: {'lambda_l1': 7.428042776033613e-07, 'lambda_l2': 0.1575321318568495, 'num_leaves': 45, 'feature_fraction': 0.8403361747639247, 'bagging_fraction': 0.9390663718250133, 'bagging_freq': 1, 'min_child_samples': 116}. Best is trial 180 with value: 0.8219927389155117.
[I 2025-04-07 04:04:06,443] Trial 197 finished with value: 0.8205256554218264 and parameters: {'lambda_l1': 5.210651261293617e-07, 'lambda_l2': 1.3482647455898902, 'num_leaves': 49, 'feature_fraction': 0.5543991779865267, 'bagging_fraction': 0.9113680735766734, 'bagging_freq': 1, 'min_child_samples': 118}. Best is trial 180 with value: 0.8219927389155117.
[I 2025-04-07 04:04:08,362] Trial 198 finished with value: 0.8194772792371994 and parameters: {'lambda_l1': 3.528304600706786e-07, 'lambda_l2': 2.4213941714725595, 'num_leaves': 43, 'feature_fraction': 0.5240426741156624, 'bagging_fraction': 0.8854485764965639, 'bagging_freq': 2, 'min_child_samples': 122}. Best is trial 180 with value: 0.8219927389155117.
[I 2025-04-07 04:04:10,127] Trial 199 finished with value: 0.8198964610120884 and parameters: {'lambda_l1': 3.541535901614114e-08, 'lambda_l2': 0.052026581503301424, 'num_leaves': 46, 'feature_fraction': 0.5719361013267809, 'bagging_fraction': 0.8169775592809998, 'bagging_freq': 1, 'min_child_samples': 120}. Best is trial 180 with value: 0.8219927389155117.
[I 2025-04-07 04:04:12,082] Trial 200 finished with value: 0.8202738546482715 and parameters: {'lambda_l1': 7.291473353859629e-08, 'lambda_l2': 0.0026559080725597505, 'num_leaves': 42, 'feature_fraction': 0.5483777432244135, 'bagging_fraction': 0.979199168570182, 'bagging_freq': 2, 'min_child_samples': 124}. Best is trial 180 with value: 0.8219927389155117.
[I 2025-04-07 04:04:14,748] Trial 201 finished with value: 0.820399816539879 and parameters: {'lambda_l1': 2.0377948948917697e-07, 'lambda_l2': 0.2975201314074988, 'num_leaves': 57, 'feature_fraction': 0.5812391997581218, 'bagging_fraction': 0.8954583380908473, 'bagging_freq': 1, 'min_child_samples': 128}. Best is trial 180 with value: 0.8219927389155117.
[I 2025-04-07 04:04:16,947] Trial 202 finished with value: 0.8190999207466335 and parameters: {'lambda_l1': 1.263472273035599e-07, 'lambda_l2': 0.606109760635966, 'num_leaves': 51, 'feature_fraction': 0.6124847834141597, 'bagging_fraction': 0.9178875061471268, 'bagging_freq': 1, 'min_child_samples': 126}. Best is trial 180 with value: 0.8219927389155117.
[I 2025-04-07 04:04:18,778] Trial 203 finished with value: 0.8204835509725671 and parameters: {'lambda_l1': 2.0589609026363878e-07, 'lambda_l2': 0.9262126743534352, 'num_leaves': 39, 'feature_fraction': 0.5684822048460103, 'bagging_fraction': 0.8818404063066134, 'bagging_freq': 1, 'min_child_samples': 123}. Best is trial 180 with value: 0.8219927389155117.
[I 2025-04-07 04:04:20,473] Trial 204 finished with value: 0.8201481914944093 and parameters: {'lambda_l1': 4.89251046806758e-07, 'lambda_l2': 0.20233836131374103, 'num_leaves': 41, 'feature_fraction': 0.5903172381380153, 'bagging_fraction': 0.9081888556386725, 'bagging_freq': 1, 'min_child_samples': 117}. Best is trial 180 with value: 0.8219927389155117.
[I 2025-04-07 04:04:22,321] Trial 205 finished with value: 0.8220348082191542 and parameters: {'lambda_l1': 2.330071436518876e-07, 'lambda_l2': 0.42761306687252815, 'num_leaves': 45, 'feature_fraction': 0.5444307324854889, 'bagging_fraction': 0.8459436812595432, 'bagging_freq': 2, 'min_child_samples': 126}. Best is trial 205 with value: 0.8220348082191542.
[I 2025-04-07 04:04:24,323] Trial 206 finished with value: 0.8201901553612003 and parameters: {'lambda_l1': 1.1090768968187185e-06, 'lambda_l2': 0.13346143598489127, 'num_leaves': 45, 'feature_fraction': 0.548954198843483, 'bagging_fraction': 0.8400556338375221, 'bagging_freq': 2, 'min_child_samples': 6}. Best is trial 205 with value: 0.8220348082191542.
[I 2025-04-07 04:04:26,627] Trial 207 finished with value: 0.819519155239948 and parameters: {'lambda_l1': 3.1245231287122515e-07, 'lambda_l2': 0.29899574834021986, 'num_leaves': 41, 'feature_fraction': 0.5370850735252829, 'bagging_fraction': 0.8514406787574593, 'bagging_freq': 2, 'min_child_samples': 121}. Best is trial 205 with value: 0.8220348082191542.
[I 2025-04-07 04:04:28,486] Trial 208 finished with value: 0.8195613299804414 and parameters: {'lambda_l1': 1.1603358798093221e-07, 'lambda_l2': 1.1792305624423907, 'num_leaves': 49, 'feature_fraction': 0.5139260504709836, 'bagging_fraction': 0.8281602948067948, 'bagging_freq': 3, 'min_child_samples': 128}. Best is trial 205 with value: 0.8220348082191542.
[I 2025-04-07 04:04:30,257] Trial 209 finished with value: 0.820232171946417 and parameters: {'lambda_l1': 3.222904653391293e-09, 'lambda_l2': 0.414789972734152, 'num_leaves': 38, 'feature_fraction': 0.4882710612899577, 'bagging_fraction': 0.8054413624580151, 'bagging_freq': 2, 'min_child_samples': 124}. Best is trial 205 with value: 0.8220348082191542.
[I 2025-04-07 04:04:31,988] Trial 210 finished with value: 0.8216154155705627 and parameters: {'lambda_l1': 8.110158241831685e-07, 'lambda_l2': 0.7733089486952334, 'num_leaves': 43, 'feature_fraction': 0.5597904722149954, 'bagging_fraction': 0.8342194054217257, 'bagging_freq': 2, 'min_child_samples': 118}. Best is trial 205 with value: 0.8220348082191542.
[I 2025-04-07 04:04:33,838] Trial 211 finished with value: 0.82002237018527 and parameters: {'lambda_l1': 7.448033789633363e-07, 'lambda_l2': 0.6492530224037818, 'num_leaves': 47, 'feature_fraction': 0.5598531706383661, 'bagging_fraction': 0.8372663021310539, 'bagging_freq': 2, 'min_child_samples': 118}. Best is trial 205 with value: 0.8220348082191542.
[I 2025-04-07 04:04:35,957] Trial 212 finished with value: 0.8214477709771009 and parameters: {'lambda_l1': 1.03115373006285e-09, 'lambda_l2': 0.8485155189156254, 'num_leaves': 42, 'feature_fraction': 0.5322399355968315, 'bagging_fraction': 0.8210521921932635, 'bagging_freq': 2, 'min_child_samples': 120}. Best is trial 205 with value: 0.8220348082191542.
[I 2025-04-07 04:04:37,649] Trial 213 finished with value: 0.8204418331250956 and parameters: {'lambda_l1': 1.5823212198448292e-09, 'lambda_l2': 0.21843103096466776, 'num_leaves': 43, 'feature_fraction': 0.5386995032672078, 'bagging_fraction': 0.850199432725661, 'bagging_freq': 2, 'min_child_samples': 114}. Best is trial 205 with value: 0.8220348082191542.
[I 2025-04-07 04:04:39,478] Trial 214 finished with value: 0.8200225459133555 and parameters: {'lambda_l1': 2.424185384665111e-09, 'lambda_l2': 1.3922809488659729, 'num_leaves': 44, 'feature_fraction': 0.5265003668971403, 'bagging_fraction': 0.8673852473725715, 'bagging_freq': 3, 'min_child_samples': 120}. Best is trial 205 with value: 0.8220348082191542.
[I 2025-04-07 04:04:41,180] Trial 215 finished with value: 0.8185551636819252 and parameters: {'lambda_l1': 2.716319297180052e-07, 'lambda_l2': 0.49129798557307763, 'num_leaves': 41, 'feature_fraction': 0.5675039223583549, 'bagging_fraction': 0.8134569821336939, 'bagging_freq': 2, 'min_child_samples': 11}. Best is trial 205 with value: 0.8220348082191542.
[I 2025-04-07 04:04:43,256] Trial 216 finished with value: 0.8195194891233101 and parameters: {'lambda_l1': 1.2507178452780315e-09, 'lambda_l2': 0.11816803541682143, 'num_leaves': 46, 'feature_fraction': 0.5098246032641125, 'bagging_fraction': 0.8378251247072466, 'bagging_freq': 3, 'min_child_samples': 116}. Best is trial 205 with value: 0.8220348082191542.
[I 2025-04-07 04:04:44,922] Trial 217 finished with value: 0.8204415519601589 and parameters: {'lambda_l1': 3.2407265628157276e-09, 'lambda_l2': 0.8863956521430926, 'num_leaves': 40, 'feature_fraction': 0.5758198475121413, 'bagging_fraction': 0.7967144419944336, 'bagging_freq': 2, 'min_child_samples': 121}. Best is trial 205 with value: 0.8220348082191542.
[I 2025-04-07 04:04:47,164] Trial 218 finished with value: 0.8209027503202645 and parameters: {'lambda_l1': 2.027753531830536e-06, 'lambda_l2': 2.502630226336593, 'num_leaves': 43, 'feature_fraction': 0.5993400802397058, 'bagging_fraction': 0.8511378400065448, 'bagging_freq': 2, 'min_child_samples': 111}. Best is trial 205 with value: 0.8220348082191542.
[I 2025-04-07 04:04:48,981] Trial 219 finished with value: 0.8200223877580786 and parameters: {'lambda_l1': 1.0415570583339873e-09, 'lambda_l2': 3.357288475915939, 'num_leaves': 44, 'feature_fraction': 0.8877007216152961, 'bagging_fraction': 0.8497619673839784, 'bagging_freq': 2, 'min_child_samples': 111}. Best is trial 205 with value: 0.8220348082191542.
[I 2025-04-07 04:04:51,130] Trial 220 finished with value: 0.8188485241476748 and parameters: {'lambda_l1': 4.1976086398991825e-07, 'lambda_l2': 1.9509190484033923, 'num_leaves': 48, 'feature_fraction': 0.6077382506137929, 'bagging_fraction': 0.8613008314772312, 'bagging_freq': 2, 'min_child_samples': 113}. Best is trial 205 with value: 0.8220348082191542.
[I 2025-04-07 04:04:53,223] Trial 221 finished with value: 0.820944766905481 and parameters: {'lambda_l1': 1.8819007137700443e-06, 'lambda_l2': 0.23944327253172557, 'num_leaves': 42, 'feature_fraction': 0.5958931778852328, 'bagging_fraction': 0.8287115593494422, 'bagging_freq': 2, 'min_child_samples': 118}. Best is trial 205 with value: 0.8220348082191542.
[I 2025-04-07 04:04:54,918] Trial 222 finished with value: 0.8195193661136504 and parameters: {'lambda_l1': 3.230928180072171e-06, 'lambda_l2': 0.3128612259256391, 'num_leaves': 41, 'feature_fraction': 0.6013297981913418, 'bagging_fraction': 0.8300168520921946, 'bagging_freq': 2, 'min_child_samples': 118}. Best is trial 205 with value: 0.8220348082191542.
[I 2025-04-07 04:04:58,888] Trial 223 finished with value: 0.8176747132556967 and parameters: {'lambda_l1': 1.329997496530651e-06, 'lambda_l2': 0.6765942394522947, 'num_leaves': 108, 'feature_fraction': 0.6212089977609397, 'bagging_fraction': 0.8447028061680767, 'bagging_freq': 3, 'min_child_samples': 110}. Best is trial 205 with value: 0.8220348082191542.
[I 2025-04-07 04:05:00,678] Trial 224 finished with value: 0.8204416749698187 and parameters: {'lambda_l1': 9.275125223866556e-07, 'lambda_l2': 1.3030336523049317, 'num_leaves': 43, 'feature_fraction': 0.5598073613233321, 'bagging_fraction': 0.8193384806073959, 'bagging_freq': 2, 'min_child_samples': 114}. Best is trial 205 with value: 0.8220348082191542.
[I 2025-04-07 04:05:02,521] Trial 225 finished with value: 0.8198967070314079 and parameters: {'lambda_l1': 4.4643857104730464e-07, 'lambda_l2': 0.4241446743598152, 'num_leaves': 46, 'feature_fraction': 0.526514353597153, 'bagging_fraction': 0.88069028678575, 'bagging_freq': 2, 'min_child_samples': 119}. Best is trial 205 with value: 0.8220348082191542.
[I 2025-04-07 04:05:04,115] Trial 226 finished with value: 0.8213638959619443 and parameters: {'lambda_l1': 1.9301751725183006e-06, 'lambda_l2': 2.620028393959107, 'num_leaves': 37, 'feature_fraction': 0.5955284846473105, 'bagging_fraction': 0.8298884494755214, 'bagging_freq': 1, 'min_child_samples': 122}. Best is trial 205 with value: 0.8220348082191542.
[I 2025-04-07 04:05:05,863] Trial 227 finished with value: 0.8215317865747258 and parameters: {'lambda_l1': 5.168355872520801e-06, 'lambda_l2': 2.151487710427783, 'num_leaves': 36, 'feature_fraction': 0.5962555758442101, 'bagging_fraction': 0.8307285386217753, 'bagging_freq': 2, 'min_child_samples': 122}. Best is trial 205 with value: 0.8220348082191542.
[I 2025-04-07 04:05:08,087] Trial 228 finished with value: 0.8203158360878711 and parameters: {'lambda_l1': 5.7970571294985625e-06, 'lambda_l2': 2.925268228165698, 'num_leaves': 37, 'feature_fraction': 0.5994430696765081, 'bagging_fraction': 0.8306504923587545, 'bagging_freq': 1, 'min_child_samples': 116}. Best is trial 205 with value: 0.8220348082191542.
[I 2025-04-07 04:05:09,709] Trial 229 finished with value: 0.8215735044221975 and parameters: {'lambda_l1': 3.6278453653075686e-06, 'lambda_l2': 2.1552771723814286, 'num_leaves': 39, 'feature_fraction': 0.6187816848428921, 'bagging_fraction': 0.8179510168574418, 'bagging_freq': 3, 'min_child_samples': 122}. Best is trial 205 with value: 0.8220348082191542.
[I 2025-04-07 04:05:11,273] Trial 230 finished with value: 0.8206931242872029 and parameters: {'lambda_l1': 3.39673333680401e-06, 'lambda_l2': 2.7412675651233824, 'num_leaves': 36, 'feature_fraction': 0.6218190265053811, 'bagging_fraction': 0.812372356913182, 'bagging_freq': 3, 'min_child_samples': 122}. Best is trial 205 with value: 0.8220348082191542.
[I 2025-04-07 04:05:13,083] Trial 231 finished with value: 0.8209028030386902 and parameters: {'lambda_l1': 3.409544314940194e-06, 'lambda_l2': 2.80637466513317, 'num_leaves': 36, 'feature_fraction': 0.618112303039862, 'bagging_fraction': 0.8099478522706633, 'bagging_freq': 3, 'min_child_samples': 122}. Best is trial 205 with value: 0.8220348082191542.
[I 2025-04-07 04:05:14,851] Trial 232 finished with value: 0.8201063682100864 and parameters: {'lambda_l1': 2.137968004860476e-06, 'lambda_l2': 7.382210345841577, 'num_leaves': 36, 'feature_fraction': 0.6156164676832241, 'bagging_fraction': 0.8105765335252445, 'bagging_freq': 3, 'min_child_samples': 123}. Best is trial 205 with value: 0.8220348082191542.
[I 2025-04-07 04:05:16,520] Trial 233 finished with value: 0.820609337136089 and parameters: {'lambda_l1': 1.9305583383834315e-06, 'lambda_l2': 5.0137873947762, 'num_leaves': 39, 'feature_fraction': 0.6248848713048358, 'bagging_fraction': 0.8184231720889279, 'bagging_freq': 3, 'min_child_samples': 122}. Best is trial 205 with value: 0.8220348082191542.
[I 2025-04-07 04:05:18,673] Trial 234 finished with value: 0.8209867834906979 and parameters: {'lambda_l1': 3.0999639535085382e-06, 'lambda_l2': 2.1866843418264246, 'num_leaves': 38, 'feature_fraction': 0.6059766715115467, 'bagging_fraction': 0.827167874255515, 'bagging_freq': 2, 'min_child_samples': 122}. Best is trial 205 with value: 0.8220348082191542.
[I 2025-04-07 04:05:20,315] Trial 235 finished with value: 0.8213641244084553 and parameters: {'lambda_l1': 1.3441458953032798e-05, 'lambda_l2': 1.3834516675003095, 'num_leaves': 40, 'feature_fraction': 0.5995512884606161, 'bagging_fraction': 0.8267099482762549, 'bagging_freq': 2, 'min_child_samples': 124}. Best is trial 205 with value: 0.8220348082191542.
[I 2025-04-07 04:05:22,265] Trial 236 finished with value: 0.8203997638214533 and parameters: {'lambda_l1': 1.6255950449347595e-05, 'lambda_l2': 2.647033271985901, 'num_leaves': 40, 'feature_fraction': 0.6017694789426272, 'bagging_fraction': 0.8298344933504289, 'bagging_freq': 2, 'min_child_samples': 121}. Best is trial 205 with value: 0.8220348082191542.
[I 2025-04-07 04:05:24,208] Trial 237 finished with value: 0.8202319786455231 and parameters: {'lambda_l1': 5.299013988831925e-06, 'lambda_l2': 1.9538549835216044, 'num_leaves': 38, 'feature_fraction': 0.6097159153968726, 'bagging_fraction': 0.8024321001509701, 'bagging_freq': 2, 'min_child_samples': 124}. Best is trial 205 with value: 0.8220348082191542.
[I 2025-04-07 04:05:26,132] Trial 238 finished with value: 0.8197709032950774 and parameters: {'lambda_l1': 4.24980003231974e-06, 'lambda_l2': 4.073652502842312, 'num_leaves': 40, 'feature_fraction': 0.5950021463692733, 'bagging_fraction': 0.8226527399857068, 'bagging_freq': 3, 'min_child_samples': 121}. Best is trial 205 with value: 0.8220348082191542.
[I 2025-04-07 04:05:28,385] Trial 239 finished with value: 0.8183874663700376 and parameters: {'lambda_l1': 1.0299758440193774e-05, 'lambda_l2': 1.4527425472927218, 'num_leaves': 42, 'feature_fraction': 0.6088734339013386, 'bagging_fraction': 0.8361532457471696, 'bagging_freq': 2, 'min_child_samples': 120}. Best is trial 205 with value: 0.8220348082191542.
[I 2025-04-07 04:05:29,960] Trial 240 finished with value: 0.8211543050745 and parameters: {'lambda_l1': 2.694432887620756e-06, 'lambda_l2': 5.838496433863902, 'num_leaves': 35, 'feature_fraction': 0.5904973077467346, 'bagging_fraction': 0.8459376518647372, 'bagging_freq': 2, 'min_child_samples': 124}. Best is trial 205 with value: 0.8220348082191542.
[I 2025-04-07 04:05:31,691] Trial 241 finished with value: 0.8223281511120952 and parameters: {'lambda_l1': 3.029339745343707e-06, 'lambda_l2': 5.500043992449224, 'num_leaves': 35, 'feature_fraction': 0.5886037803627895, 'bagging_fraction': 0.8455226533533471, 'bagging_freq': 2, 'min_child_samples': 125}. Best is trial 241 with value: 0.8223281511120952.
[I 2025-04-07 04:05:33,560] Trial 242 finished with value: 0.8201059816082985 and parameters: {'lambda_l1': 3.5375991736150472e-06, 'lambda_l2': 9.776521674046952, 'num_leaves': 36, 'feature_fraction': 0.5904843773970538, 'bagging_fraction': 0.842426830102794, 'bagging_freq': 2, 'min_child_samples': 123}. Best is trial 241 with value: 0.8223281511120952.
[I 2025-04-07 04:05:35,162] Trial 243 finished with value: 0.820273907366697 and parameters: {'lambda_l1': 2.6644901850580467e-06, 'lambda_l2': 6.877005085250912, 'num_leaves': 35, 'feature_fraction': 0.5908297113224219, 'bagging_fraction': 0.8514532551248157, 'bagging_freq': 2, 'min_child_samples': 125}. Best is trial 241 with value: 0.8223281511120952.
