[I 2025-04-07 04:51:05,100] Trial 1647 finished with value: 0.8209447493326726 and parameters: {'lambda_l1': 4.1976390235349215e-05, 'lambda_l2': 6.308808423167725, 'num_leaves': 37, 'feature_fraction': 0.581129238892135, 'bagging_fraction': 0.8702412561717233, 'bagging_freq': 1, 'min_child_samples': 106}. Best is trial 790 with value: 0.8225378298635823.
[I 2025-04-07 04:51:07,101] Trial 1648 finished with value: 0.8214477534042924 and parameters: {'lambda_l1': 0.00011265263944263363, 'lambda_l2': 3.2344254513469353, 'num_leaves': 42, 'feature_fraction': 0.552500890568456, 'bagging_fraction': 0.8882263394917431, 'bagging_freq': 1, 'min_child_samples': 126}. Best is trial 790 with value: 0.8225378298635823.
[I 2025-04-07 04:51:10,564] Trial 1649 finished with value: 0.819561312407633 and parameters: {'lambda_l1': 0.00020469821416419006, 'lambda_l2': 0.003995560908999373, 'num_leaves': 128, 'feature_fraction': 0.5362883735261968, 'bagging_fraction': 0.8721577565197293, 'bagging_freq': 1, 'min_child_samples': 128}. Best is trial 790 with value: 0.8225378298635823.
[I 2025-04-07 04:51:12,373] Trial 1650 finished with value: 0.8203577120906195 and parameters: {'lambda_l1': 4.458854520212634e-05, 'lambda_l2': 2.042427649334158, 'num_leaves': 39, 'feature_fraction': 0.5710046505136155, 'bagging_fraction': 0.8701839467688482, 'bagging_freq': 1, 'min_child_samples': 107}. Best is trial 790 with value: 0.8225378298635823.
[I 2025-04-07 04:51:14,001] Trial 1651 finished with value: 0.8203577823818536 and parameters: {'lambda_l1': 7.343750792133075e-05, 'lambda_l2': 4.9734996003412455, 'num_leaves': 37, 'feature_fraction': 0.5584553370485853, 'bagging_fraction': 0.893296271540833, 'bagging_freq': 1, 'min_child_samples': 107}. Best is trial 790 with value: 0.8225378298635823.
[I 2025-04-07 04:51:15,813] Trial 1652 finished with value: 0.8203998692583045 and parameters: {'lambda_l1': 6.25999172202018e-05, 'lambda_l2': 1.9937446501533547, 'num_leaves': 43, 'feature_fraction': 0.5162792896687315, 'bagging_fraction': 0.9062657426462204, 'bagging_freq': 1, 'min_child_samples': 104}. Best is trial 790 with value: 0.8225378298635823.
[I 2025-04-07 04:51:17,574] Trial 1653 finished with value: 0.8206509144010923 and parameters: {'lambda_l1': 0.00011512982200294892, 'lambda_l2': 0.001714793529967694, 'num_leaves': 40, 'feature_fraction': 0.583466190829895, 'bagging_fraction': 0.8760449231688732, 'bagging_freq': 1, 'min_child_samples': 101}. Best is trial 790 with value: 0.8225378298635823.
[I 2025-04-07 04:51:19,823] Trial 1654 finished with value: 0.8198546904461912 and parameters: {'lambda_l1': 3.7034429156837086e-05, 'lambda_l2': 1.4149487156877526e-08, 'num_leaves': 36, 'feature_fraction': 0.8049142300960003, 'bagging_fraction': 0.8688251526500821, 'bagging_freq': 1, 'min_child_samples': 109}. Best is trial 790 with value: 0.8225378298635823.
[I 2025-04-07 04:51:21,672] Trial 1655 finished with value: 0.8209027327474558 and parameters: {'lambda_l1': 4.4072931700709755e-05, 'lambda_l2': 7.204317419092705, 'num_leaves': 44, 'feature_fraction': 0.7384748297803051, 'bagging_fraction': 0.867574519736168, 'bagging_freq': 1, 'min_child_samples': 107}. Best is trial 790 with value: 0.8225378298635823.
[I 2025-04-07 04:51:23,767] Trial 1656 finished with value: 0.820693194578437 and parameters: {'lambda_l1': 0.00023304333097895128, 'lambda_l2': 3.921326133679623, 'num_leaves': 40, 'feature_fraction': 0.5745052103297107, 'bagging_fraction': 0.8853947800556905, 'bagging_freq': 1, 'min_child_samples': 104}. Best is trial 790 with value: 0.8225378298635823.
[I 2025-04-07 04:51:25,643] Trial 1657 finished with value: 0.8208606282981965 and parameters: {'lambda_l1': 8.73012695509832e-05, 'lambda_l2': 7.397926096860614, 'num_leaves': 35, 'feature_fraction': 0.5443140071542054, 'bagging_fraction': 0.8689707734112097, 'bagging_freq': 1, 'min_child_samples': 124}. Best is trial 790 with value: 0.8225378298635823.
[I 2025-04-07 04:51:27,618] Trial 1658 finished with value: 0.8203997638214533 and parameters: {'lambda_l1': 0.000312122403762299, 'lambda_l2': 3.0977569565605374, 'num_leaves': 45, 'feature_fraction': 0.5816571963900498, 'bagging_fraction': 0.8672807544664991, 'bagging_freq': 1, 'min_child_samples': 101}. Best is trial 790 with value: 0.8225378298635823.
[I 2025-04-07 04:51:29,978] Trial 1659 finished with value: 0.8198965664489395 and parameters: {'lambda_l1': 4.340314551235623e-05, 'lambda_l2': 1.8433700423762094, 'num_leaves': 38, 'feature_fraction': 0.5601939335201434, 'bagging_fraction': 0.921489517323104, 'bagging_freq': 2, 'min_child_samples': 103}. Best is trial 790 with value: 0.8225378298635823.
[I 2025-04-07 04:51:31,880] Trial 1660 finished with value: 0.8207352111636539 and parameters: {'lambda_l1': 3.153365690748121e-05, 'lambda_l2': 4.672017330506362, 'num_leaves': 41, 'feature_fraction': 0.5251589604523226, 'bagging_fraction': 0.8629686780210626, 'bagging_freq': 1, 'min_child_samples': 125}. Best is trial 790 with value: 0.8225378298635823.
[I 2025-04-07 04:51:33,477] Trial 1661 finished with value: 0.8201480333391323 and parameters: {'lambda_l1': 0.00011527975183961932, 'lambda_l2': 2.3919381711684005, 'num_leaves': 34, 'feature_fraction': 0.58693344447827, 'bagging_fraction': 0.8812072492466235, 'bagging_freq': 2, 'min_child_samples': 97}. Best is trial 790 with value: 0.8225378298635823.
[I 2025-04-07 04:51:35,227] Trial 1662 finished with value: 0.8206093371360892 and parameters: {'lambda_l1': 3.214292523175542e-05, 'lambda_l2': 8.628586698696836, 'num_leaves': 37, 'feature_fraction': 0.5705378966730831, 'bagging_fraction': 0.9054195213043233, 'bagging_freq': 2, 'min_child_samples': 73}. Best is trial 790 with value: 0.8225378298635823.
[I 2025-04-07 04:51:37,091] Trial 1663 finished with value: 0.8203157482238282 and parameters: {'lambda_l1': 0.00010267749036166334, 'lambda_l2': 3.5334763454007954, 'num_leaves': 42, 'feature_fraction': 0.5548223652254625, 'bagging_fraction': 0.8641266692105326, 'bagging_freq': 1, 'min_child_samples': 109}. Best is trial 790 with value: 0.8225378298635823.
[I 2025-04-07 04:51:39,479] Trial 1664 finished with value: 0.8200223701852701 and parameters: {'lambda_l1': 4.5556753228534086e-05, 'lambda_l2': 1.6862234765338848, 'num_leaves': 45, 'feature_fraction': 0.5862272952433105, 'bagging_fraction': 0.8796290878547546, 'bagging_freq': 2, 'min_child_samples': 108}. Best is trial 790 with value: 0.8225378298635823.
[I 2025-04-07 04:51:40,995] Trial 1665 finished with value: 0.819687063425538 and parameters: {'lambda_l1': 0.00018822696025962976, 'lambda_l2': 0.0003135348962376553, 'num_leaves': 33, 'feature_fraction': 0.5425905201594189, 'bagging_fraction': 0.8914127304130461, 'bagging_freq': 1, 'min_child_samples': 128}. Best is trial 790 with value: 0.8225378298635823.
[I 2025-04-07 04:51:42,912] Trial 1666 finished with value: 0.820525479693741 and parameters: {'lambda_l1': 6.94429268054338e-05, 'lambda_l2': 7.339649647625007, 'num_leaves': 39, 'feature_fraction': 0.5679093495814498, 'bagging_fraction': 0.8628449595684051, 'bagging_freq': 2, 'min_child_samples': 123}. Best is trial 790 with value: 0.8225378298635823.
[I 2025-04-07 04:51:44,576] Trial 1667 finished with value: 0.8202320840823744 and parameters: {'lambda_l1': 6.542238426590257e-05, 'lambda_l2': 4.959273075089296, 'num_leaves': 36, 'feature_fraction': 0.5329321799102616, 'bagging_fraction': 0.8590773422675377, 'bagging_freq': 2, 'min_child_samples': 126}. Best is trial 790 with value: 0.8225378298635823.
[I 2025-04-07 04:51:46,294] Trial 1668 finished with value: 0.8202737492114203 and parameters: {'lambda_l1': 3.144833648362987e-05, 'lambda_l2': 0.006616181454211538, 'num_leaves': 42, 'feature_fraction': 0.5891787670602888, 'bagging_fraction': 0.872272084751554, 'bagging_freq': 3, 'min_child_samples': 123}. Best is trial 790 with value: 0.8225378298635823.
[I 2025-04-07 04:51:47,990] Trial 1669 finished with value: 0.8208188753051079 and parameters: {'lambda_l1': 0.058029584833608316, 'lambda_l2': 2.7012813720321773, 'num_leaves': 39, 'feature_fraction': 0.5725353476714921, 'bagging_fraction': 0.8575046346203319, 'bagging_freq': 1, 'min_child_samples': 125}. Best is trial 790 with value: 0.8225378298635823.
[I 2025-04-07 04:51:50,068] Trial 1670 finished with value: 0.8209447141870555 and parameters: {'lambda_l1': 8.864659345704948e-08, 'lambda_l2': 0.11071956966509458, 'num_leaves': 32, 'feature_fraction': 0.5572103939313325, 'bagging_fraction': 0.8581290459784797, 'bagging_freq': 2, 'min_child_samples': 128}. Best is trial 790 with value: 0.8225378298635823.
[I 2025-04-07 04:51:52,201] Trial 1671 finished with value: 0.8205255148393581 and parameters: {'lambda_l1': 0.000364647524691457, 'lambda_l2': 10.714127183781358, 'num_leaves': 44, 'feature_fraction': 0.5815777258782314, 'bagging_fraction': 0.885607356587227, 'bagging_freq': 2, 'min_child_samples': 122}. Best is trial 790 with value: 0.8225378298635823.
[I 2025-04-07 04:51:53,636] Trial 1672 finished with value: 0.8200220538747164 and parameters: {'lambda_l1': 0.00013574030169814989, 'lambda_l2': 4.056406951698324, 'num_leaves': 28, 'feature_fraction': 0.564501746694692, 'bagging_fraction': 0.8736292371024241, 'bagging_freq': 3, 'min_child_samples': 125}. Best is trial 790 with value: 0.8225378298635823.
[I 2025-04-07 04:51:55,273] Trial 1673 finished with value: 0.8198547783102338 and parameters: {'lambda_l1': 3.045011421082554e-05, 'lambda_l2': 0.000805080345765354, 'num_leaves': 36, 'feature_fraction': 0.5043432976925514, 'bagging_fraction': 0.8554891645477717, 'bagging_freq': 2, 'min_child_samples': 122}. Best is trial 790 with value: 0.8225378298635823.
[I 2025-04-07 04:51:57,012] Trial 1674 finished with value: 0.8210287297846804 and parameters: {'lambda_l1': 7.92479699847336e-05, 'lambda_l2': 1.49924278319658, 'num_leaves': 41, 'feature_fraction': 0.5906547597259553, 'bagging_fraction': 0.9072149629591638, 'bagging_freq': 1, 'min_child_samples': 128}. Best is trial 790 with value: 0.8225378298635823.
[I 2025-04-07 04:51:58,880] Trial 1675 finished with value: 0.820441745261053 and parameters: {'lambda_l1': 0.00014496100366849716, 'lambda_l2': 9.6538403052486, 'num_leaves': 46, 'feature_fraction': 0.5756226884483389, 'bagging_fraction': 0.863623623198113, 'bagging_freq': 2, 'min_child_samples': 125}. Best is trial 790 with value: 0.8225378298635823.
[I 2025-04-07 04:52:01,228] Trial 1676 finished with value: 0.820190085069966 and parameters: {'lambda_l1': 3.5043247501043457e-07, 'lambda_l2': 2.733806212154884, 'num_leaves': 39, 'feature_fraction': 0.5416558246027637, 'bagging_fraction': 0.8967892991819173, 'bagging_freq': 5, 'min_child_samples': 121}. Best is trial 790 with value: 0.8225378298635823.
[I 2025-04-07 04:52:02,913] Trial 1677 finished with value: 0.8219508453399549 and parameters: {'lambda_l1': 0.2006880386352338, 'lambda_l2': 4.792777107483152, 'num_leaves': 34, 'feature_fraction': 0.5529630997599956, 'bagging_fraction': 0.8521016908066685, 'bagging_freq': 2, 'min_child_samples': 124}. Best is trial 790 with value: 0.8225378298635823.
[I 2025-04-07 04:52:04,301] Trial 1678 finished with value: 0.8194774725380934 and parameters: {'lambda_l1': 0.40860987059484033, 'lambda_l2': 1.9683660409974233, 'num_leaves': 28, 'feature_fraction': 0.5199493983743089, 'bagging_fraction': 0.8772739749622158, 'bagging_freq': 4, 'min_child_samples': 123}. Best is trial 790 with value: 0.8225378298635823.
[I 2025-04-07 04:52:05,862] Trial 1679 finished with value: 0.8195612069707817 and parameters: {'lambda_l1': 0.01041135567669161, 'lambda_l2': 6.579493546488806, 'num_leaves': 30, 'feature_fraction': 0.5289873289031847, 'bagging_fraction': 0.8648391616185295, 'bagging_freq': 3, 'min_child_samples': 124}. Best is trial 790 with value: 0.8225378298635823.
[I 2025-04-07 04:52:07,349] Trial 1680 finished with value: 0.8206511428476034 and parameters: {'lambda_l1': 0.043194094091831975, 'lambda_l2': 0.002543450412394151, 'num_leaves': 30, 'feature_fraction': 0.5374064085336568, 'bagging_fraction': 0.8864342993629564, 'bagging_freq': 1, 'min_child_samples': 121}. Best is trial 790 with value: 0.8225378298635823.
[I 2025-04-07 04:52:09,190] Trial 1681 finished with value: 0.8202742061044423 and parameters: {'lambda_l1': 0.7496890606321105, 'lambda_l2': 1.649205593724042, 'num_leaves': 33, 'feature_fraction': 0.5467828005101741, 'bagging_fraction': 0.8593366098926226, 'bagging_freq': 2, 'min_child_samples': 41}. Best is trial 790 with value: 0.8225378298635823.
[I 2025-04-07 04:52:11,352] Trial 1682 finished with value: 0.8212800209467878 and parameters: {'lambda_l1': 2.3077778897271525e-07, 'lambda_l2': 3.715037985829443, 'num_leaves': 30, 'feature_fraction': 0.5439125142250156, 'bagging_fraction': 0.8526844349692486, 'bagging_freq': 2, 'min_child_samples': 126}. Best is trial 790 with value: 0.8225378298635823.
[I 2025-04-07 04:52:13,223] Trial 1683 finished with value: 0.8194353153704086 and parameters: {'lambda_l1': 1.009277979537926, 'lambda_l2': 9.184924057129184, 'num_leaves': 31, 'feature_fraction': 0.5316884571393966, 'bagging_fraction': 0.933058997191415, 'bagging_freq': 1, 'min_child_samples': 123}. Best is trial 790 with value: 0.8225378298635823.
[I 2025-04-07 04:52:14,844] Trial 1684 finished with value: 0.8219924577505751 and parameters: {'lambda_l1': 0.0005467376786755015, 'lambda_l2': 2.826862372209756, 'num_leaves': 33, 'feature_fraction': 0.5515467261546592, 'bagging_fraction': 0.8690923176176882, 'bagging_freq': 2, 'min_child_samples': 126}. Best is trial 790 with value: 0.8225378298635823.
[I 2025-04-07 04:52:16,266] Trial 1685 finished with value: 0.820818910450725 and parameters: {'lambda_l1': 0.0031608366059398987, 'lambda_l2': 2.2348639626325264, 'num_leaves': 27, 'feature_fraction': 0.536744572248356, 'bagging_fraction': 0.8970496631318832, 'bagging_freq': 2, 'min_child_samples': 126}. Best is trial 790 with value: 0.8225378298635823.
[I 2025-04-07 04:52:17,831] Trial 1686 finished with value: 0.8205254445481239 and parameters: {'lambda_l1': 6.717813050820425e-08, 'lambda_l2': 1.5953282804519282, 'num_leaves': 29, 'feature_fraction': 0.5488970920846872, 'bagging_fraction': 0.8811200714846535, 'bagging_freq': 2, 'min_child_samples': 122}. Best is trial 790 with value: 0.8225378298635823.
[I 2025-04-07 04:52:19,534] Trial 1687 finished with value: 0.8172135324683996 and parameters: {'lambda_l1': 15.948915316769012, 'lambda_l2': 1.0104516523239402, 'num_leaves': 32, 'feature_fraction': 0.5461460341641605, 'bagging_fraction': 0.89013021947023, 'bagging_freq': 1, 'min_child_samples': 124}. Best is trial 790 with value: 0.8225378298635823.
[I 2025-04-07 04:52:21,582] Trial 1688 finished with value: 0.8196452401412151 and parameters: {'lambda_l1': 0.007814862693480907, 'lambda_l2': 5.567403503447759, 'num_leaves': 26, 'feature_fraction': 0.5207769021130524, 'bagging_fraction': 0.8747022413939273, 'bagging_freq': 3, 'min_child_samples': 121}. Best is trial 790 with value: 0.8225378298635823.
[I 2025-04-07 04:52:23,075] Trial 1689 finished with value: 0.8210705882146202 and parameters: {'lambda_l1': 0.0004120702590195377, 'lambda_l2': 1.1605849549222869, 'num_leaves': 25, 'feature_fraction': 0.5370617131276245, 'bagging_fraction': 0.8896045183822543, 'bagging_freq': 2, 'min_child_samples': 128}. Best is trial 790 with value: 0.8225378298635823.
[I 2025-04-07 04:52:24,827] Trial 1690 finished with value: 0.8191419549046588 and parameters: {'lambda_l1': 11.48546555076916, 'lambda_l2': 2.6695753415876102, 'num_leaves': 32, 'feature_fraction': 0.549578600749938, 'bagging_fraction': 0.8763894746416054, 'bagging_freq': 2, 'min_child_samples': 126}. Best is trial 790 with value: 0.8225378298635823.
[I 2025-04-07 04:52:26,231] Trial 1691 finished with value: 0.8194774725380934 and parameters: {'lambda_l1': 0.028796361141772572, 'lambda_l2': 3.2078210020814377, 'num_leaves': 28, 'feature_fraction': 0.5240126445673782, 'bagging_fraction': 0.9214122912503062, 'bagging_freq': 2, 'min_child_samples': 124}. Best is trial 790 with value: 0.8225378298635823.
[I 2025-04-07 04:52:27,778] Trial 1692 finished with value: 0.8193094589156523 and parameters: {'lambda_l1': 2.0036645413292258e-05, 'lambda_l2': 0.004644979380831009, 'num_leaves': 34, 'feature_fraction': 0.5501078088745558, 'bagging_fraction': 0.8713916911042089, 'bagging_freq': 1, 'min_child_samples': 120}. Best is trial 790 with value: 0.8225378298635823.
[I 2025-04-07 04:52:29,253] Trial 1693 finished with value: 0.8195192782496077 and parameters: {'lambda_l1': 0.000676135470554636, 'lambda_l2': 0.0016805556911600142, 'num_leaves': 31, 'feature_fraction': 0.5296734998825566, 'bagging_fraction': 0.8692083225736458, 'bagging_freq': 3, 'min_child_samples': 128}. Best is trial 790 with value: 0.8225378298635823.
[I 2025-04-07 04:52:30,414] Trial 1694 finished with value: 0.8196450468403211 and parameters: {'lambda_l1': 0.3419949740262426, 'lambda_l2': 5.821151850602251, 'num_leaves': 18, 'feature_fraction': 0.5412223638170585, 'bagging_fraction': 0.9162459766345975, 'bagging_freq': 2, 'min_child_samples': 124}. Best is trial 790 with value: 0.8225378298635823.
[I 2025-04-07 04:52:32,606] Trial 1695 finished with value: 0.8201482266400262 and parameters: {'lambda_l1': 0.02341309626544229, 'lambda_l2': 1.5530997648014098, 'num_leaves': 30, 'feature_fraction': 0.5545738986326436, 'bagging_fraction': 0.8844500103008364, 'bagging_freq': 14, 'min_child_samples': 126}. Best is trial 790 with value: 0.8225378298635823.
[I 2025-04-07 04:52:34,432] Trial 1696 finished with value: 0.819729027292329 and parameters: {'lambda_l1': 3.849230850670355, 'lambda_l2': 11.660137441381409, 'num_leaves': 33, 'feature_fraction': 0.5542919761988618, 'bagging_fraction': 0.9084614318444029, 'bagging_freq': 1, 'min_child_samples': 121}. Best is trial 790 with value: 0.8225378298635823.
[I 2025-04-07 04:52:35,793] Trial 1697 finished with value: 0.8131890078568027 and parameters: {'lambda_l1': 24.420138232318106, 'lambda_l2': 4.296522826320838, 'num_leaves': 28, 'feature_fraction': 0.5125066030980622, 'bagging_fraction': 0.8974954348469346, 'bagging_freq': 2, 'min_child_samples': 123}. Best is trial 790 with value: 0.8225378298635823.
[I 2025-04-07 04:52:37,334] Trial 1698 finished with value: 0.8206513537213057 and parameters: {'lambda_l1': 0.024350247312436422, 'lambda_l2': 7.190437597493239, 'num_leaves': 33, 'feature_fraction': 0.5352053448143568, 'bagging_fraction': 0.8656670882425401, 'bagging_freq': 2, 'min_child_samples': 126}. Best is trial 790 with value: 0.8225378298635823.
[I 2025-04-07 04:52:38,927] Trial 1699 finished with value: 0.8204834631085245 and parameters: {'lambda_l1': 2.7000325178917493, 'lambda_l2': 2.7145736928566406, 'num_leaves': 34, 'feature_fraction': 0.5561242150194501, 'bagging_fraction': 0.8784068048836549, 'bagging_freq': 3, 'min_child_samples': 120}. Best is trial 790 with value: 0.8225378298635823.
[I 2025-04-07 04:52:40,376] Trial 1700 finished with value: 0.8199803360272447 and parameters: {'lambda_l1': 0.0011943238237324698, 'lambda_l2': 0.9812139258394876, 'num_leaves': 31, 'feature_fraction': 0.5458187322598962, 'bagging_fraction': 0.8573691332604791, 'bagging_freq': 16, 'min_child_samples': 128}. Best is trial 790 with value: 0.8225378298635823.
[I 2025-04-07 04:52:42,815] Trial 1701 finished with value: 0.8207347718434403 and parameters: {'lambda_l1': 2.2317852802742717, 'lambda_l2': 9.518074762876859, 'num_leaves': 35, 'feature_fraction': 0.5575346490954565, 'bagging_fraction': 0.8662411077590039, 'bagging_freq': 1, 'min_child_samples': 124}. Best is trial 790 with value: 0.8225378298635823.
[I 2025-04-07 04:52:44,244] Trial 1702 finished with value: 0.8199807402018413 and parameters: {'lambda_l1': 0.10377738182389572, 'lambda_l2': 1.7220594285616972, 'num_leaves': 23, 'feature_fraction': 0.5268236107597057, 'bagging_fraction': 0.8910508518614021, 'bagging_freq': 2, 'min_child_samples': 122}. Best is trial 790 with value: 0.8225378298635823.
[I 2025-04-07 04:52:45,900] Trial 1703 finished with value: 0.8207351584452282 and parameters: {'lambda_l1': 0.05335347372660728, 'lambda_l2': 4.364395555816573, 'num_leaves': 34, 'feature_fraction': 0.5611525157517844, 'bagging_fraction': 0.853065332664093, 'bagging_freq': 3, 'min_child_samples': 126}. Best is trial 790 with value: 0.8225378298635823.
[I 2025-04-07 04:52:47,446] Trial 1704 finished with value: 0.8208608918903245 and parameters: {'lambda_l1': 3.8594397626245935e-07, 'lambda_l2': 0.1434647713905083, 'num_leaves': 31, 'feature_fraction': 0.5414177083428279, 'bagging_fraction': 0.8787503457949248, 'bagging_freq': 2, 'min_child_samples': 120}. Best is trial 790 with value: 0.8225378298635823.
[I 2025-04-07 04:52:49,300] Trial 1705 finished with value: 0.820860645871005 and parameters: {'lambda_l1': 0.004654587316847913, 'lambda_l2': 0.6826506700424031, 'num_leaves': 35, 'feature_fraction': 0.5549072658790363, 'bagging_fraction': 0.8636878810521181, 'bagging_freq': 2, 'min_child_samples': 128}. Best is trial 790 with value: 0.8225378298635823.
[I 2025-04-07 04:52:52,088] Trial 1706 finished with value: 0.8198966894585993 and parameters: {'lambda_l1': 3.747489081262618e-08, 'lambda_l2': 2.857755412726197, 'num_leaves': 81, 'feature_fraction': 0.534256207998991, 'bagging_fraction': 0.8529826260250823, 'bagging_freq': 1, 'min_child_samples': 124}. Best is trial 790 with value: 0.8225378298635823.
[I 2025-04-07 04:52:54,410] Trial 1707 finished with value: 0.8185131470967084 and parameters: {'lambda_l1': 0.2549408107640731, 'lambda_l2': 0.007423781100616596, 'num_leaves': 47, 'feature_fraction': 0.5470962782245057, 'bagging_fraction': 0.8705783068846243, 'bagging_freq': 8, 'min_child_samples': 122}. Best is trial 790 with value: 0.8225378298635823.
