[I 2025-04-07 04:56:49,552] Trial 1830 finished with value: 0.8208611379096442 and parameters: {'lambda_l1': 0.00010423004548510036, 'lambda_l2': 6.8792345063525175, 'num_leaves': 46, 'feature_fraction': 0.5936802363458009, 'bagging_fraction': 0.8968649423331404, 'bagging_freq': 4, 'min_child_samples': 118}. Best is trial 790 with value: 0.8225378298635823.
[I 2025-04-07 04:56:51,367] Trial 1831 finished with value: 0.8208607688806648 and parameters: {'lambda_l1': 2.579934513423145e-05, 'lambda_l2': 24.128879144428392, 'num_leaves': 43, 'feature_fraction': 0.6082236031293629, 'bagging_fraction': 0.8457475085670615, 'bagging_freq': 3, 'min_child_samples': 117}. Best is trial 790 with value: 0.8225378298635823.
[I 2025-04-07 04:56:53,367] Trial 1832 finished with value: 0.820819103751619 and parameters: {'lambda_l1': 5.8112682685439086e-05, 'lambda_l2': 12.973492554125203, 'num_leaves': 43, 'feature_fraction': 0.5904886477275813, 'bagging_fraction': 0.8807300259725561, 'bagging_freq': 4, 'min_child_samples': 114}. Best is trial 790 with value: 0.8225378298635823.
[I 2025-04-07 04:56:56,025] Trial 1833 finished with value: 0.8207769993023595 and parameters: {'lambda_l1': 3.4720045421285195e-05, 'lambda_l2': 7.1428133820918225, 'num_leaves': 48, 'feature_fraction': 0.5988120673926901, 'bagging_fraction': 0.9129985661887037, 'bagging_freq': 4, 'min_child_samples': 118}. Best is trial 790 with value: 0.8225378298635823.
[I 2025-04-07 04:56:58,123] Trial 1834 finished with value: 0.8209447493326726 and parameters: {'lambda_l1': 5.5679862035266465e-05, 'lambda_l2': 5.164550394744348, 'num_leaves': 49, 'feature_fraction': 0.5907522053748534, 'bagging_fraction': 0.8291651015704985, 'bagging_freq': 3, 'min_child_samples': 118}. Best is trial 790 with value: 0.8225378298635823.
[I 2025-04-07 04:57:00,083] Trial 1835 finished with value: 0.8208607337350478 and parameters: {'lambda_l1': 0.0001396940915868922, 'lambda_l2': 11.424027585174553, 'num_leaves': 46, 'feature_fraction': 0.5981045087871985, 'bagging_fraction': 0.8574836138271005, 'bagging_freq': 8, 'min_child_samples': 116}. Best is trial 790 with value: 0.8225378298635823.
[I 2025-04-07 04:57:01,938] Trial 1836 finished with value: 0.8203996935302191 and parameters: {'lambda_l1': 2.2386555782320847e-05, 'lambda_l2': 7.125090748288539, 'num_leaves': 42, 'feature_fraction': 0.6237464590242255, 'bagging_fraction': 0.8384301252734335, 'bagging_freq': 3, 'min_child_samples': 119}. Best is trial 790 with value: 0.8225378298635823.
[I 2025-04-07 04:57:03,776] Trial 1837 finished with value: 0.8204414289504991 and parameters: {'lambda_l1': 8.936573866736238e-05, 'lambda_l2': 4.072035330416875, 'num_leaves': 46, 'feature_fraction': 0.5821725500017415, 'bagging_fraction': 0.8158190739074639, 'bagging_freq': 4, 'min_child_samples': 120}. Best is trial 790 with value: 0.8225378298635823.
[I 2025-04-07 04:57:06,080] Trial 1838 finished with value: 0.8208189983147678 and parameters: {'lambda_l1': 4.175039616938995e-05, 'lambda_l2': 23.029928946359085, 'num_leaves': 44, 'feature_fraction': 0.6053783990380266, 'bagging_fraction': 0.8703293532148703, 'bagging_freq': 3, 'min_child_samples': 120}. Best is trial 790 with value: 0.8225378298635823.
[I 2025-04-07 04:57:08,081] Trial 1839 finished with value: 0.8189741697287285 and parameters: {'lambda_l1': 2.0225948435446263e-08, 'lambda_l2': 2.57437949382057e-05, 'num_leaves': 51, 'feature_fraction': 0.6115781071447959, 'bagging_fraction': 0.8493814659695804, 'bagging_freq': 4, 'min_child_samples': 116}. Best is trial 790 with value: 0.8225378298635823.
[I 2025-04-07 04:57:09,922] Trial 1840 finished with value: 0.8200223877580786 and parameters: {'lambda_l1': 8.199588598036442e-09, 'lambda_l2': 10.785529937935621, 'num_leaves': 44, 'feature_fraction': 0.5883883093659661, 'bagging_fraction': 0.8329230406393756, 'bagging_freq': 3, 'min_child_samples': 120}. Best is trial 790 with value: 0.8225378298635823.
[I 2025-04-07 04:57:11,925] Trial 1841 finished with value: 0.8207348245618661 and parameters: {'lambda_l1': 2.221503212380053e-05, 'lambda_l2': 5.076394478815673, 'num_leaves': 41, 'feature_fraction': 0.6155533796444856, 'bagging_fraction': 0.8893635503138368, 'bagging_freq': 3, 'min_child_samples': 60}. Best is trial 790 with value: 0.8225378298635823.
[I 2025-04-07 04:57:13,917] Trial 1842 finished with value: 0.8203159766703394 and parameters: {'lambda_l1': 4.7517197469961745e-07, 'lambda_l2': 3.1535645861204586, 'num_leaves': 42, 'feature_fraction': 0.5874756325074276, 'bagging_fraction': 0.8603885669438829, 'bagging_freq': 3, 'min_child_samples': 114}. Best is trial 790 with value: 0.8225378298635823.
[I 2025-04-07 04:57:17,016] Trial 1843 finished with value: 0.8180938598849684 and parameters: {'lambda_l1': 3.806781052738362e-09, 'lambda_l2': 0.18364681073682648, 'num_leaves': 69, 'feature_fraction': 0.5108546962078676, 'bagging_fraction': 0.8259569222232378, 'bagging_freq': 3, 'min_child_samples': 118}. Best is trial 790 with value: 0.8225378298635823.
[I 2025-04-07 04:57:19,160] Trial 1844 finished with value: 0.818680686253319 and parameters: {'lambda_l1': 0.0002472401897643017, 'lambda_l2': 7.935344427155197, 'num_leaves': 48, 'feature_fraction': 0.9228570237742638, 'bagging_fraction': 0.8056495931293772, 'bagging_freq': 3, 'min_child_samples': 121}. Best is trial 790 with value: 0.8225378298635823.
[I 2025-04-07 04:57:20,866] Trial 1845 finished with value: 0.8203996935302191 and parameters: {'lambda_l1': 8.218746463490172e-05, 'lambda_l2': 4.918368890872235, 'num_leaves': 41, 'feature_fraction': 0.5990863422503232, 'bagging_fraction': 0.8403629868253766, 'bagging_freq': 1, 'min_child_samples': 122}. Best is trial 790 with value: 0.8225378298635823.
[I 2025-04-07 04:57:23,127] Trial 1846 finished with value: 0.8166685469571803 and parameters: {'lambda_l1': 4.1264247308921006e-05, 'lambda_l2': 2.1113744290005516, 'num_leaves': 74, 'feature_fraction': 0.5764127163619185, 'bagging_fraction': 0.557814592020661, 'bagging_freq': 4, 'min_child_samples': 118}. Best is trial 790 with value: 0.8225378298635823.
[I 2025-04-07 04:57:24,968] Trial 1847 finished with value: 0.8198544444268716 and parameters: {'lambda_l1': 1.7705586393585857e-05, 'lambda_l2': 44.79935795683404, 'num_leaves': 45, 'feature_fraction': 0.5871287815874185, 'bagging_fraction': 0.9368881701841631, 'bagging_freq': 1, 'min_child_samples': 121}. Best is trial 790 with value: 0.8225378298635823.
[I 2025-04-07 04:57:27,234] Trial 1848 finished with value: 0.8194774198196677 and parameters: {'lambda_l1': 0.00015013245623881512, 'lambda_l2': 14.124625782464392, 'num_leaves': 40, 'feature_fraction': 0.6082007918484689, 'bagging_fraction': 0.8511240669104739, 'bagging_freq': 4, 'min_child_samples': 122}. Best is trial 790 with value: 0.8225378298635823.
[I 2025-04-07 04:57:29,120] Trial 1849 finished with value: 0.8184713413851942 and parameters: {'lambda_l1': 0.15980443838157707, 'lambda_l2': 3.1453259380128826, 'num_leaves': 46, 'feature_fraction': 0.4921298947342512, 'bagging_fraction': 0.8788640228385407, 'bagging_freq': 3, 'min_child_samples': 115}. Best is trial 790 with value: 0.8225378298635823.
[I 2025-04-07 04:57:30,867] Trial 1850 finished with value: 0.8214057368190757 and parameters: {'lambda_l1': 3.0434268918992387e-05, 'lambda_l2': 0.08733632028706341, 'num_leaves': 43, 'feature_fraction': 0.5840243189713491, 'bagging_fraction': 0.863776960329655, 'bagging_freq': 2, 'min_child_samples': 119}. Best is trial 790 with value: 0.8225378298635823.
[I 2025-04-07 04:57:32,816] Trial 1851 finished with value: 0.8205673732692981 and parameters: {'lambda_l1': 0.0004400100023147921, 'lambda_l2': 6.72663017403399, 'num_leaves': 50, 'feature_fraction': 0.5976998643140558, 'bagging_fraction': 0.8239701986592571, 'bagging_freq': 2, 'min_child_samples': 122}. Best is trial 790 with value: 0.8225378298635823.
[I 2025-04-07 04:57:34,574] Trial 1852 finished with value: 0.8199383721604538 and parameters: {'lambda_l1': 6.887060620600993e-05, 'lambda_l2': 4.038101355716375, 'num_leaves': 40, 'feature_fraction': 0.6239867778329593, 'bagging_fraction': 0.8421070378124001, 'bagging_freq': 1, 'min_child_samples': 123}. Best is trial 790 with value: 0.8225378298635823.
[I 2025-04-07 04:57:36,896] Trial 1853 finished with value: 0.8193514227824433 and parameters: {'lambda_l1': 1.3606134524131872e-08, 'lambda_l2': 0.2742262667668793, 'num_leaves': 42, 'feature_fraction': 0.5792917956783159, 'bagging_fraction': 0.8544700542447063, 'bagging_freq': 3, 'min_child_samples': 126}. Best is trial 790 with value: 0.8225378298635823.
[I 2025-04-07 04:57:38,552] Trial 1854 finished with value: 0.821950880485572 and parameters: {'lambda_l1': 4.353570506560159e-09, 'lambda_l2': 1.7033736615104187, 'num_leaves': 39, 'feature_fraction': 0.5933647617353879, 'bagging_fraction': 0.8146854877004419, 'bagging_freq': 2, 'min_child_samples': 117}. Best is trial 790 with value: 0.8225378298635823.
[I 2025-04-07 04:57:40,451] Trial 1855 finished with value: 0.8194355262441109 and parameters: {'lambda_l1': 4.0658676643123345e-09, 'lambda_l2': 0.9843659878221936, 'num_leaves': 45, 'feature_fraction': 0.6155422588804904, 'bagging_fraction': 0.8151480721061877, 'bagging_freq': 2, 'min_child_samples': 114}. Best is trial 790 with value: 0.8225378298635823.
訓練集準確率: 0.8393912715381713
測試集準確率: 0.8165660630449363
10-fold CV 準確率:  0.8225378298635823

