[I 2025-04-07 06:50:44,963] Trial 441 finished with value: 0.8183455552216723 and parameters: {'max_depth': 20, 'learning_rate': 0.007875483003730867, 'n_estimators': 264, 'gamma': 0.2796576750517075, 'min_child_weight': 5, 'subsample': 0.5833088548095765, 'colsample_bytree': 0.7804123953721177}. Best is trial 416 with value: 0.8211124642173686.
[I 2025-04-07 06:50:52,139] Trial 442 finished with value: 0.8199805293281388 and parameters: {'max_depth': 21, 'learning_rate': 0.009637783090713283, 'n_estimators': 260, 'gamma': 0.2871506788785492, 'min_child_weight': 6, 'subsample': 0.5774716043188325, 'colsample_bytree': 0.7949066544240408}. Best is trial 416 with value: 0.8211124642173686.
[I 2025-04-07 06:50:59,090] Trial 443 finished with value: 0.8198129374531025 and parameters: {'max_depth': 21, 'learning_rate': 0.010737929929876485, 'n_estimators': 270, 'gamma': 0.2572580312863851, 'min_child_weight': 5, 'subsample': 0.5667729686360513, 'colsample_bytree': 0.8301128363334689}. Best is trial 416 with value: 0.8211124642173686.
[I 2025-04-07 06:51:05,947] Trial 444 finished with value: 0.8189322058619375 and parameters: {'max_depth': 19, 'learning_rate': 0.020282524075507777, 'n_estimators': 267, 'gamma': 0.29067134635006625, 'min_child_weight': 5, 'subsample': 0.584393998617511, 'colsample_bytree': 0.8170325856955838}. Best is trial 416 with value: 0.8211124642173686.
[I 2025-04-07 06:51:13,482] Trial 445 finished with value: 0.8198126387153575 and parameters: {'max_depth': 20, 'learning_rate': 0.015017646792794551, 'n_estimators': 255, 'gamma': 0.2686606206543569, 'min_child_weight': 4, 'subsample': 0.5759393244266446, 'colsample_bytree': 0.8053129215682309}. Best is trial 416 with value: 0.8211124642173686.
[I 2025-04-07 06:51:20,923] Trial 446 finished with value: 0.8181358237517594 and parameters: {'max_depth': 22, 'learning_rate': 0.007678166510607908, 'n_estimators': 267, 'gamma': 0.280319941683899, 'min_child_weight': 5, 'subsample': 0.5917955630474424, 'colsample_bytree': 0.8232046819135269}. Best is trial 416 with value: 0.8211124642173686.
[I 2025-04-07 06:51:27,680] Trial 447 finished with value: 0.8179680737214465 and parameters: {'max_depth': 21, 'learning_rate': 0.029907632029225893, 'n_estimators': 244, 'gamma': 0.2585044307661342, 'min_child_weight': 5, 'subsample': 0.5610861581381582, 'colsample_bytree': 0.7881736593608808}. Best is trial 416 with value: 0.8211124642173686.
[I 2025-04-07 06:51:35,094] Trial 448 finished with value: 0.8162912236122315 and parameters: {'max_depth': 20, 'learning_rate': 0.00601321848798698, 'n_estimators': 251, 'gamma': 0.24483597136893814, 'min_child_weight': 5, 'subsample': 0.6043989536197064, 'colsample_bytree': 0.8321440746023631}. Best is trial 416 with value: 0.8211124642173686.
[I 2025-04-07 06:51:41,435] Trial 449 finished with value: 0.8198546377277655 and parameters: {'max_depth': 22, 'learning_rate': 0.009532533829029662, 'n_estimators': 243, 'gamma': 0.2686418485240201, 'min_child_weight': 5, 'subsample': 0.5838992101886816, 'colsample_bytree': 0.7996187276726314}. Best is trial 416 with value: 0.8211124642173686.
[I 2025-04-07 06:51:48,735] Trial 450 finished with value: 0.8205675314245748 and parameters: {'max_depth': 21, 'learning_rate': 0.012691670481640677, 'n_estimators': 262, 'gamma': 0.24882132863902748, 'min_child_weight': 5, 'subsample': 0.5706104080579212, 'colsample_bytree': 0.8120804873815205}. Best is trial 416 with value: 0.8211124642173686.
[I 2025-04-07 06:51:55,803] Trial 451 finished with value: 0.8196032059831898 and parameters: {'max_depth': 21, 'learning_rate': 0.017623992594584116, 'n_estimators': 268, 'gamma': 0.24192726499742392, 'min_child_weight': 5, 'subsample': 0.5503217261546786, 'colsample_bytree': 0.7722324760792877}. Best is trial 416 with value: 0.8211124642173686.
[I 2025-04-07 06:52:02,169] Trial 452 finished with value: 0.8191000437562932 and parameters: {'max_depth': 18, 'learning_rate': 0.021928405852106803, 'n_estimators': 262, 'gamma': 0.2570009392249773, 'min_child_weight': 5, 'subsample': 0.5630615902518634, 'colsample_bytree': 0.8086302586870185}. Best is trial 416 with value: 0.8211124642173686.
[I 2025-04-07 06:52:09,295] Trial 453 finished with value: 0.8203158712334883 and parameters: {'max_depth': 19, 'learning_rate': 0.013514044089799367, 'n_estimators': 272, 'gamma': 0.2379735113073203, 'min_child_weight': 5, 'subsample': 0.5659433523179188, 'colsample_bytree': 0.7977537751830426}. Best is trial 416 with value: 0.8211124642173686.
[I 2025-04-07 06:52:16,797] Trial 454 finished with value: 0.819812656288166 and parameters: {'max_depth': 20, 'learning_rate': 0.01699263361279578, 'n_estimators': 266, 'gamma': 0.24837279567230547, 'min_child_weight': 5, 'subsample': 0.5732871120002754, 'colsample_bytree': 0.8135591366189562}. Best is trial 416 with value: 0.8211124642173686.
[I 2025-04-07 06:52:23,677] Trial 455 finished with value: 0.6503163456993187 and parameters: {'max_depth': 21, 'learning_rate': 0.0013292433413329668, 'n_estimators': 256, 'gamma': 0.25366519497782536, 'min_child_weight': 5, 'subsample': 0.6310137058382281, 'colsample_bytree': 0.7841020960688424}. Best is trial 416 with value: 0.8211124642173686.
[I 2025-04-07 06:52:27,643] Trial 456 finished with value: 0.8183035034908384 and parameters: {'max_depth': 9, 'learning_rate': 0.01345972770741903, 'n_estimators': 260, 'gamma': 0.23508780960834788, 'min_child_weight': 5, 'subsample': 0.5555080888440501, 'colsample_bytree': 0.811912853527447}. Best is trial 416 with value: 0.8211124642173686.
[I 2025-04-07 06:52:33,666] Trial 457 finished with value: 0.8189742224471542 and parameters: {'max_depth': 21, 'learning_rate': 0.02326801336867304, 'n_estimators': 252, 'gamma': 0.2640528796294414, 'min_child_weight': 6, 'subsample': 0.5714591127195326, 'colsample_bytree': 0.8365824811143053}. Best is trial 416 with value: 0.8211124642173686.
[I 2025-04-07 06:52:40,425] Trial 458 finished with value: 0.8191419724774672 and parameters: {'max_depth': 20, 'learning_rate': 0.015409433703055501, 'n_estimators': 262, 'gamma': 0.2781076633209509, 'min_child_weight': 5, 'subsample': 0.5320607682476377, 'colsample_bytree': 0.7985518002837086}. Best is trial 416 with value: 0.8211124642173686.
[I 2025-04-07 06:52:47,150] Trial 459 finished with value: 0.8200643516248697 and parameters: {'max_depth': 17, 'learning_rate': 0.01170911268133369, 'n_estimators': 248, 'gamma': 0.2685244359844183, 'min_child_weight': 5, 'subsample': 0.5789683397974752, 'colsample_bytree': 0.8199166639363797}. Best is trial 416 with value: 0.8211124642173686.
[I 2025-04-07 06:52:53,879] Trial 460 finished with value: 0.819770762712609 and parameters: {'max_depth': 22, 'learning_rate': 0.019096415595974733, 'n_estimators': 253, 'gamma': 0.23097774672338012, 'min_child_weight': 5, 'subsample': 0.6193154733527173, 'colsample_bytree': 0.8303524435022408}. Best is trial 416 with value: 0.8211124642173686.
[I 2025-04-07 06:53:01,016] Trial 461 finished with value: 0.8196871512895806 and parameters: {'max_depth': 21, 'learning_rate': 0.010061566345967395, 'n_estimators': 258, 'gamma': 0.24873988132228092, 'min_child_weight': 5, 'subsample': 0.5515990923302525, 'colsample_bytree': 0.8053207274848406}. Best is trial 416 with value: 0.8211124642173686.
[I 2025-04-07 06:53:08,229] Trial 462 finished with value: 0.8178421645482645 and parameters: {'max_depth': 21, 'learning_rate': 0.026132099047584654, 'n_estimators': 243, 'gamma': 0.2955893015136773, 'min_child_weight': 5, 'subsample': 0.6555208845520671, 'colsample_bytree': 0.792396144641833}. Best is trial 416 with value: 0.8211124642173686.
[I 2025-04-07 06:53:15,241] Trial 463 finished with value: 0.8193514755008688 and parameters: {'max_depth': 22, 'learning_rate': 0.01389811526173468, 'n_estimators': 247, 'gamma': 0.22285078328113456, 'min_child_weight': 5, 'subsample': 0.6090932541199274, 'colsample_bytree': 0.84098082752007}. Best is trial 416 with value: 0.8211124642173686.
[I 2025-04-07 06:53:22,689] Trial 464 finished with value: 0.8183873257875695 and parameters: {'max_depth': 29, 'learning_rate': 0.008349058865981772, 'n_estimators': 250, 'gamma': 0.27857847669450375, 'min_child_weight': 5, 'subsample': 0.565372971456409, 'colsample_bytree': 0.8148542358963041}. Best is trial 416 with value: 0.8211124642173686.
[I 2025-04-07 06:53:30,100] Trial 465 finished with value: 0.8193516688017629 and parameters: {'max_depth': 20, 'learning_rate': 0.017405328390717564, 'n_estimators': 241, 'gamma': 0.23667035165329398, 'min_child_weight': 5, 'subsample': 0.5983530716423496, 'colsample_bytree': 0.8254515198133895}. Best is trial 416 with value: 0.8211124642173686.
[I 2025-04-07 06:53:36,731] Trial 466 finished with value: 0.8186807038261277 and parameters: {'max_depth': 22, 'learning_rate': 0.012930918536385866, 'n_estimators': 256, 'gamma': 0.21530914372782745, 'min_child_weight': 5, 'subsample': 0.5434403863951329, 'colsample_bytree': 0.7753117476919378}. Best is trial 416 with value: 0.8211124642173686.
[I 2025-04-07 06:53:44,905] Trial 467 finished with value: 0.818974117010303 and parameters: {'max_depth': 29, 'learning_rate': 0.0202773763209427, 'n_estimators': 266, 'gamma': 0.03435556940348755, 'min_child_weight': 5, 'subsample': 0.5825837268369026, 'colsample_bytree': 0.9959005331356372}. Best is trial 416 with value: 0.8211124642173686.
[I 2025-04-07 06:53:56,448] Trial 468 finished with value: 0.8195612421163988 and parameters: {'max_depth': 20, 'learning_rate': 0.01122615422161361, 'n_estimators': 244, 'gamma': 0.24257713719002766, 'min_child_weight': 5, 'subsample': 0.6274203514313563, 'colsample_bytree': 0.8095943282213423}. Best is trial 416 with value: 0.8211124642173686.
[I 2025-04-07 06:54:03,591] Trial 469 finished with value: 0.8197708330038432 and parameters: {'max_depth': 28, 'learning_rate': 0.015029634250987469, 'n_estimators': 249, 'gamma': 0.047210429332479736, 'min_child_weight': 5, 'subsample': 0.5715974279676678, 'colsample_bytree': 0.7868965771313629}. Best is trial 416 with value: 0.8211124642173686.
[I 2025-04-07 06:54:07,727] Trial 470 finished with value: 0.7685829638650338 and parameters: {'max_depth': 28, 'learning_rate': 0.9675419541754057, 'n_estimators': 239, 'gamma': 0.22551151518102283, 'min_child_weight': 5, 'subsample': 0.6435243691829128, 'colsample_bytree': 0.7999349737518634}. Best is trial 416 with value: 0.8211124642173686.
[I 2025-04-07 06:54:15,651] Trial 471 finished with value: 0.82027387222108 and parameters: {'max_depth': 21, 'learning_rate': 0.008925133378422745, 'n_estimators': 258, 'gamma': 0.2643205420418731, 'min_child_weight': 4, 'subsample': 0.5599687197658095, 'colsample_bytree': 0.8228919854935781}. Best is trial 416 with value: 0.8211124642173686.
[I 2025-04-07 06:54:30,496] Trial 472 finished with value: 0.8158299373880832 and parameters: {'max_depth': 27, 'learning_rate': 0.03175432611403022, 'n_estimators': 252, 'gamma': 0.24862625680535028, 'min_child_weight': 1, 'subsample': 0.5904268351236197, 'colsample_bytree': 0.838621147812073}. Best is trial 416 with value: 0.8211124642173686.
[I 2025-04-07 06:54:34,953] Trial 473 finished with value: 0.7935269856834329 and parameters: {'max_depth': 22, 'learning_rate': 0.39159379913375125, 'n_estimators': 245, 'gamma': 0.21382006001552778, 'min_child_weight': 5, 'subsample': 0.6516227356206447, 'colsample_bytree': 0.8152293241570172}. Best is trial 416 with value: 0.8211124642173686.
[I 2025-04-07 06:54:42,863] Trial 474 finished with value: 0.818303521063647 and parameters: {'max_depth': 28, 'learning_rate': 0.0237000180795885, 'n_estimators': 279, 'gamma': 0.22879831672233603, 'min_child_weight': 5, 'subsample': 0.5802199706314473, 'colsample_bytree': 0.8021877315840107}. Best is trial 416 with value: 0.8211124642173686.
[I 2025-04-07 06:54:46,777] Trial 475 finished with value: 0.8184711832299172 and parameters: {'max_depth': 19, 'learning_rate': 0.016733322327323493, 'n_estimators': 130, 'gamma': 0.2865500091723925, 'min_child_weight': 5, 'subsample': 0.6640600198863529, 'colsample_bytree': 0.7622142680622146}. Best is trial 416 with value: 0.8211124642173686.
[I 2025-04-07 06:54:54,879] Trial 476 finished with value: 0.8196869755614952 and parameters: {'max_depth': 30, 'learning_rate': 0.010969112286500347, 'n_estimators': 238, 'gamma': 0.17155002416004048, 'min_child_weight': 5, 'subsample': 0.6351263265263366, 'colsample_bytree': 0.8287693431213295}. Best is trial 416 with value: 0.8211124642173686.
[I 2025-04-07 06:55:02,439] Trial 477 finished with value: 0.8192258474926237 and parameters: {'max_depth': 27, 'learning_rate': 0.013254544167710379, 'n_estimators': 247, 'gamma': 0.3061139025470642, 'min_child_weight': 5, 'subsample': 0.5994212844665929, 'colsample_bytree': 0.8451584043276845}. Best is trial 416 with value: 0.8211124642173686.
[I 2025-04-07 06:55:09,300] Trial 478 finished with value: 0.8182615747696644 and parameters: {'max_depth': 22, 'learning_rate': 0.0069953641456571266, 'n_estimators': 263, 'gamma': 0.263240251595272, 'min_child_weight': 5, 'subsample': 0.5562605359037844, 'colsample_bytree': 0.7911236022966301}. Best is trial 416 with value: 0.8211124642173686.
[I 2025-04-07 06:55:14,491] Trial 479 finished with value: 0.819938635752582 and parameters: {'max_depth': 29, 'learning_rate': 0.019141834039336402, 'n_estimators': 152, 'gamma': 0.20791771603366557, 'min_child_weight': 5, 'subsample': 0.6127224994268152, 'colsample_bytree': 0.8178682595517371}. Best is trial 416 with value: 0.8211124642173686.
[I 2025-04-07 06:55:21,186] Trial 480 finished with value: 0.8204416398242016 and parameters: {'max_depth': 28, 'learning_rate': 0.01510778855042982, 'n_estimators': 240, 'gamma': 0.15526304742454294, 'min_child_weight': 5, 'subsample': 0.5733008816565713, 'colsample_bytree': 0.8071717247199219}. Best is trial 416 with value: 0.8211124642173686.
[I 2025-04-07 06:55:27,511] Trial 481 finished with value: 0.8054325634685913 and parameters: {'max_depth': 28, 'learning_rate': 0.12722238257953525, 'n_estimators': 235, 'gamma': 0.1544191946441167, 'min_child_weight': 5, 'subsample': 0.5697031579297913, 'colsample_bytree': 0.8353596620413308}. Best is trial 416 with value: 0.8211124642173686.
[I 2025-04-07 06:55:34,838] Trial 482 finished with value: 0.8190162214595624 and parameters: {'max_depth': 27, 'learning_rate': 0.015632174610198495, 'n_estimators': 241, 'gamma': 0.1611468077920097, 'min_child_weight': 5, 'subsample': 0.659173190647381, 'colsample_bytree': 0.8104476859881159}. Best is trial 416 with value: 0.8211124642173686.
[I 2025-04-07 06:55:41,359] Trial 483 finished with value: 0.820106350637278 and parameters: {'max_depth': 29, 'learning_rate': 0.024407896646015132, 'n_estimators': 234, 'gamma': 0.18179372709007377, 'min_child_weight': 5, 'subsample': 0.5429628920869011, 'colsample_bytree': 0.8216674380105541}. Best is trial 416 with value: 0.8211124642173686.
[I 2025-04-07 06:55:48,921] Trial 484 finished with value: 0.8185967409469284 and parameters: {'max_depth': 28, 'learning_rate': 0.017900221943945343, 'n_estimators': 242, 'gamma': 0.17017500952117284, 'min_child_weight': 5, 'subsample': 0.6717116650129701, 'colsample_bytree': 0.829978614927674}. Best is trial 416 with value: 0.8211124642173686.
[I 2025-04-07 06:55:56,408] Trial 485 finished with value: 0.81830336290837 and parameters: {'max_depth': 27, 'learning_rate': 0.021646782427713278, 'n_estimators': 247, 'gamma': 0.15379315068617708, 'min_child_weight': 5, 'subsample': 0.646873896894415, 'colsample_bytree': 0.8731180178145939}. Best is trial 416 with value: 0.8211124642173686.
[I 2025-04-07 06:56:02,778] Trial 486 finished with value: 0.8175910842598597 and parameters: {'max_depth': 28, 'learning_rate': 0.029888205418179853, 'n_estimators': 238, 'gamma': 0.17459792105711544, 'min_child_weight': 5, 'subsample': 0.5164010024616135, 'colsample_bytree': 0.843520483982723}. Best is trial 416 with value: 0.8211124642173686.
[I 2025-04-07 06:56:09,586] Trial 487 finished with value: 0.8157461502369692 and parameters: {'max_depth': 30, 'learning_rate': 0.041171370074977114, 'n_estimators': 242, 'gamma': 0.2005105562004545, 'min_child_weight': 5, 'subsample': 0.5896594780894086, 'colsample_bytree': 0.813494726253567}. Best is trial 416 with value: 0.8211124642173686.
[I 2025-04-07 06:56:16,873] Trial 488 finished with value: 0.8198545498637229 and parameters: {'max_depth': 29, 'learning_rate': 0.012618109981738165, 'n_estimators': 252, 'gamma': 0.16322141440200852, 'min_child_weight': 5, 'subsample': 0.5650197779653139, 'colsample_bytree': 0.824391216770329}. Best is trial 416 with value: 0.8211124642173686.
[I 2025-04-07 06:56:23,825] Trial 489 finished with value: 0.8197287285545837 and parameters: {'max_depth': 26, 'learning_rate': 0.015505514451241592, 'n_estimators': 233, 'gamma': 0.14700285709448555, 'min_child_weight': 5, 'subsample': 0.6789585534325367, 'colsample_bytree': 0.8019760223387755}. Best is trial 416 with value: 0.8211124642173686.
[I 2025-04-07 06:56:31,206] Trial 490 finished with value: 0.8192259705022835 and parameters: {'max_depth': 28, 'learning_rate': 0.012439582617310587, 'n_estimators': 246, 'gamma': 0.1775377570426249, 'min_child_weight': 5, 'subsample': 0.655606365563595, 'colsample_bytree': 0.7797917598046893}. Best is trial 416 with value: 0.8211124642173686.
[I 2025-04-07 06:56:38,516] Trial 491 finished with value: 0.8199803184544363 and parameters: {'max_depth': 29, 'learning_rate': 0.019767629562490157, 'n_estimators': 238, 'gamma': 0.21867206974118775, 'min_child_weight': 5, 'subsample': 0.6255345024978883, 'colsample_bytree': 0.8522462284901455}. Best is trial 416 with value: 0.8211124642173686.
[I 2025-04-07 06:56:44,782] Trial 492 finished with value: 0.820776981729551 and parameters: {'max_depth': 27, 'learning_rate': 0.015261409785330316, 'n_estimators': 251, 'gamma': 0.19591299530348114, 'min_child_weight': 6, 'subsample': 0.5552369590057886, 'colsample_bytree': 0.8324782181882442}. Best is trial 416 with value: 0.8211124642173686.
[I 2025-04-07 06:56:51,258] Trial 493 finished with value: 0.6377394866279713 and parameters: {'max_depth': 27, 'learning_rate': 0.00046833773107490806, 'n_estimators': 255, 'gamma': 0.0054801365131516705, 'min_child_weight': 6, 'subsample': 0.5289819818917473, 'colsample_bytree': 0.7460373079917753}. Best is trial 416 with value: 0.8211124642173686.
[I 2025-04-07 06:56:58,754] Trial 494 finished with value: 0.8199804238912876 and parameters: {'max_depth': 27, 'learning_rate': 0.010457528882188665, 'n_estimators': 250, 'gamma': 0.1916849974637048, 'min_child_weight': 4, 'subsample': 0.5381706442153904, 'colsample_bytree': 0.833474901364015}. Best is trial 416 with value: 0.8211124642173686.
[I 2025-04-07 06:57:05,309] Trial 495 finished with value: 0.8201064560741292 and parameters: {'max_depth': 26, 'learning_rate': 0.014512109654081834, 'n_estimators': 254, 'gamma': 0.20462189342501466, 'min_child_weight': 6, 'subsample': 0.5532745704568642, 'colsample_bytree': 0.8204481198692736}. Best is trial 416 with value: 0.8211124642173686.
[I 2025-04-07 06:57:11,813] Trial 496 finished with value: 0.8183873257875695 and parameters: {'max_depth': 27, 'learning_rate': 0.02456598235051263, 'n_estimators': 247, 'gamma': 0.18767449776173034, 'min_child_weight': 6, 'subsample': 0.5490270510603735, 'colsample_bytree': 0.8089642327125675}. Best is trial 416 with value: 0.8211124642173686.
[I 2025-04-07 06:57:19,499] Trial 497 finished with value: 0.8198129023074856 and parameters: {'max_depth': 28, 'learning_rate': 0.011282348100524668, 'n_estimators': 243, 'gamma': 0.2257712737562988, 'min_child_weight': 4, 'subsample': 0.5519480927525127, 'colsample_bytree': 0.835135791562039}. Best is trial 416 with value: 0.8211124642173686.
[I 2025-04-07 06:57:25,771] Trial 498 finished with value: 0.8192678289322235 and parameters: {'max_depth': 27, 'learning_rate': 0.018909049625590254, 'n_estimators': 251, 'gamma': 0.20287606645435036, 'min_child_weight': 6, 'subsample': 0.5631160506396893, 'colsample_bytree': 0.7931097599980776}. Best is trial 416 with value: 0.8211124642173686.
[I 2025-04-07 06:57:32,309] Trial 499 finished with value: 0.8195611366795476 and parameters: {'max_depth': 28, 'learning_rate': 0.014182906585066497, 'n_estimators': 246, 'gamma': 0.18660635823564542, 'min_child_weight': 6, 'subsample': 0.5595229953841105, 'colsample_bytree': 0.8178172193635515}. Best is trial 416 with value: 0.8211124642173686.
[I 2025-04-07 06:57:39,008] Trial 500 finished with value: 0.8197289921467119 and parameters: {'max_depth': 27, 'learning_rate': 0.008889387590781178, 'n_estimators': 259, 'gamma': 0.16153146842798483, 'min_child_weight': 6, 'subsample': 0.5448046916595396, 'colsample_bytree': 0.8272391062813979}. Best is trial 416 with value: 0.8211124642173686.
[I 2025-04-07 06:57:46,185] Trial 501 finished with value: 0.8195610663883134 and parameters: {'max_depth': 26, 'learning_rate': 0.01900826170328652, 'n_estimators': 256, 'gamma': 0.17256561999683612, 'min_child_weight': 5, 'subsample': 0.5696952297212979, 'colsample_bytree': 0.812666549790517}. Best is trial 416 with value: 0.8211124642173686.
[I 2025-04-07 06:57:58,155] Trial 502 finished with value: 0.8194356316809623 and parameters: {'max_depth': 28, 'learning_rate': 0.012661320909423767, 'n_estimators': 242, 'gamma': 0.19945502156992528, 'min_child_weight': 4, 'subsample': 0.6640282637376014, 'colsample_bytree': 0.8426208005751034}. Best is trial 416 with value: 0.8211124642173686.
[I 2025-04-07 06:58:05,433] Trial 503 finished with value: 0.820064421916104 and parameters: {'max_depth': 29, 'learning_rate': 0.010081643916612823, 'n_estimators': 251, 'gamma': 0.1817985073125161, 'min_child_weight': 6, 'subsample': 0.6861241897589557, 'colsample_bytree': 0.7995115302223089}. Best is trial 416 with value: 0.8211124642173686.
