[I 2025-04-07 06:19:47,319] Trial 189 finished with value: 0.8186807213989361 and parameters: {'max_depth': 23, 'learning_rate': 0.014898777309281819, 'n_estimators': 256, 'gamma': 0.07273490125530377, 'min_child_weight': 4, 'subsample': 0.6976160916680632, 'colsample_bytree': 0.8711543433703532}. Best is trial 180 with value: 0.8202739425123143.
[I 2025-04-07 06:19:54,939] Trial 190 finished with value: 0.8196452225684066 and parameters: {'max_depth': 26, 'learning_rate': 0.011096752688768925, 'n_estimators': 236, 'gamma': 0.19495528477512938, 'min_child_weight': 5, 'subsample': 0.7484863370188275, 'colsample_bytree': 0.8263673679954231}. Best is trial 180 with value: 0.8202739425123143.
[I 2025-04-07 06:20:02,858] Trial 191 finished with value: 0.8194354032344512 and parameters: {'max_depth': 25, 'learning_rate': 0.009748989669099262, 'n_estimators': 230, 'gamma': 0.17276180395166787, 'min_child_weight': 5, 'subsample': 0.7283542554439362, 'colsample_bytree': 0.8988751472299918}. Best is trial 180 with value: 0.8202739425123143.
[I 2025-04-07 06:20:09,590] Trial 192 finished with value: 0.8194355262441109 and parameters: {'max_depth': 25, 'learning_rate': 0.009581579425218319, 'n_estimators': 224, 'gamma': 0.039213332049125305, 'min_child_weight': 5, 'subsample': 0.6831078988062785, 'colsample_bytree': 0.8821498391502451}. Best is trial 180 with value: 0.8202739425123143.
[I 2025-04-07 06:20:16,699] Trial 193 finished with value: 0.8188483484195894 and parameters: {'max_depth': 24, 'learning_rate': 0.017919320806893856, 'n_estimators': 218, 'gamma': 0.22293576777586369, 'min_child_weight': 5, 'subsample': 0.7359337314148585, 'colsample_bytree': 0.869797678423935}. Best is trial 180 with value: 0.8202739425123143.
[I 2025-04-07 06:20:24,224] Trial 194 finished with value: 0.8157463435378632 and parameters: {'max_depth': 26, 'learning_rate': 0.0052566654347085875, 'n_estimators': 230, 'gamma': 0.14194764678325988, 'min_child_weight': 5, 'subsample': 0.7209444721174358, 'colsample_bytree': 0.8885357533052058}. Best is trial 180 with value: 0.8202739425123143.
[I 2025-04-07 06:20:31,222] Trial 195 finished with value: 0.8201901202155832 and parameters: {'max_depth': 22, 'learning_rate': 0.012697307235499607, 'n_estimators': 242, 'gamma': 0.16666392439183103, 'min_child_weight': 5, 'subsample': 0.7061252236754451, 'colsample_bytree': 0.8564437101138214}. Best is trial 180 with value: 0.8202739425123143.
[I 2025-04-07 06:20:38,236] Trial 196 finished with value: 0.8183035034908384 and parameters: {'max_depth': 22, 'learning_rate': 0.023601367213416886, 'n_estimators': 242, 'gamma': 0.061415813200060065, 'min_child_weight': 5, 'subsample': 0.6087479475720181, 'colsample_bytree': 0.8580783541027529}. Best is trial 180 with value: 0.8202739425123143.
[I 2025-04-07 06:20:46,162] Trial 197 finished with value: 0.820273907366697 and parameters: {'max_depth': 27, 'learning_rate': 0.013558207143612177, 'n_estimators': 235, 'gamma': 0.17758250956635818, 'min_child_weight': 5, 'subsample': 0.6750881302223435, 'colsample_bytree': 0.8348747522120691}. Best is trial 180 with value: 0.8202739425123143.
[I 2025-04-07 06:20:53,184] Trial 198 finished with value: 0.8198547607374254 and parameters: {'max_depth': 27, 'learning_rate': 0.017962286963502258, 'n_estimators': 236, 'gamma': 0.12447140961598896, 'min_child_weight': 5, 'subsample': 0.6554063014163956, 'colsample_bytree': 0.8438885644954941}. Best is trial 180 with value: 0.8202739425123143.
[I 2025-04-07 06:21:00,512] Trial 199 finished with value: 0.8187227379841528 and parameters: {'max_depth': 27, 'learning_rate': 0.024068118341611152, 'n_estimators': 239, 'gamma': 0.09831312452470053, 'min_child_weight': 5, 'subsample': 0.6574080718391666, 'colsample_bytree': 0.8408599201117849}. Best is trial 180 with value: 0.8202739425123143.
[I 2025-04-07 06:21:07,748] Trial 200 finished with value: 0.8195191025215223 and parameters: {'max_depth': 28, 'learning_rate': 0.018743622172675972, 'n_estimators': 237, 'gamma': 0.1267462836208285, 'min_child_weight': 5, 'subsample': 0.6421218308261183, 'colsample_bytree': 0.8338938005894201}. Best is trial 180 with value: 0.8202739425123143.
[I 2025-04-07 06:21:14,914] Trial 201 finished with value: 0.8199803887456705 and parameters: {'max_depth': 27, 'learning_rate': 0.014385177217609192, 'n_estimators': 233, 'gamma': 0.1451158772047588, 'min_child_weight': 5, 'subsample': 0.6748786476547122, 'colsample_bytree': 0.8481182805646698}. Best is trial 180 with value: 0.8202739425123143.
[I 2025-04-07 06:21:22,544] Trial 202 finished with value: 0.820190014778732 and parameters: {'max_depth': 27, 'learning_rate': 0.015406722265437317, 'n_estimators': 244, 'gamma': 0.20010262683893684, 'min_child_weight': 5, 'subsample': 0.670786392981046, 'colsample_bytree': 0.8499286601839374}. Best is trial 180 with value: 0.8202739425123143.
[I 2025-04-07 06:21:30,397] Trial 203 finished with value: 0.8200643340520613 and parameters: {'max_depth': 27, 'learning_rate': 0.01404687837545477, 'n_estimators': 255, 'gamma': 0.2041628248089531, 'min_child_weight': 5, 'subsample': 0.6710394861156901, 'colsample_bytree': 0.8125463843651856}. Best is trial 180 with value: 0.8202739425123143.
[I 2025-04-07 06:21:38,579] Trial 204 finished with value: 0.8201061573363839 and parameters: {'max_depth': 26, 'learning_rate': 0.0137856948744759, 'n_estimators': 256, 'gamma': 0.20774595411798488, 'min_child_weight': 5, 'subsample': 0.673513626817513, 'colsample_bytree': 0.8108204309737399}. Best is trial 180 with value: 0.8202739425123143.
[I 2025-04-07 06:21:46,326] Trial 205 finished with value: 0.8189323112987887 and parameters: {'max_depth': 27, 'learning_rate': 0.015189951158784912, 'n_estimators': 252, 'gamma': 0.20422852218990759, 'min_child_weight': 5, 'subsample': 0.6687632126260064, 'colsample_bytree': 0.8276201608733476}. Best is trial 180 with value: 0.8202739425123143.
[I 2025-04-07 06:21:58,207] Trial 206 finished with value: 0.6377394866279713 and parameters: {'max_depth': 27, 'learning_rate': 0.00047804372200584285, 'n_estimators': 258, 'gamma': 0.21294341885613907, 'min_child_weight': 5, 'subsample': 0.6573626207836085, 'colsample_bytree': 0.811030514930005}. Best is trial 180 with value: 0.8202739425123143.
[I 2025-04-07 06:22:06,413] Trial 207 finished with value: 0.8197707627126091 and parameters: {'max_depth': 27, 'learning_rate': 0.013760451821594846, 'n_estimators': 262, 'gamma': 0.19395906784302683, 'min_child_weight': 5, 'subsample': 0.673349777019677, 'colsample_bytree': 0.8503386596749927}. Best is trial 180 with value: 0.8202739425123143.
[I 2025-04-07 06:22:15,147] Trial 208 finished with value: 0.8184711129386832 and parameters: {'max_depth': 26, 'learning_rate': 0.019650012381683825, 'n_estimators': 253, 'gamma': 0.18012336622873737, 'min_child_weight': 4, 'subsample': 0.6838148048260437, 'colsample_bytree': 0.8016149140965438}. Best is trial 180 with value: 0.8202739425123143.
[I 2025-04-07 06:22:23,053] Trial 209 finished with value: 0.8187647545693697 and parameters: {'max_depth': 27, 'learning_rate': 0.00834990100534419, 'n_estimators': 248, 'gamma': 0.19694997350195967, 'min_child_weight': 5, 'subsample': 0.6654702636086046, 'colsample_bytree': 0.8364361286676548}. Best is trial 180 with value: 0.8202739425123143.
[I 2025-04-07 06:22:31,130] Trial 210 finished with value: 0.8199803536000534 and parameters: {'max_depth': 26, 'learning_rate': 0.016188960157187876, 'n_estimators': 271, 'gamma': 0.17169413515086146, 'min_child_weight': 5, 'subsample': 0.6508280394851818, 'colsample_bytree': 0.8433039180464497}. Best is trial 180 with value: 0.8202739425123143.
[I 2025-04-07 06:22:37,788] Trial 211 finished with value: 0.8197708857222687 and parameters: {'max_depth': 26, 'learning_rate': 0.015434491354772773, 'n_estimators': 241, 'gamma': 0.1741822865710968, 'min_child_weight': 5, 'subsample': 0.6513452087091313, 'colsample_bytree': 0.8215476588534879}. Best is trial 180 with value: 0.8202739425123143.
[I 2025-04-07 06:22:46,005] Trial 212 finished with value: 0.8194352450791744 and parameters: {'max_depth': 27, 'learning_rate': 0.010345990846525654, 'n_estimators': 271, 'gamma': 0.23028154104419585, 'min_child_weight': 5, 'subsample': 0.6343721590959986, 'colsample_bytree': 0.8452839472876561}. Best is trial 180 with value: 0.8202739425123143.
[I 2025-04-07 06:22:53,587] Trial 213 finished with value: 0.8204415343873505 and parameters: {'max_depth': 26, 'learning_rate': 0.013312715272662645, 'n_estimators': 245, 'gamma': 0.21582923575857213, 'min_child_weight': 5, 'subsample': 0.6759242486685352, 'colsample_bytree': 0.8187715851463581}. Best is trial 213 with value: 0.8204415343873505.
[I 2025-04-07 06:23:02,016] Trial 214 finished with value: 0.8195612948348245 and parameters: {'max_depth': 26, 'learning_rate': 0.013922658645453608, 'n_estimators': 263, 'gamma': 0.21861467870556464, 'min_child_weight': 5, 'subsample': 0.6765065370022744, 'colsample_bytree': 0.8118905472412578}. Best is trial 213 with value: 0.8204415343873505.
[I 2025-04-07 06:23:10,434] Trial 215 finished with value: 0.82027387222108 and parameters: {'max_depth': 26, 'learning_rate': 0.011589824330637363, 'n_estimators': 275, 'gamma': 0.18657408538451617, 'min_child_weight': 5, 'subsample': 0.6674648740811504, 'colsample_bytree': 0.8157394794500904}. Best is trial 213 with value: 0.8204415343873505.
[I 2025-04-07 06:23:11,850] Trial 216 finished with value: 0.8011570288598235 and parameters: {'max_depth': 3, 'learning_rate': 0.018347594213560213, 'n_estimators': 283, 'gamma': 0.2062668935867395, 'min_child_weight': 5, 'subsample': 0.6625542089445002, 'colsample_bytree': 0.8183785227143678}. Best is trial 213 with value: 0.8204415343873505.
[I 2025-04-07 06:23:19,736] Trial 217 finished with value: 0.8188905055872745 and parameters: {'max_depth': 27, 'learning_rate': 0.008500098027179194, 'n_estimators': 266, 'gamma': 0.1859078048871361, 'min_child_weight': 5, 'subsample': 0.6423742896476484, 'colsample_bytree': 0.7839581095607262}. Best is trial 213 with value: 0.8204415343873505.
[I 2025-04-07 06:23:28,193] Trial 218 finished with value: 0.8199386006069649 and parameters: {'max_depth': 26, 'learning_rate': 0.011518311811449758, 'n_estimators': 276, 'gamma': 0.19528579321028108, 'min_child_weight': 5, 'subsample': 0.679040346473736, 'colsample_bytree': 0.7942664616473235}. Best is trial 213 with value: 0.8204415343873505.
[I 2025-04-07 06:23:36,357] Trial 219 finished with value: 0.8195612948348243 and parameters: {'max_depth': 27, 'learning_rate': 0.011369546420923244, 'n_estimators': 273, 'gamma': 0.19625995221910222, 'min_child_weight': 5, 'subsample': 0.6754640233913554, 'colsample_bytree': 0.8018399251547933}. Best is trial 213 with value: 0.8204415343873505.
[I 2025-04-07 06:23:44,745] Trial 220 finished with value: 0.8182196460484903 and parameters: {'max_depth': 26, 'learning_rate': 0.006836100036760949, 'n_estimators': 278, 'gamma': 0.21645087364439977, 'min_child_weight': 5, 'subsample': 0.6562282547212152, 'colsample_bytree': 0.789759957457503}. Best is trial 213 with value: 0.8204415343873505.
[I 2025-04-07 06:23:53,503] Trial 221 finished with value: 0.8189324343084486 and parameters: {'max_depth': 26, 'learning_rate': 0.014234560044246674, 'n_estimators': 284, 'gamma': 0.18449705154584628, 'min_child_weight': 5, 'subsample': 0.6858913036616964, 'colsample_bytree': 0.8274148625159055}. Best is trial 213 with value: 0.8204415343873505.
[I 2025-04-07 06:24:00,449] Trial 222 finished with value: 0.8198964785848968 and parameters: {'max_depth': 27, 'learning_rate': 0.016111164324251203, 'n_estimators': 244, 'gamma': 0.2033080047311828, 'min_child_weight': 5, 'subsample': 0.6697436173200575, 'colsample_bytree': 0.8372352184230853}. Best is trial 213 with value: 0.8204415343873505.
[I 2025-04-07 06:24:08,031] Trial 223 finished with value: 0.8199801602991595 and parameters: {'max_depth': 28, 'learning_rate': 0.016788590792812547, 'n_estimators': 246, 'gamma': 0.19976326094492347, 'min_child_weight': 5, 'subsample': 0.6685228072103562, 'colsample_bytree': 0.8357500067686431}. Best is trial 213 with value: 0.8204415343873505.
[I 2025-04-07 06:24:15,858] Trial 224 finished with value: 0.8204416749698188 and parameters: {'max_depth': 28, 'learning_rate': 0.011531431179497233, 'n_estimators': 244, 'gamma': 0.2002703451789466, 'min_child_weight': 5, 'subsample': 0.670913091921423, 'colsample_bytree': 0.8136449439876854}. Best is trial 224 with value: 0.8204416749698188.
[I 2025-04-07 06:24:23,657] Trial 225 finished with value: 0.819519453977693 and parameters: {'max_depth': 28, 'learning_rate': 0.009072677997577383, 'n_estimators': 255, 'gamma': 0.22796348152270052, 'min_child_weight': 5, 'subsample': 0.6797448678978979, 'colsample_bytree': 0.8103872814819499}. Best is trial 224 with value: 0.8204416749698188.
[I 2025-04-07 06:24:30,782] Trial 226 finished with value: 0.8200643867704868 and parameters: {'max_depth': 28, 'learning_rate': 0.011551915291531895, 'n_estimators': 245, 'gamma': 0.18653664654705063, 'min_child_weight': 5, 'subsample': 0.6665001914567624, 'colsample_bytree': 0.8218144822974921}. Best is trial 224 with value: 0.8204416749698188.
[I 2025-04-07 06:24:38,789] Trial 227 finished with value: 0.8198966718857907 and parameters: {'max_depth': 28, 'learning_rate': 0.010669308560015241, 'n_estimators': 250, 'gamma': 0.1864295878609384, 'min_child_weight': 5, 'subsample': 0.6677654640728194, 'colsample_bytree': 0.8212274525568943}. Best is trial 224 with value: 0.8204416749698188.
[I 2025-04-07 06:24:46,935] Trial 228 finished with value: 0.8193935623773199 and parameters: {'max_depth': 28, 'learning_rate': 0.007695994538678991, 'n_estimators': 276, 'gamma': 0.20849279736808327, 'min_child_weight': 5, 'subsample': 0.6454134387640973, 'colsample_bytree': 0.8070497601688724}. Best is trial 224 with value: 0.8204416749698188.
[I 2025-04-07 06:24:54,834] Trial 229 finished with value: 0.8207350002899514 and parameters: {'max_depth': 28, 'learning_rate': 0.013075952567871568, 'n_estimators': 247, 'gamma': 0.17162293100076836, 'min_child_weight': 5, 'subsample': 0.6668368960558818, 'colsample_bytree': 0.8301267387607753}. Best is trial 229 with value: 0.8207350002899514.
[I 2025-04-07 06:25:02,150] Trial 230 finished with value: 0.8209865726169954 and parameters: {'max_depth': 28, 'learning_rate': 0.013785971383609034, 'n_estimators': 246, 'gamma': 0.17295599802050804, 'min_child_weight': 5, 'subsample': 0.6798597648382473, 'colsample_bytree': 0.7929868034044893}. Best is trial 230 with value: 0.8209865726169954.
[I 2025-04-07 06:25:10,284] Trial 231 finished with value: 0.8198126914337831 and parameters: {'max_depth': 28, 'learning_rate': 0.014706564311015692, 'n_estimators': 246, 'gamma': 0.1739188089567114, 'min_child_weight': 5, 'subsample': 0.6799314312207644, 'colsample_bytree': 0.8277586611211659}. Best is trial 230 with value: 0.8209865726169954.
[I 2025-04-07 06:25:18,404] Trial 232 finished with value: 0.8209027503202645 and parameters: {'max_depth': 28, 'learning_rate': 0.013624049717764423, 'n_estimators': 248, 'gamma': 0.17122652630079957, 'min_child_weight': 5, 'subsample': 0.672184200729023, 'colsample_bytree': 0.7965918537625427}. Best is trial 230 with value: 0.8209865726169954.
[I 2025-04-07 06:25:26,181] Trial 233 finished with value: 0.8201062100548094 and parameters: {'max_depth': 28, 'learning_rate': 0.01293937366766162, 'n_estimators': 248, 'gamma': 0.1691781969291878, 'min_child_weight': 5, 'subsample': 0.6675234727347282, 'colsample_bytree': 0.795153147196079}. Best is trial 230 with value: 0.8209865726169954.
[I 2025-04-07 06:25:33,263] Trial 234 finished with value: 0.8192257069101554 and parameters: {'max_depth': 28, 'learning_rate': 0.020435578755438725, 'n_estimators': 249, 'gamma': 0.17087101951446762, 'min_child_weight': 5, 'subsample': 0.6665393490249842, 'colsample_bytree': 0.7940841269905169}. Best is trial 230 with value: 0.8209865726169954.
[I 2025-04-07 06:25:40,784] Trial 235 finished with value: 0.8204417628338614 and parameters: {'max_depth': 28, 'learning_rate': 0.016201787870930285, 'n_estimators': 243, 'gamma': 0.1685912904312618, 'min_child_weight': 5, 'subsample': 0.6638808945232215, 'colsample_bytree': 0.8212107815194887}. Best is trial 230 with value: 0.8209865726169954.
[I 2025-04-07 06:25:52,569] Trial 236 finished with value: 0.8206513712941141 and parameters: {'max_depth': 28, 'learning_rate': 0.014146363726153183, 'n_estimators': 245, 'gamma': 0.16435055818560598, 'min_child_weight': 5, 'subsample': 0.6611582375204889, 'colsample_bytree': 0.8128856235916965}. Best is trial 230 with value: 0.8209865726169954.
[I 2025-04-07 06:26:00,242] Trial 237 finished with value: 0.82002237018527 and parameters: {'max_depth': 28, 'learning_rate': 0.012698136314755627, 'n_estimators': 244, 'gamma': 0.15992793701597424, 'min_child_weight': 5, 'subsample': 0.6635577260041178, 'colsample_bytree': 0.8205144307300408}. Best is trial 230 with value: 0.8209865726169954.
[I 2025-04-07 06:26:07,211] Trial 238 finished with value: 0.8197708330038431 and parameters: {'max_depth': 28, 'learning_rate': 0.01199596844842893, 'n_estimators': 243, 'gamma': 0.182349968253326, 'min_child_weight': 5, 'subsample': 0.66225027467798, 'colsample_bytree': 0.8122003973610293}. Best is trial 230 with value: 0.8209865726169954.
[I 2025-04-07 06:26:15,327] Trial 239 finished with value: 0.8193516512289543 and parameters: {'max_depth': 28, 'learning_rate': 0.009347243357843031, 'n_estimators': 251, 'gamma': 0.15851415036899372, 'min_child_weight': 5, 'subsample': 0.6885612090589361, 'colsample_bytree': 0.813879823906995}. Best is trial 230 with value: 0.8209865726169954.
[I 2025-04-07 06:26:23,032] Trial 240 finished with value: 0.8200224229036956 and parameters: {'max_depth': 28, 'learning_rate': 0.013546528347988652, 'n_estimators': 242, 'gamma': 0.1665663472257802, 'min_child_weight': 5, 'subsample': 0.6668781361874099, 'colsample_bytree': 0.8015696934533374}. Best is trial 230 with value: 0.8209865726169954.
[I 2025-04-07 06:26:30,395] Trial 241 finished with value: 0.8201062627732352 and parameters: {'max_depth': 28, 'learning_rate': 0.012912605950171593, 'n_estimators': 243, 'gamma': 0.17914168941575956, 'min_child_weight': 5, 'subsample': 0.663867973128169, 'colsample_bytree': 0.8022180884992696}. Best is trial 230 with value: 0.8209865726169954.
[I 2025-04-07 06:26:37,796] Trial 242 finished with value: 0.8205255324121667 and parameters: {'max_depth': 28, 'learning_rate': 0.013185372533101624, 'n_estimators': 241, 'gamma': 0.1776971810426076, 'min_child_weight': 5, 'subsample': 0.6730975062701446, 'colsample_bytree': 0.8048163737180408}. Best is trial 230 with value: 0.8209865726169954.
[I 2025-04-07 06:26:45,676] Trial 243 finished with value: 0.8194775076837105 and parameters: {'max_depth': 29, 'learning_rate': 0.010523146268308225, 'n_estimators': 252, 'gamma': 0.18102968378902828, 'min_child_weight': 5, 'subsample': 0.6753837798033159, 'colsample_bytree': 0.7792535203380296}. Best is trial 230 with value: 0.8209865726169954.
[I 2025-04-07 06:26:53,229] Trial 244 finished with value: 0.8195610663883134 and parameters: {'max_depth': 28, 'learning_rate': 0.01910457511446722, 'n_estimators': 240, 'gamma': 0.18893234498186168, 'min_child_weight': 5, 'subsample': 0.6830754558136346, 'colsample_bytree': 0.797768281345634}. Best is trial 230 with value: 0.8209865726169954.
[I 2025-04-07 06:27:00,485] Trial 245 finished with value: 0.8195193661136504 and parameters: {'max_depth': 27, 'learning_rate': 0.008613578462012215, 'n_estimators': 245, 'gamma': 0.1763091810993729, 'min_child_weight': 5, 'subsample': 0.6572140712949506, 'colsample_bytree': 0.766319279342214}. Best is trial 230 with value: 0.8209865726169954.
[I 2025-04-07 06:27:08,118] Trial 246 finished with value: 0.8203159239519138 and parameters: {'max_depth': 28, 'learning_rate': 0.013252535299950864, 'n_estimators': 248, 'gamma': 0.18682242178461772, 'min_child_weight': 5, 'subsample': 0.6890842328217108, 'colsample_bytree': 0.8047343932973141}. Best is trial 230 with value: 0.8209865726169954.
[I 2025-04-07 06:27:15,904] Trial 247 finished with value: 0.8192678465050319 and parameters: {'max_depth': 27, 'learning_rate': 0.013580459411457822, 'n_estimators': 249, 'gamma': 0.18904898103598455, 'min_child_weight': 5, 'subsample': 0.6885901667557335, 'colsample_bytree': 0.7880632175275718}. Best is trial 230 with value: 0.8209865726169954.
[I 2025-04-07 06:27:23,855] Trial 248 finished with value: 0.8199804766097133 and parameters: {'max_depth': 28, 'learning_rate': 0.011556990426101046, 'n_estimators': 257, 'gamma': 0.2100393965484464, 'min_child_weight': 5, 'subsample': 0.6729031656840408, 'colsample_bytree': 0.804721689648612}. Best is trial 230 with value: 0.8209865726169954.
[I 2025-04-07 06:27:31,450] Trial 249 finished with value: 0.8206092316992377 and parameters: {'max_depth': 28, 'learning_rate': 0.016407725420882157, 'n_estimators': 239, 'gamma': 0.16848104737703154, 'min_child_weight': 5, 'subsample': 0.6838155672476914, 'colsample_bytree': 0.8149056142775061}. Best is trial 230 with value: 0.8209865726169954.
[I 2025-04-07 06:27:38,386] Trial 250 finished with value: 0.8190161160227112 and parameters: {'max_depth': 28, 'learning_rate': 0.02193158294210033, 'n_estimators': 236, 'gamma': 0.16806982025896572, 'min_child_weight': 5, 'subsample': 0.6913196468225873, 'colsample_bytree': 0.7954262832604251}. Best is trial 230 with value: 0.8209865726169954.
[I 2025-04-07 06:27:46,048] Trial 251 finished with value: 0.8198966367401738 and parameters: {'max_depth': 29, 'learning_rate': 0.016772754173037103, 'n_estimators': 239, 'gamma': 0.15618553149532619, 'min_child_weight': 5, 'subsample': 0.6818755025077522, 'colsample_bytree': 0.8220745172693424}. Best is trial 230 with value: 0.8209865726169954.
