[I 2025-04-07 06:07:02,169] Trial 63 finished with value: 0.8167523692539111 and parameters: {'max_depth': 25, 'learning_rate': 0.010835000025322384, 'n_estimators': 171, 'gamma': 0.31178967953096115, 'min_child_weight': 7, 'subsample': 0.8462507725385713, 'colsample_bytree': 0.6660665469336999}. Best is trial 22 with value: 0.8198546553005741.
[I 2025-04-07 06:07:06,589] Trial 64 finished with value: 0.8158719188276828 and parameters: {'max_depth': 28, 'learning_rate': 0.04477248189157968, 'n_estimators': 158, 'gamma': 0.23787501339908518, 'min_child_weight': 7, 'subsample': 0.8829781141876663, 'colsample_bytree': 0.5577176986228213}. Best is trial 22 with value: 0.8198546553005741.
[I 2025-04-07 06:07:11,473] Trial 65 finished with value: 0.8132729355903849 and parameters: {'max_depth': 32, 'learning_rate': 0.07250799721913025, 'n_estimators': 186, 'gamma': 0.4050946811989571, 'min_child_weight': 7, 'subsample': 0.8045653647603379, 'colsample_bytree': 0.6272235045875593}. Best is trial 22 with value: 0.8198546553005741.
[I 2025-04-07 06:07:15,273] Trial 66 finished with value: 0.819519453977693 and parameters: {'max_depth': 26, 'learning_rate': 0.025746663565505232, 'n_estimators': 138, 'gamma': 0.204810153651428, 'min_child_weight': 7, 'subsample': 0.842921252911441, 'colsample_bytree': 0.5877888042526042}. Best is trial 22 with value: 0.8198546553005741.
[I 2025-04-07 06:07:19,131] Trial 67 finished with value: 0.817171744329694 and parameters: {'max_depth': 26, 'learning_rate': 0.025235261245464602, 'n_estimators': 133, 'gamma': 0.15201162528686876, 'min_child_weight': 7, 'subsample': 0.9032179923487672, 'colsample_bytree': 0.6331705220847408}. Best is trial 22 with value: 0.8198546553005741.
[I 2025-04-07 06:07:22,662] Trial 68 finished with value: 0.8175070159438093 and parameters: {'max_depth': 25, 'learning_rate': 0.03424826613440039, 'n_estimators': 106, 'gamma': 0.1989661671144659, 'min_child_weight': 7, 'subsample': 0.9295955423748924, 'colsample_bytree': 0.5885351390510424}. Best is trial 22 with value: 0.8198546553005741.
[I 2025-04-07 06:07:26,585] Trial 69 finished with value: 0.8166685821027974 and parameters: {'max_depth': 29, 'learning_rate': 0.01769179683940035, 'n_estimators': 139, 'gamma': 0.29215763433354724, 'min_child_weight': 7, 'subsample': 0.83700421455651, 'colsample_bytree': 0.5752410862326572}. Best is trial 22 with value: 0.8198546553005741.
[I 2025-04-07 06:07:32,309] Trial 70 finished with value: 0.8183875190884633 and parameters: {'max_depth': 24, 'learning_rate': 0.013401207693729373, 'n_estimators': 227, 'gamma': 0.2005549871938985, 'min_child_weight': 6, 'subsample': 0.5580474253557378, 'colsample_bytree': 0.6131834620900328}. Best is trial 22 with value: 0.8198546553005741.
[I 2025-04-07 06:07:35,952] Trial 71 finished with value: 0.8152851451777577 and parameters: {'max_depth': 31, 'learning_rate': 0.058643685890828856, 'n_estimators': 123, 'gamma': 0.1535752841563262, 'min_child_weight': 7, 'subsample': 0.8537596945380179, 'colsample_bytree': 0.5188409538062715}. Best is trial 22 with value: 0.8198546553005741.
[I 2025-04-07 06:07:43,065] Trial 72 finished with value: 0.8172550745877858 and parameters: {'max_depth': 28, 'learning_rate': 0.02450466501315003, 'n_estimators': 199, 'gamma': 0.2679515484164893, 'min_child_weight': 4, 'subsample': 0.7852534547717103, 'colsample_bytree': 0.6654578310958517}. Best is trial 22 with value: 0.8198546553005741.
[I 2025-04-07 06:07:47,812] Trial 73 finished with value: 0.7909693864102443 and parameters: {'max_depth': 26, 'learning_rate': 0.005009848327198696, 'n_estimators': 176, 'gamma': 0.3531133779278516, 'min_child_weight': 7, 'subsample': 0.8759685198294642, 'colsample_bytree': 0.5731236286523445}. Best is trial 22 with value: 0.8198546553005741.
[I 2025-04-07 06:07:52,708] Trial 74 finished with value: 0.8087448445772949 and parameters: {'max_depth': 30, 'learning_rate': 0.11589597980404012, 'n_estimators': 186, 'gamma': 0.33489557689460664, 'min_child_weight': 6, 'subsample': 0.7209424113915236, 'colsample_bytree': 0.6450899644753334}. Best is trial 22 with value: 0.8198546553005741.
[I 2025-04-07 06:07:58,265] Trial 75 finished with value: 0.6377394866279713 and parameters: {'max_depth': 27, 'learning_rate': 6.815953213334388e-05, 'n_estimators': 218, 'gamma': 0.1030741072852778, 'min_child_weight': 7, 'subsample': 0.8287852413691672, 'colsample_bytree': 0.7955886179132241}. Best is trial 22 with value: 0.8198546553005741.
[I 2025-04-07 06:08:00,460] Trial 76 finished with value: 0.8180523177655823 and parameters: {'max_depth': 29, 'learning_rate': 0.037921962073757115, 'n_estimators': 82, 'gamma': 0.17534021348043002, 'min_child_weight': 6, 'subsample': 0.5025605213424604, 'colsample_bytree': 0.8127573788851358}. Best is trial 22 with value: 0.8198546553005741.
[I 2025-04-07 06:08:05,765] Trial 77 finished with value: 0.8097930801794536 and parameters: {'max_depth': 31, 'learning_rate': 0.00843008876435742, 'n_estimators': 158, 'gamma': 0.29508699124133936, 'min_child_weight': 4, 'subsample': 0.5225307064107699, 'colsample_bytree': 0.7069591399466164}. Best is trial 22 with value: 0.8198546553005741.
[I 2025-04-07 06:08:09,629] Trial 78 finished with value: 0.7960001300387832 and parameters: {'max_depth': 23, 'learning_rate': 0.013029486882788974, 'n_estimators': 100, 'gamma': 0.2408454158083355, 'min_child_weight': 3, 'subsample': 0.7663979514112599, 'colsample_bytree': 0.5374166835390191}. Best is trial 22 with value: 0.8198546553005741.
[I 2025-04-07 06:08:13,444] Trial 79 finished with value: 0.8073612846425954 and parameters: {'max_depth': 32, 'learning_rate': 0.1575672664710362, 'n_estimators': 150, 'gamma': 0.32581140800764874, 'min_child_weight': 7, 'subsample': 0.5384420845071066, 'colsample_bytree': 0.6115670395302981}. Best is trial 22 with value: 0.8198546553005741.
[I 2025-04-07 06:08:16,299] Trial 80 finished with value: 0.8192260583663262 and parameters: {'max_depth': 28, 'learning_rate': 0.02117218639481213, 'n_estimators': 88, 'gamma': 0.37679414922862614, 'min_child_weight': 6, 'subsample': 0.855107378087709, 'colsample_bytree': 0.8963515722254701}. Best is trial 22 with value: 0.8198546553005741.
[I 2025-04-07 06:08:19,154] Trial 81 finished with value: 0.8173393713503472 and parameters: {'max_depth': 28, 'learning_rate': 0.018934567885501193, 'n_estimators': 86, 'gamma': 0.3683266391490404, 'min_child_weight': 6, 'subsample': 0.8599226532511681, 'colsample_bytree': 0.8978778563677028}. Best is trial 22 with value: 0.8198546553005741.
[I 2025-04-07 06:08:22,278] Trial 82 finished with value: 0.8141111761305027 and parameters: {'max_depth': 30, 'learning_rate': 0.08779330202033662, 'n_estimators': 96, 'gamma': 0.4264897202141522, 'min_child_weight': 6, 'subsample': 0.8886639083499241, 'colsample_bytree': 0.9808907048276618}. Best is trial 22 with value: 0.8198546553005741.
[I 2025-04-07 06:08:26,545] Trial 83 finished with value: 0.8177583598243423 and parameters: {'max_depth': 27, 'learning_rate': 0.052481029066714785, 'n_estimators': 110, 'gamma': 0.4010528185214812, 'min_child_weight': 6, 'subsample': 0.8470386145732696, 'colsample_bytree': 0.8785918034871497}. Best is trial 22 with value: 0.8198546553005741.
[I 2025-04-07 06:08:31,109] Trial 84 finished with value: 0.8197288515642436 and parameters: {'max_depth': 29, 'learning_rate': 0.030006575807863086, 'n_estimators': 179, 'gamma': 0.38936514796785504, 'min_child_weight': 7, 'subsample': 0.7980469249765001, 'colsample_bytree': 0.5765036054656316}. Best is trial 22 with value: 0.8198546553005741.
[I 2025-04-07 06:08:36,951] Trial 85 finished with value: 0.8191419021862331 and parameters: {'max_depth': 29, 'learning_rate': 0.0290228447366671, 'n_estimators': 201, 'gamma': 0.3184145401125348, 'min_child_weight': 7, 'subsample': 0.8176322214390601, 'colsample_bytree': 0.574244933034826}. Best is trial 22 with value: 0.8198546553005741.
[I 2025-04-07 06:08:42,324] Trial 86 finished with value: 0.6377394866279713 and parameters: {'max_depth': 26, 'learning_rate': 1.0638517817269551e-05, 'n_estimators': 210, 'gamma': 0.3877004566831009, 'min_child_weight': 7, 'subsample': 0.7926119341014538, 'colsample_bytree': 0.6324969566065837}. Best is trial 22 with value: 0.8198546553005741.
[I 2025-04-07 06:08:44,371] Trial 87 finished with value: 0.7458180933151278 and parameters: {'max_depth': 12, 'learning_rate': 0.007206872207245293, 'n_estimators': 74, 'gamma': 0.5861636847082098, 'min_child_weight': 7, 'subsample': 0.8306210922781827, 'colsample_bytree': 0.6655721287816592}. Best is trial 22 with value: 0.8198546553005741.
[I 2025-04-07 06:08:49,801] Trial 88 finished with value: 0.8159976522727792 and parameters: {'max_depth': 24, 'learning_rate': 0.036608312787974134, 'n_estimators': 190, 'gamma': 0.34058120275272413, 'min_child_weight': 6, 'subsample': 0.8026034937255538, 'colsample_bytree': 0.5992317608255929}. Best is trial 22 with value: 0.8198546553005741.
[I 2025-04-07 06:08:56,375] Trial 89 finished with value: 0.8139435666826579 and parameters: {'max_depth': 28, 'learning_rate': 0.010173015933631199, 'n_estimators': 270, 'gamma': 0.34801007863902056, 'min_child_weight': 7, 'subsample': 0.6022096001510164, 'colsample_bytree': 0.5572650056211436}. Best is trial 22 with value: 0.8198546553005741.
[I 2025-04-07 06:08:59,749] Trial 90 finished with value: 0.7752063311314604 and parameters: {'max_depth': 30, 'learning_rate': 0.003750273972488639, 'n_estimators': 142, 'gamma': 0.27029028655452103, 'min_child_weight': 7, 'subsample': 0.5814659368880233, 'colsample_bytree': 0.9155214722812482}. Best is trial 22 with value: 0.8198546553005741.
[I 2025-04-07 06:09:06,058] Trial 91 finished with value: 0.8181358061789508 and parameters: {'max_depth': 31, 'learning_rate': 0.020957866546972046, 'n_estimators': 172, 'gamma': 0.4574719660821656, 'min_child_weight': 5, 'subsample': 0.8771328022756637, 'colsample_bytree': 0.8544453100699547}. Best is trial 22 with value: 0.8198546553005741.
[I 2025-04-07 06:09:11,910] Trial 92 finished with value: 0.8188066305721179 and parameters: {'max_depth': 29, 'learning_rate': 0.015222300281328746, 'n_estimators': 179, 'gamma': 0.4110451565243057, 'min_child_weight': 4, 'subsample': 0.7381850422356119, 'colsample_bytree': 0.8307762361955575}. Best is trial 22 with value: 0.8198546553005741.
[I 2025-04-07 06:09:17,069] Trial 93 finished with value: 0.813356248275668 and parameters: {'max_depth': 27, 'learning_rate': 0.062046350455098626, 'n_estimators': 164, 'gamma': 0.4386793903759049, 'min_child_weight': 6, 'subsample': 0.7829746992319535, 'colsample_bytree': 0.9331863927577315}. Best is trial 22 with value: 0.8198546553005741.
[I 2025-04-07 06:09:20,205] Trial 94 finished with value: 0.8167104229599286 and parameters: {'max_depth': 19, 'learning_rate': 0.022805314112585996, 'n_estimators': 119, 'gamma': 0.48971606075544477, 'min_child_weight': 7, 'subsample': 0.8434941636985028, 'colsample_bytree': 0.5838087087166375}. Best is trial 22 with value: 0.8198546553005741.
[I 2025-04-07 06:09:22,766] Trial 95 finished with value: 0.8188066305721179 and parameters: {'max_depth': 30, 'learning_rate': 0.03161263166177269, 'n_estimators': 88, 'gamma': 0.3759661080755489, 'min_child_weight': 5, 'subsample': 0.5488672479727271, 'colsample_bytree': 0.8646809103215605}. Best is trial 22 with value: 0.8198546553005741.
[I 2025-04-07 06:09:24,792] Trial 96 finished with value: 0.7869864917820761 and parameters: {'max_depth': 32, 'learning_rate': 0.010866236483153003, 'n_estimators': 55, 'gamma': 0.38761425130408533, 'min_child_weight': 6, 'subsample': 0.8149147811661219, 'colsample_bytree': 0.8862187859095204}. Best is trial 22 with value: 0.8198546553005741.
[I 2025-04-07 06:09:30,182] Trial 97 finished with value: 0.8168360509681738 and parameters: {'max_depth': 28, 'learning_rate': 0.04152231501426557, 'n_estimators': 183, 'gamma': 0.36410449827637104, 'min_child_weight': 7, 'subsample': 0.9116048786188682, 'colsample_bytree': 0.7370271247273684}. Best is trial 22 with value: 0.8198546553005741.
[I 2025-04-07 06:09:31,863] Trial 98 finished with value: 0.69605525593917 and parameters: {'max_depth': 26, 'learning_rate': 0.005587553114418004, 'n_estimators': 67, 'gamma': 0.4313895809082562, 'min_child_weight': 7, 'subsample': 0.5670600326480247, 'colsample_bytree': 0.9062923702461276}. Best is trial 22 with value: 0.8198546553005741.
[I 2025-04-07 06:09:37,729] Trial 99 finished with value: 0.8158300252521258 and parameters: {'max_depth': 31, 'learning_rate': 0.017264356152930597, 'n_estimators': 203, 'gamma': 0.4636352917132638, 'min_child_weight': 6, 'subsample': 0.7035423416223561, 'colsample_bytree': 0.5479902177483544}. Best is trial 22 with value: 0.8198546553005741.
[I 2025-04-07 06:09:43,246] Trial 100 finished with value: 0.8146142329205481 and parameters: {'max_depth': 22, 'learning_rate': 0.05353198947558359, 'n_estimators': 189, 'gamma': 0.3107839701779089, 'min_child_weight': 4, 'subsample': 0.8559296236857997, 'colsample_bytree': 0.6050336970121484}. Best is trial 22 with value: 0.8198546553005741.
[I 2025-04-07 06:09:53,568] Trial 101 finished with value: 0.8192676883497552 and parameters: {'max_depth': 29, 'learning_rate': 0.026940661897001027, 'n_estimators': 200, 'gamma': 0.3296554170078066, 'min_child_weight': 7, 'subsample': 0.8212488857915433, 'colsample_bytree': 0.5765391468486312}. Best is trial 22 with value: 0.8198546553005741.
[I 2025-04-07 06:09:59,881] Trial 102 finished with value: 0.8173810013337761 and parameters: {'max_depth': 29, 'learning_rate': 0.027412524566858294, 'n_estimators': 230, 'gamma': 0.291990723047359, 'min_child_weight': 7, 'subsample': 0.7754318799981448, 'colsample_bytree': 0.5668152209903534}. Best is trial 22 with value: 0.8198546553005741.
[I 2025-04-07 06:10:05,149] Trial 103 finished with value: 0.8114702114536051 and parameters: {'max_depth': 30, 'learning_rate': 0.013226985264662696, 'n_estimators': 194, 'gamma': 0.32398915643485143, 'min_child_weight': 7, 'subsample': 0.8072428786935093, 'colsample_bytree': 0.5298616874587261}. Best is trial 22 with value: 0.8198546553005741.
[I 2025-04-07 06:10:11,505] Trial 104 finished with value: 0.8184292017903176 and parameters: {'max_depth': 27, 'learning_rate': 0.02196711270210062, 'n_estimators': 210, 'gamma': 0.3557572226525297, 'min_child_weight': 7, 'subsample': 0.8290074038733005, 'colsample_bytree': 0.618264053676742}. Best is trial 22 with value: 0.8198546553005741.
[I 2025-04-07 06:10:15,788] Trial 105 finished with value: 0.8180938071665427 and parameters: {'max_depth': 28, 'learning_rate': 0.04305893580113892, 'n_estimators': 168, 'gamma': 0.5184732866873503, 'min_child_weight': 7, 'subsample': 0.6287361161209264, 'colsample_bytree': 0.5832362128969008}. Best is trial 22 with value: 0.8198546553005741.
[I 2025-04-07 06:10:23,761] Trial 106 finished with value: 0.8182198744950014 and parameters: {'max_depth': 25, 'learning_rate': 0.030648426294531406, 'n_estimators': 240, 'gamma': 0.37899561043053415, 'min_child_weight': 6, 'subsample': 0.8700970589287131, 'colsample_bytree': 0.7845906720576448}. Best is trial 22 with value: 0.8198546553005741.
[I 2025-04-07 06:10:27,571] Trial 107 finished with value: 0.814446711336746 and parameters: {'max_depth': 16, 'learning_rate': 0.07537777747672274, 'n_estimators': 180, 'gamma': 0.3340709287772542, 'min_child_weight': 7, 'subsample': 0.7947936477265607, 'colsample_bytree': 0.5956196440798752}. Best is trial 22 with value: 0.8198546553005741.
[I 2025-04-07 06:10:29,833] Trial 108 finished with value: 0.808451870713333 and parameters: {'max_depth': 31, 'learning_rate': 0.016740343688064905, 'n_estimators': 78, 'gamma': 0.30059237569187036, 'min_child_weight': 7, 'subsample': 0.5179787677067964, 'colsample_bytree': 0.6813855365357746}. Best is trial 22 with value: 0.8198546553005741.
[I 2025-04-07 06:10:35,246] Trial 109 finished with value: 0.8126859510667573 and parameters: {'max_depth': 29, 'learning_rate': 0.011447769490822815, 'n_estimators': 158, 'gamma': 0.4001353767940065, 'min_child_weight': 3, 'subsample': 0.6696291290759848, 'colsample_bytree': 0.6240392871786618}. Best is trial 22 with value: 0.8198546553005741.
[I 2025-04-07 06:10:42,579] Trial 110 finished with value: 0.8183033804811786 and parameters: {'max_depth': 32, 'learning_rate': 0.02059275155366098, 'n_estimators': 198, 'gamma': 0.25909455086031635, 'min_child_weight': 5, 'subsample': 0.8208017149025999, 'colsample_bytree': 0.9431031405509464}. Best is trial 22 with value: 0.8198546553005741.
[I 2025-04-07 06:10:48,198] Trial 111 finished with value: 0.82006422861521 and parameters: {'max_depth': 29, 'learning_rate': 0.028202614466809918, 'n_estimators': 214, 'gamma': 0.31668149680274477, 'min_child_weight': 7, 'subsample': 0.8192789365146502, 'colsample_bytree': 0.6371056086147758}. Best is trial 111 with value: 0.82006422861521.
[I 2025-04-07 06:10:54,539] Trial 112 finished with value: 0.8166684415203292 and parameters: {'max_depth': 29, 'learning_rate': 0.032900147771606394, 'n_estimators': 216, 'gamma': 0.27990688322819357, 'min_child_weight': 7, 'subsample': 0.8375889208140923, 'colsample_bytree': 0.6376309827687768}. Best is trial 111 with value: 0.82006422861521.
[I 2025-04-07 06:11:01,035] Trial 113 finished with value: 0.8158719188276828 and parameters: {'max_depth': 30, 'learning_rate': 0.007884269132745361, 'n_estimators': 222, 'gamma': 0.34851883597325006, 'min_child_weight': 7, 'subsample': 0.8497617787665062, 'colsample_bytree': 0.6564007165651236}. Best is trial 111 with value: 0.82006422861521.
[I 2025-04-07 06:11:08,405] Trial 114 finished with value: 0.8183872906419524 and parameters: {'max_depth': 28, 'learning_rate': 0.026607816206553322, 'n_estimators': 284, 'gamma': 0.3166480441289424, 'min_child_weight': 7, 'subsample': 0.7546147801214295, 'colsample_bytree': 0.6083893194570834}. Best is trial 111 with value: 0.82006422861521.
[I 2025-04-07 06:11:14,024] Trial 115 finished with value: 0.8155784529250818 and parameters: {'max_depth': 26, 'learning_rate': 0.04775253696012029, 'n_estimators': 203, 'gamma': 0.37215468704184074, 'min_child_weight': 7, 'subsample': 0.7690806760445994, 'colsample_bytree': 0.5613247290667911}. Best is trial 111 with value: 0.82006422861521.
[I 2025-04-07 06:11:18,391] Trial 116 finished with value: 0.6377394866279713 and parameters: {'max_depth': 25, 'learning_rate': 1.5725331986985706e-05, 'n_estimators': 191, 'gamma': 0.36206682925483835, 'min_child_weight': 6, 'subsample': 0.5384013907878274, 'colsample_bytree': 0.7594600557518628}. Best is trial 111 with value: 0.82006422861521.
[I 2025-04-07 06:11:20,611] Trial 117 finished with value: 0.8175908909589659 and parameters: {'max_depth': 31, 'learning_rate': 0.09701041718788159, 'n_estimators': 60, 'gamma': 0.3311882401218812, 'min_child_weight': 7, 'subsample': 0.8008493338185019, 'colsample_bytree': 0.5976597229085951}. Best is trial 111 with value: 0.82006422861521.
[I 2025-04-07 06:11:26,080] Trial 118 finished with value: 0.8173810891978188 and parameters: {'max_depth': 27, 'learning_rate': 0.014668227832374647, 'n_estimators': 208, 'gamma': 0.24751015029877524, 'min_child_weight': 7, 'subsample': 0.8226505884338959, 'colsample_bytree': 0.6405234805973488}. Best is trial 111 with value: 0.82006422861521.
[I 2025-04-07 06:11:33,561] Trial 119 finished with value: 0.814152858832357 and parameters: {'max_depth': 29, 'learning_rate': 0.04013066548549098, 'n_estimators': 96, 'gamma': 0.28832686350630893, 'min_child_weight': 1, 'subsample': 0.7835876919476267, 'colsample_bytree': 0.6272586611887204}. Best is trial 111 with value: 0.82006422861521.
[I 2025-04-07 06:11:39,842] Trial 120 finished with value: 0.8168779445437309 and parameters: {'max_depth': 31, 'learning_rate': 0.021624957140531646, 'n_estimators': 175, 'gamma': 0.4829286266188824, 'min_child_weight': 4, 'subsample': 0.9346200899474447, 'colsample_bytree': 0.5840474006315263}. Best is trial 111 with value: 0.82006422861521.
[I 2025-04-07 06:11:45,805] Trial 121 finished with value: 0.8189743981752395 and parameters: {'max_depth': 30, 'learning_rate': 0.029972371371288917, 'n_estimators': 200, 'gamma': 0.3174613173549406, 'min_child_weight': 7, 'subsample': 0.8131790457470666, 'colsample_bytree': 0.8208756429139513}. Best is trial 111 with value: 0.82006422861521.
[I 2025-04-07 06:11:50,883] Trial 122 finished with value: 0.8168781554174332 and parameters: {'max_depth': 29, 'learning_rate': 0.025650189482858656, 'n_estimators': 187, 'gamma': 0.30005124685615714, 'min_child_weight': 7, 'subsample': 0.8619956482080573, 'colsample_bytree': 0.5695801783493954}. Best is trial 111 with value: 0.82006422861521.
[I 2025-04-07 06:11:58,725] Trial 123 finished with value: 0.8117214323244785 and parameters: {'max_depth': 27, 'learning_rate': 0.06655357614860298, 'n_estimators': 297, 'gamma': 0.34367793292651616, 'min_child_weight': 7, 'subsample': 0.8340812351555335, 'colsample_bytree': 0.9574483493120561}. Best is trial 111 with value: 0.82006422861521.
[I 2025-04-07 06:12:04,317] Trial 124 finished with value: 0.8157042918070296 and parameters: {'max_depth': 28, 'learning_rate': 0.03543720282456817, 'n_estimators': 194, 'gamma': 0.3092330218284538, 'min_child_weight': 7, 'subsample': 0.8931669244908251, 'colsample_bytree': 0.5453998224413572}. Best is trial 111 with value: 0.82006422861521.
[I 2025-04-07 06:12:10,042] Trial 125 finished with value: 0.8149495045346631 and parameters: {'max_depth': 24, 'learning_rate': 0.054831182513927455, 'n_estimators': 202, 'gamma': 0.38611819450368584, 'min_child_weight': 6, 'subsample': 0.7932261839877376, 'colsample_bytree': 0.8041422346298086}. Best is trial 111 with value: 0.82006422861521.
