[I 2025-04-07 06:43:11,088] Trial 378 finished with value: 0.8189743454568138 and parameters: {'max_depth': 24, 'learning_rate': 0.01462161140841314, 'n_estimators': 207, 'gamma': 0.10948595084252824, 'min_child_weight': 5, 'subsample': 0.6150469341898254, 'colsample_bytree': 0.8396379510355916}. Best is trial 230 with value: 0.8209865726169954.
[I 2025-04-07 06:43:17,320] Trial 379 finished with value: 0.8198547607374254 and parameters: {'max_depth': 16, 'learning_rate': 0.018102859723823223, 'n_estimators': 264, 'gamma': 0.12819486841994962, 'min_child_weight': 5, 'subsample': 0.6435227088838533, 'colsample_bytree': 0.7364475779453261}. Best is trial 230 with value: 0.8209865726169954.
[I 2025-04-07 06:43:26,390] Trial 380 finished with value: 0.8182615747696644 and parameters: {'max_depth': 28, 'learning_rate': 0.01292963737729249, 'n_estimators': 240, 'gamma': 0.09703255741407388, 'min_child_weight': 5, 'subsample': 0.9789537027607846, 'colsample_bytree': 0.8201354962252864}. Best is trial 230 with value: 0.8209865726169954.
[I 2025-04-07 06:43:33,325] Trial 381 finished with value: 0.6377394866279713 and parameters: {'max_depth': 21, 'learning_rate': 5.6624307044112e-05, 'n_estimators': 228, 'gamma': 0.21044902375840033, 'min_child_weight': 5, 'subsample': 0.6041056540732521, 'colsample_bytree': 0.8076582514505516}. Best is trial 230 with value: 0.8209865726169954.
[I 2025-04-07 06:43:40,097] Trial 382 finished with value: 0.8194773846740506 and parameters: {'max_depth': 22, 'learning_rate': 0.008722499720049433, 'n_estimators': 233, 'gamma': 0.05617274889687727, 'min_child_weight': 5, 'subsample': 0.6565277786344421, 'colsample_bytree': 0.8477954254065528}. Best is trial 230 with value: 0.8209865726169954.
[I 2025-04-07 06:43:46,466] Trial 383 finished with value: 0.8190998504553993 and parameters: {'max_depth': 25, 'learning_rate': 0.024306608329505083, 'n_estimators': 218, 'gamma': 0.08036017348481297, 'min_child_weight': 5, 'subsample': 0.5616982564247464, 'colsample_bytree': 0.8296048328546394}. Best is trial 230 with value: 0.8209865726169954.
[I 2025-04-07 06:43:54,239] Trial 384 finished with value: 0.8197708330038431 and parameters: {'max_depth': 23, 'learning_rate': 0.011972160689370983, 'n_estimators': 245, 'gamma': 0.10170480832137037, 'min_child_weight': 5, 'subsample': 0.6340268419939613, 'colsample_bytree': 0.7878074165845732}. Best is trial 230 with value: 0.8209865726169954.
[I 2025-04-07 06:44:00,828] Trial 385 finished with value: 0.8201062452004267 and parameters: {'max_depth': 29, 'learning_rate': 0.017120253021279633, 'n_estimators': 225, 'gamma': 0.24353766648754938, 'min_child_weight': 5, 'subsample': 0.5878194828387239, 'colsample_bytree': 0.8167025890581358}. Best is trial 230 with value: 0.8209865726169954.
[I 2025-04-07 06:44:07,710] Trial 386 finished with value: 0.819854883747085 and parameters: {'max_depth': 19, 'learning_rate': 0.010205730333611133, 'n_estimators': 253, 'gamma': 0.20660520965635887, 'min_child_weight': 5, 'subsample': 0.5740349028000671, 'colsample_bytree': 0.838323938918393}. Best is trial 230 with value: 0.8209865726169954.
[I 2025-04-07 06:44:16,722] Trial 387 finished with value: 0.8192677410681807 and parameters: {'max_depth': 21, 'learning_rate': 0.013725691691800603, 'n_estimators': 300, 'gamma': 0.22146995164091476, 'min_child_weight': 5, 'subsample': 0.6513468415126732, 'colsample_bytree': 0.8025378007406666}. Best is trial 230 with value: 0.8209865726169954.
[I 2025-04-07 06:44:23,165] Trial 388 finished with value: 0.8172552854614883 and parameters: {'max_depth': 28, 'learning_rate': 0.028086887059182514, 'n_estimators': 237, 'gamma': 0.5620645300324697, 'min_child_weight': 5, 'subsample': 0.5948118727293508, 'colsample_bytree': 0.8244179560245576}. Best is trial 230 with value: 0.8209865726169954.
[I 2025-04-07 06:44:29,929] Trial 389 finished with value: 0.8200642461880184 and parameters: {'max_depth': 22, 'learning_rate': 0.02010457319857881, 'n_estimators': 242, 'gamma': 0.2594380049813051, 'min_child_weight': 5, 'subsample': 0.6203879914531438, 'colsample_bytree': 0.8552705820807536}. Best is trial 230 with value: 0.8209865726169954.
[I 2025-04-07 06:44:37,476] Trial 390 finished with value: 0.8181358588973765 and parameters: {'max_depth': 24, 'learning_rate': 0.008743186347394453, 'n_estimators': 233, 'gamma': 0.13548399811571749, 'min_child_weight': 5, 'subsample': 0.6611145489535911, 'colsample_bytree': 0.8118485787491108}. Best is trial 230 with value: 0.8209865726169954.
[I 2025-04-07 06:44:44,509] Trial 391 finished with value: 0.8198128671618683 and parameters: {'max_depth': 23, 'learning_rate': 0.014982118587059763, 'n_estimators': 249, 'gamma': 0.11716399058015281, 'min_child_weight': 5, 'subsample': 0.6493180430861282, 'colsample_bytree': 0.8469013716899343}. Best is trial 230 with value: 0.8209865726169954.
[I 2025-04-07 06:44:53,591] Trial 392 finished with value: 0.816920277439501 and parameters: {'max_depth': 25, 'learning_rate': 0.006343409866727961, 'n_estimators': 258, 'gamma': 0.18899095982267505, 'min_child_weight': 3, 'subsample': 0.612297481702735, 'colsample_bytree': 0.8326286337480859}. Best is trial 230 with value: 0.8209865726169954.
[I 2025-04-07 06:45:01,149] Trial 393 finished with value: 0.8189323815900229 and parameters: {'max_depth': 24, 'learning_rate': 0.011664089522184883, 'n_estimators': 227, 'gamma': 0.14388136224437348, 'min_child_weight': 4, 'subsample': 0.6408725817373555, 'colsample_bytree': 0.866705204703458}. Best is trial 230 with value: 0.8209865726169954.
[I 2025-04-07 06:45:07,887] Trial 394 finished with value: 0.8206510725563693 and parameters: {'max_depth': 27, 'learning_rate': 0.018057800339348718, 'n_estimators': 238, 'gamma': 0.17357193564697163, 'min_child_weight': 5, 'subsample': 0.5536192384301744, 'colsample_bytree': 0.8930406512626049}. Best is trial 230 with value: 0.8209865726169954.
[I 2025-04-07 06:45:14,542] Trial 395 finished with value: 0.8200222120299934 and parameters: {'max_depth': 27, 'learning_rate': 0.021231504257286156, 'n_estimators': 243, 'gamma': 0.17476002652525224, 'min_child_weight': 5, 'subsample': 0.5370021868724068, 'colsample_bytree': 0.8956900365426546}. Best is trial 230 with value: 0.8209865726169954.
[I 2025-04-07 06:45:21,162] Trial 396 finished with value: 0.8192258299198153 and parameters: {'max_depth': 27, 'learning_rate': 0.010062093099585544, 'n_estimators': 249, 'gamma': 0.1777417980784443, 'min_child_weight': 6, 'subsample': 0.5504324091657912, 'colsample_bytree': 0.8934556154708907}. Best is trial 230 with value: 0.8209865726169954.
[I 2025-04-07 06:45:27,662] Trial 397 finished with value: 0.8184710250746405 and parameters: {'max_depth': 28, 'learning_rate': 0.033451290253873625, 'n_estimators': 241, 'gamma': 0.16748366371791704, 'min_child_weight': 5, 'subsample': 0.5249021761104554, 'colsample_bytree': 0.9225640898513803}. Best is trial 230 with value: 0.8209865726169954.
[I 2025-04-07 06:45:34,255] Trial 398 finished with value: 0.8202318732086719 and parameters: {'max_depth': 28, 'learning_rate': 0.013270713949908418, 'n_estimators': 237, 'gamma': 0.19176522686142142, 'min_child_weight': 5, 'subsample': 0.5731242012702344, 'colsample_bytree': 0.9121919851695941}. Best is trial 230 with value: 0.8209865726169954.
[I 2025-04-07 06:45:41,493] Trial 399 finished with value: 0.8188067535817776 and parameters: {'max_depth': 27, 'learning_rate': 0.007575984976334741, 'n_estimators': 254, 'gamma': 0.18204983938883934, 'min_child_weight': 5, 'subsample': 0.5657453606453029, 'colsample_bytree': 0.8835648104729911}. Best is trial 230 with value: 0.8209865726169954.
[I 2025-04-07 06:45:52,979] Trial 400 finished with value: 0.8197706748485662 and parameters: {'max_depth': 29, 'learning_rate': 0.01687602132339842, 'n_estimators': 246, 'gamma': 0.2071214052626148, 'min_child_weight': 5, 'subsample': 0.5548129806021692, 'colsample_bytree': 0.7159180076563992}. Best is trial 230 with value: 0.8209865726169954.
[I 2025-04-07 06:46:00,705] Trial 401 finished with value: 0.8193094589156523 and parameters: {'max_depth': 28, 'learning_rate': 0.02273625455755107, 'n_estimators': 230, 'gamma': 0.15079772134766747, 'min_child_weight': 5, 'subsample': 0.6817793133184692, 'colsample_bytree': 0.9031617709275732}. Best is trial 230 with value: 0.8209865726169954.
[I 2025-04-07 06:46:07,160] Trial 402 finished with value: 0.8186390386970818 and parameters: {'max_depth': 27, 'learning_rate': 0.010815102254608066, 'n_estimators': 220, 'gamma': 0.1606301131355377, 'min_child_weight': 5, 'subsample': 0.6628162619847643, 'colsample_bytree': 0.8064692812561067}. Best is trial 230 with value: 0.8209865726169954.
[I 2025-04-07 06:46:14,103] Trial 403 finished with value: 0.8202739600851228 and parameters: {'max_depth': 25, 'learning_rate': 0.018077540443298803, 'n_estimators': 239, 'gamma': 0.19694291440453543, 'min_child_weight': 5, 'subsample': 0.5595894372599087, 'colsample_bytree': 0.7970169697331616}. Best is trial 230 with value: 0.8209865726169954.
[I 2025-04-07 06:46:21,283] Trial 404 finished with value: 0.8192255487548789 and parameters: {'max_depth': 25, 'learning_rate': 0.028195215453562638, 'n_estimators': 239, 'gamma': 0.219515566403828, 'min_child_weight': 5, 'subsample': 0.5520708710449738, 'colsample_bytree': 0.7881653627454922}. Best is trial 230 with value: 0.8209865726169954.
[I 2025-04-07 06:46:27,729] Trial 405 finished with value: 0.8187224743920248 and parameters: {'max_depth': 29, 'learning_rate': 0.020134900691240687, 'n_estimators': 245, 'gamma': 0.2299730194896959, 'min_child_weight': 5, 'subsample': 0.5401054987250673, 'colsample_bytree': 0.7848792446959222}. Best is trial 230 with value: 0.8209865726169954.
[I 2025-04-07 06:46:34,842] Trial 406 finished with value: 0.8210702719040665 and parameters: {'max_depth': 25, 'learning_rate': 0.01781121054496776, 'n_estimators': 251, 'gamma': 0.20006792663243583, 'min_child_weight': 5, 'subsample': 0.563660149423981, 'colsample_bytree': 0.7983325553319192}. Best is trial 406 with value: 0.8210702719040665.
[I 2025-04-07 06:46:41,771] Trial 407 finished with value: 0.817926197718698 and parameters: {'max_depth': 25, 'learning_rate': 0.025588403043247464, 'n_estimators': 252, 'gamma': 0.20855155938824071, 'min_child_weight': 5, 'subsample': 0.5602028006003348, 'colsample_bytree': 0.7991484356655945}. Best is trial 406 with value: 0.8210702719040665.
[I 2025-04-07 06:46:48,120] Trial 408 finished with value: 0.8154522977325804 and parameters: {'max_depth': 25, 'learning_rate': 0.03889697374592, 'n_estimators': 259, 'gamma': 0.19928149141490772, 'min_child_weight': 5, 'subsample': 0.532981419638513, 'colsample_bytree': 0.7931037562382929}. Best is trial 406 with value: 0.8210702719040665.
[I 2025-04-07 06:46:55,178] Trial 409 finished with value: 0.8193096873621633 and parameters: {'max_depth': 24, 'learning_rate': 0.01857595931695348, 'n_estimators': 249, 'gamma': 0.21524378594019744, 'min_child_weight': 5, 'subsample': 0.5472214554343845, 'colsample_bytree': 0.7981749515348151}. Best is trial 406 with value: 0.8210702719040665.
[I 2025-04-07 06:47:02,118] Trial 410 finished with value: 0.8185130592326658 and parameters: {'max_depth': 24, 'learning_rate': 0.02390086308469164, 'n_estimators': 252, 'gamma': 0.19733630927841897, 'min_child_weight': 5, 'subsample': 0.5643608670146614, 'colsample_bytree': 0.7785150516867844}. Best is trial 406 with value: 0.8210702719040665.
[I 2025-04-07 06:47:08,901] Trial 411 finished with value: 0.8200223877580786 and parameters: {'max_depth': 25, 'learning_rate': 0.015826536493960278, 'n_estimators': 247, 'gamma': 0.23284882111105792, 'min_child_weight': 5, 'subsample': 0.5783894142808885, 'colsample_bytree': 0.8007381247187447}. Best is trial 406 with value: 0.8210702719040665.
[I 2025-04-07 06:47:15,708] Trial 412 finished with value: 0.81985446199968 and parameters: {'max_depth': 24, 'learning_rate': 0.018360769857329134, 'n_estimators': 242, 'gamma': 0.19180308197846305, 'min_child_weight': 5, 'subsample': 0.5693997248212287, 'colsample_bytree': 0.7868719300339954}. Best is trial 406 with value: 0.8210702719040665.
[I 2025-04-07 06:47:23,397] Trial 413 finished with value: 0.819770762712609 and parameters: {'max_depth': 25, 'learning_rate': 0.01451954072351106, 'n_estimators': 254, 'gamma': 0.0737491334898662, 'min_child_weight': 5, 'subsample': 0.5562825124867908, 'colsample_bytree': 0.8901846070553614}. Best is trial 406 with value: 0.8210702719040665.
[I 2025-04-07 06:47:29,744] Trial 414 finished with value: 0.8178423402763499 and parameters: {'max_depth': 26, 'learning_rate': 0.028426234938652113, 'n_estimators': 245, 'gamma': 0.20557679516934116, 'min_child_weight': 6, 'subsample': 0.5786150589586915, 'colsample_bytree': 0.8069927478597907}. Best is trial 406 with value: 0.8210702719040665.
[I 2025-04-07 06:47:36,659] Trial 415 finished with value: 0.8194352802247915 and parameters: {'max_depth': 24, 'learning_rate': 0.020347302312957144, 'n_estimators': 240, 'gamma': 0.09245799996214689, 'min_child_weight': 5, 'subsample': 0.5595179959979405, 'colsample_bytree': 0.8753757553884643}. Best is trial 406 with value: 0.8210702719040665.
[I 2025-04-07 06:47:44,081] Trial 416 finished with value: 0.8211124642173686 and parameters: {'max_depth': 29, 'learning_rate': 0.012907717902043009, 'n_estimators': 249, 'gamma': 0.17005844388437233, 'min_child_weight': 5, 'subsample': 0.5885824092281986, 'colsample_bytree': 0.8185788349858113}. Best is trial 416 with value: 0.8211124642173686.
[I 2025-04-07 06:47:51,166] Trial 417 finished with value: 0.8193516512289543 and parameters: {'max_depth': 30, 'learning_rate': 0.016460214805815613, 'n_estimators': 256, 'gamma': 0.1674707370343276, 'min_child_weight': 5, 'subsample': 0.5885794754423059, 'colsample_bytree': 0.8147662444523969}. Best is trial 416 with value: 0.8211124642173686.
[I 2025-04-07 06:47:58,455] Trial 418 finished with value: 0.8194772616643909 and parameters: {'max_depth': 29, 'learning_rate': 0.013348241469714712, 'n_estimators': 250, 'gamma': 0.13962233429101242, 'min_child_weight': 5, 'subsample': 0.5730934384575359, 'colsample_bytree': 0.7956070219580432}. Best is trial 416 with value: 0.8211124642173686.
[I 2025-04-07 06:48:06,653] Trial 419 finished with value: 0.7829201790317735 and parameters: {'max_depth': 29, 'learning_rate': 0.002290080717989513, 'n_estimators': 260, 'gamma': 0.1563002627636744, 'min_child_weight': 4, 'subsample': 0.5829056853376592, 'colsample_bytree': 0.8199952367487016}. Best is trial 416 with value: 0.8211124642173686.
[I 2025-04-07 06:48:13,881] Trial 420 finished with value: 0.8193517390929971 and parameters: {'max_depth': 30, 'learning_rate': 0.01055551085120986, 'n_estimators': 246, 'gamma': 0.17376679352315333, 'min_child_weight': 5, 'subsample': 0.5960829623080846, 'colsample_bytree': 0.8056523376353958}. Best is trial 416 with value: 0.8211124642173686.
[I 2025-04-07 06:48:20,371] Trial 421 finished with value: 0.8193935272317028 and parameters: {'max_depth': 29, 'learning_rate': 0.020124141006921375, 'n_estimators': 242, 'gamma': 0.12496583638602321, 'min_child_weight': 5, 'subsample': 0.5449048581742962, 'colsample_bytree': 0.8117850281366824}. Best is trial 416 with value: 0.8211124642173686.
[I 2025-04-07 06:48:27,638] Trial 422 finished with value: 0.8200222647484189 and parameters: {'max_depth': 28, 'learning_rate': 0.014439176091403029, 'n_estimators': 250, 'gamma': 0.22208278881636406, 'min_child_weight': 5, 'subsample': 0.5683419039505968, 'colsample_bytree': 0.8236763621094538}. Best is trial 416 with value: 0.8211124642173686.
[I 2025-04-07 06:48:34,005] Trial 423 finished with value: 0.8185969166750138 and parameters: {'max_depth': 28, 'learning_rate': 0.025057766492236226, 'n_estimators': 238, 'gamma': 0.187231685772261, 'min_child_weight': 5, 'subsample': 0.5841971764753637, 'colsample_bytree': 0.7674034055168326}. Best is trial 416 with value: 0.8211124642173686.
[I 2025-04-07 06:48:40,082] Trial 424 finished with value: 0.8186810728551069 and parameters: {'max_depth': 14, 'learning_rate': 0.008067208102117914, 'n_estimators': 255, 'gamma': 0.14452738109997854, 'min_child_weight': 5, 'subsample': 0.552008372758383, 'colsample_bytree': 0.7921207342769029}. Best is trial 416 with value: 0.8211124642173686.
[I 2025-04-07 06:48:47,298] Trial 425 finished with value: 0.8196448535394273 and parameters: {'max_depth': 28, 'learning_rate': 0.01697367048796934, 'n_estimators': 245, 'gamma': 0.06189252929358292, 'min_child_weight': 5, 'subsample': 0.6048249528407464, 'colsample_bytree': 0.8099615907582771}. Best is trial 416 with value: 0.8211124642173686.
[I 2025-04-07 06:48:53,824] Trial 426 finished with value: 0.8201902256524344 and parameters: {'max_depth': 30, 'learning_rate': 0.011891026615950498, 'n_estimators': 236, 'gamma': 0.16618111467566787, 'min_child_weight': 5, 'subsample': 0.5884650316642548, 'colsample_bytree': 0.7809934219344659}. Best is trial 416 with value: 0.8211124642173686.
[I 2025-04-07 06:49:00,430] Trial 427 finished with value: 0.8205672502596382 and parameters: {'max_depth': 20, 'learning_rate': 0.014328236735621225, 'n_estimators': 248, 'gamma': 0.24690285664561876, 'min_child_weight': 5, 'subsample': 0.5741187026488114, 'colsample_bytree': 0.798441765562139}. Best is trial 416 with value: 0.8211124642173686.
[I 2025-04-07 06:49:07,299] Trial 428 finished with value: 0.8192678289322235 and parameters: {'max_depth': 19, 'learning_rate': 0.022443639669706302, 'n_estimators': 262, 'gamma': 0.24638088515174722, 'min_child_weight': 5, 'subsample': 0.573569591662019, 'colsample_bytree': 0.79926256537493}. Best is trial 416 with value: 0.8211124642173686.
[I 2025-04-07 06:49:13,369] Trial 429 finished with value: 0.8166681252097753 and parameters: {'max_depth': 19, 'learning_rate': 0.035860160737931066, 'n_estimators': 251, 'gamma': 0.23376895446115775, 'min_child_weight': 5, 'subsample': 0.5670543747728699, 'colsample_bytree': 0.789496083043189}. Best is trial 416 with value: 0.8211124642173686.
[I 2025-04-07 06:49:20,459] Trial 430 finished with value: 0.8203999044039216 and parameters: {'max_depth': 21, 'learning_rate': 0.016280540428332067, 'n_estimators': 248, 'gamma': 0.2656629941650905, 'min_child_weight': 5, 'subsample': 0.5812853025931141, 'colsample_bytree': 0.8025032657021015}. Best is trial 416 with value: 0.8211124642173686.
[I 2025-04-07 06:49:27,566] Trial 431 finished with value: 0.8203159063791052 and parameters: {'max_depth': 20, 'learning_rate': 0.014368874680429728, 'n_estimators': 256, 'gamma': 0.2728770618568818, 'min_child_weight': 5, 'subsample': 0.5918736558556099, 'colsample_bytree': 0.8201166551407447}. Best is trial 416 with value: 0.8211124642173686.
[I 2025-04-07 06:49:34,242] Trial 432 finished with value: 0.8193097752262061 and parameters: {'max_depth': 20, 'learning_rate': 0.010102988147923877, 'n_estimators': 252, 'gamma': 0.27182058871691694, 'min_child_weight': 5, 'subsample': 0.598521062629646, 'colsample_bytree': 0.8161893908031418}. Best is trial 416 with value: 0.8211124642173686.
[I 2025-04-07 06:49:41,584] Trial 433 finished with value: 0.8204418858435212 and parameters: {'max_depth': 21, 'learning_rate': 0.012818647311752293, 'n_estimators': 258, 'gamma': 0.25137692144518686, 'min_child_weight': 5, 'subsample': 0.5876169564141944, 'colsample_bytree': 0.8211375125128264}. Best is trial 416 with value: 0.8211124642173686.
[I 2025-04-07 06:49:53,146] Trial 434 finished with value: 0.8190583610544389 and parameters: {'max_depth': 21, 'learning_rate': 0.008806545379097228, 'n_estimators': 263, 'gamma': 0.2611912357977224, 'min_child_weight': 5, 'subsample': 0.5871334606039504, 'colsample_bytree': 0.8237593552070038}. Best is trial 416 with value: 0.8211124642173686.
[I 2025-04-07 06:50:00,350] Trial 435 finished with value: 0.8197709208678858 and parameters: {'max_depth': 20, 'learning_rate': 0.011705201641414616, 'n_estimators': 258, 'gamma': 0.2488982133654029, 'min_child_weight': 5, 'subsample': 0.602546011062289, 'colsample_bytree': 0.8063165007992625}. Best is trial 416 with value: 0.8211124642173686.
[I 2025-04-07 06:50:06,705] Trial 436 finished with value: 0.8050139615963842 and parameters: {'max_depth': 21, 'learning_rate': 0.006479435353563285, 'n_estimators': 248, 'gamma': 0.258127898120456, 'min_child_weight': 5, 'subsample': 0.576161775175517, 'colsample_bytree': 0.5004211001331036}. Best is trial 416 with value: 0.8211124642173686.
[I 2025-04-07 06:50:16,701] Trial 437 finished with value: 0.8184710250746405 and parameters: {'max_depth': 21, 'learning_rate': 0.01706855273931159, 'n_estimators': 254, 'gamma': 0.21968074259814477, 'min_child_weight': 2, 'subsample': 0.5934153541531245, 'colsample_bytree': 0.8068910413412776}. Best is trial 416 with value: 0.8211124642173686.
[I 2025-04-07 06:50:24,049] Trial 438 finished with value: 0.8137339230767878 and parameters: {'max_depth': 18, 'learning_rate': 0.004687752243574343, 'n_estimators': 259, 'gamma': 0.23279347560995584, 'min_child_weight': 5, 'subsample': 0.6052888961900211, 'colsample_bytree': 0.813723338357247}. Best is trial 416 with value: 0.8211124642173686.
[I 2025-04-07 06:50:30,932] Trial 439 finished with value: 0.8202322422376511 and parameters: {'max_depth': 20, 'learning_rate': 0.012413224461516466, 'n_estimators': 247, 'gamma': 0.24705491840733884, 'min_child_weight': 5, 'subsample': 0.5961793329951447, 'colsample_bytree': 0.8275526169351372}. Best is trial 416 with value: 0.8211124642173686.
[I 2025-04-07 06:50:37,780] Trial 440 finished with value: 0.8203159942431478 and parameters: {'max_depth': 20, 'learning_rate': 0.008827885934583751, 'n_estimators': 265, 'gamma': 0.2817955831049214, 'min_child_weight': 5, 'subsample': 0.5779975102005094, 'colsample_bytree': 0.8016236369106966}. Best is trial 416 with value: 0.8211124642173686.
