[I 2025-04-07 06:35:44,254] Trial 315 finished with value: 0.8209446438958213 and parameters: {'max_depth': 24, 'learning_rate': 0.013645257559578192, 'n_estimators': 244, 'gamma': 0.21514679113505866, 'min_child_weight': 5, 'subsample': 0.6676024680680596, 'colsample_bytree': 0.8319254307770727}. Best is trial 230 with value: 0.8209865726169954.
[I 2025-04-07 06:35:52,677] Trial 316 finished with value: 0.8189320477066605 and parameters: {'max_depth': 24, 'learning_rate': 0.018340749825083193, 'n_estimators': 248, 'gamma': 0.23658834671949672, 'min_child_weight': 4, 'subsample': 0.7150174180699551, 'colsample_bytree': 0.8327528768291085}. Best is trial 230 with value: 0.8209865726169954.
[I 2025-04-07 06:35:59,355] Trial 317 finished with value: 0.8207351408724197 and parameters: {'max_depth': 23, 'learning_rate': 0.014811641181912303, 'n_estimators': 239, 'gamma': 0.22837381807707538, 'min_child_weight': 5, 'subsample': 0.6319764087996685, 'colsample_bytree': 0.8441764538100116}. Best is trial 230 with value: 0.8209865726169954.
[I 2025-04-07 06:36:06,360] Trial 318 finished with value: 0.819016309323605 and parameters: {'max_depth': 23, 'learning_rate': 0.010792621001017336, 'n_estimators': 239, 'gamma': 0.22383506957162544, 'min_child_weight': 5, 'subsample': 0.6342740127745116, 'colsample_bytree': 0.7525533576430223}. Best is trial 230 with value: 0.8209865726169954.
[I 2025-04-07 06:36:13,879] Trial 319 finished with value: 0.8184290612078495 and parameters: {'max_depth': 24, 'learning_rate': 0.027891636134840626, 'n_estimators': 244, 'gamma': 0.23474115150387284, 'min_child_weight': 5, 'subsample': 0.6196685632239027, 'colsample_bytree': 0.8422103276216398}. Best is trial 230 with value: 0.8209865726169954.
[I 2025-04-07 06:36:21,227] Trial 320 finished with value: 0.8189323112987887 and parameters: {'max_depth': 23, 'learning_rate': 0.01554102263681033, 'n_estimators': 235, 'gamma': 0.21814973015238542, 'min_child_weight': 5, 'subsample': 0.686866488676649, 'colsample_bytree': 0.8242146065573748}. Best is trial 230 with value: 0.8209865726169954.
[I 2025-04-07 06:36:28,372] Trial 321 finished with value: 0.8181357534605253 and parameters: {'max_depth': 23, 'learning_rate': 0.020750616440072263, 'n_estimators': 251, 'gamma': 0.2110841005620891, 'min_child_weight': 5, 'subsample': 0.6413800263586533, 'colsample_bytree': 0.8330909497280033}. Best is trial 230 with value: 0.8209865726169954.
[I 2025-04-07 06:36:36,664] Trial 322 finished with value: 0.8200225283405471 and parameters: {'max_depth': 22, 'learning_rate': 0.008858527175948663, 'n_estimators': 261, 'gamma': 0.1940590822820731, 'min_child_weight': 5, 'subsample': 0.671475132509628, 'colsample_bytree': 0.8158122695256563}. Best is trial 230 with value: 0.8209865726169954.
[I 2025-04-07 06:36:43,615] Trial 323 finished with value: 0.8196870985711551 and parameters: {'max_depth': 24, 'learning_rate': 0.012899268841852213, 'n_estimators': 240, 'gamma': 0.22771692738531088, 'min_child_weight': 5, 'subsample': 0.6262439693669885, 'colsample_bytree': 0.8472829016829486}. Best is trial 230 with value: 0.8209865726169954.
[I 2025-04-07 06:36:51,156] Trial 324 finished with value: 0.8186393022892098 and parameters: {'max_depth': 23, 'learning_rate': 0.010947262711861723, 'n_estimators': 244, 'gamma': 0.1502907838848171, 'min_child_weight': 5, 'subsample': 0.6945329575560775, 'colsample_bytree': 0.8229262686177883}. Best is trial 230 with value: 0.8209865726169954.
[I 2025-04-07 06:36:58,022] Trial 325 finished with value: 0.820357764809045 and parameters: {'max_depth': 24, 'learning_rate': 0.01580783262167206, 'n_estimators': 232, 'gamma': 0.09442059680842672, 'min_child_weight': 5, 'subsample': 0.6085064699029064, 'colsample_bytree': 0.8602303622899576}. Best is trial 230 with value: 0.8209865726169954.
[I 2025-04-07 06:37:04,919] Trial 326 finished with value: 0.819603012682296 and parameters: {'max_depth': 24, 'learning_rate': 0.018006702650119857, 'n_estimators': 250, 'gamma': 0.09352494219023778, 'min_child_weight': 5, 'subsample': 0.6035676939723053, 'colsample_bytree': 0.8631002207815373}. Best is trial 230 with value: 0.8209865726169954.
[I 2025-04-07 06:37:12,085] Trial 327 finished with value: 0.8185131646695171 and parameters: {'max_depth': 23, 'learning_rate': 0.02266447180494058, 'n_estimators': 239, 'gamma': 0.07673429557767641, 'min_child_weight': 5, 'subsample': 0.6312878798673457, 'colsample_bytree': 0.8086797623802134}. Best is trial 230 with value: 0.8209865726169954.
[I 2025-04-07 06:37:19,193] Trial 328 finished with value: 0.8202738195026542 and parameters: {'max_depth': 23, 'learning_rate': 0.016435203494093716, 'n_estimators': 235, 'gamma': 0.10847612630720205, 'min_child_weight': 5, 'subsample': 0.6182614130834084, 'colsample_bytree': 0.8553429516575111}. Best is trial 230 with value: 0.8209865726169954.
[I 2025-04-07 06:37:25,476] Trial 329 finished with value: 0.820651195566029 and parameters: {'max_depth': 22, 'learning_rate': 0.016077255561835816, 'n_estimators': 230, 'gamma': 0.09225919305049028, 'min_child_weight': 5, 'subsample': 0.5886351954359017, 'colsample_bytree': 0.8764753122124826}. Best is trial 230 with value: 0.8209865726169954.
[I 2025-04-07 06:37:31,846] Trial 330 finished with value: 0.8175069105069579 and parameters: {'max_depth': 22, 'learning_rate': 0.030376446418998882, 'n_estimators': 231, 'gamma': 0.11319102865199487, 'min_child_weight': 5, 'subsample': 0.5932075173426463, 'colsample_bytree': 0.8714549382646761}. Best is trial 230 with value: 0.8209865726169954.
[I 2025-04-07 06:37:38,529] Trial 331 finished with value: 0.8196030829735301 and parameters: {'max_depth': 22, 'learning_rate': 0.02017529832826661, 'n_estimators': 221, 'gamma': 0.11230732249319975, 'min_child_weight': 5, 'subsample': 0.6137973655044857, 'colsample_bytree': 0.8770651946682407}. Best is trial 230 with value: 0.8209865726169954.
[I 2025-04-07 06:37:45,118] Trial 332 finished with value: 0.8203997638214533 and parameters: {'max_depth': 22, 'learning_rate': 0.01376815778135282, 'n_estimators': 228, 'gamma': 0.06533627105608114, 'min_child_weight': 5, 'subsample': 0.5787310644319446, 'colsample_bytree': 0.8622603439984673}. Best is trial 230 with value: 0.8209865726169954.
[I 2025-04-07 06:37:56,067] Trial 333 finished with value: 0.6377394866279713 and parameters: {'max_depth': 23, 'learning_rate': 0.0007849529670928524, 'n_estimators': 223, 'gamma': 0.043174910333437434, 'min_child_weight': 5, 'subsample': 0.5985084232168423, 'colsample_bytree': 0.8668728547152674}. Best is trial 230 with value: 0.8209865726169954.
[I 2025-04-07 06:38:02,702] Trial 334 finished with value: 0.8186386520952939 and parameters: {'max_depth': 21, 'learning_rate': 0.0254962013747934, 'n_estimators': 230, 'gamma': 0.0915220104998772, 'min_child_weight': 5, 'subsample': 0.5666199649222581, 'colsample_bytree': 0.8736519315845375}. Best is trial 230 with value: 0.8209865726169954.
[I 2025-04-07 06:38:09,359] Trial 335 finished with value: 0.820274135813208 and parameters: {'max_depth': 22, 'learning_rate': 0.014828243651275098, 'n_estimators': 226, 'gamma': 0.09795949327982831, 'min_child_weight': 5, 'subsample': 0.5775505320584324, 'colsample_bytree': 0.8590778426222841}. Best is trial 230 with value: 0.8209865726169954.
[I 2025-04-07 06:38:15,505] Trial 336 finished with value: 0.8198546025821486 and parameters: {'max_depth': 22, 'learning_rate': 0.018316919751388938, 'n_estimators': 225, 'gamma': 0.08115308273491531, 'min_child_weight': 5, 'subsample': 0.5956766389412923, 'colsample_bytree': 0.8576987585243672}. Best is trial 230 with value: 0.8209865726169954.
[I 2025-04-07 06:38:22,556] Trial 337 finished with value: 0.7910954361658943 and parameters: {'max_depth': 23, 'learning_rate': 0.002937838882721142, 'n_estimators': 227, 'gamma': 0.09015724903536212, 'min_child_weight': 4, 'subsample': 0.5836035938067866, 'colsample_bytree': 0.8357807422047496}. Best is trial 230 with value: 0.8209865726169954.
[I 2025-04-07 06:38:29,340] Trial 338 finished with value: 0.8196032059831898 and parameters: {'max_depth': 23, 'learning_rate': 0.014298373659883465, 'n_estimators': 218, 'gamma': 0.06817120998718397, 'min_child_weight': 5, 'subsample': 0.578508696955529, 'colsample_bytree': 0.8158721035964646}. Best is trial 230 with value: 0.8209865726169954.
[I 2025-04-07 06:38:35,589] Trial 339 finished with value: 0.8200222471756102 and parameters: {'max_depth': 22, 'learning_rate': 0.016824231332390804, 'n_estimators': 234, 'gamma': 0.10179007391502566, 'min_child_weight': 5, 'subsample': 0.5585798574277678, 'colsample_bytree': 0.8600101472945223}. Best is trial 230 with value: 0.8209865726169954.
[I 2025-04-07 06:38:42,364] Trial 340 finished with value: 0.8197706748485662 and parameters: {'max_depth': 24, 'learning_rate': 0.022066398967070647, 'n_estimators': 233, 'gamma': 0.05563681231211451, 'min_child_weight': 5, 'subsample': 0.5871669714484509, 'colsample_bytree': 0.8280099884723875}. Best is trial 230 with value: 0.8209865726169954.
[I 2025-04-07 06:38:48,347] Trial 341 finished with value: 0.8183873960788036 and parameters: {'max_depth': 21, 'learning_rate': 0.009674079344603492, 'n_estimators': 227, 'gamma': 0.07952380588109498, 'min_child_weight': 5, 'subsample': 0.5698022393547757, 'colsample_bytree': 0.8460710641028765}. Best is trial 230 with value: 0.8209865726169954.
[I 2025-04-07 06:39:03,835] Trial 342 finished with value: 0.8166265655175808 and parameters: {'max_depth': 24, 'learning_rate': 0.013944162936322922, 'n_estimators': 237, 'gamma': 0.11901723999310823, 'min_child_weight': 1, 'subsample': 0.6067925723488559, 'colsample_bytree': 0.8339973285317178}. Best is trial 230 with value: 0.8209865726169954.
[I 2025-04-07 06:39:11,388] Trial 343 finished with value: 0.8198967773226421 and parameters: {'max_depth': 21, 'learning_rate': 0.011413303263095786, 'n_estimators': 234, 'gamma': 0.10162703942594986, 'min_child_weight': 5, 'subsample': 0.617691085859633, 'colsample_bytree': 0.8183822605767594}. Best is trial 230 with value: 0.8209865726169954.
[I 2025-04-07 06:39:17,555] Trial 344 finished with value: 0.8199385303157307 and parameters: {'max_depth': 22, 'learning_rate': 0.018971478354410758, 'n_estimators': 226, 'gamma': 0.09096190112727709, 'min_child_weight': 5, 'subsample': 0.5766631630745602, 'colsample_bytree': 0.85382626245524}. Best is trial 230 with value: 0.8209865726169954.
[I 2025-04-07 06:39:24,305] Trial 345 finished with value: 0.8177167298409133 and parameters: {'max_depth': 23, 'learning_rate': 0.007399518616236994, 'n_estimators': 230, 'gamma': 0.02553461236857328, 'min_child_weight': 5, 'subsample': 0.5901283670483861, 'colsample_bytree': 0.8036359781702793}. Best is trial 230 with value: 0.8209865726169954.
[I 2025-04-07 06:39:30,114] Trial 346 finished with value: 0.8176746253916539 and parameters: {'max_depth': 23, 'learning_rate': 0.03539930336826784, 'n_estimators': 222, 'gamma': 0.10684145547000241, 'min_child_weight': 5, 'subsample': 0.6066333173358861, 'colsample_bytree': 0.8418598299961546}. Best is trial 230 with value: 0.8209865726169954.
[I 2025-04-07 06:39:37,094] Trial 347 finished with value: 0.8190581150351193 and parameters: {'max_depth': 24, 'learning_rate': 0.014401824487042332, 'n_estimators': 238, 'gamma': 0.050522785567597345, 'min_child_weight': 5, 'subsample': 0.5659212504885617, 'colsample_bytree': 0.8641410687537666}. Best is trial 230 with value: 0.8209865726169954.
[I 2025-04-07 06:39:43,721] Trial 348 finished with value: 0.8184713765308113 and parameters: {'max_depth': 22, 'learning_rate': 0.025566904315546587, 'n_estimators': 236, 'gamma': 0.07103876770856132, 'min_child_weight': 5, 'subsample': 0.5811172657289694, 'colsample_bytree': 0.8103535405322367}. Best is trial 230 with value: 0.8209865726169954.
[I 2025-04-07 06:39:50,530] Trial 349 finished with value: 0.8191002019115702 and parameters: {'max_depth': 24, 'learning_rate': 0.009980330912476392, 'n_estimators': 245, 'gamma': 0.2507208794360145, 'min_child_weight': 5, 'subsample': 0.6169150869037657, 'colsample_bytree': 0.8261965920919765}. Best is trial 230 with value: 0.8209865726169954.
[I 2025-04-07 06:39:56,828] Trial 350 finished with value: 0.820064158323976 and parameters: {'max_depth': 21, 'learning_rate': 0.01698525132742441, 'n_estimators': 219, 'gamma': 0.08344246214221675, 'min_child_weight': 5, 'subsample': 0.5984049293985019, 'colsample_bytree': 0.8819160310096594}. Best is trial 230 with value: 0.8209865726169954.
[I 2025-04-07 06:40:03,756] Trial 351 finished with value: 0.8203998165398788 and parameters: {'max_depth': 24, 'learning_rate': 0.01224372530960421, 'n_estimators': 232, 'gamma': 0.10721938939146636, 'min_child_weight': 5, 'subsample': 0.6251541945451135, 'colsample_bytree': 0.8387715741239302}. Best is trial 230 with value: 0.8209865726169954.
[I 2025-04-07 06:40:10,057] Trial 352 finished with value: 0.8188905055872745 and parameters: {'max_depth': 20, 'learning_rate': 0.01300143088229249, 'n_estimators': 230, 'gamma': 0.12468416254332595, 'min_child_weight': 5, 'subsample': 0.6128207977815817, 'colsample_bytree': 0.8373502434963114}. Best is trial 230 with value: 0.8209865726169954.
[I 2025-04-07 06:40:16,798] Trial 353 finished with value: 0.8175907503764975 and parameters: {'max_depth': 23, 'learning_rate': 0.02282956340406894, 'n_estimators': 234, 'gamma': 0.11576426076643934, 'min_child_weight': 5, 'subsample': 0.6246963849891249, 'colsample_bytree': 0.8223053880739492}. Best is trial 230 with value: 0.8209865726169954.
[I 2025-04-07 06:40:24,423] Trial 354 finished with value: 0.8199806347649901 and parameters: {'max_depth': 24, 'learning_rate': 0.01622414421948315, 'n_estimators': 228, 'gamma': 0.10208676951666254, 'min_child_weight': 5, 'subsample': 0.626107746950105, 'colsample_bytree': 0.8302826269057229}. Best is trial 230 with value: 0.8209865726169954.
[I 2025-04-07 06:40:30,961] Trial 355 finished with value: 0.8195193836864589 and parameters: {'max_depth': 24, 'learning_rate': 0.012430279885045794, 'n_estimators': 222, 'gamma': 0.12691743140515072, 'min_child_weight': 5, 'subsample': 0.6334902913863383, 'colsample_bytree': 0.7995154852357781}. Best is trial 230 with value: 0.8209865726169954.
[I 2025-04-07 06:40:37,929] Trial 356 finished with value: 0.8146143032117822 and parameters: {'max_depth': 23, 'learning_rate': 0.005398423115450699, 'n_estimators': 237, 'gamma': 0.09758856660514587, 'min_child_weight': 5, 'subsample': 0.5876876092914914, 'colsample_bytree': 0.8402066144081072}. Best is trial 230 with value: 0.8209865726169954.
[I 2025-04-07 06:40:45,048] Trial 357 finished with value: 0.817632766961714 and parameters: {'max_depth': 22, 'learning_rate': 0.007567857452270538, 'n_estimators': 230, 'gamma': 0.11103225907841152, 'min_child_weight': 5, 'subsample': 0.6063613215575542, 'colsample_bytree': 0.8135776395837296}. Best is trial 230 with value: 0.8209865726169954.
[I 2025-04-07 06:40:52,308] Trial 358 finished with value: 0.8181776470360823 and parameters: {'max_depth': 23, 'learning_rate': 0.020305058487371484, 'n_estimators': 241, 'gamma': 0.061674743476437255, 'min_child_weight': 4, 'subsample': 0.6375865592593523, 'colsample_bytree': 0.8514487508152551}. Best is trial 230 with value: 0.8209865726169954.
[I 2025-04-07 06:41:00,573] Trial 359 finished with value: 0.8189323112987887 and parameters: {'max_depth': 22, 'learning_rate': 0.014429226911012458, 'n_estimators': 286, 'gamma': 0.12679948215298398, 'min_child_weight': 5, 'subsample': 0.6466385363953016, 'colsample_bytree': 0.8195734310528533}. Best is trial 230 with value: 0.8209865726169954.
[I 2025-04-07 06:41:07,743] Trial 360 finished with value: 0.8190162566051795 and parameters: {'max_depth': 25, 'learning_rate': 0.009244712756849745, 'n_estimators': 247, 'gamma': 0.07580731872408282, 'min_child_weight': 5, 'subsample': 0.5762210085933198, 'colsample_bytree': 0.7935087860401078}. Best is trial 230 with value: 0.8209865726169954.
[I 2025-04-07 06:41:15,494] Trial 361 finished with value: 0.8182617856433669 and parameters: {'max_depth': 30, 'learning_rate': 0.01203328002998138, 'n_estimators': 233, 'gamma': 0.13782182011722524, 'min_child_weight': 3, 'subsample': 0.5462107851484594, 'colsample_bytree': 0.8319463774417032}. Best is trial 230 with value: 0.8209865726169954.
[I 2025-04-07 06:41:22,105] Trial 362 finished with value: 0.820567408414915 and parameters: {'max_depth': 24, 'learning_rate': 0.01721407870339276, 'n_estimators': 226, 'gamma': 0.09899319520836469, 'min_child_weight': 5, 'subsample': 0.5574142530947959, 'colsample_bytree': 0.8450963393710181}. Best is trial 230 with value: 0.8209865726169954.
[I 2025-04-07 06:41:28,328] Trial 363 finished with value: 0.8191419373318501 and parameters: {'max_depth': 24, 'learning_rate': 0.026540392474564314, 'n_estimators': 222, 'gamma': 0.09562221354924101, 'min_child_weight': 5, 'subsample': 0.5594166970864664, 'colsample_bytree': 0.8448737322384817}. Best is trial 230 with value: 0.8209865726169954.
[I 2025-04-07 06:41:34,642] Trial 364 finished with value: 0.8193094589156523 and parameters: {'max_depth': 24, 'learning_rate': 0.03187229254945716, 'n_estimators': 226, 'gamma': 0.10551122504766994, 'min_child_weight': 5, 'subsample': 0.5568932493196873, 'colsample_bytree': 0.8510160573317587}. Best is trial 230 with value: 0.8209865726169954.
[I 2025-04-07 06:41:41,355] Trial 365 finished with value: 0.8198547080189998 and parameters: {'max_depth': 23, 'learning_rate': 0.017379537306266638, 'n_estimators': 218, 'gamma': 0.10416618166980478, 'min_child_weight': 5, 'subsample': 0.6129162793437877, 'colsample_bytree': 0.8416164720632011}. Best is trial 230 with value: 0.8209865726169954.
[I 2025-04-07 06:41:53,326] Trial 366 finished with value: 0.8188901717039123 and parameters: {'max_depth': 25, 'learning_rate': 0.021516335368188495, 'n_estimators': 258, 'gamma': 0.11637663722876006, 'min_child_weight': 5, 'subsample': 0.5481024444632531, 'colsample_bytree': 0.8589537535712589}. Best is trial 230 with value: 0.8209865726169954.
[I 2025-04-07 06:41:59,815] Trial 367 finished with value: 0.8202320489367573 and parameters: {'max_depth': 24, 'learning_rate': 0.0170414109983621, 'n_estimators': 225, 'gamma': 0.08985600206782711, 'min_child_weight': 5, 'subsample': 0.5707778187683672, 'colsample_bytree': 0.8305458226842475}. Best is trial 230 with value: 0.8209865726169954.
[I 2025-04-07 06:42:06,513] Trial 368 finished with value: 0.8200226162045897 and parameters: {'max_depth': 24, 'learning_rate': 0.014682748341193007, 'n_estimators': 240, 'gamma': 0.08131337046353276, 'min_child_weight': 5, 'subsample': 0.6247964649729404, 'colsample_bytree': 0.8517340182785706}. Best is trial 230 with value: 0.8209865726169954.
[I 2025-04-07 06:42:13,244] Trial 369 finished with value: 0.8198128320162514 and parameters: {'max_depth': 25, 'learning_rate': 0.020534784209129107, 'n_estimators': 230, 'gamma': 0.01689141480976971, 'min_child_weight': 6, 'subsample': 0.5946789702086939, 'colsample_bytree': 0.8388657141582365}. Best is trial 230 with value: 0.8209865726169954.
[I 2025-04-07 06:42:19,639] Trial 370 finished with value: 0.8203159590975309 and parameters: {'max_depth': 23, 'learning_rate': 0.011102061541658029, 'n_estimators': 215, 'gamma': 0.1179438667737157, 'min_child_weight': 5, 'subsample': 0.5885675220679125, 'colsample_bytree': 0.8225039272056875}. Best is trial 230 with value: 0.8209865726169954.
[I 2025-04-07 06:42:25,270] Trial 371 finished with value: 0.6377394866279713 and parameters: {'max_depth': 22, 'learning_rate': 0.0002516657133030883, 'n_estimators': 214, 'gamma': 0.114688888729472, 'min_child_weight': 5, 'subsample': 0.5856630356817314, 'colsample_bytree': 0.8210157559637227}. Best is trial 230 with value: 0.8209865726169954.
[I 2025-04-07 06:42:30,258] Trial 372 finished with value: 0.7986409014147867 and parameters: {'max_depth': 23, 'learning_rate': 0.2559909358831636, 'n_estimators': 223, 'gamma': 0.09621399864769514, 'min_child_weight': 5, 'subsample': 0.6011160460507879, 'colsample_bytree': 0.8156945692499271}. Best is trial 230 with value: 0.8209865726169954.
[I 2025-04-07 06:42:36,541] Trial 373 finished with value: 0.8176326966704799 and parameters: {'max_depth': 23, 'learning_rate': 0.008745459280514633, 'n_estimators': 220, 'gamma': 0.13642705263509533, 'min_child_weight': 5, 'subsample': 0.5681686651252231, 'colsample_bytree': 0.8255163973261596}. Best is trial 230 with value: 0.8209865726169954.
[I 2025-04-07 06:42:43,206] Trial 374 finished with value: 0.8196870458527293 and parameters: {'max_depth': 22, 'learning_rate': 0.011248051701699801, 'n_estimators': 215, 'gamma': 0.1254000601599043, 'min_child_weight': 5, 'subsample': 0.5945491780630072, 'colsample_bytree': 0.8071843723196266}. Best is trial 230 with value: 0.8209865726169954.
[I 2025-04-07 06:42:50,803] Trial 375 finished with value: 0.81801012545228 and parameters: {'max_depth': 23, 'learning_rate': 0.00676759713104903, 'n_estimators': 249, 'gamma': 0.11499992228391362, 'min_child_weight': 5, 'subsample': 0.5842227598481916, 'colsample_bytree': 0.8339886878892943}. Best is trial 230 with value: 0.8209865726169954.
[I 2025-04-07 06:42:57,647] Trial 376 finished with value: 0.8192678289322235 and parameters: {'max_depth': 25, 'learning_rate': 0.010411043428744158, 'n_estimators': 246, 'gamma': 0.06918971657317177, 'min_child_weight': 5, 'subsample': 0.5767820778514821, 'colsample_bytree': 0.8119202991798044}. Best is trial 230 with value: 0.8209865726169954.
[I 2025-04-07 06:43:04,876] Trial 377 finished with value: 0.8089124540251398 and parameters: {'max_depth': 23, 'learning_rate': 0.003982454381825848, 'n_estimators': 255, 'gamma': 0.08597944448774514, 'min_child_weight': 5, 'subsample': 0.5407780480311385, 'colsample_bytree': 0.8279923717816366}. Best is trial 230 with value: 0.8209865726169954.
