[I 2025-04-07 06:01:59,126] A new study created in RDB with name: xgboost
[I 2025-04-07 06:02:09,254] Trial 0 finished with value: 0.8191420076230844 and parameters: {'max_depth': 31, 'learning_rate': 0.024001034646451685, 'n_estimators': 180, 'gamma': 0.4261383471987868, 'min_child_weight': 4, 'subsample': 0.771899338683705, 'colsample_bytree': 0.8123570605549513}. Best is trial 0 with value: 0.8191420076230844.
[I 2025-04-07 06:02:18,886] Trial 1 finished with value: 0.8146144789398676 and parameters: {'max_depth': 18, 'learning_rate': 0.00803061505814472, 'n_estimators': 192, 'gamma': 0.43021115128845, 'min_child_weight': 2, 'subsample': 0.7819192650668356, 'colsample_bytree': 0.841164449761612}. Best is trial 0 with value: 0.8191420076230844.
[I 2025-04-07 06:02:20,827] Trial 2 finished with value: 0.6377394866279713 and parameters: {'max_depth': 5, 'learning_rate': 8.09286480439813e-05, 'n_estimators': 269, 'gamma': 0.1568315374788091, 'min_child_weight': 6, 'subsample': 0.6013142425522113, 'colsample_bytree': 0.9603049606505705}. Best is trial 0 with value: 0.8191420076230844.
[I 2025-04-07 06:02:28,262] Trial 3 finished with value: 0.8168361739778337 and parameters: {'max_depth': 28, 'learning_rate': 0.006219070621169756, 'n_estimators': 276, 'gamma': 0.49669254601274554, 'min_child_weight': 5, 'subsample': 0.5287821781406004, 'colsample_bytree': 0.8540529674695333}. Best is trial 0 with value: 0.8191420076230844.
[I 2025-04-07 06:02:30,358] Trial 4 finished with value: 0.6377394866279713 and parameters: {'max_depth': 10, 'learning_rate': 0.00014206808539809256, 'n_estimators': 105, 'gamma': 0.5220929898088559, 'min_child_weight': 1, 'subsample': 0.8421470391720913, 'colsample_bytree': 0.6432946586046597}. Best is trial 0 with value: 0.8191420076230844.
[I 2025-04-07 06:02:37,052] Trial 5 finished with value: 0.6377394866279713 and parameters: {'max_depth': 15, 'learning_rate': 3.8803122799099707e-05, 'n_estimators': 257, 'gamma': 0.44398409099260455, 'min_child_weight': 3, 'subsample': 0.6148446775679257, 'colsample_bytree': 0.9396144637601693}. Best is trial 0 with value: 0.8191420076230844.
[I 2025-04-07 06:02:39,524] Trial 6 finished with value: 0.8045947271030698 and parameters: {'max_depth': 5, 'learning_rate': 0.010358419428263462, 'n_estimators': 289, 'gamma': 0.05947491987040325, 'min_child_weight': 5, 'subsample': 0.5741723045393811, 'colsample_bytree': 0.826126637681565}. Best is trial 0 with value: 0.8191420076230844.
[I 2025-04-07 06:02:45,600] Trial 7 finished with value: 0.6377394866279713 and parameters: {'max_depth': 31, 'learning_rate': 0.0007175906951275593, 'n_estimators': 222, 'gamma': 0.37294329822805383, 'min_child_weight': 4, 'subsample': 0.6191461397927995, 'colsample_bytree': 0.6868643485088568}. Best is trial 0 with value: 0.8191420076230844.
[I 2025-04-07 06:02:49,896] Trial 8 finished with value: 0.7949103874628556 and parameters: {'max_depth': 30, 'learning_rate': 0.3531857449488631, 'n_estimators': 190, 'gamma': 0.047181566632005185, 'min_child_weight': 7, 'subsample': 0.7565763381312558, 'colsample_bytree': 0.9171469015261258}. Best is trial 0 with value: 0.8191420076230844.
[I 2025-04-07 06:02:51,416] Trial 9 finished with value: 0.6377394866279713 and parameters: {'max_depth': 9, 'learning_rate': 0.0005328207414560057, 'n_estimators': 95, 'gamma': 0.4506600552832074, 'min_child_weight': 3, 'subsample': 0.8653844304733297, 'colsample_bytree': 0.7239917072059576}. Best is trial 0 with value: 0.8191420076230844.
[I 2025-04-07 06:02:53,206] Trial 10 finished with value: 0.8074449487840495 and parameters: {'max_depth': 24, 'learning_rate': 0.283592021138929, 'n_estimators': 141, 'gamma': 0.5997735130256591, 'min_child_weight': 4, 'subsample': 0.9862393585939839, 'colsample_bytree': 0.5398554898795795}. Best is trial 0 with value: 0.8191420076230844.
[I 2025-04-07 06:02:55,167] Trial 11 finished with value: 0.8171296574532431 and parameters: {'max_depth': 26, 'learning_rate': 0.028772239730231915, 'n_estimators': 63, 'gamma': 0.2735509332143765, 'min_child_weight': 5, 'subsample': 0.5084974093265171, 'colsample_bytree': 0.8231571733488295}. Best is trial 0 with value: 0.8191420076230844.
[I 2025-04-07 06:02:57,379] Trial 12 finished with value: 0.8182615044784303 and parameters: {'max_depth': 23, 'learning_rate': 0.08218040293022391, 'n_estimators': 63, 'gamma': 0.25935245449329697, 'min_child_weight': 5, 'subsample': 0.6942094170357364, 'colsample_bytree': 0.7696803822583694}. Best is trial 0 with value: 0.8191420076230844.
[I 2025-04-07 06:03:01,440] Trial 13 finished with value: 0.8167105283967799 and parameters: {'max_depth': 21, 'learning_rate': 0.062355348911486086, 'n_estimators': 146, 'gamma': 0.2627196336742866, 'min_child_weight': 7, 'subsample': 0.695092339648628, 'colsample_bytree': 0.7646729115632885}. Best is trial 0 with value: 0.8191420076230844.
[I 2025-04-07 06:03:04,090] Trial 14 finished with value: 0.8150757651640157 and parameters: {'max_depth': 23, 'learning_rate': 0.05201733686694797, 'n_estimators': 58, 'gamma': 0.18750640549545533, 'min_child_weight': 3, 'subsample': 0.6953295501173106, 'colsample_bytree': 0.5975241308371788}. Best is trial 0 with value: 0.8191420076230844.
[I 2025-04-07 06:03:06,711] Trial 15 finished with value: 0.7737390016184555 and parameters: {'max_depth': 20, 'learning_rate': 0.8214336422107434, 'n_estimators': 154, 'gamma': 0.32344851392132296, 'min_child_weight': 6, 'subsample': 0.6970590880240002, 'colsample_bytree': 0.7478348610338528}. Best is trial 0 with value: 0.8191420076230844.
[I 2025-04-07 06:03:10,436] Trial 16 finished with value: 0.6377394866279713 and parameters: {'max_depth': 32, 'learning_rate': 0.0015430265051173287, 'n_estimators': 111, 'gamma': 0.186624458095638, 'min_child_weight': 6, 'subsample': 0.8362493148502614, 'colsample_bytree': 0.7806850251575983}. Best is trial 0 with value: 0.8191420076230844.
[I 2025-04-07 06:03:14,431] Trial 17 finished with value: 0.8118052546212094 and parameters: {'max_depth': 27, 'learning_rate': 0.12506131644636145, 'n_estimators': 228, 'gamma': 0.34880798258611967, 'min_child_weight': 4, 'subsample': 0.9177319961426751, 'colsample_bytree': 0.9050623391985182}. Best is trial 0 with value: 0.8191420076230844.
[I 2025-04-07 06:03:20,805] Trial 18 finished with value: 0.8170038712897212 and parameters: {'max_depth': 15, 'learning_rate': 0.016325504435046156, 'n_estimators': 178, 'gamma': 0.22744463161261574, 'min_child_weight': 2, 'subsample': 0.7770381460971795, 'colsample_bytree': 0.6836128802174563}. Best is trial 0 with value: 0.8191420076230844.
[I 2025-04-07 06:03:27,158] Trial 19 finished with value: 0.6377394866279713 and parameters: {'max_depth': 24, 'learning_rate': 1.0943612553345985e-05, 'n_estimators': 235, 'gamma': 0.12108693934705775, 'min_child_weight': 5, 'subsample': 0.6722382403847188, 'colsample_bytree': 0.986836361005454}. Best is trial 0 with value: 0.8191420076230844.
[I 2025-04-07 06:03:37,592] Trial 20 finished with value: 0.793652842138189 and parameters: {'max_depth': 28, 'learning_rate': 0.0032169163509087467, 'n_estimators': 205, 'gamma': 0.3745731150818556, 'min_child_weight': 2, 'subsample': 0.7349730425275922, 'colsample_bytree': 0.894923777904006}. Best is trial 0 with value: 0.8191420076230844.
[I 2025-04-07 06:03:39,356] Trial 21 finished with value: 0.8165009375093355 and parameters: {'max_depth': 26, 'learning_rate': 0.0340945994977855, 'n_estimators': 52, 'gamma': 0.27894381628312265, 'min_child_weight': 5, 'subsample': 0.5062943335195474, 'colsample_bytree': 0.8089361696508719}. Best is trial 0 with value: 0.8191420076230844.
[I 2025-04-07 06:03:42,316] Trial 22 finished with value: 0.8198546553005741 and parameters: {'max_depth': 25, 'learning_rate': 0.025663373997888976, 'n_estimators': 80, 'gamma': 0.290639678964582, 'min_child_weight': 5, 'subsample': 0.5510168987073223, 'colsample_bytree': 0.8665007286507681}. Best is trial 22 with value: 0.8198546553005741.
[I 2025-04-07 06:03:45,128] Trial 23 finished with value: 0.8083672752130264 and parameters: {'max_depth': 21, 'learning_rate': 0.15824894796865466, 'n_estimators': 83, 'gamma': 0.40001445798345636, 'min_child_weight': 4, 'subsample': 0.6483001347508396, 'colsample_bytree': 0.8713740142729189}. Best is trial 22 with value: 0.8198546553005741.
[I 2025-04-07 06:03:48,380] Trial 24 finished with value: 0.8135240861700239 and parameters: {'max_depth': 29, 'learning_rate': 0.09619116082475736, 'n_estimators': 127, 'gamma': 0.3262791687725698, 'min_child_weight': 6, 'subsample': 0.5666613212825347, 'colsample_bytree': 0.7910400687680104}. Best is trial 22 with value: 0.8198546553005741.
[I 2025-04-07 06:03:51,458] Trial 25 finished with value: 0.8148240874001207 and parameters: {'max_depth': 32, 'learning_rate': 0.020302843113109426, 'n_estimators': 75, 'gamma': 0.2216283940744351, 'min_child_weight': 4, 'subsample': 0.7305030540757792, 'colsample_bytree': 0.7209018663041523}. Best is trial 22 with value: 0.8198546553005741.
[I 2025-04-07 06:03:55,155] Trial 26 finished with value: 0.7017985242355389 and parameters: {'max_depth': 24, 'learning_rate': 0.003162177528087709, 'n_estimators': 119, 'gamma': 0.5472902983689749, 'min_child_weight': 5, 'subsample': 0.792755907745147, 'colsample_bytree': 0.873220906168368}. Best is trial 22 with value: 0.8198546553005741.
[I 2025-04-07 06:03:57,396] Trial 27 finished with value: 0.7951197147581717 and parameters: {'max_depth': 16, 'learning_rate': 0.6311647443028763, 'n_estimators': 164, 'gamma': 0.12085593513774881, 'min_child_weight': 3, 'subsample': 0.91408036513806, 'colsample_bytree': 0.7468262497046458}. Best is trial 22 with value: 0.8198546553005741.
[I 2025-04-07 06:03:59,697] Trial 28 finished with value: 0.8061037568907375 and parameters: {'max_depth': 25, 'learning_rate': 0.22081531813802907, 'n_estimators': 93, 'gamma': 0.31722396186908325, 'min_child_weight': 6, 'subsample': 0.6479603776810645, 'colsample_bytree': 0.6499649880034343}. Best is trial 22 with value: 0.8198546553005741.
[I 2025-04-07 06:04:03,372] Trial 29 finished with value: 0.7957908906075096 and parameters: {'max_depth': 20, 'learning_rate': 0.00939905044602187, 'n_estimators': 78, 'gamma': 0.41974666108859726, 'min_child_weight': 4, 'subsample': 0.7967858429167303, 'colsample_bytree': 0.8470516246809647}. Best is trial 22 with value: 0.8198546553005741.
[I 2025-04-07 06:04:06,317] Trial 30 finished with value: 0.8163743781422379 and parameters: {'max_depth': 18, 'learning_rate': 0.06609979675039697, 'n_estimators': 130, 'gamma': 0.47361164022909996, 'min_child_weight': 7, 'subsample': 0.5487373228001186, 'colsample_bytree': 0.7960758845581437}. Best is trial 22 with value: 0.8198546553005741.
[I 2025-04-07 06:04:08,172] Trial 31 finished with value: 0.8165846719420238 and parameters: {'max_depth': 26, 'learning_rate': 0.02935252019950047, 'n_estimators': 64, 'gamma': 0.25322848191675784, 'min_child_weight': 5, 'subsample': 0.5384017375958072, 'colsample_bytree': 0.831279908238531}. Best is trial 22 with value: 0.8198546553005741.
[I 2025-04-07 06:04:10,155] Trial 32 finished with value: 0.7166815156898821 and parameters: {'max_depth': 22, 'learning_rate': 0.006058259036090779, 'n_estimators': 71, 'gamma': 0.28310179218627546, 'min_child_weight': 5, 'subsample': 0.5082111960876489, 'colsample_bytree': 0.812515400708172}. Best is trial 22 with value: 0.8198546553005741.
[I 2025-04-07 06:04:11,834] Trial 33 finished with value: 0.8052236052022541 and parameters: {'max_depth': 28, 'learning_rate': 0.016680546632021384, 'n_estimators': 50, 'gamma': 0.21998498889572893, 'min_child_weight': 5, 'subsample': 0.64154042348427, 'colsample_bytree': 0.8683948132883672}. Best is trial 22 with value: 0.8198546553005741.
[I 2025-04-07 06:04:15,252] Trial 34 finished with value: 0.8197709208678858 and parameters: {'max_depth': 30, 'learning_rate': 0.03518256202162132, 'n_estimators': 101, 'gamma': 0.35710269225123104, 'min_child_weight': 6, 'subsample': 0.5816203154226439, 'colsample_bytree': 0.9531880847761396}. Best is trial 22 with value: 0.8198546553005741.
[I 2025-04-07 06:04:17,970] Trial 35 finished with value: 0.7651866144402797 and parameters: {'max_depth': 30, 'learning_rate': 0.004710689176174689, 'n_estimators': 101, 'gamma': 0.393927141127008, 'min_child_weight': 6, 'subsample': 0.5944825849418243, 'colsample_bytree': 0.9672708616710692}. Best is trial 22 with value: 0.8198546553005741.
[I 2025-04-07 06:04:22,975] Trial 36 finished with value: 0.8177164311031682 and parameters: {'max_depth': 29, 'learning_rate': 0.045446138772835286, 'n_estimators': 180, 'gamma': 0.3498275173382699, 'min_child_weight': 6, 'subsample': 0.5830891429077991, 'colsample_bytree': 0.9465229300052636}. Best is trial 22 with value: 0.8198546553005741.
[I 2025-04-07 06:04:38,258] Trial 37 finished with value: 0.8150751852613339 and parameters: {'max_depth': 32, 'learning_rate': 0.012666584250227843, 'n_estimators': 205, 'gamma': 0.49465200316692504, 'min_child_weight': 1, 'subsample': 0.8270540000832383, 'colsample_bytree': 0.9963193377206938}. Best is trial 22 with value: 0.8198546553005741.
[I 2025-04-07 06:04:40,890] Trial 38 finished with value: 0.8147397906375591 and parameters: {'max_depth': 30, 'learning_rate': 0.10664626673473412, 'n_estimators': 90, 'gamma': 0.0027425303432495607, 'min_child_weight': 7, 'subsample': 0.6226271565773636, 'colsample_bytree': 0.9142886688409666}. Best is trial 22 with value: 0.8198546553005741.
[I 2025-04-07 06:04:44,569] Trial 39 finished with value: 0.6377394866279713 and parameters: {'max_depth': 28, 'learning_rate': 0.002092977572538965, 'n_estimators': 114, 'gamma': 0.41727294747630217, 'min_child_weight': 4, 'subsample': 0.5554567769154967, 'colsample_bytree': 0.8871540508934979}. Best is trial 22 with value: 0.8198546553005741.
[I 2025-04-07 06:04:45,697] Trial 40 finished with value: 0.8105058157209861 and parameters: {'max_depth': 4, 'learning_rate': 0.3921712082609424, 'n_estimators': 164, 'gamma': 0.3590960408570774, 'min_child_weight': 3, 'subsample': 0.7176124761714506, 'colsample_bytree': 0.9268203422073474}. Best is trial 22 with value: 0.8198546553005741.
[I 2025-04-07 06:04:50,548] Trial 41 finished with value: 0.8157459217904582 and parameters: {'max_depth': 30, 'learning_rate': 0.05064093787371009, 'n_estimators': 184, 'gamma': 0.3352670290003156, 'min_child_weight': 6, 'subsample': 0.5900037213752652, 'colsample_bytree': 0.9512638584015547}. Best is trial 22 with value: 0.8198546553005741.
[I 2025-04-07 06:04:56,106] Trial 42 finished with value: 0.8174229827733758 and parameters: {'max_depth': 27, 'learning_rate': 0.03240716889173479, 'n_estimators': 208, 'gamma': 0.30189501489887144, 'min_child_weight': 6, 'subsample': 0.5725286934248734, 'colsample_bytree': 0.9664872242767829}. Best is trial 22 with value: 0.8198546553005741.
[I 2025-04-07 06:05:00,263] Trial 43 finished with value: 0.8065227629375411 and parameters: {'max_depth': 31, 'learning_rate': 0.16435227783193182, 'n_estimators': 168, 'gamma': 0.38794535561602317, 'min_child_weight': 5, 'subsample': 0.611232434533433, 'colsample_bytree': 0.9297884637105944}. Best is trial 22 with value: 0.8198546553005741.
[I 2025-04-07 06:05:07,501] Trial 44 finished with value: 0.818345449784821 and parameters: {'max_depth': 29, 'learning_rate': 0.008777260227956322, 'n_estimators': 246, 'gamma': 0.44514829132567013, 'min_child_weight': 6, 'subsample': 0.7613722470344948, 'colsample_bytree': 0.8438309322005928}. Best is trial 22 with value: 0.8198546553005741.
[I 2025-04-07 06:05:12,824] Trial 45 finished with value: 0.6377394866279713 and parameters: {'max_depth': 13, 'learning_rate': 0.0009620414610032747, 'n_estimators': 277, 'gamma': 0.45167601240892113, 'min_child_weight': 7, 'subsample': 0.7728170102709753, 'colsample_bytree': 0.8541465517586435}. Best is trial 22 with value: 0.8198546553005741.
[I 2025-04-07 06:05:20,911] Trial 46 finished with value: 0.8172973899107477 and parameters: {'max_depth': 25, 'learning_rate': 0.0066046045942228125, 'n_estimators': 252, 'gamma': 0.530436468717401, 'min_child_weight': 5, 'subsample': 0.8113900690257588, 'colsample_bytree': 0.7728928850996696}. Best is trial 22 with value: 0.8198546553005741.
[I 2025-04-07 06:05:29,584] Trial 47 finished with value: 0.8195194891233102 and parameters: {'max_depth': 23, 'learning_rate': 0.010270500878491459, 'n_estimators': 291, 'gamma': 0.4741373896922284, 'min_child_weight': 6, 'subsample': 0.8720045930224913, 'colsample_bytree': 0.7291021823420558}. Best is trial 22 with value: 0.8198546553005741.
[I 2025-04-07 06:05:32,464] Trial 48 finished with value: 0.6377394866279713 and parameters: {'max_depth': 7, 'learning_rate': 0.00027049036013463725, 'n_estimators': 300, 'gamma': 0.5612710746624744, 'min_child_weight': 6, 'subsample': 0.8668837451994138, 'colsample_bytree': 0.7219251472656385}. Best is trial 22 with value: 0.8198546553005741.
[I 2025-04-07 06:05:39,923] Trial 49 finished with value: 0.8055590173988378 and parameters: {'max_depth': 27, 'learning_rate': 0.004127336375640401, 'n_estimators': 251, 'gamma': 0.47762143465115386, 'min_child_weight': 7, 'subsample': 0.8645949520223972, 'colsample_bytree': 0.6905282144391016}. Best is trial 22 with value: 0.8198546553005741.
[I 2025-04-07 06:05:53,472] Trial 50 finished with value: 0.8182197163397247 and parameters: {'max_depth': 31, 'learning_rate': 0.009697530232205277, 'n_estimators': 262, 'gamma': 0.4418546995648873, 'min_child_weight': 6, 'subsample': 0.9923181551059184, 'colsample_bytree': 0.8442095309344086}. Best is trial 22 with value: 0.8198546553005741.
[I 2025-04-07 06:06:01,560] Trial 51 finished with value: 0.8169617668404617 and parameters: {'max_depth': 23, 'learning_rate': 0.024578212014358204, 'n_estimators': 278, 'gamma': 0.5062213126015134, 'min_child_weight': 5, 'subsample': 0.7499674536308603, 'colsample_bytree': 0.7605234564904004}. Best is trial 22 with value: 0.8198546553005741.
[I 2025-04-07 06:06:05,934] Trial 52 finished with value: 0.8142365054010028 and parameters: {'max_depth': 20, 'learning_rate': 0.07355919133311803, 'n_estimators': 289, 'gamma': 0.46819390213485923, 'min_child_weight': 6, 'subsample': 0.9504439605253566, 'colsample_bytree': 0.7033810803607933}. Best is trial 22 with value: 0.8198546553005741.
[I 2025-04-07 06:06:13,204] Trial 53 finished with value: 0.8154529127808793 and parameters: {'max_depth': 22, 'learning_rate': 0.01377455144748888, 'n_estimators': 239, 'gamma': 0.4178878113798063, 'min_child_weight': 4, 'subsample': 0.675659547077884, 'colsample_bytree': 0.5010535522169759}. Best is trial 22 with value: 0.8198546553005741.
[I 2025-04-07 06:06:15,521] Trial 54 finished with value: 0.8177584476883849 and parameters: {'max_depth': 18, 'learning_rate': 0.041156709555051865, 'n_estimators': 66, 'gamma': 0.2514319634557887, 'min_child_weight': 5, 'subsample': 0.8956510373758738, 'colsample_bytree': 0.7407705834544828}. Best is trial 22 with value: 0.8198546553005741.
[I 2025-04-07 06:06:21,900] Trial 55 finished with value: 0.8185548473713714 and parameters: {'max_depth': 29, 'learning_rate': 0.01963203616776471, 'n_estimators': 222, 'gamma': 0.3665207838610851, 'min_child_weight': 6, 'subsample': 0.750882612500038, 'colsample_bytree': 0.6531864723956966}. Best is trial 22 with value: 0.8198546553005741.
[I 2025-04-07 06:06:26,923] Trial 56 finished with value: 0.819645011694704 and parameters: {'max_depth': 29, 'learning_rate': 0.020493488316132645, 'n_estimators': 195, 'gamma': 0.2997494362842258, 'min_child_weight': 7, 'subsample': 0.7458240358685714, 'colsample_bytree': 0.6079176711135934}. Best is trial 22 with value: 0.8198546553005741.
[I 2025-04-07 06:06:32,045] Trial 57 finished with value: 0.8158299373880832 and parameters: {'max_depth': 27, 'learning_rate': 0.016628975322180644, 'n_estimators': 148, 'gamma': 0.3795227290752847, 'min_child_weight': 7, 'subsample': 0.9698639715887485, 'colsample_bytree': 0.590882254190964}. Best is trial 22 with value: 0.8198546553005741.
[I 2025-04-07 06:06:36,302] Trial 58 finished with value: 0.8194355086713024 and parameters: {'max_depth': 32, 'learning_rate': 0.02235005681830015, 'n_estimators': 193, 'gamma': 0.29683407894625524, 'min_child_weight': 7, 'subsample': 0.5268889287502598, 'colsample_bytree': 0.6156892874938956}. Best is trial 22 with value: 0.8198546553005741.
[I 2025-04-07 06:06:40,769] Trial 59 finished with value: 0.6672954041833828 and parameters: {'max_depth': 31, 'learning_rate': 0.0021386205952182006, 'n_estimators': 196, 'gamma': 0.3059190333985389, 'min_child_weight': 7, 'subsample': 0.5205316351852128, 'colsample_bytree': 0.6046678479084583}. Best is trial 22 with value: 0.8198546553005741.
[I 2025-04-07 06:06:45,113] Trial 60 finished with value: 0.8178423578491586 and parameters: {'max_depth': 32, 'learning_rate': 0.02543743390620181, 'n_estimators': 194, 'gamma': 0.28156797103049913, 'min_child_weight': 7, 'subsample': 0.5310439835988294, 'colsample_bytree': 0.5536196196398002}. Best is trial 22 with value: 0.8198546553005741.
[I 2025-04-07 06:06:51,609] Trial 61 finished with value: 0.8191838133345986 and parameters: {'max_depth': 29, 'learning_rate': 0.02080308836490733, 'n_estimators': 227, 'gamma': 0.36163097023755364, 'min_child_weight': 7, 'subsample': 0.8209129382497935, 'colsample_bytree': 0.6506728103694468}. Best is trial 22 with value: 0.8198546553005741.
[I 2025-04-07 06:06:57,061] Trial 62 finished with value: 0.8095415781436437 and parameters: {'max_depth': 30, 'learning_rate': 0.006499522437484871, 'n_estimators': 214, 'gamma': 0.3392424832429555, 'min_child_weight': 7, 'subsample': 0.8185436322943801, 'colsample_bytree': 0.6194422785443345}. Best is trial 22 with value: 0.8198546553005741.
