[I 2025-04-07 06:27:54,041] Trial 252 finished with value: 0.8198965664489396 and parameters: {'max_depth': 27, 'learning_rate': 0.010464769833780056, 'n_estimators': 247, 'gamma': 0.1765159674996254, 'min_child_weight': 5, 'subsample': 0.6989795788473582, 'colsample_bytree': 0.80382175522061}. Best is trial 230 with value: 0.8209865726169954.
[I 2025-04-07 06:28:01,150] Trial 253 finished with value: 0.8176748538381651 and parameters: {'max_depth': 28, 'learning_rate': 0.007587687450194823, 'n_estimators': 242, 'gamma': 0.1667083270993712, 'min_child_weight': 5, 'subsample': 0.660205984036579, 'colsample_bytree': 0.8284761807642064}. Best is trial 230 with value: 0.8209865726169954.
[I 2025-04-07 06:28:08,388] Trial 254 finished with value: 0.8193515633649117 and parameters: {'max_depth': 29, 'learning_rate': 0.017682151245816995, 'n_estimators': 236, 'gamma': 0.18422650998615422, 'min_child_weight': 5, 'subsample': 0.678251763864752, 'colsample_bytree': 0.814989133192167}. Best is trial 230 with value: 0.8209865726169954.
[I 2025-04-07 06:28:15,860] Trial 255 finished with value: 0.819812656288166 and parameters: {'max_depth': 28, 'learning_rate': 0.012480520070138957, 'n_estimators': 248, 'gamma': 0.17831940263624532, 'min_child_weight': 5, 'subsample': 0.6485590558145464, 'colsample_bytree': 0.818751980979724}. Best is trial 230 with value: 0.8209865726169954.
[I 2025-04-07 06:28:22,730] Trial 256 finished with value: 0.8178002358270906 and parameters: {'max_depth': 27, 'learning_rate': 0.02310307712138261, 'n_estimators': 240, 'gamma': 0.15348832247475214, 'min_child_weight': 5, 'subsample': 0.6887028040662158, 'colsample_bytree': 0.7801509693120418}. Best is trial 230 with value: 0.8209865726169954.
[I 2025-04-07 06:28:28,729] Trial 257 finished with value: 0.8192260407935178 and parameters: {'max_depth': 14, 'learning_rate': 0.009969752751510855, 'n_estimators': 243, 'gamma': 0.1899911769495706, 'min_child_weight': 5, 'subsample': 0.6658730557946173, 'colsample_bytree': 0.8309209489958169}. Best is trial 230 with value: 0.8209865726169954.
[I 2025-04-07 06:28:36,075] Trial 258 finished with value: 0.8193934745132772 and parameters: {'max_depth': 19, 'learning_rate': 0.01507036860454596, 'n_estimators': 251, 'gamma': 0.16703595652882652, 'min_child_weight': 5, 'subsample': 0.6374571655199388, 'colsample_bytree': 0.8058681924230989}. Best is trial 230 with value: 0.8209865726169954.
[I 2025-04-07 06:28:43,013] Trial 259 finished with value: 0.8202320313639486 and parameters: {'max_depth': 29, 'learning_rate': 0.01188256656221674, 'n_estimators': 237, 'gamma': 0.19474803778090566, 'min_child_weight': 5, 'subsample': 0.6739103080568117, 'colsample_bytree': 0.7997787296392499}. Best is trial 230 with value: 0.8209865726169954.
[I 2025-04-07 06:28:50,270] Trial 260 finished with value: 0.8194352450791744 and parameters: {'max_depth': 29, 'learning_rate': 0.018151386068074888, 'n_estimators': 234, 'gamma': 0.21856670162038458, 'min_child_weight': 5, 'subsample': 0.6794275575192813, 'colsample_bytree': 0.79921953028955}. Best is trial 230 with value: 0.8209865726169954.
[I 2025-04-07 06:28:57,860] Trial 261 finished with value: 0.8191002546299957 and parameters: {'max_depth': 29, 'learning_rate': 0.00893630933445281, 'n_estimators': 236, 'gamma': 0.19961952885628417, 'min_child_weight': 5, 'subsample': 0.6984571697734947, 'colsample_bytree': 0.7890703879079268}. Best is trial 230 with value: 0.8209865726169954.
[I 2025-04-07 06:29:05,458] Trial 262 finished with value: 0.8195190146574797 and parameters: {'max_depth': 27, 'learning_rate': 0.015323739132025407, 'n_estimators': 241, 'gamma': 0.15340026824631234, 'min_child_weight': 5, 'subsample': 0.6890988048841424, 'colsample_bytree': 0.8117804714115985}. Best is trial 230 with value: 0.8209865726169954.
[I 2025-04-07 06:29:12,623] Trial 263 finished with value: 0.8200224756221214 and parameters: {'max_depth': 28, 'learning_rate': 0.022361150543343034, 'n_estimators': 236, 'gamma': 0.17174417566428749, 'min_child_weight': 5, 'subsample': 0.6544650372377223, 'colsample_bytree': 0.7733141263198002}. Best is trial 230 with value: 0.8209865726169954.
[I 2025-04-07 06:29:20,549] Trial 264 finished with value: 0.8198966543129822 and parameters: {'max_depth': 27, 'learning_rate': 0.01370409899071058, 'n_estimators': 252, 'gamma': 0.03522869114657173, 'min_child_weight': 5, 'subsample': 0.6758067955185495, 'colsample_bytree': 0.7939606567390521}. Best is trial 230 with value: 0.8209865726169954.
[I 2025-04-07 06:29:28,511] Trial 265 finished with value: 0.8188487350213773 and parameters: {'max_depth': 29, 'learning_rate': 0.007455142875356963, 'n_estimators': 247, 'gamma': 0.19602723583983092, 'min_child_weight': 5, 'subsample': 0.6741442147971374, 'colsample_bytree': 0.8360621259364678}. Best is trial 230 with value: 0.8209865726169954.
[I 2025-04-07 06:29:35,346] Trial 266 finished with value: 0.8192678992234577 and parameters: {'max_depth': 17, 'learning_rate': 0.010982118734632548, 'n_estimators': 259, 'gamma': 0.1772412566971753, 'min_child_weight': 5, 'subsample': 0.6600126635417598, 'colsample_bytree': 0.8027934576401629}. Best is trial 230 with value: 0.8209865726169954.
[I 2025-04-07 06:29:43,062] Trial 267 finished with value: 0.8193515106464861 and parameters: {'max_depth': 28, 'learning_rate': 0.01841402348517799, 'n_estimators': 239, 'gamma': 0.23906422566334048, 'min_child_weight': 5, 'subsample': 0.6876359488876462, 'colsample_bytree': 0.8251038259640437}. Best is trial 230 with value: 0.8209865726169954.
[I 2025-04-07 06:29:54,266] Trial 268 finished with value: 0.8152431988837752 and parameters: {'max_depth': 27, 'learning_rate': 0.006401689397711486, 'n_estimators': 229, 'gamma': 0.15634898690503024, 'min_child_weight': 5, 'subsample': 0.6233961798859816, 'colsample_bytree': 0.7570806880334743}. Best is trial 230 with value: 0.8209865726169954.
[I 2025-04-07 06:30:01,947] Trial 269 finished with value: 0.8189741345831114 and parameters: {'max_depth': 28, 'learning_rate': 0.013897475982698585, 'n_estimators': 243, 'gamma': 0.21126182975042654, 'min_child_weight': 5, 'subsample': 0.7018406418233664, 'colsample_bytree': 0.7872030502307384}. Best is trial 230 with value: 0.8209865726169954.
[I 2025-04-07 06:30:06,156] Trial 270 finished with value: 0.8172557247817018 and parameters: {'max_depth': 11, 'learning_rate': 0.009476188717305628, 'n_estimators': 233, 'gamma': 0.16587383769175595, 'min_child_weight': 5, 'subsample': 0.6505856273822181, 'colsample_bytree': 0.8551392946999057}. Best is trial 230 with value: 0.8209865726169954.
[I 2025-04-07 06:30:13,885] Trial 271 finished with value: 0.8197706924213749 and parameters: {'max_depth': 27, 'learning_rate': 0.016542760474510875, 'n_estimators': 253, 'gamma': 0.19056497145936993, 'min_child_weight': 5, 'subsample': 0.673037965881596, 'colsample_bytree': 0.8057399255021378}. Best is trial 230 with value: 0.8209865726169954.
[I 2025-04-07 06:30:21,697] Trial 272 finished with value: 0.8203578702458962 and parameters: {'max_depth': 26, 'learning_rate': 0.012039829763096154, 'n_estimators': 247, 'gamma': 0.17802700447832012, 'min_child_weight': 5, 'subsample': 0.6839861843264701, 'colsample_bytree': 0.8145580274328067}. Best is trial 230 with value: 0.8209865726169954.
[I 2025-04-07 06:30:29,347] Trial 273 finished with value: 0.8195192255311821 and parameters: {'max_depth': 29, 'learning_rate': 0.011233684370887837, 'n_estimators': 238, 'gamma': 0.17948516883828164, 'min_child_weight': 5, 'subsample': 0.6847204798223085, 'colsample_bytree': 0.8302212790607382}. Best is trial 230 with value: 0.8209865726169954.
[I 2025-04-07 06:30:36,791] Trial 274 finished with value: 0.8192679167962661 and parameters: {'max_depth': 28, 'learning_rate': 0.008853931217142242, 'n_estimators': 247, 'gamma': 0.16576549199972435, 'min_child_weight': 5, 'subsample': 0.7026953453500302, 'colsample_bytree': 0.8432207369201282}. Best is trial 230 with value: 0.8209865726169954.
[I 2025-04-07 06:30:44,398] Trial 275 finished with value: 0.8188484362836321 and parameters: {'max_depth': 27, 'learning_rate': 0.021897755838426538, 'n_estimators': 243, 'gamma': 0.14746686533094105, 'min_child_weight': 5, 'subsample': 0.6939207644935992, 'colsample_bytree': 0.8231605493792733}. Best is trial 230 with value: 0.8209865726169954.
[I 2025-04-07 06:30:51,047] Trial 276 finished with value: 0.6377394866279713 and parameters: {'max_depth': 25, 'learning_rate': 0.00011742937100808431, 'n_estimators': 233, 'gamma': 0.17921705815976094, 'min_child_weight': 5, 'subsample': 0.6622057068940768, 'colsample_bytree': 0.8145226889950922}. Best is trial 230 with value: 0.8209865726169954.
[I 2025-04-07 06:30:58,355] Trial 277 finished with value: 0.8200224053308872 and parameters: {'max_depth': 26, 'learning_rate': 0.011156468828905947, 'n_estimators': 249, 'gamma': 0.1944264291500075, 'min_child_weight': 5, 'subsample': 0.6822713217351951, 'colsample_bytree': 0.8502515674037394}. Best is trial 230 with value: 0.8209865726169954.
[I 2025-04-07 06:31:06,425] Trial 278 finished with value: 0.8200223701852701 and parameters: {'max_depth': 28, 'learning_rate': 0.01652068943538477, 'n_estimators': 239, 'gamma': 0.16186125070960167, 'min_child_weight': 5, 'subsample': 0.6663719809620214, 'colsample_bytree': 0.834913393219605}. Best is trial 230 with value: 0.8209865726169954.
[I 2025-04-07 06:31:13,353] Trial 279 finished with value: 0.8200643691976783 and parameters: {'max_depth': 27, 'learning_rate': 0.01305814519431093, 'n_estimators': 230, 'gamma': 0.18411344793861914, 'min_child_weight': 5, 'subsample': 0.640370734796761, 'colsample_bytree': 0.7802677159512211}. Best is trial 230 with value: 0.8209865726169954.
[I 2025-04-07 06:31:21,572] Trial 280 finished with value: 0.8188484714292492 and parameters: {'max_depth': 29, 'learning_rate': 0.008465470651913632, 'n_estimators': 246, 'gamma': 0.17132395975344789, 'min_child_weight': 5, 'subsample': 0.6912514219851584, 'colsample_bytree': 0.8593160325892657}. Best is trial 230 with value: 0.8209865726169954.
[I 2025-04-07 06:31:25,589] Trial 281 finished with value: 0.7851837324996792 and parameters: {'max_depth': 26, 'learning_rate': 0.6131815793878272, 'n_estimators': 236, 'gamma': 0.15159014993586456, 'min_child_weight': 5, 'subsample': 0.6793810449308099, 'colsample_bytree': 0.8167249275715868}. Best is trial 230 with value: 0.8209865726169954.
[I 2025-04-07 06:31:33,049] Trial 282 finished with value: 0.8200223174668444 and parameters: {'max_depth': 28, 'learning_rate': 0.019932317633347046, 'n_estimators': 241, 'gamma': 0.19733104023996398, 'min_child_weight': 5, 'subsample': 0.6544661069678515, 'colsample_bytree': 0.7984050048865778}. Best is trial 230 with value: 0.8209865726169954.
[I 2025-04-07 06:31:39,748] Trial 283 finished with value: 0.8198129550259111 and parameters: {'max_depth': 27, 'learning_rate': 0.01217148249975241, 'n_estimators': 229, 'gamma': 0.18189996883581938, 'min_child_weight': 5, 'subsample': 0.6695467456611982, 'colsample_bytree': 0.7917339602428066}. Best is trial 230 with value: 0.8209865726169954.
[I 2025-04-07 06:31:42,816] Trial 284 finished with value: 0.8042595082073802 and parameters: {'max_depth': 6, 'learning_rate': 0.006516203540594612, 'n_estimators': 251, 'gamma': 0.13551607617711478, 'min_child_weight': 5, 'subsample': 0.7082455243106732, 'colsample_bytree': 0.8392514512203078}. Best is trial 230 with value: 0.8209865726169954.
[I 2025-04-07 06:31:50,390] Trial 285 finished with value: 0.8170877111592606 and parameters: {'max_depth': 25, 'learning_rate': 0.024730191956685865, 'n_estimators': 261, 'gamma': 0.1702358242671274, 'min_child_weight': 5, 'subsample': 0.6844920848775007, 'colsample_bytree': 0.8080658403935568}. Best is trial 230 with value: 0.8209865726169954.
[I 2025-04-07 06:31:59,409] Trial 286 finished with value: 0.8197289570010948 and parameters: {'max_depth': 29, 'learning_rate': 0.014521695042156522, 'n_estimators': 294, 'gamma': 0.15944860493629132, 'min_child_weight': 5, 'subsample': 0.6614136682073491, 'colsample_bytree': 0.8658800751510781}. Best is trial 230 with value: 0.8209865726169954.
[I 2025-04-07 06:32:08,241] Trial 287 finished with value: 0.819100166765953 and parameters: {'max_depth': 27, 'learning_rate': 0.009248337997718459, 'n_estimators': 244, 'gamma': 0.2031120923507407, 'min_child_weight': 4, 'subsample': 0.6948951085958618, 'colsample_bytree': 0.8276823440472088}. Best is trial 230 with value: 0.8209865726169954.
[I 2025-04-07 06:32:16,003] Trial 288 finished with value: 0.8200221768843761 and parameters: {'max_depth': 28, 'learning_rate': 0.016668994705876506, 'n_estimators': 235, 'gamma': 0.19149188193535627, 'min_child_weight': 5, 'subsample': 0.6726133152952437, 'colsample_bytree': 0.8494820659415399}. Best is trial 230 with value: 0.8209865726169954.
[I 2025-04-07 06:32:23,002] Trial 289 finished with value: 0.8192678289322235 and parameters: {'max_depth': 26, 'learning_rate': 0.011084851906979403, 'n_estimators': 240, 'gamma': 0.2219024926591758, 'min_child_weight': 5, 'subsample': 0.6479839035538137, 'colsample_bytree': 0.8189286631397136}. Best is trial 230 with value: 0.8209865726169954.
[I 2025-04-07 06:32:30,643] Trial 290 finished with value: 0.8196031532647641 and parameters: {'max_depth': 30, 'learning_rate': 0.01871354346614474, 'n_estimators': 249, 'gamma': 0.17549549220308774, 'min_child_weight': 5, 'subsample': 0.6800318758091514, 'colsample_bytree': 0.8046602825055406}. Best is trial 230 with value: 0.8209865726169954.
[I 2025-04-07 06:32:37,897] Trial 291 finished with value: 0.7161783534629855 and parameters: {'max_depth': 28, 'learning_rate': 0.0016095726396216509, 'n_estimators': 255, 'gamma': 0.1464918481458931, 'min_child_weight': 5, 'subsample': 0.6632121471905272, 'colsample_bytree': 0.8301166518787546}. Best is trial 230 with value: 0.8209865726169954.
[I 2025-04-07 06:32:45,164] Trial 292 finished with value: 0.8195612772620159 and parameters: {'max_depth': 26, 'learning_rate': 0.013403569653624499, 'n_estimators': 233, 'gamma': 0.18483268131988642, 'min_child_weight': 5, 'subsample': 0.693431322811017, 'colsample_bytree': 0.794296817309616}. Best is trial 230 with value: 0.8209865726169954.
[I 2025-04-07 06:32:51,748] Trial 293 finished with value: 0.8188905055872745 and parameters: {'max_depth': 27, 'learning_rate': 0.007746271241671017, 'n_estimators': 227, 'gamma': 0.16365000964827245, 'min_child_weight': 5, 'subsample': 0.6741781865645438, 'colsample_bytree': 0.8577945502345292}. Best is trial 230 with value: 0.8209865726169954.
[I 2025-04-07 06:32:59,265] Trial 294 finished with value: 0.8162075594707773 and parameters: {'max_depth': 21, 'learning_rate': 0.005470260355387417, 'n_estimators': 247, 'gamma': 0.2061918943836273, 'min_child_weight': 5, 'subsample': 0.706495488721963, 'colsample_bytree': 0.8400621350792644}. Best is trial 230 with value: 0.8209865726169954.
[I 2025-04-07 06:33:07,006] Trial 295 finished with value: 0.8193516688017629 and parameters: {'max_depth': 25, 'learning_rate': 0.010821234246276363, 'n_estimators': 242, 'gamma': 0.19403437943068488, 'min_child_weight': 5, 'subsample': 0.6570642783169136, 'colsample_bytree': 0.8162411069455302}. Best is trial 230 with value: 0.8209865726169954.
[I 2025-04-07 06:33:14,035] Trial 296 finished with value: 0.8188903474319975 and parameters: {'max_depth': 29, 'learning_rate': 0.01589136028586635, 'n_estimators': 238, 'gamma': 0.1729351924192984, 'min_child_weight': 5, 'subsample': 0.6703688259854573, 'colsample_bytree': 0.7790182309465649}. Best is trial 230 with value: 0.8209865726169954.
[I 2025-04-07 06:33:21,991] Trial 297 finished with value: 0.817968091294255 and parameters: {'max_depth': 27, 'learning_rate': 0.021505430826488293, 'n_estimators': 253, 'gamma': 0.1538300862839215, 'min_child_weight': 5, 'subsample': 0.6834394736188802, 'colsample_bytree': 0.8075914524612284}. Best is trial 230 with value: 0.8209865726169954.
[I 2025-04-07 06:33:29,558] Trial 298 finished with value: 0.819603047827913 and parameters: {'max_depth': 28, 'learning_rate': 0.01290001723911517, 'n_estimators': 245, 'gamma': 0.18208563531642963, 'min_child_weight': 5, 'subsample': 0.6496328153073427, 'colsample_bytree': 0.8665644055932809}. Best is trial 230 with value: 0.8209865726169954.
[I 2025-04-07 06:33:36,844] Trial 299 finished with value: 0.8199386181797733 and parameters: {'max_depth': 26, 'learning_rate': 0.009975893344820823, 'n_estimators': 232, 'gamma': 0.13821375299797903, 'min_child_weight': 5, 'subsample': 0.7146251045115157, 'colsample_bytree': 0.8495548993947388}. Best is trial 230 with value: 0.8209865726169954.
[I 2025-04-07 06:33:43,827] Trial 300 finished with value: 0.8192677234953722 and parameters: {'max_depth': 28, 'learning_rate': 0.015436867966915834, 'n_estimators': 237, 'gamma': 0.06588469794296348, 'min_child_weight': 5, 'subsample': 0.6980786531944727, 'colsample_bytree': 0.8235978989213188}. Best is trial 230 with value: 0.8209865726169954.
[I 2025-04-07 06:33:55,142] Trial 301 finished with value: 0.8188905758785087 and parameters: {'max_depth': 25, 'learning_rate': 0.024957127948192437, 'n_estimators': 242, 'gamma': 0.16287727084155307, 'min_child_weight': 5, 'subsample': 0.6836573218328317, 'colsample_bytree': 0.7908590982156802}. Best is trial 230 with value: 0.8209865726169954.
[I 2025-04-07 06:34:01,897] Trial 302 finished with value: 0.6377394866279713 and parameters: {'max_depth': 29, 'learning_rate': 2.0931536692774844e-05, 'n_estimators': 228, 'gamma': 0.1996775497994815, 'min_child_weight': 5, 'subsample': 0.6658243985572889, 'colsample_bytree': 0.8349526575059911}. Best is trial 230 with value: 0.8209865726169954.
[I 2025-04-07 06:34:10,100] Trial 303 finished with value: 0.8192258474926237 and parameters: {'max_depth': 27, 'learning_rate': 0.007866033974143817, 'n_estimators': 259, 'gamma': 0.21572261993579978, 'min_child_weight': 5, 'subsample': 0.6752002753768075, 'colsample_bytree': 0.8166237742999186}. Best is trial 230 with value: 0.8209865726169954.
[I 2025-04-07 06:34:17,690] Trial 304 finished with value: 0.8196450468403211 and parameters: {'max_depth': 28, 'learning_rate': 0.012790312512367612, 'n_estimators': 249, 'gamma': 0.18845002435757105, 'min_child_weight': 5, 'subsample': 0.690484157253177, 'colsample_bytree': 0.8096266516449794}. Best is trial 230 with value: 0.8209865726169954.
[I 2025-04-07 06:34:25,028] Trial 305 finished with value: 0.8187227028385358 and parameters: {'max_depth': 26, 'learning_rate': 0.019303028790618827, 'n_estimators': 237, 'gamma': 0.17487247216347007, 'min_child_weight': 5, 'subsample': 0.658024912615368, 'colsample_bytree': 0.7999108128218687}. Best is trial 230 with value: 0.8209865726169954.
[I 2025-04-07 06:34:32,426] Trial 306 finished with value: 0.8191421833511697 and parameters: {'max_depth': 29, 'learning_rate': 0.009950923759470086, 'n_estimators': 245, 'gamma': 0.16850935391674102, 'min_child_weight': 5, 'subsample': 0.6440479612624006, 'colsample_bytree': 0.840854777743057}. Best is trial 230 with value: 0.8209865726169954.
[I 2025-04-07 06:34:39,933] Trial 307 finished with value: 0.8201900323515405 and parameters: {'max_depth': 26, 'learning_rate': 0.015475094502027206, 'n_estimators': 252, 'gamma': 0.15588636355488716, 'min_child_weight': 5, 'subsample': 0.6684542658268076, 'colsample_bytree': 0.7712105621815725}. Best is trial 230 with value: 0.8209865726169954.
[I 2025-04-07 06:34:47,753] Trial 308 finished with value: 0.8194354208072596 and parameters: {'max_depth': 26, 'learning_rate': 0.016705513747925647, 'n_estimators': 266, 'gamma': 0.14862464239727463, 'min_child_weight': 5, 'subsample': 0.6808771791895544, 'colsample_bytree': 0.8587941706581947}. Best is trial 230 with value: 0.8209865726169954.
[I 2025-04-07 06:34:59,595] Trial 309 finished with value: 0.817171322582289 and parameters: {'max_depth': 25, 'learning_rate': 0.02568454652139869, 'n_estimators': 241, 'gamma': 0.15602905533092834, 'min_child_weight': 2, 'subsample': 0.7013582682638528, 'colsample_bytree': 0.765473166245074}. Best is trial 230 with value: 0.8209865726169954.
[I 2025-04-07 06:35:07,356] Trial 310 finished with value: 0.8193934745132772 and parameters: {'max_depth': 24, 'learning_rate': 0.015272662667813124, 'n_estimators': 255, 'gamma': 0.13664786836163176, 'min_child_weight': 5, 'subsample': 0.6730861441297842, 'colsample_bytree': 0.7743845050095082}. Best is trial 230 with value: 0.8209865726169954.
[I 2025-04-07 06:35:14,847] Trial 311 finished with value: 0.8198966894585993 and parameters: {'max_depth': 26, 'learning_rate': 0.011344179717266973, 'n_estimators': 231, 'gamma': 0.18585777367197656, 'min_child_weight': 5, 'subsample': 0.6622433310428162, 'colsample_bytree': 0.7843450567264837}. Best is trial 230 with value: 0.8209865726169954.
[I 2025-04-07 06:35:22,453] Trial 312 finished with value: 0.8183872554963353 and parameters: {'max_depth': 27, 'learning_rate': 0.020122425916006978, 'n_estimators': 235, 'gamma': 0.19927313390594112, 'min_child_weight': 5, 'subsample': 0.6892980900046701, 'colsample_bytree': 0.8262629553776265}. Best is trial 230 with value: 0.8209865726169954.
[I 2025-04-07 06:35:29,716] Trial 313 finished with value: 0.8187646667053269 and parameters: {'max_depth': 20, 'learning_rate': 0.006758439583423217, 'n_estimators': 253, 'gamma': 0.1826249408639298, 'min_child_weight': 5, 'subsample': 0.6795922637589357, 'colsample_bytree': 0.8703685264075728}. Best is trial 230 with value: 0.8209865726169954.
[I 2025-04-07 06:35:36,847] Trial 314 finished with value: 0.8181778403369762 and parameters: {'max_depth': 25, 'learning_rate': 0.008910704030356407, 'n_estimators': 226, 'gamma': 0.16083515854909874, 'min_child_weight': 5, 'subsample': 0.6531748955180623, 'colsample_bytree': 0.8484569791707767}. Best is trial 230 with value: 0.8209865726169954.
