[I 2025-04-08 01:45:29,413] Trial 178 finished with value: 0.8165429013761267 and parameters: {'lambda_l1': 5.721581169480908e-05, 'lambda_l2': 2.1493514726915917e-08, 'num_leaves': 33, 'feature_fraction': 0.6744935630875842, 'bagging_fraction': 0.8047406783116031, 'bagging_freq': 11, 'min_child_samples': 86}. Best is trial 176 with value: 0.8174233342295466.
[I 2025-04-08 01:45:30,849] Trial 179 finished with value: 0.8158304294267221 and parameters: {'lambda_l1': 3.7254724814734754e-05, 'lambda_l2': 1.8308959759547793e-08, 'num_leaves': 34, 'feature_fraction': 0.677423777629328, 'bagging_fraction': 0.8046926593218001, 'bagging_freq': 11, 'min_child_samples': 86}. Best is trial 176 with value: 0.8174233342295466.
[I 2025-04-08 01:45:32,703] Trial 180 finished with value: 0.815578558361933 and parameters: {'lambda_l1': 8.445877400713169e-05, 'lambda_l2': 2.0753399131268357e-08, 'num_leaves': 37, 'feature_fraction': 0.6936262915725179, 'bagging_fraction': 0.8012553627099153, 'bagging_freq': 12, 'min_child_samples': 83}. Best is trial 176 with value: 0.8174233342295466.
[I 2025-04-08 01:45:33,993] Trial 181 finished with value: 0.8158720594101512 and parameters: {'lambda_l1': 0.00028036829476285683, 'lambda_l2': 6.710990859806088e-08, 'num_leaves': 31, 'feature_fraction': 0.6809584833083407, 'bagging_fraction': 0.7854010990003735, 'bagging_freq': 12, 'min_child_samples': 90}. Best is trial 176 with value: 0.8174233342295466.
[I 2025-04-08 01:45:35,257] Trial 182 finished with value: 0.8166267939640918 and parameters: {'lambda_l1': 0.0001343038231226267, 'lambda_l2': 2.4910786030543467e-08, 'num_leaves': 33, 'feature_fraction': 0.7870643218067482, 'bagging_fraction': 0.8140683963475357, 'bagging_freq': 11, 'min_child_samples': 95}. Best is trial 176 with value: 0.8174233342295466.
[I 2025-04-08 01:45:36,541] Trial 183 finished with value: 0.815662380658664 and parameters: {'lambda_l1': 5.655072563440091e-05, 'lambda_l2': 1.932696437311171e-08, 'num_leaves': 33, 'feature_fraction': 0.7861719612264175, 'bagging_fraction': 0.8123978263142346, 'bagging_freq': 11, 'min_child_samples': 95}. Best is trial 176 with value: 0.8174233342295466.
[I 2025-04-08 01:45:38,111] Trial 184 finished with value: 0.8164171855038387 and parameters: {'lambda_l1': 0.0004931803043541412, 'lambda_l2': 4.33664769769446e-08, 'num_leaves': 37, 'feature_fraction': 0.764845860828985, 'bagging_fraction': 0.8224086225130307, 'bagging_freq': 11, 'min_child_samples': 92}. Best is trial 176 with value: 0.8174233342295466.
[I 2025-04-08 01:45:39,680] Trial 185 finished with value: 0.8152013228810269 and parameters: {'lambda_l1': 0.0005728298432022552, 'lambda_l2': 3.93392564926924e-08, 'num_leaves': 39, 'feature_fraction': 0.7684292651566995, 'bagging_fraction': 0.7939155785113907, 'bagging_freq': 11, 'min_child_samples': 87}. Best is trial 176 with value: 0.8174233342295466.
[I 2025-04-08 01:45:41,139] Trial 186 finished with value: 0.8170877814504948 and parameters: {'lambda_l1': 0.00012041315542884316, 'lambda_l2': 1.275437777809509e-08, 'num_leaves': 36, 'feature_fraction': 0.7495089740126081, 'bagging_fraction': 0.8258263373636152, 'bagging_freq': 10, 'min_child_samples': 79}. Best is trial 176 with value: 0.8174233342295466.
[I 2025-04-08 01:45:43,222] Trial 187 finished with value: 0.8165010253733783 and parameters: {'lambda_l1': 0.0001750892803487614, 'lambda_l2': 4.572007221557736e-08, 'num_leaves': 43, 'feature_fraction': 0.7582394698694053, 'bagging_fraction': 0.8209118211241867, 'bagging_freq': 10, 'min_child_samples': 82}. Best is trial 176 with value: 0.8174233342295466.
[I 2025-04-08 01:45:44,727] Trial 188 finished with value: 0.8162915047771679 and parameters: {'lambda_l1': 0.00013729473144414618, 'lambda_l2': 9.049328647988315e-09, 'num_leaves': 43, 'feature_fraction': 0.7475377589314662, 'bagging_fraction': 0.8257464384541457, 'bagging_freq': 10, 'min_child_samples': 74}. Best is trial 176 with value: 0.8174233342295466.
[I 2025-04-08 01:45:46,946] Trial 189 finished with value: 0.8150754312806537 and parameters: {'lambda_l1': 0.0004562139093001822, 'lambda_l2': 1.525677099980364e-08, 'num_leaves': 40, 'feature_fraction': 0.7586058780226534, 'bagging_fraction': 0.8141931827032646, 'bagging_freq': 11, 'min_child_samples': 76}. Best is trial 176 with value: 0.8174233342295466.
[I 2025-04-08 01:45:53,082] Trial 190 finished with value: 0.8159978982920988 and parameters: {'lambda_l1': 2.6703877165555094e-05, 'lambda_l2': 5.202380565038883e-08, 'num_leaves': 36, 'feature_fraction': 0.735433147192841, 'bagging_fraction': 0.8230239327887648, 'bagging_freq': 10, 'min_child_samples': 86}. Best is trial 176 with value: 0.8174233342295466.
[I 2025-04-08 01:45:54,722] Trial 191 finished with value: 0.8161236844556209 and parameters: {'lambda_l1': 0.00015208544378949538, 'lambda_l2': 4.787543521347121e-09, 'num_leaves': 44, 'feature_fraction': 0.7661186688727684, 'bagging_fraction': 0.842545968047543, 'bagging_freq': 10, 'min_child_samples': 79}. Best is trial 176 with value: 0.8174233342295466.
[I 2025-04-08 01:45:56,250] Trial 192 finished with value: 0.8160396864308044 and parameters: {'lambda_l1': 7.701245799227269e-05, 'lambda_l2': 1.3016725038091282e-07, 'num_leaves': 38, 'feature_fraction': 0.7795366161528761, 'bagging_fraction': 0.8352891167135421, 'bagging_freq': 11, 'min_child_samples': 81}. Best is trial 176 with value: 0.8174233342295466.
[I 2025-04-08 01:45:59,382] Trial 193 finished with value: 0.8136922755205506 and parameters: {'lambda_l1': 0.00031297464781758624, 'lambda_l2': 1.2364552659144618e-08, 'num_leaves': 102, 'feature_fraction': 0.754405637463607, 'bagging_fraction': 0.8581760506790675, 'bagging_freq': 5, 'min_child_samples': 82}. Best is trial 176 with value: 0.8174233342295466.
[I 2025-04-08 01:46:01,065] Trial 194 finished with value: 0.8145725150730765 and parameters: {'lambda_l1': 0.00021971195133569377, 'lambda_l2': 4.202500076372088e-08, 'num_leaves': 41, 'feature_fraction': 0.7976569539012269, 'bagging_fraction': 0.7975006270341227, 'bagging_freq': 11, 'min_child_samples': 91}. Best is trial 176 with value: 0.8174233342295466.
[I 2025-04-08 01:46:02,389] Trial 195 finished with value: 0.8165847246604494 and parameters: {'lambda_l1': 5.863454208299993e-05, 'lambda_l2': 3.1077083020299665e-08, 'num_leaves': 35, 'feature_fraction': 0.7149555572412215, 'bagging_fraction': 0.8127588521403278, 'bagging_freq': 9, 'min_child_samples': 89}. Best is trial 176 with value: 0.8174233342295466.
[I 2025-04-08 01:46:04,124] Trial 196 finished with value: 0.8163332401974481 and parameters: {'lambda_l1': 4.562705792099206e-05, 'lambda_l2': 3.348976003601371e-09, 'num_leaves': 35, 'feature_fraction': 0.7172836751772789, 'bagging_fraction': 0.812196121020456, 'bagging_freq': 9, 'min_child_samples': 90}. Best is trial 176 with value: 0.8174233342295466.
[I 2025-04-08 01:46:05,426] Trial 197 finished with value: 0.8166687051124573 and parameters: {'lambda_l1': 9.643683759610715e-05, 'lambda_l2': 1.118121210947161e-08, 'num_leaves': 37, 'feature_fraction': 0.7449741474258444, 'bagging_fraction': 0.788987737208953, 'bagging_freq': 9, 'min_child_samples': 85}. Best is trial 176 with value: 0.8174233342295466.
[I 2025-04-08 01:46:06,631] Trial 198 finished with value: 0.8152850045952894 and parameters: {'lambda_l1': 0.000767836257411449, 'lambda_l2': 5.8677770054891504e-08, 'num_leaves': 33, 'feature_fraction': 0.7395292474082464, 'bagging_fraction': 0.754948856689624, 'bagging_freq': 9, 'min_child_samples': 84}. Best is trial 176 with value: 0.8174233342295466.
[I 2025-04-08 01:46:07,797] Trial 199 finished with value: 0.8166685293843716 and parameters: {'lambda_l1': 5.878867645749789e-05, 'lambda_l2': 1.4742117865561033e-08, 'num_leaves': 30, 'feature_fraction': 0.7294360937034883, 'bagging_fraction': 0.7866870883248409, 'bagging_freq': 9, 'min_child_samples': 93}. Best is trial 176 with value: 0.8174233342295466.
[I 2025-04-08 01:46:09,161] Trial 200 finished with value: 0.8150335025594796 and parameters: {'lambda_l1': 2.823664201100569e-05, 'lambda_l2': 1.1286907242887572e-08, 'num_leaves': 30, 'feature_fraction': 0.7249633151947052, 'bagging_fraction': 0.7735628663225088, 'bagging_freq': 9, 'min_child_samples': 89}. Best is trial 176 with value: 0.8174233342295466.
[I 2025-04-08 01:46:10,641] Trial 201 finished with value: 0.8170877638776861 and parameters: {'lambda_l1': 6.042590607223427e-05, 'lambda_l2': 2.566514892104966e-08, 'num_leaves': 33, 'feature_fraction': 0.7454216529702302, 'bagging_fraction': 0.7855192914808734, 'bagging_freq': 8, 'min_child_samples': 92}. Best is trial 176 with value: 0.8174233342295466.
[I 2025-04-08 01:46:12,041] Trial 202 finished with value: 0.8152432164565837 and parameters: {'lambda_l1': 8.978696392081063e-05, 'lambda_l2': 2.6978796250735766e-08, 'num_leaves': 33, 'feature_fraction': 0.7058978486648394, 'bagging_fraction': 0.7778160918212254, 'bagging_freq': 8, 'min_child_samples': 93}. Best is trial 176 with value: 0.8174233342295466.
[I 2025-04-08 01:46:13,850] Trial 203 finished with value: 0.8149916968479655 and parameters: {'lambda_l1': 5.354647327532437e-05, 'lambda_l2': 2.5108916366623925e-09, 'num_leaves': 29, 'feature_fraction': 0.7422957342986649, 'bagging_fraction': 0.7913152039188294, 'bagging_freq': 10, 'min_child_samples': 95}. Best is trial 176 with value: 0.8174233342295466.
[I 2025-04-08 01:46:15,069] Trial 204 finished with value: 0.8165010253733781 and parameters: {'lambda_l1': 1.3267356096399059e-05, 'lambda_l2': 1.4361427724860299e-08, 'num_leaves': 26, 'feature_fraction': 0.7176133979086148, 'bagging_fraction': 0.7883000569308467, 'bagging_freq': 9, 'min_child_samples': 85}. Best is trial 176 with value: 0.8174233342295466.
[I 2025-04-08 01:46:16,307] Trial 205 finished with value: 0.8160398094404642 and parameters: {'lambda_l1': 1.8552432563105206e-05, 'lambda_l2': 1.736338921317704e-08, 'num_leaves': 24, 'feature_fraction': 0.7268664063286935, 'bagging_fraction': 0.7856733523432702, 'bagging_freq': 9, 'min_child_samples': 84}. Best is trial 176 with value: 0.8174233342295466.
[I 2025-04-08 01:46:17,604] Trial 206 finished with value: 0.8161237723196635 and parameters: {'lambda_l1': 7.585350156131587e-06, 'lambda_l2': 1.100509451621046e-08, 'num_leaves': 27, 'feature_fraction': 0.7433973900796143, 'bagging_fraction': 0.7469789106702179, 'bagging_freq': 8, 'min_child_samples': 79}. Best is trial 176 with value: 0.8174233342295466.
[I 2025-04-08 01:46:19,120] Trial 207 finished with value: 0.8164172206494559 and parameters: {'lambda_l1': 0.00013635417094641798, 'lambda_l2': 3.109294727827836e-08, 'num_leaves': 35, 'feature_fraction': 0.7099040306593761, 'bagging_fraction': 0.8019074372281143, 'bagging_freq': 9, 'min_child_samples': 85}. Best is trial 176 with value: 0.8174233342295466.
[I 2025-04-08 01:46:20,429] Trial 208 finished with value: 0.8145723569177996 and parameters: {'lambda_l1': 6.636092754056094e-05, 'lambda_l2': 7.256386884297344e-09, 'num_leaves': 28, 'feature_fraction': 0.7548450655299034, 'bagging_fraction': 0.766881928114535, 'bagging_freq': 10, 'min_child_samples': 88}. Best is trial 176 with value: 0.8174233342295466.
[I 2025-04-08 01:46:21,808] Trial 209 finished with value: 0.8156205573743414 and parameters: {'lambda_l1': 3.901863314717651e-05, 'lambda_l2': 2.1775013347750206e-08, 'num_leaves': 31, 'feature_fraction': 0.7252491655419798, 'bagging_fraction': 0.7876759056520306, 'bagging_freq': 9, 'min_child_samples': 81}. Best is trial 176 with value: 0.8174233342295466.
[I 2025-04-08 01:46:23,010] Trial 210 finished with value: 0.8159138826944737 and parameters: {'lambda_l1': 1.4713387785907548e-05, 'lambda_l2': 4.799918055567219e-09, 'num_leaves': 25, 'feature_fraction': 0.7085773110032004, 'bagging_fraction': 0.7929813584591257, 'bagging_freq': 8, 'min_child_samples': 88}. Best is trial 176 with value: 0.8174233342295466.
[I 2025-04-08 01:46:24,828] Trial 211 finished with value: 0.8162496112016111 and parameters: {'lambda_l1': 0.00013024863303855118, 'lambda_l2': 7.781820862682181e-08, 'num_leaves': 31, 'feature_fraction': 0.7034485025164255, 'bagging_fraction': 0.8101666223487399, 'bagging_freq': 9, 'min_child_samples': 94}. Best is trial 176 with value: 0.8174233342295466.
[I 2025-04-08 01:46:26,234] Trial 212 finished with value: 0.8155367350776104 and parameters: {'lambda_l1': 5.8827576754516404e-05, 'lambda_l2': 1.3469060683451196e-08, 'num_leaves': 33, 'feature_fraction': 0.6929479761189555, 'bagging_fraction': 0.8074029972697326, 'bagging_freq': 10, 'min_child_samples': 91}. Best is trial 176 with value: 0.8174233342295466.
[I 2025-04-08 01:46:27,656] Trial 213 finished with value: 0.8175071389534689 and parameters: {'lambda_l1': 0.00010703811214226023, 'lambda_l2': 3.037262913296808e-08, 'num_leaves': 39, 'feature_fraction': 0.7197096979168757, 'bagging_fraction': 0.8171012650367273, 'bagging_freq': 9, 'min_child_samples': 98}. Best is trial 213 with value: 0.8175071389534689.
[I 2025-04-08 01:46:29,122] Trial 214 finished with value: 0.8163331171877883 and parameters: {'lambda_l1': 8.562771879575333e-05, 'lambda_l2': 3.11853088134054e-08, 'num_leaves': 41, 'feature_fraction': 0.7158973494742216, 'bagging_fraction': 0.819335673979434, 'bagging_freq': 9, 'min_child_samples': 96}. Best is trial 213 with value: 0.8175071389534689.
[I 2025-04-08 01:46:30,492] Trial 215 finished with value: 0.8154948942204789 and parameters: {'lambda_l1': 0.00017894814310428462, 'lambda_l2': 1.7345297496907173e-07, 'num_leaves': 38, 'feature_fraction': 0.7337970574203828, 'bagging_fraction': 0.7744327859813923, 'bagging_freq': 9, 'min_child_samples': 92}. Best is trial 213 with value: 0.8175071389534689.
[I 2025-04-08 01:46:31,868] Trial 216 finished with value: 0.8158721648470024 and parameters: {'lambda_l1': 9.914551238214595e-05, 'lambda_l2': 4.4245105566941976e-08, 'num_leaves': 36, 'feature_fraction': 0.751099172494997, 'bagging_fraction': 0.7971490963874088, 'bagging_freq': 10, 'min_child_samples': 89}. Best is trial 213 with value: 0.8175071389534689.
[I 2025-04-08 01:46:33,422] Trial 217 finished with value: 0.8149914508286458 and parameters: {'lambda_l1': 0.00025424507539168655, 'lambda_l2': 1.539249053702994e-08, 'num_leaves': 40, 'feature_fraction': 0.7250252821829999, 'bagging_fraction': 0.45555312190718744, 'bagging_freq': 4, 'min_child_samples': 98}. Best is trial 213 with value: 0.8175071389534689.
[I 2025-04-08 01:46:35,365] Trial 218 finished with value: 0.8167943155478937 and parameters: {'lambda_l1': 1.1353862216504944e-05, 'lambda_l2': 9.687191920204528e-08, 'num_leaves': 35, 'feature_fraction': 0.7403012645029092, 'bagging_fraction': 0.7832015491933377, 'bagging_freq': 9, 'min_child_samples': 94}. Best is trial 213 with value: 0.8175071389534689.
[I 2025-04-08 01:46:36,852] Trial 219 finished with value: 0.8147822289701807 and parameters: {'lambda_l1': 2.7841940125936853e-05, 'lambda_l2': 3.0969095023775153e-07, 'num_leaves': 36, 'feature_fraction': 0.7438413132392444, 'bagging_fraction': 0.7611028422141782, 'bagging_freq': 8, 'min_child_samples': 94}. Best is trial 213 with value: 0.8175071389534689.
[I 2025-04-08 01:46:38,125] Trial 220 finished with value: 0.8163333456342994 and parameters: {'lambda_l1': 0.00011853617160753304, 'lambda_l2': 1.1264529831527073e-07, 'num_leaves': 34, 'feature_fraction': 0.772986176165002, 'bagging_fraction': 0.8094914562305011, 'bagging_freq': 10, 'min_child_samples': 97}. Best is trial 213 with value: 0.8175071389534689.
[I 2025-04-08 01:46:39,485] Trial 221 finished with value: 0.8168781905630503 and parameters: {'lambda_l1': 5.596432550655945e-06, 'lambda_l2': 2.5310292699157214e-08, 'num_leaves': 38, 'feature_fraction': 0.7334356139553437, 'bagging_fraction': 0.7900808907312926, 'bagging_freq': 9, 'min_child_samples': 92}. Best is trial 213 with value: 0.8175071389534689.
[I 2025-04-08 01:46:41,153] Trial 222 finished with value: 0.8159978982920988 and parameters: {'lambda_l1': 2.7535427112147606e-06, 'lambda_l2': 2.88576295897307e-08, 'num_leaves': 39, 'feature_fraction': 0.7372638468318123, 'bagging_fraction': 0.7804377567274435, 'bagging_freq': 9, 'min_child_samples': 92}. Best is trial 213 with value: 0.8175071389534689.
[I 2025-04-08 01:46:42,918] Trial 223 finished with value: 0.8165008672181013 and parameters: {'lambda_l1': 1.3224559841925116e-06, 'lambda_l2': 6.412954444158071e-08, 'num_leaves': 43, 'feature_fraction': 0.7350296195839026, 'bagging_fraction': 0.800382751423369, 'bagging_freq': 9, 'min_child_samples': 95}. Best is trial 213 with value: 0.8175071389534689.
[I 2025-04-08 01:46:44,495] Trial 224 finished with value: 0.8171717267568855 and parameters: {'lambda_l1': 5.542332437138766e-06, 'lambda_l2': 2.537131163921371e-08, 'num_leaves': 38, 'feature_fraction': 0.7574254569697906, 'bagging_fraction': 0.8158192633511678, 'bagging_freq': 9, 'min_child_samples': 98}. Best is trial 213 with value: 0.8175071389534689.
[I 2025-04-08 01:46:46,267] Trial 225 finished with value: 0.8167106865520569 and parameters: {'lambda_l1': 3.994718128073438e-06, 'lambda_l2': 2.228299301609001e-08, 'num_leaves': 35, 'feature_fraction': 0.8110847237922876, 'bagging_fraction': 0.8089605594359925, 'bagging_freq': 9, 'min_child_samples': 98}. Best is trial 213 with value: 0.8175071389534689.
[I 2025-04-08 01:46:47,576] Trial 226 finished with value: 0.8156202762094045 and parameters: {'lambda_l1': 1.3366179761052134e-05, 'lambda_l2': 7.828500691711127e-09, 'num_leaves': 37, 'feature_fraction': 0.6734318489854332, 'bagging_fraction': 0.7291901752674643, 'bagging_freq': 8, 'min_child_samples': 98}. Best is trial 213 with value: 0.8175071389534689.
[I 2025-04-08 01:46:48,838] Trial 227 finished with value: 0.8156205749471498 and parameters: {'lambda_l1': 5.269792354898907e-06, 'lambda_l2': 2.3251318054608148e-08, 'num_leaves': 35, 'feature_fraction': 0.8133558042552941, 'bagging_fraction': 0.8055145111699856, 'bagging_freq': 9, 'min_child_samples': 94}. Best is trial 213 with value: 0.8175071389534689.
[I 2025-04-08 01:46:50,211] Trial 228 finished with value: 0.8147401948121555 and parameters: {'lambda_l1': 5.085288882911942e-06, 'lambda_l2': 7.963738051039164e-08, 'num_leaves': 39, 'feature_fraction': 0.6882458675937755, 'bagging_fraction': 0.7043553991482714, 'bagging_freq': 6, 'min_child_samples': 97}. Best is trial 213 with value: 0.8175071389534689.
[I 2025-04-08 01:46:51,531] Trial 229 finished with value: 0.8164169922029447 and parameters: {'lambda_l1': 8.07294928930933e-06, 'lambda_l2': 2.783695094959779e-08, 'num_leaves': 30, 'feature_fraction': 0.7507899392802982, 'bagging_fraction': 0.8374836259816753, 'bagging_freq': 9, 'min_child_samples': 100}. Best is trial 213 with value: 0.8175071389534689.
[I 2025-04-08 01:46:52,905] Trial 230 finished with value: 0.816584777378875 and parameters: {'lambda_l1': 8.92969487741534e-06, 'lambda_l2': 1.0550788431856348e-08, 'num_leaves': 35, 'feature_fraction': 0.8216438069417047, 'bagging_fraction': 0.8122487887884163, 'bagging_freq': 9, 'min_child_samples': 90}. Best is trial 213 with value: 0.8175071389534689.
[I 2025-04-08 01:46:54,363] Trial 231 finished with value: 0.8147400366568787 and parameters: {'lambda_l1': 5.757653089183901e-06, 'lambda_l2': 5.614431874589202e-09, 'num_leaves': 37, 'feature_fraction': 0.9284547095199267, 'bagging_fraction': 0.8163537936144333, 'bagging_freq': 9, 'min_child_samples': 92}. Best is trial 213 with value: 0.8175071389534689.
[I 2025-04-08 01:46:56,359] Trial 232 finished with value: 0.8160817733072554 and parameters: {'lambda_l1': 2.6858245549169963e-06, 'lambda_l2': 1.0700541145485273e-08, 'num_leaves': 35, 'feature_fraction': 0.7820955604326736, 'bagging_fraction': 0.7965459537061934, 'bagging_freq': 9, 'min_child_samples': 90}. Best is trial 213 with value: 0.8175071389534689.
[I 2025-04-08 01:46:57,795] Trial 233 finished with value: 0.8162073310242663 and parameters: {'lambda_l1': 4.211136582736387e-06, 'lambda_l2': 2.4356814194951023e-08, 'num_leaves': 33, 'feature_fraction': 0.8266952694198143, 'bagging_fraction': 0.827422686223971, 'bagging_freq': 9, 'min_child_samples': 95}. Best is trial 213 with value: 0.8175071389534689.
[I 2025-04-08 01:46:59,388] Trial 234 finished with value: 0.8160816151519785 and parameters: {'lambda_l1': 1.1240932567061355e-05, 'lambda_l2': 1.0457495442442528e-08, 'num_leaves': 39, 'feature_fraction': 0.8109487352899521, 'bagging_fraction': 0.7831142304564178, 'bagging_freq': 8, 'min_child_samples': 93}. Best is trial 213 with value: 0.8175071389534689.
[I 2025-04-08 01:47:00,571] Trial 235 finished with value: 0.8157463259650548 and parameters: {'lambda_l1': 2.437161456291883e-05, 'lambda_l2': 4.265849184499293e-08, 'num_leaves': 29, 'feature_fraction': 0.8078717470299638, 'bagging_fraction': 0.8078823325191216, 'bagging_freq': 7, 'min_child_samples': 99}. Best is trial 213 with value: 0.8175071389534689.
[I 2025-04-08 01:47:01,892] Trial 236 finished with value: 0.8157043445254551 and parameters: {'lambda_l1': 3.1885481396301e-05, 'lambda_l2': 3.6875129133093322e-09, 'num_leaves': 32, 'feature_fraction': 0.8228961399889214, 'bagging_fraction': 0.8163943638128193, 'bagging_freq': 9, 'min_child_samples': 89}. Best is trial 213 with value: 0.8175071389534689.
[I 2025-04-08 01:47:03,545] Trial 237 finished with value: 0.8164169746301363 and parameters: {'lambda_l1': 8.906873443378247e-06, 'lambda_l2': 1.8150863860051497e-08, 'num_leaves': 35, 'feature_fraction': 0.7272883225898269, 'bagging_fraction': 0.834756083495096, 'bagging_freq': 9, 'min_child_samples': 96}. Best is trial 213 with value: 0.8175071389534689.
