[I 2025-04-08 00:27:42,075] Trial 234 finished with value: 0.8200226689230152 and parameters: {'lambda_l1': 1.7133666568286868e-06, 'lambda_l2': 5.521109982564285, 'num_leaves': 29, 'feature_fraction': 0.6080178708671642, 'bagging_fraction': 0.9795877683556518, 'bagging_freq': 16, 'min_child_samples': 93}. Best is trial 118 with value: 0.8214058071103099.
[I 2025-04-08 00:27:43,957] Trial 235 finished with value: 0.8199805117553302 and parameters: {'lambda_l1': 1.0475678614634728e-05, 'lambda_l2': 10.702114876172153, 'num_leaves': 37, 'feature_fraction': 0.5756084805612838, 'bagging_fraction': 0.9437060600453059, 'bagging_freq': 16, 'min_child_samples': 100}. Best is trial 118 with value: 0.8214058071103099.
[I 2025-04-08 00:27:46,157] Trial 236 finished with value: 0.8196869579886867 and parameters: {'lambda_l1': 1.219580548372233e-07, 'lambda_l2': 26.929943028771927, 'num_leaves': 42, 'feature_fraction': 0.5489125243649271, 'bagging_fraction': 0.9691263887181034, 'bagging_freq': 14, 'min_child_samples': 50}. Best is trial 118 with value: 0.8214058071103099.
[I 2025-04-08 00:27:47,672] Trial 237 finished with value: 0.8197707451398004 and parameters: {'lambda_l1': 8.153548294105216e-07, 'lambda_l2': 3.5512811010801033, 'num_leaves': 34, 'feature_fraction': 0.5859621240704792, 'bagging_fraction': 0.9574541949141118, 'bagging_freq': 13, 'min_child_samples': 106}. Best is trial 118 with value: 0.8214058071103099.
[I 2025-04-08 00:27:49,121] Trial 238 finished with value: 0.8201902256524344 and parameters: {'lambda_l1': 4.208195574691839e-06, 'lambda_l2': 15.573578410685927, 'num_leaves': 31, 'feature_fraction': 0.6232857342336767, 'bagging_fraction': 0.9852414286616241, 'bagging_freq': 15, 'min_child_samples': 38}. Best is trial 118 with value: 0.8214058071103099.
[I 2025-04-08 00:27:50,935] Trial 239 finished with value: 0.8191838133345986 and parameters: {'lambda_l1': 4.7960748119819994e-05, 'lambda_l2': 7.950696427686816, 'num_leaves': 40, 'feature_fraction': 0.5601643723472569, 'bagging_fraction': 0.9303188519571585, 'bagging_freq': 16, 'min_child_samples': 102}. Best is trial 118 with value: 0.8214058071103099.
[I 2025-04-08 00:27:53,003] Trial 240 finished with value: 0.8191837254705557 and parameters: {'lambda_l1': 3.7075232950586326e-07, 'lambda_l2': 2.2749851978706506, 'num_leaves': 45, 'feature_fraction': 0.6035540634179262, 'bagging_fraction': 0.887431471977003, 'bagging_freq': 7, 'min_child_samples': 95}. Best is trial 118 with value: 0.8214058071103099.
[I 2025-04-08 00:27:54,470] Trial 241 finished with value: 0.8196873094448573 and parameters: {'lambda_l1': 4.872467683385183e-07, 'lambda_l2': 1.0715688576767544e-08, 'num_leaves': 28, 'feature_fraction': 0.5966333760866843, 'bagging_fraction': 0.9964206956046202, 'bagging_freq': 8, 'min_child_samples': 95}. Best is trial 118 with value: 0.8214058071103099.
[I 2025-04-08 00:27:56,546] Trial 242 finished with value: 0.8201899620603065 and parameters: {'lambda_l1': 1.8999947146135094e-07, 'lambda_l2': 35.68791653575291, 'num_leaves': 30, 'feature_fraction': 0.5879953474856112, 'bagging_fraction': 0.9996091632573022, 'bagging_freq': 16, 'min_child_samples': 97}. Best is trial 118 with value: 0.8214058071103099.
[I 2025-04-08 00:27:58,430] Trial 243 finished with value: 0.8198966718857909 and parameters: {'lambda_l1': 1.0718294343232526e-06, 'lambda_l2': 24.276614196981683, 'num_leaves': 34, 'feature_fraction': 0.5740804681411225, 'bagging_fraction': 0.9869468106972061, 'bagging_freq': 16, 'min_child_samples': 92}. Best is trial 118 with value: 0.8214058071103099.
[I 2025-04-08 00:27:59,977] Trial 244 finished with value: 0.8192260583663262 and parameters: {'lambda_l1': 3.162958248608601e-07, 'lambda_l2': 12.138692182299947, 'num_leaves': 29, 'feature_fraction': 0.6066231470795167, 'bagging_fraction': 0.9722771256012884, 'bagging_freq': 16, 'min_child_samples': 98}. Best is trial 118 with value: 0.8214058071103099.
[I 2025-04-08 00:28:01,535] Trial 245 finished with value: 0.819812761725017 and parameters: {'lambda_l1': 6.781923492400615e-07, 'lambda_l2': 34.380493212169625, 'num_leaves': 26, 'feature_fraction': 0.59227753100639, 'bagging_fraction': 0.9793265896008085, 'bagging_freq': 15, 'min_child_samples': 89}. Best is trial 118 with value: 0.8214058071103099.
[I 2025-04-08 00:28:03,437] Trial 246 finished with value: 0.8200645097801464 and parameters: {'lambda_l1': 2.805709483380711e-06, 'lambda_l2': 6.4799166895324465, 'num_leaves': 37, 'feature_fraction': 0.614307347989049, 'bagging_fraction': 0.9092070530680688, 'bagging_freq': 16, 'min_child_samples': 103}. Best is trial 118 with value: 0.8214058071103099.
[I 2025-04-08 00:28:04,946] Trial 247 finished with value: 0.820651195566029 and parameters: {'lambda_l1': 7.985939271042581e-08, 'lambda_l2': 17.165909932347365, 'num_leaves': 32, 'feature_fraction': 0.565115604358642, 'bagging_fraction': 0.9631674940642871, 'bagging_freq': 16, 'min_child_samples': 116}. Best is trial 118 with value: 0.8214058071103099.
[I 2025-04-08 00:28:06,945] Trial 248 finished with value: 0.8188482605555467 and parameters: {'lambda_l1': 5.959697223140005e-08, 'lambda_l2': 17.530315468586174, 'num_leaves': 32, 'feature_fraction': 0.9369438324347577, 'bagging_fraction': 0.960777209042096, 'bagging_freq': 15, 'min_child_samples': 115}. Best is trial 118 with value: 0.8214058071103099.
[I 2025-04-08 00:28:08,599] Trial 249 finished with value: 0.8194773319556251 and parameters: {'lambda_l1': 7.705751246740839e-08, 'lambda_l2': 9.029935573606018, 'num_leaves': 42, 'feature_fraction': 0.5684541441729845, 'bagging_fraction': 0.9469071560639842, 'bagging_freq': 16, 'min_child_samples': 112}. Best is trial 118 with value: 0.8214058071103099.
[I 2025-04-08 00:28:10,332] Trial 250 finished with value: 0.8193934745132772 and parameters: {'lambda_l1': 3.4554268166036536e-08, 'lambda_l2': 4.649477409298664, 'num_leaves': 36, 'feature_fraction': 0.5547364987044998, 'bagging_fraction': 0.965688760578935, 'bagging_freq': 15, 'min_child_samples': 115}. Best is trial 118 with value: 0.8214058071103099.
[I 2025-04-08 00:28:11,988] Trial 251 finished with value: 0.8203997638214531 and parameters: {'lambda_l1': 1.6265488391238754e-07, 'lambda_l2': 13.633030440887202, 'num_leaves': 39, 'feature_fraction': 0.5785334337811098, 'bagging_fraction': 0.9531062600857613, 'bagging_freq': 16, 'min_child_samples': 117}. Best is trial 118 with value: 0.8214058071103099.
[I 2025-04-08 00:28:13,697] Trial 252 finished with value: 0.820106192482001 and parameters: {'lambda_l1': 1.4929376941274253e-07, 'lambda_l2': 10.934836685298741, 'num_leaves': 38, 'feature_fraction': 0.5787233486598291, 'bagging_fraction': 0.9427513865620901, 'bagging_freq': 14, 'min_child_samples': 117}. Best is trial 118 with value: 0.8214058071103099.
[I 2025-04-08 00:28:15,371] Trial 253 finished with value: 0.8195611893979733 and parameters: {'lambda_l1': 1.178397545696363e-07, 'lambda_l2': 5.314738034611994, 'num_leaves': 41, 'feature_fraction': 0.5634564678638514, 'bagging_fraction': 0.9216689549256274, 'bagging_freq': 16, 'min_child_samples': 121}. Best is trial 118 with value: 0.8214058071103099.
[I 2025-04-08 00:28:17,677] Trial 254 finished with value: 0.8196031356919556 and parameters: {'lambda_l1': 7.23509511697179e-08, 'lambda_l2': 3.0212774418946733, 'num_leaves': 48, 'feature_fraction': 0.5491643817916821, 'bagging_fraction': 0.8291294552139501, 'bagging_freq': 15, 'min_child_samples': 118}. Best is trial 118 with value: 0.8214058071103099.
[I 2025-04-08 00:28:19,511] Trial 255 finished with value: 0.8196031532647641 and parameters: {'lambda_l1': 2.0632341822925518e-07, 'lambda_l2': 16.331996484751528, 'num_leaves': 43, 'feature_fraction': 0.530236803842095, 'bagging_fraction': 0.9538144380156208, 'bagging_freq': 16, 'min_child_samples': 120}. Best is trial 118 with value: 0.8214058071103099.
[I 2025-04-08 00:28:21,081] Trial 256 finished with value: 0.8198549188927021 and parameters: {'lambda_l1': 2.1814581432152554e-07, 'lambda_l2': 8.728252534430533, 'num_leaves': 39, 'feature_fraction': 0.5784722991032707, 'bagging_fraction': 0.9371052958093812, 'bagging_freq': 16, 'min_child_samples': 112}. Best is trial 118 with value: 0.8214058071103099.
[I 2025-04-08 00:28:21,669] Trial 257 finished with value: 0.8085773932847269 and parameters: {'lambda_l1': 4.269426395525236e-08, 'lambda_l2': 6.315149346388303, 'num_leaves': 6, 'feature_fraction': 0.5636646125915022, 'bagging_fraction': 0.49289051577078913, 'bagging_freq': 8, 'min_child_samples': 109}. Best is trial 118 with value: 0.8214058071103099.
[I 2025-04-08 00:28:23,165] Trial 258 finished with value: 0.8209446263230129 and parameters: {'lambda_l1': 1.0703106760741621e-07, 'lambda_l2': 17.029250556897487, 'num_leaves': 35, 'feature_fraction': 0.543874024201658, 'bagging_fraction': 0.9537344261623789, 'bagging_freq': 15, 'min_child_samples': 117}. Best is trial 118 with value: 0.8214058071103099.
[I 2025-04-08 00:28:24,902] Trial 259 finished with value: 0.8191001491931444 and parameters: {'lambda_l1': 1.1142261271070186e-07, 'lambda_l2': 19.554572250146308, 'num_leaves': 45, 'feature_fraction': 0.5438720819744239, 'bagging_fraction': 0.9485495000601242, 'bagging_freq': 15, 'min_child_samples': 123}. Best is trial 118 with value: 0.8214058071103099.
[I 2025-04-08 00:28:26,397] Trial 260 finished with value: 0.8199803184544365 and parameters: {'lambda_l1': 0.0001642991048065377, 'lambda_l2': 12.485722123307243, 'num_leaves': 37, 'feature_fraction': 0.5207547741332832, 'bagging_fraction': 0.9575622630728836, 'bagging_freq': 14, 'min_child_samples': 115}. Best is trial 118 with value: 0.8214058071103099.
[I 2025-04-08 00:28:28,463] Trial 261 finished with value: 0.8200643516248697 and parameters: {'lambda_l1': 8.722985673660503e-08, 'lambda_l2': 19.730408925622644, 'num_leaves': 40, 'feature_fraction': 0.5843344578600789, 'bagging_fraction': 0.9271314226989736, 'bagging_freq': 15, 'min_child_samples': 118}. Best is trial 118 with value: 0.8214058071103099.
[I 2025-04-08 00:28:29,970] Trial 262 finished with value: 0.8202321543736085 and parameters: {'lambda_l1': 1.6190193137780717e-07, 'lambda_l2': 10.6016193605434, 'num_leaves': 35, 'feature_fraction': 0.571265205852676, 'bagging_fraction': 0.9674124217322964, 'bagging_freq': 15, 'min_child_samples': 117}. Best is trial 118 with value: 0.8214058071103099.
[I 2025-04-08 00:28:31,523] Trial 263 finished with value: 0.82027387222108 and parameters: {'lambda_l1': 2.9798135535678657e-08, 'lambda_l2': 7.5929749293012545, 'num_leaves': 39, 'feature_fraction': 0.536034763904214, 'bagging_fraction': 0.9130176889823457, 'bagging_freq': 14, 'min_child_samples': 122}. Best is trial 118 with value: 0.8214058071103099.
[I 2025-04-08 00:28:33,261] Trial 264 finished with value: 0.8196449589762784 and parameters: {'lambda_l1': 3.142134619743223e-07, 'lambda_l2': 25.33076597680339, 'num_leaves': 43, 'feature_fraction': 0.5995201495706409, 'bagging_fraction': 0.942654774894887, 'bagging_freq': 9, 'min_child_samples': 112}. Best is trial 118 with value: 0.8214058071103099.
[I 2025-04-08 00:28:34,714] Trial 265 finished with value: 0.8200226162045897 and parameters: {'lambda_l1': 3.6313340714078454e-05, 'lambda_l2': 4.340244863833489, 'num_leaves': 33, 'feature_fraction': 0.582862691513398, 'bagging_fraction': 0.9594914823680153, 'bagging_freq': 15, 'min_child_samples': 101}. Best is trial 118 with value: 0.8214058071103099.
[I 2025-04-08 00:28:36,082] Trial 266 finished with value: 0.8176326088064373 and parameters: {'lambda_l1': 0.00010896127102189143, 'lambda_l2': 0.05102617961796601, 'num_leaves': 36, 'feature_fraction': 0.5154010018666807, 'bagging_fraction': 0.5520817548593233, 'bagging_freq': 15, 'min_child_samples': 127}. Best is trial 118 with value: 0.8214058071103099.
[I 2025-04-08 00:28:38,448] Trial 267 finished with value: 0.81914206034151 and parameters: {'lambda_l1': 5.693721769911373e-08, 'lambda_l2': 44.46035448253335, 'num_leaves': 47, 'feature_fraction': 0.6218470545274921, 'bagging_fraction': 0.9748242637700629, 'bagging_freq': 7, 'min_child_samples': 30}. Best is trial 118 with value: 0.8214058071103099.
[I 2025-04-08 00:28:40,738] Trial 268 finished with value: 0.8198126035697403 and parameters: {'lambda_l1': 1.985872606815427e-05, 'lambda_l2': 11.929548165138185, 'num_leaves': 54, 'feature_fraction': 0.5679061259599122, 'bagging_fraction': 0.935786596597108, 'bagging_freq': 16, 'min_child_samples': 107}. Best is trial 118 with value: 0.8214058071103099.
[I 2025-04-08 00:28:42,501] Trial 269 finished with value: 0.8187646667053269 and parameters: {'lambda_l1': 1.0742396817447812e-07, 'lambda_l2': 6.727445594722608, 'num_leaves': 41, 'feature_fraction': 0.6069441707696104, 'bagging_fraction': 0.9502564842495351, 'bagging_freq': 16, 'min_child_samples': 11}. Best is trial 118 with value: 0.8214058071103099.
[I 2025-04-08 00:28:44,842] Trial 270 finished with value: 0.8198546377277655 and parameters: {'lambda_l1': 2.70429836411799e-07, 'lambda_l2': 16.051185977495177, 'num_leaves': 51, 'feature_fraction': 0.7369654174031518, 'bagging_fraction': 0.9651709666622121, 'bagging_freq': 14, 'min_child_samples': 116}. Best is trial 118 with value: 0.8214058071103099.
[I 2025-04-08 00:28:46,313] Trial 271 finished with value: 0.8200640880327417 and parameters: {'lambda_l1': 1.336006657504864e-06, 'lambda_l2': 3.708545495937211, 'num_leaves': 33, 'feature_fraction': 0.5485877477120614, 'bagging_fraction': 0.6146556058118808, 'bagging_freq': 15, 'min_child_samples': 105}. Best is trial 118 with value: 0.8214058071103099.
[I 2025-04-08 00:28:48,062] Trial 272 finished with value: 0.8191000086106761 and parameters: {'lambda_l1': 1.4144778675973326e-07, 'lambda_l2': 9.621738582074505, 'num_leaves': 45, 'feature_fraction': 0.5889992130592366, 'bagging_fraction': 0.9838060188045954, 'bagging_freq': 15, 'min_child_samples': 119}. Best is trial 118 with value: 0.8214058071103099.
[I 2025-04-08 00:28:50,248] Trial 273 finished with value: 0.8191420779143185 and parameters: {'lambda_l1': 3.913762463021203e-07, 'lambda_l2': 22.600945683776015, 'num_leaves': 38, 'feature_fraction': 0.6326536169625555, 'bagging_fraction': 0.893238947908943, 'bagging_freq': 8, 'min_child_samples': 100}. Best is trial 118 with value: 0.8214058071103099.
[I 2025-04-08 00:28:51,615] Trial 274 finished with value: 0.8198127265794002 and parameters: {'lambda_l1': 8.25011075085867e-06, 'lambda_l2': 5.505248402132808, 'num_leaves': 31, 'feature_fraction': 0.5733166502010498, 'bagging_fraction': 0.6392026076040164, 'bagging_freq': 16, 'min_child_samples': 103}. Best is trial 118 with value: 0.8214058071103099.
[I 2025-04-08 00:28:53,235] Trial 275 finished with value: 0.8200642989064442 and parameters: {'lambda_l1': 2.0660830421879047e-07, 'lambda_l2': 15.326941698388065, 'num_leaves': 35, 'feature_fraction': 0.5610734091797134, 'bagging_fraction': 0.5966329770192781, 'bagging_freq': 16, 'min_child_samples': 113}. Best is trial 118 with value: 0.8214058071103099.
[I 2025-04-08 00:28:54,992] Trial 276 finished with value: 0.8193093359059926 and parameters: {'lambda_l1': 7.915305741482225e-07, 'lambda_l2': 62.57173618955671, 'num_leaves': 42, 'feature_fraction': 0.7177945066625975, 'bagging_fraction': 0.9227643934028151, 'bagging_freq': 16, 'min_child_samples': 100}. Best is trial 118 with value: 0.8214058071103099.
[I 2025-04-08 00:28:56,602] Trial 277 finished with value: 0.8193515633649117 and parameters: {'lambda_l1': 1.6908647096364351e-06, 'lambda_l2': 8.32744411550759, 'num_leaves': 40, 'feature_fraction': 0.5967167072917811, 'bagging_fraction': 0.9534129677692411, 'bagging_freq': 6, 'min_child_samples': 96}. Best is trial 118 with value: 0.8214058071103099.
[I 2025-04-08 00:28:58,153] Trial 278 finished with value: 0.8191838836258327 and parameters: {'lambda_l1': 1.2902296814120006e-05, 'lambda_l2': 28.425758530750706, 'num_leaves': 37, 'feature_fraction': 0.6970707739665382, 'bagging_fraction': 0.8772382934868128, 'bagging_freq': 15, 'min_child_samples': 108}. Best is trial 118 with value: 0.8214058071103099.
[I 2025-04-08 00:29:00,011] Trial 279 finished with value: 0.8196450644131298 and parameters: {'lambda_l1': 1.7579270299700336e-08, 'lambda_l2': 3.3144811613138643, 'num_leaves': 32, 'feature_fraction': 0.6146619860265504, 'bagging_fraction': 0.9083317566732214, 'bagging_freq': 16, 'min_child_samples': 121}. Best is trial 118 with value: 0.8214058071103099.
[I 2025-04-08 00:29:02,057] Trial 280 finished with value: 0.8196031181191472 and parameters: {'lambda_l1': 6.136309099008556e-05, 'lambda_l2': 12.986797273749909, 'num_leaves': 45, 'feature_fraction': 0.5808904658298673, 'bagging_fraction': 0.933601743289361, 'bagging_freq': 15, 'min_child_samples': 104}. Best is trial 118 with value: 0.8214058071103099.
[I 2025-04-08 00:29:04,167] Trial 281 finished with value: 0.8193093534788011 and parameters: {'lambda_l1': 4.7190765663887086e-07, 'lambda_l2': 38.508807222478154, 'num_leaves': 49, 'feature_fraction': 0.5384497540848657, 'bagging_fraction': 0.9727733467394405, 'bagging_freq': 14, 'min_child_samples': 98}. Best is trial 118 with value: 0.8214058071103099.
[I 2025-04-08 00:29:05,926] Trial 282 finished with value: 0.8206511428476032 and parameters: {'lambda_l1': 6.55671309966705e-08, 'lambda_l2': 5.092500115511726, 'num_leaves': 36, 'feature_fraction': 0.5031415485269519, 'bagging_fraction': 0.9876441943407221, 'bagging_freq': 16, 'min_child_samples': 94}. Best is trial 118 with value: 0.8214058071103099.
[I 2025-04-08 00:29:07,521] Trial 283 finished with value: 0.8192679167962661 and parameters: {'lambda_l1': 7.542392201252658e-08, 'lambda_l2': 1.6043034451966351, 'num_leaves': 35, 'feature_fraction': 0.5078771569723293, 'bagging_fraction': 0.9853373901847263, 'bagging_freq': 15, 'min_child_samples': 7}. Best is trial 118 with value: 0.8214058071103099.
[I 2025-04-08 00:29:08,820] Trial 284 finished with value: 0.8206512658572631 and parameters: {'lambda_l1': 4.731706914870884e-08, 'lambda_l2': 5.185846007433709, 'num_leaves': 28, 'feature_fraction': 0.656373158461603, 'bagging_fraction': 0.9940189624451261, 'bagging_freq': 16, 'min_child_samples': 93}. Best is trial 118 with value: 0.8214058071103099.
[I 2025-04-08 00:29:10,535] Trial 285 finished with value: 0.8196871512895807 and parameters: {'lambda_l1': 3.4226504856985426e-08, 'lambda_l2': 2.90602192135167, 'num_leaves': 24, 'feature_fraction': 0.6271675073831366, 'bagging_fraction': 0.9876919576419168, 'bagging_freq': 16, 'min_child_samples': 93}. Best is trial 118 with value: 0.8214058071103099.
[I 2025-04-08 00:29:11,807] Trial 286 finished with value: 0.8199803887456705 and parameters: {'lambda_l1': 5.406341753829136e-08, 'lambda_l2': 4.728812479103746, 'num_leaves': 27, 'feature_fraction': 0.6494721873657265, 'bagging_fraction': 0.9982998567682823, 'bagging_freq': 16, 'min_child_samples': 95}. Best is trial 118 with value: 0.8214058071103099.
[I 2025-04-08 00:29:12,645] Trial 287 finished with value: 0.7961265312506041 and parameters: {'lambda_l1': 99.4008677565873, 'lambda_l2': 5.639962750857759, 'num_leaves': 31, 'feature_fraction': 0.6572640236391353, 'bagging_fraction': 0.9800894584999319, 'bagging_freq': 16, 'min_child_samples': 101}. Best is trial 118 with value: 0.8214058071103099.
[I 2025-04-08 00:29:14,093] Trial 288 finished with value: 0.8193098103718232 and parameters: {'lambda_l1': 3.196546386081568e-05, 'lambda_l2': 2.2726744792072733, 'num_leaves': 28, 'feature_fraction': 0.6336518737890935, 'bagging_fraction': 0.991585122028166, 'bagging_freq': 16, 'min_child_samples': 85}. Best is trial 118 with value: 0.8214058071103099.
[I 2025-04-08 00:29:15,519] Trial 289 finished with value: 0.8200224756221214 and parameters: {'lambda_l1': 1.140185156515712e-08, 'lambda_l2': 8.078446028020396, 'num_leaves': 30, 'feature_fraction': 0.6115372167347793, 'bagging_fraction': 0.9760664133958403, 'bagging_freq': 16, 'min_child_samples': 98}. Best is trial 118 with value: 0.8214058071103099.
[I 2025-04-08 00:29:16,875] Trial 290 finished with value: 0.8186809849910641 and parameters: {'lambda_l1': 5.1407970624720226e-08, 'lambda_l2': 1.733491104706053e-07, 'num_leaves': 33, 'feature_fraction': 0.4825841396537677, 'bagging_fraction': 0.9696359607270629, 'bagging_freq': 15, 'min_child_samples': 14}. Best is trial 118 with value: 0.8214058071103099.
[I 2025-04-08 00:29:18,191] Trial 291 finished with value: 0.8195193133952248 and parameters: {'lambda_l1': 7.843400234849277e-08, 'lambda_l2': 21.19141881825109, 'num_leaves': 26, 'feature_fraction': 0.4997053500236436, 'bagging_fraction': 0.9894844577648261, 'bagging_freq': 16, 'min_child_samples': 94}. Best is trial 118 with value: 0.8214058071103099.
[I 2025-04-08 00:29:19,657] Trial 292 finished with value: 0.8189742751655797 and parameters: {'lambda_l1': 2.4809061121964122e-08, 'lambda_l2': 0.0004749393811997085, 'num_leaves': 35, 'feature_fraction': 0.5568341656317952, 'bagging_fraction': 0.9659049517143742, 'bagging_freq': 16, 'min_child_samples': 97}. Best is trial 118 with value: 0.8214058071103099.
[I 2025-04-08 00:29:21,407] Trial 293 finished with value: 0.8193096170709291 and parameters: {'lambda_l1': 5.853087652252196e-06, 'lambda_l2': 3.989096237198249, 'num_leaves': 30, 'feature_fraction': 0.6755489628075528, 'bagging_fraction': 0.7445550037386739, 'bagging_freq': 15, 'min_child_samples': 19}. Best is trial 118 with value: 0.8214058071103099.
[I 2025-04-08 00:29:22,953] Trial 294 finished with value: 0.8200641934695929 and parameters: {'lambda_l1': 1.0326100115929988e-07, 'lambda_l2': 8.924680796690062, 'num_leaves': 33, 'feature_fraction': 0.6397983361297789, 'bagging_fraction': 0.9997030274276864, 'bagging_freq': 7, 'min_child_samples': 102}. Best is trial 118 with value: 0.8214058071103099.
