[I 2025-04-08 01:47:05,171] Trial 238 finished with value: 0.8154945779099252 and parameters: {'lambda_l1': 1.6610931716161768e-06, 'lambda_l2': 2.4238347798720586e-06, 'num_leaves': 41, 'feature_fraction': 0.7675045859737153, 'bagging_fraction': 0.7901175562022527, 'bagging_freq': 8, 'min_child_samples': 91}. Best is trial 213 with value: 0.8175071389534689.
[I 2025-04-08 01:47:07,075] Trial 239 finished with value: 0.8155365066310993 and parameters: {'lambda_l1': 4.7738786629049804e-05, 'lambda_l2': 6.64918918058488e-07, 'num_leaves': 36, 'feature_fraction': 0.9547572581746802, 'bagging_fraction': 0.800784112609204, 'bagging_freq': 10, 'min_child_samples': 101}. Best is trial 213 with value: 0.8175071389534689.
[I 2025-04-08 01:47:08,472] Trial 240 finished with value: 0.8152011471529415 and parameters: {'lambda_l1': 3.465385898622119e-06, 'lambda_l2': 4.8079712143472504e-08, 'num_leaves': 38, 'feature_fraction': 0.6995186186286104, 'bagging_fraction': 0.770885707048156, 'bagging_freq': 9, 'min_child_samples': 97}. Best is trial 213 with value: 0.8175071389534689.
[I 2025-04-08 01:47:09,976] Trial 241 finished with value: 0.8161655780311776 and parameters: {'lambda_l1': 2.9417901572122073e-09, 'lambda_l2': 1.2123520951315092e-08, 'num_leaves': 33, 'feature_fraction': 0.7993178087270287, 'bagging_fraction': 0.8234535261641651, 'bagging_freq': 9, 'min_child_samples': 94}. Best is trial 213 with value: 0.8175071389534689.
[I 2025-04-08 01:47:11,472] Trial 242 finished with value: 0.8161654198759007 and parameters: {'lambda_l1': 1.9907537290024423e-05, 'lambda_l2': 1.7363846629223606e-08, 'num_leaves': 31, 'feature_fraction': 0.8041410871103009, 'bagging_fraction': 0.5182300632689633, 'bagging_freq': 12, 'min_child_samples': 99}. Best is trial 213 with value: 0.8175071389534689.
[I 2025-04-08 01:47:13,176] Trial 243 finished with value: 0.816836156405025 and parameters: {'lambda_l1': 5.6490603516806845e-05, 'lambda_l2': 2.4775755455504985e-08, 'num_leaves': 33, 'feature_fraction': 0.7900077842781652, 'bagging_fraction': 0.8081568869193978, 'bagging_freq': 12, 'min_child_samples': 102}. Best is trial 213 with value: 0.8175071389534689.
[I 2025-04-08 01:47:14,608] Trial 244 finished with value: 0.8128956649638616 and parameters: {'lambda_l1': 7.729455510093982e-05, 'lambda_l2': 5.571127196472626e-06, 'num_leaves': 29, 'feature_fraction': 0.7887894088888209, 'bagging_fraction': 0.8080856305352159, 'bagging_freq': 12, 'min_child_samples': 2}. Best is trial 213 with value: 0.8175071389534689.
[I 2025-04-08 01:47:16,042] Trial 245 finished with value: 0.8163750459089624 and parameters: {'lambda_l1': 4.8503249588927176e-05, 'lambda_l2': 9.710279871955663e-08, 'num_leaves': 34, 'feature_fraction': 0.7489110763290664, 'bagging_fraction': 0.8186138006745494, 'bagging_freq': 12, 'min_child_samples': 103}. Best is trial 213 with value: 0.8175071389534689.
[I 2025-04-08 01:47:18,178] Trial 246 finished with value: 0.8163332929158738 and parameters: {'lambda_l1': 6.88737144629462e-06, 'lambda_l2': 3.081430087726388e-08, 'num_leaves': 38, 'feature_fraction': 0.6696273695805284, 'bagging_fraction': 0.800680168155362, 'bagging_freq': 10, 'min_child_samples': 95}. Best is trial 213 with value: 0.8175071389534689.
[I 2025-04-08 01:47:19,507] Trial 247 finished with value: 0.8168364551427704 and parameters: {'lambda_l1': 0.00010231549026538975, 'lambda_l2': 7.287158740224673e-09, 'num_leaves': 28, 'feature_fraction': 0.7852685849640695, 'bagging_fraction': 0.789014248056965, 'bagging_freq': 9, 'min_child_samples': 101}. Best is trial 213 with value: 0.8175071389534689.
[I 2025-04-08 01:47:20,762] Trial 248 finished with value: 0.8159977752824389 and parameters: {'lambda_l1': 0.00011846065625302317, 'lambda_l2': 6.513088483358446e-09, 'num_leaves': 27, 'feature_fraction': 0.7809488570801235, 'bagging_fraction': 0.7765082656246448, 'bagging_freq': 9, 'min_child_samples': 102}. Best is trial 213 with value: 0.8175071389534689.
[I 2025-04-08 01:47:21,825] Trial 249 finished with value: 0.8155785759347417 and parameters: {'lambda_l1': 0.0001961206973625207, 'lambda_l2': 2.8530944977850286e-05, 'num_leaves': 22, 'feature_fraction': 0.7729730926867447, 'bagging_fraction': 0.7858061345622752, 'bagging_freq': 8, 'min_child_samples': 99}. Best is trial 213 with value: 0.8175071389534689.
[I 2025-04-08 01:47:23,002] Trial 250 finished with value: 0.8157882898318458 and parameters: {'lambda_l1': 7.394202143156581e-05, 'lambda_l2': 7.567658215764094e-09, 'num_leaves': 29, 'feature_fraction': 0.8200097619661726, 'bagging_fraction': 0.830044120131266, 'bagging_freq': 9, 'min_child_samples': 101}. Best is trial 213 with value: 0.8175071389534689.
[I 2025-04-08 01:47:24,025] Trial 251 finished with value: 0.8167521759530174 and parameters: {'lambda_l1': 0.0002384338972381292, 'lambda_l2': 5.6938687966807655e-08, 'num_leaves': 25, 'feature_fraction': 0.7872579665220897, 'bagging_fraction': 0.4770687295060457, 'bagging_freq': 8, 'min_child_samples': 97}. Best is trial 213 with value: 0.8175071389534689.
[I 2025-04-08 01:47:25,056] Trial 252 finished with value: 0.8157882019678031 and parameters: {'lambda_l1': 0.00024700313152694063, 'lambda_l2': 4.654979537774111e-08, 'num_leaves': 24, 'feature_fraction': 0.7876988359620691, 'bagging_fraction': 0.7948368403591504, 'bagging_freq': 8, 'min_child_samples': 97}. Best is trial 213 with value: 0.8175071389534689.
[I 2025-04-08 01:47:26,484] Trial 253 finished with value: 0.8156626266779835 and parameters: {'lambda_l1': 0.00031895308941661167, 'lambda_l2': 1.972603898462239e-09, 'num_leaves': 41, 'feature_fraction': 0.7611261773283045, 'bagging_fraction': 0.8147762584024534, 'bagging_freq': 8, 'min_child_samples': 92}. Best is trial 213 with value: 0.8175071389534689.
[I 2025-04-08 01:47:28,367] Trial 254 finished with value: 0.8154525086062829 and parameters: {'lambda_l1': 8.559194572627578e-05, 'lambda_l2': 1.5690423735735468e-07, 'num_leaves': 36, 'feature_fraction': 0.78932281649869, 'bagging_fraction': 0.47146569764680657, 'bagging_freq': 9, 'min_child_samples': 95}. Best is trial 213 with value: 0.8175071389534689.
[I 2025-04-08 01:47:31,333] Trial 255 finished with value: 0.8136921173652738 and parameters: {'lambda_l1': 0.00013724501928488584, 'lambda_l2': 6.89036508488471e-08, 'num_leaves': 91, 'feature_fraction': 0.7749653595857404, 'bagging_fraction': 0.8392688249281232, 'bagging_freq': 8, 'min_child_samples': 100}. Best is trial 213 with value: 0.8175071389534689.
[I 2025-04-08 01:47:32,576] Trial 256 finished with value: 0.8149495045346631 and parameters: {'lambda_l1': 1.0602658962776533e-05, 'lambda_l2': 2.8934034837150912e-08, 'num_leaves': 32, 'feature_fraction': 0.7449750784049648, 'bagging_fraction': 0.5006062822844684, 'bagging_freq': 9, 'min_child_samples': 90}. Best is trial 213 with value: 0.8175071389534689.
[I 2025-04-08 01:47:34,037] Trial 257 finished with value: 0.8165427080752327 and parameters: {'lambda_l1': 3.202367583166752e-05, 'lambda_l2': 1.0342154160041789e-08, 'num_leaves': 38, 'feature_fraction': 0.728665127520419, 'bagging_fraction': 0.7872463444197976, 'bagging_freq': 8, 'min_child_samples': 58}. Best is trial 213 with value: 0.8175071389534689.
[I 2025-04-08 01:47:35,081] Trial 258 finished with value: 0.8149915738383056 and parameters: {'lambda_l1': 0.00041309642885082996, 'lambda_l2': 1.1051300472067291e-07, 'num_leaves': 26, 'feature_fraction': 0.7613545584858963, 'bagging_fraction': 0.4369973107434392, 'bagging_freq': 10, 'min_child_samples': 103}. Best is trial 213 with value: 0.8175071389534689.
[I 2025-04-08 01:47:36,390] Trial 259 finished with value: 0.8156205925199582 and parameters: {'lambda_l1': 1.8750308439122636e-05, 'lambda_l2': 2.732581230011645e-07, 'num_leaves': 30, 'feature_fraction': 0.7183715570806897, 'bagging_fraction': 0.7673054307390702, 'bagging_freq': 9, 'min_child_samples': 93}. Best is trial 213 with value: 0.8175071389534689.
[I 2025-04-08 01:47:38,392] Trial 260 finished with value: 0.8163752392098562 and parameters: {'lambda_l1': 0.0001238837011472141, 'lambda_l2': 5.848799186188126e-08, 'num_leaves': 35, 'feature_fraction': 0.799229103748265, 'bagging_fraction': 0.8227994397846831, 'bagging_freq': 9, 'min_child_samples': 97}. Best is trial 213 with value: 0.8175071389534689.
[I 2025-04-08 01:47:40,023] Trial 261 finished with value: 0.8172137609149107 and parameters: {'lambda_l1': 3.6779676749975033e-06, 'lambda_l2': 0.00012812482014020753, 'num_leaves': 41, 'feature_fraction': 0.7370127155810873, 'bagging_fraction': 0.8004892240951357, 'bagging_freq': 9, 'min_child_samples': 95}. Best is trial 213 with value: 0.8175071389534689.
[I 2025-04-08 01:47:41,681] Trial 262 finished with value: 0.814782176251755 and parameters: {'lambda_l1': 2.487670642623392e-06, 'lambda_l2': 0.00022687412753723095, 'num_leaves': 41, 'feature_fraction': 0.7420421264184451, 'bagging_fraction': 0.7946202267371877, 'bagging_freq': 9, 'min_child_samples': 98}. Best is trial 213 with value: 0.8175071389534689.
[I 2025-04-08 01:47:43,382] Trial 263 finished with value: 0.8169202247210757 and parameters: {'lambda_l1': 4.224656054525528e-06, 'lambda_l2': 1.568076807265504e-08, 'num_leaves': 45, 'feature_fraction': 0.715981591086721, 'bagging_fraction': 0.7822696544262806, 'bagging_freq': 9, 'min_child_samples': 95}. Best is trial 213 with value: 0.8175071389534689.
[I 2025-04-08 01:47:44,875] Trial 264 finished with value: 0.8151592887230017 and parameters: {'lambda_l1': 4.110431808292549e-06, 'lambda_l2': 6.780202066097084e-05, 'num_leaves': 45, 'feature_fraction': 0.736811122635374, 'bagging_fraction': 0.7784672537216093, 'bagging_freq': 10, 'min_child_samples': 96}. Best is trial 213 with value: 0.8175071389534689.
[I 2025-04-08 01:47:46,396] Trial 265 finished with value: 0.8149496099715146 and parameters: {'lambda_l1': 1.8729132565225735e-06, 'lambda_l2': 3.868641367468551e-05, 'num_leaves': 48, 'feature_fraction': 0.7551963296340309, 'bagging_fraction': 0.4097308296910603, 'bagging_freq': 8, 'min_child_samples': 101}. Best is trial 213 with value: 0.8175071389534689.
[I 2025-04-08 01:47:48,388] Trial 266 finished with value: 0.8159559871437333 and parameters: {'lambda_l1': 7.132474772658085e-06, 'lambda_l2': 0.00012637713976615544, 'num_leaves': 45, 'feature_fraction': 0.7870877752809394, 'bagging_fraction': 0.7546577566347651, 'bagging_freq': 9, 'min_child_samples': 99}. Best is trial 213 with value: 0.8175071389534689.
[I 2025-04-08 01:47:50,032] Trial 267 finished with value: 0.8155367175048017 and parameters: {'lambda_l1': 3.970547728695165e-06, 'lambda_l2': 1.3414803356362636e-08, 'num_leaves': 43, 'feature_fraction': 0.7680747650089057, 'bagging_fraction': 0.7704424989895012, 'bagging_freq': 9, 'min_child_samples': 93}. Best is trial 213 with value: 0.8175071389534689.
[I 2025-04-08 01:47:51,678] Trial 268 finished with value: 0.8153270914717403 and parameters: {'lambda_l1': 1.1927116851873226e-06, 'lambda_l2': 0.00017880937129519, 'num_leaves': 41, 'feature_fraction': 0.7060344231715059, 'bagging_fraction': 0.7913845279085825, 'bagging_freq': 10, 'min_child_samples': 96}. Best is trial 213 with value: 0.8175071389534689.
[I 2025-04-08 01:47:53,307] Trial 269 finished with value: 0.8161654198759007 and parameters: {'lambda_l1': 7.240808369202661e-07, 'lambda_l2': 1.8664660803851733e-08, 'num_leaves': 39, 'feature_fraction': 0.8090393482112518, 'bagging_fraction': 0.8030728543506173, 'bagging_freq': 9, 'min_child_samples': 102}. Best is trial 213 with value: 0.8175071389534689.
[I 2025-04-08 01:47:54,845] Trial 270 finished with value: 0.8156624860955153 and parameters: {'lambda_l1': 5.091558121744799e-06, 'lambda_l2': 6.130497154396924e-09, 'num_leaves': 38, 'feature_fraction': 0.731983514876972, 'bagging_fraction': 0.6486238430242615, 'bagging_freq': 7, 'min_child_samples': 94}. Best is trial 213 with value: 0.8175071389534689.
[I 2025-04-08 01:47:56,292] Trial 271 finished with value: 0.8092064119663798 and parameters: {'lambda_l1': 1.0147647997278402e-05, 'lambda_l2': 4.61435743956728e-09, 'num_leaves': 41, 'feature_fraction': 0.5082090852565542, 'bagging_fraction': 0.7840344931326134, 'bagging_freq': 8, 'min_child_samples': 104}. Best is trial 213 with value: 0.8175071389534689.
[I 2025-04-08 01:47:57,845] Trial 272 finished with value: 0.8144465356086605 and parameters: {'lambda_l1': 3.0758087726240777e-06, 'lambda_l2': 0.000355832608856121, 'num_leaves': 37, 'feature_fraction': 0.7479880492277649, 'bagging_fraction': 0.7616504305507846, 'bagging_freq': 15, 'min_child_samples': 99}. Best is trial 213 with value: 0.8175071389534689.
[I 2025-04-08 01:48:00,068] Trial 273 finished with value: 0.8155786286531672 and parameters: {'lambda_l1': 1.5929730604299237e-05, 'lambda_l2': 9.881334416137169e-09, 'num_leaves': 46, 'feature_fraction': 0.7755342310547266, 'bagging_fraction': 0.8080966662499763, 'bagging_freq': 14, 'min_child_samples': 96}. Best is trial 213 with value: 0.8175071389534689.
[I 2025-04-08 01:48:01,638] Trial 274 finished with value: 0.8151172897105934 and parameters: {'lambda_l1': 0.00023955868710682916, 'lambda_l2': 1.4105984254654856e-05, 'num_leaves': 43, 'feature_fraction': 0.7961526984921719, 'bagging_fraction': 0.7440799192078976, 'bagging_freq': 9, 'min_child_samples': 94}. Best is trial 213 with value: 0.8175071389534689.
[I 2025-04-08 01:48:04,826] Trial 275 finished with value: 0.8132307257042741 and parameters: {'lambda_l1': 6.406122788406096e-06, 'lambda_l2': 7.9557715950746e-05, 'num_leaves': 121, 'feature_fraction': 0.7206155827220606, 'bagging_fraction': 0.6673804761396018, 'bagging_freq': 10, 'min_child_samples': 100}. Best is trial 213 with value: 0.8175071389534689.
[I 2025-04-08 01:48:06,095] Trial 276 finished with value: 0.8157464314019058 and parameters: {'lambda_l1': 1.8983507669393386e-06, 'lambda_l2': 3.644649403317645e-08, 'num_leaves': 33, 'feature_fraction': 0.688670838422244, 'bagging_fraction': 0.7935541950039859, 'bagging_freq': 9, 'min_child_samples': 91}. Best is trial 213 with value: 0.8175071389534689.
[I 2025-04-08 01:48:07,418] Trial 277 finished with value: 0.8154948942204789 and parameters: {'lambda_l1': 0.00019183059833682774, 'lambda_l2': 1.98785254848708e-08, 'num_leaves': 37, 'feature_fraction': 0.8345542347689529, 'bagging_fraction': 0.782240906722356, 'bagging_freq': 9, 'min_child_samples': 97}. Best is trial 213 with value: 0.8175071389534689.
[I 2025-04-08 01:48:09,285] Trial 278 finished with value: 0.8169201544298416 and parameters: {'lambda_l1': 9.988234081633378e-06, 'lambda_l2': 3.610513649556946e-09, 'num_leaves': 40, 'feature_fraction': 0.7593878080997671, 'bagging_fraction': 0.8101687871888444, 'bagging_freq': 8, 'min_child_samples': 104}. Best is trial 213 with value: 0.8175071389534689.
[I 2025-04-08 01:48:10,682] Trial 279 finished with value: 0.8159978280008646 and parameters: {'lambda_l1': 0.00011505509265943922, 'lambda_l2': 3.483159177535708e-09, 'num_leaves': 40, 'feature_fraction': 0.756727864974552, 'bagging_fraction': 0.7977571113946887, 'bagging_freq': 8, 'min_child_samples': 108}. Best is trial 213 with value: 0.8175071389534689.
[I 2025-04-08 01:48:12,224] Trial 280 finished with value: 0.8157464314019061 and parameters: {'lambda_l1': 4.101010790674123e-05, 'lambda_l2': 7.246548349928051e-08, 'num_leaves': 44, 'feature_fraction': 0.7636018454760787, 'bagging_fraction': 0.7748332318086817, 'bagging_freq': 8, 'min_child_samples': 63}. Best is trial 213 with value: 0.8175071389534689.
[I 2025-04-08 01:48:13,843] Trial 281 finished with value: 0.8167522110986344 and parameters: {'lambda_l1': 0.0008379700137447501, 'lambda_l2': 2.6096712843723113e-08, 'num_leaves': 40, 'feature_fraction': 0.7350048747369431, 'bagging_fraction': 0.8188090248266865, 'bagging_freq': 8, 'min_child_samples': 105}. Best is trial 213 with value: 0.8175071389534689.
[I 2025-04-08 01:48:15,622] Trial 282 finished with value: 0.8163332226246396 and parameters: {'lambda_l1': 0.001340364676278569, 'lambda_l2': 3.926451063783111e-08, 'num_leaves': 47, 'feature_fraction': 0.7381142998761032, 'bagging_fraction': 0.82304775503933, 'bagging_freq': 7, 'min_child_samples': 105}. Best is trial 213 with value: 0.8175071389534689.
[I 2025-04-08 01:48:17,214] Trial 283 finished with value: 0.8157881141037604 and parameters: {'lambda_l1': 0.0006703547921633644, 'lambda_l2': 1.396818254947427e-09, 'num_leaves': 40, 'feature_fraction': 0.7489653228107446, 'bagging_fraction': 0.844002955279851, 'bagging_freq': 8, 'min_child_samples': 106}. Best is trial 213 with value: 0.8175071389534689.
[I 2025-04-08 01:48:18,652] Trial 284 finished with value: 0.8152849694496723 and parameters: {'lambda_l1': 0.000382516937927098, 'lambda_l2': 2.2271935842141952e-08, 'num_leaves': 42, 'feature_fraction': 0.7216895284447049, 'bagging_fraction': 0.8334382350540179, 'bagging_freq': 7, 'min_child_samples': 103}. Best is trial 213 with value: 0.8175071389534689.
[I 2025-04-08 01:48:20,554] Trial 285 finished with value: 0.8157462556738206 and parameters: {'lambda_l1': 0.0006945210202058368, 'lambda_l2': 1.524174394046431e-08, 'num_leaves': 31, 'feature_fraction': 0.7364649458572732, 'bagging_fraction': 0.8096280282883042, 'bagging_freq': 8, 'min_child_samples': 73}. Best is trial 213 with value: 0.8175071389534689.
[I 2025-04-08 01:48:22,073] Trial 286 finished with value: 0.8157044148166893 and parameters: {'lambda_l1': 0.00026928071663169967, 'lambda_l2': 3.639123083356567e-09, 'num_leaves': 39, 'feature_fraction': 0.7083042338185233, 'bagging_fraction': 0.798281329955505, 'bagging_freq': 8, 'min_child_samples': 102}. Best is trial 213 with value: 0.8175071389534689.
[I 2025-04-08 01:48:23,589] Trial 287 finished with value: 0.81633297660532 and parameters: {'lambda_l1': 3.3647886277234613e-06, 'lambda_l2': 0.1335087997068255, 'num_leaves': 42, 'feature_fraction': 0.774546492725843, 'bagging_fraction': 0.8213217367666539, 'bagging_freq': 8, 'min_child_samples': 109}. Best is trial 213 with value: 0.8175071389534689.
[I 2025-04-08 01:48:24,728] Trial 288 finished with value: 0.8161237020284291 and parameters: {'lambda_l1': 7.448773076224278e-05, 'lambda_l2': 7.0795869037895e-09, 'num_leaves': 23, 'feature_fraction': 0.7539713854079304, 'bagging_fraction': 0.80744947580149, 'bagging_freq': 8, 'min_child_samples': 104}. Best is trial 213 with value: 0.8175071389534689.
[I 2025-04-08 01:48:26,185] Trial 289 finished with value: 0.8157041687973697 and parameters: {'lambda_l1': 2.0994200392862036e-05, 'lambda_l2': 2.1572389919933602e-09, 'num_leaves': 35, 'feature_fraction': 0.7287537036417087, 'bagging_fraction': 0.785807743127906, 'bagging_freq': 14, 'min_child_samples': 106}. Best is trial 213 with value: 0.8175071389534689.
[I 2025-04-08 01:48:28,555] Trial 290 finished with value: 0.8134405098926125 and parameters: {'lambda_l1': 3.548171700418159e-05, 'lambda_l2': 4.352170614481188e-08, 'num_leaves': 81, 'feature_fraction': 0.6994012253147476, 'bagging_fraction': 0.8515950902779895, 'bagging_freq': 10, 'min_child_samples': 99}. Best is trial 213 with value: 0.8175071389534689.
[I 2025-04-08 01:48:30,407] Trial 291 finished with value: 0.8094159501353986 and parameters: {'lambda_l1': 5.646914442386627e-06, 'lambda_l2': 1.2727001438774357e-07, 'num_leaves': 39, 'feature_fraction': 0.44723713024595924, 'bagging_fraction': 0.8156584832377533, 'bagging_freq': 9, 'min_child_samples': 102}. Best is trial 213 with value: 0.8175071389534689.
[I 2025-04-08 01:48:31,769] Trial 292 finished with value: 0.8164169570573279 and parameters: {'lambda_l1': 0.00010789236913594326, 'lambda_l2': 2.752215217806345e-08, 'num_leaves': 28, 'feature_fraction': 0.7628368027321865, 'bagging_fraction': 0.8335988566325074, 'bagging_freq': 9, 'min_child_samples': 100}. Best is trial 213 with value: 0.8175071389534689.
[I 2025-04-08 01:48:33,255] Trial 293 finished with value: 0.8154946833467764 and parameters: {'lambda_l1': 0.0030972080849623954, 'lambda_l2': 7.017256554057677e-06, 'num_leaves': 33, 'feature_fraction': 0.7446920045817959, 'bagging_fraction': 0.797060616310657, 'bagging_freq': 8, 'min_child_samples': 98}. Best is trial 213 with value: 0.8175071389534689.
[I 2025-04-08 01:48:34,943] Trial 294 finished with value: 0.8150336079963308 and parameters: {'lambda_l1': 0.00020669210269114781, 'lambda_l2': 6.111908534260751e-08, 'num_leaves': 45, 'feature_fraction': 0.6835164555241662, 'bagging_fraction': 0.7626592720786238, 'bagging_freq': 11, 'min_child_samples': 104}. Best is trial 213 with value: 0.8175071389534689.
[I 2025-04-08 01:48:36,296] Trial 295 finished with value: 0.8155367877960359 and parameters: {'lambda_l1': 0.0009231125292061075, 'lambda_l2': 1.3519868825172394e-08, 'num_leaves': 37, 'feature_fraction': 0.7822329389486626, 'bagging_fraction': 0.7809566322442014, 'bagging_freq': 15, 'min_child_samples': 111}. Best is trial 213 with value: 0.8175071389534689.
[I 2025-04-08 01:48:37,244] Trial 296 finished with value: 0.8129374531025672 and parameters: {'lambda_l1': 1.2596060475288234e-05, 'lambda_l2': 0.00014197503137100233, 'num_leaves': 19, 'feature_fraction': 0.7273633794072655, 'bagging_fraction': 0.8202259783201309, 'bagging_freq': 5, 'min_child_samples': 68}. Best is trial 213 with value: 0.8175071389534689.
[I 2025-04-08 01:48:38,439] Trial 297 finished with value: 0.8157882371134202 and parameters: {'lambda_l1': 6.158884534864111e-05, 'lambda_l2': 2.5924277847983666e-08, 'num_leaves': 31, 'feature_fraction': 0.7159219929348641, 'bagging_fraction': 0.6909320007795238, 'bagging_freq': 9, 'min_child_samples': 101}. Best is trial 213 with value: 0.8175071389534689.
