[I 2025-04-08 20:17:38,115] Trial 216 finished with value: 0.8176746429644626 and parameters: {'max_depth': 15, 'learning_rate': 0.04820548009723888, 'n_estimators': 100, 'gamma': 0.11313179005230548, 'min_child_weight': 7, 'subsample': 0.6942446086907659, 'colsample_bytree': 0.8893027659201515}. Best is trial 120 with value: 0.8202320840823741.
[I 2025-04-08 20:17:40,385] Trial 217 finished with value: 0.8166266006631979 and parameters: {'max_depth': 13, 'learning_rate': 0.08034678349158704, 'n_estimators': 114, 'gamma': 0.06895776029488822, 'min_child_weight': 7, 'subsample': 0.668217908962165, 'colsample_bytree': 0.7265065480755823}. Best is trial 120 with value: 0.8202320840823741.
[I 2025-04-08 20:17:42,801] Trial 218 finished with value: 0.8188484538564407 and parameters: {'max_depth': 17, 'learning_rate': 0.03198206380485593, 'n_estimators': 120, 'gamma': 0.054547363339078676, 'min_child_weight': 7, 'subsample': 0.6418072781593063, 'colsample_bytree': 0.8683740445453011}. Best is trial 120 with value: 0.8202320840823741.
[I 2025-04-08 20:17:44,569] Trial 219 finished with value: 0.8186811431463411 and parameters: {'max_depth': 12, 'learning_rate': 0.056263223204680066, 'n_estimators': 105, 'gamma': 0.10245448685183589, 'min_child_weight': 7, 'subsample': 0.6876250258213946, 'colsample_bytree': 0.7037084078570245}. Best is trial 120 with value: 0.8202320840823741.
[I 2025-04-08 20:17:45,986] Trial 220 finished with value: 0.8180101957435143 and parameters: {'max_depth': 10, 'learning_rate': 0.04422236441459757, 'n_estimators': 99, 'gamma': 0.019002046499899262, 'min_child_weight': 6, 'subsample': 0.7047736476823845, 'colsample_bytree': 0.8941920301174988}. Best is trial 120 with value: 0.8202320840823741.
[I 2025-04-08 20:17:48,020] Trial 221 finished with value: 0.8191419549046588 and parameters: {'max_depth': 11, 'learning_rate': 0.0413084745726114, 'n_estimators': 94, 'gamma': 0.12473093973949234, 'min_child_weight': 1, 'subsample': 0.661525227373982, 'colsample_bytree': 0.8615065402570707}. Best is trial 120 with value: 0.8202320840823741.
[I 2025-04-08 20:17:49,186] Trial 222 finished with value: 0.8180103538987911 and parameters: {'max_depth': 9, 'learning_rate': 0.0336289333316127, 'n_estimators': 85, 'gamma': 0.1096226103391792, 'min_child_weight': 7, 'subsample': 0.6771702889672585, 'colsample_bytree': 0.878700965452316}. Best is trial 120 with value: 0.8202320840823741.
[I 2025-04-08 20:17:51,293] Trial 223 finished with value: 0.8179682670223404 and parameters: {'max_depth': 12, 'learning_rate': 0.059943569248299335, 'n_estimators': 109, 'gamma': 0.09436933160759192, 'min_child_weight': 7, 'subsample': 0.6528824106795471, 'colsample_bytree': 0.8480807707275536}. Best is trial 120 with value: 0.8202320840823741.
[I 2025-04-08 20:17:52,755] Trial 224 finished with value: 0.819016151168328 and parameters: {'max_depth': 11, 'learning_rate': 0.04782622087793072, 'n_estimators': 92, 'gamma': 0.07366111180638835, 'min_child_weight': 7, 'subsample': 0.6630894936852731, 'colsample_bytree': 0.8633282132943085}. Best is trial 120 with value: 0.8202320840823741.
[I 2025-04-08 20:17:54,508] Trial 225 finished with value: 0.8185552164003507 and parameters: {'max_depth': 12, 'learning_rate': 0.027070482194563837, 'n_estimators': 99, 'gamma': 0.10408352299080967, 'min_child_weight': 7, 'subsample': 0.6356584129988473, 'colsample_bytree': 0.8829466641169259}. Best is trial 120 with value: 0.8202320840823741.
[I 2025-04-08 20:17:56,444] Trial 226 finished with value: 0.8191419724774672 and parameters: {'max_depth': 14, 'learning_rate': 0.03836972246735437, 'n_estimators': 105, 'gamma': 0.08866130487813229, 'min_child_weight': 7, 'subsample': 0.5548281860316121, 'colsample_bytree': 0.7607333348601321}. Best is trial 120 with value: 0.8202320840823741.
[I 2025-04-08 20:17:58,654] Trial 227 finished with value: 0.8166266533816234 and parameters: {'max_depth': 16, 'learning_rate': 0.06952461159042181, 'n_estimators': 112, 'gamma': 0.11801744197344505, 'min_child_weight': 7, 'subsample': 0.7409100761836745, 'colsample_bytree': 0.852293758248143}. Best is trial 120 with value: 0.8202320840823741.
[I 2025-04-08 20:18:01,042] Trial 228 finished with value: 0.8191419724774672 and parameters: {'max_depth': 13, 'learning_rate': 0.04628013759437502, 'n_estimators': 97, 'gamma': 0.13748559276181646, 'min_child_weight': 7, 'subsample': 0.6753157004974526, 'colsample_bytree': 0.8721897412201494}. Best is trial 120 with value: 0.8202320840823741.
[I 2025-04-08 20:18:02,103] Trial 229 finished with value: 0.8165429365217436 and parameters: {'max_depth': 8, 'learning_rate': 0.032544091805618375, 'n_estimators': 88, 'gamma': 0.0786312469229879, 'min_child_weight': 7, 'subsample': 0.6546683361853066, 'colsample_bytree': 0.909257199264145}. Best is trial 120 with value: 0.8202320840823741.
[I 2025-04-08 20:18:03,661] Trial 230 finished with value: 0.8191419197590417 and parameters: {'max_depth': 11, 'learning_rate': 0.05428166984450333, 'n_estimators': 103, 'gamma': 0.1478395813491894, 'min_child_weight': 7, 'subsample': 0.6884774906168932, 'colsample_bytree': 0.8636773698101802}. Best is trial 120 with value: 0.8202320840823741.
[I 2025-04-08 20:18:05,189] Trial 231 finished with value: 0.818722808275387 and parameters: {'max_depth': 10, 'learning_rate': 0.04014038770582245, 'n_estimators': 102, 'gamma': 0.09397180295897316, 'min_child_weight': 7, 'subsample': 0.6823165434457232, 'colsample_bytree': 0.850309903744943}. Best is trial 120 with value: 0.8202320840823741.
[I 2025-04-08 20:18:06,589] Trial 232 finished with value: 0.8189326451821509 and parameters: {'max_depth': 9, 'learning_rate': 0.04266524695830218, 'n_estimators': 110, 'gamma': 0.10642413462278202, 'min_child_weight': 7, 'subsample': 0.6723297488943731, 'colsample_bytree': 0.8439116368050562}. Best is trial 120 with value: 0.8202320840823741.
[I 2025-04-08 20:18:08,189] Trial 233 finished with value: 0.8174233869479723 and parameters: {'max_depth': 10, 'learning_rate': 0.029058840475348464, 'n_estimators': 94, 'gamma': 0.09094114567377562, 'min_child_weight': 7, 'subsample': 0.6844840898419774, 'colsample_bytree': 0.8570246950160546}. Best is trial 120 with value: 0.8202320840823741.
[I 2025-04-08 20:18:09,664] Trial 234 finished with value: 0.8191421130599357 and parameters: {'max_depth': 9, 'learning_rate': 0.0384950993218299, 'n_estimators': 102, 'gamma': 0.060987490289963, 'min_child_weight': 7, 'subsample': 0.6661552899485268, 'colsample_bytree': 0.8758140516510508}. Best is trial 120 with value: 0.8202320840823741.
[I 2025-04-08 20:18:11,642] Trial 235 finished with value: 0.8188066832905434 and parameters: {'max_depth': 10, 'learning_rate': 0.058442018209277205, 'n_estimators': 97, 'gamma': 0.0812923298232017, 'min_child_weight': 7, 'subsample': 0.699016339407301, 'colsample_bytree': 0.8358069103307803}. Best is trial 120 with value: 0.8202320840823741.
[I 2025-04-08 20:18:13,654] Trial 236 finished with value: 0.8190164850516904 and parameters: {'max_depth': 11, 'learning_rate': 0.023558672141923018, 'n_estimators': 117, 'gamma': 0.12043249535658508, 'min_child_weight': 7, 'subsample': 0.5992556543396187, 'colsample_bytree': 0.8595114793943514}. Best is trial 120 with value: 0.8202320840823741.
[I 2025-04-08 20:18:15,208] Trial 237 finished with value: 0.8196032938472324 and parameters: {'max_depth': 10, 'learning_rate': 0.049367766836199166, 'n_estimators': 106, 'gamma': 0.04663350268706777, 'min_child_weight': 7, 'subsample': 0.6769775219484002, 'colsample_bytree': 0.8875609301524542}. Best is trial 120 with value: 0.8202320840823741.
[I 2025-04-08 20:18:16,868] Trial 238 finished with value: 0.8161656131767948 and parameters: {'max_depth': 12, 'learning_rate': 0.08050306651388554, 'n_estimators': 108, 'gamma': 0.037226689959024326, 'min_child_weight': 7, 'subsample': 0.6586857724234879, 'colsample_bytree': 0.7000772269697885}. Best is trial 120 with value: 0.8202320840823741.
[I 2025-04-08 20:18:18,752] Trial 239 finished with value: 0.8188906988881683 and parameters: {'max_depth': 11, 'learning_rate': 0.051544830513323765, 'n_estimators': 127, 'gamma': 0.06934291690180394, 'min_child_weight': 7, 'subsample': 0.8006096249604796, 'colsample_bytree': 0.8884041546960064}. Best is trial 120 with value: 0.8202320840823741.
[I 2025-04-08 20:18:20,562] Trial 240 finished with value: 0.8178422875579244 and parameters: {'max_depth': 14, 'learning_rate': 0.032453597848773344, 'n_estimators': 91, 'gamma': 0.048478992528355885, 'min_child_weight': 7, 'subsample': 0.6740119081644379, 'colsample_bytree': 0.8986733249148288}. Best is trial 120 with value: 0.8202320840823741.
[I 2025-04-08 20:18:22,449] Trial 241 finished with value: 0.819393597522937 and parameters: {'max_depth': 10, 'learning_rate': 0.04311612193501706, 'n_estimators': 102, 'gamma': 0.10040428989993472, 'min_child_weight': 7, 'subsample': 0.6806079222866336, 'colsample_bytree': 0.8694199401762841}. Best is trial 120 with value: 0.8202320840823741.
[I 2025-04-08 20:18:23,957] Trial 242 finished with value: 0.8192678113594148 and parameters: {'max_depth': 10, 'learning_rate': 0.04449322733621139, 'n_estimators': 106, 'gamma': 0.048826907223294, 'min_child_weight': 7, 'subsample': 0.667015033373385, 'colsample_bytree': 0.88162716981399}. Best is trial 120 with value: 0.8202320840823741.
[I 2025-04-08 20:18:26,814] Trial 243 finished with value: 0.7730679487787776 and parameters: {'max_depth': 10, 'learning_rate': 0.7440999624407619, 'n_estimators': 252, 'gamma': 0.06171188483485432, 'min_child_weight': 7, 'subsample': 0.6903674826645863, 'colsample_bytree': 0.8563602446130161}. Best is trial 120 with value: 0.8202320840823741.
[I 2025-04-08 20:18:28,183] Trial 244 finished with value: 0.8186810728551069 and parameters: {'max_depth': 9, 'learning_rate': 0.03480509453515545, 'n_estimators': 113, 'gamma': 0.11018445552373979, 'min_child_weight': 7, 'subsample': 0.68554635688201, 'colsample_bytree': 0.8712701107034686}. Best is trial 120 with value: 0.8202320840823741.
[I 2025-04-08 20:18:29,859] Trial 245 finished with value: 0.8186809322726386 and parameters: {'max_depth': 11, 'learning_rate': 0.05777173025615411, 'n_estimators': 101, 'gamma': 0.08777605104232354, 'min_child_weight': 7, 'subsample': 0.6771915686481843, 'colsample_bytree': 0.8833905068645623}. Best is trial 120 with value: 0.8202320840823741.
[I 2025-04-08 20:18:31,888] Trial 246 finished with value: 0.8178424457132012 and parameters: {'max_depth': 12, 'learning_rate': 0.0689391493599285, 'n_estimators': 84, 'gamma': 0.08061529151426688, 'min_child_weight': 7, 'subsample': 0.6481648614201214, 'colsample_bytree': 0.9151831711990104}. Best is trial 120 with value: 0.8202320840823741.
[I 2025-04-08 20:18:33,857] Trial 247 finished with value: 0.8189742400199627 and parameters: {'max_depth': 15, 'learning_rate': 0.04654055392501009, 'n_estimators': 97, 'gamma': 0.12747864226937625, 'min_child_weight': 7, 'subsample': 0.7012807553394953, 'colsample_bytree': 0.8664193652332355}. Best is trial 120 with value: 0.8202320840823741.
[I 2025-04-08 20:18:35,278] Trial 248 finished with value: 0.8181779809194445 and parameters: {'max_depth': 9, 'learning_rate': 0.03807485202899002, 'n_estimators': 107, 'gamma': 0.3195231495247491, 'min_child_weight': 7, 'subsample': 0.6165255195170323, 'colsample_bytree': 0.8509715860199976}. Best is trial 120 with value: 0.8202320840823741.
[I 2025-04-08 20:18:37,376] Trial 249 finished with value: 0.819225952929475 and parameters: {'max_depth': 13, 'learning_rate': 0.027458016326482933, 'n_estimators': 117, 'gamma': 0.09661567390122429, 'min_child_weight': 7, 'subsample': 0.5874406299839795, 'colsample_bytree': 0.7829182897026095}. Best is trial 120 with value: 0.8202320840823741.
[I 2025-04-08 20:18:38,803] Trial 250 finished with value: 0.8184713589580026 and parameters: {'max_depth': 11, 'learning_rate': 0.05001741215212028, 'n_estimators': 91, 'gamma': 0.02936211187062552, 'min_child_weight': 7, 'subsample': 0.6622926290929203, 'colsample_bytree': 0.8964973340253517}. Best is trial 120 with value: 0.8202320840823741.
[I 2025-04-08 20:18:40,045] Trial 251 finished with value: 0.8205675489973835 and parameters: {'max_depth': 8, 'learning_rate': 0.0632384111626583, 'n_estimators': 113, 'gamma': 0.5660583508842341, 'min_child_weight': 7, 'subsample': 0.6274483656533236, 'colsample_bytree': 0.8299716580734788}. Best is trial 251 with value: 0.8205675489973835.
[I 2025-04-08 20:18:41,441] Trial 252 finished with value: 0.8181357534605253 and parameters: {'max_depth': 8, 'learning_rate': 0.0938005485489103, 'n_estimators': 133, 'gamma': 0.5219900649742515, 'min_child_weight': 7, 'subsample': 0.6112251134479216, 'colsample_bytree': 0.8061694683482757}. Best is trial 251 with value: 0.8205675489973835.
[I 2025-04-08 20:18:43,364] Trial 253 finished with value: 0.6377394866279713 and parameters: {'max_depth': 8, 'learning_rate': 0.0006074689298411634, 'n_estimators': 120, 'gamma': 0.5627955145216674, 'min_child_weight': 7, 'subsample': 0.6255243957707755, 'colsample_bytree': 0.8259089172103472}. Best is trial 251 with value: 0.8205675489973835.
[I 2025-04-08 20:18:44,775] Trial 254 finished with value: 0.8184714643948539 and parameters: {'max_depth': 8, 'learning_rate': 0.06674253635691005, 'n_estimators': 111, 'gamma': 0.0379857588423299, 'min_child_weight': 7, 'subsample': 0.6269614035980441, 'colsample_bytree': 0.8782107646129325}. Best is trial 251 with value: 0.8205675489973835.
[I 2025-04-08 20:18:46,499] Trial 255 finished with value: 0.8189323815900229 and parameters: {'max_depth': 12, 'learning_rate': 0.06093639956914862, 'n_estimators': 113, 'gamma': 0.580609979254842, 'min_child_weight': 7, 'subsample': 0.6388398843090177, 'colsample_bytree': 0.8439190912366914}. Best is trial 251 with value: 0.8205675489973835.
[I 2025-04-08 20:18:47,994] Trial 256 finished with value: 0.8180940180402454 and parameters: {'max_depth': 9, 'learning_rate': 0.03313143407669354, 'n_estimators': 105, 'gamma': 0.5416022118834292, 'min_child_weight': 7, 'subsample': 0.6495729092259945, 'colsample_bytree': 0.8329720003811981}. Best is trial 251 with value: 0.8205675489973835.
[I 2025-04-08 20:18:50,176] Trial 257 finished with value: 0.8184712886667687 and parameters: {'max_depth': 14, 'learning_rate': 0.05284578174323929, 'n_estimators': 117, 'gamma': 0.05544870236288068, 'min_child_weight': 7, 'subsample': 0.6717081007925754, 'colsample_bytree': 0.8624082448197886}. Best is trial 251 with value: 0.8205675489973835.
[I 2025-04-08 20:18:53,007] Trial 258 finished with value: 0.8133565470134133 and parameters: {'max_depth': 13, 'learning_rate': 0.08079285866423343, 'n_estimators': 124, 'gamma': 0.5420632327528332, 'min_child_weight': 2, 'subsample': 0.8471323351292513, 'colsample_bytree': 0.8917728808822564}. Best is trial 251 with value: 0.8205675489973835.
[I 2025-04-08 20:18:55,032] Trial 259 finished with value: 0.8180938247393513 and parameters: {'max_depth': 16, 'learning_rate': 0.021678148524738525, 'n_estimators': 96, 'gamma': 0.5100449128728974, 'min_child_weight': 7, 'subsample': 0.6581743793320856, 'colsample_bytree': 0.8736508266915315}. Best is trial 251 with value: 0.8205675489973835.
[I 2025-04-08 20:18:56,803] Trial 260 finished with value: 0.8190165201973075 and parameters: {'max_depth': 11, 'learning_rate': 0.039654462512551676, 'n_estimators': 109, 'gamma': 0.5907160117813198, 'min_child_weight': 7, 'subsample': 0.6014495412895483, 'colsample_bytree': 0.9282429365134992}. Best is trial 251 with value: 0.8205675489973835.
[I 2025-04-08 20:18:58,015] Trial 261 finished with value: 0.8173812824987128 and parameters: {'max_depth': 9, 'learning_rate': 0.029526044324839903, 'n_estimators': 79, 'gamma': 0.10873341017501466, 'min_child_weight': 7, 'subsample': 0.7133364252414522, 'colsample_bytree': 0.7911189224417173}. Best is trial 251 with value: 0.8205675489973835.
[I 2025-04-08 20:18:59,771] Trial 262 finished with value: 0.8195192782496077 and parameters: {'max_depth': 14, 'learning_rate': 0.05038008734455922, 'n_estimators': 87, 'gamma': 0.06991082170093192, 'min_child_weight': 7, 'subsample': 0.6429156005859862, 'colsample_bytree': 0.8124149145239494}. Best is trial 251 with value: 0.8205675489973835.
[I 2025-04-08 20:19:01,344] Trial 263 finished with value: 0.8144047298971465 and parameters: {'max_depth': 14, 'learning_rate': 0.12216092750981528, 'n_estimators': 87, 'gamma': 0.045566717556124625, 'min_child_weight': 7, 'subsample': 0.6306175593758946, 'colsample_bytree': 0.8191470924887182}. Best is trial 251 with value: 0.8205675489973835.
[I 2025-04-08 20:19:03,568] Trial 264 finished with value: 0.8168781905630503 and parameters: {'max_depth': 15, 'learning_rate': 0.0644047230926182, 'n_estimators': 83, 'gamma': 0.0760853485095119, 'min_child_weight': 5, 'subsample': 0.6180184831463849, 'colsample_bytree': 0.8238592440545637}. Best is trial 251 with value: 0.8205675489973835.
[I 2025-04-08 20:19:05,654] Trial 265 finished with value: 0.8189742575927713 and parameters: {'max_depth': 13, 'learning_rate': 0.05031652419902724, 'n_estimators': 112, 'gamma': 0.06114415346450679, 'min_child_weight': 7, 'subsample': 0.6438686126983016, 'colsample_bytree': 0.8056072479259468}. Best is trial 251 with value: 0.8205675489973835.
[I 2025-04-08 20:19:07,883] Trial 266 finished with value: 0.8182197690581502 and parameters: {'max_depth': 14, 'learning_rate': 0.03452296368473026, 'n_estimators': 105, 'gamma': 0.061856473326805814, 'min_child_weight': 7, 'subsample': 0.6447908619233923, 'colsample_bytree': 0.8074157573572469}. Best is trial 251 with value: 0.8205675489973835.
[I 2025-04-08 20:19:09,592] Trial 267 finished with value: 0.8167103350958861 and parameters: {'max_depth': 12, 'learning_rate': 0.08956529916724523, 'n_estimators': 99, 'gamma': 0.07444208346184326, 'min_child_weight': 6, 'subsample': 0.6331113857593715, 'colsample_bytree': 0.9047314148230697}. Best is trial 251 with value: 0.8205675489973835.
[I 2025-04-08 20:19:11,754] Trial 268 finished with value: 0.8173394416415813 and parameters: {'max_depth': 15, 'learning_rate': 0.059359488796255355, 'n_estimators': 120, 'gamma': 0.023389737790420535, 'min_child_weight': 7, 'subsample': 0.6681565764528341, 'colsample_bytree': 0.7762081933815487}. Best is trial 251 with value: 0.8205675489973835.
[I 2025-04-08 20:19:13,982] Trial 269 finished with value: 0.8191839539170669 and parameters: {'max_depth': 14, 'learning_rate': 0.04484105371068076, 'n_estimators': 90, 'gamma': 0.46613420331690464, 'min_child_weight': 7, 'subsample': 0.6969451423159765, 'colsample_bytree': 0.7959970259727855}. Best is trial 251 with value: 0.8205675489973835.
[I 2025-04-08 20:19:15,395] Trial 270 finished with value: 0.8136084707966281 and parameters: {'max_depth': 7, 'learning_rate': 0.025033048178667045, 'n_estimators': 114, 'gamma': 0.06597907617987656, 'min_child_weight': 7, 'subsample': 0.5716360844131668, 'colsample_bytree': 0.8398333637346436}. Best is trial 251 with value: 0.8205675489973835.
[I 2025-04-08 20:19:17,533] Trial 271 finished with value: 0.8186810025638728 and parameters: {'max_depth': 13, 'learning_rate': 0.03596410913518552, 'n_estimators': 108, 'gamma': 0.04604638274289444, 'min_child_weight': 7, 'subsample': 0.6784888459434258, 'colsample_bytree': 0.8672229702792147}. Best is trial 251 with value: 0.8205675489973835.
[I 2025-04-08 20:19:19,401] Trial 272 finished with value: 0.8169617492676531 and parameters: {'max_depth': 15, 'learning_rate': 0.07407152520987939, 'n_estimators': 99, 'gamma': 0.11615402119298165, 'min_child_weight': 7, 'subsample': 0.6526077284352346, 'colsample_bytree': 0.8116860218862174}. Best is trial 251 with value: 0.8205675489973835.
[I 2025-04-08 20:19:21,068] Trial 273 finished with value: 0.8182197690581502 and parameters: {'max_depth': 12, 'learning_rate': 0.051064691681110184, 'n_estimators': 103, 'gamma': 0.4872777001538888, 'min_child_weight': 7, 'subsample': 0.8590398575496262, 'colsample_bytree': 0.670383032618778}. Best is trial 251 with value: 0.8205675489973835.
[I 2025-04-08 20:19:24,232] Trial 274 finished with value: 0.8180521420374968 and parameters: {'max_depth': 32, 'learning_rate': 0.028440571553771655, 'n_estimators': 95, 'gamma': 0.09402476767099224, 'min_child_weight': 7, 'subsample': 0.6899430774333746, 'colsample_bytree': 0.8873261222037535}. Best is trial 251 with value: 0.8205675489973835.
[I 2025-04-08 20:19:25,939] Trial 275 finished with value: 0.8175073498271714 and parameters: {'max_depth': 9, 'learning_rate': 0.01884974983778493, 'n_estimators': 125, 'gamma': 0.1305999445114176, 'min_child_weight': 7, 'subsample': 0.6656309067216238, 'colsample_bytree': 0.8485692595345925}. Best is trial 251 with value: 0.8205675489973835.
[I 2025-04-08 20:19:27,536] Trial 276 finished with value: 0.8173396349424754 and parameters: {'max_depth': 8, 'learning_rate': 0.03934288870608576, 'n_estimators': 109, 'gamma': 0.06933648627952567, 'min_child_weight': 7, 'subsample': 0.821099045082393, 'colsample_bytree': 0.8784624329792596}. Best is trial 251 with value: 0.8205675489973835.
[I 2025-04-08 20:19:30,100] Trial 277 finished with value: 0.8175908558133488 and parameters: {'max_depth': 13, 'learning_rate': 0.06062159827111038, 'n_estimators': 115, 'gamma': 0.08354644019009813, 'min_child_weight': 7, 'subsample': 0.6361551869506057, 'colsample_bytree': 0.829634429363305}. Best is trial 251 with value: 0.8205675489973835.
[I 2025-04-08 20:19:31,295] Trial 278 finished with value: 0.8191001843387615 and parameters: {'max_depth': 10, 'learning_rate': 0.046071479513992465, 'n_estimators': 73, 'gamma': 0.09782582234404681, 'min_child_weight': 6, 'subsample': 0.6755613178280478, 'colsample_bytree': 0.9182622757416968}. Best is trial 251 with value: 0.8205675489973835.
