[I 2025-04-08 00:14:32,603] Trial 122 finished with value: 0.8199386181797733 and parameters: {'lambda_l1': 3.34034281424335e-08, 'lambda_l2': 11.060897966874156, 'num_leaves': 42, 'feature_fraction': 0.4952962297326222, 'bagging_fraction': 0.9045921440936536, 'bagging_freq': 4, 'min_child_samples': 96}. Best is trial 72 with value: 0.8216574673013964.
[I 2025-04-08 00:14:33,986] Trial 123 finished with value: 0.8195192255311821 and parameters: {'lambda_l1': 1.7353532524855983e-08, 'lambda_l2': 1.419859736119615, 'num_leaves': 30, 'feature_fraction': 0.5867561017296782, 'bagging_fraction': 0.923725283311441, 'bagging_freq': 5, 'min_child_samples': 75}. Best is trial 72 with value: 0.8216574673013964.
[I 2025-04-08 00:14:35,483] Trial 124 finished with value: 0.819016309323605 and parameters: {'lambda_l1': 0.0001249734455486418, 'lambda_l2': 0.8185501102779499, 'num_leaves': 34, 'feature_fraction': 0.522349423451646, 'bagging_fraction': 0.9923581200093843, 'bagging_freq': 2, 'min_child_samples': 79}. Best is trial 72 with value: 0.8216574673013964.
[I 2025-04-08 00:14:37,093] Trial 125 finished with value: 0.8207771750304449 and parameters: {'lambda_l1': 2.8954376285213477e-09, 'lambda_l2': 4.207941357772273, 'num_leaves': 38, 'feature_fraction': 0.5508490179581927, 'bagging_fraction': 0.8924878925603911, 'bagging_freq': 3, 'min_child_samples': 73}. Best is trial 72 with value: 0.8216574673013964.
[I 2025-04-08 00:14:39,458] Trial 126 finished with value: 0.8207769641567424 and parameters: {'lambda_l1': 1.0856943032910893e-07, 'lambda_l2': 24.65416041312499, 'num_leaves': 44, 'feature_fraction': 0.5568000182378389, 'bagging_fraction': 0.9543846774643794, 'bagging_freq': 4, 'min_child_samples': 73}. Best is trial 72 with value: 0.8216574673013964.
[I 2025-04-08 00:14:41,380] Trial 127 finished with value: 0.8198127265794002 and parameters: {'lambda_l1': 2.3487813142269469e-07, 'lambda_l2': 24.84820716113116, 'num_leaves': 39, 'feature_fraction': 0.561715435726296, 'bagging_fraction': 0.9532709863169581, 'bagging_freq': 4, 'min_child_samples': 67}. Best is trial 72 with value: 0.8216574673013964.
[I 2025-04-08 00:14:43,287] Trial 128 finished with value: 0.8192256366189212 and parameters: {'lambda_l1': 6.672834738061793e-07, 'lambda_l2': 71.2406935845632, 'num_leaves': 47, 'feature_fraction': 0.5818128416745589, 'bagging_fraction': 0.9859433315670281, 'bagging_freq': 15, 'min_child_samples': 72}. Best is trial 72 with value: 0.8216574673013964.
[I 2025-04-08 00:14:45,070] Trial 129 finished with value: 0.8183036265004981 and parameters: {'lambda_l1': 8.402307735798795e-08, 'lambda_l2': 4.533695008255624, 'num_leaves': 44, 'feature_fraction': 0.5501698175065732, 'bagging_fraction': 0.9368019137484652, 'bagging_freq': 5, 'min_child_samples': 75}. Best is trial 72 with value: 0.8216574673013964.
[I 2025-04-08 00:14:47,023] Trial 130 finished with value: 0.8193933515036174 and parameters: {'lambda_l1': 1.7318567035238865e-05, 'lambda_l2': 13.089015817815952, 'num_leaves': 42, 'feature_fraction': 0.6072822612299553, 'bagging_fraction': 0.9575120198421005, 'bagging_freq': 4, 'min_child_samples': 88}. Best is trial 72 with value: 0.8216574673013964.
[I 2025-04-08 00:14:48,960] Trial 131 finished with value: 0.8203579053915133 and parameters: {'lambda_l1': 9.101133762563223e-09, 'lambda_l2': 32.71421461891144, 'num_leaves': 37, 'feature_fraction': 0.539206543296926, 'bagging_fraction': 0.9978406692593391, 'bagging_freq': 3, 'min_child_samples': 83}. Best is trial 72 with value: 0.8216574673013964.
[I 2025-04-08 00:14:51,036] Trial 132 finished with value: 0.8195612069707817 and parameters: {'lambda_l1': 0.13953736588201315, 'lambda_l2': 7.232259236669645, 'num_leaves': 28, 'feature_fraction': 0.5248949193721224, 'bagging_fraction': 0.895025020644601, 'bagging_freq': 2, 'min_child_samples': 79}. Best is trial 72 with value: 0.8216574673013964.
[I 2025-04-08 00:14:52,611] Trial 133 finished with value: 0.8199805820465645 and parameters: {'lambda_l1': 1.9701985840549024e-08, 'lambda_l2': 3.26601834594773, 'num_leaves': 32, 'feature_fraction': 0.5594825618128642, 'bagging_fraction': 0.9131844304168444, 'bagging_freq': 3, 'min_child_samples': 73}. Best is trial 72 with value: 0.8216574673013964.
[I 2025-04-08 00:14:54,343] Trial 134 finished with value: 0.8196450819859382 and parameters: {'lambda_l1': 2.7844940770574056e-09, 'lambda_l2': 1.9694151033614318, 'num_leaves': 36, 'feature_fraction': 0.5063708661074848, 'bagging_fraction': 0.8063388205496526, 'bagging_freq': 6, 'min_child_samples': 64}. Best is trial 72 with value: 0.8216574673013964.
[I 2025-04-08 00:14:56,182] Trial 135 finished with value: 0.8205256202762093 and parameters: {'lambda_l1': 6.755774975876669e-06, 'lambda_l2': 16.244016644029383, 'num_leaves': 40, 'feature_fraction': 0.547572963319823, 'bagging_fraction': 0.7885344940801734, 'bagging_freq': 9, 'min_child_samples': 77}. Best is trial 72 with value: 0.8216574673013964.
[I 2025-04-08 00:14:58,068] Trial 136 finished with value: 0.818974187301537 and parameters: {'lambda_l1': 0.00042120840652786406, 'lambda_l2': 17.37325271919036, 'num_leaves': 50, 'feature_fraction': 0.5411083426886533, 'bagging_fraction': 0.7931354390383607, 'bagging_freq': 9, 'min_child_samples': 69}. Best is trial 72 with value: 0.8216574673013964.
[I 2025-04-08 00:15:00,470] Trial 137 finished with value: 0.8189324870268739 and parameters: {'lambda_l1': 6.473271703377527e-06, 'lambda_l2': 9.435147357005674, 'num_leaves': 46, 'feature_fraction': 0.5505941288432649, 'bagging_fraction': 0.7676522420104445, 'bagging_freq': 8, 'min_child_samples': 77}. Best is trial 72 with value: 0.8216574673013964.
[I 2025-04-08 00:15:03,071] Trial 138 finished with value: 0.8170457472924696 and parameters: {'lambda_l1': 1.4038413416281225e-06, 'lambda_l2': 94.9846501091201, 'num_leaves': 118, 'feature_fraction': 0.5693227493540016, 'bagging_fraction': 0.8675823003883634, 'bagging_freq': 9, 'min_child_samples': 71}. Best is trial 72 with value: 0.8216574673013964.
[I 2025-04-08 00:15:04,844] Trial 139 finished with value: 0.820064035314316 and parameters: {'lambda_l1': 5.4800299174834e-05, 'lambda_l2': 42.90406616042544, 'num_leaves': 39, 'feature_fraction': 0.5772673533669122, 'bagging_fraction': 0.9754421919299334, 'bagging_freq': 4, 'min_child_samples': 84}. Best is trial 72 with value: 0.8216574673013964.
[I 2025-04-08 00:15:06,552] Trial 140 finished with value: 0.819058009598268 and parameters: {'lambda_l1': 1.0219141255952592e-07, 'lambda_l2': 21.50026841227197, 'num_leaves': 43, 'feature_fraction': 0.459751154605603, 'bagging_fraction': 0.7782501876278559, 'bagging_freq': 5, 'min_child_samples': 74}. Best is trial 72 with value: 0.8216574673013964.
[I 2025-04-08 00:15:08,038] Trial 141 finished with value: 0.82090280303869 and parameters: {'lambda_l1': 1.9085868661003263e-09, 'lambda_l2': 5.3175014186386855, 'num_leaves': 35, 'feature_fraction': 0.5219921945625645, 'bagging_fraction': 0.7905875402137003, 'bagging_freq': 10, 'min_child_samples': 81}. Best is trial 72 with value: 0.8216574673013964.
[I 2025-04-08 00:15:09,811] Trial 142 finished with value: 0.8203998516854959 and parameters: {'lambda_l1': 1.6651051037650637e-09, 'lambda_l2': 4.147686921765875, 'num_leaves': 40, 'feature_fraction': 0.530208948320448, 'bagging_fraction': 0.7846515311818814, 'bagging_freq': 10, 'min_child_samples': 77}. Best is trial 72 with value: 0.8216574673013964.
[I 2025-04-08 00:15:12,926] Trial 143 finished with value: 0.8188067535817776 and parameters: {'lambda_l1': 1.965671098957351e-09, 'lambda_l2': 6.11793189964816, 'num_leaves': 77, 'feature_fraction': 0.5432232938649718, 'bagging_fraction': 0.8237818861800822, 'bagging_freq': 10, 'min_child_samples': 86}. Best is trial 72 with value: 0.8216574673013964.
[I 2025-04-08 00:15:14,315] Trial 144 finished with value: 0.820064421916104 and parameters: {'lambda_l1': 0.0001820983087791968, 'lambda_l2': 12.69188265716152, 'num_leaves': 33, 'feature_fraction': 0.4922640560052743, 'bagging_fraction': 0.7379962127086342, 'bagging_freq': 10, 'min_child_samples': 90}. Best is trial 72 with value: 0.8216574673013964.
[I 2025-04-08 00:15:15,655] Trial 145 finished with value: 0.8203996408117934 and parameters: {'lambda_l1': 6.857194278634723e-09, 'lambda_l2': 2.7411824298783256, 'num_leaves': 30, 'feature_fraction': 0.515621992513693, 'bagging_fraction': 0.7993288204063896, 'bagging_freq': 8, 'min_child_samples': 94}. Best is trial 72 with value: 0.8216574673013964.
[I 2025-04-08 00:15:16,970] Trial 146 finished with value: 0.8203997989670702 and parameters: {'lambda_l1': 4.030242111857715e-08, 'lambda_l2': 7.557498273038509, 'num_leaves': 26, 'feature_fraction': 0.7219151337389674, 'bagging_fraction': 0.9288552927400255, 'bagging_freq': 11, 'min_child_samples': 81}. Best is trial 72 with value: 0.8216574673013964.
[I 2025-04-08 00:15:18,655] Trial 147 finished with value: 0.8197290448651374 and parameters: {'lambda_l1': 4.508169343254095e-09, 'lambda_l2': 30.736756711723437, 'num_leaves': 37, 'feature_fraction': 0.6545401410019582, 'bagging_fraction': 0.8496236965236248, 'bagging_freq': 11, 'min_child_samples': 102}. Best is trial 72 with value: 0.8216574673013964.
[I 2025-04-08 00:15:20,627] Trial 148 finished with value: 0.8201062100548097 and parameters: {'lambda_l1': 7.503377446546613e-06, 'lambda_l2': 16.5521281905117, 'num_leaves': 42, 'feature_fraction': 0.593242357454454, 'bagging_fraction': 0.813112426381204, 'bagging_freq': 7, 'min_child_samples': 69}. Best is trial 72 with value: 0.8216574673013964.
[I 2025-04-08 00:15:22,680] Trial 149 finished with value: 0.8194356843993876 and parameters: {'lambda_l1': 1.325603644427884e-08, 'lambda_l2': 5.336480112379429e-09, 'num_leaves': 32, 'feature_fraction': 0.5552569434162771, 'bagging_fraction': 0.9086402331706525, 'bagging_freq': 9, 'min_child_samples': 78}. Best is trial 72 with value: 0.8216574673013964.
[I 2025-04-08 00:15:23,907] Trial 150 finished with value: 0.8196031884103814 and parameters: {'lambda_l1': 2.4731691277364972e-08, 'lambda_l2': 5.124375941106145, 'num_leaves': 24, 'feature_fraction': 0.5074657549193587, 'bagging_fraction': 0.754521191900262, 'bagging_freq': 11, 'min_child_samples': 72}. Best is trial 72 with value: 0.8216574673013964.
[I 2025-04-08 00:15:25,743] Trial 151 finished with value: 0.8204836915550354 and parameters: {'lambda_l1': 1.5366623172466325e-09, 'lambda_l2': 3.218965330855803, 'num_leaves': 40, 'feature_fraction': 0.5330019542988929, 'bagging_fraction': 0.7829886250201267, 'bagging_freq': 10, 'min_child_samples': 76}. Best is trial 72 with value: 0.8216574673013964.
[I 2025-04-08 00:15:27,451] Trial 152 finished with value: 0.8196032059831898 and parameters: {'lambda_l1': 1.1766782512377796e-09, 'lambda_l2': 1.85340129292082, 'num_leaves': 35, 'feature_fraction': 0.5258589086351867, 'bagging_fraction': 0.7744139490204024, 'bagging_freq': 9, 'min_child_samples': 82}. Best is trial 72 with value: 0.8216574673013964.
[I 2025-04-08 00:15:29,362] Trial 153 finished with value: 0.8195612069707817 and parameters: {'lambda_l1': 2.948676169255493e-09, 'lambda_l2': 9.761961661100074, 'num_leaves': 39, 'feature_fraction': 0.5356584089977555, 'bagging_fraction': 0.7988182545465387, 'bagging_freq': 12, 'min_child_samples': 75}. Best is trial 72 with value: 0.8216574673013964.
[I 2025-04-08 00:15:31,150] Trial 154 finished with value: 0.8176748362653564 and parameters: {'lambda_l1': 1.8559846319514967e-09, 'lambda_l2': 0.6112625424189491, 'num_leaves': 44, 'feature_fraction': 0.4817495932407139, 'bagging_fraction': 0.9486345786498264, 'bagging_freq': 10, 'min_child_samples': 79}. Best is trial 72 with value: 0.8216574673013964.
[I 2025-04-08 00:15:33,206] Trial 155 finished with value: 0.8186807741173616 and parameters: {'lambda_l1': 5.110228805089599e-09, 'lambda_l2': 55.86870056194503, 'num_leaves': 37, 'feature_fraction': 0.5654298354562168, 'bagging_fraction': 0.788004484900394, 'bagging_freq': 10, 'min_child_samples': 67}. Best is trial 72 with value: 0.8216574673013964.
[I 2025-04-08 00:15:34,828] Trial 156 finished with value: 0.8208605580069623 and parameters: {'lambda_l1': 0.0011787211676357078, 'lambda_l2': 3.921305284532493, 'num_leaves': 41, 'feature_fraction': 0.5487606573384191, 'bagging_fraction': 0.8242072691665542, 'bagging_freq': 4, 'min_child_samples': 85}. Best is trial 72 with value: 0.8216574673013964.
[I 2025-04-08 00:15:36,616] Trial 157 finished with value: 0.8198126387153575 and parameters: {'lambda_l1': 0.004599638936529038, 'lambda_l2': 4.812451044177194, 'num_leaves': 48, 'feature_fraction': 0.5491312757036383, 'bagging_fraction': 0.8227708539805411, 'bagging_freq': 4, 'min_child_samples': 76}. Best is trial 72 with value: 0.8216574673013964.
[I 2025-04-08 00:15:38,259] Trial 158 finished with value: 0.8189743454568139 and parameters: {'lambda_l1': 0.0018059328817978978, 'lambda_l2': 18.98639154369133, 'num_leaves': 41, 'feature_fraction': 0.5790083466916379, 'bagging_fraction': 0.8910129222713951, 'bagging_freq': 9, 'min_child_samples': 83}. Best is trial 72 with value: 0.8216574673013964.
[I 2025-04-08 00:15:40,319] Trial 159 finished with value: 0.8192257772013896 and parameters: {'lambda_l1': 0.0008717596059928706, 'lambda_l2': 4.979815041322127e-07, 'num_leaves': 53, 'feature_fraction': 0.5057239389285422, 'bagging_fraction': 0.8366375233822402, 'bagging_freq': 11, 'min_child_samples': 86}. Best is trial 72 with value: 0.8216574673013964.
[I 2025-04-08 00:15:42,509] Trial 160 finished with value: 0.8194774549652848 and parameters: {'lambda_l1': 0.008238912463580411, 'lambda_l2': 9.597617074384209, 'num_leaves': 45, 'feature_fraction': 0.5388785779037742, 'bagging_fraction': 0.8778102866361407, 'bagging_freq': 2, 'min_child_samples': 72}. Best is trial 72 with value: 0.8216574673013964.
[I 2025-04-08 00:15:44,010] Trial 161 finished with value: 0.8193097225077803 and parameters: {'lambda_l1': 8.804463113135608e-05, 'lambda_l2': 3.2572534325923943, 'num_leaves': 34, 'feature_fraction': 0.5231929167386854, 'bagging_fraction': 0.8133836115124181, 'bagging_freq': 4, 'min_child_samples': 81}. Best is trial 72 with value: 0.8216574673013964.
[I 2025-04-08 00:15:45,578] Trial 162 finished with value: 0.8193520026851251 and parameters: {'lambda_l1': 0.0011536660725946803, 'lambda_l2': 1.9326142291800301, 'num_leaves': 39, 'feature_fraction': 0.5594412934985473, 'bagging_fraction': 0.767929261527516, 'bagging_freq': 5, 'min_child_samples': 88}. Best is trial 72 with value: 0.8216574673013964.
[I 2025-04-08 00:15:46,958] Trial 163 finished with value: 0.8197709560135029 and parameters: {'lambda_l1': 2.96693256439612e-09, 'lambda_l2': 1.2763797705879145, 'num_leaves': 31, 'feature_fraction': 0.4955607717706503, 'bagging_fraction': 0.8547180631902788, 'bagging_freq': 4, 'min_child_samples': 74}. Best is trial 72 with value: 0.8216574673013964.
[I 2025-04-08 00:15:48,471] Trial 164 finished with value: 0.819896548876131 and parameters: {'lambda_l1': 2.6164553916077217e-05, 'lambda_l2': 6.193686848593497, 'num_leaves': 36, 'feature_fraction': 0.5179564844753517, 'bagging_fraction': 0.784964964322659, 'bagging_freq': 3, 'min_child_samples': 92}. Best is trial 72 with value: 0.8216574673013964.
[I 2025-04-08 00:15:49,913] Trial 165 finished with value: 0.8206932472968628 and parameters: {'lambda_l1': 1.0192640536778283e-09, 'lambda_l2': 29.33449519880453, 'num_leaves': 29, 'feature_fraction': 0.531034210573666, 'bagging_fraction': 0.8257894429954414, 'bagging_freq': 4, 'min_child_samples': 114}. Best is trial 72 with value: 0.8216574673013964.
[I 2025-04-08 00:15:51,280] Trial 166 finished with value: 0.81868091469983 and parameters: {'lambda_l1': 1.0566200820905945e-09, 'lambda_l2': 32.096184005543094, 'num_leaves': 28, 'feature_fraction': 0.5441553142447797, 'bagging_fraction': 0.8274055339256527, 'bagging_freq': 3, 'min_child_samples': 115}. Best is trial 72 with value: 0.8216574673013964.
[I 2025-04-08 00:15:53,466] Trial 167 finished with value: 0.8203157833694454 and parameters: {'lambda_l1': 1.555788962067562e-09, 'lambda_l2': 13.591873576822582, 'num_leaves': 30, 'feature_fraction': 0.6237093457510287, 'bagging_fraction': 0.8408999310678288, 'bagging_freq': 1, 'min_child_samples': 119}. Best is trial 72 with value: 0.8216574673013964.
[I 2025-04-08 00:15:55,436] Trial 168 finished with value: 0.8208609446087503 and parameters: {'lambda_l1': 2.2836211519893458e-09, 'lambda_l2': 24.684555077820153, 'num_leaves': 41, 'feature_fraction': 0.5663799939416154, 'bagging_fraction': 0.966636171966229, 'bagging_freq': 5, 'min_child_samples': 128}. Best is trial 72 with value: 0.8216574673013964.
[I 2025-04-08 00:15:57,324] Trial 169 finished with value: 0.8193936150957455 and parameters: {'lambda_l1': 2.2058850641411346e-09, 'lambda_l2': 52.45564844296064, 'num_leaves': 41, 'feature_fraction': 0.5702625317736237, 'bagging_fraction': 0.9840182247947752, 'bagging_freq': 6, 'min_child_samples': 122}. Best is trial 72 with value: 0.8216574673013964.
[I 2025-04-08 00:15:59,337] Trial 170 finished with value: 0.8198127265794002 and parameters: {'lambda_l1': 4.215120371412499e-09, 'lambda_l2': 26.04228431083265, 'num_leaves': 45, 'feature_fraction': 0.5872686408188841, 'bagging_fraction': 0.9680954956442823, 'bagging_freq': 5, 'min_child_samples': 127}. Best is trial 72 with value: 0.8216574673013964.
[I 2025-04-08 00:16:01,009] Trial 171 finished with value: 0.820567601715809 and parameters: {'lambda_l1': 7.109267653977601e-09, 'lambda_l2': 17.377325229342645, 'num_leaves': 38, 'feature_fraction': 0.5506944989747462, 'bagging_fraction': 0.9636593127770527, 'bagging_freq': 4, 'min_child_samples': 79}. Best is trial 72 with value: 0.8216574673013964.
[I 2025-04-08 00:16:03,458] Trial 172 finished with value: 0.8200642813336355 and parameters: {'lambda_l1': 5.918230468088721e-09, 'lambda_l2': 20.777520779799378, 'num_leaves': 39, 'feature_fraction': 0.555902565143869, 'bagging_fraction': 0.9595432954869431, 'bagging_freq': 4, 'min_child_samples': 111}. Best is trial 72 with value: 0.8216574673013964.
[I 2025-04-08 00:16:05,214] Trial 173 finished with value: 0.8202320665095657 and parameters: {'lambda_l1': 1.0259714101621233e-09, 'lambda_l2': 38.1558740219704, 'num_leaves': 42, 'feature_fraction': 0.5340363438843511, 'bagging_fraction': 0.9984417980657933, 'bagging_freq': 4, 'min_child_samples': 124}. Best is trial 72 with value: 0.8216574673013964.
[I 2025-04-08 00:16:07,053] Trial 174 finished with value: 0.820022299894036 and parameters: {'lambda_l1': 2.5922553722799167e-09, 'lambda_l2': 10.53476356706054, 'num_leaves': 38, 'feature_fraction': 0.5694761822430775, 'bagging_fraction': 0.862327623534297, 'bagging_freq': 5, 'min_child_samples': 107}. Best is trial 72 with value: 0.8216574673013964.
[I 2025-04-08 00:16:08,991] Trial 175 finished with value: 0.8167941222469999 and parameters: {'lambda_l1': 6.868290654096753e-09, 'lambda_l2': 98.78044545167909, 'num_leaves': 48, 'feature_fraction': 0.5511757366595913, 'bagging_fraction': 0.979882308282513, 'bagging_freq': 4, 'min_child_samples': 118}. Best is trial 72 with value: 0.8216574673013964.
[I 2025-04-08 00:16:10,570] Trial 176 finished with value: 0.8206092141264294 and parameters: {'lambda_l1': 0.0005484508827447419, 'lambda_l2': 17.29621786167888, 'num_leaves': 33, 'feature_fraction': 0.6093360170067126, 'bagging_fraction': 0.48591827783682706, 'bagging_freq': 5, 'min_child_samples': 79}. Best is trial 72 with value: 0.8216574673013964.
[I 2025-04-08 00:16:12,278] Trial 177 finished with value: 0.8194356141081537 and parameters: {'lambda_l1': 0.0006119336953564886, 'lambda_l2': 15.741560415468207, 'num_leaves': 33, 'feature_fraction': 0.5990889506184877, 'bagging_fraction': 0.9447036959216277, 'bagging_freq': 6, 'min_child_samples': 77}. Best is trial 72 with value: 0.8216574673013964.
[I 2025-04-08 00:16:14,170] Trial 178 finished with value: 0.8157043620982636 and parameters: {'lambda_l1': 0.0002449382216781756, 'lambda_l2': 52.97956769189606, 'num_leaves': 29, 'feature_fraction': 0.5606010154521374, 'bagging_fraction': 0.539357528617342, 'bagging_freq': 5, 'min_child_samples': 128}. Best is trial 72 with value: 0.8216574673013964.
[I 2025-04-08 00:16:15,925] Trial 179 finished with value: 0.8185131646695171 and parameters: {'lambda_l1': 0.00046083566666055357, 'lambda_l2': 6.993629574024374, 'num_leaves': 36, 'feature_fraction': 0.582513707677748, 'bagging_fraction': 0.967429083673935, 'bagging_freq': 5, 'min_child_samples': 79}. Best is trial 72 with value: 0.8216574673013964.
[I 2025-04-08 00:16:17,196] Trial 180 finished with value: 0.8163332226246396 and parameters: {'lambda_l1': 1.7846797032389584e-09, 'lambda_l2': 27.72406921297882, 'num_leaves': 32, 'feature_fraction': 0.5407337055389532, 'bagging_fraction': 0.40758830495292375, 'bagging_freq': 5, 'min_child_samples': 112}. Best is trial 72 with value: 0.8216574673013964.
[I 2025-04-08 00:16:19,109] Trial 181 finished with value: 0.8196869404158782 and parameters: {'lambda_l1': 4.2076100715542515e-09, 'lambda_l2': 12.789791216195681, 'num_leaves': 43, 'feature_fraction': 0.6050302327920627, 'bagging_fraction': 0.44597327504005485, 'bagging_freq': 4, 'min_child_samples': 85}. Best is trial 72 with value: 0.8216574673013964.
[I 2025-04-08 00:16:20,912] Trial 182 finished with value: 0.8184711129386832 and parameters: {'lambda_l1': 0.0001459035908265921, 'lambda_l2': 21.749242312759304, 'num_leaves': 38, 'feature_fraction': 0.6858716396481779, 'bagging_fraction': 0.6439426964510961, 'bagging_freq': 3, 'min_child_samples': 80}. Best is trial 72 with value: 0.8216574673013964.
