[I 2025-04-08 21:28:25,092] Trial 409 finished with value: 0.7674919033284657 and parameters: {'max_depth': 25, 'learning_rate': 0.032463649712532225, 'n_estimators': 184, 'gamma': 0.27613063563436596, 'min_child_weight': 3, 'subsample': 0.9366420917615265, 'colsample_bytree': 0.6653411856432013}. Best is trial 127 with value: 0.7953293583640418.
[I 2025-04-08 21:28:26,422] Trial 410 finished with value: 0.7947844431440567 and parameters: {'max_depth': 26, 'learning_rate': 0.804006542638936, 'n_estimators': 155, 'gamma': 0.25328074626604524, 'min_child_weight': 4, 'subsample': 0.9579770952183051, 'colsample_bytree': 0.5950972602523243}. Best is trial 127 with value: 0.7953293583640418.
[I 2025-04-08 21:28:27,208] Trial 411 finished with value: 0.7945330113994808 and parameters: {'max_depth': 24, 'learning_rate': 0.6907458125586515, 'n_estimators': 173, 'gamma': 0.32530899673548797, 'min_child_weight': 6, 'subsample': 0.9792279104714626, 'colsample_bytree': 0.7640850533186797}. Best is trial 127 with value: 0.7953293583640418.
[I 2025-04-08 21:28:28,032] Trial 412 finished with value: 0.7938200825570545 and parameters: {'max_depth': 13, 'learning_rate': 0.9931173202996296, 'n_estimators': 166, 'gamma': 0.24296357347723077, 'min_child_weight': 4, 'subsample': 0.968702345595033, 'colsample_bytree': 0.7407703635562891}. Best is trial 127 with value: 0.7953293583640418.
[I 2025-04-08 21:28:28,894] Trial 413 finished with value: 0.7944071549447248 and parameters: {'max_depth': 26, 'learning_rate': 0.537907557287805, 'n_estimators': 177, 'gamma': 0.2281633057461423, 'min_child_weight': 7, 'subsample': 0.9991605704391101, 'colsample_bytree': 0.658601366077969}. Best is trial 127 with value: 0.7953293583640418.
[I 2025-04-08 21:28:29,701] Trial 414 finished with value: 0.7945329059626297 and parameters: {'max_depth': 16, 'learning_rate': 0.6815247442770588, 'n_estimators': 159, 'gamma': 0.18355634131515458, 'min_child_weight': 4, 'subsample': 0.9858372317608742, 'colsample_bytree': 0.7173235519254934}. Best is trial 127 with value: 0.7953293583640418.
[I 2025-04-08 21:28:30,644] Trial 415 finished with value: 0.7944908542317959 and parameters: {'max_depth': 14, 'learning_rate': 0.8080485643057498, 'n_estimators': 184, 'gamma': 0.2708177844604509, 'min_child_weight': 3, 'subsample': 0.9553089984030151, 'colsample_bytree': 0.7542727226039534}. Best is trial 127 with value: 0.7953293583640418.
[I 2025-04-08 21:28:31,568] Trial 416 finished with value: 0.7944490836658986 and parameters: {'max_depth': 25, 'learning_rate': 0.5617095962997058, 'n_estimators': 150, 'gamma': 0.21113128873292097, 'min_child_weight': 4, 'subsample': 0.9660168089926472, 'colsample_bytree': 0.7751590052390017}. Best is trial 127 with value: 0.7953293583640418.
[I 2025-04-08 21:28:32,495] Trial 417 finished with value: 0.7944072076631503 and parameters: {'max_depth': 24, 'learning_rate': 0.8033987866271383, 'n_estimators': 170, 'gamma': 0.28505606780735143, 'min_child_weight': 6, 'subsample': 0.9464488113594975, 'colsample_bytree': 0.6436778311237265}. Best is trial 127 with value: 0.7953293583640418.
[I 2025-04-08 21:28:33,281] Trial 418 finished with value: 0.7946166403953179 and parameters: {'max_depth': 24, 'learning_rate': 0.9906946991136266, 'n_estimators': 173, 'gamma': 0.25895216498595197, 'min_child_weight': 4, 'subsample': 0.9763554796488044, 'colsample_bytree': 0.6117594808705573}. Best is trial 127 with value: 0.7953293583640418.
[I 2025-04-08 21:28:34,147] Trial 419 finished with value: 0.7941556353361063 and parameters: {'max_depth': 26, 'learning_rate': 0.6356418094196534, 'n_estimators': 164, 'gamma': 0.31531763120196976, 'min_child_weight': 4, 'subsample': 0.9891255228380071, 'colsample_bytree': 0.7958133793801282}. Best is trial 127 with value: 0.7953293583640418.
[I 2025-04-08 21:28:35,257] Trial 420 finished with value: 0.7942394927784543 and parameters: {'max_depth': 25, 'learning_rate': 0.4735723677304648, 'n_estimators': 181, 'gamma': 0.27626860833148964, 'min_child_weight': 6, 'subsample': 0.9285465682426708, 'colsample_bytree': 0.6961709431217202}. Best is trial 127 with value: 0.7953293583640418.
[I 2025-04-08 21:28:36,132] Trial 421 finished with value: 0.7942813336355856 and parameters: {'max_depth': 25, 'learning_rate': 0.7993666658261258, 'n_estimators': 176, 'gamma': 0.24865105902710316, 'min_child_weight': 4, 'subsample': 0.9628306578164647, 'colsample_bytree': 0.6552072581624208}. Best is trial 127 with value: 0.7953293583640418.
[I 2025-04-08 21:28:37,629] Trial 422 finished with value: 0.7947005329832829 and parameters: {'max_depth': 24, 'learning_rate': 0.9933702364886505, 'n_estimators': 185, 'gamma': 0.33342519729424397, 'min_child_weight': 3, 'subsample': 0.938739226905672, 'colsample_bytree': 0.6727892023398034}. Best is trial 127 with value: 0.7953293583640418.
[I 2025-04-08 21:28:38,547] Trial 423 finished with value: 0.7948682654407875 and parameters: {'max_depth': 26, 'learning_rate': 0.6581712408192065, 'n_estimators': 217, 'gamma': 0.29100841771304775, 'min_child_weight': 4, 'subsample': 0.9819595186952574, 'colsample_bytree': 0.6377866013752034}. Best is trial 127 with value: 0.7953293583640418.
[I 2025-04-08 21:28:39,474] Trial 424 finished with value: 0.7947844958624823 and parameters: {'max_depth': 23, 'learning_rate': 0.4141208008782223, 'n_estimators': 168, 'gamma': 0.2289551857661586, 'min_child_weight': 7, 'subsample': 0.9996246191432091, 'colsample_bytree': 0.7267137166082456}. Best is trial 127 with value: 0.7953293583640418.
[I 2025-04-08 21:28:40,483] Trial 425 finished with value: 0.7940717603209498 and parameters: {'max_depth': 25, 'learning_rate': 0.32263518758969206, 'n_estimators': 145, 'gamma': 0.26435292749058537, 'min_child_weight': 4, 'subsample': 0.9694985093473691, 'colsample_bytree': 0.6853671938201215}. Best is trial 127 with value: 0.7953293583640418.
[I 2025-04-08 21:28:41,362] Trial 426 finished with value: 0.7948263718652306 and parameters: {'max_depth': 24, 'learning_rate': 0.5398905877264442, 'n_estimators': 155, 'gamma': 0.3030187935291847, 'min_child_weight': 4, 'subsample': 0.9539112681729379, 'colsample_bytree': 0.7444187031693018}. Best is trial 127 with value: 0.7953293583640418.
[I 2025-04-08 21:28:42,504] Trial 427 finished with value: 0.7936105092424186 and parameters: {'max_depth': 26, 'learning_rate': 0.9987919208922896, 'n_estimators': 178, 'gamma': 0.35204884838067413, 'min_child_weight': 6, 'subsample': 0.910999262732835, 'colsample_bytree': 0.7076893497558642}. Best is trial 127 with value: 0.7953293583640418.
[I 2025-04-08 21:28:43,213] Trial 428 finished with value: 0.7950359451798664 and parameters: {'max_depth': 17, 'learning_rate': 0.710626128641647, 'n_estimators': 160, 'gamma': 0.20000414699490593, 'min_child_weight': 4, 'subsample': 0.9860114764612931, 'colsample_bytree': 0.9685159239612302}. Best is trial 127 with value: 0.7953293583640418.
[I 2025-04-08 21:28:43,952] Trial 429 finished with value: 0.7944491012387072 and parameters: {'max_depth': 16, 'learning_rate': 0.7685856943616407, 'n_estimators': 158, 'gamma': 0.16784951494902375, 'min_child_weight': 4, 'subsample': 0.9907656195366598, 'colsample_bytree': 0.9883946483655959}. Best is trial 127 with value: 0.7953293583640418.
[I 2025-04-08 21:28:44,783] Trial 430 finished with value: 0.7942813512083943 and parameters: {'max_depth': 17, 'learning_rate': 0.6834478415108901, 'n_estimators': 152, 'gamma': 0.19735810882806581, 'min_child_weight': 4, 'subsample': 0.9863863290212138, 'colsample_bytree': 0.6246715734864432}. Best is trial 127 with value: 0.7953293583640418.
[I 2025-04-08 21:28:45,597] Trial 431 finished with value: 0.7943232799295681 and parameters: {'max_depth': 17, 'learning_rate': 0.830051477221298, 'n_estimators': 162, 'gamma': 0.20081319646481652, 'min_child_weight': 4, 'subsample': 0.9786725669245433, 'colsample_bytree': 0.9604745770923686}. Best is trial 127 with value: 0.7953293583640418.
[I 2025-04-08 21:28:48,311] Trial 432 finished with value: 0.7944071373719163 and parameters: {'max_depth': 17, 'learning_rate': 0.5271780014984977, 'n_estimators': 164, 'gamma': 0.1836069408207503, 'min_child_weight': 4, 'subsample': 0.7987180697084646, 'colsample_bytree': 0.9642189480376373}. Best is trial 127 with value: 0.7953293583640418.
[I 2025-04-08 21:28:49,078] Trial 433 finished with value: 0.7944489958018559 and parameters: {'max_depth': 16, 'learning_rate': 0.8081371311121645, 'n_estimators': 169, 'gamma': 0.21634976090943162, 'min_child_weight': 4, 'subsample': 0.9869326214017311, 'colsample_bytree': 0.990679970521922}. Best is trial 127 with value: 0.7953293583640418.
[I 2025-04-08 21:28:50,856] Trial 434 finished with value: 0.7942394049144117 and parameters: {'max_depth': 27, 'learning_rate': 0.6350286459792654, 'n_estimators': 157, 'gamma': 0.1931028166295251, 'min_child_weight': 4, 'subsample': 0.9199803481711881, 'colsample_bytree': 0.665581297038482}. Best is trial 127 with value: 0.7953293583640418.
[I 2025-04-08 21:28:52,004] Trial 435 finished with value: 0.7947425495684997 and parameters: {'max_depth': 15, 'learning_rate': 0.426706840827886, 'n_estimators': 172, 'gamma': 0.20806494216772717, 'min_child_weight': 4, 'subsample': 0.9737036316244112, 'colsample_bytree': 0.6511814846842758}. Best is trial 127 with value: 0.7953293583640418.
[I 2025-04-08 21:28:52,711] Trial 436 finished with value: 0.7944909069502215 and parameters: {'max_depth': 18, 'learning_rate': 0.8323189672221083, 'n_estimators': 227, 'gamma': 0.3244835368927374, 'min_child_weight': 4, 'subsample': 0.9937102750186338, 'colsample_bytree': 0.6742366544966721}. Best is trial 127 with value: 0.7953293583640418.
[I 2025-04-08 21:28:53,677] Trial 437 finished with value: 0.7938201879939057 and parameters: {'max_depth': 16, 'learning_rate': 0.5786938941801625, 'n_estimators': 162, 'gamma': 0.14251577672699506, 'min_child_weight': 3, 'subsample': 0.9599224161408324, 'colsample_bytree': 0.9694073692004104}. Best is trial 127 with value: 0.7953293583640418.
[I 2025-04-08 21:28:54,723] Trial 438 finished with value: 0.7942392291863263 and parameters: {'max_depth': 25, 'learning_rate': 0.9988050038425939, 'n_estimators': 152, 'gamma': 0.22444343567852787, 'min_child_weight': 4, 'subsample': 0.9440360258008279, 'colsample_bytree': 0.9777766520846644}. Best is trial 127 with value: 0.7953293583640418.
[I 2025-04-08 21:28:55,501] Trial 439 finished with value: 0.7941556177632978 and parameters: {'max_depth': 18, 'learning_rate': 0.686898460924071, 'n_estimators': 167, 'gamma': 0.17349650011574796, 'min_child_weight': 4, 'subsample': 0.9801111203284908, 'colsample_bytree': 0.9792265592720288}. Best is trial 127 with value: 0.7953293583640418.
[I 2025-04-08 21:28:58,169] Trial 440 finished with value: 0.79319132746753 and parameters: {'max_depth': 27, 'learning_rate': 0.4719233887037113, 'n_estimators': 148, 'gamma': 0.2090730020067442, 'min_child_weight': 6, 'subsample': 0.5008782649413521, 'colsample_bytree': 0.8477069750101289}. Best is trial 127 with value: 0.7953293583640418.
[I 2025-04-08 21:28:58,873] Trial 441 finished with value: 0.7943233150751853 and parameters: {'max_depth': 26, 'learning_rate': 0.9957234216366885, 'n_estimators': 176, 'gamma': 0.24007795578615487, 'min_child_weight': 4, 'subsample': 0.9992670530163139, 'colsample_bytree': 0.9518412223360511}. Best is trial 127 with value: 0.7953293583640418.
[I 2025-04-08 21:28:59,823] Trial 442 finished with value: 0.7946587272717688 and parameters: {'max_depth': 17, 'learning_rate': 0.7024773128312684, 'n_estimators': 160, 'gamma': 0.30971531835470617, 'min_child_weight': 4, 'subsample': 0.9328111631081718, 'colsample_bytree': 0.702818952543781}. Best is trial 127 with value: 0.7953293583640418.
[I 2025-04-08 21:29:00,631] Trial 443 finished with value: 0.7951198377678316 and parameters: {'max_depth': 14, 'learning_rate': 0.8083157353167003, 'n_estimators': 173, 'gamma': 0.33281930623472883, 'min_child_weight': 3, 'subsample': 0.9679918540371306, 'colsample_bytree': 0.9945761990263108}. Best is trial 127 with value: 0.7953293583640418.
[I 2025-04-08 21:29:02,918] Trial 444 finished with value: 0.6377394866279713 and parameters: {'max_depth': 14, 'learning_rate': 2.827758754975602e-05, 'n_estimators': 172, 'gamma': 0.3415567428662397, 'min_child_weight': 3, 'subsample': 0.9034466823807004, 'colsample_bytree': 0.996478835776588}. Best is trial 127 with value: 0.7953293583640418.
[I 2025-04-08 21:29:03,617] Trial 445 finished with value: 0.7947423738404144 and parameters: {'max_depth': 15, 'learning_rate': 0.9993296114278425, 'n_estimators': 180, 'gamma': 0.33194213716774973, 'min_child_weight': 3, 'subsample': 0.9654643666483724, 'colsample_bytree': 0.9962646840897834}. Best is trial 127 with value: 0.7953293583640418.
[I 2025-04-08 21:29:05,642] Trial 446 finished with value: 0.794533011399481 and parameters: {'max_depth': 14, 'learning_rate': 0.8001623785769818, 'n_estimators': 172, 'gamma': 0.3654636879287328, 'min_child_weight': 3, 'subsample': 0.6976549356033298, 'colsample_bytree': 0.9850512691995573}. Best is trial 127 with value: 0.7953293583640418.
[I 2025-04-08 21:29:06,507] Trial 447 finished with value: 0.7949522458927953 and parameters: {'max_depth': 14, 'learning_rate': 0.5775461408376431, 'n_estimators': 167, 'gamma': 0.3461137425324129, 'min_child_weight': 3, 'subsample': 0.9473229767385872, 'colsample_bytree': 0.9791233204161619}. Best is trial 127 with value: 0.7953293583640418.
[I 2025-04-08 21:29:07,435] Trial 448 finished with value: 0.7939040454362537 and parameters: {'max_depth': 14, 'learning_rate': 0.5282631702299456, 'n_estimators': 168, 'gamma': 0.3520733506734312, 'min_child_weight': 3, 'subsample': 0.9488157589135275, 'colsample_bytree': 0.9712877768205244}. Best is trial 127 with value: 0.7953293583640418.
[I 2025-04-08 21:29:09,060] Trial 449 finished with value: 0.7945329938266724 and parameters: {'max_depth': 12, 'learning_rate': 0.3813303953867135, 'n_estimators': 166, 'gamma': 0.19063295266037666, 'min_child_weight': 3, 'subsample': 0.9363254243873038, 'colsample_bytree': 0.975131311122929}. Best is trial 127 with value: 0.7953293583640418.
[I 2025-04-08 21:29:09,935] Trial 450 finished with value: 0.7946587272717688 and parameters: {'max_depth': 13, 'learning_rate': 0.5998209330747836, 'n_estimators': 167, 'gamma': 0.3294727571616482, 'min_child_weight': 3, 'subsample': 0.9500420644841053, 'colsample_bytree': 0.9911556446399683}. Best is trial 127 with value: 0.7953293583640418.
[I 2025-04-08 21:29:12,125] Trial 451 finished with value: 0.7933587963329064 and parameters: {'max_depth': 14, 'learning_rate': 0.8120688914905412, 'n_estimators': 162, 'gamma': 0.23002716639669557, 'min_child_weight': 3, 'subsample': 0.5539264476704955, 'colsample_bytree': 0.9967758367320506}. Best is trial 127 with value: 0.7953293583640418.
[I 2025-04-08 21:29:13,475] Trial 452 finished with value: 0.7941975289116632 and parameters: {'max_depth': 18, 'learning_rate': 0.494214325493034, 'n_estimators': 174, 'gamma': 0.3577733719502591, 'min_child_weight': 3, 'subsample': 0.9250868037336155, 'colsample_bytree': 0.9983215430578914}. Best is trial 127 with value: 0.7953293583640418.
[I 2025-04-08 21:29:14,487] Trial 453 finished with value: 0.794239510351263 and parameters: {'max_depth': 13, 'learning_rate': 0.8356460159613508, 'n_estimators': 171, 'gamma': 0.31885606312684245, 'min_child_weight': 3, 'subsample': 0.9403612603090629, 'colsample_bytree': 0.9833635399713223}. Best is trial 127 with value: 0.7953293583640418.
[I 2025-04-08 21:29:15,751] Trial 454 finished with value: 0.7941556177632977 and parameters: {'max_depth': 13, 'learning_rate': 0.26891147199584065, 'n_estimators': 164, 'gamma': 0.24907298146550952, 'min_child_weight': 3, 'subsample': 0.9541115635778508, 'colsample_bytree': 0.967599464966308}. Best is trial 127 with value: 0.7953293583640418.
[I 2025-04-08 21:29:16,821] Trial 455 finished with value: 0.7944909596686471 and parameters: {'max_depth': 14, 'learning_rate': 0.6334261272038715, 'n_estimators': 184, 'gamma': 0.3749447829246932, 'min_child_weight': 3, 'subsample': 0.9208475865503087, 'colsample_bytree': 0.9885982061422298}. Best is trial 127 with value: 0.7953293583640418.
[I 2025-04-08 21:29:17,631] Trial 456 finished with value: 0.7944490836658986 and parameters: {'max_depth': 15, 'learning_rate': 0.8226659835084364, 'n_estimators': 176, 'gamma': 0.3498965080738004, 'min_child_weight': 3, 'subsample': 0.9304762429774089, 'colsample_bytree': 0.9439345888430887}. Best is trial 127 with value: 0.7953293583640418.
[I 2025-04-08 21:29:19,104] Trial 457 finished with value: 0.7939878853057933 and parameters: {'max_depth': 15, 'learning_rate': 0.36755736280013795, 'n_estimators': 180, 'gamma': 0.2421626350657864, 'min_child_weight': 3, 'subsample': 0.960608708745078, 'colsample_bytree': 0.6598382615174333}. Best is trial 127 with value: 0.7953293583640418.
[I 2025-04-08 21:29:20,412] Trial 458 finished with value: 0.7943232975023767 and parameters: {'max_depth': 13, 'learning_rate': 0.5724727247019438, 'n_estimators': 159, 'gamma': 0.2124334131453791, 'min_child_weight': 7, 'subsample': 0.9400853368738991, 'colsample_bytree': 0.9759020145304852}. Best is trial 127 with value: 0.7953293583640418.
[I 2025-04-08 21:29:21,591] Trial 459 finished with value: 0.7939458687205765 and parameters: {'max_depth': 14, 'learning_rate': 0.6902404347216573, 'n_estimators': 170, 'gamma': 0.3239612200499979, 'min_child_weight': 3, 'subsample': 0.8868122304920669, 'colsample_bytree': 0.9829417065018567}. Best is trial 127 with value: 0.7953293583640418.
[I 2025-04-08 21:29:22,431] Trial 460 finished with value: 0.7948683357320216 and parameters: {'max_depth': 15, 'learning_rate': 0.4676493535393205, 'n_estimators': 187, 'gamma': 0.21998099653983602, 'min_child_weight': 6, 'subsample': 0.9887323758819521, 'colsample_bytree': 0.9831392232038597}. Best is trial 127 with value: 0.7953293583640418.
[I 2025-04-08 21:29:23,068] Trial 461 finished with value: 0.7946587799901943 and parameters: {'max_depth': 16, 'learning_rate': 0.9844962774580377, 'n_estimators': 173, 'gamma': 0.3443585646611665, 'min_child_weight': 3, 'subsample': 0.9696460942546855, 'colsample_bytree': 0.9790066897383625}. Best is trial 127 with value: 0.7953293583640418.
[I 2025-04-08 21:29:24,158] Trial 462 finished with value: 0.7946167458321691 and parameters: {'max_depth': 9, 'learning_rate': 0.7040717617048052, 'n_estimators': 178, 'gamma': 0.25696706238361133, 'min_child_weight': 4, 'subsample': 0.9128750779597545, 'colsample_bytree': 0.9345000437310095}. Best is trial 127 with value: 0.7953293583640418.
[I 2025-04-08 21:29:24,984] Trial 463 finished with value: 0.7937781889814975 and parameters: {'max_depth': 15, 'learning_rate': 0.8251962093342701, 'n_estimators': 163, 'gamma': 0.20103709047700563, 'min_child_weight': 3, 'subsample': 0.9571535553443057, 'colsample_bytree': 0.972312499797288}. Best is trial 127 with value: 0.7953293583640418.
[I 2025-04-08 21:29:25,830] Trial 464 finished with value: 0.7946166228225093 and parameters: {'max_depth': 11, 'learning_rate': 0.5644809632982721, 'n_estimators': 209, 'gamma': 0.28169446207237187, 'min_child_weight': 4, 'subsample': 0.95114361251059, 'colsample_bytree': 0.9695590570734739}. Best is trial 127 with value: 0.7953293583640418.
[I 2025-04-08 21:29:26,436] Trial 465 finished with value: 0.7950360506167178 and parameters: {'max_depth': 14, 'learning_rate': 0.9853919819888319, 'n_estimators': 183, 'gamma': 0.23639546841581346, 'min_child_weight': 4, 'subsample': 0.9996592586719801, 'colsample_bytree': 0.9611468784964885}. Best is trial 127 with value: 0.7953293583640418.
[I 2025-04-08 21:29:27,075] Trial 466 finished with value: 0.7945328180985869 and parameters: {'max_depth': 13, 'learning_rate': 0.8279482667480218, 'n_estimators': 185, 'gamma': 0.23595373746626505, 'min_child_weight': 4, 'subsample': 0.9990107981981577, 'colsample_bytree': 0.9962569530380156}. Best is trial 127 with value: 0.7953293583640418.
[I 2025-04-08 21:29:27,710] Trial 467 finished with value: 0.7947426022869253 and parameters: {'max_depth': 14, 'learning_rate': 0.9949361676306091, 'n_estimators': 191, 'gamma': 0.22784218428680633, 'min_child_weight': 4, 'subsample': 0.9997945004208589, 'colsample_bytree': 0.5847635751789528}. Best is trial 127 with value: 0.7953293583640418.
[I 2025-04-08 21:29:32,849] Trial 468 finished with value: 0.7940297788813502 and parameters: {'max_depth': 14, 'learning_rate': 0.9983286879986712, 'n_estimators': 181, 'gamma': 0.24553141918950075, 'min_child_weight': 4, 'subsample': 0.9911391858797414, 'colsample_bytree': 0.9696138074969355}. Best is trial 127 with value: 0.7953293583640418.
[I 2025-04-08 21:29:33,482] Trial 469 finished with value: 0.7942814214996282 and parameters: {'max_depth': 13, 'learning_rate': 0.828544240776013, 'n_estimators': 155, 'gamma': 0.22311603263358298, 'min_child_weight': 4, 'subsample': 0.9856799135885709, 'colsample_bytree': 0.9672707747084445}. Best is trial 127 with value: 0.7953293583640418.
[I 2025-04-08 21:29:34,379] Trial 470 finished with value: 0.7945328532442041 and parameters: {'max_depth': 15, 'learning_rate': 0.6802558416377139, 'n_estimators': 187, 'gamma': 0.2639296307016526, 'min_child_weight': 4, 'subsample': 0.982709733938569, 'colsample_bytree': 0.9597769879910797}. Best is trial 127 with value: 0.7953293583640418.
[I 2025-04-08 21:29:35,449] Trial 471 finished with value: 0.7919337118516292 and parameters: {'max_depth': 14, 'learning_rate': 0.15554029955342122, 'n_estimators': 167, 'gamma': 0.23603515527944816, 'min_child_weight': 4, 'subsample': 0.9995546366142607, 'colsample_bytree': 0.9823586375033044}. Best is trial 127 with value: 0.7953293583640418.
