[I 2025-04-08 01:13:06,115] Trial 91 finished with value: 0.8193095819253122 and parameters: {'lambda_l1': 0.0001653374853545755, 'lambda_l2': 0.0025853570099163225, 'num_leaves': 24, 'feature_fraction': 0.4113583999829837, 'bagging_fraction': 0.8130200833954322, 'bagging_freq': 14, 'min_child_samples': 104}. Best is trial 56 with value: 0.8194356492537708.
[I 2025-04-08 01:13:07,501] Trial 92 finished with value: 0.8189743278840054 and parameters: {'lambda_l1': 0.00013570985679668102, 'lambda_l2': 0.002792442523961729, 'num_leaves': 30, 'feature_fraction': 0.4437160592297105, 'bagging_fraction': 0.8493596921350552, 'bagging_freq': 13, 'min_child_samples': 104}. Best is trial 56 with value: 0.8194356492537708.
[I 2025-04-08 01:13:08,957] Trial 93 finished with value: 0.819016309323605 and parameters: {'lambda_l1': 0.00016908577532178184, 'lambda_l2': 0.0001777827716384725, 'num_leaves': 33, 'feature_fraction': 0.4602696899952837, 'bagging_fraction': 0.802715884934169, 'bagging_freq': 13, 'min_child_samples': 110}. Best is trial 56 with value: 0.8194356492537708.
[I 2025-04-08 01:13:10,464] Trial 94 finished with value: 0.8181778227641676 and parameters: {'lambda_l1': 6.848961449952201e-05, 'lambda_l2': 0.0001542904224930967, 'num_leaves': 36, 'feature_fraction': 0.45960884130375546, 'bagging_fraction': 0.7929902068961627, 'bagging_freq': 13, 'min_child_samples': 116}. Best is trial 56 with value: 0.8194356492537708.
[I 2025-04-08 01:13:12,242] Trial 95 finished with value: 0.8180521947559225 and parameters: {'lambda_l1': 0.00016842065039381085, 'lambda_l2': 5.9097361495469884e-05, 'num_leaves': 25, 'feature_fraction': 0.4455464497534499, 'bagging_fraction': 0.773669331853485, 'bagging_freq': 13, 'min_child_samples': 110}. Best is trial 56 with value: 0.8194356492537708.
[I 2025-04-08 01:13:13,375] Trial 96 finished with value: 0.81738131764433 and parameters: {'lambda_l1': 8.974329132343777e-07, 'lambda_l2': 0.0006028022709018193, 'num_leaves': 21, 'feature_fraction': 0.4139234124065167, 'bagging_fraction': 0.8394331687920042, 'bagging_freq': 14, 'min_child_samples': 104}. Best is trial 56 with value: 0.8194356492537708.
[I 2025-04-08 01:13:15,265] Trial 97 finished with value: 0.8196452401412151 and parameters: {'lambda_l1': 2.302409065414854e-05, 'lambda_l2': 1.3893570638672796e-05, 'num_leaves': 47, 'feature_fraction': 0.4736998324425574, 'bagging_fraction': 0.8510579661623329, 'bagging_freq': 14, 'min_child_samples': 113}. Best is trial 97 with value: 0.8196452401412151.
[I 2025-04-08 01:13:16,827] Trial 98 finished with value: 0.8186389156874221 and parameters: {'lambda_l1': 2.757573400506873e-05, 'lambda_l2': 4.996198550545461e-06, 'num_leaves': 46, 'feature_fraction': 0.4940898370159042, 'bagging_fraction': 0.8540701477270438, 'bagging_freq': 14, 'min_child_samples': 112}. Best is trial 97 with value: 0.8196452401412151.
[I 2025-04-08 01:13:19,986] Trial 99 finished with value: 0.8154529303536879 and parameters: {'lambda_l1': 4.362003446005187e-09, 'lambda_l2': 3.192025307979879e-05, 'num_leaves': 124, 'feature_fraction': 0.4750537838617766, 'bagging_fraction': 0.8085813647142086, 'bagging_freq': 12, 'min_child_samples': 122}. Best is trial 97 with value: 0.8196452401412151.
[I 2025-04-08 01:13:20,915] Trial 100 finished with value: 0.8163331874790224 and parameters: {'lambda_l1': 1.4225739883986125e-05, 'lambda_l2': 1.8475116325054168e-05, 'num_leaves': 16, 'feature_fraction': 0.5121067409678549, 'bagging_fraction': 0.8238542126690964, 'bagging_freq': 14, 'min_child_samples': 119}. Best is trial 97 with value: 0.8196452401412151.
[I 2025-04-08 01:13:22,689] Trial 101 finished with value: 0.8185132525335597 and parameters: {'lambda_l1': 0.0001387441422592755, 'lambda_l2': 1.3342795524440529e-05, 'num_leaves': 33, 'feature_fraction': 0.4403487381496145, 'bagging_fraction': 0.8737961114311437, 'bagging_freq': 15, 'min_child_samples': 107}. Best is trial 97 with value: 0.8196452401412151.
[I 2025-04-08 01:13:24,340] Trial 102 finished with value: 0.816626899400943 and parameters: {'lambda_l1': 0.000543287191840399, 'lambda_l2': 8.186081958619346e-05, 'num_leaves': 40, 'feature_fraction': 0.7546581087030546, 'bagging_fraction': 0.8570147474918159, 'bagging_freq': 14, 'min_child_samples': 96}. Best is trial 97 with value: 0.8196452401412151.
[I 2025-04-08 01:13:26,079] Trial 103 finished with value: 0.819100131620336 and parameters: {'lambda_l1': 0.0011106021071919036, 'lambda_l2': 0.0010251667511404997, 'num_leaves': 37, 'feature_fraction': 0.4597988707551942, 'bagging_fraction': 0.8392592791817638, 'bagging_freq': 13, 'min_child_samples': 103}. Best is trial 97 with value: 0.8196452401412151.
[I 2025-04-08 01:13:28,023] Trial 104 finished with value: 0.8175071565262776 and parameters: {'lambda_l1': 0.001297562962934051, 'lambda_l2': 0.0001993327938971086, 'num_leaves': 52, 'feature_fraction': 0.4625193261381769, 'bagging_fraction': 0.8013437540102272, 'bagging_freq': 13, 'min_child_samples': 102}. Best is trial 97 with value: 0.8196452401412151.
[I 2025-04-08 01:13:29,264] Trial 105 finished with value: 0.8191841472179607 and parameters: {'lambda_l1': 0.00024566192148230863, 'lambda_l2': 0.00042300358118949505, 'num_leaves': 27, 'feature_fraction': 0.4247327413634201, 'bagging_fraction': 0.8280579279206297, 'bagging_freq': 13, 'min_child_samples': 112}. Best is trial 97 with value: 0.8196452401412151.
[I 2025-04-08 01:13:30,385] Trial 106 finished with value: 0.8167944385575536 and parameters: {'lambda_l1': 0.0002994914437022211, 'lambda_l2': 0.0003461917956915818, 'num_leaves': 27, 'feature_fraction': 0.9923542203938136, 'bagging_fraction': 0.8410381036140742, 'bagging_freq': 13, 'min_child_samples': 109}. Best is trial 97 with value: 0.8196452401412151.
[I 2025-04-08 01:13:31,586] Trial 107 finished with value: 0.818177770045742 and parameters: {'lambda_l1': 0.002102480203679009, 'lambda_l2': 5.011743873398892e-07, 'num_leaves': 30, 'feature_fraction': 0.4243557464661807, 'bagging_fraction': 0.8239825693656415, 'bagging_freq': 13, 'min_child_samples': 113}. Best is trial 97 with value: 0.8196452401412151.
[I 2025-04-08 01:13:33,424] Trial 108 finished with value: 0.8156621697849615 and parameters: {'lambda_l1': 4.97119158349708e-05, 'lambda_l2': 2.5181368666849606e-06, 'num_leaves': 37, 'feature_fraction': 0.841645202737041, 'bagging_fraction': 0.761894486342459, 'bagging_freq': 13, 'min_child_samples': 100}. Best is trial 97 with value: 0.8196452401412151.
[I 2025-04-08 01:13:34,465] Trial 109 finished with value: 0.8180522474743481 and parameters: {'lambda_l1': 0.00012693039418796572, 'lambda_l2': 0.0009419299651505186, 'num_leaves': 23, 'feature_fraction': 0.4128055280633636, 'bagging_fraction': 0.7796224799813151, 'bagging_freq': 12, 'min_child_samples': 103}. Best is trial 97 with value: 0.8196452401412151.
[I 2025-04-08 01:13:36,019] Trial 110 finished with value: 0.8178005169920273 and parameters: {'lambda_l1': 0.0007794499674933338, 'lambda_l2': 5.465500984500761e-05, 'num_leaves': 43, 'feature_fraction': 0.40262476132575103, 'bagging_fraction': 0.8086712128418416, 'bagging_freq': 14, 'min_child_samples': 115}. Best is trial 97 with value: 0.8196452401412151.
[I 2025-04-08 01:13:37,312] Trial 111 finished with value: 0.8180520893190714 and parameters: {'lambda_l1': 0.00020644611845305378, 'lambda_l2': 0.0005217835853137658, 'num_leaves': 33, 'feature_fraction': 0.47805144097287, 'bagging_fraction': 0.857805819940367, 'bagging_freq': 12, 'min_child_samples': 111}. Best is trial 97 with value: 0.8196452401412151.
[I 2025-04-08 01:13:38,535] Trial 112 finished with value: 0.8188906988881686 and parameters: {'lambda_l1': 0.0003606275411896386, 'lambda_l2': 0.0016201126923452822, 'num_leaves': 31, 'feature_fraction': 0.4526798506539812, 'bagging_fraction': 0.8895694995276943, 'bagging_freq': 14, 'min_child_samples': 117}. Best is trial 97 with value: 0.8196452401412151.
[I 2025-04-08 01:13:39,704] Trial 113 finished with value: 0.818638985978656 and parameters: {'lambda_l1': 0.0004188737495737579, 'lambda_l2': 0.0022080142353410495, 'num_leaves': 28, 'feature_fraction': 0.4562715592221958, 'bagging_fraction': 0.8441463317112101, 'bagging_freq': 14, 'min_child_samples': 118}. Best is trial 97 with value: 0.8196452401412151.
[I 2025-04-08 01:13:40,637] Trial 114 finished with value: 0.816920435594778 and parameters: {'lambda_l1': 9.364485253397561e-05, 'lambda_l2': 0.003641448652955853, 'num_leaves': 19, 'feature_fraction': 0.44876494069876405, 'bagging_fraction': 0.831997474960265, 'bagging_freq': 13, 'min_child_samples': 108}. Best is trial 97 with value: 0.8196452401412151.
[I 2025-04-08 01:13:41,722] Trial 115 finished with value: 0.8184294478096372 and parameters: {'lambda_l1': 4.996189148031584e-06, 'lambda_l2': 0.006699702953876143, 'num_leaves': 25, 'feature_fraction': 0.43462554947757165, 'bagging_fraction': 0.8775801644470572, 'bagging_freq': 14, 'min_child_samples': 104}. Best is trial 97 with value: 0.8196452401412151.
[I 2025-04-08 01:13:43,887] Trial 116 finished with value: 0.8171297980357115 and parameters: {'lambda_l1': 6.3602128876841e-05, 'lambda_l2': 0.00013022779713877826, 'num_leaves': 47, 'feature_fraction': 0.42299861044335046, 'bagging_fraction': 0.8226011432351275, 'bagging_freq': 13, 'min_child_samples': 113}. Best is trial 97 with value: 0.8196452401412151.
[I 2025-04-08 01:13:45,178] Trial 117 finished with value: 0.8175070335166177 and parameters: {'lambda_l1': 2.698355608484523e-05, 'lambda_l2': 0.0015093929394073141, 'num_leaves': 32, 'feature_fraction': 0.4693728605055536, 'bagging_fraction': 0.8904237443328563, 'bagging_freq': 15, 'min_child_samples': 121}. Best is trial 97 with value: 0.8196452401412151.
[I 2025-04-08 01:13:52,959] Trial 118 finished with value: 0.8140693001277544 and parameters: {'lambda_l1': 0.003635607187728194, 'lambda_l2': 0.00028199578294693396, 'num_leaves': 107, 'feature_fraction': 0.4285851691676321, 'bagging_fraction': 0.8461706696029961, 'bagging_freq': 14, 'min_child_samples': 93}. Best is trial 97 with value: 0.8196452401412151.
[I 2025-04-08 01:13:54,747] Trial 119 finished with value: 0.8170461690398746 and parameters: {'lambda_l1': 0.0008833794456811388, 'lambda_l2': 7.426653566616937e-06, 'num_leaves': 36, 'feature_fraction': 0.6493703544175875, 'bagging_fraction': 0.8661382932490154, 'bagging_freq': 15, 'min_child_samples': 97}. Best is trial 97 with value: 0.8196452401412151.
[I 2025-04-08 01:13:56,093] Trial 120 finished with value: 0.8174234045207808 and parameters: {'lambda_l1': 0.0003353717450118038, 'lambda_l2': 0.0006192221780353679, 'num_leaves': 30, 'feature_fraction': 0.4096987615526284, 'bagging_fraction': 0.8061004686437276, 'bagging_freq': 14, 'min_child_samples': 110}. Best is trial 97 with value: 0.8196452401412151.
[I 2025-04-08 01:13:57,424] Trial 121 finished with value: 0.8189323464444056 and parameters: {'lambda_l1': 1.0052540227997956e-05, 'lambda_l2': 0.001199840188241914, 'num_leaves': 35, 'feature_fraction': 0.49379664707329174, 'bagging_fraction': 0.8884688046199426, 'bagging_freq': 13, 'min_child_samples': 116}. Best is trial 97 with value: 0.8196452401412151.
[I 2025-04-08 01:13:58,862] Trial 122 finished with value: 0.8170458527293206 and parameters: {'lambda_l1': 3.006149646446972e-06, 'lambda_l2': 0.002616111573469484, 'num_leaves': 40, 'feature_fraction': 0.48254841680741245, 'bagging_fraction': 0.8955178944149146, 'bagging_freq': 12, 'min_child_samples': 116}. Best is trial 97 with value: 0.8196452401412151.
[I 2025-04-08 01:14:00,292] Trial 123 finished with value: 0.8178004818464102 and parameters: {'lambda_l1': 1.7765001814077073e-05, 'lambda_l2': 0.0009235166808275577, 'num_leaves': 35, 'feature_fraction': 0.4519931804224485, 'bagging_fraction': 0.8753845946483829, 'bagging_freq': 13, 'min_child_samples': 105}. Best is trial 97 with value: 0.8196452401412151.
[I 2025-04-08 01:14:01,591] Trial 124 finished with value: 0.8190582556175876 and parameters: {'lambda_l1': 9.380281534580286e-06, 'lambda_l2': 0.004712554981230999, 'num_leaves': 26, 'feature_fraction': 0.46279278401116636, 'bagging_fraction': 0.8581552340637791, 'bagging_freq': 13, 'min_child_samples': 126}. Best is trial 97 with value: 0.8196452401412151.
[I 2025-04-08 01:14:02,749] Trial 125 finished with value: 0.8163752216370478 and parameters: {'lambda_l1': 9.371104980883748e-06, 'lambda_l2': 0.005231339384280292, 'num_leaves': 22, 'feature_fraction': 0.5000108353161117, 'bagging_fraction': 0.5155793254408692, 'bagging_freq': 12, 'min_child_samples': 128}. Best is trial 97 with value: 0.8196452401412151.
[I 2025-04-08 01:14:04,502] Trial 126 finished with value: 0.8175910139686255 and parameters: {'lambda_l1': 1.2244012639942525e-06, 'lambda_l2': 0.0020289074924498916, 'num_leaves': 26, 'feature_fraction': 0.4754846061846091, 'bagging_fraction': 0.859538384181812, 'bagging_freq': 13, 'min_child_samples': 118}. Best is trial 97 with value: 0.8196452401412151.
[I 2025-04-08 01:14:06,323] Trial 127 finished with value: 0.8172138136333362 and parameters: {'lambda_l1': 3.53043851020693e-05, 'lambda_l2': 0.0035184405028111623, 'num_leaves': 44, 'feature_fraction': 0.4639023682574325, 'bagging_fraction': 0.9080013192302113, 'bagging_freq': 11, 'min_child_samples': 114}. Best is trial 97 with value: 0.8196452401412151.
[I 2025-04-08 01:14:07,712] Trial 128 finished with value: 0.819058431345673 and parameters: {'lambda_l1': 0.00020584016794689602, 'lambda_l2': 0.010531706724203541, 'num_leaves': 30, 'feature_fraction': 0.4886077425541592, 'bagging_fraction': 0.8408205216616844, 'bagging_freq': 13, 'min_child_samples': 120}. Best is trial 97 with value: 0.8196452401412151.
[I 2025-04-08 01:14:08,544] Trial 129 finished with value: 0.81427887344239 and parameters: {'lambda_l1': 1.911651958726637e-06, 'lambda_l2': 0.009454473403676318, 'num_leaves': 12, 'feature_fraction': 0.5241576721204567, 'bagging_fraction': 0.7926081659329224, 'bagging_freq': 13, 'min_child_samples': 126}. Best is trial 97 with value: 0.8196452401412151.
[I 2025-04-08 01:14:09,860] Trial 130 finished with value: 0.8168780851261991 and parameters: {'lambda_l1': 0.000209338235409144, 'lambda_l2': 0.0004513289330868507, 'num_leaves': 30, 'feature_fraction': 0.4996684216551241, 'bagging_fraction': 0.42072409046009035, 'bagging_freq': 12, 'min_child_samples': 120}. Best is trial 97 with value: 0.8196452401412151.
[I 2025-04-08 01:14:11,173] Trial 131 finished with value: 0.8180938598849684 and parameters: {'lambda_l1': 0.00011009623972424303, 'lambda_l2': 0.010372344693167524, 'num_leaves': 28, 'feature_fraction': 0.48762252058710737, 'bagging_fraction': 0.8386893252935339, 'bagging_freq': 13, 'min_child_samples': 125}. Best is trial 97 with value: 0.8196452401412151.
[I 2025-04-08 01:14:12,420] Trial 132 finished with value: 0.8174232463655038 and parameters: {'lambda_l1': 5.5281067600270276e-06, 'lambda_l2': 0.001349388879624557, 'num_leaves': 25, 'feature_fraction': 0.4351084972319993, 'bagging_fraction': 0.8263774972511755, 'bagging_freq': 13, 'min_child_samples': 122}. Best is trial 97 with value: 0.8196452401412151.
[I 2025-04-08 01:14:13,546] Trial 133 finished with value: 0.8169202422938842 and parameters: {'lambda_l1': 0.0005059078572746358, 'lambda_l2': 0.0009057421732703131, 'num_leaves': 20, 'feature_fraction': 0.7047360089119745, 'bagging_fraction': 0.8529844494139698, 'bagging_freq': 14, 'min_child_samples': 116}. Best is trial 97 with value: 0.8196452401412151.
[I 2025-04-08 01:14:15,545] Trial 134 finished with value: 0.8181778051913591 and parameters: {'lambda_l1': 5.08782253488592e-05, 'lambda_l2': 0.01789182612550574, 'num_leaves': 35, 'feature_fraction': 0.4497171014666013, 'bagging_fraction': 0.8848401466000516, 'bagging_freq': 14, 'min_child_samples': 112}. Best is trial 97 with value: 0.8196452401412151.
[I 2025-04-08 01:14:17,354] Trial 135 finished with value: 0.8185551285363081 and parameters: {'lambda_l1': 0.00021257555453721671, 'lambda_l2': 0.006375704338918751, 'num_leaves': 31, 'feature_fraction': 0.45894534124145653, 'bagging_fraction': 0.8137691279122681, 'bagging_freq': 13, 'min_child_samples': 118}. Best is trial 97 with value: 0.8196452401412151.
[I 2025-04-08 01:14:19,729] Trial 136 finished with value: 0.8182616450608986 and parameters: {'lambda_l1': 1.988810448820497e-05, 'lambda_l2': 0.03990077630214953, 'num_leaves': 38, 'feature_fraction': 0.44073852324543666, 'bagging_fraction': 0.8464773648411834, 'bagging_freq': 15, 'min_child_samples': 109}. Best is trial 97 with value: 0.8196452401412151.
[I 2025-04-08 01:14:21,377] Trial 137 finished with value: 0.8165428135120839 and parameters: {'lambda_l1': 4.812594108256088e-07, 'lambda_l2': 0.0038421872397147467, 'num_leaves': 23, 'feature_fraction': 0.5144713488008281, 'bagging_fraction': 0.8904755536467405, 'bagging_freq': 12, 'min_child_samples': 106}. Best is trial 97 with value: 0.8196452401412151.
[I 2025-04-08 01:14:23,667] Trial 138 finished with value: 0.818471235948343 and parameters: {'lambda_l1': 5.968593297303991e-08, 'lambda_l2': 0.0015979143046409767, 'num_leaves': 40, 'feature_fraction': 0.47244650153495416, 'bagging_fraction': 0.7382718341048594, 'bagging_freq': 13, 'min_child_samples': 122}. Best is trial 97 with value: 0.8196452401412151.
[I 2025-04-08 01:14:25,542] Trial 139 finished with value: 0.8190163620420308 and parameters: {'lambda_l1': 0.0011309111793806096, 'lambda_l2': 0.0001955085991040247, 'num_leaves': 27, 'feature_fraction': 0.4240429762803922, 'bagging_fraction': 0.6824270002793952, 'bagging_freq': 14, 'min_child_samples': 115}. Best is trial 97 with value: 0.8196452401412151.
[I 2025-04-08 01:14:26,580] Trial 140 finished with value: 0.8161653847302837 and parameters: {'lambda_l1': 0.0017512457111052166, 'lambda_l2': 9.105810505968409e-05, 'num_leaves': 17, 'feature_fraction': 0.4231361605711393, 'bagging_fraction': 0.6995255888407679, 'bagging_freq': 14, 'min_child_samples': 115}. Best is trial 97 with value: 0.8196452401412151.
[I 2025-04-08 01:14:27,838] Trial 141 finished with value: 0.8178843744343751 and parameters: {'lambda_l1': 0.00014226408219202052, 'lambda_l2': 0.00021230906127096773, 'num_leaves': 28, 'feature_fraction': 0.4343878912823284, 'bagging_fraction': 0.6637143493253137, 'bagging_freq': 14, 'min_child_samples': 111}. Best is trial 97 with value: 0.8196452401412151.
[I 2025-04-08 01:14:29,117] Trial 142 finished with value: 0.8166265655175808 and parameters: {'lambda_l1': 0.0008675370044863239, 'lambda_l2': 0.00035378016789402284, 'num_leaves': 34, 'feature_fraction': 0.4000972629479912, 'bagging_fraction': 0.6835285932149908, 'bagging_freq': 14, 'min_child_samples': 119}. Best is trial 97 with value: 0.8196452401412151.
[I 2025-04-08 01:14:30,361] Trial 143 finished with value: 0.8172135676140169 and parameters: {'lambda_l1': 7.745680600716861e-05, 'lambda_l2': 0.002487979896846327, 'num_leaves': 31, 'feature_fraction': 0.4478100890645968, 'bagging_fraction': 0.6391555730267661, 'bagging_freq': 13, 'min_child_samples': 113}. Best is trial 97 with value: 0.8196452401412151.
[I 2025-04-08 01:14:31,425] Trial 144 finished with value: 0.8175487162184721 and parameters: {'lambda_l1': 0.00035833471761606464, 'lambda_l2': 0.0007080065039394231, 'num_leaves': 24, 'feature_fraction': 0.46633595550291035, 'bagging_fraction': 0.7169249859230646, 'bagging_freq': 14, 'min_child_samples': 107}. Best is trial 97 with value: 0.8196452401412151.
[I 2025-04-08 01:14:32,590] Trial 145 finished with value: 0.8191000261834848 and parameters: {'lambda_l1': 0.002553063096461533, 'lambda_l2': 0.0001764570105247375, 'num_leaves': 27, 'feature_fraction': 0.42292230172322887, 'bagging_fraction': 0.8330545321082822, 'bagging_freq': 12, 'min_child_samples': 126}. Best is trial 97 with value: 0.8196452401412151.
[I 2025-04-08 01:14:33,727] Trial 146 finished with value: 0.8182197514853418 and parameters: {'lambda_l1': 0.0026819320791761523, 'lambda_l2': 0.00014265239427433587, 'num_leaves': 27, 'feature_fraction': 0.4207534218289474, 'bagging_fraction': 0.6882599216389275, 'bagging_freq': 12, 'min_child_samples': 125}. Best is trial 97 with value: 0.8196452401412151.
[I 2025-04-08 01:14:35,892] Trial 147 finished with value: 0.8164590615065872 and parameters: {'lambda_l1': 0.0012503908848569387, 'lambda_l2': 24.8482010798846, 'num_leaves': 20, 'feature_fraction': 0.4866462383887273, 'bagging_fraction': 0.8340083147784965, 'bagging_freq': 13, 'min_child_samples': 127}. Best is trial 97 with value: 0.8196452401412151.
[I 2025-04-08 01:14:37,723] Trial 148 finished with value: 0.8185969166750138 and parameters: {'lambda_l1': 0.007899741271815478, 'lambda_l2': 4.285823591916172e-05, 'num_leaves': 36, 'feature_fraction': 0.43081308295195964, 'bagging_fraction': 0.8598658112112534, 'bagging_freq': 15, 'min_child_samples': 121}. Best is trial 97 with value: 0.8196452401412151.
[I 2025-04-08 01:14:39,227] Trial 149 finished with value: 0.8187644909772415 and parameters: {'lambda_l1': 0.0005772551545576002, 'lambda_l2': 1.5138695513902959e-05, 'num_leaves': 33, 'feature_fraction': 0.46027741245593007, 'bagging_fraction': 0.8173881846180937, 'bagging_freq': 13, 'min_child_samples': 117}. Best is trial 97 with value: 0.8196452401412151.
[I 2025-04-08 01:14:40,480] Trial 150 finished with value: 0.8166266885272405 and parameters: {'lambda_l1': 1.1063066500915745e-05, 'lambda_l2': 6.85520332213916e-05, 'num_leaves': 25, 'feature_fraction': 0.9159210600968598, 'bagging_fraction': 0.9052586580796288, 'bagging_freq': 13, 'min_child_samples': 102}. Best is trial 97 with value: 0.8196452401412151.
