[I 2025-04-08 20:34:18,408] Trial 108 finished with value: 0.817591031541434 and parameters: {'max_depth': 16, 'learning_rate': 0.04799167806448319, 'n_estimators': 112, 'gamma': 0.22158421779006282, 'min_child_weight': 6, 'subsample': 0.6247514699105657, 'colsample_bytree': 0.9497219281022269}. Best is trial 84 with value: 0.8205255675577838.
[I 2025-04-08 20:34:20,058] Trial 109 finished with value: 0.8161238074652806 and parameters: {'max_depth': 10, 'learning_rate': 0.017343376039844573, 'n_estimators': 104, 'gamma': 0.1674149482030852, 'min_child_weight': 7, 'subsample': 0.6774568029877974, 'colsample_bytree': 0.8859205630466942}. Best is trial 84 with value: 0.8205255675577838.
[I 2025-04-08 20:34:23,916] Trial 110 finished with value: 0.8183455552216721 and parameters: {'max_depth': 17, 'learning_rate': 0.011650744933370183, 'n_estimators': 160, 'gamma': 0.24253661797770693, 'min_child_weight': 6, 'subsample': 0.6105953395854353, 'colsample_bytree': 0.9324810293101259}. Best is trial 84 with value: 0.8205255675577838.
[I 2025-04-08 20:34:26,281] Trial 111 finished with value: 0.8194353505160255 and parameters: {'max_depth': 14, 'learning_rate': 0.019678871007038773, 'n_estimators': 139, 'gamma': 0.19901009681691678, 'min_child_weight': 7, 'subsample': 0.5678115134936905, 'colsample_bytree': 0.9426914976209747}. Best is trial 84 with value: 0.8205255675577838.
[I 2025-04-08 20:34:28,536] Trial 112 finished with value: 0.8185549176626056 and parameters: {'max_depth': 14, 'learning_rate': 0.039056127207903885, 'n_estimators': 143, 'gamma': 0.19388588368069506, 'min_child_weight': 7, 'subsample': 0.5224328351883546, 'colsample_bytree': 0.91364298753592}. Best is trial 84 with value: 0.8205255675577838.
[I 2025-04-08 20:34:30,796] Trial 113 finished with value: 0.8187227204113443 and parameters: {'max_depth': 16, 'learning_rate': 0.02930173846492009, 'n_estimators': 126, 'gamma': 0.15403271246225797, 'min_child_weight': 7, 'subsample': 0.5562229167153552, 'colsample_bytree': 0.9633054596743575}. Best is trial 84 with value: 0.8205255675577838.
[I 2025-04-08 20:34:33,417] Trial 114 finished with value: 0.8144885170482601 and parameters: {'max_depth': 14, 'learning_rate': 0.008419874786709676, 'n_estimators': 149, 'gamma': 0.1781797687293153, 'min_child_weight': 7, 'subsample': 0.5816261155090369, 'colsample_bytree': 0.9031041673610127}. Best is trial 84 with value: 0.8205255675577838.
[I 2025-04-08 20:34:36,009] Trial 115 finished with value: 0.6377394866279713 and parameters: {'max_depth': 18, 'learning_rate': 0.0006442493704365578, 'n_estimators': 119, 'gamma': 0.11610409771776689, 'min_child_weight': 7, 'subsample': 0.5930773260953681, 'colsample_bytree': 0.937309091022808}. Best is trial 84 with value: 0.8205255675577838.
[I 2025-04-08 20:34:38,264] Trial 116 finished with value: 0.8189325045996826 and parameters: {'max_depth': 13, 'learning_rate': 0.01865109516113621, 'n_estimators': 138, 'gamma': 0.2076029321938531, 'min_child_weight': 7, 'subsample': 0.5654534674029493, 'colsample_bytree': 0.9484784579068093}. Best is trial 84 with value: 0.8205255675577838.
[I 2025-04-08 20:34:41,810] Trial 117 finished with value: 0.8194774725380934 and parameters: {'max_depth': 11, 'learning_rate': 0.02228672638167091, 'n_estimators': 292, 'gamma': 0.28398253479855057, 'min_child_weight': 7, 'subsample': 0.5718273387458034, 'colsample_bytree': 0.9238103512328456}. Best is trial 84 with value: 0.8205255675577838.
[I 2025-04-08 20:34:43,759] Trial 118 finished with value: 0.8170880450426228 and parameters: {'max_depth': 9, 'learning_rate': 0.014678629871483412, 'n_estimators': 178, 'gamma': 0.28011690939948153, 'min_child_weight': 7, 'subsample': 0.5459969394059889, 'colsample_bytree': 0.8889810002261896}. Best is trial 84 with value: 0.8205255675577838.
[I 2025-04-08 20:34:47,675] Trial 119 finished with value: 0.8200643340520613 and parameters: {'max_depth': 12, 'learning_rate': 0.022248249502865504, 'n_estimators': 256, 'gamma': 0.23185940648376527, 'min_child_weight': 7, 'subsample': 0.6548776850423069, 'colsample_bytree': 0.9210941682049073}. Best is trial 84 with value: 0.8205255675577838.
[I 2025-04-08 20:34:51,770] Trial 120 finished with value: 0.8097092578827226 and parameters: {'max_depth': 14, 'learning_rate': 0.06667793677871754, 'n_estimators': 289, 'gamma': 0.2581746432898861, 'min_child_weight': 6, 'subsample': 0.5695051243364522, 'colsample_bytree': 0.8688436650431732}. Best is trial 84 with value: 0.8205255675577838.
[I 2025-04-08 20:34:55,467] Trial 121 finished with value: 0.8192679870875003 and parameters: {'max_depth': 12, 'learning_rate': 0.0220405911388236, 'n_estimators': 247, 'gamma': 0.2336991008152648, 'min_child_weight': 7, 'subsample': 0.6703209485383035, 'colsample_bytree': 0.9254956239234681}. Best is trial 84 with value: 0.8205255675577838.
[I 2025-04-08 20:34:57,367] Trial 122 finished with value: 0.8193519851123165 and parameters: {'max_depth': 10, 'learning_rate': 0.024876304261562596, 'n_estimators': 156, 'gamma': 0.1967556794509786, 'min_child_weight': 7, 'subsample': 0.6512741026480964, 'colsample_bytree': 0.9135437806705017}. Best is trial 84 with value: 0.8205255675577838.
[I 2025-04-08 20:35:00,240] Trial 123 finished with value: 0.8196452401412151 and parameters: {'max_depth': 9, 'learning_rate': 0.02669228008198488, 'n_estimators': 297, 'gamma': 0.19694231464364492, 'min_child_weight': 7, 'subsample': 0.6553362801866542, 'colsample_bytree': 0.9092655966515472}. Best is trial 84 with value: 0.8205255675577838.
[I 2025-04-08 20:35:02,404] Trial 124 finished with value: 0.8195192782496077 and parameters: {'max_depth': 7, 'learning_rate': 0.0467884567281717, 'n_estimators': 283, 'gamma': 0.21186542801901304, 'min_child_weight': 7, 'subsample': 0.6870936106127093, 'colsample_bytree': 0.9090841689938077}. Best is trial 84 with value: 0.8205255675577838.
[I 2025-04-08 20:35:04,445] Trial 125 finished with value: 0.8188903650048062 and parameters: {'max_depth': 6, 'learning_rate': 0.05124450740049733, 'n_estimators': 300, 'gamma': 0.2182430618755792, 'min_child_weight': 7, 'subsample': 0.6887370274303823, 'colsample_bytree': 0.8519470959078076}. Best is trial 84 with value: 0.8205255675577838.
[I 2025-04-08 20:35:07,049] Trial 126 finished with value: 0.8202319962183315 and parameters: {'max_depth': 7, 'learning_rate': 0.041462454742001935, 'n_estimators': 275, 'gamma': 0.31948725238827047, 'min_child_weight': 4, 'subsample': 0.7084749310091043, 'colsample_bytree': 0.9001753080888552}. Best is trial 84 with value: 0.8205255675577838.
[I 2025-04-08 20:35:09,756] Trial 127 finished with value: 0.8197291151563716 and parameters: {'max_depth': 8, 'learning_rate': 0.04292805931136124, 'n_estimators': 285, 'gamma': 0.16844012262149105, 'min_child_weight': 4, 'subsample': 0.7112971741331171, 'colsample_bytree': 0.9008068939624837}. Best is trial 84 with value: 0.8205255675577838.
[I 2025-04-08 20:35:12,284] Trial 128 finished with value: 0.8180942992051818 and parameters: {'max_depth': 8, 'learning_rate': 0.08284762289592583, 'n_estimators': 275, 'gamma': 0.14750557807276823, 'min_child_weight': 4, 'subsample': 0.7373402033638071, 'colsample_bytree': 0.8852193400038572}. Best is trial 84 with value: 0.8205255675577838.
[I 2025-04-08 20:35:14,134] Trial 129 finished with value: 0.8193937732510225 and parameters: {'max_depth': 6, 'learning_rate': 0.03799258780104368, 'n_estimators': 273, 'gamma': 0.16328151942606361, 'min_child_weight': 4, 'subsample': 0.7182843792222542, 'colsample_bytree': 0.9063382220063798}. Best is trial 84 with value: 0.8205255675577838.
[I 2025-04-08 20:35:15,899] Trial 130 finished with value: 0.8188904001504232 and parameters: {'max_depth': 4, 'learning_rate': 0.10585966791910878, 'n_estimators': 285, 'gamma': 0.36058511666327725, 'min_child_weight': 4, 'subsample': 0.7083119847720002, 'colsample_bytree': 0.905474985515032}. Best is trial 84 with value: 0.8205255675577838.
[I 2025-04-08 20:35:18,419] Trial 131 finished with value: 0.8181781566475298 and parameters: {'max_depth': 8, 'learning_rate': 0.06072017418752322, 'n_estimators': 282, 'gamma': 0.1866642316168932, 'min_child_weight': 4, 'subsample': 0.6971549279849906, 'colsample_bytree': 0.892097656018541}. Best is trial 84 with value: 0.8205255675577838.
[I 2025-04-08 20:35:21,046] Trial 132 finished with value: 0.8204837442734609 and parameters: {'max_depth': 9, 'learning_rate': 0.029855156128679936, 'n_estimators': 257, 'gamma': 0.22069448756584048, 'min_child_weight': 4, 'subsample': 0.7224656868804227, 'colsample_bytree': 0.8630437588889789}. Best is trial 84 with value: 0.8205255675577838.
[I 2025-04-08 20:35:23,141] Trial 133 finished with value: 0.8196030829735299 and parameters: {'max_depth': 7, 'learning_rate': 0.04466429304030722, 'n_estimators': 254, 'gamma': 0.17479569971512593, 'min_child_weight': 4, 'subsample': 0.7231709637201863, 'colsample_bytree': 0.856503652278548}. Best is trial 84 with value: 0.8205255675577838.
[I 2025-04-08 20:35:25,203] Trial 134 finished with value: 0.8199385830341562 and parameters: {'max_depth': 7, 'learning_rate': 0.0462764884334572, 'n_estimators': 256, 'gamma': 0.17506139888009287, 'min_child_weight': 4, 'subsample': 0.7215954479646018, 'colsample_bytree': 0.8763140685388123}. Best is trial 84 with value: 0.8205255675577838.
[I 2025-04-08 20:35:28,304] Trial 135 finished with value: 0.8208610500456015 and parameters: {'max_depth': 9, 'learning_rate': 0.030919516566411065, 'n_estimators': 259, 'gamma': 0.17164442202699393, 'min_child_weight': 4, 'subsample': 0.7199261322902737, 'colsample_bytree': 0.8597533417207267}. Best is trial 135 with value: 0.8208610500456015.
[I 2025-04-08 20:35:31,039] Trial 136 finished with value: 0.8211124993629856 and parameters: {'max_depth': 9, 'learning_rate': 0.03201285799656425, 'n_estimators': 264, 'gamma': 0.14187368159064628, 'min_child_weight': 4, 'subsample': 0.7393469247484461, 'colsample_bytree': 0.8644956428041746}. Best is trial 136 with value: 0.8211124993629856.
[I 2025-04-08 20:35:33,929] Trial 137 finished with value: 0.8199804590369046 and parameters: {'max_depth': 9, 'learning_rate': 0.032343292590380705, 'n_estimators': 264, 'gamma': 0.14039978599981248, 'min_child_weight': 4, 'subsample': 0.7372276001539166, 'colsample_bytree': 0.867830409382272}. Best is trial 136 with value: 0.8211124993629856.
[I 2025-04-08 20:35:37,145] Trial 138 finished with value: 0.8201063154916609 and parameters: {'max_depth': 9, 'learning_rate': 0.030560436602640254, 'n_estimators': 263, 'gamma': 0.13982120754642113, 'min_child_weight': 4, 'subsample': 0.7478583744374026, 'colsample_bytree': 0.8440005676694022}. Best is trial 136 with value: 0.8211124993629856.
[I 2025-04-08 20:35:39,432] Trial 139 finished with value: 0.8170879220329631 and parameters: {'max_depth': 8, 'learning_rate': 0.0746987185951305, 'n_estimators': 262, 'gamma': 0.09907855521031161, 'min_child_weight': 4, 'subsample': 0.7470076875950828, 'colsample_bytree': 0.8398057432275556}. Best is trial 136 with value: 0.8211124993629856.
[I 2025-04-08 20:35:42,031] Trial 140 finished with value: 0.8178007454385383 and parameters: {'max_depth': 9, 'learning_rate': 0.05761837828334121, 'n_estimators': 255, 'gamma': 0.11064657422863997, 'min_child_weight': 4, 'subsample': 0.7301366910453793, 'colsample_bytree': 0.8690989866610458}. Best is trial 136 with value: 0.8211124993629856.
[I 2025-04-08 20:35:44,574] Trial 141 finished with value: 0.8204417101154359 and parameters: {'max_depth': 9, 'learning_rate': 0.03266622752265392, 'n_estimators': 238, 'gamma': 0.13914439013614482, 'min_child_weight': 4, 'subsample': 0.7118029046248082, 'colsample_bytree': 0.8783923585145789}. Best is trial 136 with value: 0.8211124993629856.
[I 2025-04-08 20:35:47,743] Trial 142 finished with value: 0.8188069644554801 and parameters: {'max_depth': 10, 'learning_rate': 0.03345546863662529, 'n_estimators': 238, 'gamma': 0.13659497929632042, 'min_child_weight': 4, 'subsample': 0.7549847429342139, 'colsample_bytree': 0.8606114267675528}. Best is trial 136 with value: 0.8211124993629856.
[I 2025-04-08 20:35:49,870] Trial 143 finished with value: 0.8193936150957455 and parameters: {'max_depth': 7, 'learning_rate': 0.03594085374487941, 'n_estimators': 270, 'gamma': 0.07557030623748158, 'min_child_weight': 4, 'subsample': 0.7403611910416675, 'colsample_bytree': 0.8752129307267915}. Best is trial 136 with value: 0.8211124993629856.
[I 2025-04-08 20:35:52,631] Trial 144 finished with value: 0.8203999395495387 and parameters: {'max_depth': 9, 'learning_rate': 0.03182869418942055, 'n_estimators': 258, 'gamma': 0.16551136722701995, 'min_child_weight': 4, 'subsample': 0.7124325333892564, 'colsample_bytree': 0.8421239966780336}. Best is trial 136 with value: 0.8211124993629856.
[I 2025-04-08 20:35:55,423] Trial 145 finished with value: 0.6377394866279713 and parameters: {'max_depth': 9, 'learning_rate': 0.00012279349769245772, 'n_estimators': 254, 'gamma': 0.12792806057546013, 'min_child_weight': 3, 'subsample': 0.7143504694311745, 'colsample_bytree': 0.8448468606021075}. Best is trial 136 with value: 0.8211124993629856.
[I 2025-04-08 20:35:58,143] Trial 146 finished with value: 0.8201481036303665 and parameters: {'max_depth': 8, 'learning_rate': 0.04326907986185941, 'n_estimators': 263, 'gamma': 0.14618080305656792, 'min_child_weight': 4, 'subsample': 0.7764376499045894, 'colsample_bytree': 0.8293728536700125}. Best is trial 136 with value: 0.8211124993629856.
[I 2025-04-08 20:35:59,930] Trial 147 finished with value: 0.818932522172491 and parameters: {'max_depth': 6, 'learning_rate': 0.03176612270976898, 'n_estimators': 261, 'gamma': 0.14474250403159494, 'min_child_weight': 4, 'subsample': 0.7802034100757868, 'colsample_bytree': 0.8304348688298058}. Best is trial 136 with value: 0.8211124993629856.
[I 2025-04-08 20:36:02,442] Trial 148 finished with value: 0.8202740479491654 and parameters: {'max_depth': 8, 'learning_rate': 0.05146942561377478, 'n_estimators': 263, 'gamma': 0.1525892507467873, 'min_child_weight': 4, 'subsample': 0.7606115718161195, 'colsample_bytree': 0.8488208841770704}. Best is trial 136 with value: 0.8211124993629856.
[I 2025-04-08 20:36:05,328] Trial 149 finished with value: 0.8162914696315511 and parameters: {'max_depth': 9, 'learning_rate': 0.07237688757176843, 'n_estimators': 264, 'gamma': 0.12095953933365373, 'min_child_weight': 4, 'subsample': 0.8035741489798673, 'colsample_bytree': 0.8509068233740763}. Best is trial 136 with value: 0.8211124993629856.
[I 2025-04-08 20:36:06,979] Trial 150 finished with value: 0.8185971275487163 and parameters: {'max_depth': 5, 'learning_rate': 0.052635626576699644, 'n_estimators': 244, 'gamma': 0.15629556529149696, 'min_child_weight': 4, 'subsample': 0.7696597655387272, 'colsample_bytree': 0.8224080254753356}. Best is trial 136 with value: 0.8211124993629856.
[I 2025-04-08 20:36:09,784] Trial 151 finished with value: 0.8198547958830424 and parameters: {'max_depth': 8, 'learning_rate': 0.029889588479228294, 'n_estimators': 258, 'gamma': 0.14261519153167118, 'min_child_weight': 4, 'subsample': 0.7589265863110547, 'colsample_bytree': 0.8377599996020094}. Best is trial 136 with value: 0.8211124993629856.
[I 2025-04-08 20:36:12,507] Trial 152 finished with value: 0.8206932824424799 and parameters: {'max_depth': 9, 'learning_rate': 0.039462914242435344, 'n_estimators': 267, 'gamma': 0.08409501173372388, 'min_child_weight': 4, 'subsample': 0.7273782008051638, 'colsample_bytree': 0.8610756515298001}. Best is trial 136 with value: 0.8211124993629856.
[I 2025-04-08 20:36:14,538] Trial 153 finished with value: 0.819938635752582 and parameters: {'max_depth': 7, 'learning_rate': 0.04555770352137472, 'n_estimators': 267, 'gamma': 0.08006958217012566, 'min_child_weight': 4, 'subsample': 0.7264835436629887, 'colsample_bytree': 0.8589180982585516}. Best is trial 136 with value: 0.8211124993629856.
[I 2025-04-08 20:36:17,341] Trial 154 finished with value: 0.8177168528505729 and parameters: {'max_depth': 9, 'learning_rate': 0.05927923506505731, 'n_estimators': 277, 'gamma': 0.04304240195344749, 'min_child_weight': 3, 'subsample': 0.7337737337392441, 'colsample_bytree': 0.8628206705673341}. Best is trial 136 with value: 0.8211124993629856.
[I 2025-04-08 20:36:20,736] Trial 155 finished with value: 0.8190583083360131 and parameters: {'max_depth': 10, 'learning_rate': 0.042102819041531014, 'n_estimators': 267, 'gamma': 0.107995582642774, 'min_child_weight': 4, 'subsample': 0.7467589229662284, 'colsample_bytree': 0.8464353776145386}. Best is trial 136 with value: 0.8211124993629856.
[I 2025-04-08 20:36:23,299] Trial 156 finished with value: 0.8128954540901591 and parameters: {'max_depth': 8, 'learning_rate': 0.12036671922277756, 'n_estimators': 250, 'gamma': 0.015147101956121511, 'min_child_weight': 5, 'subsample': 0.7048581404724389, 'colsample_bytree': 0.8149369742611648}. Best is trial 136 with value: 0.8211124993629856.
[I 2025-04-08 20:36:25,814] Trial 157 finished with value: 0.8128957528279042 and parameters: {'max_depth': 10, 'learning_rate': 0.09112461840974591, 'n_estimators': 223, 'gamma': 0.09380077872646861, 'min_child_weight': 4, 'subsample': 0.786335429370241, 'colsample_bytree': 0.8576285725105764}. Best is trial 136 with value: 0.8211124993629856.
[I 2025-04-08 20:36:29,713] Trial 158 finished with value: 0.818261662633707 and parameters: {'max_depth': 11, 'learning_rate': 0.03704053444318206, 'n_estimators': 268, 'gamma': 0.0688676390425009, 'min_child_weight': 4, 'subsample': 0.7644056247608935, 'colsample_bytree': 0.8666042653754655}. Best is trial 136 with value: 0.8211124993629856.
[I 2025-04-08 20:36:32,657] Trial 159 finished with value: 0.8198969354779189 and parameters: {'max_depth': 9, 'learning_rate': 0.028630165133018932, 'n_estimators': 278, 'gamma': 0.03203059309527018, 'min_child_weight': 4, 'subsample': 0.7329806185765151, 'colsample_bytree': 0.8292808427618883}. Best is trial 136 with value: 0.8211124993629856.
[I 2025-04-08 20:36:35,067] Trial 160 finished with value: 0.8155787692356355 and parameters: {'max_depth': 8, 'learning_rate': 0.014182219486744302, 'n_estimators': 243, 'gamma': 0.08949367389189168, 'min_child_weight': 4, 'subsample': 0.724283242651101, 'colsample_bytree': 0.7988357327529093}. Best is trial 136 with value: 0.8211124993629856.
[I 2025-04-08 20:36:37,150] Trial 161 finished with value: 0.8197290448651374 and parameters: {'max_depth': 7, 'learning_rate': 0.04572028109305853, 'n_estimators': 259, 'gamma': 0.13258129222218606, 'min_child_weight': 4, 'subsample': 0.721692505854201, 'colsample_bytree': 0.8782013914681372}. Best is trial 136 with value: 0.8211124993629856.
[I 2025-04-08 20:36:39,262] Trial 162 finished with value: 0.8184293599455946 and parameters: {'max_depth': 6, 'learning_rate': 0.06760603544673059, 'n_estimators': 263, 'gamma': 0.16027746015446823, 'min_child_weight': 4, 'subsample': 0.7446085510809427, 'colsample_bytree': 0.8486242890838771}. Best is trial 136 with value: 0.8211124993629856.
[I 2025-04-08 20:36:41,415] Trial 163 finished with value: 0.8198965313033225 and parameters: {'max_depth': 7, 'learning_rate': 0.03615507033548114, 'n_estimators': 273, 'gamma': 0.18200306859046478, 'min_child_weight': 4, 'subsample': 0.7040336695779857, 'colsample_bytree': 0.8780581406395382}. Best is trial 136 with value: 0.8211124993629856.
[I 2025-04-08 20:36:43,080] Trial 164 finished with value: 0.814572532645885 and parameters: {'max_depth': 5, 'learning_rate': 0.028430924927184246, 'n_estimators': 250, 'gamma': 0.11884001980381373, 'min_child_weight': 5, 'subsample': 0.7167016073444975, 'colsample_bytree': 0.8363663449796452}. Best is trial 136 with value: 0.8211124993629856.
[I 2025-04-08 20:36:46,466] Trial 165 finished with value: 0.8175489270921747 and parameters: {'max_depth': 10, 'learning_rate': 0.04551053928054547, 'n_estimators': 266, 'gamma': 0.08434112089681496, 'min_child_weight': 4, 'subsample': 0.7277079635764641, 'colsample_bytree': 0.8648523589651765}. Best is trial 136 with value: 0.8211124993629856.
[I 2025-04-08 20:36:48,442] Trial 166 finished with value: 0.8195613826988669 and parameters: {'max_depth': 7, 'learning_rate': 0.05505515964549148, 'n_estimators': 256, 'gamma': 0.14753543208442366, 'min_child_weight': 4, 'subsample': 0.7390973870623249, 'colsample_bytree': 0.8535794643758823}. Best is trial 136 with value: 0.8211124993629856.
[I 2025-04-08 20:36:51,865] Trial 167 finished with value: 0.8197293260300741 and parameters: {'max_depth': 9, 'learning_rate': 0.018280526595760987, 'n_estimators': 270, 'gamma': 0.1729093951954474, 'min_child_weight': 3, 'subsample': 0.762155263687304, 'colsample_bytree': 0.8748371722762085}. Best is trial 136 with value: 0.8211124993629856.
[I 2025-04-08 20:36:54,145] Trial 168 finished with value: 0.8212383382449333 and parameters: {'max_depth': 8, 'learning_rate': 0.030510662144462193, 'n_estimators': 239, 'gamma': 0.06124769813022199, 'min_child_weight': 4, 'subsample': 0.6956286294638526, 'colsample_bytree': 0.8865823982348894}. Best is trial 168 with value: 0.8212383382449333.
[I 2025-04-08 20:36:56,265] Trial 169 finished with value: 0.8195615232813355 and parameters: {'max_depth': 8, 'learning_rate': 0.030080250648643295, 'n_estimators': 229, 'gamma': 0.03287250519880312, 'min_child_weight': 4, 'subsample': 0.6965301587050416, 'colsample_bytree': 0.838571898830305}. Best is trial 168 with value: 0.8212383382449333.
[I 2025-04-08 20:36:58,748] Trial 170 finished with value: 0.8196452225684066 and parameters: {'max_depth': 9, 'learning_rate': 0.03702927690763222, 'n_estimators': 242, 'gamma': 0.06131731038182859, 'min_child_weight': 4, 'subsample': 0.7490632028759671, 'colsample_bytree': 0.8843221592399623}. Best is trial 168 with value: 0.8212383382449333.
