[I 2025-04-08 20:25:24,574] Trial 188 finished with value: 0.8190583962000559 and parameters: {'max_depth': 7, 'learning_rate': 0.07868374279308188, 'n_estimators': 162, 'gamma': 0.466024245530247, 'min_child_weight': 7, 'subsample': 0.6275775010084887, 'colsample_bytree': 0.6580138731405069}. Best is trial 179 with value: 0.820316029388765.
[I 2025-04-08 20:25:26,161] Trial 189 finished with value: 0.8144469925016826 and parameters: {'max_depth': 8, 'learning_rate': 0.13187546355887433, 'n_estimators': 167, 'gamma': 0.4776930434826029, 'min_child_weight': 7, 'subsample': 0.614297672208169, 'colsample_bytree': 0.6807091217851288}. Best is trial 179 with value: 0.820316029388765.
[I 2025-04-08 20:25:27,730] Trial 190 finished with value: 0.8197292381660315 and parameters: {'max_depth': 7, 'learning_rate': 0.06524019208299443, 'n_estimators': 160, 'gamma': 0.4831812877345168, 'min_child_weight': 7, 'subsample': 0.6283412992599858, 'colsample_bytree': 0.655900602228026}. Best is trial 179 with value: 0.820316029388765.
[I 2025-04-08 20:25:29,350] Trial 191 finished with value: 0.6377394866279713 and parameters: {'max_depth': 7, 'learning_rate': 1.3808983102435087e-05, 'n_estimators': 159, 'gamma': 0.49187617207444656, 'min_child_weight': 7, 'subsample': 0.6043454774174883, 'colsample_bytree': 0.6726537533391601}. Best is trial 179 with value: 0.820316029388765.
[I 2025-04-08 20:25:31,561] Trial 192 finished with value: 0.8182618207889838 and parameters: {'max_depth': 8, 'learning_rate': 0.06288490951399497, 'n_estimators': 172, 'gamma': 0.4814223798427197, 'min_child_weight': 7, 'subsample': 0.6288798723156777, 'colsample_bytree': 0.6531272331465001}. Best is trial 179 with value: 0.820316029388765.
[I 2025-04-08 20:25:33,666] Trial 193 finished with value: 0.8197710438775456 and parameters: {'max_depth': 9, 'learning_rate': 0.050105429725099175, 'n_estimators': 177, 'gamma': 0.46023649025894575, 'min_child_weight': 7, 'subsample': 0.6186136866301672, 'colsample_bytree': 0.6872666719642679}. Best is trial 179 with value: 0.820316029388765.
[I 2025-04-08 20:25:35,858] Trial 194 finished with value: 0.8162494003279086 and parameters: {'max_depth': 9, 'learning_rate': 0.08598711366674461, 'n_estimators': 192, 'gamma': 0.459642952158584, 'min_child_weight': 7, 'subsample': 0.6176515540344948, 'colsample_bytree': 0.693033682563634}. Best is trial 179 with value: 0.820316029388765.
[I 2025-04-08 20:25:37,823] Trial 195 finished with value: 0.8186811431463411 and parameters: {'max_depth': 10, 'learning_rate': 0.06743253138729749, 'n_estimators': 164, 'gamma': 0.5048563560455883, 'min_child_weight': 7, 'subsample': 0.6539523305457712, 'colsample_bytree': 0.7160114846394352}. Best is trial 179 with value: 0.820316029388765.
[I 2025-04-08 20:25:39,797] Trial 196 finished with value: 0.8196452928596407 and parameters: {'max_depth': 9, 'learning_rate': 0.03952696759817427, 'n_estimators': 177, 'gamma': 0.47493735244703944, 'min_child_weight': 7, 'subsample': 0.6324530572833587, 'colsample_bytree': 0.6848036175113723}. Best is trial 179 with value: 0.820316029388765.
[I 2025-04-08 20:25:42,264] Trial 197 finished with value: 0.8192680222331173 and parameters: {'max_depth': 9, 'learning_rate': 0.036156630637791065, 'n_estimators': 179, 'gamma': 0.4689068665252085, 'min_child_weight': 7, 'subsample': 0.6345549562807093, 'colsample_bytree': 0.6829382769190455}. Best is trial 179 with value: 0.820316029388765.
[I 2025-04-08 20:25:45,920] Trial 198 finished with value: 0.8154108786228542 and parameters: {'max_depth': 29, 'learning_rate': 0.03837862403722518, 'n_estimators': 176, 'gamma': 0.43944030854430477, 'min_child_weight': 7, 'subsample': 0.6401386406777343, 'colsample_bytree': 0.6621995039459416}. Best is trial 179 with value: 0.820316029388765.
[I 2025-04-08 20:25:48,070] Trial 199 finished with value: 0.8187231070131322 and parameters: {'max_depth': 9, 'learning_rate': 0.03015189599561906, 'n_estimators': 180, 'gamma': 0.46838200519931666, 'min_child_weight': 7, 'subsample': 0.6334427002103549, 'colsample_bytree': 0.6883052729263952}. Best is trial 179 with value: 0.820316029388765.
[I 2025-04-08 20:25:49,778] Trial 200 finished with value: 0.8185134282616451 and parameters: {'max_depth': 8, 'learning_rate': 0.03588374937163205, 'n_estimators': 177, 'gamma': 0.4594564629725758, 'min_child_weight': 7, 'subsample': 0.6047689911116108, 'colsample_bytree': 0.6996037245123112}. Best is trial 179 with value: 0.820316029388765.
[I 2025-04-08 20:25:52,086] Trial 201 finished with value: 0.8202741533860166 and parameters: {'max_depth': 8, 'learning_rate': 0.04902433172246622, 'n_estimators': 190, 'gamma': 0.4764399119097168, 'min_child_weight': 7, 'subsample': 0.6224559459042825, 'colsample_bytree': 0.6766045379022632}. Best is trial 179 with value: 0.820316029388765.
[I 2025-04-08 20:25:54,005] Trial 202 finished with value: 0.8184295532464885 and parameters: {'max_depth': 9, 'learning_rate': 0.044388068959113895, 'n_estimators': 184, 'gamma': 0.4734917794742193, 'min_child_weight': 7, 'subsample': 0.6247584263691418, 'colsample_bytree': 0.6405106195941357}. Best is trial 179 with value: 0.820316029388765.
[I 2025-04-08 20:25:56,257] Trial 203 finished with value: 0.8189324518812569 and parameters: {'max_depth': 10, 'learning_rate': 0.05203136763694752, 'n_estimators': 205, 'gamma': 0.4498369956906956, 'min_child_weight': 7, 'subsample': 0.6130273561508964, 'colsample_bytree': 0.7082176203799933}. Best is trial 179 with value: 0.820316029388765.
[I 2025-04-08 20:25:57,974] Trial 204 finished with value: 0.8196035047209351 and parameters: {'max_depth': 8, 'learning_rate': 0.03759120642786931, 'n_estimators': 173, 'gamma': 0.479302257808936, 'min_child_weight': 7, 'subsample': 0.6344303117918774, 'colsample_bytree': 0.6777248988697694}. Best is trial 179 with value: 0.820316029388765.
[I 2025-04-08 20:25:59,969] Trial 205 finished with value: 0.8181780863562957 and parameters: {'max_depth': 9, 'learning_rate': 0.028248635232160403, 'n_estimators': 186, 'gamma': 0.4762738746617214, 'min_child_weight': 7, 'subsample': 0.633001280896432, 'colsample_bytree': 0.6620588160672264}. Best is trial 179 with value: 0.820316029388765.
[I 2025-04-08 20:26:01,976] Trial 206 finished with value: 0.8188487701669944 and parameters: {'max_depth': 7, 'learning_rate': 0.038997180930131416, 'n_estimators': 188, 'gamma': 0.150923783874013, 'min_child_weight': 7, 'subsample': 0.6449010732857544, 'colsample_bytree': 0.6902443533996984}. Best is trial 179 with value: 0.820316029388765.
[I 2025-04-08 20:26:03,830] Trial 207 finished with value: 0.819058431345673 and parameters: {'max_depth': 9, 'learning_rate': 0.03346262821832542, 'n_estimators': 171, 'gamma': 0.46012023047030276, 'min_child_weight': 7, 'subsample': 0.6526587477491058, 'colsample_bytree': 0.7067244298677908}. Best is trial 179 with value: 0.820316029388765.
[I 2025-04-08 20:26:06,044] Trial 208 finished with value: 0.8178003764095589 and parameters: {'max_depth': 10, 'learning_rate': 0.04698146011453681, 'n_estimators': 196, 'gamma': 0.52866310628084, 'min_child_weight': 7, 'subsample': 0.6302055767333511, 'colsample_bytree': 0.6504167110108501}. Best is trial 179 with value: 0.820316029388765.
[I 2025-04-08 20:26:07,979] Trial 209 finished with value: 0.8164170097757534 and parameters: {'max_depth': 8, 'learning_rate': 0.10288318492659837, 'n_estimators': 181, 'gamma': 0.5059857015704571, 'min_child_weight': 7, 'subsample': 0.6406004318297498, 'colsample_bytree': 0.6726903643217561}. Best is trial 179 with value: 0.820316029388765.
[I 2025-04-08 20:26:10,168] Trial 210 finished with value: 0.8165009726549526 and parameters: {'max_depth': 11, 'learning_rate': 0.0708575759497667, 'n_estimators': 176, 'gamma': 0.47813683811596136, 'min_child_weight': 7, 'subsample': 0.6079403429367278, 'colsample_bytree': 0.7188088429158427}. Best is trial 179 with value: 0.820316029388765.
[I 2025-04-08 20:26:12,996] Trial 211 finished with value: 0.8191840593539181 and parameters: {'max_depth': 8, 'learning_rate': 0.052685287138456355, 'n_estimators': 278, 'gamma': 0.48669124361208044, 'min_child_weight': 7, 'subsample': 0.6189474190160678, 'colsample_bytree': 0.6767840213738945}. Best is trial 179 with value: 0.820316029388765.
[I 2025-04-08 20:26:14,927] Trial 212 finished with value: 0.8192259177838579 and parameters: {'max_depth': 8, 'learning_rate': 0.04118254414156731, 'n_estimators': 190, 'gamma': 0.45204897891840357, 'min_child_weight': 7, 'subsample': 0.62789583146637, 'colsample_bytree': 0.6956026949714447}. Best is trial 179 with value: 0.820316029388765.
[I 2025-04-08 20:26:16,864] Trial 213 finished with value: 0.8184292193631262 and parameters: {'max_depth': 9, 'learning_rate': 0.06508636843788444, 'n_estimators': 168, 'gamma': 0.4655387690555053, 'min_child_weight': 7, 'subsample': 0.600675356109938, 'colsample_bytree': 0.6886018536977546}. Best is trial 179 with value: 0.820316029388765.
[I 2025-04-08 20:26:18,471] Trial 214 finished with value: 0.8203162051168504 and parameters: {'max_depth': 7, 'learning_rate': 0.050090151582267664, 'n_estimators': 164, 'gamma': 0.4979735737693695, 'min_child_weight': 7, 'subsample': 0.6152821045419017, 'colsample_bytree': 0.6763123948843919}. Best is trial 214 with value: 0.8203162051168504.
[I 2025-04-08 20:26:19,924] Trial 215 finished with value: 0.8160819138897237 and parameters: {'max_depth': 7, 'learning_rate': 0.02975732170633011, 'n_estimators': 173, 'gamma': 0.5129289926856688, 'min_child_weight': 7, 'subsample': 0.6129627024260019, 'colsample_bytree': 0.7487235668509957}. Best is trial 214 with value: 0.8203162051168504.
[I 2025-04-08 20:26:21,446] Trial 216 finished with value: 0.8174233518023553 and parameters: {'max_depth': 6, 'learning_rate': 0.0459590401275376, 'n_estimators': 181, 'gamma': 0.5005209795115778, 'min_child_weight': 7, 'subsample': 0.634481807278175, 'colsample_bytree': 0.659923157575267}. Best is trial 214 with value: 0.8203162051168504.
[I 2025-04-08 20:26:23,408] Trial 217 finished with value: 0.8172975480660245 and parameters: {'max_depth': 7, 'learning_rate': 0.03676121821682269, 'n_estimators': 164, 'gamma': 0.5334579931497739, 'min_child_weight': 7, 'subsample': 0.6266596173085386, 'colsample_bytree': 0.6717282715505783}. Best is trial 214 with value: 0.8203162051168504.
[I 2025-04-08 20:26:25,190] Trial 218 finished with value: 0.8196031708375727 and parameters: {'max_depth': 9, 'learning_rate': 0.05178787435846614, 'n_estimators': 154, 'gamma': 0.47791237258113417, 'min_child_weight': 7, 'subsample': 0.6002667223370272, 'colsample_bytree': 0.7055087568870927}. Best is trial 214 with value: 0.8203162051168504.
[I 2025-04-08 20:26:26,810] Trial 219 finished with value: 0.8190584664912899 and parameters: {'max_depth': 8, 'learning_rate': 0.07860491297803925, 'n_estimators': 155, 'gamma': 0.5155403246349056, 'min_child_weight': 7, 'subsample': 0.5967359448489598, 'colsample_bytree': 0.6968752377316294}. Best is trial 214 with value: 0.8203162051168504.
[I 2025-04-08 20:26:28,604] Trial 220 finished with value: 0.8193099685270999 and parameters: {'max_depth': 10, 'learning_rate': 0.05225124206054495, 'n_estimators': 144, 'gamma': 0.48308301015280536, 'min_child_weight': 7, 'subsample': 0.6095294914246201, 'colsample_bytree': 0.71006974321037}. Best is trial 214 with value: 0.8203162051168504.
[I 2025-04-08 20:26:30,448] Trial 221 finished with value: 0.8188068414458204 and parameters: {'max_depth': 10, 'learning_rate': 0.053890250207867425, 'n_estimators': 147, 'gamma': 0.48057316008205964, 'min_child_weight': 7, 'subsample': 0.6059535011981252, 'colsample_bytree': 0.7169773321097492}. Best is trial 214 with value: 0.8203162051168504.
[I 2025-04-08 20:26:32,161] Trial 222 finished with value: 0.8189326100365338 and parameters: {'max_depth': 9, 'learning_rate': 0.05078578397313991, 'n_estimators': 144, 'gamma': 0.4925153150761529, 'min_child_weight': 7, 'subsample': 0.6145562453593005, 'colsample_bytree': 0.7067292084437146}. Best is trial 214 with value: 0.8203162051168504.
[I 2025-04-08 20:26:34,264] Trial 223 finished with value: 0.8182198920678099 and parameters: {'max_depth': 9, 'learning_rate': 0.07686251911709889, 'n_estimators': 152, 'gamma': 0.4993093894836317, 'min_child_weight': 7, 'subsample': 0.5892265544012179, 'colsample_bytree': 0.7004894862647931}. Best is trial 214 with value: 0.8203162051168504.
[I 2025-04-08 20:26:36,095] Trial 224 finished with value: 0.8186810025638728 and parameters: {'max_depth': 10, 'learning_rate': 0.0639180466796221, 'n_estimators': 154, 'gamma': 0.2598125287963747, 'min_child_weight': 7, 'subsample': 0.6047199155787625, 'colsample_bytree': 0.7155037649079017}. Best is trial 214 with value: 0.8203162051168504.
[I 2025-04-08 20:26:37,527] Trial 225 finished with value: 0.8191842350820036 and parameters: {'max_depth': 8, 'learning_rate': 0.046885834384559955, 'n_estimators': 144, 'gamma': 0.4811776365276855, 'min_child_weight': 7, 'subsample': 0.6204414671832609, 'colsample_bytree': 0.7395317723692634}. Best is trial 214 with value: 0.8203162051168504.
[I 2025-04-08 20:26:39,087] Trial 226 finished with value: 0.8173815109452238 and parameters: {'max_depth': 8, 'learning_rate': 0.09094136773304311, 'n_estimators': 161, 'gamma': 0.5088572418127612, 'min_child_weight': 7, 'subsample': 0.6001698837241739, 'colsample_bytree': 0.6527199846907149}. Best is trial 214 with value: 0.8203162051168504.
[I 2025-04-08 20:26:41,339] Trial 227 finished with value: 0.6377394866279713 and parameters: {'max_depth': 11, 'learning_rate': 0.0007732365387864564, 'n_estimators': 167, 'gamma': 0.5273365463893799, 'min_child_weight': 7, 'subsample': 0.6116996324510625, 'colsample_bytree': 0.723665610042397}. Best is trial 214 with value: 0.8203162051168504.
[I 2025-04-08 20:26:42,665] Trial 228 finished with value: 0.8200645097801467 and parameters: {'max_depth': 7, 'learning_rate': 0.06090943387321876, 'n_estimators': 146, 'gamma': 0.47473237345658514, 'min_child_weight': 7, 'subsample': 0.5853826108751229, 'colsample_bytree': 0.707161215856187}. Best is trial 214 with value: 0.8203162051168504.
[I 2025-04-08 20:26:44,423] Trial 229 finished with value: 0.8194356668265792 and parameters: {'max_depth': 7, 'learning_rate': 0.06222054913365713, 'n_estimators': 149, 'gamma': 0.4618663240109569, 'min_child_weight': 7, 'subsample': 0.5795044227744155, 'colsample_bytree': 0.6876977950432615}. Best is trial 214 with value: 0.8203162051168504.
[I 2025-04-08 20:26:45,619] Trial 230 finished with value: 0.819603434429701 and parameters: {'max_depth': 6, 'learning_rate': 0.06567610209123881, 'n_estimators': 153, 'gamma': 0.45671203915966735, 'min_child_weight': 6, 'subsample': 0.5696378139474976, 'colsample_bytree': 0.6882746197617775}. Best is trial 214 with value: 0.8203162051168504.
[I 2025-04-08 20:26:46,829] Trial 231 finished with value: 0.8188904880144661 and parameters: {'max_depth': 6, 'learning_rate': 0.06876485582013193, 'n_estimators': 152, 'gamma': 0.44075882570123687, 'min_child_weight': 6, 'subsample': 0.5551478416256618, 'colsample_bytree': 0.6901831024493652}. Best is trial 214 with value: 0.8203162051168504.
[I 2025-04-08 20:26:48,140] Trial 232 finished with value: 0.8157045729719661 and parameters: {'max_depth': 6, 'learning_rate': 0.041455010707758824, 'n_estimators': 156, 'gamma': 0.45687440209179764, 'min_child_weight': 6, 'subsample': 0.5674747755700065, 'colsample_bytree': 0.6773682841310625}. Best is trial 214 with value: 0.8203162051168504.
[I 2025-04-08 20:26:49,475] Trial 233 finished with value: 0.8188487350213773 and parameters: {'max_depth': 7, 'learning_rate': 0.06193974146223858, 'n_estimators': 150, 'gamma': 0.4677784803263891, 'min_child_weight': 7, 'subsample': 0.5847796819172584, 'colsample_bytree': 0.7005526512109808}. Best is trial 214 with value: 0.8203162051168504.
[I 2025-04-08 20:26:50,846] Trial 234 finished with value: 0.8181358940429938 and parameters: {'max_depth': 7, 'learning_rate': 0.11189148987555354, 'n_estimators': 161, 'gamma': 0.47009812693696873, 'min_child_weight': 7, 'subsample': 0.5751947512479834, 'colsample_bytree': 0.6850095445821006}. Best is trial 214 with value: 0.8203162051168504.
[I 2025-04-08 20:26:52,007] Trial 235 finished with value: 0.819645134704364 and parameters: {'max_depth': 6, 'learning_rate': 0.08146279455637077, 'n_estimators': 150, 'gamma': 0.4553021422436574, 'min_child_weight': 7, 'subsample': 0.5560166223597471, 'colsample_bytree': 0.6736023366892319}. Best is trial 214 with value: 0.8203162051168504.
[I 2025-04-08 20:26:53,164] Trial 236 finished with value: 0.8196871512895806 and parameters: {'max_depth': 6, 'learning_rate': 0.08368550476068119, 'n_estimators': 149, 'gamma': 0.4294372085252174, 'min_child_weight': 7, 'subsample': 0.5786318569598473, 'colsample_bytree': 0.6674033125138501}. Best is trial 214 with value: 0.8203162051168504.
[I 2025-04-08 20:26:55,001] Trial 237 finished with value: 0.8179262680099322 and parameters: {'max_depth': 7, 'learning_rate': 0.0936136752520929, 'n_estimators': 149, 'gamma': 0.42774878439355335, 'min_child_weight': 7, 'subsample': 0.5572726204675811, 'colsample_bytree': 0.6657446133895328}. Best is trial 214 with value: 0.8203162051168504.
[I 2025-04-08 20:26:56,163] Trial 238 finished with value: 0.8192259177838579 and parameters: {'max_depth': 6, 'learning_rate': 0.07856536726129926, 'n_estimators': 145, 'gamma': 0.4508038439487242, 'min_child_weight': 7, 'subsample': 0.5689038909500604, 'colsample_bytree': 0.6716087057396036}. Best is trial 214 with value: 0.8203162051168504.
[I 2025-04-08 20:26:57,351] Trial 239 finished with value: 0.817297495347599 and parameters: {'max_depth': 6, 'learning_rate': 0.12664787302929797, 'n_estimators': 154, 'gamma': 0.45058169938384257, 'min_child_weight': 7, 'subsample': 0.5797319190660155, 'colsample_bytree': 0.6931863434140867}. Best is trial 214 with value: 0.8203162051168504.
[I 2025-04-08 20:26:59,095] Trial 240 finished with value: 0.8183036089276896 and parameters: {'max_depth': 6, 'learning_rate': 0.0823855089013048, 'n_estimators': 215, 'gamma': 0.4379276708139824, 'min_child_weight': 7, 'subsample': 0.5572102972105502, 'colsample_bytree': 0.6792323473349303}. Best is trial 214 with value: 0.8203162051168504.
[I 2025-04-08 20:27:00,548] Trial 241 finished with value: 0.8177169758602328 and parameters: {'max_depth': 7, 'learning_rate': 0.045696161184445874, 'n_estimators': 138, 'gamma': 0.46225532793874796, 'min_child_weight': 7, 'subsample': 0.5817193917149166, 'colsample_bytree': 0.7036843752667336}. Best is trial 214 with value: 0.8203162051168504.
[I 2025-04-08 20:27:02,231] Trial 242 finished with value: 0.819184147217961 and parameters: {'max_depth': 7, 'learning_rate': 0.061960866471669214, 'n_estimators': 149, 'gamma': 0.492372643139754, 'min_child_weight': 7, 'subsample': 0.59324995013687, 'colsample_bytree': 0.6876630986489305}. Best is trial 214 with value: 0.8203162051168504.
[I 2025-04-08 20:27:03,468] Trial 243 finished with value: 0.8133148467387503 and parameters: {'max_depth': 6, 'learning_rate': 0.03889600587723205, 'n_estimators': 140, 'gamma': 0.47513265959641404, 'min_child_weight': 7, 'subsample': 0.5894573526871144, 'colsample_bytree': 0.6745718196072195}. Best is trial 214 with value: 0.8203162051168504.
[I 2025-04-08 20:27:04,928] Trial 244 finished with value: 0.8151595347423211 and parameters: {'max_depth': 5, 'learning_rate': 0.05612651369465717, 'n_estimators': 144, 'gamma': 0.45881745529275253, 'min_child_weight': 7, 'subsample': 0.5715825997737248, 'colsample_bytree': 0.6952275580265439}. Best is trial 214 with value: 0.8203162051168504.
[I 2025-04-08 20:27:06,320] Trial 245 finished with value: 0.8187229488578552 and parameters: {'max_depth': 7, 'learning_rate': 0.07350539400638313, 'n_estimators': 157, 'gamma': 0.48600685981600605, 'min_child_weight': 7, 'subsample': 0.5949611986380092, 'colsample_bytree': 0.7599067192730632}. Best is trial 214 with value: 0.8203162051168504.
[I 2025-04-08 20:27:07,843] Trial 246 finished with value: 0.8165012011014637 and parameters: {'max_depth': 8, 'learning_rate': 0.02905904816901187, 'n_estimators': 150, 'gamma': 0.468144957672533, 'min_child_weight': 7, 'subsample': 0.5509186385833854, 'colsample_bytree': 0.6620674875761332}. Best is trial 214 with value: 0.8203162051168504.
[I 2025-04-08 20:27:09,270] Trial 247 finished with value: 0.8182199447862356 and parameters: {'max_depth': 7, 'learning_rate': 0.047105251200881826, 'n_estimators': 144, 'gamma': 0.5030470865392153, 'min_child_weight': 7, 'subsample': 0.5640151020100639, 'colsample_bytree': 0.71052428994817}. Best is trial 214 with value: 0.8203162051168504.
[I 2025-04-08 20:27:10,813] Trial 248 finished with value: 0.8173813176443299 and parameters: {'max_depth': 8, 'learning_rate': 0.10288240784990889, 'n_estimators': 154, 'gamma': 0.4393589211766013, 'min_child_weight': 7, 'subsample': 0.5990529813866481, 'colsample_bytree': 0.6820976277835193}. Best is trial 214 with value: 0.8203162051168504.
[I 2025-04-08 20:27:12,314] Trial 249 finished with value: 0.8175492258299197 and parameters: {'max_depth': 8, 'learning_rate': 0.037557659819120785, 'n_estimators': 148, 'gamma': 0.4931477351990817, 'min_child_weight': 7, 'subsample': 0.578944416141448, 'colsample_bytree': 0.6696544345005984}. Best is trial 214 with value: 0.8203162051168504.
[I 2025-04-08 20:27:13,434] Trial 250 finished with value: 0.8170880450426228 and parameters: {'max_depth': 6, 'learning_rate': 0.05771110619062987, 'n_estimators': 136, 'gamma': 0.4737770943856354, 'min_child_weight': 6, 'subsample': 0.5876187554587539, 'colsample_bytree': 0.69936731591937}. Best is trial 214 with value: 0.8203162051168504.
