[I 2025-04-08 21:12:40,527] Trial 160 finished with value: 0.7662761285696964 and parameters: {'max_depth': 11, 'learning_rate': 0.1519877582583033, 'n_estimators': 60, 'gamma': 0.28067711896477354, 'min_child_weight': 7, 'subsample': 0.6626556724524276, 'colsample_bytree': 0.644189818979439}. Best is trial 97 with value: 0.8150756245815476.
[I 2025-04-08 21:12:41,144] Trial 161 finished with value: 0.7709298124454145 and parameters: {'max_depth': 10, 'learning_rate': 0.20820623804373872, 'n_estimators': 50, 'gamma': 0.2448844777929478, 'min_child_weight': 7, 'subsample': 0.6877029782481046, 'colsample_bytree': 0.6259979810504911}. Best is trial 97 with value: 0.8150756245815476.
[I 2025-04-08 21:12:42,261] Trial 162 finished with value: 0.8129373300929075 and parameters: {'max_depth': 10, 'learning_rate': 0.2670589157712354, 'n_estimators': 77, 'gamma': 0.11640295827913039, 'min_child_weight': 7, 'subsample': 0.6760445708325818, 'colsample_bytree': 0.6968064706054614}. Best is trial 97 with value: 0.8150756245815476.
[I 2025-04-08 21:12:43,511] Trial 163 finished with value: 0.6377394866279713 and parameters: {'max_depth': 9, 'learning_rate': 0.0013217805289337818, 'n_estimators': 59, 'gamma': 0.17775905688890406, 'min_child_weight': 7, 'subsample': 0.702798697368341, 'colsample_bytree': 0.6840934217579842}. Best is trial 97 with value: 0.8150756245815476.
[I 2025-04-08 21:12:44,599] Trial 164 finished with value: 0.7650603186653101 and parameters: {'max_depth': 14, 'learning_rate': 0.11782856363552217, 'n_estimators': 65, 'gamma': 0.1558684028418901, 'min_child_weight': 7, 'subsample': 0.6621435706073644, 'colsample_bytree': 0.6577718747544236}. Best is trial 97 with value: 0.8150756245815476.
[I 2025-04-08 21:12:45,817] Trial 165 finished with value: 0.813985337248555 and parameters: {'max_depth': 12, 'learning_rate': 0.19277782740526334, 'n_estimators': 54, 'gamma': 0.14094984234578795, 'min_child_weight': 7, 'subsample': 0.6484680224893502, 'colsample_bytree': 0.7815826906007812}. Best is trial 97 with value: 0.8150756245815476.
[I 2025-04-08 21:12:47,109] Trial 166 finished with value: 0.8098769727674187 and parameters: {'max_depth': 12, 'learning_rate': 0.47632923810273764, 'n_estimators': 53, 'gamma': 0.1403070798021308, 'min_child_weight': 7, 'subsample': 0.6405144099468303, 'colsample_bytree': 0.7807919797584641}. Best is trial 97 with value: 0.8150756245815476.
[I 2025-04-08 21:12:48,568] Trial 167 finished with value: 0.8133562658484766 and parameters: {'max_depth': 13, 'learning_rate': 0.17657067223019982, 'n_estimators': 70, 'gamma': 0.3000866844569831, 'min_child_weight': 7, 'subsample': 0.6515890513447234, 'colsample_bytree': 0.79327353716305}. Best is trial 97 with value: 0.8150756245815476.
[I 2025-04-08 21:12:49,880] Trial 168 finished with value: 0.8136081720588828 and parameters: {'max_depth': 12, 'learning_rate': 0.31132845537743886, 'n_estimators': 63, 'gamma': 0.16807268243456647, 'min_child_weight': 7, 'subsample': 0.7629490283511131, 'colsample_bytree': 0.7691345211590164}. Best is trial 97 with value: 0.8150756245815476.
[I 2025-04-08 21:12:51,019] Trial 169 finished with value: 0.8134825440506377 and parameters: {'max_depth': 11, 'learning_rate': 0.14550424711775306, 'n_estimators': 55, 'gamma': 0.2683179084801188, 'min_child_weight': 7, 'subsample': 0.614696008460191, 'colsample_bytree': 0.8268281086106594}. Best is trial 97 with value: 0.8150756245815476.
[I 2025-04-08 21:12:52,309] Trial 170 finished with value: 0.8116377857558328 and parameters: {'max_depth': 9, 'learning_rate': 0.09252424253213964, 'n_estimators': 73, 'gamma': 0.11987456234824104, 'min_child_weight': 7, 'subsample': 0.7494661997266333, 'colsample_bytree': 0.714780366637494}. Best is trial 97 with value: 0.8150756245815476.
[I 2025-04-08 21:12:54,078] Trial 171 finished with value: 0.8142789613064328 and parameters: {'max_depth': 11, 'learning_rate': 0.20736162177119166, 'n_estimators': 55, 'gamma': 0.10919232525271359, 'min_child_weight': 7, 'subsample': 0.6869893100221666, 'colsample_bytree': 0.7558071332314159}. Best is trial 97 with value: 0.8150756245815476.
[I 2025-04-08 21:12:55,267] Trial 172 finished with value: 0.8136500129160142 and parameters: {'max_depth': 11, 'learning_rate': 0.19341436825665903, 'n_estimators': 59, 'gamma': 0.1330184172872278, 'min_child_weight': 7, 'subsample': 0.6775217689046006, 'colsample_bytree': 0.7844850986292242}. Best is trial 97 with value: 0.8150756245815476.
[I 2025-04-08 21:12:56,386] Trial 173 finished with value: 0.8133564415765621 and parameters: {'max_depth': 13, 'learning_rate': 0.2648409970844007, 'n_estimators': 50, 'gamma': 0.21864575465315053, 'min_child_weight': 7, 'subsample': 0.6325288317355393, 'colsample_bytree': 0.7612701617351283}. Best is trial 97 with value: 0.8150756245815476.
[I 2025-04-08 21:12:57,692] Trial 174 finished with value: 0.8140694758558397 and parameters: {'max_depth': 10, 'learning_rate': 0.13570424819627183, 'n_estimators': 64, 'gamma': 0.10657030247221307, 'min_child_weight': 7, 'subsample': 0.6477732996176162, 'colsample_bytree': 0.809445454488979}. Best is trial 97 with value: 0.8150756245815476.
[I 2025-04-08 21:12:59,449] Trial 175 finished with value: 0.809709011863403 and parameters: {'max_depth': 31, 'learning_rate': 0.3661075745117791, 'n_estimators': 65, 'gamma': 0.10957792168236105, 'min_child_weight': 7, 'subsample': 0.65646494318771, 'colsample_bytree': 0.8072440848288879}. Best is trial 97 with value: 0.8150756245815476.
[I 2025-04-08 21:13:00,811] Trial 176 finished with value: 0.8134821925944671 and parameters: {'max_depth': 11, 'learning_rate': 0.19574645157325332, 'n_estimators': 70, 'gamma': 0.10588669361277346, 'min_child_weight': 7, 'subsample': 0.6463884554942421, 'colsample_bytree': 0.8410860133317466}. Best is trial 97 with value: 0.8150756245815476.
[I 2025-04-08 21:13:02,023] Trial 177 finished with value: 0.8130633271301321 and parameters: {'max_depth': 12, 'learning_rate': 0.14208863341158823, 'n_estimators': 58, 'gamma': 0.15293653249900155, 'min_child_weight': 7, 'subsample': 0.7675309638394135, 'colsample_bytree': 0.8202656159983857}. Best is trial 97 with value: 0.8150756245815476.
[I 2025-04-08 21:13:02,676] Trial 178 finished with value: 0.8134821398760413 and parameters: {'max_depth': 8, 'learning_rate': 0.291145480181302, 'n_estimators': 64, 'gamma': 0.14055629367789868, 'min_child_weight': 7, 'subsample': 0.6972224461560307, 'colsample_bytree': 0.7738863467725047}. Best is trial 97 with value: 0.8150756245815476.
[I 2025-04-08 21:13:03,689] Trial 179 finished with value: 0.808912524316374 and parameters: {'max_depth': 10, 'learning_rate': 0.5000042707646022, 'n_estimators': 76, 'gamma': 0.12417991869308873, 'min_child_weight': 7, 'subsample': 0.7406978103312553, 'colsample_bytree': 0.7470361162257801}. Best is trial 97 with value: 0.8150756245815476.
[I 2025-04-08 21:13:05,125] Trial 180 finished with value: 0.8140273714065802 and parameters: {'max_depth': 9, 'learning_rate': 0.2264525767942258, 'n_estimators': 56, 'gamma': 0.09405713519629012, 'min_child_weight': 6, 'subsample': 0.6843542348961327, 'colsample_bytree': 0.8120596500926589}. Best is trial 97 with value: 0.8150756245815476.
[I 2025-04-08 21:13:06,120] Trial 181 finished with value: 0.8133566524502646 and parameters: {'max_depth': 9, 'learning_rate': 0.23339434483824684, 'n_estimators': 56, 'gamma': 0.09145778795214098, 'min_child_weight': 6, 'subsample': 0.7075446830412276, 'colsample_bytree': 0.8131028567227928}. Best is trial 97 with value: 0.8150756245815476.
[I 2025-04-08 21:13:06,893] Trial 182 finished with value: 0.8135243497621522 and parameters: {'max_depth': 10, 'learning_rate': 0.16562949972061833, 'n_estimators': 50, 'gamma': 0.09985701787063707, 'min_child_weight': 5, 'subsample': 0.7169862055791384, 'colsample_bytree': 0.7982503078705944}. Best is trial 97 with value: 0.8150756245815476.
[I 2025-04-08 21:13:07,720] Trial 183 finished with value: 0.8110089076566483 and parameters: {'max_depth': 9, 'learning_rate': 0.41090951675682547, 'n_estimators': 61, 'gamma': 0.11318446692268894, 'min_child_weight': 6, 'subsample': 0.6838699417396182, 'colsample_bytree': 0.8483784041921423}. Best is trial 97 with value: 0.8150756245815476.
[I 2025-04-08 21:13:08,518] Trial 184 finished with value: 0.8143209778916496 and parameters: {'max_depth': 8, 'learning_rate': 0.2090308787375432, 'n_estimators': 68, 'gamma': 0.08809792751907973, 'min_child_weight': 7, 'subsample': 0.7841245308913319, 'colsample_bytree': 0.8233598779708314}. Best is trial 97 with value: 0.8150756245815476.
[I 2025-04-08 21:13:09,704] Trial 185 finished with value: 0.8139016028158668 and parameters: {'max_depth': 8, 'learning_rate': 0.30246452036623706, 'n_estimators': 82, 'gamma': 0.07153620137290984, 'min_child_weight': 7, 'subsample': 0.7789614987236997, 'colsample_bytree': 0.8225303472367002}. Best is trial 97 with value: 0.8150756245815476.
[I 2025-04-08 21:13:10,925] Trial 186 finished with value: 0.8130213105449153 and parameters: {'max_depth': 8, 'learning_rate': 0.32259138626360523, 'n_estimators': 83, 'gamma': 0.0697528278120986, 'min_child_weight': 7, 'subsample': 0.7853829549388018, 'colsample_bytree': 0.8087781000910689}. Best is trial 97 with value: 0.8150756245815476.
[I 2025-04-08 21:13:11,974] Trial 187 finished with value: 0.8129373300929073 and parameters: {'max_depth': 8, 'learning_rate': 0.2359821002068105, 'n_estimators': 69, 'gamma': 0.08178045218740974, 'min_child_weight': 7, 'subsample': 0.7756490541758586, 'colsample_bytree': 0.8302831856017573}. Best is trial 97 with value: 0.8150756245815476.
[I 2025-04-08 21:13:13,345] Trial 188 finished with value: 0.8114700181527112 and parameters: {'max_depth': 8, 'learning_rate': 0.41932761959394244, 'n_estimators': 88, 'gamma': 0.09115587949986327, 'min_child_weight': 7, 'subsample': 0.5070408308701093, 'colsample_bytree': 0.7964605010917671}. Best is trial 97 with value: 0.8150756245815476.
[I 2025-04-08 21:13:14,627] Trial 189 finished with value: 0.6377394866279713 and parameters: {'max_depth': 9, 'learning_rate': 0.0004775323506541896, 'n_estimators': 79, 'gamma': 0.06456778657905281, 'min_child_weight': 7, 'subsample': 0.7887570852714549, 'colsample_bytree': 0.8532347801501071}. Best is trial 97 with value: 0.8150756245815476.
[I 2025-04-08 21:13:16,264] Trial 190 finished with value: 0.8129373476657159 and parameters: {'max_depth': 9, 'learning_rate': 0.29254417251655007, 'n_estimators': 65, 'gamma': 0.05281882087490758, 'min_child_weight': 6, 'subsample': 0.668812117624628, 'colsample_bytree': 0.8136368893622465}. Best is trial 97 with value: 0.8150756245815476.
[I 2025-04-08 21:13:17,504] Trial 191 finished with value: 0.8133567578871157 and parameters: {'max_depth': 8, 'learning_rate': 0.13022556983753997, 'n_estimators': 74, 'gamma': 0.106019208099989, 'min_child_weight': 7, 'subsample': 0.696523860315708, 'colsample_bytree': 0.8273480525879793}. Best is trial 97 with value: 0.8150756245815476.
[I 2025-04-08 21:13:18,817] Trial 192 finished with value: 0.8140691243996689 and parameters: {'max_depth': 12, 'learning_rate': 0.20435743142021912, 'n_estimators': 60, 'gamma': 0.0831587386112814, 'min_child_weight': 5, 'subsample': 0.6558162312182861, 'colsample_bytree': 0.8200800611705266}. Best is trial 97 with value: 0.8150756245815476.
[I 2025-04-08 21:13:22,337] Trial 193 finished with value: 0.8092061132286344 and parameters: {'max_depth': 11, 'learning_rate': 0.2167575445476065, 'n_estimators': 271, 'gamma': 0.0770025582343175, 'min_child_weight': 5, 'subsample': 0.6457925348860265, 'colsample_bytree': 0.8185086063580634}. Best is trial 97 with value: 0.8150756245815476.
[I 2025-04-08 21:13:22,950] Trial 194 finished with value: 0.8135245079174288 and parameters: {'max_depth': 7, 'learning_rate': 0.28077845102591514, 'n_estimators': 67, 'gamma': 0.08661277763395077, 'min_child_weight': 5, 'subsample': 0.65559291293209, 'colsample_bytree': 0.833776957037834}. Best is trial 97 with value: 0.8150756245815476.
[I 2025-04-08 21:13:23,680] Trial 195 finished with value: 0.8138597795315441 and parameters: {'max_depth': 10, 'learning_rate': 0.20829386287147356, 'n_estimators': 61, 'gamma': 0.12233015308150547, 'min_child_weight': 5, 'subsample': 0.6343491742498225, 'colsample_bytree': 0.7888990640215652}. Best is trial 97 with value: 0.8150756245815476.
[I 2025-04-08 21:13:24,434] Trial 196 finished with value: 0.8103800119846554 and parameters: {'max_depth': 9, 'learning_rate': 0.38313094945797305, 'n_estimators': 70, 'gamma': 0.0672685403392368, 'min_child_weight': 4, 'subsample': 0.7689251057903389, 'colsample_bytree': 0.8063080982738762}. Best is trial 97 with value: 0.8150756245815476.
[I 2025-04-08 21:13:25,187] Trial 197 finished with value: 0.8106736711881503 and parameters: {'max_depth': 11, 'learning_rate': 0.5423616092347241, 'n_estimators': 60, 'gamma': 0.0979012483761832, 'min_child_weight': 7, 'subsample': 0.6680784121283012, 'colsample_bytree': 0.7999296272291346}. Best is trial 97 with value: 0.8150756245815476.
[I 2025-04-08 21:13:26,656] Trial 198 finished with value: 0.8135244727718118 and parameters: {'max_depth': 12, 'learning_rate': 0.16404133277318875, 'n_estimators': 80, 'gamma': 0.13657164695965607, 'min_child_weight': 7, 'subsample': 0.7792035878218349, 'colsample_bytree': 0.781260665801714}. Best is trial 97 with value: 0.8150756245815476.
[I 2025-04-08 21:13:27,468] Trial 199 finished with value: 0.8129373476657159 and parameters: {'max_depth': 10, 'learning_rate': 0.33280483620327844, 'n_estimators': 64, 'gamma': 0.04766150105010596, 'min_child_weight': 7, 'subsample': 0.6564932649336165, 'colsample_bytree': 0.8417762129790859}. Best is trial 97 with value: 0.8150756245815476.
[I 2025-04-08 21:13:28,008] Trial 200 finished with value: 0.8139018136895693 and parameters: {'max_depth': 7, 'learning_rate': 0.24712550431404162, 'n_estimators': 55, 'gamma': 0.10356277860401203, 'min_child_weight': 7, 'subsample': 0.758453059923349, 'colsample_bytree': 0.7507199083227801}. Best is trial 97 with value: 0.8150756245815476.
[I 2025-04-08 21:13:28,562] Trial 201 finished with value: 0.813985600840683 and parameters: {'max_depth': 7, 'learning_rate': 0.25079847999939253, 'n_estimators': 57, 'gamma': 0.1079696382193134, 'min_child_weight': 7, 'subsample': 0.744055758328293, 'colsample_bytree': 0.7531406600197815}. Best is trial 97 with value: 0.8150756245815476.
[I 2025-04-08 21:13:29,109] Trial 202 finished with value: 0.8132307959955085 and parameters: {'max_depth': 7, 'learning_rate': 0.23787669097448474, 'n_estimators': 54, 'gamma': 0.1145874222122759, 'min_child_weight': 7, 'subsample': 0.7611260986599531, 'colsample_bytree': 0.7520955818614301}. Best is trial 97 with value: 0.8150756245815476.
[I 2025-04-08 21:13:29,568] Trial 203 finished with value: 0.8035884553677022 and parameters: {'max_depth': 3, 'learning_rate': 0.19147543836565015, 'n_estimators': 58, 'gamma': 0.10363759510097448, 'min_child_weight': 7, 'subsample': 0.7397986841198624, 'colsample_bytree': 0.7403032589488572}. Best is trial 97 with value: 0.8150756245815476.
[I 2025-04-08 21:13:30,177] Trial 204 finished with value: 0.8106736887609589 and parameters: {'max_depth': 7, 'learning_rate': 0.12261595786665033, 'n_estimators': 50, 'gamma': 0.1299026753166751, 'min_child_weight': 7, 'subsample': 0.7544717082387664, 'colsample_bytree': 0.757123123325543}. Best is trial 97 with value: 0.8150756245815476.
[I 2025-04-08 21:13:30,835] Trial 205 finished with value: 0.8129793993965497 and parameters: {'max_depth': 8, 'learning_rate': 0.24325814545782182, 'n_estimators': 55, 'gamma': 0.09107873227023225, 'min_child_weight': 7, 'subsample': 0.6826216505984792, 'colsample_bytree': 0.7334507314882025}. Best is trial 97 with value: 0.8150756245815476.
[I 2025-04-08 21:13:31,525] Trial 206 finished with value: 0.8138598146771612 and parameters: {'max_depth': 7, 'learning_rate': 0.16168748611614803, 'n_estimators': 62, 'gamma': 0.11830150818674892, 'min_child_weight': 7, 'subsample': 0.7482698817531418, 'colsample_bytree': 0.7246512300281902}. Best is trial 97 with value: 0.8150756245815476.
[I 2025-04-08 21:13:32,682] Trial 207 finished with value: 0.8118890944907488 and parameters: {'max_depth': 22, 'learning_rate': 0.10145015339438798, 'n_estimators': 58, 'gamma': 0.10368823829851087, 'min_child_weight': 6, 'subsample': 0.9993868593571649, 'colsample_bytree': 0.7701452673247876}. Best is trial 97 with value: 0.8150756245815476.
[I 2025-04-08 21:13:33,216] Trial 208 finished with value: 0.6377394866279713 and parameters: {'max_depth': 4, 'learning_rate': 3.983796477532327e-05, 'n_estimators': 67, 'gamma': 0.15096924082361876, 'min_child_weight': 7, 'subsample': 0.6368911972790691, 'colsample_bytree': 0.7625691716916563}. Best is trial 97 with value: 0.8150756245815476.
[I 2025-04-08 21:13:34,396] Trial 209 finished with value: 0.813901866407995 and parameters: {'max_depth': 6, 'learning_rate': 0.19067993015327514, 'n_estimators': 161, 'gamma': 0.08376558859750716, 'min_child_weight': 4, 'subsample': 0.7342136598688691, 'colsample_bytree': 0.7419742013584852}. Best is trial 97 with value: 0.8150756245815476.
[I 2025-04-08 21:13:37,786] Trial 210 finished with value: 0.8096672412975059 and parameters: {'max_depth': 28, 'learning_rate': 0.13870540588147315, 'n_estimators': 166, 'gamma': 0.08902667415679205, 'min_child_weight': 4, 'subsample': 0.7315446756527596, 'colsample_bytree': 0.7063102193516412}. Best is trial 97 with value: 0.8150756245815476.
[I 2025-04-08 21:13:38,877] Trial 211 finished with value: 0.8123088385955108 and parameters: {'max_depth': 6, 'learning_rate': 0.20451245365803575, 'n_estimators': 174, 'gamma': 0.08106487352803635, 'min_child_weight': 5, 'subsample': 0.7273560638316838, 'colsample_bytree': 0.7448428807249399}. Best is trial 97 with value: 0.8150756245815476.
[I 2025-04-08 21:13:39,330] Trial 212 finished with value: 0.8135662784833262 and parameters: {'max_depth': 5, 'learning_rate': 0.2628277713484543, 'n_estimators': 55, 'gamma': 0.10673926159342412, 'min_child_weight': 7, 'subsample': 0.7165292144837091, 'colsample_bytree': 0.7497044041661707}. Best is trial 97 with value: 0.8150756245815476.
[I 2025-04-08 21:13:40,309] Trial 213 finished with value: 0.813985495403832 and parameters: {'max_depth': 6, 'learning_rate': 0.18345898304058075, 'n_estimators': 157, 'gamma': 0.12569862834409148, 'min_child_weight': 7, 'subsample': 0.7380448740288171, 'colsample_bytree': 0.7395574672308336}. Best is trial 97 with value: 0.8150756245815476.
[I 2025-04-08 21:13:41,307] Trial 214 finished with value: 0.8141111585576942 and parameters: {'max_depth': 6, 'learning_rate': 0.17678589144274315, 'n_estimators': 154, 'gamma': 0.09617722135645744, 'min_child_weight': 4, 'subsample': 0.7361059137606174, 'colsample_bytree': 0.7366638795700885}. Best is trial 97 with value: 0.8150756245815476.
[I 2025-04-08 21:13:42,225] Trial 215 finished with value: 0.813859480793799 and parameters: {'max_depth': 5, 'learning_rate': 0.1553922783762659, 'n_estimators': 162, 'gamma': 0.09420633678075567, 'min_child_weight': 4, 'subsample': 0.7192061871046784, 'colsample_bytree': 0.7279149421100233}. Best is trial 97 with value: 0.8150756245815476.
[I 2025-04-08 21:13:43,463] Trial 216 finished with value: 0.813859744385927 and parameters: {'max_depth': 6, 'learning_rate': 0.12144937815699156, 'n_estimators': 157, 'gamma': 0.12115224409536571, 'min_child_weight': 4, 'subsample': 0.7434308153874137, 'colsample_bytree': 0.7369644201836494}. Best is trial 97 with value: 0.8150756245815476.
[I 2025-04-08 21:13:44,604] Trial 217 finished with value: 0.8137758869435789 and parameters: {'max_depth': 6, 'learning_rate': 0.18266191439819413, 'n_estimators': 159, 'gamma': 0.14383766483166321, 'min_child_weight': 4, 'subsample': 0.7326727094229915, 'colsample_bytree': 0.7225179200194697}. Best is trial 97 with value: 0.8150756245815476.
[I 2025-04-08 21:13:45,695] Trial 218 finished with value: 0.8125181307452101 and parameters: {'max_depth': 6, 'learning_rate': 0.1717576756525201, 'n_estimators': 150, 'gamma': 0.08485044197459118, 'min_child_weight': 5, 'subsample': 0.7102484998923192, 'colsample_bytree': 0.7414000473545549}. Best is trial 97 with value: 0.8150756245815476.
[I 2025-04-08 21:13:47,281] Trial 219 finished with value: 0.8129792939596985 and parameters: {'max_depth': 5, 'learning_rate': 0.10193424640515156, 'n_estimators': 156, 'gamma': 0.11620082624511774, 'min_child_weight': 4, 'subsample': 0.7375189751228628, 'colsample_bytree': 0.6918861193898028}. Best is trial 97 with value: 0.8150756245815476.
[I 2025-04-08 21:13:49,073] Trial 220 finished with value: 0.8077388364340553 and parameters: {'max_depth': 11, 'learning_rate': 0.34793440567383827, 'n_estimators': 166, 'gamma': 0.16118583283452778, 'min_child_weight': 4, 'subsample': 0.6916998261162683, 'colsample_bytree': 0.7157463605439284}. Best is trial 97 with value: 0.8150756245815476.
[I 2025-04-08 21:13:50,225] Trial 221 finished with value: 0.813650329226568 and parameters: {'max_depth': 7, 'learning_rate': 0.20818821659106135, 'n_estimators': 148, 'gamma': 0.1046385614823006, 'min_child_weight': 7, 'subsample': 0.7528818404809211, 'colsample_bytree': 0.757210364693237}. Best is trial 97 with value: 0.8150756245815476.
[I 2025-04-08 21:13:50,809] Trial 222 finished with value: 0.8115540161775275 and parameters: {'max_depth': 7, 'learning_rate': 0.28108784501203155, 'n_estimators': 50, 'gamma': 0.0968399671506535, 'min_child_weight': 4, 'subsample': 0.7214490082975195, 'colsample_bytree': 0.7537224184857102}. Best is trial 97 with value: 0.8150756245815476.
