[I 2025-04-08 01:38:44,571] Trial 269 finished with value: 0.8191002370571873 and parameters: {'lambda_l1': 7.624132203792695e-07, 'lambda_l2': 13.217026816588845, 'num_leaves': 43, 'feature_fraction': 0.8097678937990266, 'bagging_fraction': 0.9426561826984085, 'bagging_freq': 1, 'min_child_samples': 85}. Best is trial 199 with value: 0.8195195066961187.
[I 2025-04-08 01:38:46,099] Trial 270 finished with value: 0.817213602759634 and parameters: {'lambda_l1': 9.629023118079715e-07, 'lambda_l2': 1.0736052517962504e-07, 'num_leaves': 43, 'feature_fraction': 0.790686051891488, 'bagging_fraction': 0.9378474431204704, 'bagging_freq': 1, 'min_child_samples': 83}. Best is trial 199 with value: 0.8195195066961187.
[I 2025-04-08 01:38:47,837] Trial 271 finished with value: 0.817758904581407 and parameters: {'lambda_l1': 3.4010167723956265e-07, 'lambda_l2': 7.176386864534479, 'num_leaves': 41, 'feature_fraction': 0.803665442004413, 'bagging_fraction': 0.9460137734367003, 'bagging_freq': 1, 'min_child_samples': 86}. Best is trial 199 with value: 0.8195195066961187.
[I 2025-04-08 01:38:49,747] Trial 272 finished with value: 0.8182198393493844 and parameters: {'lambda_l1': 8.388451146060635e-08, 'lambda_l2': 7.580235112173293, 'num_leaves': 47, 'feature_fraction': 0.8520501315658381, 'bagging_fraction': 0.9269110708920119, 'bagging_freq': 1, 'min_child_samples': 90}. Best is trial 199 with value: 0.8195195066961187.
[I 2025-04-08 01:38:51,521] Trial 273 finished with value: 0.8184295356736799 and parameters: {'lambda_l1': 8.854270956440174e-07, 'lambda_l2': 12.553500686118221, 'num_leaves': 44, 'feature_fraction': 0.8115288641717274, 'bagging_fraction': 0.9011939628471677, 'bagging_freq': 1, 'min_child_samples': 88}. Best is trial 199 with value: 0.8195195066961187.
[I 2025-04-08 01:38:53,753] Trial 274 finished with value: 0.8187648072877952 and parameters: {'lambda_l1': 4.160003879717095e-07, 'lambda_l2': 38.39168865777596, 'num_leaves': 49, 'feature_fraction': 0.803275072894548, 'bagging_fraction': 0.9504644898769598, 'bagging_freq': 1, 'min_child_samples': 64}. Best is trial 199 with value: 0.8195195066961187.
[I 2025-04-08 01:38:55,487] Trial 275 finished with value: 0.8170041876002749 and parameters: {'lambda_l1': 7.913629295026052e-07, 'lambda_l2': 93.1612552619135, 'num_leaves': 51, 'feature_fraction': 0.7806822558959912, 'bagging_fraction': 0.9454652951913067, 'bagging_freq': 1, 'min_child_samples': 76}. Best is trial 199 with value: 0.8195195066961187.
[I 2025-04-08 01:38:57,302] Trial 276 finished with value: 0.8184294126640204 and parameters: {'lambda_l1': 4.0132073890382876e-07, 'lambda_l2': 37.799544614148395, 'num_leaves': 49, 'feature_fraction': 0.8430155542751422, 'bagging_fraction': 0.9326770205264454, 'bagging_freq': 1, 'min_child_samples': 65}. Best is trial 199 with value: 0.8195195066961187.
[I 2025-04-08 01:38:58,997] Trial 277 finished with value: 0.8186810728551069 and parameters: {'lambda_l1': 5.304388232820865e-07, 'lambda_l2': 27.642510672649244, 'num_leaves': 48, 'feature_fraction': 0.8005294609297067, 'bagging_fraction': 0.9159606026665187, 'bagging_freq': 1, 'min_child_samples': 80}. Best is trial 199 with value: 0.8195195066961187.
[I 2025-04-08 01:39:00,731] Trial 278 finished with value: 0.8182617680705583 and parameters: {'lambda_l1': 1.5975884173135331e-07, 'lambda_l2': 33.61134983268189, 'num_leaves': 48, 'feature_fraction': 0.8013943043293033, 'bagging_fraction': 0.9138693726147276, 'bagging_freq': 1, 'min_child_samples': 81}. Best is trial 199 with value: 0.8195195066961187.
[I 2025-04-08 01:39:02,591] Trial 279 finished with value: 0.8168782608542845 and parameters: {'lambda_l1': 9.386080407702548e-06, 'lambda_l2': 51.153287478137784, 'num_leaves': 46, 'feature_fraction': 0.7895973195717131, 'bagging_fraction': 0.9049757650349268, 'bagging_freq': 1, 'min_child_samples': 80}. Best is trial 199 with value: 0.8195195066961187.
[I 2025-04-08 01:39:04,873] Trial 280 finished with value: 0.8182198217765757 and parameters: {'lambda_l1': 1.5776960008459547e-06, 'lambda_l2': 16.382779705284943, 'num_leaves': 51, 'feature_fraction': 0.8057439532914478, 'bagging_fraction': 0.9552884751735173, 'bagging_freq': 1, 'min_child_samples': 84}. Best is trial 199 with value: 0.8195195066961187.
[I 2025-04-08 01:39:06,538] Trial 281 finished with value: 0.8184713765308113 and parameters: {'lambda_l1': 6.200981872605646e-07, 'lambda_l2': 27.723782311246747, 'num_leaves': 43, 'feature_fraction': 0.813824377186416, 'bagging_fraction': 0.9289153843197493, 'bagging_freq': 1, 'min_child_samples': 77}. Best is trial 199 with value: 0.8195195066961187.
[I 2025-04-08 01:39:08,306] Trial 282 finished with value: 0.8188067184361607 and parameters: {'lambda_l1': 5.385677590290469e-07, 'lambda_l2': 11.210678750642646, 'num_leaves': 49, 'feature_fraction': 0.8249786771940127, 'bagging_fraction': 0.9616296093619727, 'bagging_freq': 1, 'min_child_samples': 86}. Best is trial 199 with value: 0.8195195066961187.
[I 2025-04-08 01:39:10,025] Trial 283 finished with value: 0.8172556017720419 and parameters: {'lambda_l1': 5.188830366637254e-07, 'lambda_l2': 5.712360846161401, 'num_leaves': 45, 'feature_fraction': 0.8222774716200175, 'bagging_fraction': 0.9467646839277922, 'bagging_freq': 1, 'min_child_samples': 86}. Best is trial 199 with value: 0.8195195066961187.
[I 2025-04-08 01:39:12,082] Trial 284 finished with value: 0.818555163681925 and parameters: {'lambda_l1': 2.0129483663931664e-07, 'lambda_l2': 10.717695489392312, 'num_leaves': 50, 'feature_fraction': 0.7553329521722187, 'bagging_fraction': 0.9628391745012377, 'bagging_freq': 1, 'min_child_samples': 62}. Best is trial 199 with value: 0.8195195066961187.
[I 2025-04-08 01:39:14,298] Trial 285 finished with value: 0.8175070335166177 and parameters: {'lambda_l1': 4.540193991192597e-07, 'lambda_l2': 48.16959903529037, 'num_leaves': 41, 'feature_fraction': 0.8382154347895936, 'bagging_fraction': 0.9146341256012688, 'bagging_freq': 1, 'min_child_samples': 81}. Best is trial 199 with value: 0.8195195066961187.
[I 2025-04-08 01:39:16,116] Trial 286 finished with value: 0.8179683724591916 and parameters: {'lambda_l1': 2.1893368384204646e-06, 'lambda_l2': 23.541664363691417, 'num_leaves': 53, 'feature_fraction': 0.8643279513400821, 'bagging_fraction': 0.9583048036587287, 'bagging_freq': 1, 'min_child_samples': 89}. Best is trial 199 with value: 0.8195195066961187.
[I 2025-04-08 01:39:17,827] Trial 287 finished with value: 0.8178006048560699 and parameters: {'lambda_l1': 7.381721797067132e-07, 'lambda_l2': 9.48068385094287, 'num_leaves': 45, 'feature_fraction': 0.7830016406770334, 'bagging_fraction': 0.9396821791442774, 'bagging_freq': 1, 'min_child_samples': 85}. Best is trial 199 with value: 0.8195195066961187.
[I 2025-04-08 01:39:19,564] Trial 288 finished with value: 0.8170460460302147 and parameters: {'lambda_l1': 1.575828379415314e-05, 'lambda_l2': 62.304596611438924, 'num_leaves': 48, 'feature_fraction': 0.8104165026081297, 'bagging_fraction': 0.9492124447699348, 'bagging_freq': 1, 'min_child_samples': 93}. Best is trial 199 with value: 0.8195195066961187.
[I 2025-04-08 01:39:22,788] Trial 289 finished with value: 0.8146985824015353 and parameters: {'lambda_l1': 9.713213495667682e-08, 'lambda_l2': 4.392666325492391, 'num_leaves': 120, 'feature_fraction': 0.822881717391033, 'bagging_fraction': 0.9233060139066477, 'bagging_freq': 2, 'min_child_samples': 82}. Best is trial 199 with value: 0.8195195066961187.
[I 2025-04-08 01:39:24,756] Trial 290 finished with value: 0.8182618383617924 and parameters: {'lambda_l1': 5.08628293457005e-07, 'lambda_l2': 17.165330112597417, 'num_leaves': 40, 'feature_fraction': 0.8494970945422993, 'bagging_fraction': 0.9616208999017725, 'bagging_freq': 1, 'min_child_samples': 87}. Best is trial 199 with value: 0.8195195066961187.
[I 2025-04-08 01:39:26,335] Trial 291 finished with value: 0.8187229137122383 and parameters: {'lambda_l1': 4.6521085643592625e-05, 'lambda_l2': 32.48590904845067, 'num_leaves': 43, 'feature_fraction': 0.8338491897602756, 'bagging_fraction': 0.937247168155011, 'bagging_freq': 2, 'min_child_samples': 92}. Best is trial 199 with value: 0.8195195066961187.
[I 2025-04-08 01:39:28,105] Trial 292 finished with value: 0.8187229664306639 and parameters: {'lambda_l1': 4.0041973216698875e-06, 'lambda_l2': 29.83692549832372, 'num_leaves': 43, 'feature_fraction': 0.8400069947087865, 'bagging_fraction': 0.9334359927967734, 'bagging_freq': 2, 'min_child_samples': 89}. Best is trial 199 with value: 0.8195195066961187.
[I 2025-04-08 01:39:29,868] Trial 293 finished with value: 0.8172556544904677 and parameters: {'lambda_l1': 3.250798937990183e-06, 'lambda_l2': 61.53366745112345, 'num_leaves': 42, 'feature_fraction': 0.8858003110280489, 'bagging_fraction': 0.8964949267921601, 'bagging_freq': 2, 'min_child_samples': 91}. Best is trial 199 with value: 0.8195195066961187.
[I 2025-04-08 01:39:31,526] Trial 294 finished with value: 0.8175492434027284 and parameters: {'lambda_l1': 3.3256870554951214e-05, 'lambda_l2': 2.329931744635462e-06, 'num_leaves': 39, 'feature_fraction': 0.840157380811286, 'bagging_fraction': 0.9357180230904486, 'bagging_freq': 2, 'min_child_samples': 89}. Best is trial 199 with value: 0.8195195066961187.
[I 2025-04-08 01:39:33,121] Trial 295 finished with value: 0.8183455727944807 and parameters: {'lambda_l1': 1.1703747140756536e-06, 'lambda_l2': 30.25582623467458, 'num_leaves': 43, 'feature_fraction': 0.8319673243715876, 'bagging_fraction': 0.9204060169799455, 'bagging_freq': 2, 'min_child_samples': 92}. Best is trial 199 with value: 0.8195195066961187.
[I 2025-04-08 01:39:35,162] Trial 296 finished with value: 0.8182198393493844 and parameters: {'lambda_l1': 0.0003434245973195802, 'lambda_l2': 41.975759270867535, 'num_leaves': 40, 'feature_fraction': 0.8560959993619287, 'bagging_fraction': 0.9311284730557566, 'bagging_freq': 2, 'min_child_samples': 58}. Best is trial 199 with value: 0.8195195066961187.
[I 2025-04-08 01:39:36,747] Trial 297 finished with value: 0.8188068414458204 and parameters: {'lambda_l1': 0.00015525364615656236, 'lambda_l2': 14.64892180028099, 'num_leaves': 42, 'feature_fraction': 0.8458840966456055, 'bagging_fraction': 0.9077023720867389, 'bagging_freq': 2, 'min_child_samples': 94}. Best is trial 199 with value: 0.8195195066961187.
[I 2025-04-08 01:39:38,369] Trial 298 finished with value: 0.8164172206494558 and parameters: {'lambda_l1': 6.528078990709275e-05, 'lambda_l2': 96.00030901947983, 'num_leaves': 43, 'feature_fraction': 0.8473704849059079, 'bagging_fraction': 0.9107806637521342, 'bagging_freq': 2, 'min_child_samples': 97}. Best is trial 199 with value: 0.8195195066961187.
[I 2025-04-08 01:39:40,116] Trial 299 finished with value: 0.8184293950912117 and parameters: {'lambda_l1': 0.00017057192954289232, 'lambda_l2': 13.988123727400017, 'num_leaves': 39, 'feature_fraction': 0.8588851309066593, 'bagging_fraction': 0.9248864675566394, 'bagging_freq': 2, 'min_child_samples': 90}. Best is trial 199 with value: 0.8195195066961187.
[I 2025-04-08 01:39:41,870] Trial 300 finished with value: 0.8183456606585233 and parameters: {'lambda_l1': 7.904833927369795e-05, 'lambda_l2': 5.261518585961428, 'num_leaves': 42, 'feature_fraction': 0.8677110789657847, 'bagging_fraction': 0.8917239592873484, 'bagging_freq': 2, 'min_child_samples': 94}. Best is trial 199 with value: 0.8195195066961187.
[I 2025-04-08 01:39:43,753] Trial 301 finished with value: 0.8190583259088218 and parameters: {'lambda_l1': 0.00017088700977610039, 'lambda_l2': 16.616287380837395, 'num_leaves': 45, 'feature_fraction': 0.829754130124662, 'bagging_fraction': 0.88152323750016, 'bagging_freq': 2, 'min_child_samples': 97}. Best is trial 199 with value: 0.8195195066961187.
[I 2025-04-08 01:39:45,893] Trial 302 finished with value: 0.8179684427504258 and parameters: {'lambda_l1': 0.0001238836370480095, 'lambda_l2': 15.956530703701441, 'num_leaves': 45, 'feature_fraction': 0.824962073364087, 'bagging_fraction': 0.8848758252568819, 'bagging_freq': 2, 'min_child_samples': 99}. Best is trial 199 with value: 0.8195195066961187.
[I 2025-04-08 01:39:47,293] Trial 303 finished with value: 0.8188486471573345 and parameters: {'lambda_l1': 0.0007337784633496572, 'lambda_l2': 2.4019264696932696, 'num_leaves': 38, 'feature_fraction': 0.8373748584041295, 'bagging_fraction': 0.9024161314928933, 'bagging_freq': 2, 'min_child_samples': 97}. Best is trial 199 with value: 0.8195195066961187.
[I 2025-04-08 01:39:48,793] Trial 304 finished with value: 0.8188488756038457 and parameters: {'lambda_l1': 0.00021027940415940496, 'lambda_l2': 3.853128651225707, 'num_leaves': 38, 'feature_fraction': 0.8443420537942746, 'bagging_fraction': 0.9068079091428503, 'bagging_freq': 2, 'min_child_samples': 96}. Best is trial 199 with value: 0.8195195066961187.
[I 2025-04-08 01:39:50,450] Trial 305 finished with value: 0.8182619965170694 and parameters: {'lambda_l1': 0.000563587979266054, 'lambda_l2': 2.307374771288917, 'num_leaves': 38, 'feature_fraction': 0.8418133526609981, 'bagging_fraction': 0.8664610807209548, 'bagging_freq': 2, 'min_child_samples': 96}. Best is trial 199 with value: 0.8195195066961187.
[I 2025-04-08 01:39:51,989] Trial 306 finished with value: 0.8181361576351216 and parameters: {'lambda_l1': 0.0002736682048847481, 'lambda_l2': 4.379028906054726, 'num_leaves': 37, 'feature_fraction': 0.8351137835305138, 'bagging_fraction': 0.8859141974965258, 'bagging_freq': 2, 'min_child_samples': 93}. Best is trial 199 with value: 0.8195195066961187.
[I 2025-04-08 01:39:53,502] Trial 307 finished with value: 0.8174234045207808 and parameters: {'lambda_l1': 3.315523285772983e-05, 'lambda_l2': 2.5232519963102504, 'num_leaves': 40, 'feature_fraction': 0.8500985789170983, 'bagging_fraction': 0.8963501683095807, 'bagging_freq': 2, 'min_child_samples': 97}. Best is trial 199 with value: 0.8195195066961187.
[I 2025-04-08 01:39:54,999] Trial 308 finished with value: 0.8188905407328916 and parameters: {'lambda_l1': 0.00020935987674155192, 'lambda_l2': 2.965518808622844, 'num_leaves': 41, 'feature_fraction': 0.82837261585462, 'bagging_fraction': 0.9035346645421877, 'bagging_freq': 2, 'min_child_samples': 95}. Best is trial 199 with value: 0.8195195066961187.
[I 2025-04-08 01:39:56,964] Trial 309 finished with value: 0.8175492434027284 and parameters: {'lambda_l1': 0.00016941567354743724, 'lambda_l2': 2.4821752138074773, 'num_leaves': 40, 'feature_fraction': 0.8677005808947574, 'bagging_fraction': 0.903408676165437, 'bagging_freq': 2, 'min_child_samples': 98}. Best is trial 199 with value: 0.8195195066961187.
[I 2025-04-08 01:39:58,452] Trial 310 finished with value: 0.8175072971087458 and parameters: {'lambda_l1': 0.00019942803343924202, 'lambda_l2': 3.5946091800677467, 'num_leaves': 38, 'feature_fraction': 0.8256905975849045, 'bagging_fraction': 0.9052927461747451, 'bagging_freq': 2, 'min_child_samples': 90}. Best is trial 199 with value: 0.8195195066961187.
[I 2025-04-08 01:40:00,091] Trial 311 finished with value: 0.8185970924030992 and parameters: {'lambda_l1': 8.452738616679692e-05, 'lambda_l2': 7.166379168458281, 'num_leaves': 43, 'feature_fraction': 0.8410774787480826, 'bagging_fraction': 0.8844916915704881, 'bagging_freq': 2, 'min_child_samples': 95}. Best is trial 199 with value: 0.8195195066961187.
[I 2025-04-08 01:40:02,426] Trial 312 finished with value: 0.8175910666870511 and parameters: {'lambda_l1': 0.00030044243078213874, 'lambda_l2': 1.394382291340424, 'num_leaves': 42, 'feature_fraction': 0.8482861839531594, 'bagging_fraction': 0.906322731704952, 'bagging_freq': 2, 'min_child_samples': 99}. Best is trial 199 with value: 0.8195195066961187.
[I 2025-04-08 01:40:04,043] Trial 313 finished with value: 0.8176749417022078 and parameters: {'lambda_l1': 0.0005661148350756477, 'lambda_l2': 5.994022682852358, 'num_leaves': 36, 'feature_fraction': 0.8318016822108584, 'bagging_fraction': 0.8750359690832564, 'bagging_freq': 3, 'min_child_samples': 95}. Best is trial 199 with value: 0.8195195066961187.
[I 2025-04-08 01:40:05,550] Trial 314 finished with value: 0.8175073146815544 and parameters: {'lambda_l1': 7.091895164321277e-06, 'lambda_l2': 2.734508385479017, 'num_leaves': 40, 'feature_fraction': 0.8177435822471733, 'bagging_fraction': 0.9126929440447613, 'bagging_freq': 2, 'min_child_samples': 88}. Best is trial 199 with value: 0.8195195066961187.
[I 2025-04-08 01:40:07,848] Trial 315 finished with value: 0.817968354886383 and parameters: {'lambda_l1': 2.098539259126873e-05, 'lambda_l2': 8.592279724393219, 'num_leaves': 45, 'feature_fraction': 0.8598343766853679, 'bagging_fraction': 0.8959829988873337, 'bagging_freq': 2, 'min_child_samples': 92}. Best is trial 199 with value: 0.8195195066961187.
[I 2025-04-08 01:40:09,421] Trial 316 finished with value: 0.8185553745556275 and parameters: {'lambda_l1': 4.477335351369202e-05, 'lambda_l2': 5.678625159942264, 'num_leaves': 42, 'feature_fraction': 0.8367508759058186, 'bagging_fraction': 0.9195936546061644, 'bagging_freq': 2, 'min_child_samples': 100}. Best is trial 199 with value: 0.8195195066961187.
[I 2025-04-08 01:40:10,868] Trial 317 finished with value: 0.8178844095799924 and parameters: {'lambda_l1': 0.00024253814145080513, 'lambda_l2': 1.6414552715898956, 'num_leaves': 39, 'feature_fraction': 0.880010351629493, 'bagging_fraction': 0.9255079195174843, 'bagging_freq': 2, 'min_child_samples': 96}. Best is trial 199 with value: 0.8195195066961187.
[I 2025-04-08 01:40:12,530] Trial 318 finished with value: 0.8180941234770964 and parameters: {'lambda_l1': 7.96290204482967e-05, 'lambda_l2': 14.192966316216415, 'num_leaves': 44, 'feature_fraction': 0.8225086229091095, 'bagging_fraction': 0.9129764281439794, 'bagging_freq': 2, 'min_child_samples': 91}. Best is trial 199 with value: 0.8195195066961187.
[I 2025-04-08 01:40:13,920] Trial 319 finished with value: 0.8175908909589659 and parameters: {'lambda_l1': 0.00013941170095990756, 'lambda_l2': 4.059778143495722, 'num_leaves': 37, 'feature_fraction': 0.8501172463869587, 'bagging_fraction': 0.9015487439881116, 'bagging_freq': 16, 'min_child_samples': 99}. Best is trial 199 with value: 0.8195195066961187.
[I 2025-04-08 01:40:17,037] Trial 320 finished with value: 0.8169621710150583 and parameters: {'lambda_l1': 4.712592170657279e-06, 'lambda_l2': 10.720526126461186, 'num_leaves': 96, 'feature_fraction': 0.8094927549236689, 'bagging_fraction': 0.9313860287521508, 'bagging_freq': 3, 'min_child_samples': 94}. Best is trial 199 with value: 0.8195195066961187.
[I 2025-04-08 01:40:18,637] Trial 321 finished with value: 0.8191000086106761 and parameters: {'lambda_l1': 0.00045966240240788095, 'lambda_l2': 19.450452334349986, 'num_leaves': 41, 'feature_fraction': 0.8319126756828921, 'bagging_fraction': 0.921483194104438, 'bagging_freq': 2, 'min_child_samples': 89}. Best is trial 199 with value: 0.8195195066961187.
[I 2025-04-08 01:40:20,204] Trial 322 finished with value: 0.8177587639989387 and parameters: {'lambda_l1': 0.0007362596926181219, 'lambda_l2': 21.509499963675196, 'num_leaves': 41, 'feature_fraction': 0.8299372891134241, 'bagging_fraction': 0.8912131450513753, 'bagging_freq': 3, 'min_child_samples': 97}. Best is trial 199 with value: 0.8195195066961187.
[I 2025-04-08 01:40:21,655] Trial 323 finished with value: 0.8177167649865306 and parameters: {'lambda_l1': 0.0005377408473066734, 'lambda_l2': 3.149663046805938, 'num_leaves': 37, 'feature_fraction': 0.7346422949515395, 'bagging_fraction': 0.8549607763036299, 'bagging_freq': 13, 'min_child_samples': 128}. Best is trial 199 with value: 0.8195195066961187.
[I 2025-04-08 01:40:23,444] Trial 324 finished with value: 0.8185972154127589 and parameters: {'lambda_l1': 0.0003355730011901533, 'lambda_l2': 7.7020521917905995, 'num_leaves': 41, 'feature_fraction': 0.8163321999672135, 'bagging_fraction': 0.9158690139133222, 'bagging_freq': 11, 'min_child_samples': 89}. Best is trial 199 with value: 0.8195195066961187.
[I 2025-04-08 01:40:25,294] Trial 325 finished with value: 0.8185553218372019 and parameters: {'lambda_l1': 0.00011222559986225159, 'lambda_l2': 21.618836535023984, 'num_leaves': 44, 'feature_fraction': 0.8322675993448114, 'bagging_fraction': 0.9020577258424953, 'bagging_freq': 2, 'min_child_samples': 93}. Best is trial 199 with value: 0.8195195066961187.
[I 2025-04-08 01:40:27,488] Trial 326 finished with value: 0.8182196811941076 and parameters: {'lambda_l1': 1.9201626383232206e-06, 'lambda_l2': 10.855740700418767, 'num_leaves': 38, 'feature_fraction': 0.7157428580836587, 'bagging_fraction': 0.9236354522173807, 'bagging_freq': 2, 'min_child_samples': 96}. Best is trial 199 with value: 0.8195195066961187.
[I 2025-04-08 01:40:29,150] Trial 327 finished with value: 0.8180522826199652 and parameters: {'lambda_l1': 0.0002229393194338968, 'lambda_l2': 2.029636044913046, 'num_leaves': 36, 'feature_fraction': 0.8041334714494233, 'bagging_fraction': 0.8797367608019302, 'bagging_freq': 2, 'min_child_samples': 101}. Best is trial 199 with value: 0.8195195066961187.
[I 2025-04-08 01:40:30,866] Trial 328 finished with value: 0.8179682845951488 and parameters: {'lambda_l1': 5.041555028523662e-05, 'lambda_l2': 1.0061380080296902, 'num_leaves': 42, 'feature_fraction': 0.8607658682383497, 'bagging_fraction': 0.9100798455300656, 'bagging_freq': 2, 'min_child_samples': 88}. Best is trial 199 with value: 0.8195195066961187.
[I 2025-04-08 01:40:32,683] Trial 329 finished with value: 0.8185552866915848 and parameters: {'lambda_l1': 0.001848471827759901, 'lambda_l2': 5.406003024668615, 'num_leaves': 39, 'feature_fraction': 0.8963636578993037, 'bagging_fraction': 0.9264242727253141, 'bagging_freq': 2, 'min_child_samples': 91}. Best is trial 199 with value: 0.8195195066961187.
