[I 2025-04-08 21:27:20,838] Trial 346 finished with value: 0.794239387341603 and parameters: {'max_depth': 22, 'learning_rate': 0.9935552677267987, 'n_estimators': 187, 'gamma': 0.30812958504480426, 'min_child_weight': 5, 'subsample': 0.9464367639455651, 'colsample_bytree': 0.605173857228405}. Best is trial 127 with value: 0.7953293583640418.
[I 2025-04-08 21:27:21,502] Trial 347 finished with value: 0.7943652437963593 and parameters: {'max_depth': 28, 'learning_rate': 0.7182872790639756, 'n_estimators': 179, 'gamma': 0.31971670890974846, 'min_child_weight': 5, 'subsample': 0.992498830479401, 'colsample_bytree': 0.992484693977436}. Best is trial 127 with value: 0.7953293583640418.
[I 2025-04-08 21:27:22,376] Trial 348 finished with value: 0.7947425144228826 and parameters: {'max_depth': 27, 'learning_rate': 0.836215384843522, 'n_estimators': 163, 'gamma': 0.3448141568624945, 'min_child_weight': 7, 'subsample': 0.9146751898250919, 'colsample_bytree': 0.9169954008374556}. Best is trial 127 with value: 0.7953293583640418.
[I 2025-04-08 21:27:23,694] Trial 349 finished with value: 0.7938204164404168 and parameters: {'max_depth': 24, 'learning_rate': 0.45286045016666315, 'n_estimators': 184, 'gamma': 0.32764112066409445, 'min_child_weight': 5, 'subsample': 0.9996901479642064, 'colsample_bytree': 0.6938987554528193}. Best is trial 127 with value: 0.7953293583640418.
[I 2025-04-08 21:27:24,778] Trial 350 finished with value: 0.7942395630696885 and parameters: {'max_depth': 25, 'learning_rate': 0.2839497071182429, 'n_estimators': 193, 'gamma': 0.30327681321052363, 'min_child_weight': 5, 'subsample': 0.9737942370178729, 'colsample_bytree': 0.7523717887370085}. Best is trial 127 with value: 0.7953293583640418.
[I 2025-04-08 21:27:25,601] Trial 351 finished with value: 0.7945329586810553 and parameters: {'max_depth': 26, 'learning_rate': 0.6036414613169525, 'n_estimators': 173, 'gamma': 0.38662587491989375, 'min_child_weight': 5, 'subsample': 0.9585012234595646, 'colsample_bytree': 0.6505092344461154}. Best is trial 127 with value: 0.7953293583640418.
[I 2025-04-08 21:27:26,234] Trial 352 finished with value: 0.7948263718652306 and parameters: {'max_depth': 23, 'learning_rate': 0.9952786710943023, 'n_estimators': 136, 'gamma': 0.29958811793984536, 'min_child_weight': 5, 'subsample': 0.9818585561323928, 'colsample_bytree': 0.7027149159343178}. Best is trial 127 with value: 0.7953293583640418.
[I 2025-04-08 21:27:27,969] Trial 353 finished with value: 0.7572625606042235 and parameters: {'max_depth': 23, 'learning_rate': 0.011399146030697036, 'n_estimators': 136, 'gamma': 0.3027254720936069, 'min_child_weight': 5, 'subsample': 0.9855213638232112, 'colsample_bytree': 0.7084549684611604}. Best is trial 127 with value: 0.7953293583640418.
[I 2025-04-08 21:27:28,610] Trial 354 finished with value: 0.7943653140875935 and parameters: {'max_depth': 22, 'learning_rate': 0.8697890401443495, 'n_estimators': 177, 'gamma': 0.32715261498824805, 'min_child_weight': 5, 'subsample': 0.9804333384484343, 'colsample_bytree': 0.700233653496866}. Best is trial 127 with value: 0.7953293583640418.
[I 2025-04-08 21:27:29,228] Trial 355 finished with value: 0.7947425495684997 and parameters: {'max_depth': 24, 'learning_rate': 0.8281402976374704, 'n_estimators': 168, 'gamma': 0.3140639603714794, 'min_child_weight': 5, 'subsample': 0.9899460879354994, 'colsample_bytree': 0.8936547582029184}. Best is trial 127 with value: 0.7953293583640418.
[I 2025-04-08 21:27:29,924] Trial 356 finished with value: 0.794784390425631 and parameters: {'max_depth': 23, 'learning_rate': 0.6711266177729196, 'n_estimators': 187, 'gamma': 0.3392408781535096, 'min_child_weight': 5, 'subsample': 0.9711128494293639, 'colsample_bytree': 0.712862060425411}. Best is trial 127 with value: 0.7953293583640418.
[I 2025-04-08 21:27:30,594] Trial 357 finished with value: 0.7939460093030448 and parameters: {'max_depth': 24, 'learning_rate': 0.9985397529916898, 'n_estimators': 182, 'gamma': 0.22045654414966093, 'min_child_weight': 5, 'subsample': 0.9799976660203584, 'colsample_bytree': 0.7698341599120672}. Best is trial 127 with value: 0.7953293583640418.
[I 2025-04-08 21:27:31,339] Trial 358 finished with value: 0.7944909596686471 and parameters: {'max_depth': 25, 'learning_rate': 0.5399638038919256, 'n_estimators': 205, 'gamma': 0.2971095996457204, 'min_child_weight': 5, 'subsample': 0.9922435245837531, 'colsample_bytree': 0.7590709434193655}. Best is trial 127 with value: 0.7953293583640418.
[I 2025-04-08 21:27:32,049] Trial 359 finished with value: 0.7948683708776388 and parameters: {'max_depth': 24, 'learning_rate': 0.6952588843984852, 'n_estimators': 176, 'gamma': 0.3129450930999258, 'min_child_weight': 5, 'subsample': 0.9677425703842925, 'colsample_bytree': 0.6342637231460109}. Best is trial 127 with value: 0.7953293583640418.
[I 2025-04-08 21:27:32,861] Trial 360 finished with value: 0.7947006384201342 and parameters: {'max_depth': 23, 'learning_rate': 0.37717588502570826, 'n_estimators': 176, 'gamma': 0.3482310195478851, 'min_child_weight': 3, 'subsample': 0.966296035050707, 'colsample_bytree': 0.6204592805803405}. Best is trial 127 with value: 0.7953293583640418.
[I 2025-04-08 21:27:34,172] Trial 361 finished with value: 0.7942395806424971 and parameters: {'max_depth': 20, 'learning_rate': 0.7160124039576677, 'n_estimators': 196, 'gamma': 0.365058929569538, 'min_child_weight': 5, 'subsample': 0.9646403087648415, 'colsample_bytree': 0.635883778755336}. Best is trial 127 with value: 0.7953293583640418.
[I 2025-04-08 21:27:35,066] Trial 362 finished with value: 0.7945748171109951 and parameters: {'max_depth': 24, 'learning_rate': 0.5540534497118024, 'n_estimators': 189, 'gamma': 0.2509645886103837, 'min_child_weight': 5, 'subsample': 0.9743134344437951, 'colsample_bytree': 0.6146058672650769}. Best is trial 127 with value: 0.7953293583640418.
[I 2025-04-08 21:27:35,848] Trial 363 finished with value: 0.7943651910779337 and parameters: {'max_depth': 24, 'learning_rate': 0.8214504816979656, 'n_estimators': 182, 'gamma': 0.3172492884836001, 'min_child_weight': 3, 'subsample': 0.9524766182971649, 'colsample_bytree': 0.645159172850105}. Best is trial 127 with value: 0.7953293583640418.
[I 2025-04-08 21:27:36,750] Trial 364 finished with value: 0.7944908190861788 and parameters: {'max_depth': 21, 'learning_rate': 0.6770966591387982, 'n_estimators': 179, 'gamma': 0.26798984706443935, 'min_child_weight': 5, 'subsample': 0.9336502426025529, 'colsample_bytree': 0.7014616191339081}. Best is trial 127 with value: 0.7953293583640418.
[I 2025-04-08 21:27:37,369] Trial 365 finished with value: 0.7945329411082467 and parameters: {'max_depth': 23, 'learning_rate': 0.9778094822063771, 'n_estimators': 185, 'gamma': 0.33716168613570824, 'min_child_weight': 5, 'subsample': 0.975270575089944, 'colsample_bytree': 0.6308487811438301}. Best is trial 127 with value: 0.7953293583640418.
[I 2025-04-08 21:27:38,072] Trial 366 finished with value: 0.7929399308685713 and parameters: {'max_depth': 25, 'learning_rate': 0.4187274582125308, 'n_estimators': 70, 'gamma': 0.22549377915166524, 'min_child_weight': 5, 'subsample': 0.8933404752548089, 'colsample_bytree': 0.634166889480459}. Best is trial 127 with value: 0.7953293583640418.
[I 2025-04-08 21:27:39,385] Trial 367 finished with value: 0.7944071022262991 and parameters: {'max_depth': 24, 'learning_rate': 0.5439630576811421, 'n_estimators': 172, 'gamma': 0.20859939623322327, 'min_child_weight': 5, 'subsample': 0.9234084847110193, 'colsample_bytree': 0.6477267362406628}. Best is trial 127 with value: 0.7953293583640418.
[I 2025-04-08 21:27:40,132] Trial 368 finished with value: 0.7946166931137435 and parameters: {'max_depth': 22, 'learning_rate': 0.9973996789210879, 'n_estimators': 191, 'gamma': 0.2496520422937648, 'min_child_weight': 5, 'subsample': 0.9996335233584626, 'colsample_bytree': 0.71415649071438}. Best is trial 127 with value: 0.7953293583640418.
[I 2025-04-08 21:27:40,885] Trial 369 finished with value: 0.7943233150751853 and parameters: {'max_depth': 24, 'learning_rate': 0.6888632196061046, 'n_estimators': 133, 'gamma': 0.28415924420196237, 'min_child_weight': 6, 'subsample': 0.9629735920356137, 'colsample_bytree': 0.6242122573529537}. Best is trial 127 with value: 0.7953293583640418.
[I 2025-04-08 21:27:41,690] Trial 370 finished with value: 0.7946166052497008 and parameters: {'max_depth': 25, 'learning_rate': 0.8145467731198271, 'n_estimators': 200, 'gamma': 0.37888898773208723, 'min_child_weight': 5, 'subsample': 0.9443675996244452, 'colsample_bytree': 0.6632399374897427}. Best is trial 127 with value: 0.7953293583640418.
[I 2025-04-08 21:27:44,471] Trial 371 finished with value: 0.6377394866279713 and parameters: {'max_depth': 24, 'learning_rate': 9.775874128269543e-05, 'n_estimators': 166, 'gamma': 0.3142639452740417, 'min_child_weight': 5, 'subsample': 0.9834692579773063, 'colsample_bytree': 0.9509846749321816}. Best is trial 127 with value: 0.7953293583640418.
[I 2025-04-08 21:27:45,916] Trial 372 finished with value: 0.7944490660930902 and parameters: {'max_depth': 25, 'learning_rate': 0.9953110958927667, 'n_estimators': 177, 'gamma': 0.23636951235432033, 'min_child_weight': 5, 'subsample': 0.9101931055237538, 'colsample_bytree': 0.6946488459658466}. Best is trial 127 with value: 0.7953293583640418.
[I 2025-04-08 21:27:46,807] Trial 373 finished with value: 0.7939879204514103 and parameters: {'max_depth': 23, 'learning_rate': 0.4842131330603835, 'n_estimators': 183, 'gamma': 0.29599238720537574, 'min_child_weight': 5, 'subsample': 0.9705292938170145, 'colsample_bytree': 0.6835171014843228}. Best is trial 127 with value: 0.7953293583640418.
[I 2025-04-08 21:27:47,612] Trial 374 finished with value: 0.7946587624173858 and parameters: {'max_depth': 24, 'learning_rate': 0.6434725398814325, 'n_estimators': 173, 'gamma': 0.33275405132940183, 'min_child_weight': 3, 'subsample': 0.9576072574737988, 'colsample_bytree': 0.6675729236069706}. Best is trial 127 with value: 0.7953293583640418.
[I 2025-04-08 21:27:48,371] Trial 375 finished with value: 0.7945746765285269 and parameters: {'max_depth': 30, 'learning_rate': 0.7312676235444964, 'n_estimators': 188, 'gamma': 0.3573207566255594, 'min_child_weight': 5, 'subsample': 0.9856550928832258, 'colsample_bytree': 0.7200409956848594}. Best is trial 127 with value: 0.7953293583640418.
[I 2025-04-08 21:27:49,177] Trial 376 finished with value: 0.79511985534064 and parameters: {'max_depth': 25, 'learning_rate': 0.5473530285656533, 'n_estimators': 161, 'gamma': 0.27176654863661137, 'min_child_weight': 6, 'subsample': 0.9801979681821774, 'colsample_bytree': 0.6561004174181982}. Best is trial 127 with value: 0.7953293583640418.
[I 2025-04-08 21:27:50,052] Trial 377 finished with value: 0.7939878501601763 and parameters: {'max_depth': 25, 'learning_rate': 0.3399554764566417, 'n_estimators': 163, 'gamma': 0.27215076900927626, 'min_child_weight': 6, 'subsample': 0.9655935531605238, 'colsample_bytree': 0.6512877640750036}. Best is trial 127 with value: 0.7953293583640418.
[I 2025-04-08 21:27:50,843] Trial 378 finished with value: 0.7940298843182015 and parameters: {'max_depth': 25, 'learning_rate': 0.4543317031232825, 'n_estimators': 160, 'gamma': 0.28317471170080405, 'min_child_weight': 6, 'subsample': 0.9526781582716823, 'colsample_bytree': 0.6398992306776783}. Best is trial 127 with value: 0.7953293583640418.
[I 2025-04-08 21:27:51,475] Trial 379 finished with value: 0.7945747643925695 and parameters: {'max_depth': 16, 'learning_rate': 0.995623387745917, 'n_estimators': 170, 'gamma': 0.3039548925704061, 'min_child_weight': 7, 'subsample': 0.9758759343033342, 'colsample_bytree': 0.659530261314727}. Best is trial 127 with value: 0.7953293583640418.
[I 2025-04-08 21:27:52,168] Trial 380 finished with value: 0.7947006735657514 and parameters: {'max_depth': 25, 'learning_rate': 0.6130611377526517, 'n_estimators': 165, 'gamma': 0.25894567234684435, 'min_child_weight': 3, 'subsample': 0.9785044717520225, 'colsample_bytree': 0.6573169571076463}. Best is trial 127 with value: 0.7953293583640418.
[I 2025-04-08 21:27:52,935] Trial 381 finished with value: 0.7952037303557967 and parameters: {'max_depth': 15, 'learning_rate': 0.7888178987075665, 'n_estimators': 157, 'gamma': 0.2916844014507429, 'min_child_weight': 6, 'subsample': 0.943619409810746, 'colsample_bytree': 0.6723224459803432}. Best is trial 127 with value: 0.7953293583640418.
[I 2025-04-08 21:27:53,979] Trial 382 finished with value: 0.7939879907426445 and parameters: {'max_depth': 15, 'learning_rate': 0.23204078186345659, 'n_estimators': 162, 'gamma': 0.27432501710034507, 'min_child_weight': 6, 'subsample': 0.9398915748740605, 'colsample_bytree': 0.6704631806190876}. Best is trial 127 with value: 0.7953293583640418.
[I 2025-04-08 21:27:55,314] Trial 383 finished with value: 0.7949102644531958 and parameters: {'max_depth': 15, 'learning_rate': 0.512090742297455, 'n_estimators': 153, 'gamma': 0.2885560558633802, 'min_child_weight': 6, 'subsample': 0.9329882760216354, 'colsample_bytree': 0.6790043446467071}. Best is trial 127 with value: 0.7953293583640418.
[I 2025-04-08 21:27:56,241] Trial 384 finished with value: 0.7942813863540112 and parameters: {'max_depth': 14, 'learning_rate': 0.29247565013833704, 'n_estimators': 151, 'gamma': 0.2837652042792154, 'min_child_weight': 6, 'subsample': 0.924524932746459, 'colsample_bytree': 0.8786153179221134}. Best is trial 127 with value: 0.7953293583640418.
[I 2025-04-08 21:27:57,118] Trial 385 finished with value: 0.7944491012387073 and parameters: {'max_depth': 15, 'learning_rate': 0.39671783773876373, 'n_estimators': 158, 'gamma': 0.26365796069013475, 'min_child_weight': 6, 'subsample': 0.9350972521953751, 'colsample_bytree': 0.6840367233283121}. Best is trial 127 with value: 0.7953293583640418.
[I 2025-04-08 21:27:57,973] Trial 386 finished with value: 0.7939880083154531 and parameters: {'max_depth': 16, 'learning_rate': 0.5025337202860538, 'n_estimators': 154, 'gamma': 0.29037250139995646, 'min_child_weight': 6, 'subsample': 0.9294342612385624, 'colsample_bytree': 0.6763547659764918}. Best is trial 127 with value: 0.7953293583640418.
[I 2025-04-08 21:27:58,939] Trial 387 finished with value: 0.7942814039268198 and parameters: {'max_depth': 14, 'learning_rate': 0.4282856168011137, 'n_estimators': 167, 'gamma': 0.27087048928553076, 'min_child_weight': 6, 'subsample': 0.9159755974876111, 'colsample_bytree': 0.6682159550478073}. Best is trial 127 with value: 0.7953293583640418.
[I 2025-04-08 21:27:59,722] Trial 388 finished with value: 0.7945329586810553 and parameters: {'max_depth': 13, 'learning_rate': 0.5600840833333021, 'n_estimators': 158, 'gamma': 0.28188436415936474, 'min_child_weight': 6, 'subsample': 0.94587114993666, 'colsample_bytree': 0.6807025050073892}. Best is trial 127 with value: 0.7953293583640418.
[I 2025-04-08 21:28:00,619] Trial 389 finished with value: 0.7947844607168651 and parameters: {'max_depth': 14, 'learning_rate': 0.6750118289917565, 'n_estimators': 177, 'gamma': 0.29386447678307265, 'min_child_weight': 6, 'subsample': 0.9304509024166464, 'colsample_bytree': 0.6637781625844661}. Best is trial 127 with value: 0.7953293583640418.
[I 2025-04-08 21:28:01,550] Trial 390 finished with value: 0.7944490660930902 and parameters: {'max_depth': 15, 'learning_rate': 0.3569833965883106, 'n_estimators': 147, 'gamma': 0.30820502864994376, 'min_child_weight': 6, 'subsample': 0.9365022228034703, 'colsample_bytree': 0.6902766472017111}. Best is trial 127 with value: 0.7953293583640418.
[I 2025-04-08 21:28:02,551] Trial 391 finished with value: 0.7943233677936108 and parameters: {'max_depth': 15, 'learning_rate': 0.5311137710715091, 'n_estimators': 171, 'gamma': 0.25536402324731866, 'min_child_weight': 6, 'subsample': 0.9418752091590545, 'colsample_bytree': 0.6739383578258162}. Best is trial 127 with value: 0.7953293583640418.
[I 2025-04-08 21:28:03,636] Trial 392 finished with value: 0.7944070319350651 and parameters: {'max_depth': 19, 'learning_rate': 0.7348414123820698, 'n_estimators': 222, 'gamma': 0.27473584931195577, 'min_child_weight': 6, 'subsample': 0.9527902325193539, 'colsample_bytree': 0.6536841401666929}. Best is trial 127 with value: 0.7953293583640418.
[I 2025-04-08 21:28:05,859] Trial 393 finished with value: 0.7911372243046 and parameters: {'max_depth': 12, 'learning_rate': 0.09362528088362923, 'n_estimators': 213, 'gamma': 0.3191062609568714, 'min_child_weight': 6, 'subsample': 0.9199752574699783, 'colsample_bytree': 0.6622885559123545}. Best is trial 127 with value: 0.7953293583640418.
[I 2025-04-08 21:28:06,926] Trial 394 finished with value: 0.7946167458321691 and parameters: {'max_depth': 13, 'learning_rate': 0.5930918086752005, 'n_estimators': 164, 'gamma': 0.29156579928007575, 'min_child_weight': 6, 'subsample': 0.9102028035375784, 'colsample_bytree': 0.5531671433675723}. Best is trial 127 with value: 0.7953293583640418.
[I 2025-04-08 21:28:07,869] Trial 395 finished with value: 0.7943650680682739 and parameters: {'max_depth': 14, 'learning_rate': 0.7641170975212249, 'n_estimators': 180, 'gamma': 0.2593221585636844, 'min_child_weight': 6, 'subsample': 0.9470860056716337, 'colsample_bytree': 0.6882693081206324}. Best is trial 127 with value: 0.7953293583640418.
[I 2025-04-08 21:28:08,631] Trial 396 finished with value: 0.7944490485202818 and parameters: {'max_depth': 26, 'learning_rate': 0.4493384265913684, 'n_estimators': 151, 'gamma': 0.3085089099224812, 'min_child_weight': 6, 'subsample': 0.9598085198889856, 'colsample_bytree': 0.6714770397845656}. Best is trial 127 with value: 0.7953293583640418.
[I 2025-04-08 21:28:09,545] Trial 397 finished with value: 0.7953292880728077 and parameters: {'max_depth': 15, 'learning_rate': 0.7842056774247245, 'n_estimators': 172, 'gamma': 0.24650557411417479, 'min_child_weight': 7, 'subsample': 0.9372097047390877, 'colsample_bytree': 0.6549243193882284}. Best is trial 127 with value: 0.7953293583640418.
[I 2025-04-08 21:28:11,663] Trial 398 finished with value: 0.6377394866279713 and parameters: {'max_depth': 25, 'learning_rate': 0.0002830811102930831, 'n_estimators': 170, 'gamma': 0.239517907107655, 'min_child_weight': 7, 'subsample': 0.9413254045634167, 'colsample_bytree': 0.6793248874921828}. Best is trial 127 with value: 0.7953293583640418.
[I 2025-04-08 21:28:12,474] Trial 399 finished with value: 0.7941136538965068 and parameters: {'max_depth': 16, 'learning_rate': 0.8069061569414809, 'n_estimators': 174, 'gamma': 0.245614117058212, 'min_child_weight': 7, 'subsample': 0.9530034368131594, 'colsample_bytree': 0.6451743944571837}. Best is trial 127 with value: 0.7953293583640418.
[I 2025-04-08 21:28:13,274] Trial 400 finished with value: 0.7942813336355856 and parameters: {'max_depth': 15, 'learning_rate': 0.8212643312911103, 'n_estimators': 168, 'gamma': 0.21539578094975942, 'min_child_weight': 7, 'subsample': 0.9600984418376958, 'colsample_bytree': 0.6584119836098848}. Best is trial 127 with value: 0.7953293583640418.
[I 2025-04-08 21:28:14,421] Trial 401 finished with value: 0.7941555123264467 and parameters: {'max_depth': 15, 'learning_rate': 0.6462586151477768, 'n_estimators': 160, 'gamma': 0.25442696093600925, 'min_child_weight': 7, 'subsample': 0.8991772224791601, 'colsample_bytree': 0.6677773183558307}. Best is trial 127 with value: 0.7953293583640418.
[I 2025-04-08 21:28:15,056] Trial 402 finished with value: 0.7939460093030448 and parameters: {'max_depth': 16, 'learning_rate': 0.8079092203482323, 'n_estimators': 165, 'gamma': 0.23485866389809662, 'min_child_weight': 7, 'subsample': 0.9928960625399796, 'colsample_bytree': 0.6958471602688564}. Best is trial 127 with value: 0.7953293583640418.
[I 2025-04-08 21:28:17,562] Trial 403 finished with value: 0.7597360212701274 and parameters: {'max_depth': 17, 'learning_rate': 0.0198829584866764, 'n_estimators': 176, 'gamma': 0.22893235356546923, 'min_child_weight': 3, 'subsample': 0.9675382512188193, 'colsample_bytree': 0.7834553527242629}. Best is trial 127 with value: 0.7953293583640418.
[I 2025-04-08 21:28:18,433] Trial 404 finished with value: 0.7939039048537856 and parameters: {'max_depth': 15, 'learning_rate': 0.6067246054940769, 'n_estimators': 180, 'gamma': 0.2648475815697228, 'min_child_weight': 7, 'subsample': 0.9477865320442648, 'colsample_bytree': 0.6774529918170491}. Best is trial 127 with value: 0.7953293583640418.
[I 2025-04-08 21:28:19,890] Trial 405 finished with value: 0.7944489430834303 and parameters: {'max_depth': 14, 'learning_rate': 0.8211612548979107, 'n_estimators': 175, 'gamma': 0.26503424678079957, 'min_child_weight': 4, 'subsample': 0.9214083622586324, 'colsample_bytree': 0.6470455281329424}. Best is trial 127 with value: 0.7953293583640418.
[I 2025-04-08 21:28:20,637] Trial 406 finished with value: 0.7943652613691679 and parameters: {'max_depth': 15, 'learning_rate': 0.9870440226686212, 'n_estimators': 170, 'gamma': 0.20133454125760286, 'min_child_weight': 4, 'subsample': 0.9733367978516164, 'colsample_bytree': 0.68737632379244}. Best is trial 127 with value: 0.7953293583640418.
[I 2025-04-08 21:28:21,304] Trial 407 finished with value: 0.7947006208473257 and parameters: {'max_depth': 26, 'learning_rate': 0.6832716350721383, 'n_estimators': 161, 'gamma': 0.24561369878335418, 'min_child_weight': 4, 'subsample': 0.9924487444585824, 'colsample_bytree': 0.8616037057316912}. Best is trial 127 with value: 0.7953293583640418.
[I 2025-04-08 21:28:23,111] Trial 408 finished with value: 0.7947844958624822 and parameters: {'max_depth': 25, 'learning_rate': 0.5529585042242927, 'n_estimators': 180, 'gamma': 0.22023466060469696, 'min_child_weight': 4, 'subsample': 0.8283106872318912, 'colsample_bytree': 0.7069674680358086}. Best is trial 127 with value: 0.7953293583640418.
