[I 2025-04-08 00:46:54,928] Trial 187 finished with value: 0.8197289570010946 and parameters: {'lambda_l1': 0.00047278528352437654, 'lambda_l2': 2.325809506536367e-08, 'num_leaves': 37, 'feature_fraction': 0.5633400589635107, 'bagging_fraction': 0.9519836093006955, 'bagging_freq': 2, 'min_child_samples': 68}. Best is trial 138 with value: 0.822621617014696.
[I 2025-04-08 00:46:56,959] Trial 188 finished with value: 0.8211963392325252 and parameters: {'lambda_l1': 0.0021312267053478174, 'lambda_l2': 4.226732271550635, 'num_leaves': 49, 'feature_fraction': 0.4495161125758369, 'bagging_fraction': 0.9238216286398117, 'bagging_freq': 11, 'min_child_samples': 119}. Best is trial 138 with value: 0.822621617014696.
[I 2025-04-08 00:46:59,190] Trial 189 finished with value: 0.8204834103900988 and parameters: {'lambda_l1': 0.00624108913565624, 'lambda_l2': 6.071098216314831, 'num_leaves': 49, 'feature_fraction': 0.4289503716131333, 'bagging_fraction': 0.9110614936346297, 'bagging_freq': 11, 'min_child_samples': 119}. Best is trial 138 with value: 0.822621617014696.
[I 2025-04-08 00:47:01,180] Trial 190 finished with value: 0.8202318732086719 and parameters: {'lambda_l1': 0.0027984860430498057, 'lambda_l2': 13.86890949043962, 'num_leaves': 53, 'feature_fraction': 0.4635572734966775, 'bagging_fraction': 0.9317584327337967, 'bagging_freq': 10, 'min_child_samples': 113}. Best is trial 138 with value: 0.822621617014696.
[I 2025-04-08 00:47:02,866] Trial 191 finished with value: 0.8203159063791052 and parameters: {'lambda_l1': 0.0009552169164023264, 'lambda_l2': 2.947875184612303, 'num_leaves': 46, 'feature_fraction': 0.4464743391122039, 'bagging_fraction': 0.9590048871724832, 'bagging_freq': 10, 'min_child_samples': 116}. Best is trial 138 with value: 0.822621617014696.
[I 2025-04-08 00:47:04,677] Trial 192 finished with value: 0.8210284310469351 and parameters: {'lambda_l1': 0.001598606261951342, 'lambda_l2': 4.2681227734534835, 'num_leaves': 50, 'feature_fraction': 0.6404164707138359, 'bagging_fraction': 0.9830938784011538, 'bagging_freq': 10, 'min_child_samples': 122}. Best is trial 138 with value: 0.822621617014696.
[I 2025-04-08 00:47:06,484] Trial 193 finished with value: 0.8209449602063751 and parameters: {'lambda_l1': 0.0012971441884140748, 'lambda_l2': 4.492185978522084, 'num_leaves': 50, 'feature_fraction': 0.6115526171026101, 'bagging_fraction': 0.9883569002189222, 'bagging_freq': 11, 'min_child_samples': 122}. Best is trial 138 with value: 0.822621617014696.
[I 2025-04-08 00:47:08,789] Trial 194 finished with value: 0.8198965137305139 and parameters: {'lambda_l1': 0.004071457788415125, 'lambda_l2': 3.391137892203053, 'num_leaves': 55, 'feature_fraction': 0.6415212205892524, 'bagging_fraction': 0.9189632129945976, 'bagging_freq': 10, 'min_child_samples': 125}. Best is trial 138 with value: 0.822621617014696.
[I 2025-04-08 00:47:11,105] Trial 195 finished with value: 0.8206093722817063 and parameters: {'lambda_l1': 0.002048801850284304, 'lambda_l2': 7.002698462075616, 'num_leaves': 59, 'feature_fraction': 0.6228939144344916, 'bagging_fraction': 0.9776605032218064, 'bagging_freq': 10, 'min_child_samples': 119}. Best is trial 138 with value: 0.822621617014696.
[I 2025-04-08 00:47:13,172] Trial 196 finished with value: 0.8188064548440327 and parameters: {'lambda_l1': 0.0008625937879186242, 'lambda_l2': 17.306262590884646, 'num_leaves': 52, 'feature_fraction': 0.6554951865964374, 'bagging_fraction': 0.8654447749432004, 'bagging_freq': 9, 'min_child_samples': 122}. Best is trial 138 with value: 0.822621617014696.
[I 2025-04-08 00:47:13,869] Trial 197 finished with value: 0.8123087331586596 and parameters: {'lambda_l1': 0.009340041020519784, 'lambda_l2': 1.492312001415333, 'num_leaves': 8, 'feature_fraction': 0.688902736129738, 'bagging_fraction': 0.9950369913076464, 'bagging_freq': 11, 'min_child_samples': 115}. Best is trial 138 with value: 0.822621617014696.
[I 2025-04-08 00:47:15,927] Trial 198 finished with value: 0.8206512834300718 and parameters: {'lambda_l1': 5.613197700296171e-05, 'lambda_l2': 2.0136353998394267e-09, 'num_leaves': 62, 'feature_fraction': 0.6368012573784174, 'bagging_fraction': 0.9211675958340798, 'bagging_freq': 10, 'min_child_samples': 117}. Best is trial 138 with value: 0.822621617014696.
[I 2025-04-08 00:47:17,887] Trial 199 finished with value: 0.8210704652049603 and parameters: {'lambda_l1': 0.00012022457582816666, 'lambda_l2': 0.6790897421094468, 'num_leaves': 48, 'feature_fraction': 0.4530528581027434, 'bagging_fraction': 0.9002038926403283, 'bagging_freq': 10, 'min_child_samples': 124}. Best is trial 138 with value: 0.822621617014696.
[I 2025-04-08 00:47:20,438] Trial 200 finished with value: 0.8214897524167005 and parameters: {'lambda_l1': 0.00010046985768062143, 'lambda_l2': 0.6456629322483922, 'num_leaves': 48, 'feature_fraction': 0.45381899327425734, 'bagging_fraction': 0.9010135461202071, 'bagging_freq': 2, 'min_child_samples': 128}. Best is trial 138 with value: 0.822621617014696.
[I 2025-04-08 00:47:22,311] Trial 201 finished with value: 0.819980371172862 and parameters: {'lambda_l1': 0.00010792614895620872, 'lambda_l2': 0.32356734566403034, 'num_leaves': 47, 'feature_fraction': 0.4521034160248851, 'bagging_fraction': 0.8964938378402041, 'bagging_freq': 2, 'min_child_samples': 125}. Best is trial 138 with value: 0.822621617014696.
[I 2025-04-08 00:47:24,007] Trial 202 finished with value: 0.8188482078371212 and parameters: {'lambda_l1': 0.00013048449236918082, 'lambda_l2': 0.7974578128074277, 'num_leaves': 44, 'feature_fraction': 0.43845901463880554, 'bagging_fraction': 0.8854981484743376, 'bagging_freq': 2, 'min_child_samples': 127}. Best is trial 138 with value: 0.822621617014696.
[I 2025-04-08 00:47:25,746] Trial 203 finished with value: 0.81985446199968 and parameters: {'lambda_l1': 4.147772483198841e-05, 'lambda_l2': 0.6997121606483614, 'num_leaves': 48, 'feature_fraction': 0.4791766131972939, 'bagging_fraction': 0.9032728556997576, 'bagging_freq': 1, 'min_child_samples': 124}. Best is trial 138 with value: 0.822621617014696.
[I 2025-04-08 00:47:27,893] Trial 204 finished with value: 0.8202740479491654 and parameters: {'lambda_l1': 0.00024018954893694232, 'lambda_l2': 0.20522265092064745, 'num_leaves': 53, 'feature_fraction': 0.45068709719037076, 'bagging_fraction': 0.8804434356907331, 'bagging_freq': 3, 'min_child_samples': 128}. Best is trial 138 with value: 0.822621617014696.
[I 2025-04-08 00:47:30,084] Trial 205 finished with value: 0.8225798113031819 and parameters: {'lambda_l1': 5.934585873223599e-05, 'lambda_l2': 2.005795262415117, 'num_leaves': 40, 'feature_fraction': 0.4636926864340644, 'bagging_fraction': 0.9195513318046434, 'bagging_freq': 2, 'min_child_samples': 119}. Best is trial 138 with value: 0.822621617014696.
[I 2025-04-08 00:47:31,648] Trial 206 finished with value: 0.8203997638214533 and parameters: {'lambda_l1': 6.414148282144815e-05, 'lambda_l2': 1.375683190268911, 'num_leaves': 40, 'feature_fraction': 0.47132599509851636, 'bagging_fraction': 0.9124207202180319, 'bagging_freq': 2, 'min_child_samples': 120}. Best is trial 138 with value: 0.822621617014696.
[I 2025-04-08 00:47:33,308] Trial 207 finished with value: 0.8195192782496077 and parameters: {'lambda_l1': 2.953905834982147e-05, 'lambda_l2': 3.770635042734438e-08, 'num_leaves': 42, 'feature_fraction': 0.7328535677289878, 'bagging_fraction': 0.923377117093875, 'bagging_freq': 2, 'min_child_samples': 124}. Best is trial 138 with value: 0.822621617014696.
[I 2025-04-08 00:47:34,753] Trial 208 finished with value: 0.8204833400988646 and parameters: {'lambda_l1': 8.701879090034825e-05, 'lambda_l2': 0.4088966019093066, 'num_leaves': 36, 'feature_fraction': 0.40138617586856146, 'bagging_fraction': 0.9006158411718216, 'bagging_freq': 2, 'min_child_samples': 119}. Best is trial 138 with value: 0.822621617014696.
[I 2025-04-08 00:47:36,462] Trial 209 finished with value: 0.8189743278840055 and parameters: {'lambda_l1': 0.0001372878317481554, 'lambda_l2': 1.0848085735653776, 'num_leaves': 46, 'feature_fraction': 0.7772527286579956, 'bagging_fraction': 0.874438811777912, 'bagging_freq': 1, 'min_child_samples': 121}. Best is trial 138 with value: 0.822621617014696.
[I 2025-04-08 00:47:38,063] Trial 210 finished with value: 0.820483357671673 and parameters: {'lambda_l1': 0.00025478143855368017, 'lambda_l2': 0.6206387249920439, 'num_leaves': 43, 'feature_fraction': 0.4248390589924954, 'bagging_fraction': 0.9366796565689902, 'bagging_freq': 3, 'min_child_samples': 127}. Best is trial 138 with value: 0.822621617014696.
[I 2025-04-08 00:47:40,369] Trial 211 finished with value: 0.8203158536606796 and parameters: {'lambda_l1': 3.5354895107783705e-05, 'lambda_l2': 2.188668763506408, 'num_leaves': 50, 'feature_fraction': 0.46109607791718377, 'bagging_fraction': 0.913204452101315, 'bagging_freq': 10, 'min_child_samples': 117}. Best is trial 138 with value: 0.822621617014696.
[I 2025-04-08 00:47:42,480] Trial 212 finished with value: 0.8196032059831898 and parameters: {'lambda_l1': 0.0004363764621463819, 'lambda_l2': 2.0688680155308083, 'num_leaves': 56, 'feature_fraction': 0.4910665953348625, 'bagging_fraction': 0.9447454123445962, 'bagging_freq': 10, 'min_child_samples': 93}. Best is trial 138 with value: 0.822621617014696.
[I 2025-04-08 00:47:44,123] Trial 213 finished with value: 0.8203996056661765 and parameters: {'lambda_l1': 6.367055620093827e-05, 'lambda_l2': 3.113057461333683, 'num_leaves': 38, 'feature_fraction': 0.4676569431066941, 'bagging_fraction': 0.8908370591768009, 'bagging_freq': 2, 'min_child_samples': 114}. Best is trial 138 with value: 0.822621617014696.
[I 2025-04-08 00:47:45,831] Trial 214 finished with value: 0.8199803711728618 and parameters: {'lambda_l1': 2.0125515293967375e-05, 'lambda_l2': 10.170914057857026, 'num_leaves': 48, 'feature_fraction': 0.4490804367537584, 'bagging_fraction': 0.9265526165476412, 'bagging_freq': 9, 'min_child_samples': 123}. Best is trial 138 with value: 0.822621617014696.
[I 2025-04-08 00:47:47,679] Trial 215 finished with value: 0.8209867483450808 and parameters: {'lambda_l1': 0.0005967335148208812, 'lambda_l2': 5.976936253403384, 'num_leaves': 52, 'feature_fraction': 0.4937522931904382, 'bagging_fraction': 0.9034689518499893, 'bagging_freq': 2, 'min_child_samples': 120}. Best is trial 138 with value: 0.822621617014696.
[I 2025-04-08 00:47:49,458] Trial 216 finished with value: 0.8203157306510199 and parameters: {'lambda_l1': 4.236965612929743, 'lambda_l2': 1.7657196755323863e-07, 'num_leaves': 45, 'feature_fraction': 0.43633038044878003, 'bagging_fraction': 0.9376637301922924, 'bagging_freq': 10, 'min_child_samples': 117}. Best is trial 138 with value: 0.822621617014696.
[I 2025-04-08 00:47:51,936] Trial 217 finished with value: 0.8204837267006525 and parameters: {'lambda_l1': 0.0001709658815491877, 'lambda_l2': 1.2678123540323811, 'num_leaves': 57, 'feature_fraction': 0.5054833708251205, 'bagging_fraction': 0.9538142983651854, 'bagging_freq': 11, 'min_child_samples': 2}. Best is trial 138 with value: 0.822621617014696.
[I 2025-04-08 00:47:53,763] Trial 218 finished with value: 0.8204417979794785 and parameters: {'lambda_l1': 0.0002645751287500206, 'lambda_l2': 2.769965158536073, 'num_leaves': 49, 'feature_fraction': 0.4772435717160881, 'bagging_fraction': 0.9702121764634377, 'bagging_freq': 1, 'min_child_samples': 125}. Best is trial 138 with value: 0.822621617014696.
[I 2025-04-08 00:47:55,272] Trial 219 finished with value: 0.8206932472968628 and parameters: {'lambda_l1': 0.00039765490334338365, 'lambda_l2': 0.4110994312388215, 'num_leaves': 40, 'feature_fraction': 0.4642054576000799, 'bagging_fraction': 0.917002417115072, 'bagging_freq': 10, 'min_child_samples': 121}. Best is trial 138 with value: 0.822621617014696.
[I 2025-04-08 00:47:57,159] Trial 220 finished with value: 0.8203578878187049 and parameters: {'lambda_l1': 0.0001214990464253044, 'lambda_l2': 0.8092158662741704, 'num_leaves': 54, 'feature_fraction': 0.486008855095982, 'bagging_fraction': 0.9267542858277213, 'bagging_freq': 2, 'min_child_samples': 112}. Best is trial 138 with value: 0.822621617014696.
[I 2025-04-08 00:47:59,204] Trial 221 finished with value: 0.8198130077443366 and parameters: {'lambda_l1': 0.0013633168881527933, 'lambda_l2': 4.688220644383575, 'num_leaves': 50, 'feature_fraction': 0.6300854132940285, 'bagging_fraction': 0.9879148441220029, 'bagging_freq': 10, 'min_child_samples': 99}. Best is trial 138 with value: 0.822621617014696.
[I 2025-04-08 00:48:01,722] Trial 222 finished with value: 0.8203579932555561 and parameters: {'lambda_l1': 0.0019773809796322893, 'lambda_l2': 4.95360670633784, 'num_leaves': 51, 'feature_fraction': 0.6458023279859441, 'bagging_fraction': 0.9743584446196938, 'bagging_freq': 10, 'min_child_samples': 123}. Best is trial 138 with value: 0.822621617014696.
[I 2025-04-08 00:48:03,567] Trial 223 finished with value: 0.819770797858226 and parameters: {'lambda_l1': 0.0007465615335461261, 'lambda_l2': 9.359387440364302e-09, 'num_leaves': 47, 'feature_fraction': 0.49901562169813646, 'bagging_fraction': 0.9542540440310461, 'bagging_freq': 10, 'min_child_samples': 119}. Best is trial 138 with value: 0.822621617014696.
[I 2025-04-08 00:48:05,772] Trial 224 finished with value: 0.8193932460667662 and parameters: {'lambda_l1': 0.0023012258925988005, 'lambda_l2': 2.0000035004339254, 'num_leaves': 52, 'feature_fraction': 0.9698029363523952, 'bagging_fraction': 0.9657492627328658, 'bagging_freq': 9, 'min_child_samples': 122}. Best is trial 138 with value: 0.822621617014696.
[I 2025-04-08 00:48:07,214] Trial 225 finished with value: 0.8190163444692221 and parameters: {'lambda_l1': 0.0011528631991925776, 'lambda_l2': 2.4021481530948316e-06, 'num_leaves': 34, 'feature_fraction': 0.6017798131408943, 'bagging_fraction': 0.9857870759077336, 'bagging_freq': 11, 'min_child_samples': 117}. Best is trial 138 with value: 0.822621617014696.
[I 2025-04-08 00:48:08,982] Trial 226 finished with value: 0.8194773846740508 and parameters: {'lambda_l1': 0.0006070895036139122, 'lambda_l2': 9.251870145438414, 'num_leaves': 44, 'feature_fraction': 0.5154733834764755, 'bagging_fraction': 0.6456642859370189, 'bagging_freq': 10, 'min_child_samples': 128}. Best is trial 138 with value: 0.822621617014696.
[I 2025-04-08 00:48:11,046] Trial 227 finished with value: 0.8205674259877236 and parameters: {'lambda_l1': 0.0030124711026475984, 'lambda_l2': 4.189408463460309, 'num_leaves': 55, 'feature_fraction': 0.4560349631320777, 'bagging_fraction': 0.9993455730181438, 'bagging_freq': 2, 'min_child_samples': 123}. Best is trial 138 with value: 0.822621617014696.
[I 2025-04-08 00:48:13,147] Trial 228 finished with value: 0.8200641056055502 and parameters: {'lambda_l1': 0.0003247623432329469, 'lambda_l2': 1.5597869609137578, 'num_leaves': 50, 'feature_fraction': 0.4781620999803536, 'bagging_fraction': 0.5129992943205577, 'bagging_freq': 9, 'min_child_samples': 79}. Best is trial 138 with value: 0.822621617014696.
[I 2025-04-08 00:48:14,955] Trial 229 finished with value: 0.8203579053915135 and parameters: {'lambda_l1': 1.387384924984574e-05, 'lambda_l2': 2.851970225301027, 'num_leaves': 48, 'feature_fraction': 0.6114854179892948, 'bagging_fraction': 0.9383455281412458, 'bagging_freq': 10, 'min_child_samples': 119}. Best is trial 138 with value: 0.822621617014696.
[I 2025-04-08 00:48:16,745] Trial 230 finished with value: 0.8196029951094873 and parameters: {'lambda_l1': 0.0008919085668033415, 'lambda_l2': 4.004927171693435e-09, 'num_leaves': 53, 'feature_fraction': 0.4932556714299805, 'bagging_fraction': 0.9783549850498142, 'bagging_freq': 11, 'min_child_samples': 121}. Best is trial 138 with value: 0.822621617014696.
[I 2025-04-08 00:48:18,447] Trial 231 finished with value: 0.821280126383639 and parameters: {'lambda_l1': 0.0005239343718506949, 'lambda_l2': 1.1122375716772601, 'num_leaves': 40, 'feature_fraction': 0.5289600903189405, 'bagging_fraction': 0.9604444767714498, 'bagging_freq': 2, 'min_child_samples': 54}. Best is trial 138 with value: 0.822621617014696.
[I 2025-04-08 00:48:20,083] Trial 232 finished with value: 0.820735088153994 and parameters: {'lambda_l1': 0.0004093527647974905, 'lambda_l2': 6.4815379404771105e-06, 'num_leaves': 41, 'feature_fraction': 0.5280810955663425, 'bagging_fraction': 0.9610874099430818, 'bagging_freq': 2, 'min_child_samples': 49}. Best is trial 138 with value: 0.822621617014696.
[I 2025-04-08 00:48:22,222] Trial 233 finished with value: 0.820190049924349 and parameters: {'lambda_l1': 0.0015375320296616422, 'lambda_l2': 0.9416193400274234, 'num_leaves': 45, 'feature_fraction': 0.5100981485556265, 'bagging_fraction': 0.9465041646256441, 'bagging_freq': 3, 'min_child_samples': 125}. Best is trial 138 with value: 0.822621617014696.
[I 2025-04-08 00:48:23,794] Trial 234 finished with value: 0.8183455376488636 and parameters: {'lambda_l1': 0.00019378671662570942, 'lambda_l2': 0.546118136990498, 'num_leaves': 38, 'feature_fraction': 0.6717372010579028, 'bagging_fraction': 0.8958841161092193, 'bagging_freq': 2, 'min_child_samples': 55}. Best is trial 138 with value: 0.822621617014696.
[I 2025-04-08 00:48:25,463] Trial 235 finished with value: 0.8209448196239068 and parameters: {'lambda_l1': 0.000599273711057712, 'lambda_l2': 3.444083125549477, 'num_leaves': 43, 'feature_fraction': 0.4708416786621969, 'bagging_fraction': 0.9684881344801097, 'bagging_freq': 2, 'min_child_samples': 53}. Best is trial 138 with value: 0.822621617014696.
[I 2025-04-08 00:48:27,396] Trial 236 finished with value: 0.8206092316992379 and parameters: {'lambda_l1': 7.022111127542146e-05, 'lambda_l2': 1.7859435699170685, 'num_leaves': 47, 'feature_fraction': 0.4410487132538806, 'bagging_fraction': 0.911226588103777, 'bagging_freq': 10, 'min_child_samples': 115}. Best is trial 138 with value: 0.822621617014696.
[I 2025-04-08 00:48:29,564] Trial 237 finished with value: 0.8206094777185575 and parameters: {'lambda_l1': 4.263069312685031e-05, 'lambda_l2': 0.28872715603221827, 'num_leaves': 58, 'feature_fraction': 0.5029335953580564, 'bagging_fraction': 0.9487911503525758, 'bagging_freq': 2, 'min_child_samples': 43}. Best is trial 138 with value: 0.822621617014696.
[I 2025-04-08 00:48:31,345] Trial 238 finished with value: 0.8207771047392107 and parameters: {'lambda_l1': 0.0011836473186399926, 'lambda_l2': 0.001564330191552943, 'num_leaves': 50, 'feature_fraction': 0.520258131400545, 'bagging_fraction': 0.9804299755105423, 'bagging_freq': 10, 'min_child_samples': 118}. Best is trial 138 with value: 0.822621617014696.
[I 2025-04-08 00:48:33,150] Trial 239 finished with value: 0.8201481739216007 and parameters: {'lambda_l1': 2.942944243468414, 'lambda_l2': 6.739372151147709, 'num_leaves': 29, 'feature_fraction': 0.48535101851778173, 'bagging_fraction': 0.9312890541931087, 'bagging_freq': 1, 'min_child_samples': 82}. Best is trial 138 with value: 0.822621617014696.
[I 2025-04-08 00:48:34,862] Trial 240 finished with value: 0.8213219672407703 and parameters: {'lambda_l1': 0.0040699240236767, 'lambda_l2': 13.377615926390897, 'num_leaves': 42, 'feature_fraction': 0.4552618158060617, 'bagging_fraction': 0.9578582762886496, 'bagging_freq': 2, 'min_child_samples': 121}. Best is trial 138 with value: 0.822621617014696.
[I 2025-04-08 00:48:36,518] Trial 241 finished with value: 0.819435332943217 and parameters: {'lambda_l1': 0.004621563625413239, 'lambda_l2': 22.831769039133466, 'num_leaves': 41, 'feature_fraction': 0.4548628859883269, 'bagging_fraction': 0.7976874510286076, 'bagging_freq': 2, 'min_child_samples': 47}. Best is trial 138 with value: 0.822621617014696.
[I 2025-04-08 00:48:37,977] Trial 242 finished with value: 0.8199385303157307 and parameters: {'lambda_l1': 0.002794183833419004, 'lambda_l2': 11.599202682492741, 'num_leaves': 32, 'feature_fraction': 0.470424452114055, 'bagging_fraction': 0.9679203617773261, 'bagging_freq': 2, 'min_child_samples': 122}. Best is trial 138 with value: 0.822621617014696.
[I 2025-04-08 00:48:39,540] Trial 243 finished with value: 0.8202737492114203 and parameters: {'lambda_l1': 0.0018815527127111272, 'lambda_l2': 6.991917410084933, 'num_leaves': 38, 'feature_fraction': 0.4499409657499014, 'bagging_fraction': 0.9564436923715679, 'bagging_freq': 3, 'min_child_samples': 120}. Best is trial 138 with value: 0.822621617014696.
[I 2025-04-08 00:48:41,359] Trial 244 finished with value: 0.8207769290111253 and parameters: {'lambda_l1': 0.0007465827964676205, 'lambda_l2': 14.784173792277771, 'num_leaves': 45, 'feature_fraction': 0.46213853543836897, 'bagging_fraction': 0.9876980368481231, 'bagging_freq': 2, 'min_child_samples': 126}. Best is trial 138 with value: 0.822621617014696.
[I 2025-04-08 00:48:43,715] Trial 245 finished with value: 0.820441587105776 and parameters: {'lambda_l1': 0.6444018195720599, 'lambda_l2': 3.867241586035823, 'num_leaves': 42, 'feature_fraction': 0.4372610549797693, 'bagging_fraction': 0.9427164743062595, 'bagging_freq': 2, 'min_child_samples': 123}. Best is trial 138 with value: 0.822621617014696.
[I 2025-04-08 00:48:45,555] Trial 246 finished with value: 0.8201062803460438 and parameters: {'lambda_l1': 1.0424628036324367e-09, 'lambda_l2': 1.1853057625345278, 'num_leaves': 53, 'feature_fraction': 0.622056563486, 'bagging_fraction': 0.924581506204654, 'bagging_freq': 10, 'min_child_samples': 116}. Best is trial 138 with value: 0.822621617014696.
[I 2025-04-08 00:48:46,978] Trial 247 finished with value: 0.8201480860575578 and parameters: {'lambda_l1': 0.0014308546710011633, 'lambda_l2': 2.701499963873991, 'num_leaves': 35, 'feature_fraction': 0.5359927332157121, 'bagging_fraction': 0.9609934866641796, 'bagging_freq': 9, 'min_child_samples': 63}. Best is trial 138 with value: 0.822621617014696.
