[I 2025-04-08 01:19:15,882] Trial 331 finished with value: 0.8185552339731593 and parameters: {'lambda_l1': 2.606994988937241e-07, 'lambda_l2': 7.31841843328515e-09, 'num_leaves': 25, 'feature_fraction': 0.4729007135878188, 'bagging_fraction': 0.8495153305352623, 'bagging_freq': 15, 'min_child_samples': 115}. Best is trial 179 with value: 0.8209027854658816.
[I 2025-04-08 01:19:17,348] Trial 332 finished with value: 0.8171717091840769 and parameters: {'lambda_l1': 9.816852192038074e-08, 'lambda_l2': 1.0932889689923817e-07, 'num_leaves': 33, 'feature_fraction': 0.5007637574915933, 'bagging_fraction': 0.7883390770721916, 'bagging_freq': 15, 'min_child_samples': 118}. Best is trial 179 with value: 0.8209027854658816.
[I 2025-04-08 01:19:19,131] Trial 333 finished with value: 0.8175491555386856 and parameters: {'lambda_l1': 9.39325070951093e-07, 'lambda_l2': 5.847789706959015e-06, 'num_leaves': 29, 'feature_fraction': 0.45643185992588753, 'bagging_fraction': 0.44218319876556794, 'bagging_freq': 8, 'min_child_samples': 104}. Best is trial 179 with value: 0.8209027854658816.
[I 2025-04-08 01:19:20,623] Trial 334 finished with value: 0.8184293247999775 and parameters: {'lambda_l1': 0.0011390541775878633, 'lambda_l2': 2.203571524909291e-08, 'num_leaves': 34, 'feature_fraction': 0.44264095657308095, 'bagging_fraction': 0.8242582572660344, 'bagging_freq': 16, 'min_child_samples': 123}. Best is trial 179 with value: 0.8209027854658816.
[I 2025-04-08 01:19:21,833] Trial 335 finished with value: 0.8183036967917324 and parameters: {'lambda_l1': 6.790637508527579e-08, 'lambda_l2': 1.0847031418402748e-08, 'num_leaves': 23, 'feature_fraction': 0.463594766966235, 'bagging_fraction': 0.8131444035899635, 'bagging_freq': 15, 'min_child_samples': 126}. Best is trial 179 with value: 0.8209027854658816.
[I 2025-04-08 01:19:23,297] Trial 336 finished with value: 0.8189745914761335 and parameters: {'lambda_l1': 0.003478608644133598, 'lambda_l2': 4.542313950832148e-08, 'num_leaves': 31, 'feature_fraction': 0.4382448444450043, 'bagging_fraction': 0.8530973133310304, 'bagging_freq': 15, 'min_child_samples': 108}. Best is trial 179 with value: 0.8209027854658816.
[I 2025-04-08 01:19:24,129] Trial 337 finished with value: 0.8033791807908116 and parameters: {'lambda_l1': 50.185564140111, 'lambda_l2': 2.234048255212545e-05, 'num_leaves': 27, 'feature_fraction': 0.5098135358429379, 'bagging_fraction': 0.8338706686997656, 'bagging_freq': 14, 'min_child_samples': 112}. Best is trial 179 with value: 0.8209027854658816.
[I 2025-04-08 01:19:25,066] Trial 338 finished with value: 0.8171717091840769 and parameters: {'lambda_l1': 2.4600234314953326e-09, 'lambda_l2': 1.983621174734197e-09, 'num_leaves': 19, 'feature_fraction': 0.6069425059318214, 'bagging_fraction': 0.8048392525195006, 'bagging_freq': 15, 'min_child_samples': 115}. Best is trial 179 with value: 0.8209027854658816.
[I 2025-04-08 01:19:26,548] Trial 339 finished with value: 0.8175909436773914 and parameters: {'lambda_l1': 9.809238853087375e-09, 'lambda_l2': 6.4130824603517815e-09, 'num_leaves': 35, 'feature_fraction': 0.4469391044498295, 'bagging_fraction': 0.8430844882663605, 'bagging_freq': 14, 'min_child_samples': 118}. Best is trial 179 with value: 0.8209027854658816.
[I 2025-04-08 01:19:28,032] Trial 340 finished with value: 0.8180520014550285 and parameters: {'lambda_l1': 8.885889453712755e-09, 'lambda_l2': 1.26253230280579e-08, 'num_leaves': 32, 'feature_fraction': 0.43206259845405537, 'bagging_fraction': 0.8212248109781729, 'bagging_freq': 16, 'min_child_samples': 121}. Best is trial 179 with value: 0.8209027854658816.
[I 2025-04-08 01:19:30,140] Trial 341 finished with value: 0.8181778579097848 and parameters: {'lambda_l1': 2.3687914188030576e-06, 'lambda_l2': 1.0610115449325033e-09, 'num_leaves': 37, 'feature_fraction': 0.48275772893885666, 'bagging_fraction': 0.8586729700688835, 'bagging_freq': 14, 'min_child_samples': 101}. Best is trial 179 with value: 0.8209027854658816.
[I 2025-04-08 01:19:31,401] Trial 342 finished with value: 0.8179682143039149 and parameters: {'lambda_l1': 0.13004340574266707, 'lambda_l2': 6.4187265424410994e-09, 'num_leaves': 25, 'feature_fraction': 0.45157947611168237, 'bagging_fraction': 0.8336834437916423, 'bagging_freq': 14, 'min_child_samples': 43}. Best is trial 179 with value: 0.8209027854658816.
[I 2025-04-08 01:19:32,643] Trial 343 finished with value: 0.8191422184967868 and parameters: {'lambda_l1': 1.8010304169162116e-08, 'lambda_l2': 2.941056451811791e-09, 'num_leaves': 28, 'feature_fraction': 0.4208013328779492, 'bagging_fraction': 0.8483493271529031, 'bagging_freq': 15, 'min_child_samples': 113}. Best is trial 179 with value: 0.8209027854658816.
[I 2025-04-08 01:19:34,074] Trial 344 finished with value: 0.8185972505583761 and parameters: {'lambda_l1': 1.0857783791875866e-07, 'lambda_l2': 1.9833139528527513e-08, 'num_leaves': 31, 'feature_fraction': 0.4640311895157445, 'bagging_fraction': 0.8640823110991703, 'bagging_freq': 16, 'min_child_samples': 117}. Best is trial 179 with value: 0.8209027854658816.
[I 2025-04-08 01:19:35,600] Trial 345 finished with value: 0.8192259705022835 and parameters: {'lambda_l1': 0.009266586928010356, 'lambda_l2': 0.0022691268469480427, 'num_leaves': 34, 'feature_fraction': 0.43719804932409295, 'bagging_fraction': 0.822583554945848, 'bagging_freq': 14, 'min_child_samples': 106}. Best is trial 179 with value: 0.8209027854658816.
[I 2025-04-08 01:19:37,122] Trial 346 finished with value: 0.8180099321513863 and parameters: {'lambda_l1': 5.700717545486201e-07, 'lambda_l2': 0.0015427645844992067, 'num_leaves': 35, 'feature_fraction': 0.4391472846298424, 'bagging_fraction': 0.7964674242793162, 'bagging_freq': 14, 'min_child_samples': 106}. Best is trial 179 with value: 0.8209027854658816.
[I 2025-04-08 01:19:38,609] Trial 347 finished with value: 0.8185550933906909 and parameters: {'lambda_l1': 5.457758629057401e-08, 'lambda_l2': 0.0011071590855820297, 'num_leaves': 38, 'feature_fraction': 0.4568280756411099, 'bagging_fraction': 0.818126052559612, 'bagging_freq': 14, 'min_child_samples': 102}. Best is trial 179 with value: 0.8209027854658816.
[I 2025-04-08 01:19:39,305] Trial 348 finished with value: 0.7919757460096545 and parameters: {'lambda_l1': 99.66308209601877, 'lambda_l2': 0.0024354066374937086, 'num_leaves': 34, 'feature_fraction': 0.4325582105067295, 'bagging_fraction': 0.8283646777218147, 'bagging_freq': 14, 'min_child_samples': 104}. Best is trial 179 with value: 0.8209027854658816.
[I 2025-04-08 01:19:41,508] Trial 349 finished with value: 0.8185132525335597 and parameters: {'lambda_l1': 0.009279409990814013, 'lambda_l2': 0.0053786082153812675, 'num_leaves': 42, 'feature_fraction': 0.472058698766861, 'bagging_fraction': 0.8412531545589216, 'bagging_freq': 14, 'min_child_samples': 98}. Best is trial 179 with value: 0.8209027854658816.
[I 2025-04-08 01:19:43,098] Trial 350 finished with value: 0.8174232112198867 and parameters: {'lambda_l1': 3.635346408843663e-07, 'lambda_l2': 0.0030006434406864993, 'num_leaves': 40, 'feature_fraction': 0.44545816806058464, 'bagging_fraction': 0.8082636235768178, 'bagging_freq': 13, 'min_child_samples': 108}. Best is trial 179 with value: 0.8209027854658816.
[I 2025-04-08 01:19:44,644] Trial 351 finished with value: 0.8188905758785087 and parameters: {'lambda_l1': 0.018893412272177133, 'lambda_l2': 8.025064109079062e-08, 'num_leaves': 36, 'feature_fraction': 0.42936337727897955, 'bagging_fraction': 0.8260214880242045, 'bagging_freq': 14, 'min_child_samples': 126}. Best is trial 179 with value: 0.8209027854658816.
[I 2025-04-08 01:19:45,584] Trial 352 finished with value: 0.8155787340900185 and parameters: {'lambda_l1': 0.00957720902426655, 'lambda_l2': 0.0037980748088299178, 'num_leaves': 15, 'feature_fraction': 0.450484482368785, 'bagging_fraction': 0.8512277212554162, 'bagging_freq': 14, 'min_child_samples': 105}. Best is trial 179 with value: 0.8209027854658816.
[I 2025-04-08 01:19:46,883] Trial 353 finished with value: 0.8191422360695955 and parameters: {'lambda_l1': 0.01871719309791341, 'lambda_l2': 0.0016957945366659107, 'num_leaves': 29, 'feature_fraction': 0.41903629430113964, 'bagging_fraction': 0.8362324102910618, 'bagging_freq': 11, 'min_child_samples': 122}. Best is trial 179 with value: 0.8209027854658816.
[I 2025-04-08 01:19:47,910] Trial 354 finished with value: 0.8172972844738965 and parameters: {'lambda_l1': 0.006993865142497614, 'lambda_l2': 1.8011337193292414e-07, 'num_leaves': 22, 'feature_fraction': 0.4381597857196835, 'bagging_fraction': 0.6247385414039757, 'bagging_freq': 14, 'min_child_samples': 109}. Best is trial 179 with value: 0.8209027854658816.
[I 2025-04-08 01:19:49,328] Trial 355 finished with value: 0.81826162748809 and parameters: {'lambda_l1': 0.04352848007339787, 'lambda_l2': 1.8936367305116875e-09, 'num_leaves': 33, 'feature_fraction': 0.45965304758999187, 'bagging_fraction': 0.8168617639192124, 'bagging_freq': 13, 'min_child_samples': 125}. Best is trial 179 with value: 0.8209027854658816.
[I 2025-04-08 01:19:51,099] Trial 356 finished with value: 0.8184292720815518 and parameters: {'lambda_l1': 0.4273343498318696, 'lambda_l2': 3.637996276714741e-08, 'num_leaves': 26, 'feature_fraction': 0.41395724784309, 'bagging_fraction': 0.8560115099585404, 'bagging_freq': 15, 'min_child_samples': 121}. Best is trial 179 with value: 0.8209027854658816.
[I 2025-04-08 01:19:52,746] Trial 357 finished with value: 0.8163333104886823 and parameters: {'lambda_l1': 0.013646791100477245, 'lambda_l2': 2.77506644030546e-09, 'num_leaves': 37, 'feature_fraction': 0.9308270314022755, 'bagging_fraction': 0.7998129787130863, 'bagging_freq': 14, 'min_child_samples': 111}. Best is trial 179 with value: 0.8209027854658816.
[I 2025-04-08 01:19:54,102] Trial 358 finished with value: 0.8175489622377917 and parameters: {'lambda_l1': 0.000481585323489983, 'lambda_l2': 4.594359865117748e-09, 'num_leaves': 29, 'feature_fraction': 0.4861194217524854, 'bagging_fraction': 0.8454617930543985, 'bagging_freq': 14, 'min_child_samples': 106}. Best is trial 179 with value: 0.8209027854658816.
[I 2025-04-08 01:19:55,578] Trial 359 finished with value: 0.818219698766916 and parameters: {'lambda_l1': 0.0003315002655672399, 'lambda_l2': 0.0005557853022877373, 'num_leaves': 33, 'feature_fraction': 0.42922442205192707, 'bagging_fraction': 0.8698814774049067, 'bagging_freq': 13, 'min_child_samples': 118}. Best is trial 179 with value: 0.8209027854658816.
[I 2025-04-08 01:19:57,727] Trial 360 finished with value: 0.8172551624518285 and parameters: {'lambda_l1': 0.0046291097056081025, 'lambda_l2': 9.262511069403395e-08, 'num_leaves': 54, 'feature_fraction': 0.46979450117814114, 'bagging_fraction': 0.8310825848217764, 'bagging_freq': 15, 'min_child_samples': 100}. Best is trial 179 with value: 0.8209027854658816.
[I 2025-04-08 01:19:59,725] Trial 361 finished with value: 0.8179263558739749 and parameters: {'lambda_l1': 0.0008106218852105346, 'lambda_l2': 1.4815418164572941e-05, 'num_leaves': 45, 'feature_fraction': 0.4419580726370259, 'bagging_fraction': 0.7797740382543163, 'bagging_freq': 14, 'min_child_samples': 124}. Best is trial 179 with value: 0.8209027854658816.
[I 2025-04-08 01:20:01,479] Trial 362 finished with value: 0.8177587288533216 and parameters: {'lambda_l1': 2.8918863836406142e-09, 'lambda_l2': 1.6030687965546974e-09, 'num_leaves': 24, 'feature_fraction': 0.42211424005050396, 'bagging_fraction': 0.859247495621389, 'bagging_freq': 10, 'min_child_samples': 115}. Best is trial 179 with value: 0.8209027854658816.
[I 2025-04-08 01:20:02,849] Trial 363 finished with value: 0.8193096873621633 and parameters: {'lambda_l1': 0.006817693950489223, 'lambda_l2': 1.5890660266828134e-08, 'num_leaves': 31, 'feature_fraction': 0.4119527855820354, 'bagging_fraction': 0.8065795665123442, 'bagging_freq': 14, 'min_child_samples': 120}. Best is trial 179 with value: 0.8209027854658816.
[I 2025-04-08 01:20:05,316] Trial 364 finished with value: 0.8167522638170599 and parameters: {'lambda_l1': 0.002836895095082434, 'lambda_l2': 2.7535844582664404, 'num_leaves': 95, 'feature_fraction': 0.40793198252683927, 'bagging_fraction': 0.8033206235954672, 'bagging_freq': 15, 'min_child_samples': 120}. Best is trial 179 with value: 0.8209027854658816.
[I 2025-04-08 01:20:06,434] Trial 365 finished with value: 0.8185132876791767 and parameters: {'lambda_l1': 0.0002798550358116091, 'lambda_l2': 2.7410321029349035e-08, 'num_leaves': 27, 'feature_fraction': 0.411870452330958, 'bagging_fraction': 0.8094362459803509, 'bagging_freq': 14, 'min_child_samples': 123}. Best is trial 179 with value: 0.8209027854658816.
[I 2025-04-08 01:20:07,602] Trial 366 finished with value: 0.8187646842781355 and parameters: {'lambda_l1': 0.0006809522742640384, 'lambda_l2': 1.5963969563289265e-08, 'num_leaves': 30, 'feature_fraction': 0.4127017563637332, 'bagging_fraction': 0.8421740062640618, 'bagging_freq': 16, 'min_child_samples': 120}. Best is trial 179 with value: 0.8209027854658816.
[I 2025-04-08 01:20:08,908] Trial 367 finished with value: 0.818806700863352 and parameters: {'lambda_l1': 3.8064050423246626e-06, 'lambda_l2': 8.721009618908223e-09, 'num_leaves': 32, 'feature_fraction': 0.42279456114173464, 'bagging_fraction': 0.870515057982149, 'bagging_freq': 13, 'min_child_samples': 126}. Best is trial 179 with value: 0.8209027854658816.
[I 2025-04-08 01:20:10,109] Trial 368 finished with value: 0.8175070159438091 and parameters: {'lambda_l1': 0.004858833708542017, 'lambda_l2': 4.535706799843923e-08, 'num_leaves': 28, 'feature_fraction': 0.40044391404263796, 'bagging_fraction': 0.8562488444046193, 'bagging_freq': 15, 'min_child_samples': 117}. Best is trial 179 with value: 0.8209027854658816.
[I 2025-04-08 01:20:11,867] Trial 369 finished with value: 0.8187229137122383 and parameters: {'lambda_l1': 1.712610093079019e-05, 'lambda_l2': 1.1457295150780081e-08, 'num_leaves': 25, 'feature_fraction': 0.42654295012547616, 'bagging_fraction': 0.8318413984688612, 'bagging_freq': 14, 'min_child_samples': 122}. Best is trial 179 with value: 0.8209027854658816.
[I 2025-04-08 01:20:13,533] Trial 370 finished with value: 0.8177587639989387 and parameters: {'lambda_l1': 0.0004868642886488567, 'lambda_l2': 2.359976421459347e-08, 'num_leaves': 40, 'feature_fraction': 0.41697508694020147, 'bagging_fraction': 0.7942752945688625, 'bagging_freq': 15, 'min_child_samples': 128}. Best is trial 179 with value: 0.8209027854658816.
[I 2025-04-08 01:20:14,764] Trial 371 finished with value: 0.8196873797360917 and parameters: {'lambda_l1': 0.0010481527095827466, 'lambda_l2': 5.578355783761889e-09, 'num_leaves': 31, 'feature_fraction': 0.40024706129718807, 'bagging_fraction': 0.8779070180514975, 'bagging_freq': 14, 'min_child_samples': 119}. Best is trial 179 with value: 0.8209027854658816.
[I 2025-04-08 01:20:15,956] Trial 372 finished with value: 0.818806665717735 and parameters: {'lambda_l1': 0.0026809114772947612, 'lambda_l2': 5.5071984691025125e-09, 'num_leaves': 30, 'feature_fraction': 0.40946652020976737, 'bagging_fraction': 0.8776292888422255, 'bagging_freq': 16, 'min_child_samples': 116}. Best is trial 179 with value: 0.8209027854658816.
[I 2025-04-08 01:20:19,091] Trial 373 finished with value: 0.8153271969085916 and parameters: {'lambda_l1': 0.0014459855953752202, 'lambda_l2': 2.7719640890431392e-09, 'num_leaves': 120, 'feature_fraction': 0.45446655528026036, 'bagging_fraction': 0.883133793455692, 'bagging_freq': 13, 'min_child_samples': 119}. Best is trial 179 with value: 0.8209027854658816.
[I 2025-04-08 01:20:20,268] Trial 374 finished with value: 0.8176746078188455 and parameters: {'lambda_l1': 0.028852793938025808, 'lambda_l2': 9.928057437918068e-09, 'num_leaves': 27, 'feature_fraction': 0.4014192923952364, 'bagging_fraction': 0.8670868870598709, 'bagging_freq': 1, 'min_child_samples': 115}. Best is trial 179 with value: 0.8209027854658816.
[I 2025-04-08 01:20:21,406] Trial 375 finished with value: 0.8182618032161754 and parameters: {'lambda_l1': 0.0009486354542349912, 'lambda_l2': 4.82227636854955e-09, 'num_leaves': 21, 'feature_fraction': 0.40043763888360967, 'bagging_fraction': 0.8636836986465243, 'bagging_freq': 14, 'min_child_samples': 118}. Best is trial 179 with value: 0.8209027854658816.
[I 2025-04-08 01:20:23,153] Trial 376 finished with value: 0.8184296059649142 and parameters: {'lambda_l1': 0.00488655203127407, 'lambda_l2': 1.8791959163456036e-06, 'num_leaves': 31, 'feature_fraction': 0.49347022515530903, 'bagging_fraction': 0.9041729785960884, 'bagging_freq': 15, 'min_child_samples': 113}. Best is trial 179 with value: 0.8209027854658816.
[I 2025-04-08 01:20:24,353] Trial 377 finished with value: 0.8182617856433667 and parameters: {'lambda_l1': 0.0022861216982876034, 'lambda_l2': 1.5200865512154063e-08, 'num_leaves': 29, 'feature_fraction': 0.4277838376961894, 'bagging_fraction': 0.8487761212996988, 'bagging_freq': 4, 'min_child_samples': 112}. Best is trial 179 with value: 0.8209027854658816.
[I 2025-04-08 01:20:25,820] Trial 378 finished with value: 0.8180101957435143 and parameters: {'lambda_l1': 0.00703024125454434, 'lambda_l2': 2.239099634210671e-09, 'num_leaves': 32, 'feature_fraction': 0.47261054816085735, 'bagging_fraction': 0.8752791243168355, 'bagging_freq': 14, 'min_child_samples': 116}. Best is trial 179 with value: 0.8209027854658816.
[I 2025-04-08 01:20:27,233] Trial 379 finished with value: 0.8175490325290259 and parameters: {'lambda_l1': 8.078201852830384, 'lambda_l2': 1.019057152834524e-09, 'num_leaves': 25, 'feature_fraction': 0.44274576210896105, 'bagging_fraction': 0.8877000895675768, 'bagging_freq': 14, 'min_child_samples': 119}. Best is trial 179 with value: 0.8209027854658816.
[I 2025-04-08 01:20:28,833] Trial 380 finished with value: 0.8167525977004223 and parameters: {'lambda_l1': 1.3458550228889388e-08, 'lambda_l2': 6.528816111381095e-09, 'num_leaves': 35, 'feature_fraction': 0.5420440862801952, 'bagging_fraction': 0.8601158727708191, 'bagging_freq': 15, 'min_child_samples': 121}. Best is trial 179 with value: 0.8209027854658816.
[I 2025-04-08 01:20:30,145] Trial 381 finished with value: 0.818010090306663 and parameters: {'lambda_l1': 0.00025067021098032727, 'lambda_l2': 3.46347441102012e-09, 'num_leaves': 28, 'feature_fraction': 0.6246572299759696, 'bagging_fraction': 0.8466919336733153, 'bagging_freq': 13, 'min_child_samples': 110}. Best is trial 179 with value: 0.8209027854658816.
[I 2025-04-08 01:20:31,573] Trial 382 finished with value: 0.8177587288533216 and parameters: {'lambda_l1': 1.622571856443884e-07, 'lambda_l2': 1.2370216638551279e-08, 'num_leaves': 32, 'feature_fraction': 0.41810374260113214, 'bagging_fraction': 0.8695478069337184, 'bagging_freq': 12, 'min_child_samples': 114}. Best is trial 179 with value: 0.8209027854658816.
[I 2025-04-08 01:20:33,306] Trial 383 finished with value: 0.8180520717462627 and parameters: {'lambda_l1': 0.0010065847951988695, 'lambda_l2': 7.566072858045782e-07, 'num_leaves': 23, 'feature_fraction': 0.45990691583320203, 'bagging_fraction': 0.8394588297551857, 'bagging_freq': 15, 'min_child_samples': 117}. Best is trial 179 with value: 0.8209027854658816.
[I 2025-04-08 01:20:34,820] Trial 384 finished with value: 0.8190161863139453 and parameters: {'lambda_l1': 3.8870868344740804e-08, 'lambda_l2': 7.86742337945643e-09, 'num_leaves': 35, 'feature_fraction': 0.4332203079928429, 'bagging_fraction': 0.8572326979446372, 'bagging_freq': 14, 'min_child_samples': 122}. Best is trial 179 with value: 0.8209027854658816.
[I 2025-04-08 01:20:37,025] Trial 385 finished with value: 0.8167525098363795 and parameters: {'lambda_l1': 0.0004074806202161721, 'lambda_l2': 8.238966965835836e-05, 'num_leaves': 58, 'feature_fraction': 0.4119018512454992, 'bagging_fraction': 0.8800225601178269, 'bagging_freq': 2, 'min_child_samples': 113}. Best is trial 179 with value: 0.8209027854658816.
[I 2025-04-08 01:20:38,256] Trial 386 finished with value: 0.8201900499243491 and parameters: {'lambda_l1': 0.01578255506799228, 'lambda_l2': 4.600081817535414e-09, 'num_leaves': 30, 'feature_fraction': 0.4489454543887443, 'bagging_fraction': 0.8525036207607634, 'bagging_freq': 14, 'min_child_samples': 119}. Best is trial 179 with value: 0.8209027854658816.
[I 2025-04-08 01:20:39,448] Trial 387 finished with value: 0.8167525449819966 and parameters: {'lambda_l1': 0.020724037460393235, 'lambda_l2': 1.7281678528691752e-09, 'num_leaves': 26, 'feature_fraction': 0.47142638733680925, 'bagging_fraction': 0.8531692483115537, 'bagging_freq': 13, 'min_child_samples': 23}. Best is trial 179 with value: 0.8209027854658816.
[I 2025-04-08 01:20:39,605] A new study created in RDB with name: lightgbm-num_features-6
[I 2025-04-08 01:20:40,678] Trial 0 finished with value: 0.8179263383011663 and parameters: {'lambda_l1': 0.0004956767041191378, 'lambda_l2': 1.0605851451259504e-08, 'num_leaves': 26, 'feature_fraction': 0.45570408510050464, 'bagging_fraction': 0.825741282167063, 'bagging_freq': 15, 'min_child_samples': 128}. Best is trial 0 with value: 0.8179263383011663.
[I 2025-04-08 01:20:43,492] Trial 1 finished with value: 0.8136919943556139 and parameters: {'lambda_l1': 0.0010934051850730244, 'lambda_l2': 0.00607989216088974, 'num_leaves': 77, 'feature_fraction': 0.43729111292111655, 'bagging_fraction': 0.9754365848273087, 'bagging_freq': 11, 'min_child_samples': 72}. Best is trial 0 with value: 0.8179263383011663.
[I 2025-04-08 01:20:44,682] Trial 2 finished with value: 0.8182193824563624 and parameters: {'lambda_l1': 0.012254146969425748, 'lambda_l2': 0.0005495152315203212, 'num_leaves': 26, 'feature_fraction': 0.737164365306523, 'bagging_fraction': 0.48870922260217614, 'bagging_freq': 12, 'min_child_samples': 82}. Best is trial 2 with value: 0.8182193824563624.
