[I 2025-04-08 19:46:22,479] Trial 84 finished with value: 0.8148236305070984 and parameters: {'max_depth': 18, 'learning_rate': 0.005449206115995217, 'n_estimators': 262, 'gamma': 0.119905802003492, 'min_child_weight': 7, 'subsample': 0.5788189120924693, 'colsample_bytree': 0.786885476468007}. Best is trial 51 with value: 0.8207352287364623.
[I 2025-04-08 19:46:31,875] Trial 85 finished with value: 0.810966996508283 and parameters: {'max_depth': 22, 'learning_rate': 0.04895928466022541, 'n_estimators': 273, 'gamma': 0.16789469322205613, 'min_child_weight': 2, 'subsample': 0.6340664878857625, 'colsample_bytree': 0.6737232138202751}. Best is trial 51 with value: 0.8207352287364623.
[I 2025-04-08 19:46:37,003] Trial 86 finished with value: 0.8203578351002792 and parameters: {'max_depth': 15, 'learning_rate': 0.013498734070906359, 'n_estimators': 246, 'gamma': 0.38635151082832675, 'min_child_weight': 6, 'subsample': 0.7008254533315038, 'colsample_bytree': 0.7702890395017222}. Best is trial 51 with value: 0.8207352287364623.
[I 2025-04-08 19:46:41,907] Trial 87 finished with value: 0.8165426377839985 and parameters: {'max_depth': 15, 'learning_rate': 0.007742572127810063, 'n_estimators': 211, 'gamma': 0.3879823270758526, 'min_child_weight': 7, 'subsample': 0.7028622488869791, 'colsample_bytree': 0.7755018503566018}. Best is trial 51 with value: 0.8207352287364623.
[I 2025-04-08 19:46:46,732] Trial 88 finished with value: 0.8066910225793016 and parameters: {'max_depth': 13, 'learning_rate': 0.003987649717458439, 'n_estimators': 246, 'gamma': 0.34503336078147673, 'min_child_weight': 6, 'subsample': 0.7298606179483401, 'colsample_bytree': 0.8180611466257183}. Best is trial 51 with value: 0.8207352287364623.
[I 2025-04-08 19:46:50,054] Trial 89 finished with value: 0.8179680210030209 and parameters: {'max_depth': 19, 'learning_rate': 0.01471847945616722, 'n_estimators': 140, 'gamma': 0.357300818085354, 'min_child_weight': 7, 'subsample': 0.6962591496962955, 'colsample_bytree': 0.7698364209793455}. Best is trial 51 with value: 0.8207352287364623.
[I 2025-04-08 19:46:55,035] Trial 90 finished with value: 0.818471200802726 and parameters: {'max_depth': 15, 'learning_rate': 0.03470200483661506, 'n_estimators': 237, 'gamma': 0.3198118112066245, 'min_child_weight': 6, 'subsample': 0.6480373844336159, 'colsample_bytree': 0.7224058599994979}. Best is trial 51 with value: 0.8207352287364623.
[I 2025-04-08 19:47:00,574] Trial 91 finished with value: 0.8186392671435927 and parameters: {'max_depth': 17, 'learning_rate': 0.010557838366034798, 'n_estimators': 254, 'gamma': 0.4094708506937139, 'min_child_weight': 6, 'subsample': 0.6730292711462472, 'colsample_bytree': 0.7472101813141825}. Best is trial 51 with value: 0.8207352287364623.
[I 2025-04-08 19:47:05,328] Trial 92 finished with value: 0.8198549188927023 and parameters: {'max_depth': 14, 'learning_rate': 0.02200916702640389, 'n_estimators': 219, 'gamma': 0.1509847185778857, 'min_child_weight': 6, 'subsample': 0.6882161252263845, 'colsample_bytree': 0.7561784048420073}. Best is trial 51 with value: 0.8207352287364623.
[I 2025-04-08 19:47:09,530] Trial 93 finished with value: 0.8196872391536232 and parameters: {'max_depth': 14, 'learning_rate': 0.022988739821255988, 'n_estimators': 219, 'gamma': 0.15405987351646447, 'min_child_weight': 6, 'subsample': 0.7150861224065485, 'colsample_bytree': 0.7908888155159122}. Best is trial 51 with value: 0.8207352287364623.
[I 2025-04-08 19:47:13,738] Trial 94 finished with value: 0.8159556532603711 and parameters: {'max_depth': 13, 'learning_rate': 0.05560880063006606, 'n_estimators': 233, 'gamma': 0.09353330908409506, 'min_child_weight': 6, 'subsample': 0.7422156037213038, 'colsample_bytree': 0.7576621534135637}. Best is trial 51 with value: 0.8207352287364623.
[I 2025-04-08 19:47:18,047] Trial 95 finished with value: 0.8189745211848993 and parameters: {'max_depth': 15, 'learning_rate': 0.01714082064751588, 'n_estimators': 180, 'gamma': 0.17827696529098067, 'min_child_weight': 5, 'subsample': 0.7617977218102376, 'colsample_bytree': 0.6993475019753033}. Best is trial 51 with value: 0.8207352287364623.
[I 2025-04-08 19:47:21,188] Trial 96 finished with value: 0.8133147940203246 and parameters: {'max_depth': 12, 'learning_rate': 0.09124334296440277, 'n_estimators': 203, 'gamma': 0.07351803566415699, 'min_child_weight': 7, 'subsample': 0.7130929836877012, 'colsample_bytree': 0.9107007915402717}. Best is trial 51 with value: 0.8207352287364623.
[I 2025-04-08 19:47:26,538] Trial 97 finished with value: 0.8176747659741223 and parameters: {'max_depth': 16, 'learning_rate': 0.00751777945039926, 'n_estimators': 227, 'gamma': 0.38018004378143117, 'min_child_weight': 7, 'subsample': 0.6816347511615748, 'colsample_bytree': 0.801540274706756}. Best is trial 51 with value: 0.8207352287364623.
[I 2025-04-08 19:47:29,512] Trial 98 finished with value: 0.8191840944995352 and parameters: {'max_depth': 24, 'learning_rate': 0.02556389761638948, 'n_estimators': 107, 'gamma': 0.128724144892519, 'min_child_weight': 6, 'subsample': 0.6910593787082596, 'colsample_bytree': 0.7840361243233399}. Best is trial 51 with value: 0.8207352287364623.
[I 2025-04-08 19:47:36,133] Trial 99 finished with value: 0.7804469292395718 and parameters: {'max_depth': 29, 'learning_rate': 0.0028758630804512617, 'n_estimators': 244, 'gamma': 0.28303043193796873, 'min_child_weight': 5, 'subsample': 0.6607096642456176, 'colsample_bytree': 0.7289384071139466}. Best is trial 51 with value: 0.8207352287364623.
[I 2025-04-08 19:47:42,249] Trial 100 finished with value: 0.8204418858435213 and parameters: {'max_depth': 32, 'learning_rate': 0.013752816873496668, 'n_estimators': 253, 'gamma': 0.03702639240533967, 'min_child_weight': 6, 'subsample': 0.617893250536656, 'colsample_bytree': 0.8246407595966441}. Best is trial 51 with value: 0.8207352287364623.
[I 2025-04-08 19:47:48,931] Trial 101 finished with value: 0.8193937732510224 and parameters: {'max_depth': 31, 'learning_rate': 0.010607642061502361, 'n_estimators': 254, 'gamma': 0.059681395078606626, 'min_child_weight': 6, 'subsample': 0.6377392429059666, 'colsample_bytree': 0.8254898004157651}. Best is trial 51 with value: 0.8207352287364623.
[I 2025-04-08 19:47:56,173] Trial 102 finished with value: 0.8202738019298458 and parameters: {'max_depth': 32, 'learning_rate': 0.013386109773763798, 'n_estimators': 265, 'gamma': 0.03788211883660125, 'min_child_weight': 6, 'subsample': 0.6533218624979427, 'colsample_bytree': 0.8586335217671639}. Best is trial 51 with value: 0.8207352287364623.
[I 2025-04-08 19:48:02,754] Trial 103 finished with value: 0.8194354735256854 and parameters: {'max_depth': 32, 'learning_rate': 0.01946992549948642, 'n_estimators': 266, 'gamma': 0.042063133542981496, 'min_child_weight': 6, 'subsample': 0.6172867908708977, 'colsample_bytree': 0.8584331862306263}. Best is trial 51 with value: 0.8207352287364623.
[I 2025-04-08 19:48:09,104] Trial 104 finished with value: 0.817129780462903 and parameters: {'max_depth': 31, 'learning_rate': 0.039139690149235115, 'n_estimators': 249, 'gamma': 0.3112112559973433, 'min_child_weight': 6, 'subsample': 0.5933595694784952, 'colsample_bytree': 0.8407673965762967}. Best is trial 51 with value: 0.8207352287364623.
[I 2025-04-08 19:48:15,414] Trial 105 finished with value: 0.8154528952080708 and parameters: {'max_depth': 32, 'learning_rate': 0.0054757023983030475, 'n_estimators': 239, 'gamma': 0.2060045449904028, 'min_child_weight': 6, 'subsample': 0.6685952760279364, 'colsample_bytree': 0.8882341720830786}. Best is trial 51 with value: 0.8207352287364623.
[I 2025-04-08 19:48:21,100] Trial 106 finished with value: 0.8186807213989361 and parameters: {'max_depth': 30, 'learning_rate': 0.008883188114371937, 'n_estimators': 231, 'gamma': 0.046148697308321274, 'min_child_weight': 6, 'subsample': 0.6106830316888537, 'colsample_bytree': 0.8652839231643468}. Best is trial 51 with value: 0.8207352287364623.
[I 2025-04-08 19:48:28,065] Trial 107 finished with value: 0.8187645788412841 and parameters: {'max_depth': 30, 'learning_rate': 0.019874835617794094, 'n_estimators': 255, 'gamma': 0.021897558288497366, 'min_child_weight': 6, 'subsample': 0.6425396739285892, 'colsample_bytree': 0.809470127129488}. Best is trial 51 with value: 0.8207352287364623.
[I 2025-04-08 19:48:35,782] Trial 108 finished with value: 0.8165847422332579 and parameters: {'max_depth': 29, 'learning_rate': 0.030591875591305495, 'n_estimators': 244, 'gamma': 0.015067893515496658, 'min_child_weight': 5, 'subsample': 0.7960972430238533, 'colsample_bytree': 0.8340208413376232}. Best is trial 51 with value: 0.8207352287364623.
[I 2025-04-08 19:48:41,118] Trial 109 finished with value: 0.8201064912197463 and parameters: {'max_depth': 31, 'learning_rate': 0.014485455159332594, 'n_estimators': 220, 'gamma': 0.2883292746128042, 'min_child_weight': 6, 'subsample': 0.6036399009845664, 'colsample_bytree': 0.8185283148405612}. Best is trial 51 with value: 0.8207352287364623.
[I 2025-04-08 19:48:47,105] Trial 110 finished with value: 0.8165427432208497 and parameters: {'max_depth': 32, 'learning_rate': 0.007030465360680966, 'n_estimators': 215, 'gamma': 0.2879642393560359, 'min_child_weight': 5, 'subsample': 0.59566896264674, 'colsample_bytree': 0.8800360442018623}. Best is trial 51 with value: 0.8207352287364623.
[I 2025-04-08 19:48:51,750] Trial 111 finished with value: 0.8192261638031775 and parameters: {'max_depth': 32, 'learning_rate': 0.014643251848714959, 'n_estimators': 192, 'gamma': 0.3326099451813408, 'min_child_weight': 6, 'subsample': 0.616887151278365, 'colsample_bytree': 0.796841909478128}. Best is trial 51 with value: 0.8207352287364623.
[I 2025-04-08 19:48:57,508] Trial 112 finished with value: 0.8181358588973765 and parameters: {'max_depth': 29, 'learning_rate': 0.009927888695813365, 'n_estimators': 220, 'gamma': 0.42225871226304773, 'min_child_weight': 6, 'subsample': 0.6315082727849278, 'colsample_bytree': 0.8122204111710565}. Best is trial 51 with value: 0.8207352287364623.
[I 2025-04-08 19:49:03,609] Trial 113 finished with value: 0.8206932824424799 and parameters: {'max_depth': 31, 'learning_rate': 0.012542666687698198, 'n_estimators': 263, 'gamma': 0.3986461890073961, 'min_child_weight': 6, 'subsample': 0.5681537244557878, 'colsample_bytree': 0.8225787968386736}. Best is trial 51 with value: 0.8207352287364623.
[I 2025-04-08 19:49:09,989] Trial 114 finished with value: 0.8185550758178823 and parameters: {'max_depth': 31, 'learning_rate': 0.021113996908900624, 'n_estimators': 262, 'gamma': 0.39804292244436096, 'min_child_weight': 6, 'subsample': 0.56764138496638, 'colsample_bytree': 0.8454165233415604}. Best is trial 51 with value: 0.8207352287364623.
[I 2025-04-08 19:49:15,206] Trial 115 finished with value: 0.8192259353566664 and parameters: {'max_depth': 31, 'learning_rate': 0.01116450640890551, 'n_estimators': 229, 'gamma': 0.4593736021439777, 'min_child_weight': 6, 'subsample': 0.5463997900338349, 'colsample_bytree': 0.8218994208440796}. Best is trial 51 with value: 0.8207352287364623.
[I 2025-04-08 19:49:21,736] Trial 116 finished with value: 0.8195612421163988 and parameters: {'max_depth': 30, 'learning_rate': 0.017023944283818253, 'n_estimators': 249, 'gamma': 0.36738853849443504, 'min_child_weight': 6, 'subsample': 0.6069613018178612, 'colsample_bytree': 0.8624569591824276}. Best is trial 51 with value: 0.8207352287364623.
[I 2025-04-08 19:49:28,700] Trial 117 finished with value: 0.8177585004068104 and parameters: {'max_depth': 28, 'learning_rate': 0.026815529946458007, 'n_estimators': 258, 'gamma': 0.37813212520479694, 'min_child_weight': 6, 'subsample': 0.6768381990107599, 'colsample_bytree': 0.852274633640984}. Best is trial 51 with value: 0.8207352287364623.
[I 2025-04-08 19:49:29,398] A new study created in RDB with name: xgboost-num_features-11
[I 2025-04-08 19:49:35,494] Trial 0 finished with value: 0.8200642813336355 and parameters: {'max_depth': 18, 'learning_rate': 0.015014752633243422, 'n_estimators': 258, 'gamma': 0.3138959770868654, 'min_child_weight': 6, 'subsample': 0.7322547245402522, 'colsample_bytree': 0.7506383523679588}. Best is trial 0 with value: 0.8200642813336355.
[I 2025-04-08 19:49:38,344] Trial 1 finished with value: 0.8118891647819829 and parameters: {'max_depth': 23, 'learning_rate': 0.1694812640937396, 'n_estimators': 188, 'gamma': 0.5933441910246126, 'min_child_weight': 2, 'subsample': 0.930198196683945, 'colsample_bytree': 0.7547677487946862}. Best is trial 0 with value: 0.8200642813336355.
[I 2025-04-08 19:49:46,182] Trial 2 finished with value: 0.6377394866279713 and parameters: {'max_depth': 16, 'learning_rate': 0.0009276564742435339, 'n_estimators': 258, 'gamma': 0.14937183696037507, 'min_child_weight': 2, 'subsample': 0.6660388840011338, 'colsample_bytree': 0.9951292271822094}. Best is trial 0 with value: 0.8200642813336355.
[I 2025-04-08 19:49:48,477] Trial 3 finished with value: 0.6377394866279713 and parameters: {'max_depth': 24, 'learning_rate': 4.243885752337347e-05, 'n_estimators': 54, 'gamma': 0.3152407594370879, 'min_child_weight': 3, 'subsample': 0.6387516630021124, 'colsample_bytree': 0.6121528756052044}. Best is trial 0 with value: 0.8200642813336355.
[I 2025-04-08 19:49:49,060] Trial 4 finished with value: 0.6377394866279713 and parameters: {'max_depth': 5, 'learning_rate': 1.332610902308447e-05, 'n_estimators': 62, 'gamma': 0.5772368662647593, 'min_child_weight': 3, 'subsample': 0.9632829225126011, 'colsample_bytree': 0.8530302297890915}. Best is trial 0 with value: 0.8200642813336355.
[I 2025-04-08 19:49:57,641] Trial 5 finished with value: 0.6377394866279713 and parameters: {'max_depth': 26, 'learning_rate': 0.0002404154297614233, 'n_estimators': 180, 'gamma': 0.016191107927723113, 'min_child_weight': 2, 'subsample': 0.8439421403218228, 'colsample_bytree': 0.8873046154615405}. Best is trial 0 with value: 0.8200642813336355.
[I 2025-04-08 19:50:02,516] Trial 6 finished with value: 0.8139013919421643 and parameters: {'max_depth': 23, 'learning_rate': 0.055794463219408896, 'n_estimators': 164, 'gamma': 0.5327988321203321, 'min_child_weight': 4, 'subsample': 0.5785958416278041, 'colsample_bytree': 0.8648317166217784}. Best is trial 0 with value: 0.8200642813336355.
[I 2025-04-08 19:50:05,380] Trial 7 finished with value: 0.785141926788165 and parameters: {'max_depth': 31, 'learning_rate': 0.8589028709205799, 'n_estimators': 254, 'gamma': 0.1876365467844903, 'min_child_weight': 4, 'subsample': 0.8950458990000542, 'colsample_bytree': 0.7569079562268088}. Best is trial 0 with value: 0.8200642813336355.
[I 2025-04-08 19:50:08,603] Trial 8 finished with value: 0.8172556896360847 and parameters: {'max_depth': 9, 'learning_rate': 0.011383651144278637, 'n_estimators': 239, 'gamma': 0.12815459950879077, 'min_child_weight': 2, 'subsample': 0.6885371429736322, 'colsample_bytree': 0.80472556552265}. Best is trial 0 with value: 0.8200642813336355.
[I 2025-04-08 19:50:10,696] Trial 9 finished with value: 0.6377394866279713 and parameters: {'max_depth': 8, 'learning_rate': 5.6682745249362076e-05, 'n_estimators': 147, 'gamma': 0.2000638767619167, 'min_child_weight': 1, 'subsample': 0.7850765148912969, 'colsample_bytree': 0.7837719709473839}. Best is trial 0 with value: 0.8200642813336355.
[I 2025-04-08 19:50:15,626] Trial 10 finished with value: 0.8172553557527225 and parameters: {'max_depth': 15, 'learning_rate': 0.00945299264454372, 'n_estimators': 285, 'gamma': 0.37814140768022575, 'min_child_weight': 7, 'subsample': 0.5259627087653309, 'colsample_bytree': 0.6073808064661887}. Best is trial 0 with value: 0.8200642813336355.
[I 2025-04-08 19:50:18,737] Trial 11 finished with value: 0.8132727598622995 and parameters: {'max_depth': 10, 'learning_rate': 0.007924725521626926, 'n_estimators': 225, 'gamma': 0.036383681868920104, 'min_child_weight': 7, 'subsample': 0.7249287962893977, 'colsample_bytree': 0.6640590544521612}. Best is trial 0 with value: 0.8200642813336355.
[I 2025-04-08 19:50:22,382] Trial 12 finished with value: 0.8180940883314796 and parameters: {'max_depth': 12, 'learning_rate': 0.05389114974229, 'n_estimators': 218, 'gamma': 0.39454868598784687, 'min_child_weight': 6, 'subsample': 0.7540288344656478, 'colsample_bytree': 0.680088176778807}. Best is trial 0 with value: 0.8200642813336355.
[I 2025-04-08 19:50:27,063] Trial 13 finished with value: 0.8138597795315441 and parameters: {'max_depth': 14, 'learning_rate': 0.06407381792256678, 'n_estimators': 292, 'gamma': 0.42525828459784276, 'min_child_weight': 5, 'subsample': 0.7874034898348823, 'colsample_bytree': 0.5102285259093108}. Best is trial 0 with value: 0.8200642813336355.
[I 2025-04-08 19:50:32,563] Trial 14 finished with value: 0.6928688664308396 and parameters: {'max_depth': 19, 'learning_rate': 0.0021753068743573206, 'n_estimators': 208, 'gamma': 0.4469530407512199, 'min_child_weight': 6, 'subsample': 0.8378441316130745, 'colsample_bytree': 0.6755758137636608}. Best is trial 0 with value: 0.8200642813336355.
[I 2025-04-08 19:50:34,580] Trial 15 finished with value: 0.7855196543077104 and parameters: {'max_depth': 19, 'learning_rate': 0.454414847065364, 'n_estimators': 98, 'gamma': 0.2809336961514342, 'min_child_weight': 6, 'subsample': 0.6090499175260731, 'colsample_bytree': 0.6802556436253684}. Best is trial 0 with value: 0.8200642813336355.
[I 2025-04-08 19:50:35,601] Trial 16 finished with value: 0.7985577644575889 and parameters: {'max_depth': 3, 'learning_rate': 0.031574743354833304, 'n_estimators': 207, 'gamma': 0.2914135374950139, 'min_child_weight': 6, 'subsample': 0.7507024804701041, 'colsample_bytree': 0.5127302499375856}. Best is trial 0 with value: 0.8200642813336355.
[I 2025-04-08 19:50:38,018] Trial 17 finished with value: 0.6377394866279713 and parameters: {'max_depth': 12, 'learning_rate': 0.0006557559318343914, 'n_estimators': 133, 'gamma': 0.4895071512269012, 'min_child_weight': 5, 'subsample': 0.7135267046570141, 'colsample_bytree': 0.6085432678294094}. Best is trial 0 with value: 0.8200642813336355.
[I 2025-04-08 19:50:42,261] Trial 18 finished with value: 0.8021211961459317 and parameters: {'max_depth': 30, 'learning_rate': 0.19518427162366164, 'n_estimators': 266, 'gamma': 0.3666467993345504, 'min_child_weight': 5, 'subsample': 0.8396302874709486, 'colsample_bytree': 0.71155059109198}. Best is trial 0 with value: 0.8200642813336355.
[I 2025-04-08 19:50:47,195] Trial 19 finished with value: 0.8194775955477531 and parameters: {'max_depth': 19, 'learning_rate': 0.022957962113239725, 'n_estimators': 224, 'gamma': 0.2601435914493428, 'min_child_weight': 7, 'subsample': 0.7754268971991197, 'colsample_bytree': 0.9236279092000077}. Best is trial 0 with value: 0.8200642813336355.
[I 2025-04-08 19:50:52,631] Trial 20 finished with value: 0.7972164671274257 and parameters: {'max_depth': 20, 'learning_rate': 0.0026801973071510013, 'n_estimators': 243, 'gamma': 0.22763034618872865, 'min_child_weight': 7, 'subsample': 0.5627428701201729, 'colsample_bytree': 0.9754723483608396}. Best is trial 0 with value: 0.8200642813336355.
[I 2025-04-08 19:50:56,497] Trial 21 finished with value: 0.8205674962789578 and parameters: {'max_depth': 13, 'learning_rate': 0.024022266750154904, 'n_estimators': 211, 'gamma': 0.35566045497592125, 'min_child_weight': 6, 'subsample': 0.7712597085769919, 'colsample_bytree': 0.9253905260230628}. Best is trial 21 with value: 0.8205674962789578.
[I 2025-04-08 19:51:01,501] Trial 22 finished with value: 0.8200644043432954 and parameters: {'max_depth': 17, 'learning_rate': 0.016360869565934626, 'n_estimators': 195, 'gamma': 0.330215457127644, 'min_child_weight': 7, 'subsample': 0.795253567977795, 'colsample_bytree': 0.9390581918922771}. Best is trial 21 with value: 0.8205674962789578.
[I 2025-04-08 19:51:06,059] Trial 23 finished with value: 0.8133149346027929 and parameters: {'max_depth': 16, 'learning_rate': 0.00527292773303406, 'n_estimators': 192, 'gamma': 0.3455637977158395, 'min_child_weight': 6, 'subsample': 0.8158362798443513, 'colsample_bytree': 0.9354419384971868}. Best is trial 21 with value: 0.8205674962789578.
[I 2025-04-08 19:51:10,696] Trial 24 finished with value: 0.8181777173273165 and parameters: {'max_depth': 21, 'learning_rate': 0.019326526137019278, 'n_estimators': 161, 'gamma': 0.31339532673645965, 'min_child_weight': 5, 'subsample': 0.9039230810667047, 'colsample_bytree': 0.8141491663746314}. Best is trial 21 with value: 0.8205674962789578.
[I 2025-04-08 19:51:15,613] Trial 25 finished with value: 0.8044684313281001 and parameters: {'max_depth': 13, 'learning_rate': 0.14635268357376108, 'n_estimators': 273, 'gamma': 0.45445430724280556, 'min_child_weight': 7, 'subsample': 0.6813180842016926, 'colsample_bytree': 0.9219502875827786}. Best is trial 21 with value: 0.8205674962789578.
[I 2025-04-08 19:51:18,487] Trial 26 finished with value: 0.6377394866279713 and parameters: {'max_depth': 17, 'learning_rate': 0.0012631289745306023, 'n_estimators': 121, 'gamma': 0.2392103258435605, 'min_child_weight': 6, 'subsample': 0.7320535211512396, 'colsample_bytree': 0.9634088707407249}. Best is trial 21 with value: 0.8205674962789578.
[I 2025-04-08 19:51:20,641] Trial 27 finished with value: 0.8022889286034361 and parameters: {'max_depth': 7, 'learning_rate': 0.004851142313368444, 'n_estimators': 199, 'gamma': 0.34949189448062185, 'min_child_weight': 5, 'subsample': 0.8818167266612988, 'colsample_bytree': 0.8888992591230415}. Best is trial 21 with value: 0.8205674962789578.
[I 2025-04-08 19:51:27,162] Trial 28 finished with value: 0.6377394866279713 and parameters: {'max_depth': 27, 'learning_rate': 0.0002822703792696857, 'n_estimators': 237, 'gamma': 0.4094632226814375, 'min_child_weight': 7, 'subsample': 0.9969369836042781, 'colsample_bytree': 0.8422748070233677}. Best is trial 21 with value: 0.8205674962789578.
