[I 2025-04-08 19:51:29,624] Trial 29 finished with value: 0.8022883487007544 and parameters: {'max_depth': 22, 'learning_rate': 0.30870306103878165, 'n_estimators': 169, 'gamma': 0.49715097864757124, 'min_child_weight': 6, 'subsample': 0.8075689091113776, 'colsample_bytree': 0.7476302684056975}. Best is trial 21 with value: 0.8205674962789578.
[I 2025-04-08 19:51:33,827] Trial 30 finished with value: 0.8099184973139962 and parameters: {'max_depth': 17, 'learning_rate': 0.10971677798931248, 'n_estimators': 181, 'gamma': 0.3260855883778413, 'min_child_weight': 4, 'subsample': 0.6430180257502282, 'colsample_bytree': 0.9514607940258608}. Best is trial 21 with value: 0.8205674962789578.
[I 2025-04-08 19:51:38,936] Trial 31 finished with value: 0.8204834455357158 and parameters: {'max_depth': 19, 'learning_rate': 0.019267660117770077, 'n_estimators': 224, 'gamma': 0.25225130817886876, 'min_child_weight': 7, 'subsample': 0.7745892275477528, 'colsample_bytree': 0.9096495727065346}. Best is trial 21 with value: 0.8205674962789578.
[I 2025-04-08 19:51:43,166] Trial 32 finished with value: 0.818932680327768 and parameters: {'max_depth': 11, 'learning_rate': 0.013526823629631693, 'n_estimators': 250, 'gamma': 0.11583604784945825, 'min_child_weight': 7, 'subsample': 0.760290122844494, 'colsample_bytree': 0.899091324390705}. Best is trial 21 with value: 0.8205674962789578.
[I 2025-04-08 19:51:47,902] Trial 33 finished with value: 0.816794192538234 and parameters: {'max_depth': 15, 'learning_rate': 0.03973140500856981, 'n_estimators': 274, 'gamma': 0.2682035892520482, 'min_child_weight': 7, 'subsample': 0.8692734710282886, 'colsample_bytree': 0.9842913493115578}. Best is trial 21 with value: 0.8205674962789578.
[I 2025-04-08 19:51:54,148] Trial 34 finished with value: 0.8189742400199627 and parameters: {'max_depth': 25, 'learning_rate': 0.022385825643733204, 'n_estimators': 225, 'gamma': 0.18866249868596383, 'min_child_weight': 6, 'subsample': 0.7010923517005401, 'colsample_bytree': 0.9945638838188298}. Best is trial 21 with value: 0.8205674962789578.
[I 2025-04-08 19:51:59,713] Trial 35 finished with value: 0.8062713311929652 and parameters: {'max_depth': 18, 'learning_rate': 0.0870789053408561, 'n_estimators': 299, 'gamma': 0.3170174309225408, 'min_child_weight': 7, 'subsample': 0.8067727221157748, 'colsample_bytree': 0.848543412272503}. Best is trial 21 with value: 0.8205674962789578.
[I 2025-04-08 19:52:05,231] Trial 36 finished with value: 0.8107994749244808 and parameters: {'max_depth': 23, 'learning_rate': 0.005100061302368591, 'n_estimators': 196, 'gamma': 0.2500636630521599, 'min_child_weight': 6, 'subsample': 0.6624432912377182, 'colsample_bytree': 0.9065616299977965}. Best is trial 21 with value: 0.8205674962789578.
[I 2025-04-08 19:52:11,885] Trial 37 finished with value: 0.6505679883175968 and parameters: {'max_depth': 21, 'learning_rate': 0.0015762601304419913, 'n_estimators': 210, 'gamma': 0.0816675099492497, 'min_child_weight': 3, 'subsample': 0.7317873414739273, 'colsample_bytree': 0.873856678776575}. Best is trial 21 with value: 0.8205674962789578.
[I 2025-04-08 19:52:18,774] Trial 38 finished with value: 0.8182198042037673 and parameters: {'max_depth': 15, 'learning_rate': 0.014088663155774455, 'n_estimators': 260, 'gamma': 0.2230709488083446, 'min_child_weight': 4, 'subsample': 0.9384614297302516, 'colsample_bytree': 0.8306293351885051}. Best is trial 21 with value: 0.8205674962789578.
[I 2025-04-08 19:52:24,018] Trial 39 finished with value: 0.6377394866279713 and parameters: {'max_depth': 28, 'learning_rate': 0.0004568182678035151, 'n_estimators': 187, 'gamma': 0.1523223757543054, 'min_child_weight': 5, 'subsample': 0.8558046090101579, 'colsample_bytree': 0.7797446682453145}. Best is trial 21 with value: 0.8205674962789578.
[I 2025-04-08 19:52:28,914] Trial 40 finished with value: 0.8079906372076104 and parameters: {'max_depth': 13, 'learning_rate': 0.003679623203124949, 'n_estimators': 237, 'gamma': 0.584643093188185, 'min_child_weight': 7, 'subsample': 0.8231551520135562, 'colsample_bytree': 0.9449076443610188}. Best is trial 21 with value: 0.8205674962789578.
[I 2025-04-08 19:52:33,701] Trial 41 finished with value: 0.8197708857222687 and parameters: {'max_depth': 18, 'learning_rate': 0.02677913225813396, 'n_estimators': 227, 'gamma': 0.3444062862832805, 'min_child_weight': 7, 'subsample': 0.7841145479836714, 'colsample_bytree': 0.919585052664836}. Best is trial 21 with value: 0.8205674962789578.
[I 2025-04-08 19:52:38,786] Trial 42 finished with value: 0.8172974426291735 and parameters: {'max_depth': 17, 'learning_rate': 0.03929890601259172, 'n_estimators': 230, 'gamma': 0.3596571302112334, 'min_child_weight': 7, 'subsample': 0.7817001885927914, 'colsample_bytree': 0.873123808229365}. Best is trial 21 with value: 0.8205674962789578.
[I 2025-04-08 19:52:46,010] Trial 43 finished with value: 0.8182615571968558 and parameters: {'max_depth': 21, 'learning_rate': 0.008056812789440941, 'n_estimators': 253, 'gamma': 0.2958266065795576, 'min_child_weight': 6, 'subsample': 0.7950415654162344, 'colsample_bytree': 0.9118937200557684}. Best is trial 21 with value: 0.8205674962789578.
[I 2025-04-08 19:52:50,245] Trial 44 finished with value: 0.8114276501113238 and parameters: {'max_depth': 18, 'learning_rate': 0.07565357758893619, 'n_estimators': 212, 'gamma': 0.39306544265531873, 'min_child_weight': 7, 'subsample': 0.7544739565096167, 'colsample_bytree': 0.9527092804896551}. Best is trial 21 with value: 0.8205674962789578.
[I 2025-04-08 19:52:53,777] Trial 45 finished with value: 0.8193515985105287 and parameters: {'max_depth': 16, 'learning_rate': 0.02659964980795094, 'n_estimators': 178, 'gamma': 0.34637869815726585, 'min_child_weight': 7, 'subsample': 0.7081737278897405, 'colsample_bytree': 0.9973486184787691}. Best is trial 21 with value: 0.8205674962789578.
[I 2025-04-08 19:53:03,580] Trial 46 finished with value: 0.8157460975185437 and parameters: {'max_depth': 24, 'learning_rate': 0.013301955267489961, 'n_estimators': 154, 'gamma': 0.3366233070360986, 'min_child_weight': 1, 'subsample': 0.7689216699606114, 'colsample_bytree': 0.8742434214142836}. Best is trial 21 with value: 0.8205674962789578.
[I 2025-04-08 19:53:08,128] Trial 47 finished with value: 0.8163330293237457 and parameters: {'max_depth': 14, 'learning_rate': 0.049072885016802605, 'n_estimators': 244, 'gamma': 0.2924586706936152, 'min_child_weight': 6, 'subsample': 0.6768349633565459, 'colsample_bytree': 0.5789282768455748}. Best is trial 21 with value: 0.8205674962789578.
[I 2025-04-08 19:53:11,060] Trial 48 finished with value: 0.6377394866279713 and parameters: {'max_depth': 10, 'learning_rate': 8.561852778246475e-05, 'n_estimators': 200, 'gamma': 0.4394002748111481, 'min_child_weight': 6, 'subsample': 0.727142666297426, 'colsample_bytree': 0.8155269688586714}. Best is trial 21 with value: 0.8205674962789578.
[I 2025-04-08 19:53:16,156] Trial 49 finished with value: 0.6377394866279713 and parameters: {'max_depth': 20, 'learning_rate': 1.1364466700295663e-05, 'n_estimators': 218, 'gamma': 0.4084882384457997, 'min_child_weight': 7, 'subsample': 0.7448961493801332, 'colsample_bytree': 0.6449936905658522}. Best is trial 21 with value: 0.8205674962789578.
[I 2025-04-08 19:53:25,062] Trial 50 finished with value: 0.81780060485607 and parameters: {'max_depth': 16, 'learning_rate': 0.007723808163773503, 'n_estimators': 282, 'gamma': 0.37355567227104913, 'min_child_weight': 3, 'subsample': 0.8259768889273795, 'colsample_bytree': 0.9710535923604378}. Best is trial 21 with value: 0.8205674962789578.
[I 2025-04-08 19:53:30,606] Trial 51 finished with value: 0.8207770168751681 and parameters: {'max_depth': 19, 'learning_rate': 0.0207057406779591, 'n_estimators': 228, 'gamma': 0.261833346318963, 'min_child_weight': 7, 'subsample': 0.7720511092796924, 'colsample_bytree': 0.9280656216484094}. Best is trial 51 with value: 0.8207770168751681.
[I 2025-04-08 19:53:36,148] Trial 52 finished with value: 0.8201063154916607 and parameters: {'max_depth': 19, 'learning_rate': 0.016449806274402113, 'n_estimators': 232, 'gamma': 0.2083587499207757, 'min_child_weight': 7, 'subsample': 0.7970572403382682, 'colsample_bytree': 0.9298733631506142}. Best is trial 51 with value: 0.8207770168751681.
[I 2025-04-08 19:53:38,487] Trial 53 finished with value: 0.8151594820238955 and parameters: {'max_depth': 20, 'learning_rate': 0.016340707075988718, 'n_estimators': 74, 'gamma': 0.15352873211897491, 'min_child_weight': 7, 'subsample': 0.7648040046032741, 'colsample_bytree': 0.9357028913986065}. Best is trial 51 with value: 0.8207770168751681.
[I 2025-04-08 19:53:45,559] Trial 54 finished with value: 0.8180940004674367 and parameters: {'max_depth': 22, 'learning_rate': 0.0074078407275100285, 'n_estimators': 263, 'gamma': 0.209210610903769, 'min_child_weight': 6, 'subsample': 0.8032007306815353, 'colsample_bytree': 0.8939522279233554}. Best is trial 51 with value: 0.8207770168751681.
[I 2025-04-08 19:53:51,364] Trial 55 finished with value: 0.8171297453172859 and parameters: {'max_depth': 19, 'learning_rate': 0.010580304903014873, 'n_estimators': 215, 'gamma': 0.2722879424353769, 'min_child_weight': 7, 'subsample': 0.8352756196262261, 'colsample_bytree': 0.708862360973747}. Best is trial 51 with value: 0.8207770168751681.
[I 2025-04-08 19:53:55,166] Trial 56 finished with value: 0.8171297277444773 and parameters: {'max_depth': 14, 'learning_rate': 0.05650833337006634, 'n_estimators': 203, 'gamma': 0.1844846905870922, 'min_child_weight': 5, 'subsample': 0.8611586965137974, 'colsample_bytree': 0.8553684689897033}. Best is trial 51 with value: 0.8207770168751681.
[I 2025-04-08 19:53:59,461] Trial 57 finished with value: 0.7972578335187264 and parameters: {'max_depth': 19, 'learning_rate': 0.24815624053002916, 'n_estimators': 236, 'gamma': 0.306621751953485, 'min_child_weight': 6, 'subsample': 0.7405996619353351, 'colsample_bytree': 0.5471640964429347}. Best is trial 51 with value: 0.8207770168751681.
[I 2025-04-08 19:54:04,673] Trial 58 finished with value: 0.8056008758287776 and parameters: {'max_depth': 22, 'learning_rate': 0.11645713110625767, 'n_estimators': 249, 'gamma': 0.24478737169354023, 'min_child_weight': 7, 'subsample': 0.6942185825455659, 'colsample_bytree': 0.9634612995128089}. Best is trial 51 with value: 0.8207770168751681.
[I 2025-04-08 19:54:10,933] Trial 59 finished with value: 0.7570955134862519 and parameters: {'max_depth': 16, 'learning_rate': 0.002371419760466928, 'n_estimators': 187, 'gamma': 0.17669435434385758, 'min_child_weight': 2, 'subsample': 0.7132372995377388, 'colsample_bytree': 0.9363711676845072}. Best is trial 51 with value: 0.8207770168751681.
[I 2025-04-08 19:54:14,732] Trial 60 finished with value: 0.8197292205932231 and parameters: {'max_depth': 12, 'learning_rate': 0.033857710144814285, 'n_estimators': 220, 'gamma': 0.22106763223055548, 'min_child_weight': 6, 'subsample': 0.7955592588006516, 'colsample_bytree': 0.7881073936340185}. Best is trial 51 with value: 0.8207770168751681.
[I 2025-04-08 19:54:20,292] Trial 61 finished with value: 0.8200645273529552 and parameters: {'max_depth': 18, 'learning_rate': 0.021843932297853294, 'n_estimators': 232, 'gamma': 0.28605278684003416, 'min_child_weight': 7, 'subsample': 0.7870510938042775, 'colsample_bytree': 0.909949637290948}. Best is trial 51 with value: 0.8207770168751681.
[I 2025-04-08 19:54:26,104] Trial 62 finished with value: 0.8110509593874824 and parameters: {'max_depth': 20, 'learning_rate': 0.00407791794382532, 'n_estimators': 244, 'gamma': 0.28042386675298014, 'min_child_weight': 7, 'subsample': 0.7735341074005994, 'colsample_bytree': 0.8906625822210411}. Best is trial 51 with value: 0.8207770168751681.
[I 2025-04-08 19:54:31,543] Trial 63 finished with value: 0.8199385830341562 and parameters: {'max_depth': 17, 'learning_rate': 0.019504331007649176, 'n_estimators': 230, 'gamma': 0.25812382742023265, 'min_child_weight': 7, 'subsample': 0.8200024947964561, 'colsample_bytree': 0.9256828555075762}. Best is trial 51 with value: 0.8207770168751681.
[I 2025-04-08 19:54:37,937] Trial 64 finished with value: 0.8175490852474514 and parameters: {'max_depth': 18, 'learning_rate': 0.006884829524850143, 'n_estimators': 269, 'gamma': 0.3280594601140357, 'min_child_weight': 7, 'subsample': 0.8453474486263622, 'colsample_bytree': 0.9090163408834931}. Best is trial 51 with value: 0.8207770168751681.
[I 2025-04-08 19:54:42,708] Trial 65 finished with value: 0.8203578526730878 and parameters: {'max_depth': 15, 'learning_rate': 0.011869064638834578, 'n_estimators': 206, 'gamma': 0.30974299055978416, 'min_child_weight': 7, 'subsample': 0.751336986681061, 'colsample_bytree': 0.949283720667699}. Best is trial 51 with value: 0.8207770168751681.
[I 2025-04-08 19:54:46,935] Trial 66 finished with value: 0.8203159590975309 and parameters: {'max_depth': 14, 'learning_rate': 0.011322671493419664, 'n_estimators': 208, 'gamma': 0.24017719553516295, 'min_child_weight': 7, 'subsample': 0.7512329207289747, 'colsample_bytree': 0.9527496599002253}. Best is trial 51 with value: 0.8207770168751681.
[I 2025-04-08 19:54:51,213] Trial 67 finished with value: 0.8193520026851251 and parameters: {'max_depth': 13, 'learning_rate': 0.010616045097215638, 'n_estimators': 204, 'gamma': 0.23264057029804122, 'min_child_weight': 7, 'subsample': 0.7539742531182912, 'colsample_bytree': 0.9547808305899936}. Best is trial 51 with value: 0.8207770168751681.
[I 2025-04-08 19:54:55,683] Trial 68 finished with value: 0.8209447141870555 and parameters: {'max_depth': 15, 'learning_rate': 0.02442469050673253, 'n_estimators': 232, 'gamma': 0.21108345790392286, 'min_child_weight': 7, 'subsample': 0.7215364380172538, 'colsample_bytree': 0.9854897075219355}. Best is trial 68 with value: 0.8209447141870555.
[I 2025-04-08 19:54:57,464] Trial 69 finished with value: 0.8182616977793241 and parameters: {'max_depth': 8, 'learning_rate': 0.03649501045212343, 'n_estimators': 170, 'gamma': 0.2061867081284861, 'min_child_weight': 7, 'subsample': 0.7136977522167589, 'colsample_bytree': 0.9853011116584354}. Best is trial 68 with value: 0.8209447141870555.
[I 2025-04-08 19:55:02,359] Trial 70 finished with value: 0.8150338188700333 and parameters: {'max_depth': 15, 'learning_rate': 0.005616417158822245, 'n_estimators': 219, 'gamma': 0.16810350888393683, 'min_child_weight': 6, 'subsample': 0.6451111303658554, 'colsample_bytree': 0.9781095763891308}. Best is trial 68 with value: 0.8209447141870555.
[I 2025-04-08 19:55:05,803] Trial 71 finished with value: 0.8208610851912186 and parameters: {'max_depth': 11, 'learning_rate': 0.02025998547860412, 'n_estimators': 231, 'gamma': 0.11071728084991744, 'min_child_weight': 7, 'subsample': 0.7420510912944479, 'colsample_bytree': 0.9633573384859426}. Best is trial 68 with value: 0.8209447141870555.
[I 2025-04-08 19:55:09,456] Trial 72 finished with value: 0.8188069820282887 and parameters: {'max_depth': 11, 'learning_rate': 0.011121612730990254, 'n_estimators': 224, 'gamma': 0.1194053436022855, 'min_child_weight': 7, 'subsample': 0.7409812198046741, 'colsample_bytree': 0.9646632103912429}. Best is trial 68 with value: 0.8209447141870555.
[I 2025-04-08 19:55:12,639] Trial 73 finished with value: 0.816375133773005 and parameters: {'max_depth': 11, 'learning_rate': 0.07726887182501997, 'n_estimators': 210, 'gamma': 0.057910592224155545, 'min_child_weight': 7, 'subsample': 0.7227166365859767, 'colsample_bytree': 0.9995752192782}. Best is trial 68 with value: 0.8209447141870555.
[I 2025-04-08 19:55:15,632] Trial 74 finished with value: 0.8185134106888367 and parameters: {'max_depth': 9, 'learning_rate': 0.016220525278262784, 'n_estimators': 242, 'gamma': 0.0009295606839183485, 'min_child_weight': 7, 'subsample': 0.7735412916412697, 'colsample_bytree': 0.9468370586864573}. Best is trial 68 with value: 0.8209447141870555.
[I 2025-04-08 19:55:19,256] Trial 75 finished with value: 0.8179259692721871 and parameters: {'max_depth': 14, 'learning_rate': 0.046932369190261856, 'n_estimators': 194, 'gamma': 0.10245213690990607, 'min_child_weight': 6, 'subsample': 0.7596717158532879, 'colsample_bytree': 0.927786903785959}. Best is trial 68 with value: 0.8209447141870555.
[I 2025-04-08 19:55:23,803] Trial 76 finished with value: 0.8188905758785087 and parameters: {'max_depth': 13, 'learning_rate': 0.028946020425053787, 'n_estimators': 257, 'gamma': 0.19868845877174143, 'min_child_weight': 7, 'subsample': 0.6682939535911324, 'colsample_bytree': 0.9731342246034969}. Best is trial 68 with value: 0.8209447141870555.
[I 2025-04-08 19:55:25,570] Trial 77 finished with value: 0.8135665420754542 and parameters: {'max_depth': 6, 'learning_rate': 0.019445720670333646, 'n_estimators': 206, 'gamma': 0.258735060959826, 'min_child_weight': 7, 'subsample': 0.692300299929453, 'colsample_bytree': 0.9580353627480439}. Best is trial 68 with value: 0.8209447141870555.
[I 2025-04-08 19:55:30,854] Trial 78 finished with value: 0.8061458964856142 and parameters: {'max_depth': 15, 'learning_rate': 0.003400807488896011, 'n_estimators': 235, 'gamma': 0.13911636002899705, 'min_child_weight': 7, 'subsample': 0.7483961759130046, 'colsample_bytree': 0.9832626987853939}. Best is trial 68 with value: 0.8209447141870555.
[I 2025-04-08 19:55:34,180] Trial 79 finished with value: 0.8196872391536232 and parameters: {'max_depth': 10, 'learning_rate': 0.02696790314836251, 'n_estimators': 214, 'gamma': 0.21639755094026988, 'min_child_weight': 6, 'subsample': 0.722921649532298, 'colsample_bytree': 0.9341547520194581}. Best is trial 68 with value: 0.8209447141870555.
[I 2025-04-08 19:55:37,386] Trial 80 finished with value: 0.8166687929764999 and parameters: {'max_depth': 12, 'learning_rate': 0.0625626824631225, 'n_estimators': 221, 'gamma': 0.303635929480038, 'min_child_weight': 7, 'subsample': 0.8090902744264411, 'colsample_bytree': 0.8821013919135648}. Best is trial 68 with value: 0.8209447141870555.
[I 2025-04-08 19:55:41,800] Trial 81 finished with value: 0.8197709560135029 and parameters: {'max_depth': 15, 'learning_rate': 0.023372832980131843, 'n_estimators': 231, 'gamma': 0.2808971867267254, 'min_child_weight': 7, 'subsample': 0.7868720661678716, 'colsample_bytree': 0.9148769307523819}. Best is trial 68 with value: 0.8209447141870555.
[I 2025-04-08 19:55:46,970] Trial 82 finished with value: 0.8205254796937412 and parameters: {'max_depth': 17, 'learning_rate': 0.013414254190139887, 'n_estimators': 250, 'gamma': 0.24362837734535375, 'min_child_weight': 7, 'subsample': 0.5141504065598803, 'colsample_bytree': 0.9004054697063586}. Best is trial 68 with value: 0.8209447141870555.
[I 2025-04-08 19:55:51,706] Trial 83 finished with value: 0.8202741533860166 and parameters: {'max_depth': 14, 'learning_rate': 0.013285713866235517, 'n_estimators': 247, 'gamma': 0.2473812732187777, 'min_child_weight': 7, 'subsample': 0.7380367963513244, 'colsample_bytree': 0.9433541538118758}. Best is trial 68 with value: 0.8209447141870555.
[I 2025-04-08 19:55:56,440] Trial 84 finished with value: 0.8191001491931444 and parameters: {'max_depth': 13, 'learning_rate': 0.009302636058324286, 'n_estimators': 256, 'gamma': 0.25082396307368066, 'min_child_weight': 7, 'subsample': 0.516184420825313, 'colsample_bytree': 0.946841137232817}. Best is trial 68 with value: 0.8209447141870555.
[I 2025-04-08 19:56:01,018] Trial 85 finished with value: 0.8169621182966326 and parameters: {'max_depth': 14, 'learning_rate': 0.006325231496534715, 'n_estimators': 246, 'gamma': 0.23384923542881986, 'min_child_weight': 7, 'subsample': 0.5575497204527268, 'colsample_bytree': 0.9003352959884295}. Best is trial 68 with value: 0.8209447141870555.
[I 2025-04-08 19:56:06,821] Trial 86 finished with value: 0.820357922964322 and parameters: {'max_depth': 16, 'learning_rate': 0.01200921667366173, 'n_estimators': 250, 'gamma': 0.2634542598832302, 'min_child_weight': 6, 'subsample': 0.5483398341030767, 'colsample_bytree': 0.9660403643668752}. Best is trial 68 with value: 0.8209447141870555.
[I 2025-04-08 19:56:11,602] Trial 87 finished with value: 0.8139015852430583 and parameters: {'max_depth': 16, 'learning_rate': 0.00452363574047583, 'n_estimators': 240, 'gamma': 0.2682690507078775, 'min_child_weight': 6, 'subsample': 0.5445725145022274, 'colsample_bytree': 0.9675741026442491}. Best is trial 68 with value: 0.8209447141870555.
[I 2025-04-08 19:56:17,928] Trial 88 finished with value: 0.7636773913517179 and parameters: {'max_depth': 17, 'learning_rate': 0.0017284461808882775, 'n_estimators': 265, 'gamma': 0.3099708103472276, 'min_child_weight': 5, 'subsample': 0.5961799308092055, 'colsample_bytree': 0.986619677459995}. Best is trial 68 with value: 0.8209447141870555.
[I 2025-04-08 19:56:21,677] Trial 89 finished with value: 0.8182195406116393 and parameters: {'max_depth': 16, 'learning_rate': 0.04029113588941575, 'n_estimators': 190, 'gamma': 0.16393162329053973, 'min_child_weight': 6, 'subsample': 0.6246266326809822, 'colsample_bytree': 0.9574494075633663}. Best is trial 68 with value: 0.8209447141870555.
[I 2025-04-08 19:56:27,674] Trial 90 finished with value: 0.8027084266888787 and parameters: {'max_depth': 15, 'learning_rate': 0.0028225322207755758, 'n_estimators': 283, 'gamma': 0.5642610138120482, 'min_child_weight': 5, 'subsample': 0.5420151058720352, 'colsample_bytree': 0.8667744595932337}. Best is trial 68 with value: 0.8209447141870555.
[I 2025-04-08 19:56:32,148] Trial 91 finished with value: 0.8197711141687798 and parameters: {'max_depth': 12, 'learning_rate': 0.011651563364917834, 'n_estimators': 275, 'gamma': 0.24111243848606614, 'min_child_weight': 7, 'subsample': 0.7373224080130978, 'colsample_bytree': 0.9451521363143232}. Best is trial 68 with value: 0.8209447141870555.
