[I 2025-04-08 20:01:02,413] Trial 27 finished with value: 0.7849745633596398 and parameters: {'max_depth': 5, 'learning_rate': 0.0029422828583240664, 'n_estimators': 224, 'gamma': 0.13954934715084935, 'min_child_weight': 6, 'subsample': 0.651130086366075, 'colsample_bytree': 0.842714114844451}. Best is trial 23 with value: 0.8210289406583827.
[I 2025-04-08 20:01:04,840] Trial 28 finished with value: 0.79977327562423 and parameters: {'max_depth': 10, 'learning_rate': 0.26872402744820867, 'n_estimators': 191, 'gamma': 0.17576809373105745, 'min_child_weight': 4, 'subsample': 0.7146154051607911, 'colsample_bytree': 0.9229357978048768}. Best is trial 23 with value: 0.8210289406583827.
[I 2025-04-08 20:01:09,344] Trial 29 finished with value: 0.8166680724913498 and parameters: {'max_depth': 20, 'learning_rate': 0.04789351687699638, 'n_estimators': 122, 'gamma': 0.3305663616677545, 'min_child_weight': 2, 'subsample': 0.6350510947586658, 'colsample_bytree': 0.9039070368112618}. Best is trial 23 with value: 0.8210289406583827.
[I 2025-04-08 20:01:15,425] Trial 30 finished with value: 0.8175490501018345 and parameters: {'max_depth': 16, 'learning_rate': 0.005670196174098163, 'n_estimators': 278, 'gamma': 0.11606297032177418, 'min_child_weight': 5, 'subsample': 0.6622064650413354, 'colsample_bytree': 0.8670376707774508}. Best is trial 23 with value: 0.8210289406583827.
[I 2025-04-08 20:01:19,027] Trial 31 finished with value: 0.8191841647907694 and parameters: {'max_depth': 13, 'learning_rate': 0.013508143076150904, 'n_estimators': 172, 'gamma': 0.03202868064315915, 'min_child_weight': 6, 'subsample': 0.7485284495084958, 'colsample_bytree': 0.7991449507341438}. Best is trial 23 with value: 0.8210289406583827.
[I 2025-04-08 20:01:21,168] Trial 32 finished with value: 0.8188068414458204 and parameters: {'max_depth': 10, 'learning_rate': 0.03765846858337361, 'n_estimators': 158, 'gamma': 0.0888456497050349, 'min_child_weight': 6, 'subsample': 0.8254861443646392, 'colsample_bytree': 0.723473044450505}. Best is trial 23 with value: 0.8210289406583827.
[I 2025-04-08 20:01:24,472] Trial 33 finished with value: 0.8037141888127985 and parameters: {'max_depth': 15, 'learning_rate': 0.17891886520015643, 'n_estimators': 221, 'gamma': 0.5785211459770728, 'min_child_weight': 7, 'subsample': 0.6713995103202676, 'colsample_bytree': 0.846560195942611}. Best is trial 23 with value: 0.8210289406583827.
[I 2025-04-08 20:01:26,976] Trial 34 finished with value: 0.7255690866181305 and parameters: {'max_depth': 11, 'learning_rate': 0.0025844436281841046, 'n_estimators': 160, 'gamma': 0.27466926163460137, 'min_child_weight': 5, 'subsample': 0.615254037918963, 'colsample_bytree': 0.8128323989508661}. Best is trial 23 with value: 0.8210289406583827.
[I 2025-04-08 20:01:33,066] Trial 35 finished with value: 0.8183876420981232 and parameters: {'max_depth': 22, 'learning_rate': 0.013011272901255026, 'n_estimators': 194, 'gamma': 0.16693001844094496, 'min_child_weight': 5, 'subsample': 0.9030639433018932, 'colsample_bytree': 0.7511981728094099}. Best is trial 23 with value: 0.8210289406583827.
[I 2025-04-08 20:01:34,030] Trial 36 finished with value: 0.8098772715051638 and parameters: {'max_depth': 5, 'learning_rate': 0.03444295342647372, 'n_estimators': 129, 'gamma': 0.09360378836952996, 'min_child_weight': 6, 'subsample': 0.7025713599018492, 'colsample_bytree': 0.7020613199344682}. Best is trial 23 with value: 0.8210289406583827.
[I 2025-04-08 20:01:40,265] Trial 37 finished with value: 0.8063970646380616 and parameters: {'max_depth': 25, 'learning_rate': 0.10998464778375491, 'n_estimators': 242, 'gamma': 0.03711481787358612, 'min_child_weight': 6, 'subsample': 0.7659279943863868, 'colsample_bytree': 0.8961154147934765}. Best is trial 23 with value: 0.8210289406583827.
[I 2025-04-08 20:01:45,155] Trial 38 finished with value: 0.8205674435605322 and parameters: {'max_depth': 17, 'learning_rate': 0.01338294207292722, 'n_estimators': 218, 'gamma': 0.19847901327624906, 'min_child_weight': 7, 'subsample': 0.8105632857718048, 'colsample_bytree': 0.8372788581453952}. Best is trial 23 with value: 0.8210289406583827.
[I 2025-04-08 20:01:51,242] Trial 39 finished with value: 0.6377394866279713 and parameters: {'max_depth': 20, 'learning_rate': 0.0003465663235137677, 'n_estimators': 215, 'gamma': 0.20263660637984215, 'min_child_weight': 5, 'subsample': 0.8169761403339018, 'colsample_bytree': 0.9453520453057941}. Best is trial 23 with value: 0.8210289406583827.
[I 2025-04-08 20:01:57,322] Trial 40 finished with value: 0.8120152848288672 and parameters: {'max_depth': 17, 'learning_rate': 0.004371090168350558, 'n_estimators': 237, 'gamma': 0.25753299810299507, 'min_child_weight': 6, 'subsample': 0.9044368520880014, 'colsample_bytree': 0.8374504756041936}. Best is trial 23 with value: 0.8210289406583827.
[I 2025-04-08 20:02:00,893] Trial 41 finished with value: 0.8192259177838579 and parameters: {'max_depth': 12, 'learning_rate': 0.012583965193644846, 'n_estimators': 187, 'gamma': 0.1534479040801623, 'min_child_weight': 7, 'subsample': 0.7259865485566367, 'colsample_bytree': 0.8583878143030352}. Best is trial 23 with value: 0.8210289406583827.
[I 2025-04-08 20:02:04,066] Trial 42 finished with value: 0.8183033629083702 and parameters: {'max_depth': 18, 'learning_rate': 0.045673914731068826, 'n_estimators': 161, 'gamma': 0.3154755857023489, 'min_child_weight': 7, 'subsample': 0.6804533530513927, 'colsample_bytree': 0.8092322311793475}. Best is trial 23 with value: 0.8210289406583827.
[I 2025-04-08 20:02:10,740] Trial 43 finished with value: 0.8204416749698187 and parameters: {'max_depth': 32, 'learning_rate': 0.01196572258671442, 'n_estimators': 247, 'gamma': 0.21703745514283057, 'min_child_weight': 7, 'subsample': 0.7679051682242929, 'colsample_bytree': 0.7834206767896916}. Best is trial 23 with value: 0.8210289406583827.
[I 2025-04-08 20:02:17,156] Trial 44 finished with value: 0.7576407450167908 and parameters: {'max_depth': 32, 'learning_rate': 0.0016722076946874044, 'n_estimators': 266, 'gamma': 0.23242595627895488, 'min_child_weight': 6, 'subsample': 0.7479769728129705, 'colsample_bytree': 0.9167865128712923}. Best is trial 23 with value: 0.8210289406583827.
[I 2025-04-08 20:02:23,446] Trial 45 finished with value: 0.8208607688806648 and parameters: {'max_depth': 24, 'learning_rate': 0.013730691050128956, 'n_estimators': 243, 'gamma': 0.19225793620100137, 'min_child_weight': 7, 'subsample': 0.8075939894898824, 'colsample_bytree': 0.8247315581967247}. Best is trial 23 with value: 0.8210289406583827.
[I 2025-04-08 20:02:29,171] Trial 46 finished with value: 0.6377394866279713 and parameters: {'max_depth': 28, 'learning_rate': 1.0183558373593648e-05, 'n_estimators': 247, 'gamma': 0.4519299527739398, 'min_child_weight': 7, 'subsample': 0.8123452140734992, 'colsample_bytree': 0.9693771262175794}. Best is trial 23 with value: 0.8210289406583827.
[I 2025-04-08 20:02:36,699] Trial 47 finished with value: 0.8197710087319285 and parameters: {'max_depth': 26, 'learning_rate': 0.010293017371904137, 'n_estimators': 270, 'gamma': 0.19454661163167036, 'min_child_weight': 7, 'subsample': 0.8870766684452144, 'colsample_bytree': 0.8878499913612005}. Best is trial 23 with value: 0.8210289406583827.
[I 2025-04-08 20:02:42,771] Trial 48 finished with value: 0.8115540864687617 and parameters: {'max_depth': 30, 'learning_rate': 0.004298978104170401, 'n_estimators': 229, 'gamma': 0.29526861627177625, 'min_child_weight': 7, 'subsample': 0.8607794819503226, 'colsample_bytree': 0.8234857859031183}. Best is trial 23 with value: 0.8210289406583827.
[I 2025-04-08 20:02:49,228] Trial 49 finished with value: 0.8200225810589725 and parameters: {'max_depth': 23, 'learning_rate': 0.017268604438225893, 'n_estimators': 255, 'gamma': 0.2566364857058406, 'min_child_weight': 7, 'subsample': 0.9500272916199637, 'colsample_bytree': 0.7693276327125343}. Best is trial 23 with value: 0.8210289406583827.
[I 2025-04-08 20:02:52,991] Trial 50 finished with value: 0.7885797128954541 and parameters: {'max_depth': 32, 'learning_rate': 0.484982851127041, 'n_estimators': 284, 'gamma': 0.4228289771962761, 'min_child_weight': 7, 'subsample': 0.8017402857184608, 'colsample_bytree': 0.8863857813366968}. Best is trial 23 with value: 0.8210289406583827.
[I 2025-04-08 20:02:59,542] Trial 51 finished with value: 0.8196451874227895 and parameters: {'max_depth': 23, 'learning_rate': 0.017401910888731234, 'n_estimators': 256, 'gamma': 0.24562605811251575, 'min_child_weight': 7, 'subsample': 0.9652396998776547, 'colsample_bytree': 0.7878422747017249}. Best is trial 23 with value: 0.8210289406583827.
[I 2025-04-08 20:03:06,253] Trial 52 finished with value: 0.8188066832905436 and parameters: {'max_depth': 21, 'learning_rate': 0.008182572859847253, 'n_estimators': 249, 'gamma': 0.2827229612465089, 'min_child_weight': 7, 'subsample': 0.943987752730324, 'colsample_bytree': 0.7331623594604435}. Best is trial 23 with value: 0.8210289406583827.
[I 2025-04-08 20:03:12,829] Trial 53 finished with value: 0.8188904704416574 and parameters: {'max_depth': 28, 'learning_rate': 0.0247918725832342, 'n_estimators': 234, 'gamma': 0.20469548400185325, 'min_child_weight': 7, 'subsample': 0.9849765812110034, 'colsample_bytree': 0.7712462564040385}. Best is trial 23 with value: 0.8210289406583827.
[I 2025-04-08 20:03:17,260] Trial 54 finished with value: 0.8050140670332354 and parameters: {'max_depth': 23, 'learning_rate': 0.13968233840682917, 'n_estimators': 212, 'gamma': 0.32413576019303614, 'min_child_weight': 6, 'subsample': 0.8405863759259262, 'colsample_bytree': 0.8566790072583751}. Best is trial 23 with value: 0.8210289406583827.
[I 2025-04-08 20:03:21,914] Trial 55 finished with value: 0.8120564754920826 and parameters: {'max_depth': 16, 'learning_rate': 0.07510517417344954, 'n_estimators': 255, 'gamma': 0.17867054093126072, 'min_child_weight': 7, 'subsample': 0.7792034072699952, 'colsample_bytree': 0.8255134015039666}. Best is trial 23 with value: 0.8210289406583827.
[I 2025-04-08 20:03:31,119] Trial 56 finished with value: 0.698067114070372 and parameters: {'max_depth': 30, 'learning_rate': 0.0016573881338276752, 'n_estimators': 273, 'gamma': 0.11834104343919022, 'min_child_weight': 5, 'subsample': 0.9990907784993834, 'colsample_bytree': 0.6869714391224633}. Best is trial 23 with value: 0.8210289406583827.
[I 2025-04-08 20:03:38,508] Trial 57 finished with value: 0.8195614354172926 and parameters: {'max_depth': 26, 'learning_rate': 0.017738547715248253, 'n_estimators': 285, 'gamma': 0.2707416849636233, 'min_child_weight': 7, 'subsample': 0.8784974840655573, 'colsample_bytree': 0.7535253758065066}. Best is trial 23 with value: 0.8210289406583827.
[I 2025-04-08 20:03:44,992] Trial 58 finished with value: 0.6377394866279713 and parameters: {'max_depth': 24, 'learning_rate': 5.639860035607462e-05, 'n_estimators': 260, 'gamma': 0.24309898225989618, 'min_child_weight': 6, 'subsample': 0.7634020894107251, 'colsample_bytree': 0.7998088297071457}. Best is trial 23 with value: 0.8210289406583827.
[I 2025-04-08 20:03:50,653] Trial 59 finished with value: 0.8174232287926954 and parameters: {'max_depth': 18, 'learning_rate': 0.006220475144614346, 'n_estimators': 241, 'gamma': 0.3574072941106542, 'min_child_weight': 6, 'subsample': 0.7287476409101974, 'colsample_bytree': 0.9373352537949421}. Best is trial 23 with value: 0.8210289406583827.
[I 2025-04-08 20:03:55,083] Trial 60 finished with value: 0.8162915926412108 and parameters: {'max_depth': 13, 'learning_rate': 0.028921779550649892, 'n_estimators': 198, 'gamma': 0.21079857935863983, 'min_child_weight': 2, 'subsample': 0.6971101013305295, 'colsample_bytree': 0.5800765188153959}. Best is trial 23 with value: 0.8210289406583827.
[I 2025-04-08 20:04:02,248] Trial 61 finished with value: 0.8198966894585993 and parameters: {'max_depth': 26, 'learning_rate': 0.009502892425667653, 'n_estimators': 268, 'gamma': 0.19226685814728994, 'min_child_weight': 7, 'subsample': 0.9472600196902329, 'colsample_bytree': 0.8843110011632879}. Best is trial 23 with value: 0.8210289406583827.
[I 2025-04-08 20:04:08,652] Trial 62 finished with value: 0.8195612948348245 and parameters: {'max_depth': 27, 'learning_rate': 0.012169444357746419, 'n_estimators': 226, 'gamma': 0.22661089790212718, 'min_child_weight': 7, 'subsample': 0.9416298476429819, 'colsample_bytree': 0.8794341936368616}. Best is trial 23 with value: 0.8210289406583827.
[I 2025-04-08 20:04:13,292] Trial 63 finished with value: 0.8143626430206954 and parameters: {'max_depth': 21, 'learning_rate': 0.06040853564924019, 'n_estimators': 213, 'gamma': 0.18939173923705377, 'min_child_weight': 7, 'subsample': 0.9668933504252505, 'colsample_bytree': 0.9156772898918591}. Best is trial 23 with value: 0.8210289406583827.
[I 2025-04-08 20:04:20,313] Trial 64 finished with value: 0.8000251818346363 and parameters: {'max_depth': 30, 'learning_rate': 0.0027458881151118386, 'n_estimators': 264, 'gamma': 0.26589603163731423, 'min_child_weight': 7, 'subsample': 0.9409726480649199, 'colsample_bytree': 0.8311872231662072}. Best is trial 23 with value: 0.8210289406583827.
[I 2025-04-08 20:04:27,539] Trial 65 finished with value: 0.8194775428293276 and parameters: {'max_depth': 24, 'learning_rate': 0.008906188608109987, 'n_estimators': 248, 'gamma': 0.15967308392144752, 'min_child_weight': 7, 'subsample': 0.9236885968173193, 'colsample_bytree': 0.8530819325211734}. Best is trial 23 with value: 0.8210289406583827.
[I 2025-04-08 20:04:29,628] Trial 66 finished with value: 0.7139145012573345 and parameters: {'max_depth': 29, 'learning_rate': 0.005722784847925941, 'n_estimators': 72, 'gamma': 0.3063451945722157, 'min_child_weight': 6, 'subsample': 0.8386906415155828, 'colsample_bytree': 0.7739664891350916}. Best is trial 23 with value: 0.8210289406583827.
[I 2025-04-08 20:04:34,872] Trial 67 finished with value: 0.8194773846740508 and parameters: {'max_depth': 15, 'learning_rate': 0.018356499412841776, 'n_estimators': 285, 'gamma': 0.12919292042861774, 'min_child_weight': 7, 'subsample': 0.720878818701431, 'colsample_bytree': 0.9655894076916459}. Best is trial 23 with value: 0.8210289406583827.
[I 2025-04-08 20:04:42,728] Trial 68 finished with value: 0.8108833147940203 and parameters: {'max_depth': 26, 'learning_rate': 0.003627246341224372, 'n_estimators': 276, 'gamma': 0.1849930427035039, 'min_child_weight': 6, 'subsample': 0.7830737317502035, 'colsample_bytree': 0.8694887570940789}. Best is trial 23 with value: 0.8210289406583827.
[I 2025-04-08 20:04:48,318] Trial 69 finished with value: 0.8185550582450739 and parameters: {'max_depth': 22, 'learning_rate': 0.0314913565198069, 'n_estimators': 229, 'gamma': 0.2320574945504902, 'min_child_weight': 7, 'subsample': 0.7383102240921681, 'colsample_bytree': 0.7350421219617438}. Best is trial 23 with value: 0.8210289406583827.
[I 2025-04-08 20:04:55,063] Trial 70 finished with value: 0.8199386533253904 and parameters: {'max_depth': 19, 'learning_rate': 0.01645565224662414, 'n_estimators': 294, 'gamma': 0.33979198167323516, 'min_child_weight': 6, 'subsample': 0.6762919883343321, 'colsample_bytree': 0.906833590561772}. Best is trial 23 with value: 0.8210289406583827.
[I 2025-04-08 20:05:02,088] Trial 71 finished with value: 0.8200643691976783 and parameters: {'max_depth': 17, 'learning_rate': 0.01689361811527603, 'n_estimators': 298, 'gamma': 0.3448155238286446, 'min_child_weight': 6, 'subsample': 0.6873539872223189, 'colsample_bytree': 0.9056392722249169}. Best is trial 23 with value: 0.8210289406583827.
[I 2025-04-08 20:05:08,835] Trial 72 finished with value: 0.81935170394738 and parameters: {'max_depth': 17, 'learning_rate': 0.017873245910726476, 'n_estimators': 296, 'gamma': 0.39992770683743434, 'min_child_weight': 5, 'subsample': 0.6855403688186803, 'colsample_bytree': 0.9014914416231282}. Best is trial 23 with value: 0.8210289406583827.
[I 2025-04-08 20:05:14,579] Trial 73 finished with value: 0.8111345883833192 and parameters: {'max_depth': 19, 'learning_rate': 0.054051662302340264, 'n_estimators': 290, 'gamma': 0.37081106860765134, 'min_child_weight': 6, 'subsample': 0.6498829182665674, 'colsample_bytree': 0.9232470199896782}. Best is trial 23 with value: 0.8210289406583827.
[I 2025-04-08 20:05:20,194] Trial 74 finished with value: 0.8198966718857907 and parameters: {'max_depth': 15, 'learning_rate': 0.024126297152357333, 'n_estimators': 300, 'gamma': 0.34789190955439375, 'min_child_weight': 6, 'subsample': 0.6672028150005059, 'colsample_bytree': 0.8416631815425716}. Best is trial 23 with value: 0.8210289406583827.
[I 2025-04-08 20:05:25,540] Trial 75 finished with value: 0.8199808456386926 and parameters: {'max_depth': 13, 'learning_rate': 0.014117749793399238, 'n_estimators': 292, 'gamma': 0.3916606919679072, 'min_child_weight': 5, 'subsample': 0.7089338985695298, 'colsample_bytree': 0.7935812940800855}. Best is trial 23 with value: 0.8210289406583827.
[I 2025-04-08 20:05:31,103] Trial 76 finished with value: 0.8170458351565124 and parameters: {'max_depth': 14, 'learning_rate': 0.039293785040442925, 'n_estimators': 278, 'gamma': 0.3977573300410909, 'min_child_weight': 4, 'subsample': 0.7127123138741831, 'colsample_bytree': 0.7830303302996156}. Best is trial 23 with value: 0.8210289406583827.
[I 2025-04-08 20:05:33,937] Trial 77 finished with value: 0.8109670843723256 and parameters: {'max_depth': 11, 'learning_rate': 0.0065378252434934135, 'n_estimators': 180, 'gamma': 0.45027426491510447, 'min_child_weight': 5, 'subsample': 0.6194191244853089, 'colsample_bytree': 0.7976962239492633}. Best is trial 23 with value: 0.8210289406583827.
[I 2025-04-08 20:05:37,604] Trial 78 finished with value: 0.8100022493194929 and parameters: {'max_depth': 13, 'learning_rate': 0.0906201203798093, 'n_estimators': 243, 'gamma': 0.37757421771150973, 'min_child_weight': 5, 'subsample': 0.695600688803034, 'colsample_bytree': 0.7596886097104971}. Best is trial 23 with value: 0.8210289406583827.
[I 2025-04-08 20:05:40,772] Trial 79 finished with value: 0.8165430595314035 and parameters: {'max_depth': 9, 'learning_rate': 0.01115032955469206, 'n_estimators': 218, 'gamma': 0.5257053079284277, 'min_child_weight': 4, 'subsample': 0.7541764916926909, 'colsample_bytree': 0.8111567051151205}. Best is trial 23 with value: 0.8210289406583827.
[I 2025-04-08 20:05:47,033] Trial 80 finished with value: 0.8155366296407591 and parameters: {'max_depth': 17, 'learning_rate': 0.004801023230596616, 'n_estimators': 257, 'gamma': 0.28591381867958743, 'min_child_weight': 6, 'subsample': 0.8011924698755045, 'colsample_bytree': 0.8220330944140283}. Best is trial 23 with value: 0.8210289406583827.
[I 2025-04-08 20:05:53,454] Trial 81 finished with value: 0.8206095655826001 and parameters: {'max_depth': 16, 'learning_rate': 0.013778523279172682, 'n_estimators': 291, 'gamma': 0.3309500797675603, 'min_child_weight': 6, 'subsample': 0.6771843527054366, 'colsample_bytree': 0.8617257942503188}. Best is trial 23 with value: 0.8210289406583827.
[I 2025-04-08 20:05:58,508] Trial 82 finished with value: 0.8207352990276965 and parameters: {'max_depth': 16, 'learning_rate': 0.014117221639736322, 'n_estimators': 235, 'gamma': 0.41981832704853594, 'min_child_weight': 6, 'subsample': 0.7415211975059707, 'colsample_bytree': 0.8611404737314062}. Best is trial 23 with value: 0.8210289406583827.
[I 2025-04-08 20:06:04,034] Trial 83 finished with value: 0.819980371172862 and parameters: {'max_depth': 16, 'learning_rate': 0.021195137890467265, 'n_estimators': 237, 'gamma': 0.29934559832327506, 'min_child_weight': 6, 'subsample': 0.7332675209782684, 'colsample_bytree': 0.8573405849696579}. Best is trial 23 with value: 0.8210289406583827.
[I 2025-04-08 20:06:09,001] Trial 84 finished with value: 0.8192679519418832 and parameters: {'max_depth': 15, 'learning_rate': 0.007914445600710408, 'n_estimators': 233, 'gamma': 0.25353044811170933, 'min_child_weight': 6, 'subsample': 0.7694855207049724, 'colsample_bytree': 0.8653975426394935}. Best is trial 23 with value: 0.8210289406583827.
[I 2025-04-08 20:06:13,980] Trial 85 finished with value: 0.8193935272317028 and parameters: {'max_depth': 18, 'learning_rate': 0.02896713647239621, 'n_estimators': 208, 'gamma': 0.21616272530778557, 'min_child_weight': 6, 'subsample': 0.7445565972738786, 'colsample_bytree': 0.8414170486343386}. Best is trial 23 with value: 0.8210289406583827.
[I 2025-04-08 20:06:17,872] Trial 86 finished with value: 0.816458534322331 and parameters: {'max_depth': 20, 'learning_rate': 0.04965404191566902, 'n_estimators': 168, 'gamma': 0.0007922313374299217, 'min_child_weight': 6, 'subsample': 0.6575752820342876, 'colsample_bytree': 0.9311253880284276}. Best is trial 23 with value: 0.8210289406583827.
[I 2025-04-08 20:06:21,308] Trial 87 finished with value: 0.6418479565459589 and parameters: {'max_depth': 16, 'learning_rate': 0.002041985739130306, 'n_estimators': 154, 'gamma': 0.31198025813711794, 'min_child_weight': 7, 'subsample': 0.5467134393746531, 'colsample_bytree': 0.8935792263778372}. Best is trial 23 with value: 0.8210289406583827.
[I 2025-04-08 20:06:28,426] Trial 88 finished with value: 0.6377394866279713 and parameters: {'max_depth': 17, 'learning_rate': 0.0010924988953734602, 'n_estimators': 251, 'gamma': 0.4157736043657637, 'min_child_weight': 3, 'subsample': 0.826877645463673, 'colsample_bytree': 0.8772868571701645}. Best is trial 23 with value: 0.8210289406583827.
[I 2025-04-08 20:06:31,675] Trial 89 finished with value: 0.8185971626943334 and parameters: {'max_depth': 14, 'learning_rate': 0.013931665657778126, 'n_estimators': 132, 'gamma': 0.4876589951914193, 'min_child_weight': 7, 'subsample': 0.7904203598533912, 'colsample_bytree': 0.829429792936265}. Best is trial 23 with value: 0.8210289406583827.
