[I 2025-04-08 00:42:56,917] Trial 65 finished with value: 0.8190581853263534 and parameters: {'lambda_l1': 4.144139367960367e-08, 'lambda_l2': 7.598838318108538e-09, 'num_leaves': 64, 'feature_fraction': 0.5315602956202756, 'bagging_fraction': 0.6846353323929092, 'bagging_freq': 6, 'min_child_samples': 115}. Best is trial 25 with value: 0.8214478588411435.
[I 2025-04-08 00:42:58,754] Trial 66 finished with value: 0.8195192431039906 and parameters: {'lambda_l1': 0.017109343571235138, 'lambda_l2': 8.266935694628446e-06, 'num_leaves': 34, 'feature_fraction': 0.4832168142042035, 'bagging_fraction': 0.9263656067139422, 'bagging_freq': 13, 'min_child_samples': 104}. Best is trial 25 with value: 0.8214478588411435.
[I 2025-04-08 00:43:00,442] Trial 67 finished with value: 0.8199382667236026 and parameters: {'lambda_l1': 0.0009384666396044838, 'lambda_l2': 0.9074686172762524, 'num_leaves': 45, 'feature_fraction': 0.43073154622648835, 'bagging_fraction': 0.9127924662490199, 'bagging_freq': 11, 'min_child_samples': 123}. Best is trial 25 with value: 0.8214478588411435.
[I 2025-04-08 00:43:02,708] Trial 68 finished with value: 0.822076736940328 and parameters: {'lambda_l1': 1.7021359054095482, 'lambda_l2': 7.394284410123029e-08, 'num_leaves': 51, 'feature_fraction': 0.6297668490514462, 'bagging_fraction': 0.958439492897855, 'bagging_freq': 10, 'min_child_samples': 50}. Best is trial 68 with value: 0.822076736940328.
[I 2025-04-08 00:43:05,179] Trial 69 finished with value: 0.8216154858617969 and parameters: {'lambda_l1': 2.226535178922196, 'lambda_l2': 4.794785331430684e-07, 'num_leaves': 61, 'feature_fraction': 0.6269687274180965, 'bagging_fraction': 0.9837686907520391, 'bagging_freq': 10, 'min_child_samples': 51}. Best is trial 68 with value: 0.822076736940328.
[I 2025-04-08 00:43:06,596] Trial 70 finished with value: 0.8202740303763567 and parameters: {'lambda_l1': 3.1769656045762655, 'lambda_l2': 1.4438828888692343e-07, 'num_leaves': 29, 'feature_fraction': 0.627845718169726, 'bagging_fraction': 0.9953798277377341, 'bagging_freq': 9, 'min_child_samples': 51}. Best is trial 68 with value: 0.822076736940328.
[I 2025-04-08 00:43:08,303] Trial 71 finished with value: 0.8144046596059121 and parameters: {'lambda_l1': 26.14332858193328, 'lambda_l2': 1.635626643249349e-06, 'num_leaves': 60, 'feature_fraction': 0.5827668458299288, 'bagging_fraction': 0.9577259769867004, 'bagging_freq': 10, 'min_child_samples': 41}. Best is trial 68 with value: 0.822076736940328.
[I 2025-04-08 00:43:10,252] Trial 72 finished with value: 0.8198966367401738 and parameters: {'lambda_l1': 0.6866295633301137, 'lambda_l2': 3.1942154351298436e-08, 'num_leaves': 55, 'feature_fraction': 0.7004298026891783, 'bagging_fraction': 0.9356567120319504, 'bagging_freq': 9, 'min_child_samples': 66}. Best is trial 68 with value: 0.822076736940328.
[I 2025-04-08 00:43:12,817] Trial 73 finished with value: 0.8205673205508723 and parameters: {'lambda_l1': 1.4968243438340294, 'lambda_l2': 10.29139135971955, 'num_leaves': 76, 'feature_fraction': 0.6470430338328241, 'bagging_fraction': 0.9837051276674729, 'bagging_freq': 10, 'min_child_samples': 46}. Best is trial 68 with value: 0.822076736940328.
[I 2025-04-08 00:43:14,688] Trial 74 finished with value: 0.8206931242872029 and parameters: {'lambda_l1': 6.996680044618005, 'lambda_l2': 5.577316824548911e-07, 'num_leaves': 51, 'feature_fraction': 0.60921766352296, 'bagging_fraction': 0.9636113167787748, 'bagging_freq': 8, 'min_child_samples': 61}. Best is trial 68 with value: 0.822076736940328.
[I 2025-04-08 00:43:16,938] Trial 75 finished with value: 0.8193094413428437 and parameters: {'lambda_l1': 2.3906181405819544, 'lambda_l2': 1.2116997234620605e-07, 'num_leaves': 65, 'feature_fraction': 0.7976092748972461, 'bagging_fraction': 0.9003594103713928, 'bagging_freq': 6, 'min_child_samples': 34}. Best is trial 68 with value: 0.822076736940328.
[I 2025-04-08 00:43:19,894] Trial 76 finished with value: 0.8196871512895806 and parameters: {'lambda_l1': 0.34909287978366693, 'lambda_l2': 0.00013719092052535072, 'num_leaves': 70, 'feature_fraction': 0.5124376427064047, 'bagging_fraction': 0.944529948935681, 'bagging_freq': 11, 'min_child_samples': 51}. Best is trial 68 with value: 0.822076736940328.
[I 2025-04-08 00:43:21,619] Trial 77 finished with value: 0.8184711305114917 and parameters: {'lambda_l1': 14.456284970748026, 'lambda_l2': 3.099827721177264e-07, 'num_leaves': 43, 'feature_fraction': 0.5919247490442734, 'bagging_fraction': 0.9795785179085126, 'bagging_freq': 12, 'min_child_samples': 55}. Best is trial 68 with value: 0.822076736940328.
[I 2025-04-08 00:43:23,495] Trial 78 finished with value: 0.8178422172666903 and parameters: {'lambda_l1': 0.002252317812127486, 'lambda_l2': 1.8084690603956456e-05, 'num_leaves': 60, 'feature_fraction': 0.6622250040768249, 'bagging_fraction': 0.6503700024933023, 'bagging_freq': 10, 'min_child_samples': 27}. Best is trial 68 with value: 0.822076736940328.
[I 2025-04-08 00:43:26,405] Trial 79 finished with value: 0.8188066832905436 and parameters: {'lambda_l1': 0.059344885048759614, 'lambda_l2': 4.171808514584175, 'num_leaves': 84, 'feature_fraction': 0.49362436662965886, 'bagging_fraction': 0.936578613751609, 'bagging_freq': 7, 'min_child_samples': 45}. Best is trial 68 with value: 0.822076736940328.
[I 2025-04-08 00:43:28,909] Trial 80 finished with value: 0.8205255675577838 and parameters: {'lambda_l1': 0.7277184821198664, 'lambda_l2': 34.03654437641834, 'num_leaves': 53, 'feature_fraction': 0.5537736763194514, 'bagging_fraction': 0.989544036360335, 'bagging_freq': 11, 'min_child_samples': 64}. Best is trial 68 with value: 0.822076736940328.
[I 2025-04-08 00:43:30,651] Trial 81 finished with value: 0.8206512658572631 and parameters: {'lambda_l1': 0.13393564139898886, 'lambda_l2': 4.379689658238962e-07, 'num_leaves': 50, 'feature_fraction': 0.6167993505426277, 'bagging_fraction': 0.7308819882172499, 'bagging_freq': 8, 'min_child_samples': 67}. Best is trial 68 with value: 0.822076736940328.
[I 2025-04-08 00:43:32,663] Trial 82 finished with value: 0.8201899972059236 and parameters: {'lambda_l1': 5.799752517376605, 'lambda_l2': 2.4526587114363326e-06, 'num_leaves': 46, 'feature_fraction': 0.5994577645012352, 'bagging_fraction': 0.9623816573584788, 'bagging_freq': 8, 'min_child_samples': 61}. Best is trial 68 with value: 0.822076736940328.
[I 2025-04-08 00:43:35,933] Trial 83 finished with value: 0.816416869193285 and parameters: {'lambda_l1': 1.3204736562718768, 'lambda_l2': 2.664000896569642e-08, 'num_leaves': 114, 'feature_fraction': 0.6332574534657922, 'bagging_fraction': 0.9621981594145823, 'bagging_freq': 9, 'min_child_samples': 59}. Best is trial 68 with value: 0.822076736940328.
[I 2025-04-08 00:43:36,623] Trial 84 finished with value: 0.7942817553829906 and parameters: {'lambda_l1': 63.30276151512091, 'lambda_l2': 9.993419845131904e-08, 'num_leaves': 40, 'feature_fraction': 0.5361819182875096, 'bagging_fraction': 0.5510061238026949, 'bagging_freq': 8, 'min_child_samples': 37}. Best is trial 68 with value: 0.822076736940328.
[I 2025-04-08 00:43:38,576] Trial 85 finished with value: 0.8203157482238284 and parameters: {'lambda_l1': 11.029893971878144, 'lambda_l2': 4.320665999611973e-06, 'num_leaves': 58, 'feature_fraction': 0.5708189422928764, 'bagging_fraction': 0.998133411301652, 'bagging_freq': 9, 'min_child_samples': 51}. Best is trial 68 with value: 0.822076736940328.
[I 2025-04-08 00:43:41,110] Trial 86 finished with value: 0.8200222823212273 and parameters: {'lambda_l1': 5.047859245968576, 'lambda_l2': 3.0280938337224442e-09, 'num_leaves': 63, 'feature_fraction': 0.5207284300946466, 'bagging_fraction': 0.9749252259331269, 'bagging_freq': 13, 'min_child_samples': 62}. Best is trial 68 with value: 0.822076736940328.
[I 2025-04-08 00:43:42,941] Trial 87 finished with value: 0.8195192606767993 and parameters: {'lambda_l1': 0.29811140981104334, 'lambda_l2': 4.5630620294389305e-07, 'num_leaves': 50, 'feature_fraction': 0.6116652322109313, 'bagging_fraction': 0.9459825656755603, 'bagging_freq': 10, 'min_child_samples': 73}. Best is trial 68 with value: 0.822076736940328.
[I 2025-04-08 00:43:44,892] Trial 88 finished with value: 0.8198965313033225 and parameters: {'lambda_l1': 3.352797471262124, 'lambda_l2': 6.001011462705726e-08, 'num_leaves': 53, 'feature_fraction': 0.7058196607328749, 'bagging_fraction': 0.9216818351211552, 'bagging_freq': 7, 'min_child_samples': 11}. Best is trial 68 with value: 0.822076736940328.
[I 2025-04-08 00:43:46,239] Trial 89 finished with value: 0.8152431813109666 and parameters: {'lambda_l1': 23.90980856719561, 'lambda_l2': 1.0366507989378852e-09, 'num_leaves': 69, 'feature_fraction': 0.6749486559606608, 'bagging_fraction': 0.9655240619433882, 'bagging_freq': 12, 'min_child_samples': 57}. Best is trial 68 with value: 0.822076736940328.
[I 2025-04-08 00:43:47,816] Trial 90 finished with value: 0.8197709384406944 and parameters: {'lambda_l1': 0.47022955089011276, 'lambda_l2': 0.2920637309460327, 'num_leaves': 38, 'feature_fraction': 0.560392119513076, 'bagging_fraction': 0.9039409364498051, 'bagging_freq': 11, 'min_child_samples': 80}. Best is trial 68 with value: 0.822076736940328.
[I 2025-04-08 00:43:49,999] Trial 91 finished with value: 0.8193514579280604 and parameters: {'lambda_l1': 0.14936439000006033, 'lambda_l2': 3.378693289165304e-07, 'num_leaves': 47, 'feature_fraction': 0.629796729855072, 'bagging_fraction': 0.7787801383410297, 'bagging_freq': 6, 'min_child_samples': 66}. Best is trial 68 with value: 0.822076736940328.
[I 2025-04-08 00:43:52,107] Trial 92 finished with value: 0.8184288854797641 and parameters: {'lambda_l1': 0.07491435204850957, 'lambda_l2': 7.272453260826707e-07, 'num_leaves': 50, 'feature_fraction': 0.580839762657429, 'bagging_fraction': 0.7178839439763147, 'bagging_freq': 8, 'min_child_samples': 88}. Best is trial 68 with value: 0.822076736940328.
[I 2025-04-08 00:43:54,356] Trial 93 finished with value: 0.8194772089459654 and parameters: {'lambda_l1': 0.9167010043420375, 'lambda_l2': 12.728931177003146, 'num_leaves': 56, 'feature_fraction': 0.619526020481587, 'bagging_fraction': 0.4678426580999332, 'bagging_freq': 8, 'min_child_samples': 6}. Best is trial 68 with value: 0.822076736940328.
[I 2025-04-08 00:43:56,454] Trial 94 finished with value: 0.8196450644131298 and parameters: {'lambda_l1': 0.11809578197318647, 'lambda_l2': 43.199918477673904, 'num_leaves': 66, 'feature_fraction': 0.6099836963181573, 'bagging_fraction': 0.8184626550525026, 'bagging_freq': 7, 'min_child_samples': 70}. Best is trial 68 with value: 0.822076736940328.
[I 2025-04-08 00:43:58,787] Trial 95 finished with value: 0.8181356655964827 and parameters: {'lambda_l1': 0.021020664658059723, 'lambda_l2': 4.339346343896165, 'num_leaves': 75, 'feature_fraction': 0.5048117463927413, 'bagging_fraction': 0.5845885578338151, 'bagging_freq': 9, 'min_child_samples': 54}. Best is trial 68 with value: 0.822076736940328.
[I 2025-04-08 00:44:01,087] Trial 96 finished with value: 0.8176326790976715 and parameters: {'lambda_l1': 0.04590114730458691, 'lambda_l2': 1.2417475721685518e-06, 'num_leaves': 44, 'feature_fraction': 0.6607783114958827, 'bagging_fraction': 0.7487781202958277, 'bagging_freq': 13, 'min_child_samples': 16}. Best is trial 68 with value: 0.822076736940328.
[I 2025-04-08 00:44:03,195] Trial 97 finished with value: 0.8198547080189998 and parameters: {'lambda_l1': 0.010527688803645538, 'lambda_l2': 9.169705302646653e-08, 'num_leaves': 60, 'feature_fraction': 0.5823189340425652, 'bagging_fraction': 0.9824908773789418, 'bagging_freq': 10, 'min_child_samples': 97}. Best is trial 68 with value: 0.822076736940328.
[I 2025-04-08 00:44:05,014] Trial 98 finished with value: 0.8199806523377987 and parameters: {'lambda_l1': 2.004211850139123, 'lambda_l2': 2.1883076502402223e-07, 'num_leaves': 51, 'feature_fraction': 0.47178986635865006, 'bagging_fraction': 0.8836430922782752, 'bagging_freq': 8, 'min_child_samples': 30}. Best is trial 68 with value: 0.822076736940328.
[I 2025-04-08 00:44:07,211] Trial 99 finished with value: 0.8190160633042854 and parameters: {'lambda_l1': 0.00019808065676754668, 'lambda_l2': 1.9621672442220374e-08, 'num_leaves': 72, 'feature_fraction': 0.5410329028579421, 'bagging_fraction': 0.9531955008527782, 'bagging_freq': 7, 'min_child_samples': 42}. Best is trial 68 with value: 0.822076736940328.
[I 2025-04-08 00:44:09,337] Trial 100 finished with value: 0.8180936665840746 and parameters: {'lambda_l1': 0.18265111235684234, 'lambda_l2': 6.803736286047881e-09, 'num_leaves': 57, 'feature_fraction': 0.5230842024099203, 'bagging_fraction': 0.9726628276363061, 'bagging_freq': 12, 'min_child_samples': 48}. Best is trial 68 with value: 0.822076736940328.
[I 2025-04-08 00:44:11,748] Trial 101 finished with value: 0.8194775604021363 and parameters: {'lambda_l1': 0.36571355309771264, 'lambda_l2': 4.699663087073124e-09, 'num_leaves': 48, 'feature_fraction': 0.5591326632386763, 'bagging_fraction': 0.9982813097843495, 'bagging_freq': 15, 'min_child_samples': 118}. Best is trial 68 with value: 0.822076736940328.
[I 2025-04-08 00:44:13,245] Trial 102 finished with value: 0.8201901729340089 and parameters: {'lambda_l1': 6.205429995096275e-05, 'lambda_l2': 9.393969644260336e-06, 'num_leaves': 41, 'feature_fraction': 0.4902093875407967, 'bagging_fraction': 0.9260905418426923, 'bagging_freq': 16, 'min_child_samples': 123}. Best is trial 68 with value: 0.822076736940328.
[I 2025-04-08 00:44:14,646] Trial 103 finished with value: 0.8199385478885391 and parameters: {'lambda_l1': 2.1182632338215882e-05, 'lambda_l2': 1.2807046706404825e-08, 'num_leaves': 37, 'feature_fraction': 0.549461283056426, 'bagging_fraction': 0.9467544164636601, 'bagging_freq': 9, 'min_child_samples': 126}. Best is trial 68 with value: 0.822076736940328.
[I 2025-04-08 00:44:16,504] Trial 104 finished with value: 0.8210704124865348 and parameters: {'lambda_l1': 0.002128205303728069, 'lambda_l2': 2.1986148604470475, 'num_leaves': 54, 'feature_fraction': 0.592012829662943, 'bagging_fraction': 0.9852260823440736, 'bagging_freq': 10, 'min_child_samples': 116}. Best is trial 68 with value: 0.822076736940328.
[I 2025-04-08 00:44:18,480] Trial 105 finished with value: 0.8207351760180368 and parameters: {'lambda_l1': 0.0027378821420427487, 'lambda_l2': 2.1734773015397795, 'num_leaves': 54, 'feature_fraction': 0.5995702533976012, 'bagging_fraction': 0.9852983060535002, 'bagging_freq': 10, 'min_child_samples': 23}. Best is trial 68 with value: 0.822076736940328.
[I 2025-04-08 00:44:20,582] Trial 106 finished with value: 0.8204836915550354 and parameters: {'lambda_l1': 0.0009022355961178154, 'lambda_l2': 1.7703878856817314, 'num_leaves': 62, 'feature_fraction': 0.5959409035235457, 'bagging_fraction': 0.9868610733886642, 'bagging_freq': 11, 'min_child_samples': 15}. Best is trial 68 with value: 0.822076736940328.
[I 2025-04-08 00:44:23,004] Trial 107 finished with value: 0.8195193836864589 and parameters: {'lambda_l1': 0.0022345227230122565, 'lambda_l2': 1.1711714161385003, 'num_leaves': 54, 'feature_fraction': 0.6478099535709028, 'bagging_fraction': 0.9661975172168698, 'bagging_freq': 10, 'min_child_samples': 22}. Best is trial 68 with value: 0.822076736940328.
[I 2025-04-08 00:44:25,270] Trial 108 finished with value: 0.8200225107677385 and parameters: {'lambda_l1': 0.004111168856793165, 'lambda_l2': 5.841316228288331, 'num_leaves': 67, 'feature_fraction': 0.5781278088662494, 'bagging_fraction': 0.986078842745797, 'bagging_freq': 10, 'min_child_samples': 9}. Best is trial 68 with value: 0.822076736940328.
[I 2025-04-08 00:44:27,154] Trial 109 finished with value: 0.8193515282192946 and parameters: {'lambda_l1': 0.005707023340039141, 'lambda_l2': 0.47333938988270974, 'num_leaves': 56, 'feature_fraction': 0.5252700492262085, 'bagging_fraction': 0.9411152535456984, 'bagging_freq': 11, 'min_child_samples': 120}. Best is trial 68 with value: 0.822076736940328.
[I 2025-04-08 00:44:28,553] Trial 110 finished with value: 0.8194353680888341 and parameters: {'lambda_l1': 0.0003461399164966909, 'lambda_l2': 16.349471880212818, 'num_leaves': 33, 'feature_fraction': 0.7519200042856368, 'bagging_fraction': 0.9579389535036252, 'bagging_freq': 11, 'min_child_samples': 115}. Best is trial 68 with value: 0.822076736940328.
[I 2025-04-08 00:44:30,469] Trial 111 finished with value: 0.8204414992417334 and parameters: {'lambda_l1': 0.009710278759661958, 'lambda_l2': 28.669205929410317, 'num_leaves': 49, 'feature_fraction': 0.6404415397993868, 'bagging_fraction': 0.9749425277970362, 'bagging_freq': 9, 'min_child_samples': 24}. Best is trial 68 with value: 0.822076736940328.
[I 2025-04-08 00:44:32,815] Trial 112 finished with value: 0.8201904892445626 and parameters: {'lambda_l1': 0.003550248088149949, 'lambda_l2': 0.11122357159649361, 'num_leaves': 52, 'feature_fraction': 0.6035153988098458, 'bagging_fraction': 0.9881282647676574, 'bagging_freq': 10, 'min_child_samples': 18}. Best is trial 68 with value: 0.822076736940328.
[I 2025-04-08 00:44:34,438] Trial 113 finished with value: 0.8211124290717514 and parameters: {'lambda_l1': 0.0005724186151316632, 'lambda_l2': 2.817614402302141, 'num_leaves': 44, 'feature_fraction': 0.6242993860365511, 'bagging_fraction': 0.933090747368803, 'bagging_freq': 9, 'min_child_samples': 68}. Best is trial 68 with value: 0.822076736940328.
[I 2025-04-08 00:44:36,071] Trial 114 finished with value: 0.8220348609375796 and parameters: {'lambda_l1': 0.0005258726441864079, 'lambda_l2': 3.172908284520408, 'num_leaves': 44, 'feature_fraction': 0.625031710182761, 'bagging_fraction': 0.9129877416950113, 'bagging_freq': 10, 'min_child_samples': 107}. Best is trial 68 with value: 0.822076736940328.
[I 2025-04-08 00:44:37,666] Trial 115 finished with value: 0.8205256202762093 and parameters: {'lambda_l1': 0.0006122697637962634, 'lambda_l2': 2.808579767355513, 'num_leaves': 43, 'feature_fraction': 0.6841162459590034, 'bagging_fraction': 0.9999727534001132, 'bagging_freq': 10, 'min_child_samples': 111}. Best is trial 68 with value: 0.822076736940328.
[I 2025-04-08 00:44:39,322] Trial 116 finished with value: 0.8206092492720464 and parameters: {'lambda_l1': 0.000567419974673143, 'lambda_l2': 8.440696030175857, 'num_leaves': 45, 'feature_fraction': 0.6247037010224172, 'bagging_fraction': 0.9111211727284585, 'bagging_freq': 9, 'min_child_samples': 128}. Best is trial 68 with value: 0.822076736940328.
[I 2025-04-08 00:44:42,235] Trial 117 finished with value: 0.8188486998757603 and parameters: {'lambda_l1': 0.00021098001283902353, 'lambda_l2': 1.340916969326688, 'num_leaves': 79, 'feature_fraction': 0.5031594158978078, 'bagging_fraction': 0.9288468810268562, 'bagging_freq': 10, 'min_child_samples': 20}. Best is trial 68 with value: 0.822076736940328.
[I 2025-04-08 00:44:44,520] Trial 118 finished with value: 0.819855041902362 and parameters: {'lambda_l1': 0.0010738776631640853, 'lambda_l2': 0.6561701014259748, 'num_leaves': 59, 'feature_fraction': 0.5940485646496209, 'bagging_fraction': 0.9525817184256025, 'bagging_freq': 11, 'min_child_samples': 107}. Best is trial 68 with value: 0.822076736940328.
[I 2025-04-08 00:44:46,778] Trial 119 finished with value: 0.820357694517811 and parameters: {'lambda_l1': 7.508840656860833e-05, 'lambda_l2': 50.518143856545386, 'num_leaves': 62, 'feature_fraction': 0.5672971039412646, 'bagging_fraction': 0.9743287114123275, 'bagging_freq': 12, 'min_child_samples': 114}. Best is trial 68 with value: 0.822076736940328.
[I 2025-04-08 00:44:48,790] Trial 120 finished with value: 0.820777210176062 and parameters: {'lambda_l1': 9.191147589986496e-05, 'lambda_l2': 2.9324530184360653, 'num_leaves': 46, 'feature_fraction': 0.4617906852825595, 'bagging_fraction': 0.9411365766023287, 'bagging_freq': 10, 'min_child_samples': 14}. Best is trial 68 with value: 0.822076736940328.
[I 2025-04-08 00:44:50,363] Trial 121 finished with value: 0.8208610148999842 and parameters: {'lambda_l1': 0.00214201494916211, 'lambda_l2': 3.248252642994193, 'num_leaves': 41, 'feature_fraction': 0.4578238738031972, 'bagging_fraction': 0.938270111508298, 'bagging_freq': 10, 'min_child_samples': 14}. Best is trial 68 with value: 0.822076736940328.
[I 2025-04-08 00:44:52,777] Trial 122 finished with value: 0.8193096346437377 and parameters: {'lambda_l1': 8.364342106653248e-05, 'lambda_l2': 3.235192621545055, 'num_leaves': 47, 'feature_fraction': 0.4471145483014055, 'bagging_fraction': 0.9382449020335769, 'bagging_freq': 10, 'min_child_samples': 11}. Best is trial 68 with value: 0.822076736940328.
[I 2025-04-08 00:44:54,531] Trial 123 finished with value: 0.8196869931343038 and parameters: {'lambda_l1': 0.0014170916784870574, 'lambda_l2': 4.922591424208825, 'num_leaves': 39, 'feature_fraction': 0.47572854011870924, 'bagging_fraction': 0.9355602286006026, 'bagging_freq': 9, 'min_child_samples': 15}. Best is trial 68 with value: 0.822076736940328.
[I 2025-04-08 00:44:56,372] Trial 124 finished with value: 0.8196868876974523 and parameters: {'lambda_l1': 0.00027282401638600596, 'lambda_l2': 11.406464236730132, 'num_leaves': 42, 'feature_fraction': 0.40950633405147907, 'bagging_fraction': 0.9172966137300755, 'bagging_freq': 11, 'min_child_samples': 6}. Best is trial 68 with value: 0.822076736940328.
[I 2025-04-08 00:44:57,777] Trial 125 finished with value: 0.8211125696542197 and parameters: {'lambda_l1': 2.9724584215170465e-05, 'lambda_l2': 0.3189026682405226, 'num_leaves': 30, 'feature_fraction': 0.45483054107696314, 'bagging_fraction': 0.8951551715038704, 'bagging_freq': 10, 'min_child_samples': 2}. Best is trial 68 with value: 0.822076736940328.
