[I 2025-04-08 21:13:51,810] Trial 223 finished with value: 0.8139015149518242 and parameters: {'max_depth': 5, 'learning_rate': 0.14006809733343983, 'n_estimators': 162, 'gamma': 0.12922886749523133, 'min_child_weight': 7, 'subsample': 0.7456513832761161, 'colsample_bytree': 0.7385547892504187}. Best is trial 97 with value: 0.8150756245815476.
[I 2025-04-08 21:13:52,811] Trial 224 finished with value: 0.8141532454341449 and parameters: {'max_depth': 4, 'learning_rate': 0.21551450368123448, 'n_estimators': 185, 'gamma': 0.0739100223776968, 'min_child_weight': 7, 'subsample': 0.645769066514718, 'colsample_bytree': 0.7479816005173113}. Best is trial 97 with value: 0.8150756245815476.
[I 2025-04-08 21:13:53,873] Trial 225 finished with value: 0.814195139009702 and parameters: {'max_depth': 4, 'learning_rate': 0.19297773633016024, 'n_estimators': 205, 'gamma': 0.05762968810913148, 'min_child_weight': 7, 'subsample': 0.6490725297110492, 'colsample_bytree': 0.7425206040721866}. Best is trial 97 with value: 0.8150756245815476.
[I 2025-04-08 21:13:54,770] Trial 226 finished with value: 0.8107992991963956 and parameters: {'max_depth': 3, 'learning_rate': 0.21528410362006237, 'n_estimators': 205, 'gamma': 0.06194316064914027, 'min_child_weight': 7, 'subsample': 0.6491329414514092, 'colsample_bytree': 0.730801294116271}. Best is trial 97 with value: 0.8150756245815476.
[I 2025-04-08 21:13:55,674] Trial 227 finished with value: 0.8127696854994456 and parameters: {'max_depth': 4, 'learning_rate': 0.15545064548875062, 'n_estimators': 190, 'gamma': 0.039295252703840246, 'min_child_weight': 7, 'subsample': 0.6407068287538283, 'colsample_bytree': 0.6993975830971854}. Best is trial 97 with value: 0.8150756245815476.
[I 2025-04-08 21:13:56,650] Trial 228 finished with value: 0.8142370325852589 and parameters: {'max_depth': 4, 'learning_rate': 0.39204951415119277, 'n_estimators': 214, 'gamma': 0.0798948715296097, 'min_child_weight': 7, 'subsample': 0.6225069432250097, 'colsample_bytree': 0.7680650867401261}. Best is trial 97 with value: 0.8150756245815476.
[I 2025-04-08 21:13:58,295] Trial 229 finished with value: 0.8123925730281991 and parameters: {'max_depth': 4, 'learning_rate': 0.3829195166915156, 'n_estimators': 245, 'gamma': 0.05833131498720122, 'min_child_weight': 7, 'subsample': 0.6180119589429914, 'colsample_bytree': 0.7727530044158042}. Best is trial 97 with value: 0.8150756245815476.
[I 2025-04-08 21:13:59,146] Trial 230 finished with value: 0.8125602703400865 and parameters: {'max_depth': 4, 'learning_rate': 0.48463967295818966, 'n_estimators': 181, 'gamma': 0.07013771668110384, 'min_child_weight': 7, 'subsample': 0.625861501879996, 'colsample_bytree': 0.7806760487416707}. Best is trial 97 with value: 0.8150756245815476.
[I 2025-04-08 21:13:59,974] Trial 231 finished with value: 0.8129375761122271 and parameters: {'max_depth': 3, 'learning_rate': 0.2989830754670744, 'n_estimators': 220, 'gamma': 0.07510693296365135, 'min_child_weight': 7, 'subsample': 0.6054899281603441, 'colsample_bytree': 0.7670048671730405}. Best is trial 97 with value: 0.8150756245815476.
[I 2025-04-08 21:14:00,961] Trial 232 finished with value: 0.8111767455510043 and parameters: {'max_depth': 3, 'learning_rate': 0.19163058646298026, 'n_estimators': 206, 'gamma': 0.05281090849926514, 'min_child_weight': 7, 'subsample': 0.6599822913095804, 'colsample_bytree': 0.750570022640248}. Best is trial 97 with value: 0.8150756245815476.
[I 2025-04-08 21:14:02,137] Trial 233 finished with value: 0.8123083465568717 and parameters: {'max_depth': 4, 'learning_rate': 0.6164452197722969, 'n_estimators': 188, 'gamma': 0.07827756131477051, 'min_child_weight': 7, 'subsample': 0.6302603533081504, 'colsample_bytree': 0.7640854377473311}. Best is trial 97 with value: 0.8150756245815476.
[I 2025-04-08 21:14:03,104] Trial 234 finished with value: 0.8138597795315441 and parameters: {'max_depth': 4, 'learning_rate': 0.24424010700535054, 'n_estimators': 140, 'gamma': 0.09397605287153651, 'min_child_weight': 7, 'subsample': 0.6536776939977509, 'colsample_bytree': 0.6673694942544269}. Best is trial 97 with value: 0.8150756245815476.
[I 2025-04-08 21:14:04,815] Trial 235 finished with value: 0.8128533496408996 and parameters: {'max_depth': 5, 'learning_rate': 0.3483981744636052, 'n_estimators': 253, 'gamma': 0.11714747471765079, 'min_child_weight': 7, 'subsample': 0.6460929081772775, 'colsample_bytree': 0.7467364195069499}. Best is trial 97 with value: 0.8150756245815476.
[I 2025-04-08 21:14:05,772] Trial 236 finished with value: 0.8133145655738137 and parameters: {'max_depth': 4, 'learning_rate': 0.13856285678777616, 'n_estimators': 210, 'gamma': 0.06471329164393519, 'min_child_weight': 7, 'subsample': 0.672621538707829, 'colsample_bytree': 0.7906134200683956}. Best is trial 97 with value: 0.8150756245815476.
[I 2025-04-08 21:14:08,036] Trial 237 finished with value: 0.8099606544816813 and parameters: {'max_depth': 11, 'learning_rate': 0.41673735104159265, 'n_estimators': 214, 'gamma': 0.5360526856153799, 'min_child_weight': 7, 'subsample': 0.6613860323275091, 'colsample_bytree': 0.729584822474018}. Best is trial 97 with value: 0.8150756245815476.
[I 2025-04-08 21:14:09,368] Trial 238 finished with value: 0.7932752727739206 and parameters: {'max_depth': 9, 'learning_rate': 0.015169155149627477, 'n_estimators': 146, 'gamma': 0.11376637390546546, 'min_child_weight': 7, 'subsample': 0.6385230105837589, 'colsample_bytree': 0.812759197840271}. Best is trial 97 with value: 0.8150756245815476.
[I 2025-04-08 21:14:12,023] Trial 239 finished with value: 0.8111766049685359 and parameters: {'max_depth': 15, 'learning_rate': 0.17727034519337567, 'n_estimators': 225, 'gamma': 0.13963594687884673, 'min_child_weight': 7, 'subsample': 0.6216249178517598, 'colsample_bytree': 0.7098118931943387}. Best is trial 97 with value: 0.8150756245815476.
[I 2025-04-08 21:14:13,888] Trial 240 finished with value: 0.8112604096924583 and parameters: {'max_depth': 10, 'learning_rate': 0.2549320814305001, 'n_estimators': 199, 'gamma': 0.09401447815820721, 'min_child_weight': 7, 'subsample': 0.6477286835312988, 'colsample_bytree': 0.7764702515336895}. Best is trial 97 with value: 0.8150756245815476.
[I 2025-04-08 21:14:15,016] Trial 241 finished with value: 0.8139437072651262 and parameters: {'max_depth': 5, 'learning_rate': 0.20481084172914035, 'n_estimators': 218, 'gamma': 0.08207832578487974, 'min_child_weight': 7, 'subsample': 0.701310729003716, 'colsample_bytree': 0.7394031994027825}. Best is trial 97 with value: 0.8150756245815476.
[I 2025-04-08 21:14:16,179] Trial 242 finished with value: 0.813692029501231 and parameters: {'max_depth': 5, 'learning_rate': 0.21161650337635252, 'n_estimators': 219, 'gamma': 0.07893817299870369, 'min_child_weight': 7, 'subsample': 0.6761009646124317, 'colsample_bytree': 0.7566931721168395}. Best is trial 97 with value: 0.8150756245815476.
[I 2025-04-08 21:14:16,629] Trial 243 finished with value: 0.8030434874292913 and parameters: {'max_depth': 4, 'learning_rate': 0.12445258840150093, 'n_estimators': 60, 'gamma': 0.08516234684331402, 'min_child_weight': 7, 'subsample': 0.6981646198856507, 'colsample_bytree': 0.7387133765015278}. Best is trial 97 with value: 0.8150756245815476.
[I 2025-04-08 21:14:18,492] Trial 244 finished with value: 0.8151174654386788 and parameters: {'max_depth': 5, 'learning_rate': 0.16671315367868786, 'n_estimators': 215, 'gamma': 0.04216343469411241, 'min_child_weight': 7, 'subsample': 0.6835341039605008, 'colsample_bytree': 0.7478644386108119}. Best is trial 244 with value: 0.8151174654386788.
[I 2025-04-08 21:14:20,122] Trial 245 finished with value: 0.8133988096179495 and parameters: {'max_depth': 5, 'learning_rate': 0.3030977554728886, 'n_estimators': 236, 'gamma': 0.037595759759646664, 'min_child_weight': 7, 'subsample': 0.70445623089015, 'colsample_bytree': 0.7448707822758529}. Best is trial 244 with value: 0.8151174654386788.
[I 2025-04-08 21:14:21,379] Trial 246 finished with value: 0.8146561616417222 and parameters: {'max_depth': 5, 'learning_rate': 0.1561151621974903, 'n_estimators': 215, 'gamma': 0.021901733413798842, 'min_child_weight': 7, 'subsample': 0.6845765438165492, 'colsample_bytree': 0.7612327415666549}. Best is trial 244 with value: 0.8151174654386788.
[I 2025-04-08 21:14:22,481] Trial 247 finished with value: 0.8134824034681694 and parameters: {'max_depth': 5, 'learning_rate': 0.13701677842303128, 'n_estimators': 199, 'gamma': 0.10958737083708349, 'min_child_weight': 7, 'subsample': 0.6901223707605558, 'colsample_bytree': 0.7640895589260632}. Best is trial 244 with value: 0.8151174654386788.
[I 2025-04-08 21:14:23,493] Trial 248 finished with value: 0.8137338703583623 and parameters: {'max_depth': 4, 'learning_rate': 0.16068075890131056, 'n_estimators': 225, 'gamma': 0.030985774411271722, 'min_child_weight': 7, 'subsample': 0.6827709963567099, 'colsample_bytree': 0.7581132391846945}. Best is trial 244 with value: 0.8151174654386788.
[I 2025-04-08 21:14:24,314] Trial 249 finished with value: 0.8094157568345045 and parameters: {'max_depth': 3, 'learning_rate': 0.10587799103529393, 'n_estimators': 214, 'gamma': 0.011890398827267301, 'min_child_weight': 7, 'subsample': 0.6682353200002965, 'colsample_bytree': 0.7503758731218825}. Best is trial 244 with value: 0.8151174654386788.
[I 2025-04-08 21:14:25,431] Trial 250 finished with value: 0.81406935284618 and parameters: {'max_depth': 5, 'learning_rate': 0.24068477084874293, 'n_estimators': 210, 'gamma': 0.04451060277580495, 'min_child_weight': 6, 'subsample': 0.6777705823498791, 'colsample_bytree': 0.7683159006604726}. Best is trial 244 with value: 0.8151174654386788.
[I 2025-04-08 21:14:26,868] Trial 251 finished with value: 0.813566313628943 and parameters: {'max_depth': 6, 'learning_rate': 0.23213192837944835, 'n_estimators': 212, 'gamma': 0.04458805459274324, 'min_child_weight': 7, 'subsample': 0.6761553658673177, 'colsample_bytree': 0.7721482631300388}. Best is trial 244 with value: 0.8151174654386788.
[I 2025-04-08 21:14:28,344] Trial 252 finished with value: 0.8139434963914238 and parameters: {'max_depth': 6, 'learning_rate': 0.16423271400795406, 'n_estimators': 201, 'gamma': 0.02428894637754003, 'min_child_weight': 7, 'subsample': 0.6618034357729526, 'colsample_bytree': 0.7841476167464815}. Best is trial 244 with value: 0.8151174654386788.
[I 2025-04-08 21:14:29,999] Trial 253 finished with value: 0.8135242794709179 and parameters: {'max_depth': 5, 'learning_rate': 0.2891892985213307, 'n_estimators': 208, 'gamma': 0.05428432871955681, 'min_child_weight': 7, 'subsample': 0.6851115005056706, 'colsample_bytree': 0.7618866274198638}. Best is trial 244 with value: 0.8151174654386788.
[I 2025-04-08 21:14:31,961] Trial 254 finished with value: 0.8117216783437978 and parameters: {'max_depth': 9, 'learning_rate': 0.23005944588752938, 'n_estimators': 216, 'gamma': 0.032861644359077485, 'min_child_weight': 7, 'subsample': 0.6686166353326831, 'colsample_bytree': 0.8001957556702597}. Best is trial 244 with value: 0.8151174654386788.
[I 2025-04-08 21:14:32,964] Trial 255 finished with value: 0.7928143380059431 and parameters: {'max_depth': 4, 'learning_rate': 0.17111479241482597, 'n_estimators': 222, 'gamma': 0.04596375453717455, 'min_child_weight': 5, 'subsample': 0.6559865452084588, 'colsample_bytree': 0.560280163808784}. Best is trial 244 with value: 0.8151174654386788.
[I 2025-04-08 21:14:35,469] Trial 256 finished with value: 0.8145723920634168 and parameters: {'max_depth': 10, 'learning_rate': 0.09089963753555419, 'n_estimators': 232, 'gamma': 0.004463310519020974, 'min_child_weight': 6, 'subsample': 0.6789920251585478, 'colsample_bytree': 0.7701320065146098}. Best is trial 244 with value: 0.8151174654386788.
[I 2025-04-08 21:14:37,727] Trial 257 finished with value: 0.814865770101975 and parameters: {'max_depth': 10, 'learning_rate': 0.07442034645372683, 'n_estimators': 231, 'gamma': 0.012564872587238237, 'min_child_weight': 6, 'subsample': 0.687206181117876, 'colsample_bytree': 0.7199162906580558}. Best is trial 244 with value: 0.8151174654386788.
[I 2025-04-08 21:14:40,476] Trial 258 finished with value: 0.8144466761911289 and parameters: {'max_depth': 10, 'learning_rate': 0.06250363733200506, 'n_estimators': 236, 'gamma': 0.0023856625702593772, 'min_child_weight': 6, 'subsample': 0.6916879599425712, 'colsample_bytree': 0.7215698190661297}. Best is trial 244 with value: 0.8151174654386788.
[I 2025-04-08 21:14:42,554] Trial 259 finished with value: 0.8146143383573993 and parameters: {'max_depth': 10, 'learning_rate': 0.0694986406931502, 'n_estimators': 229, 'gamma': 0.02414997010667267, 'min_child_weight': 6, 'subsample': 0.6814689493087356, 'colsample_bytree': 0.720225841092515}. Best is trial 244 with value: 0.8151174654386788.
[I 2025-04-08 21:14:45,035] Trial 260 finished with value: 0.814404782615572 and parameters: {'max_depth': 10, 'learning_rate': 0.07876054747241222, 'n_estimators': 235, 'gamma': 0.00866577677082816, 'min_child_weight': 6, 'subsample': 0.6898940422690805, 'colsample_bytree': 0.7151431434505725}. Best is trial 244 with value: 0.8151174654386788.
[I 2025-04-08 21:14:47,579] Trial 261 finished with value: 0.8149916441295397 and parameters: {'max_depth': 10, 'learning_rate': 0.06084591713880336, 'n_estimators': 227, 'gamma': 0.003217273217457829, 'min_child_weight': 6, 'subsample': 0.6874822820851286, 'colsample_bytree': 0.7163220035296772}. Best is trial 244 with value: 0.8151174654386788.
[I 2025-04-08 21:14:50,273] Trial 262 finished with value: 0.8145304809150513 and parameters: {'max_depth': 10, 'learning_rate': 0.07172723295739739, 'n_estimators': 228, 'gamma': 0.006329785568446883, 'min_child_weight': 6, 'subsample': 0.6907956543789362, 'colsample_bytree': 0.7154038297186854}. Best is trial 244 with value: 0.8151174654386788.
[I 2025-04-08 21:14:52,438] Trial 263 finished with value: 0.8149077866871917 and parameters: {'max_depth': 10, 'learning_rate': 0.05484465982118674, 'n_estimators': 233, 'gamma': 0.000699972884600825, 'min_child_weight': 6, 'subsample': 0.691682710947555, 'colsample_bytree': 0.7224300246626811}. Best is trial 244 with value: 0.8151174654386788.
[I 2025-04-08 21:14:54,570] Trial 264 finished with value: 0.8143628011759724 and parameters: {'max_depth': 10, 'learning_rate': 0.06285618123698629, 'n_estimators': 236, 'gamma': 0.002412610601243433, 'min_child_weight': 6, 'subsample': 0.690265832288735, 'colsample_bytree': 0.7149792013848296}. Best is trial 244 with value: 0.8151174654386788.
[I 2025-04-08 21:14:56,662] Trial 265 finished with value: 0.814782070814904 and parameters: {'max_depth': 10, 'learning_rate': 0.06231165106976055, 'n_estimators': 234, 'gamma': 0.00240618247069529, 'min_child_weight': 6, 'subsample': 0.6920324650946226, 'colsample_bytree': 0.7165366306528188}. Best is trial 244 with value: 0.8151174654386788.
[I 2025-04-08 21:14:59,242] Trial 266 finished with value: 0.8126020584787922 and parameters: {'max_depth': 10, 'learning_rate': 0.037095043417168204, 'n_estimators': 234, 'gamma': 0.0028518177000434954, 'min_child_weight': 6, 'subsample': 0.6894234335778924, 'colsample_bytree': 0.717155078853694}. Best is trial 244 with value: 0.8151174654386788.
[I 2025-04-08 21:15:02,015] Trial 267 finished with value: 0.8144466410455118 and parameters: {'max_depth': 10, 'learning_rate': 0.05494818288385393, 'n_estimators': 240, 'gamma': 0.012443189402295024, 'min_child_weight': 6, 'subsample': 0.6948834741889032, 'colsample_bytree': 0.7050915934119858}. Best is trial 244 with value: 0.8151174654386788.
[I 2025-04-08 21:15:04,193] Trial 268 finished with value: 0.815033678287565 and parameters: {'max_depth': 10, 'learning_rate': 0.06199869469777322, 'n_estimators': 239, 'gamma': 0.012975417066523432, 'min_child_weight': 6, 'subsample': 0.694376355345444, 'colsample_bytree': 0.7112438867196946}. Best is trial 244 with value: 0.8151174654386788.
[I 2025-04-08 21:15:06,329] Trial 269 finished with value: 0.8142370853036847 and parameters: {'max_depth': 10, 'learning_rate': 0.059891888316255124, 'n_estimators': 239, 'gamma': 0.01404122573703648, 'min_child_weight': 6, 'subsample': 0.6946694468749781, 'colsample_bytree': 0.7066420808859787}. Best is trial 244 with value: 0.8151174654386788.
[I 2025-04-08 21:15:08,555] Trial 270 finished with value: 0.8150335552779051 and parameters: {'max_depth': 10, 'learning_rate': 0.06002993785093151, 'n_estimators': 240, 'gamma': 0.0006497045613234921, 'min_child_weight': 6, 'subsample': 0.6946395448673609, 'colsample_bytree': 0.7068447735487823}. Best is trial 244 with value: 0.8151174654386788.
[I 2025-04-08 21:15:11,181] Trial 271 finished with value: 0.8147820532420953 and parameters: {'max_depth': 10, 'learning_rate': 0.05595002078345326, 'n_estimators': 239, 'gamma': 0.0009116847660061772, 'min_child_weight': 6, 'subsample': 0.6915090076911998, 'colsample_bytree': 0.7048624640898471}. Best is trial 244 with value: 0.8151174654386788.
[I 2025-04-08 21:15:13,374] Trial 272 finished with value: 0.8148658931116348 and parameters: {'max_depth': 10, 'learning_rate': 0.07568058062914329, 'n_estimators': 230, 'gamma': 0.00011022690997173398, 'min_child_weight': 6, 'subsample': 0.6914188070841643, 'colsample_bytree': 0.698527828657223}. Best is trial 244 with value: 0.8151174654386788.
[I 2025-04-08 21:15:15,463] Trial 273 finished with value: 0.8142789788792413 and parameters: {'max_depth': 10, 'learning_rate': 0.049608912002820235, 'n_estimators': 232, 'gamma': 0.0009045253720132672, 'min_child_weight': 6, 'subsample': 0.7004372245437195, 'colsample_bytree': 0.6986821670455924}. Best is trial 244 with value: 0.8151174654386788.
[I 2025-04-08 21:15:17,530] Trial 274 finished with value: 0.8153271266173574 and parameters: {'max_depth': 10, 'learning_rate': 0.06570909226512557, 'n_estimators': 230, 'gamma': 0.01559886167161585, 'min_child_weight': 6, 'subsample': 0.6924392042278544, 'colsample_bytree': 0.7159855357080379}. Best is trial 274 with value: 0.8153271266173574.
[I 2025-04-08 21:15:19,853] Trial 275 finished with value: 0.8146143735030164 and parameters: {'max_depth': 10, 'learning_rate': 0.06626791867926966, 'n_estimators': 250, 'gamma': 0.016186797099972863, 'min_child_weight': 6, 'subsample': 0.6939901123887026, 'colsample_bytree': 0.7154609189908778}. Best is trial 274 with value: 0.8153271266173574.
[I 2025-04-08 21:15:22,542] Trial 276 finished with value: 0.8146563197969989 and parameters: {'max_depth': 10, 'learning_rate': 0.06614764639536419, 'n_estimators': 254, 'gamma': 0.019156372347568094, 'min_child_weight': 6, 'subsample': 0.6929652206950733, 'colsample_bytree': 0.7159171113970441}. Best is trial 274 with value: 0.8153271266173574.
[I 2025-04-08 21:15:24,788] Trial 277 finished with value: 0.8145304633422427 and parameters: {'max_depth': 10, 'learning_rate': 0.07046477734241285, 'n_estimators': 249, 'gamma': 0.01587383713630054, 'min_child_weight': 6, 'subsample': 0.6921200784373498, 'colsample_bytree': 0.719966256241949}. Best is trial 274 with value: 0.8153271266173574.
[I 2025-04-08 21:15:27,083] Trial 278 finished with value: 0.8141110882664598 and parameters: {'max_depth': 10, 'learning_rate': 0.046846937943479716, 'n_estimators': 257, 'gamma': 0.021793766453565875, 'min_child_weight': 6, 'subsample': 0.6973193829956489, 'colsample_bytree': 0.7067708772831004}. Best is trial 274 with value: 0.8153271266173574.
[I 2025-04-08 21:15:29,405] Trial 279 finished with value: 0.813985600840683 and parameters: {'max_depth': 11, 'learning_rate': 0.06801809108690844, 'n_estimators': 228, 'gamma': 0.01758443779344873, 'min_child_weight': 6, 'subsample': 0.7071930883708109, 'colsample_bytree': 0.7211050667726567}. Best is trial 274 with value: 0.8153271266173574.
[I 2025-04-08 21:15:32,271] Trial 280 finished with value: 0.8143627308847382 and parameters: {'max_depth': 11, 'learning_rate': 0.05727087946662668, 'n_estimators': 242, 'gamma': 0.0169951362356731, 'min_child_weight': 6, 'subsample': 0.6807826071890758, 'colsample_bytree': 0.6944970438160466}. Best is trial 274 with value: 0.8153271266173574.
[I 2025-04-08 21:15:34,543] Trial 281 finished with value: 0.8126021111972179 and parameters: {'max_depth': 10, 'learning_rate': 0.029626177135854206, 'n_estimators': 249, 'gamma': 0.010313402242849013, 'min_child_weight': 6, 'subsample': 0.69461847724096, 'colsample_bytree': 0.710382063399541}. Best is trial 274 with value: 0.8153271266173574.
[I 2025-04-08 21:15:36,959] Trial 282 finished with value: 0.8123504685789398 and parameters: {'max_depth': 9, 'learning_rate': 0.04013188135657825, 'n_estimators': 260, 'gamma': 0.0016886818414877658, 'min_child_weight': 6, 'subsample': 0.7092204438836599, 'colsample_bytree': 0.7236723040128338}. Best is trial 274 with value: 0.8153271266173574.
[I 2025-04-08 21:15:39,290] Trial 283 finished with value: 0.8149077339687661 and parameters: {'max_depth': 10, 'learning_rate': 0.0765101518678099, 'n_estimators': 229, 'gamma': 0.023807250831643992, 'min_child_weight': 6, 'subsample': 0.6799568037768585, 'colsample_bytree': 0.7051516064289354}. Best is trial 274 with value: 0.8153271266173574.
[I 2025-04-08 21:15:41,538] Trial 284 finished with value: 0.813985495403832 and parameters: {'max_depth': 11, 'learning_rate': 0.07494886538422137, 'n_estimators': 230, 'gamma': 0.026383206432619467, 'min_child_weight': 6, 'subsample': 0.6822571991828714, 'colsample_bytree': 0.7211236096033962}. Best is trial 274 with value: 0.8153271266173574.
[I 2025-04-08 21:15:44,288] Trial 285 finished with value: 0.8148239995360778 and parameters: {'max_depth': 10, 'learning_rate': 0.05710504080282813, 'n_estimators': 241, 'gamma': 0.0241265982611664, 'min_child_weight': 6, 'subsample': 0.6998482943605799, 'colsample_bytree': 0.7045754243423686}. Best is trial 274 with value: 0.8153271266173574.
