[I 2025-04-08 01:09:47,171] Trial 339 finished with value: 0.8191840066354926 and parameters: {'lambda_l1': 0.00024165727575908104, 'lambda_l2': 0.0018323741754569462, 'num_leaves': 25, 'feature_fraction': 0.7737156430088865, 'bagging_fraction': 0.8536946036956243, 'bagging_freq': 1, 'min_child_samples': 107}. Best is trial 187 with value: 0.8214059476927782.
[I 2025-04-08 01:09:51,545] Trial 340 finished with value: 0.8097932910531561 and parameters: {'lambda_l1': 0.02109499358719337, 'lambda_l2': 0.009522842252497962, 'num_leaves': 17, 'feature_fraction': 0.40776202122006927, 'bagging_fraction': 0.898921318585074, 'bagging_freq': 2, 'min_child_samples': 103}. Best is trial 187 with value: 0.8214059476927782.
[I 2025-04-08 01:09:54,228] Trial 341 finished with value: 0.8195194891233101 and parameters: {'lambda_l1': 0.0015142450833970293, 'lambda_l2': 0.0008117445399422103, 'num_leaves': 29, 'feature_fraction': 0.4465345208564302, 'bagging_fraction': 0.8677945043657276, 'bagging_freq': 1, 'min_child_samples': 92}. Best is trial 187 with value: 0.8214059476927782.
[I 2025-04-08 01:09:55,603] Trial 342 finished with value: 0.8188485768661004 and parameters: {'lambda_l1': 1.984825934433709e-09, 'lambda_l2': 0.15094643506504168, 'num_leaves': 35, 'feature_fraction': 0.48007057751542254, 'bagging_fraction': 0.8414458882554982, 'bagging_freq': 1, 'min_child_samples': 115}. Best is trial 187 with value: 0.8214059476927782.
[I 2025-04-08 01:09:56,649] Trial 343 finished with value: 0.8190584313456728 and parameters: {'lambda_l1': 0.002665147722536989, 'lambda_l2': 0.02630507977429131, 'num_leaves': 20, 'feature_fraction': 0.4993124619796366, 'bagging_fraction': 0.8790583172799911, 'bagging_freq': 1, 'min_child_samples': 109}. Best is trial 187 with value: 0.8214059476927782.
[I 2025-04-08 01:09:57,960] Trial 344 finished with value: 0.8188067887273949 and parameters: {'lambda_l1': 0.00034226642037200764, 'lambda_l2': 0.0050761646315134815, 'num_leaves': 32, 'feature_fraction': 0.45735633762200384, 'bagging_fraction': 0.858845431139847, 'bagging_freq': 2, 'min_child_samples': 105}. Best is trial 187 with value: 0.8214059476927782.
[I 2025-04-08 01:09:59,198] Trial 345 finished with value: 0.8189743981752396 and parameters: {'lambda_l1': 0.004519972412928885, 'lambda_l2': 0.0011614574863056818, 'num_leaves': 26, 'feature_fraction': 0.5122596834568461, 'bagging_fraction': 0.9174298400598976, 'bagging_freq': 1, 'min_child_samples': 111}. Best is trial 187 with value: 0.8214059476927782.
[I 2025-04-08 01:10:00,778] Trial 346 finished with value: 0.8202737492114203 and parameters: {'lambda_l1': 0.0006187901730115669, 'lambda_l2': 0.01596728843600477, 'num_leaves': 37, 'feature_fraction': 0.4714089933689895, 'bagging_fraction': 0.8200532966561944, 'bagging_freq': 1, 'min_child_samples': 100}. Best is trial 187 with value: 0.8214059476927782.
[I 2025-04-08 01:10:02,285] Trial 347 finished with value: 0.8194352802247913 and parameters: {'lambda_l1': 0.0005450327906426489, 'lambda_l2': 0.019812928185635615, 'num_leaves': 37, 'feature_fraction': 0.4766796788700516, 'bagging_fraction': 0.8184638113504813, 'bagging_freq': 1, 'min_child_samples': 100}. Best is trial 187 with value: 0.8214059476927782.
[I 2025-04-08 01:10:04,582] Trial 348 finished with value: 0.8192259880750921 and parameters: {'lambda_l1': 0.0017731868227527246, 'lambda_l2': 0.013350742869911253, 'num_leaves': 40, 'feature_fraction': 0.48675596855822895, 'bagging_fraction': 0.8910951474804378, 'bagging_freq': 1, 'min_child_samples': 103}. Best is trial 187 with value: 0.8214059476927782.
[I 2025-04-08 01:10:06,212] Trial 349 finished with value: 0.8181779282010189 and parameters: {'lambda_l1': 0.0008397347044318094, 'lambda_l2': 0.002712894833174559, 'num_leaves': 38, 'feature_fraction': 0.47147988862517165, 'bagging_fraction': 0.826415093751121, 'bagging_freq': 2, 'min_child_samples': 106}. Best is trial 187 with value: 0.8214059476927782.
[I 2025-04-08 01:10:07,611] Trial 350 finished with value: 0.819393597522937 and parameters: {'lambda_l1': 0.0010628736763013892, 'lambda_l2': 0.03883266032862392, 'num_leaves': 34, 'feature_fraction': 0.4410887504494584, 'bagging_fraction': 0.9088524659637931, 'bagging_freq': 1, 'min_child_samples': 101}. Best is trial 187 with value: 0.8214059476927782.
[I 2025-04-08 01:10:09,178] Trial 351 finished with value: 0.8189322937259803 and parameters: {'lambda_l1': 0.00044220759629245196, 'lambda_l2': 0.007587869473551866, 'num_leaves': 41, 'feature_fraction': 0.46705322111862296, 'bagging_fraction': 0.8822079185796485, 'bagging_freq': 1, 'min_child_samples': 108}. Best is trial 187 with value: 0.8214059476927782.
[I 2025-04-08 01:10:10,483] Trial 352 finished with value: 0.8142372786045785 and parameters: {'lambda_l1': 0.010161932291188898, 'lambda_l2': 0.0005171445697489362, 'num_leaves': 31, 'feature_fraction': 0.42410001043955464, 'bagging_fraction': 0.8478756669823586, 'bagging_freq': 1, 'min_child_samples': 99}. Best is trial 187 with value: 0.8214059476927782.
[I 2025-04-08 01:10:12,239] Trial 353 finished with value: 0.8185132876791767 and parameters: {'lambda_l1': 0.00017186731061702713, 'lambda_l2': 0.012320349152832356, 'num_leaves': 43, 'feature_fraction': 0.4518769374104297, 'bagging_fraction': 0.8350153179662229, 'bagging_freq': 2, 'min_child_samples': 104}. Best is trial 187 with value: 0.8214059476927782.
[I 2025-04-08 01:10:14,408] Trial 354 finished with value: 0.8191001491931444 and parameters: {'lambda_l1': 2.0296640760849364e-08, 'lambda_l2': 0.06040519021862272, 'num_leaves': 35, 'feature_fraction': 0.4966724704972202, 'bagging_fraction': 0.8682844179326383, 'bagging_freq': 1, 'min_child_samples': 112}. Best is trial 187 with value: 0.8214059476927782.
[I 2025-04-08 01:10:15,832] Trial 355 finished with value: 0.8185132876791767 and parameters: {'lambda_l1': 0.0029794681651744005, 'lambda_l2': 0.0027721832099288674, 'num_leaves': 30, 'feature_fraction': 0.4855612325201481, 'bagging_fraction': 0.8999447541210299, 'bagging_freq': 1, 'min_child_samples': 107}. Best is trial 187 with value: 0.8214059476927782.
[I 2025-04-08 01:10:17,502] Trial 356 finished with value: 0.819225952929475 and parameters: {'lambda_l1': 0.0007333365684859915, 'lambda_l2': 0.005481705262950256, 'num_leaves': 37, 'feature_fraction': 0.4628837695937679, 'bagging_fraction': 0.8565583611582721, 'bagging_freq': 1, 'min_child_samples': 117}. Best is trial 187 with value: 0.8214059476927782.
[I 2025-04-08 01:10:18,846] Trial 357 finished with value: 0.8190581853263534 and parameters: {'lambda_l1': 0.0017872490892686284, 'lambda_l2': 0.017377061565979762, 'num_leaves': 33, 'feature_fraction': 0.4757394348778571, 'bagging_fraction': 0.930418953330619, 'bagging_freq': 2, 'min_child_samples': 102}. Best is trial 187 with value: 0.8214059476927782.
[I 2025-04-08 01:10:20,236] Trial 358 finished with value: 0.813440457174187 and parameters: {'lambda_l1': 0.0002847382027868387, 'lambda_l2': 0.0014757771915645953, 'num_leaves': 28, 'feature_fraction': 0.4355238714160251, 'bagging_fraction': 0.8787173664273848, 'bagging_freq': 1, 'min_child_samples': 105}. Best is trial 187 with value: 0.8214059476927782.
[I 2025-04-08 01:10:21,627] Trial 359 finished with value: 0.818848787739803 and parameters: {'lambda_l1': 0.006908514746449815, 'lambda_l2': 0.0031829965609099444, 'num_leaves': 32, 'feature_fraction': 0.4562399165817222, 'bagging_fraction': 0.8912188344114689, 'bagging_freq': 9, 'min_child_samples': 109}. Best is trial 187 with value: 0.8214059476927782.
[I 2025-04-08 01:10:23,045] Trial 360 finished with value: 0.8192679870875003 and parameters: {'lambda_l1': 0.0011218680638203325, 'lambda_l2': 0.007597364126726491, 'num_leaves': 27, 'feature_fraction': 0.5081709519852894, 'bagging_fraction': 0.8165591369588983, 'bagging_freq': 2, 'min_child_samples': 111}. Best is trial 187 with value: 0.8214059476927782.
[I 2025-04-08 01:10:25,055] Trial 361 finished with value: 0.8184292369359347 and parameters: {'lambda_l1': 0.00010254802053227324, 'lambda_l2': 0.004537868437217587, 'num_leaves': 35, 'feature_fraction': 0.447328128131886, 'bagging_fraction': 0.8652102463607021, 'bagging_freq': 1, 'min_child_samples': 121}. Best is trial 187 with value: 0.8214059476927782.
[I 2025-04-08 01:10:26,422] Trial 362 finished with value: 0.8198548310286595 and parameters: {'lambda_l1': 0.015442559664314138, 'lambda_l2': 0.030977714327415026, 'num_leaves': 30, 'feature_fraction': 0.4700302204768455, 'bagging_fraction': 0.8415883133579635, 'bagging_freq': 1, 'min_child_samples': 97}. Best is trial 187 with value: 0.8214059476927782.
[I 2025-04-08 01:10:27,889] Trial 363 finished with value: 0.819477525256519 and parameters: {'lambda_l1': 0.004218216549069775, 'lambda_l2': 0.010775065686341264, 'num_leaves': 38, 'feature_fraction': 0.4867315147432695, 'bagging_fraction': 0.8519178483039084, 'bagging_freq': 1, 'min_child_samples': 52}. Best is trial 187 with value: 0.8214059476927782.
[I 2025-04-08 01:10:28,518] Trial 364 finished with value: 0.8017859596774335 and parameters: {'lambda_l1': 3.2467628327815624e-09, 'lambda_l2': 0.0020350145850980676, 'num_leaves': 5, 'feature_fraction': 0.45992637430737515, 'bagging_fraction': 0.9125350594315146, 'bagging_freq': 1, 'min_child_samples': 114}. Best is trial 187 with value: 0.8214059476927782.
[I 2025-04-08 01:10:29,687] Trial 365 finished with value: 0.8126021814884519 and parameters: {'lambda_l1': 0.0005186240044343283, 'lambda_l2': 0.0010163723351024896, 'num_leaves': 25, 'feature_fraction': 0.41782008485383093, 'bagging_fraction': 0.8745634233312757, 'bagging_freq': 2, 'min_child_samples': 107}. Best is trial 187 with value: 0.8214059476927782.
[I 2025-04-08 01:10:32,119] Trial 366 finished with value: 0.8107575462033069 and parameters: {'lambda_l1': 0.002807543424687408, 'lambda_l2': 0.003540216467281778, 'num_leaves': 84, 'feature_fraction': 0.43718330472852385, 'bagging_fraction': 0.8293311369898047, 'bagging_freq': 8, 'min_child_samples': 104}. Best is trial 187 with value: 0.8214059476927782.
[I 2025-04-08 01:10:33,664] Trial 367 finished with value: 0.8189743630296226 and parameters: {'lambda_l1': 5.161289102882063e-05, 'lambda_l2': 0.018373289015698395, 'num_leaves': 33, 'feature_fraction': 0.4738132486587538, 'bagging_fraction': 0.8870083463033751, 'bagging_freq': 1, 'min_child_samples': 101}. Best is trial 187 with value: 0.8214059476927782.
[I 2025-04-08 01:10:35,439] Trial 368 finished with value: 0.8195196297057784 and parameters: {'lambda_l1': 0.07723552361549385, 'lambda_l2': 0.007260644010467175, 'num_leaves': 23, 'feature_fraction': 0.44784871379762886, 'bagging_fraction': 0.8586166451474725, 'bagging_freq': 1, 'min_child_samples': 108}. Best is trial 187 with value: 0.8214059476927782.
[I 2025-04-08 01:10:39,172] Trial 369 finished with value: 0.8156622752218128 and parameters: {'lambda_l1': 0.025555484915231075, 'lambda_l2': 0.00045267328276895534, 'num_leaves': 128, 'feature_fraction': 0.464338685403765, 'bagging_fraction': 0.8679652056217483, 'bagging_freq': 1, 'min_child_samples': 99}. Best is trial 187 with value: 0.8214059476927782.
[I 2025-04-08 01:10:39,356] A new study created in RDB with name: lightgbm-num_features-7
[I 2025-04-08 01:10:40,726] Trial 0 finished with value: 0.8188905934513173 and parameters: {'lambda_l1': 0.00010265943709947568, 'lambda_l2': 0.004041733868687731, 'num_leaves': 33, 'feature_fraction': 0.4389230362265948, 'bagging_fraction': 0.8525872399482367, 'bagging_freq': 1, 'min_child_samples': 117}. Best is trial 0 with value: 0.8188905934513173.
[I 2025-04-08 01:10:42,557] Trial 1 finished with value: 0.8130630811108125 and parameters: {'lambda_l1': 3.124036482502168e-06, 'lambda_l2': 0.00027932227281172675, 'num_leaves': 60, 'feature_fraction': 0.9615729494575377, 'bagging_fraction': 0.41696313920879235, 'bagging_freq': 8, 'min_child_samples': 70}. Best is trial 0 with value: 0.8188905934513173.
[I 2025-04-08 01:10:43,759] Trial 2 finished with value: 0.8181360521982703 and parameters: {'lambda_l1': 0.00033259991871382007, 'lambda_l2': 10.404696935213325, 'num_leaves': 30, 'feature_fraction': 0.527231126535739, 'bagging_fraction': 0.6346100962109129, 'bagging_freq': 6, 'min_child_samples': 71}. Best is trial 0 with value: 0.8188905934513173.
[I 2025-04-08 01:10:46,252] Trial 3 finished with value: 0.8168781026990077 and parameters: {'lambda_l1': 0.0332409225830596, 'lambda_l2': 0.10953150199400423, 'num_leaves': 58, 'feature_fraction': 0.6790263953366606, 'bagging_fraction': 0.9150160132839238, 'bagging_freq': 6, 'min_child_samples': 43}. Best is trial 0 with value: 0.8188905934513173.
[I 2025-04-08 01:10:47,044] Trial 4 finished with value: 0.8113446185909771 and parameters: {'lambda_l1': 0.10539470337215838, 'lambda_l2': 0.0019250711787261632, 'num_leaves': 11, 'feature_fraction': 0.4356630754870015, 'bagging_fraction': 0.5557331982746416, 'bagging_freq': 12, 'min_child_samples': 45}. Best is trial 0 with value: 0.8188905934513173.
[I 2025-04-08 01:10:49,492] Trial 5 finished with value: 0.8148241049729291 and parameters: {'lambda_l1': 0.00014441656194471404, 'lambda_l2': 8.010994688647608e-08, 'num_leaves': 75, 'feature_fraction': 0.6758625726447939, 'bagging_fraction': 0.6556661079766151, 'bagging_freq': 7, 'min_child_samples': 82}. Best is trial 0 with value: 0.8188905934513173.
[I 2025-04-08 01:10:52,029] Trial 6 finished with value: 0.8135658040174956 and parameters: {'lambda_l1': 1.310737595564661e-07, 'lambda_l2': 0.20211760987132704, 'num_leaves': 98, 'feature_fraction': 0.7186990138796701, 'bagging_fraction': 0.40460732154696977, 'bagging_freq': 8, 'min_child_samples': 66}. Best is trial 0 with value: 0.8188905934513173.
[I 2025-04-08 01:10:54,020] Trial 7 finished with value: 0.8158300076793173 and parameters: {'lambda_l1': 0.001053270680565278, 'lambda_l2': 7.468808031248088, 'num_leaves': 64, 'feature_fraction': 0.7941437355067389, 'bagging_fraction': 0.8299562152312074, 'bagging_freq': 11, 'min_child_samples': 108}. Best is trial 0 with value: 0.8188905934513173.
[I 2025-04-08 01:10:55,540] Trial 8 finished with value: 0.8162913817675082 and parameters: {'lambda_l1': 6.436439431054519e-09, 'lambda_l2': 0.01601253674235812, 'num_leaves': 17, 'feature_fraction': 0.5388360759231837, 'bagging_fraction': 0.9767938859244154, 'bagging_freq': 10, 'min_child_samples': 105}. Best is trial 0 with value: 0.8188905934513173.
[I 2025-04-08 01:10:57,125] Trial 9 finished with value: 0.8165849531069604 and parameters: {'lambda_l1': 0.00013699193743162833, 'lambda_l2': 2.0667576798094904, 'num_leaves': 38, 'feature_fraction': 0.7755840595882628, 'bagging_fraction': 0.8323936753974065, 'bagging_freq': 5, 'min_child_samples': 121}. Best is trial 0 with value: 0.8188905934513173.
[I 2025-04-08 01:11:00,868] Trial 10 finished with value: 0.8118056763686143 and parameters: {'lambda_l1': 1.0187647991381704e-09, 'lambda_l2': 2.5403540937617893e-06, 'num_leaves': 123, 'feature_fraction': 0.4409642088846611, 'bagging_fraction': 0.7822857215627314, 'bagging_freq': 1, 'min_child_samples': 2}. Best is trial 0 with value: 0.8188905934513173.
[I 2025-04-08 01:11:01,621] Trial 11 finished with value: 0.7958749413507514 and parameters: {'lambda_l1': 57.83986291702861, 'lambda_l2': 46.5529793536259, 'num_leaves': 31, 'feature_fraction': 0.5500409492457743, 'bagging_fraction': 0.6297892311066102, 'bagging_freq': 1, 'min_child_samples': 128}. Best is trial 0 with value: 0.8188905934513173.
[I 2025-04-08 01:11:02,937] Trial 12 finished with value: 0.8152851100321407 and parameters: {'lambda_l1': 1.5706047983292346e-06, 'lambda_l2': 4.2087532944261e-05, 'num_leaves': 35, 'feature_fraction': 0.553253500971596, 'bagging_fraction': 0.7457748660330269, 'bagging_freq': 16, 'min_child_samples': 90}. Best is trial 0 with value: 0.8188905934513173.
[I 2025-04-08 01:11:03,550] Trial 13 finished with value: 0.8068584562990612 and parameters: {'lambda_l1': 0.009899523630863065, 'lambda_l2': 1.7628679054255174e-09, 'num_leaves': 8, 'feature_fraction': 0.4260534828129495, 'bagging_fraction': 0.5363568099727034, 'bagging_freq': 4, 'min_child_samples': 46}. Best is trial 0 with value: 0.8188905934513173.
[I 2025-04-08 01:11:05,996] Trial 14 finished with value: 0.8170043633283604 and parameters: {'lambda_l1': 3.5457545556048706, 'lambda_l2': 1.1576763600372538e-05, 'num_leaves': 46, 'feature_fraction': 0.5148204709199974, 'bagging_fraction': 0.7019403175463591, 'bagging_freq': 3, 'min_child_samples': 20}. Best is trial 0 with value: 0.8188905934513173.
[I 2025-04-08 01:11:08,476] Trial 15 finished with value: 0.813943636973892 and parameters: {'lambda_l1': 1.644979064874815e-05, 'lambda_l2': 0.005508072940192928, 'num_leaves': 81, 'feature_fraction': 0.6329794601140064, 'bagging_fraction': 0.5737884454155163, 'bagging_freq': 2, 'min_child_samples': 92}. Best is trial 0 with value: 0.8188905934513173.
[I 2025-04-08 01:11:09,621] Trial 16 finished with value: 0.8141114045770138 and parameters: {'lambda_l1': 0.0019258570141844204, 'lambda_l2': 89.26559926048219, 'num_leaves': 26, 'feature_fraction': 0.4912252609770806, 'bagging_fraction': 0.8875325190701441, 'bagging_freq': 13, 'min_child_samples': 113}. Best is trial 0 with value: 0.8188905934513173.
[I 2025-04-08 01:11:10,025] Trial 17 finished with value: 0.7651860521104064 and parameters: {'lambda_l1': 1.2321744350303443, 'lambda_l2': 0.7844687470696439, 'num_leaves': 2, 'feature_fraction': 0.5934434017257416, 'bagging_fraction': 0.48496333916022627, 'bagging_freq': 4, 'min_child_samples': 30}. Best is trial 0 with value: 0.8188905934513173.
[I 2025-04-08 01:11:11,592] Trial 18 finished with value: 0.8157880086669091 and parameters: {'lambda_l1': 1.4739484645088874e-07, 'lambda_l2': 0.030138285974345893, 'num_leaves': 46, 'feature_fraction': 0.9053309289895661, 'bagging_fraction': 0.7065707670761256, 'bagging_freq': 6, 'min_child_samples': 78}. Best is trial 0 with value: 0.8188905934513173.
[I 2025-04-08 01:11:13,151] Trial 19 finished with value: 0.8175071038078519 and parameters: {'lambda_l1': 1.8679616199579716e-05, 'lambda_l2': 0.00044354492507290183, 'num_leaves': 46, 'feature_fraction': 0.4051203721557125, 'bagging_fraction': 0.6297101940962343, 'bagging_freq': 15, 'min_child_samples': 56}. Best is trial 0 with value: 0.8188905934513173.
[I 2025-04-08 01:11:14,366] Trial 20 finished with value: 0.8175912072695194 and parameters: {'lambda_l1': 0.2603631759494978, 'lambda_l2': 6.42060123650355e-07, 'num_leaves': 22, 'feature_fraction': 0.4753244306752764, 'bagging_fraction': 0.9707166921869779, 'bagging_freq': 10, 'min_child_samples': 102}. Best is trial 0 with value: 0.8188905934513173.
[I 2025-04-08 01:11:15,387] Trial 21 finished with value: 0.8165009726549526 and parameters: {'lambda_l1': 0.3879750224771982, 'lambda_l2': 2.920030528240381e-07, 'num_leaves': 21, 'feature_fraction': 0.488409470285187, 'bagging_fraction': 0.9986275982239545, 'bagging_freq': 10, 'min_child_samples': 94}. Best is trial 0 with value: 0.8188905934513173.
[I 2025-04-08 01:11:16,911] Trial 22 finished with value: 0.8106738996346614 and parameters: {'lambda_l1': 24.96465709568034, 'lambda_l2': 1.168031978171161e-09, 'num_leaves': 23, 'feature_fraction': 0.6059521582528106, 'bagging_fraction': 0.8933593136050134, 'bagging_freq': 9, 'min_child_samples': 103}. Best is trial 0 with value: 0.8188905934513173.
[I 2025-04-08 01:11:18,551] Trial 23 finished with value: 0.818345520076055 and parameters: {'lambda_l1': 0.007091773516864789, 'lambda_l2': 7.226372158714538e-08, 'num_leaves': 40, 'feature_fraction': 0.4730128732209621, 'bagging_fraction': 0.9331788485584157, 'bagging_freq': 14, 'min_child_samples': 120}. Best is trial 0 with value: 0.8188905934513173.
[I 2025-04-08 01:11:20,296] Trial 24 finished with value: 0.8181359116158022 and parameters: {'lambda_l1': 0.005506842320145202, 'lambda_l2': 7.764682497920873e-05, 'num_leaves': 41, 'feature_fraction': 0.4554185739850381, 'bagging_fraction': 0.8266126481826487, 'bagging_freq': 13, 'min_child_samples': 118}. Best is trial 0 with value: 0.8188905934513173.
[I 2025-04-08 01:11:22,422] Trial 25 finished with value: 0.8167524219723369 and parameters: {'lambda_l1': 0.00045080032230107364, 'lambda_l2': 2.507671912291539e-08, 'num_leaves': 56, 'feature_fraction': 0.5816863137223525, 'bagging_fraction': 0.9157002028136969, 'bagging_freq': 14, 'min_child_samples': 128}. Best is trial 0 with value: 0.8188905934513173.
[I 2025-04-08 01:11:25,074] Trial 26 finished with value: 0.8158721999926195 and parameters: {'lambda_l1': 3.587427967303681e-05, 'lambda_l2': 1.4606428230231474e-08, 'num_leaves': 75, 'feature_fraction': 0.4022925454254758, 'bagging_fraction': 0.7688829882684403, 'bagging_freq': 2, 'min_child_samples': 77}. Best is trial 0 with value: 0.8188905934513173.
[I 2025-04-08 01:11:27,352] Trial 27 finished with value: 0.8173815109452237 and parameters: {'lambda_l1': 0.027250293962173433, 'lambda_l2': 8.15555184952173, 'num_leaves': 53, 'feature_fraction': 0.5101732437592158, 'bagging_fraction': 0.9409195939926633, 'bagging_freq': 6, 'min_child_samples': 56}. Best is trial 0 with value: 0.8188905934513173.
[I 2025-04-08 01:11:28,582] Trial 28 finished with value: 0.8180102836075569 and parameters: {'lambda_l1': 2.512757926427235e-06, 'lambda_l2': 5.0483947036046974e-06, 'num_leaves': 31, 'feature_fraction': 0.4629068790507623, 'bagging_fraction': 0.8665552437720024, 'bagging_freq': 4, 'min_child_samples': 120}. Best is trial 0 with value: 0.8188905934513173.
[I 2025-04-08 01:11:29,279] Trial 29 finished with value: 0.8142372434589614 and parameters: {'lambda_l1': 0.004191348720197737, 'lambda_l2': 0.0006861912322873516, 'num_leaves': 11, 'feature_fraction': 0.6316501753672261, 'bagging_fraction': 0.46547758143865525, 'bagging_freq': 7, 'min_child_samples': 97}. Best is trial 0 with value: 0.8188905934513173.
