[I 2025-04-08 19:56:36,918] Trial 92 finished with value: 0.8191000613291017 and parameters: {'max_depth': 14, 'learning_rate': 0.013392111349624064, 'n_estimators': 251, 'gamma': 0.2717050642426564, 'min_child_weight': 7, 'subsample': 0.5139450209137514, 'colsample_bytree': 0.9735811733272646}. Best is trial 68 with value: 0.8209447141870555.
[I 2025-04-08 19:56:41,339] Trial 93 finished with value: 0.8188486647301432 and parameters: {'max_depth': 17, 'learning_rate': 0.008052411842884497, 'n_estimators': 224, 'gamma': 0.19504941805437936, 'min_child_weight': 7, 'subsample': 0.5038097549849962, 'colsample_bytree': 0.9899081090632255}. Best is trial 68 with value: 0.8209447141870555.
[I 2025-04-08 19:56:44,734] Trial 94 finished with value: 0.8195195769873529 and parameters: {'max_depth': 11, 'learning_rate': 0.017129550178247056, 'n_estimators': 214, 'gamma': 0.31896255118701083, 'min_child_weight': 6, 'subsample': 0.7669909691342284, 'colsample_bytree': 0.9231457441576298}. Best is trial 68 with value: 0.8209447141870555.
[I 2025-04-08 19:56:48,977] Trial 95 finished with value: 0.819980371172862 and parameters: {'max_depth': 13, 'learning_rate': 0.030518029607449912, 'n_estimators': 239, 'gamma': 0.3588609877995793, 'min_child_weight': 7, 'subsample': 0.5785445062856854, 'colsample_bytree': 0.9403777218981946}. Best is trial 68 with value: 0.8209447141870555.
[I 2025-04-08 19:56:54,174] Trial 96 finished with value: 0.8191001140475274 and parameters: {'max_depth': 32, 'learning_rate': 0.008989600646930778, 'n_estimators': 250, 'gamma': 0.29230669996683434, 'min_child_weight': 7, 'subsample': 0.5295492863661823, 'colsample_bytree': 0.9010972990445404}. Best is trial 68 with value: 0.8209447141870555.
[I 2025-04-08 19:56:59,151] Trial 97 finished with value: 0.8211963743781421 and parameters: {'max_depth': 14, 'learning_rate': 0.013434540227484068, 'n_estimators': 229, 'gamma': 0.22882853631256897, 'min_child_weight': 6, 'subsample': 0.7071771095135579, 'colsample_bytree': 0.9181155385441958}. Best is trial 97 with value: 0.8211963743781421.
[I 2025-04-08 19:57:02,858] Trial 98 finished with value: 0.8169201368570329 and parameters: {'max_depth': 15, 'learning_rate': 0.048761366519122835, 'n_estimators': 199, 'gamma': 0.0393576713409938, 'min_child_weight': 6, 'subsample': 0.708406354180647, 'colsample_bytree': 0.8859995428624051}. Best is trial 97 with value: 0.8211963743781421.
[I 2025-04-08 19:57:09,298] Trial 99 finished with value: 0.816962135869441 and parameters: {'max_depth': 18, 'learning_rate': 0.005982842669852128, 'n_estimators': 226, 'gamma': 0.2247244098581319, 'min_child_weight': 4, 'subsample': 0.6547225227952373, 'colsample_bytree': 0.9169578294777936}. Best is trial 97 with value: 0.8211963743781421.
[I 2025-04-08 19:57:10,226] Trial 100 finished with value: 0.7993543398686609 and parameters: {'max_depth': 3, 'learning_rate': 0.023995411740787002, 'n_estimators': 183, 'gamma': 0.2657199187887038, 'min_child_weight': 6, 'subsample': 0.7771733662124192, 'colsample_bytree': 0.8594268576971956}. Best is trial 97 with value: 0.8211963743781421.
[I 2025-04-08 19:57:15,183] Trial 101 finished with value: 0.8209446614686298 and parameters: {'max_depth': 16, 'learning_rate': 0.012643328530698252, 'n_estimators': 235, 'gamma': 0.2488161153217076, 'min_child_weight': 7, 'subsample': 0.7286650363397752, 'colsample_bytree': 0.9566581557303768}. Best is trial 97 with value: 0.8211963743781421.
[I 2025-04-08 19:57:18,786] Trial 102 finished with value: 0.7744513681310088 and parameters: {'max_depth': 16, 'learning_rate': 0.9540121245099324, 'n_estimators': 209, 'gamma': 0.23502447603578686, 'min_child_weight': 7, 'subsample': 0.7523959292233161, 'colsample_bytree': 0.9637647948091237}. Best is trial 97 with value: 0.8211963743781421.
[I 2025-04-08 19:57:24,178] Trial 103 finished with value: 0.8202320313639486 and parameters: {'max_depth': 19, 'learning_rate': 0.019277962102071007, 'n_estimators': 237, 'gamma': 0.21621966786240246, 'min_child_weight': 6, 'subsample': 0.7018664325499654, 'colsample_bytree': 0.9543621299695707}. Best is trial 97 with value: 0.8211963743781421.
[I 2025-04-08 19:57:29,754] Trial 104 finished with value: 0.8204835333997587 and parameters: {'max_depth': 17, 'learning_rate': 0.00998573562284893, 'n_estimators': 228, 'gamma': 0.2548752732501728, 'min_child_weight': 7, 'subsample': 0.7256009070067194, 'colsample_bytree': 0.9323162228091493}. Best is trial 97 with value: 0.8211963743781421.
[I 2025-04-08 19:57:40,247] Trial 105 finished with value: 0.8173812824987128 and parameters: {'max_depth': 17, 'learning_rate': 0.013764689029707825, 'n_estimators': 229, 'gamma': 0.2563834340653386, 'min_child_weight': 1, 'subsample': 0.7133932794813485, 'colsample_bytree': 0.9309332426952324}. Best is trial 97 with value: 0.8211963743781421.
[I 2025-04-08 19:57:44,975] Trial 106 finished with value: 0.8185131998151342 and parameters: {'max_depth': 20, 'learning_rate': 0.03125311953343142, 'n_estimators': 219, 'gamma': 0.3859349395040165, 'min_child_weight': 7, 'subsample': 0.7287263726246545, 'colsample_bytree': 0.8358842483801521}. Best is trial 97 with value: 0.8211963743781421.
[I 2025-04-08 19:57:51,200] Trial 107 finished with value: 0.6377394866279713 and parameters: {'max_depth': 18, 'learning_rate': 1.9027840353112566e-05, 'n_estimators': 262, 'gamma': 0.3009226389140004, 'min_child_weight': 6, 'subsample': 0.6785617611199543, 'colsample_bytree': 0.9200542984678707}. Best is trial 97 with value: 0.8211963743781421.
[I 2025-04-08 19:57:56,279] Trial 108 finished with value: 0.8188904880144658 and parameters: {'max_depth': 16, 'learning_rate': 0.009256646353049066, 'n_estimators': 233, 'gamma': 0.2839772012742144, 'min_child_weight': 7, 'subsample': 0.7632001058625769, 'colsample_bytree': 0.9030507339756574}. Best is trial 97 with value: 0.8211963743781421.
[I 2025-04-08 19:58:01,986] Trial 109 finished with value: 0.8203158712334881 and parameters: {'max_depth': 16, 'learning_rate': 0.021339364391166, 'n_estimators': 242, 'gamma': 0.3357174681031233, 'min_child_weight': 5, 'subsample': 0.7222194645380878, 'colsample_bytree': 0.8777116643414535}. Best is trial 97 with value: 0.8211963743781421.
[I 2025-04-08 19:58:07,655] Trial 110 finished with value: 0.8165424972015304 and parameters: {'max_depth': 21, 'learning_rate': 0.03817076462165472, 'n_estimators': 253, 'gamma': 0.08678511571338013, 'min_child_weight': 7, 'subsample': 0.7441613217769768, 'colsample_bytree': 0.9771896874821593}. Best is trial 97 with value: 0.8211963743781421.
[I 2025-04-08 19:58:12,057] Trial 111 finished with value: 0.8193099333814828 and parameters: {'max_depth': 13, 'learning_rate': 0.012249411226073842, 'n_estimators': 216, 'gamma': 0.24301702743125833, 'min_child_weight': 7, 'subsample': 0.7600605060988066, 'colsample_bytree': 0.9535332668806513}. Best is trial 97 with value: 0.8211963743781421.
[I 2025-04-08 19:58:15,771] Trial 112 finished with value: 0.8197710790231627 and parameters: {'max_depth': 12, 'learning_rate': 0.016193777968132147, 'n_estimators': 225, 'gamma': 0.1847154000613872, 'min_child_weight': 7, 'subsample': 0.6985203494762336, 'colsample_bytree': 0.9998072710975463}. Best is trial 97 with value: 0.8211963743781421.
[I 2025-04-08 19:58:20,344] Trial 113 finished with value: 0.8172557072088933 and parameters: {'max_depth': 14, 'learning_rate': 0.007417447989167627, 'n_estimators': 207, 'gamma': 0.2757642973322703, 'min_child_weight': 7, 'subsample': 0.772862317239165, 'colsample_bytree': 0.9356597594826966}. Best is trial 97 with value: 0.8211963743781421.
[I 2025-04-08 19:58:25,481] Trial 114 finished with value: 0.8205254972665497 and parameters: {'max_depth': 17, 'learning_rate': 0.010191319984854673, 'n_estimators': 235, 'gamma': 0.22998757494418684, 'min_child_weight': 7, 'subsample': 0.687023467987361, 'colsample_bytree': 0.968557449219374}. Best is trial 97 with value: 0.8211963743781421.
[I 2025-04-08 19:58:31,300] Trial 115 finished with value: 0.8140696691567335 and parameters: {'max_depth': 17, 'learning_rate': 0.004709468561566452, 'n_estimators': 236, 'gamma': 0.22752991703119296, 'min_child_weight': 6, 'subsample': 0.7193619016102988, 'colsample_bytree': 0.9681066004699164}. Best is trial 97 with value: 0.8211963743781421.
[I 2025-04-08 19:58:35,992] Trial 116 finished with value: 0.8195610663883134 and parameters: {'max_depth': 18, 'learning_rate': 0.025991697895285427, 'n_estimators': 222, 'gamma': 0.25659706028946117, 'min_child_weight': 7, 'subsample': 0.691420731534151, 'colsample_bytree': 0.9134021691085458}. Best is trial 97 with value: 0.8211963743781421.
[I 2025-04-08 19:58:40,963] Trial 117 finished with value: 0.8206513185756886 and parameters: {'max_depth': 15, 'learning_rate': 0.01701665783117382, 'n_estimators': 229, 'gamma': 0.20750865403741484, 'min_child_weight': 7, 'subsample': 0.7318177971731158, 'colsample_bytree': 0.9881577775537951}. Best is trial 97 with value: 0.8211963743781421.
[I 2025-04-08 19:58:46,323] Trial 118 finished with value: 0.8205253215384642 and parameters: {'max_depth': 19, 'learning_rate': 0.018303273515460346, 'n_estimators': 243, 'gamma': 0.20008117989895616, 'min_child_weight': 7, 'subsample': 0.7333491701504027, 'colsample_bytree': 0.9877593447031536}. Best is trial 97 with value: 0.8211963743781421.
[I 2025-04-08 19:58:49,723] Trial 119 finished with value: 0.8201484023681116 and parameters: {'max_depth': 19, 'learning_rate': 0.01845401888246586, 'n_estimators': 138, 'gamma': 0.20858302726034827, 'min_child_weight': 7, 'subsample': 0.7331238723757072, 'colsample_bytree': 0.9829313098033303}. Best is trial 97 with value: 0.8211963743781421.
[I 2025-04-08 19:58:54,724] Trial 120 finished with value: 0.8097507648564916 and parameters: {'max_depth': 20, 'learning_rate': 0.09159385805552576, 'n_estimators': 229, 'gamma': 0.17646254031011072, 'min_child_weight': 7, 'subsample': 0.6670532540313246, 'colsample_bytree': 0.99417667559385}. Best is trial 97 with value: 0.8211963743781421.
[I 2025-04-08 19:59:00,248] Trial 121 finished with value: 0.820273907366697 and parameters: {'max_depth': 19, 'learning_rate': 0.02149605703161623, 'n_estimators': 245, 'gamma': 0.2028702231597374, 'min_child_weight': 7, 'subsample': 0.6881944898615049, 'colsample_bytree': 0.9775357775120533}. Best is trial 97 with value: 0.8211963743781421.
[I 2025-04-08 19:59:06,331] Trial 122 finished with value: 0.8209448196239068 and parameters: {'max_depth': 17, 'learning_rate': 0.014987425243065882, 'n_estimators': 258, 'gamma': 0.21732156618641052, 'min_child_weight': 7, 'subsample': 0.7063024606777872, 'colsample_bytree': 0.9664991319703594}. Best is trial 97 with value: 0.8211963743781421.
[I 2025-04-08 19:59:12,065] Trial 123 finished with value: 0.8198129901715282 and parameters: {'max_depth': 17, 'learning_rate': 0.014709516619438359, 'n_estimators': 257, 'gamma': 0.21598394406408986, 'min_child_weight': 7, 'subsample': 0.705400084847586, 'colsample_bytree': 0.9899493676762493}. Best is trial 97 with value: 0.8211963743781421.
[I 2025-04-08 19:59:16,877] Trial 124 finished with value: 0.8161655956039862 and parameters: {'max_depth': 18, 'learning_rate': 0.0451124270368702, 'n_estimators': 240, 'gamma': 0.19484261197412134, 'min_child_weight': 7, 'subsample': 0.7324868291612563, 'colsample_bytree': 0.9606187110470058}. Best is trial 97 with value: 0.8211963743781421.
[I 2025-04-08 19:59:21,372] Trial 125 finished with value: 0.8191420779143186 and parameters: {'max_depth': 15, 'learning_rate': 0.03248134336543782, 'n_estimators': 233, 'gamma': 0.140225983578307, 'min_child_weight': 7, 'subsample': 0.7177688962095622, 'colsample_bytree': 0.979973155295664}. Best is trial 97 with value: 0.8211963743781421.
[I 2025-04-08 19:59:27,471] Trial 126 finished with value: 0.8203577120906195 and parameters: {'max_depth': 21, 'learning_rate': 0.008677811247872176, 'n_estimators': 242, 'gamma': 0.22765735441185217, 'min_child_weight': 7, 'subsample': 0.6819299379497541, 'colsample_bytree': 0.9264237515265932}. Best is trial 97 with value: 0.8211963743781421.
[I 2025-04-08 19:59:33,544] Trial 127 finished with value: 0.8186387048137194 and parameters: {'max_depth': 20, 'learning_rate': 0.026087030614385526, 'n_estimators': 271, 'gamma': 0.1616745050232438, 'min_child_weight': 7, 'subsample': 0.7447400351134722, 'colsample_bytree': 0.7389056443169755}. Best is trial 97 with value: 0.8211963743781421.
[I 2025-04-08 19:59:34,062] A new study created in RDB with name: xgboost-num_features-10
[I 2025-04-08 19:59:38,909] Trial 0 finished with value: 0.8203160118159565 and parameters: {'max_depth': 14, 'learning_rate': 0.013434540227484068, 'n_estimators': 229, 'gamma': 0.22882853631256897, 'min_child_weight': 6, 'subsample': 0.7071771095135579, 'colsample_bytree': 0.9181155385441958}. Best is trial 0 with value: 0.8203160118159565.
[I 2025-04-08 19:59:41,061] Trial 1 finished with value: 0.6453694419403193 and parameters: {'max_depth': 22, 'learning_rate': 0.0036245838393450876, 'n_estimators': 89, 'gamma': 0.5866899291490445, 'min_child_weight': 5, 'subsample': 0.6334557884294053, 'colsample_bytree': 0.8890707116383716}. Best is trial 0 with value: 0.8203160118159565.
[I 2025-04-08 19:59:45,097] Trial 2 finished with value: 0.8179680737214463 and parameters: {'max_depth': 27, 'learning_rate': 0.023159238286202206, 'n_estimators': 101, 'gamma': 0.49869190487262516, 'min_child_weight': 5, 'subsample': 0.993405106548284, 'colsample_bytree': 0.824998531738228}. Best is trial 0 with value: 0.8203160118159565.
[I 2025-04-08 19:59:51,415] Trial 3 finished with value: 0.6377394866279713 and parameters: {'max_depth': 22, 'learning_rate': 0.00024600948025026403, 'n_estimators': 251, 'gamma': 0.2861109010414044, 'min_child_weight': 5, 'subsample': 0.6615688826987014, 'colsample_bytree': 0.7078606979729876}. Best is trial 0 with value: 0.8203160118159565.
[I 2025-04-08 19:59:57,404] Trial 4 finished with value: 0.6377394866279713 and parameters: {'max_depth': 24, 'learning_rate': 2.1495129745086182e-05, 'n_estimators': 224, 'gamma': 0.39706830130352483, 'min_child_weight': 6, 'subsample': 0.8626939003645221, 'colsample_bytree': 0.8363512204740673}. Best is trial 0 with value: 0.8203160118159565.
[I 2025-04-08 20:00:00,071] Trial 5 finished with value: 0.6377394866279713 and parameters: {'max_depth': 17, 'learning_rate': 0.00013249661534387114, 'n_estimators': 106, 'gamma': 0.47636641889284725, 'min_child_weight': 5, 'subsample': 0.6895367278384803, 'colsample_bytree': 0.948889938177339}. Best is trial 0 with value: 0.8203160118159565.
[I 2025-04-08 20:00:01,671] Trial 6 finished with value: 0.7902149330212402 and parameters: {'max_depth': 30, 'learning_rate': 0.8258642749291658, 'n_estimators': 93, 'gamma': 0.2217482325796051, 'min_child_weight': 3, 'subsample': 0.9793586497540188, 'colsample_bytree': 0.933230470088657}. Best is trial 0 with value: 0.8203160118159565.
[I 2025-04-08 20:00:07,555] Trial 7 finished with value: 0.6377394866279713 and parameters: {'max_depth': 28, 'learning_rate': 4.466579728820072e-05, 'n_estimators': 236, 'gamma': 0.19056897852551294, 'min_child_weight': 6, 'subsample': 0.5802605319393528, 'colsample_bytree': 0.9059985773648411}. Best is trial 0 with value: 0.8203160118159565.
[I 2025-04-08 20:00:10,578] Trial 8 finished with value: 0.6377394866279713 and parameters: {'max_depth': 9, 'learning_rate': 0.000703543256680758, 'n_estimators': 257, 'gamma': 0.29631983626986286, 'min_child_weight': 5, 'subsample': 0.5367741939767171, 'colsample_bytree': 0.8142082825712038}. Best is trial 0 with value: 0.8203160118159565.
[I 2025-04-08 20:00:11,698] Trial 9 finished with value: 0.7650182669344763 and parameters: {'max_depth': 3, 'learning_rate': 0.006540823583110403, 'n_estimators': 262, 'gamma': 0.4983160972333155, 'min_child_weight': 6, 'subsample': 0.9227335724549204, 'colsample_bytree': 0.6524414089038482}. Best is trial 0 with value: 0.8203160118159565.
[I 2025-04-08 20:00:16,778] Trial 10 finished with value: 0.8119309529206886 and parameters: {'max_depth': 14, 'learning_rate': 0.0952059977584824, 'n_estimators': 170, 'gamma': 0.008498647951741989, 'min_child_weight': 1, 'subsample': 0.7880183940378442, 'colsample_bytree': 0.5061434642481519}. Best is trial 0 with value: 0.8203160118159565.
[I 2025-04-08 20:00:19,566] Trial 11 finished with value: 0.8193097927990145 and parameters: {'max_depth': 12, 'learning_rate': 0.02580994941577326, 'n_estimators': 164, 'gamma': 0.07713340394178367, 'min_child_weight': 7, 'subsample': 0.7791827969024859, 'colsample_bytree': 0.779538028118383}. Best is trial 0 with value: 0.8203160118159565.
[I 2025-04-08 20:00:21,881] Trial 12 finished with value: 0.8168361388322165 and parameters: {'max_depth': 11, 'learning_rate': 0.09544076725746989, 'n_estimators': 175, 'gamma': 0.0667294509166342, 'min_child_weight': 7, 'subsample': 0.7879592916565646, 'colsample_bytree': 0.7236563700999362}. Best is trial 0 with value: 0.8203160118159565.
[I 2025-04-08 20:00:23,728] Trial 13 finished with value: 0.8122667341462513 and parameters: {'max_depth': 6, 'learning_rate': 0.02204537865152795, 'n_estimators': 205, 'gamma': 0.1261836286664334, 'min_child_weight': 7, 'subsample': 0.7337682109304515, 'colsample_bytree': 0.6245439825495142}. Best is trial 0 with value: 0.8203160118159565.
[I 2025-04-08 20:00:27,952] Trial 14 finished with value: 0.7886636757746533 and parameters: {'max_depth': 16, 'learning_rate': 0.6471655720627225, 'n_estimators': 294, 'gamma': 0.13678891292573683, 'min_child_weight': 3, 'subsample': 0.8396210998788155, 'colsample_bytree': 0.9889058873240321}. Best is trial 0 with value: 0.8203160118159565.
[I 2025-04-08 20:00:30,507] Trial 15 finished with value: 0.6377394866279713 and parameters: {'max_depth': 12, 'learning_rate': 0.0009042394723305113, 'n_estimators': 140, 'gamma': 0.01716118921494935, 'min_child_weight': 7, 'subsample': 0.7351840955246087, 'colsample_bytree': 0.774433843352936}. Best is trial 0 with value: 0.8203160118159565.
[I 2025-04-08 20:00:32,784] Trial 16 finished with value: 0.8120989841159384 and parameters: {'max_depth': 19, 'learning_rate': 0.019875649536729847, 'n_estimators': 54, 'gamma': 0.3774524921344844, 'min_child_weight': 3, 'subsample': 0.8545325329714545, 'colsample_bytree': 0.875702809156499}. Best is trial 0 with value: 0.8203160118159565.
[I 2025-04-08 20:00:34,343] Trial 17 finished with value: 0.8183457133769491 and parameters: {'max_depth': 8, 'learning_rate': 0.06971224969916152, 'n_estimators': 150, 'gamma': 0.21922510791822614, 'min_child_weight': 7, 'subsample': 0.6025230087035697, 'colsample_bytree': 0.9982244966583718}. Best is trial 0 with value: 0.8203160118159565.
[I 2025-04-08 20:00:39,200] Trial 18 finished with value: 0.6489748550682617 and parameters: {'max_depth': 14, 'learning_rate': 0.0017241123854317064, 'n_estimators': 204, 'gamma': 0.0960903102536653, 'min_child_weight': 4, 'subsample': 0.6882899655668471, 'colsample_bytree': 0.7586111092967471}. Best is trial 0 with value: 0.8203160118159565.
[I 2025-04-08 20:00:40,608] Trial 19 finished with value: 0.8174233342295466 and parameters: {'max_depth': 3, 'learning_rate': 0.2771336366965266, 'n_estimators': 300, 'gamma': 0.16738097903093863, 'min_child_weight': 1, 'subsample': 0.7948108459288183, 'colsample_bytree': 0.6520145715186525}. Best is trial 0 with value: 0.8203160118159565.
[I 2025-04-08 20:00:44,827] Trial 20 finished with value: 0.8064812383909634 and parameters: {'max_depth': 19, 'learning_rate': 0.007830685157448924, 'n_estimators': 203, 'gamma': 0.3551854457179211, 'min_child_weight': 6, 'subsample': 0.5107984784162409, 'colsample_bytree': 0.5376217628724418}. Best is trial 0 with value: 0.8203160118159565.
[I 2025-04-08 20:00:46,879] Trial 21 finished with value: 0.8178424984316269 and parameters: {'max_depth': 8, 'learning_rate': 0.06947839871246493, 'n_estimators': 142, 'gamma': 0.22468215419826937, 'min_child_weight': 7, 'subsample': 0.6049543262017776, 'colsample_bytree': 0.9932787435736733}. Best is trial 0 with value: 0.8203160118159565.
[I 2025-04-08 20:00:48,505] Trial 22 finished with value: 0.8098348155997336 and parameters: {'max_depth': 7, 'learning_rate': 0.226926134661682, 'n_estimators': 146, 'gamma': 0.2536124679083319, 'min_child_weight': 7, 'subsample': 0.5744838811578517, 'colsample_bytree': 0.9544018988892491}. Best is trial 0 with value: 0.8203160118159565.
[I 2025-04-08 20:00:51,201] Trial 23 finished with value: 0.8210289406583827 and parameters: {'max_depth': 11, 'learning_rate': 0.03994443326335789, 'n_estimators': 160, 'gamma': 0.06206795139716165, 'min_child_weight': 6, 'subsample': 0.6971152709713722, 'colsample_bytree': 0.8706864099611621}. Best is trial 23 with value: 0.8210289406583827.
[I 2025-04-08 20:00:54,809] Trial 24 finished with value: 0.8152014458906865 and parameters: {'max_depth': 12, 'learning_rate': 0.007882788165323605, 'n_estimators': 182, 'gamma': 0.06410035961724497, 'min_child_weight': 6, 'subsample': 0.7062341794714827, 'colsample_bytree': 0.8714127140500373}. Best is trial 23 with value: 0.8210289406583827.
[I 2025-04-08 20:00:58,512] Trial 25 finished with value: 0.8192259880750923 and parameters: {'max_depth': 14, 'learning_rate': 0.022841821811307023, 'n_estimators': 126, 'gamma': 0.06194661968696416, 'min_child_weight': 4, 'subsample': 0.761665059837979, 'colsample_bytree': 0.7849958495433668}. Best is trial 23 with value: 0.8210289406583827.
[I 2025-04-08 20:01:00,865] Trial 26 finished with value: 0.8197291327291802 and parameters: {'max_depth': 10, 'learning_rate': 0.03852735963419972, 'n_estimators': 185, 'gamma': 0.14665892843144177, 'min_child_weight': 6, 'subsample': 0.6438471039207448, 'colsample_bytree': 0.8119823622095914}. Best is trial 23 with value: 0.8210289406583827.
