[I 2025-04-08 02:00:59,290] Trial 10 finished with value: 0.6449085950363844 and parameters: {'lambda_l1': 65.25281163617727, 'lambda_l2': 35.29443455409181, 'num_leaves': 4, 'feature_fraction': 0.8539081827519126, 'bagging_fraction': 0.46639274740293557, 'bagging_freq': 10, 'min_child_samples': 127}. Best is trial 3 with value: 0.6659537553970487.
[I 2025-04-08 02:01:00,437] Trial 11 finished with value: 0.6620964536315087 and parameters: {'lambda_l1': 0.19302577525145695, 'lambda_l2': 5.707178812925222e-06, 'num_leaves': 32, 'feature_fraction': 0.8841295437103343, 'bagging_fraction': 0.7658431373896004, 'bagging_freq': 12, 'min_child_samples': 95}. Best is trial 3 with value: 0.6659537553970487.
[I 2025-04-08 02:01:03,346] Trial 12 finished with value: 0.6624736188211807 and parameters: {'lambda_l1': 1.4270299765211578, 'lambda_l2': 3.773828377647667e-07, 'num_leaves': 88, 'feature_fraction': 0.9956345624093654, 'bagging_fraction': 0.8548037645829417, 'bagging_freq': 7, 'min_child_samples': 43}. Best is trial 3 with value: 0.6659537553970487.
[I 2025-04-08 02:01:04,579] Trial 13 finished with value: 0.6650731116699264 and parameters: {'lambda_l1': 1.028072682148289e-09, 'lambda_l2': 0.00067458033345479, 'num_leaves': 29, 'feature_fraction': 0.8854610536141649, 'bagging_fraction': 0.7295453667458757, 'bagging_freq': 11, 'min_child_samples': 2}. Best is trial 3 with value: 0.6659537553970487.
[I 2025-04-08 02:01:06,128] Trial 14 finished with value: 0.6506517578959021 and parameters: {'lambda_l1': 4.222611198763561e-09, 'lambda_l2': 1.6883013620397274, 'num_leaves': 25, 'feature_fraction': 0.7372319518767732, 'bagging_fraction': 0.73040442602731, 'bagging_freq': 12, 'min_child_samples': 5}. Best is trial 3 with value: 0.6659537553970487.
[I 2025-04-08 02:01:07,694] Trial 15 finished with value: 0.6627257359052896 and parameters: {'lambda_l1': 9.100072597520486e-06, 'lambda_l2': 0.001956644629002707, 'num_leaves': 31, 'feature_fraction': 0.8604108781491815, 'bagging_fraction': 0.5363649260825836, 'bagging_freq': 12, 'min_child_samples': 98}. Best is trial 3 with value: 0.6659537553970487.
[I 2025-04-08 02:01:11,344] Trial 16 finished with value: 0.6470463799135768 and parameters: {'lambda_l1': 1.622709318630838e-09, 'lambda_l2': 1.4595958411803451, 'num_leaves': 127, 'feature_fraction': 0.6682501233836936, 'bagging_fraction': 0.6906135912846679, 'bagging_freq': 11, 'min_child_samples': 3}. Best is trial 3 with value: 0.6659537553970487.
[I 2025-04-08 02:01:13,274] Trial 17 finished with value: 0.6611330068305507 and parameters: {'lambda_l1': 1.2370564274809944e-06, 'lambda_l2': 1.7110526367855135e-09, 'num_leaves': 67, 'feature_fraction': 0.8315711258742764, 'bagging_fraction': 0.8108895149084727, 'bagging_freq': 8, 'min_child_samples': 126}. Best is trial 3 with value: 0.6659537553970487.
[I 2025-04-08 02:01:14,105] Trial 18 finished with value: 0.6629352565014999 and parameters: {'lambda_l1': 2.88635917896281e-08, 'lambda_l2': 0.004635555572180739, 'num_leaves': 20, 'feature_fraction': 0.9082500674069619, 'bagging_fraction': 0.5516584383293078, 'bagging_freq': 14, 'min_child_samples': 95}. Best is trial 3 with value: 0.6659537553970487.
[I 2025-04-08 02:01:16,321] Trial 19 finished with value: 0.6488068590186289 and parameters: {'lambda_l1': 0.002255560261554073, 'lambda_l2': 0.0001406706411898433, 'num_leaves': 57, 'feature_fraction': 0.5551218673186372, 'bagging_fraction': 0.6999608324207361, 'bagging_freq': 9, 'min_child_samples': 58}. Best is trial 3 with value: 0.6659537553970487.
[I 2025-04-08 02:01:16,831] Trial 20 finished with value: 0.6514484035982082 and parameters: {'lambda_l1': 2.810435958516454e-06, 'lambda_l2': 1.2820168836318842e-06, 'num_leaves': 6, 'feature_fraction': 0.720411945558973, 'bagging_fraction': 0.49095831512824906, 'bagging_freq': 4, 'min_child_samples': 108}. Best is trial 3 with value: 0.6659537553970487.
[I 2025-04-08 02:01:18,336] Trial 21 finished with value: 0.6668759060979403 and parameters: {'lambda_l1': 1.7213864962927037, 'lambda_l2': 0.00015452103756603497, 'num_leaves': 41, 'feature_fraction': 0.9274295512132674, 'bagging_fraction': 0.9570319203490484, 'bagging_freq': 7, 'min_child_samples': 32}. Best is trial 21 with value: 0.6668759060979403.
[I 2025-04-08 02:01:19,661] Trial 22 finished with value: 0.6664150240483885 and parameters: {'lambda_l1': 2.9454504059125, 'lambda_l2': 0.010085479221916525, 'num_leaves': 36, 'feature_fraction': 0.9275317495461687, 'bagging_fraction': 0.9000157472498105, 'bagging_freq': 10, 'min_child_samples': 25}. Best is trial 21 with value: 0.6668759060979403.
[I 2025-04-08 02:01:21,053] Trial 23 finished with value: 0.666750172652844 and parameters: {'lambda_l1': 4.411715191149021, 'lambda_l2': 0.01112946362431606, 'num_leaves': 39, 'feature_fraction': 0.9345922615398471, 'bagging_fraction': 0.9186476818251772, 'bagging_freq': 8, 'min_child_samples': 25}. Best is trial 21 with value: 0.6668759060979403.
[I 2025-04-08 02:01:21,612] Trial 24 finished with value: 0.6546766515364785 and parameters: {'lambda_l1': 67.42366521889743, 'lambda_l2': 0.008969873692961929, 'num_leaves': 53, 'feature_fraction': 0.919753514347402, 'bagging_fraction': 0.9172797640777282, 'bagging_freq': 7, 'min_child_samples': 25}. Best is trial 21 with value: 0.6668759060979403.
[I 2025-04-08 02:01:24,230] Trial 25 finished with value: 0.6623480611041699 and parameters: {'lambda_l1': 1.4338941392696043, 'lambda_l2': 3.456260697082147e-05, 'num_leaves': 79, 'feature_fraction': 0.8030060200009684, 'bagging_fraction': 0.8654736263910946, 'bagging_freq': 7, 'min_child_samples': 29}. Best is trial 21 with value: 0.6668759060979403.
[I 2025-04-08 02:01:25,609] Trial 26 finished with value: 0.6664568121870941 and parameters: {'lambda_l1': 0.031662226982259456, 'lambda_l2': 0.02004215618961495, 'num_leaves': 38, 'feature_fraction': 0.935684861428736, 'bagging_fraction': 0.9931868811094282, 'bagging_freq': 5, 'min_child_samples': 15}. Best is trial 21 with value: 0.6668759060979403.
[I 2025-04-08 02:01:27,369] Trial 27 finished with value: 0.6675467304911074 and parameters: {'lambda_l1': 0.009841593690474867, 'lambda_l2': 7.087389432497699e-05, 'num_leaves': 39, 'feature_fraction': 0.9628616061545003, 'bagging_fraction': 0.9884491478875049, 'bagging_freq': 4, 'min_child_samples': 16}. Best is trial 27 with value: 0.6675467304911074.
[I 2025-04-08 02:01:28,893] Trial 28 finished with value: 0.6647385078225356 and parameters: {'lambda_l1': 0.4794168061409337, 'lambda_l2': 1.645641169474394e-07, 'num_leaves': 49, 'feature_fraction': 0.9933515954017109, 'bagging_fraction': 0.9562503384595988, 'bagging_freq': 3, 'min_child_samples': 35}. Best is trial 27 with value: 0.6675467304911074.
[I 2025-04-08 02:01:30,190] Trial 29 finished with value: 0.6663314126253601 and parameters: {'lambda_l1': 0.010580571734297562, 'lambda_l2': 0.0001403081382718867, 'num_leaves': 40, 'feature_fraction': 0.9583178894733864, 'bagging_fraction': 0.9990863575827653, 'bagging_freq': 5, 'min_child_samples': 48}. Best is trial 27 with value: 0.6675467304911074.
[I 2025-04-08 02:01:32,324] Trial 30 finished with value: 0.667086129606492 and parameters: {'lambda_l1': 8.599671419801108, 'lambda_l2': 2.1897364950133167e-05, 'num_leaves': 75, 'feature_fraction': 0.8276822486770774, 'bagging_fraction': 0.9389022199987729, 'bagging_freq': 6, 'min_child_samples': 15}. Best is trial 27 with value: 0.6675467304911074.
[I 2025-04-08 02:01:33,746] Trial 31 finished with value: 0.6670857781503214 and parameters: {'lambda_l1': 14.078721280188827, 'lambda_l2': 9.184290533150388e-06, 'num_leaves': 78, 'feature_fraction': 0.8207353487690642, 'bagging_fraction': 0.9485193779335281, 'bagging_freq': 6, 'min_child_samples': 14}. Best is trial 27 with value: 0.6675467304911074.
[I 2025-04-08 02:01:34,787] Trial 32 finished with value: 0.6644866367577466 and parameters: {'lambda_l1': 22.381100883670637, 'lambda_l2': 7.095418650204034e-06, 'num_leaves': 81, 'feature_fraction': 0.8209717927873819, 'bagging_fraction': 0.9589645274300977, 'bagging_freq': 6, 'min_child_samples': 16}. Best is trial 27 with value: 0.6675467304911074.
[I 2025-04-08 02:01:37,841] Trial 33 finished with value: 0.6602101180717006 and parameters: {'lambda_l1': 0.30793426469825935, 'lambda_l2': 6.318829480748233e-05, 'num_leaves': 94, 'feature_fraction': 0.7557190334422108, 'bagging_fraction': 0.8601092348132764, 'bagging_freq': 4, 'min_child_samples': 11}. Best is trial 27 with value: 0.6675467304911074.
[I 2025-04-08 02:01:39,278] Trial 34 finished with value: 0.6662472740180754 and parameters: {'lambda_l1': 13.847056740969812, 'lambda_l2': 2.085870635784783e-06, 'num_leaves': 73, 'feature_fraction': 0.8874535099681145, 'bagging_fraction': 0.9396063396096207, 'bagging_freq': 4, 'min_child_samples': 38}. Best is trial 27 with value: 0.6675467304911074.
[I 2025-04-08 02:01:40,961] Trial 35 finished with value: 0.6637737957793628 and parameters: {'lambda_l1': 0.040505183144313256, 'lambda_l2': 1.3841185315824574e-07, 'num_leaves': 58, 'feature_fraction': 0.7726720427281861, 'bagging_fraction': 0.8194034971384949, 'bagging_freq': 2, 'min_child_samples': 10}. Best is trial 27 with value: 0.6675467304911074.
[I 2025-04-08 02:01:41,823] Trial 36 finished with value: 0.6519095316670797 and parameters: {'lambda_l1': 14.374372831450147, 'lambda_l2': 9.448182861954459e-06, 'num_leaves': 101, 'feature_fraction': 0.6984090180373345, 'bagging_fraction': 0.9738389465414836, 'bagging_freq': 6, 'min_child_samples': 18}. Best is trial 27 with value: 0.6675467304911074.
[I 2025-04-08 02:01:44,115] Trial 37 finished with value: 0.6601681190592925 and parameters: {'lambda_l1': 0.6558176294417095, 'lambda_l2': 0.0005852355777235067, 'num_leaves': 81, 'feature_fraction': 0.8296004628083453, 'bagging_fraction': 0.8748157086116444, 'bagging_freq': 6, 'min_child_samples': 20}. Best is trial 27 with value: 0.6675467304911074.
[I 2025-04-08 02:01:47,829] Trial 38 finished with value: 0.6482202435239807 and parameters: {'lambda_l1': 0.09379939826120247, 'lambda_l2': 1.0858992712290236e-06, 'num_leaves': 72, 'feature_fraction': 0.6114201856218493, 'bagging_fraction': 0.9291267418912663, 'bagging_freq': 1, 'min_child_samples': 33}. Best is trial 27 with value: 0.6675467304911074.
[I 2025-04-08 02:01:53,207] Trial 39 finished with value: 0.6637317616213376 and parameters: {'lambda_l1': 0.0038028892645424143, 'lambda_l2': 2.4574665346305777e-08, 'num_leaves': 64, 'feature_fraction': 0.9639470385550443, 'bagging_fraction': 0.8903778029797773, 'bagging_freq': 3, 'min_child_samples': 45}. Best is trial 27 with value: 0.6675467304911074.
[I 2025-04-08 02:01:56,009] Trial 40 finished with value: 0.6656605355137674 and parameters: {'lambda_l1': 5.531055613945263, 'lambda_l2': 0.000203966559052159, 'num_leaves': 91, 'feature_fraction': 0.8524528929446441, 'bagging_fraction': 0.8280892801552235, 'bagging_freq': 5, 'min_child_samples': 55}. Best is trial 27 with value: 0.6675467304911074.
[I 2025-04-08 02:01:58,028] Trial 41 finished with value: 0.6662054683065612 and parameters: {'lambda_l1': 6.581377442485946, 'lambda_l2': 4.40272080814155e-05, 'num_leaves': 45, 'feature_fraction': 0.9606233667804431, 'bagging_fraction': 0.9220403840325597, 'bagging_freq': 8, 'min_child_samples': 24}. Best is trial 27 with value: 0.6675467304911074.
[I 2025-04-08 02:01:58,557] Trial 42 finished with value: 0.6472142705263583 and parameters: {'lambda_l1': 94.41656348207111, 'lambda_l2': 0.002153391754685955, 'num_leaves': 49, 'feature_fraction': 0.901873404177978, 'bagging_fraction': 0.9667110480663361, 'bagging_freq': 8, 'min_child_samples': 9}. Best is trial 27 with value: 0.6675467304911074.
[I 2025-04-08 02:02:00,471] Trial 43 finished with value: 0.6647379806382796 and parameters: {'lambda_l1': 1.8402588626989873, 'lambda_l2': 0.0002916001510621228, 'num_leaves': 58, 'feature_fraction': 0.9727403551770049, 'bagging_fraction': 0.9012625679538512, 'bagging_freq': 7, 'min_child_samples': 30}. Best is trial 27 with value: 0.6675467304911074.
[I 2025-04-08 02:02:01,524] Trial 44 finished with value: 0.6640672792547724 and parameters: {'lambda_l1': 27.840846974951273, 'lambda_l2': 1.13231020706253e-05, 'num_leaves': 43, 'feature_fraction': 0.9380992613015888, 'bagging_fraction': 0.9998260370134606, 'bagging_freq': 6, 'min_child_samples': 39}. Best is trial 27 with value: 0.6675467304911074.
[I 2025-04-08 02:02:02,560] Trial 45 finished with value: 0.6657440414999447 and parameters: {'lambda_l1': 0.015522505369655768, 'lambda_l2': 0.2223791867333573, 'num_leaves': 22, 'feature_fraction': 0.8735923920690442, 'bagging_fraction': 0.9401217386117023, 'bagging_freq': 9, 'min_child_samples': 20}. Best is trial 27 with value: 0.6675467304911074.
[I 2025-04-08 02:02:03,260] Trial 46 finished with value: 0.6659117212390235 and parameters: {'lambda_l1': 0.0003697240010659832, 'lambda_l2': 2.690857523219294e-06, 'num_leaves': 13, 'feature_fraction': 0.9993658682833081, 'bagging_fraction': 0.7834272318604549, 'bagging_freq': 5, 'min_child_samples': 13}. Best is trial 27 with value: 0.6675467304911074.
[I 2025-04-08 02:02:05,468] Trial 47 finished with value: 0.6467531600302957 and parameters: {'lambda_l1': 0.18274413764949765, 'lambda_l2': 6.762135169415146e-05, 'num_leaves': 76, 'feature_fraction': 0.5464358407632448, 'bagging_fraction': 0.8348815291475755, 'bagging_freq': 7, 'min_child_samples': 7}. Best is trial 27 with value: 0.6675467304911074.
[I 2025-04-08 02:02:07,564] Trial 48 finished with value: 0.6631029186677702 and parameters: {'lambda_l1': 0.9333914089962055, 'lambda_l2': 0.0007189621901220421, 'num_leaves': 63, 'feature_fraction': 0.8039015279916114, 'bagging_fraction': 0.9786739830739388, 'bagging_freq': 2, 'min_child_samples': 82}. Best is trial 27 with value: 0.6675467304911074.
[I 2025-04-08 02:02:10,768] Trial 49 finished with value: 0.6646539826134632 and parameters: {'lambda_l1': 4.872714565004052, 'lambda_l2': 2.594915624297743e-05, 'num_leaves': 88, 'feature_fraction': 0.7790561514111178, 'bagging_fraction': 0.9124408520809769, 'bagging_freq': 8, 'min_child_samples': 26}. Best is trial 27 with value: 0.6675467304911074.
[I 2025-04-08 02:02:11,675] Trial 50 finished with value: 0.6631450582626466 and parameters: {'lambda_l1': 30.975270227337436, 'lambda_l2': 4.4526392786698095e-07, 'num_leaves': 29, 'feature_fraction': 0.9046621439319381, 'bagging_fraction': 0.8828582749689522, 'bagging_freq': 10, 'min_child_samples': 33}. Best is trial 27 with value: 0.6675467304911074.
[I 2025-04-08 02:02:13,091] Trial 51 finished with value: 0.6674629433399935 and parameters: {'lambda_l1': 0.025937210508043842, 'lambda_l2': 0.03274166018544257, 'num_leaves': 39, 'feature_fraction': 0.9348422462449725, 'bagging_fraction': 0.9822015745141732, 'bagging_freq': 5, 'min_child_samples': 14}. Best is trial 27 with value: 0.6675467304911074.
[I 2025-04-08 02:02:14,300] Trial 52 finished with value: 0.6666665260841984 and parameters: {'lambda_l1': 0.09654301303317134, 'lambda_l2': 0.16298435990404708, 'num_leaves': 34, 'feature_fraction': 0.9413204496659665, 'bagging_fraction': 0.9467048708354137, 'bagging_freq': 4, 'min_child_samples': 20}. Best is trial 27 with value: 0.6675467304911074.
[I 2025-04-08 02:02:16,126] Trial 53 finished with value: 0.6672115818866519 and parameters: {'lambda_l1': 0.0012556948758214806, 'lambda_l2': 1.1555721556476874, 'num_leaves': 50, 'feature_fraction': 0.8490723537440206, 'bagging_fraction': 0.9703219105486468, 'bagging_freq': 5, 'min_child_samples': 6}. Best is trial 27 with value: 0.6675467304911074.
[I 2025-04-08 02:02:18,666] Trial 54 finished with value: 0.6673373504773654 and parameters: {'lambda_l1': 0.0004315428116608294, 'lambda_l2': 70.58033496851792, 'num_leaves': 51, 'feature_fraction': 0.8490567729513093, 'bagging_fraction': 0.9683477651842054, 'bagging_freq': 5, 'min_child_samples': 2}. Best is trial 27 with value: 0.6675467304911074.
[I 2025-04-08 02:02:20,264] Trial 55 finished with value: 0.6675467129182987 and parameters: {'lambda_l1': 9.403677567201398e-05, 'lambda_l2': 18.414555210264396, 'num_leaves': 49, 'feature_fraction': 0.853648546277413, 'bagging_fraction': 0.9797195823936168, 'bagging_freq': 5, 'min_child_samples': 5}. Best is trial 27 with value: 0.6675467304911074.
[I 2025-04-08 02:02:21,952] Trial 56 finished with value: 0.666708700824692 and parameters: {'lambda_l1': 0.000127437146129111, 'lambda_l2': 82.53854015334416, 'num_leaves': 48, 'feature_fraction': 0.8534590570751523, 'bagging_fraction': 0.9791082188597766, 'bagging_freq': 3, 'min_child_samples': 2}. Best is trial 27 with value: 0.6675467304911074.
[I 2025-04-08 02:02:23,660] Trial 57 finished with value: 0.6676308515255834 and parameters: {'lambda_l1': 0.0006042150383509817, 'lambda_l2': 9.172042089016879, 'num_leaves': 54, 'feature_fraction': 0.874876099189982, 'bagging_fraction': 0.9789975679190989, 'bagging_freq': 5, 'min_child_samples': 5}. Best is trial 57 with value: 0.6676308515255834.
[I 2025-04-08 02:02:25,474] Trial 58 finished with value: 0.6628933980715601 and parameters: {'lambda_l1': 0.0005803682258007853, 'lambda_l2': 5.954929297926518, 'num_leaves': 53, 'feature_fraction': 0.8613220400564247, 'bagging_fraction': 0.6577396868618605, 'bagging_freq': 4, 'min_child_samples': 7}. Best is trial 57 with value: 0.6676308515255834.
[I 2025-04-08 02:02:27,403] Trial 59 finished with value: 0.6639414403728247 and parameters: {'lambda_l1': 6.911707063951738e-05, 'lambda_l2': 13.554614696770535, 'num_leaves': 55, 'feature_fraction': 0.8918772312644104, 'bagging_fraction': 0.5980746131009333, 'bagging_freq': 5, 'min_child_samples': 2}. Best is trial 57 with value: 0.6676308515255834.
[I 2025-04-08 02:02:29,776] Trial 60 finished with value: 0.648178490530892 and parameters: {'lambda_l1': 0.0035823251317185782, 'lambda_l2': 1.0929145498119042, 'num_leaves': 60, 'feature_fraction': 0.47627318414365793, 'bagging_fraction': 0.9813446244613757, 'bagging_freq': 2, 'min_child_samples': 6}. Best is trial 57 with value: 0.6676308515255834.
[I 2025-04-08 02:02:31,740] Trial 61 finished with value: 0.6657860053667357 and parameters: {'lambda_l1': 0.00156200142375572, 'lambda_l2': 7.238759266605218, 'num_leaves': 69, 'feature_fraction': 0.8344587366797647, 'bagging_fraction': 0.969065833424564, 'bagging_freq': 5, 'min_child_samples': 9}. Best is trial 57 with value: 0.6676308515255834.
[I 2025-04-08 02:02:33,448] Trial 62 finished with value: 0.6659118793943004 and parameters: {'lambda_l1': 2.0604159807799367e-05, 'lambda_l2': 45.56929231375567, 'num_leaves': 51, 'feature_fraction': 0.8733274005331481, 'bagging_fraction': 0.9338114524688396, 'bagging_freq': 3, 'min_child_samples': 12}. Best is trial 57 with value: 0.6676308515255834.
[I 2025-04-08 02:02:34,914] Trial 63 finished with value: 0.6664151997764738 and parameters: {'lambda_l1': 0.00016248313998354363, 'lambda_l2': 17.751096641400498, 'num_leaves': 45, 'feature_fraction': 0.9142921385874823, 'bagging_fraction': 0.998674328053082, 'bagging_freq': 4, 'min_child_samples': 5}. Best is trial 57 with value: 0.6676308515255834.
[I 2025-04-08 02:02:35,909] Trial 64 finished with value: 0.6683014650450478 and parameters: {'lambda_l1': 0.0006073025376714856, 'lambda_l2': 2.90791125864235, 'num_leaves': 26, 'feature_fraction': 0.7981354758380798, 'bagging_fraction': 0.9594176730527728, 'bagging_freq': 3, 'min_child_samples': 14}. Best is trial 64 with value: 0.6683014650450478.
[I 2025-04-08 02:02:36,928] Trial 65 finished with value: 0.6512807590047465 and parameters: {'lambda_l1': 0.0007958514556171582, 'lambda_l2': 0.5027821817043967, 'num_leaves': 25, 'feature_fraction': 0.7462899935781999, 'bagging_fraction': 0.905181226771333, 'bagging_freq': 1, 'min_child_samples': 2}. Best is trial 64 with value: 0.6683014650450478.
[I 2025-04-08 02:02:38,311] Trial 66 finished with value: 0.6615939415985281 and parameters: {'lambda_l1': 0.003821276592277381, 'lambda_l2': 3.1121088910012347, 'num_leaves': 35, 'feature_fraction': 0.7942707924623392, 'bagging_fraction': 0.41153781489045543, 'bagging_freq': 3, 'min_child_samples': 21}. Best is trial 64 with value: 0.6683014650450478.
[I 2025-04-08 02:02:39,855] Trial 67 finished with value: 0.6667924352573802 and parameters: {'lambda_l1': 3.870578348155438e-05, 'lambda_l2': 0.7152676328080865, 'num_leaves': 29, 'feature_fraction': 0.8434306677687712, 'bagging_fraction': 0.9723306637918154, 'bagging_freq': 4, 'min_child_samples': 67}. Best is trial 64 with value: 0.6683014650450478.
[I 2025-04-08 02:02:41,328] Trial 68 finished with value: 0.6661215054273619 and parameters: {'lambda_l1': 5.532563998204347e-06, 'lambda_l2': 29.67240898693428, 'num_leaves': 42, 'feature_fraction': 0.8773728958628357, 'bagging_fraction': 0.8477614363754366, 'bagging_freq': 5, 'min_child_samples': 15}. Best is trial 64 with value: 0.6683014650450478.
[I 2025-04-08 02:02:42,819] Trial 69 finished with value: 0.6681759424736541 and parameters: {'lambda_l1': 0.01701322825529663, 'lambda_l2': 3.0123804510249714, 'num_leaves': 38, 'feature_fraction': 0.8079367462534375, 'bagging_fraction': 0.9554374070439641, 'bagging_freq': 16, 'min_child_samples': 10}. Best is trial 64 with value: 0.6683014650450478.
[I 2025-04-08 02:02:43,888] Trial 70 finished with value: 0.6654088753226809 and parameters: {'lambda_l1': 0.019036932259108713, 'lambda_l2': 3.864198085513911, 'num_leaves': 24, 'feature_fraction': 0.8099205766379611, 'bagging_fraction': 0.7445678122594758, 'bagging_freq': 14, 'min_child_samples': 11}. Best is trial 64 with value: 0.6683014650450478.
[I 2025-04-08 02:02:45,654] Trial 71 finished with value: 0.6519514252426365 and parameters: {'lambda_l1': 0.0073472318848819464, 'lambda_l2': 95.05912812568641, 'num_leaves': 48, 'feature_fraction': 0.7216514792784103, 'bagging_fraction': 0.9530354182085864, 'bagging_freq': 16, 'min_child_samples': 17}. Best is trial 64 with value: 0.6683014650450478.
