[I 2025-04-08 20:19:33,572] Trial 279 finished with value: 0.8188484538564407 and parameters: {'max_depth': 17, 'learning_rate': 0.03142113266532475, 'n_estimators': 102, 'gamma': 0.03968752177057826, 'min_child_weight': 7, 'subsample': 0.7831627315402379, 'colsample_bytree': 0.860476434097712}. Best is trial 251 with value: 0.8205675489973835.
[I 2025-04-08 20:19:35,814] Trial 280 finished with value: 0.8177585882708532 and parameters: {'max_depth': 15, 'learning_rate': 0.06763672915952186, 'n_estimators': 88, 'gamma': 0.2586742110714355, 'min_child_weight': 7, 'subsample': 0.7045727998310793, 'colsample_bytree': 0.9031970054709332}. Best is trial 251 with value: 0.8205675489973835.
[I 2025-04-08 20:19:36,001] A new study created in RDB with name: xgboost-num_features-8
[I 2025-04-08 20:19:37,373] Trial 0 finished with value: 0.8196455037333431 and parameters: {'max_depth': 8, 'learning_rate': 0.0632384111626583, 'n_estimators': 113, 'gamma': 0.5660583508842341, 'min_child_weight': 7, 'subsample': 0.6274483656533236, 'colsample_bytree': 0.8299716580734788}. Best is trial 0 with value: 0.8196455037333431.
[I 2025-04-08 20:19:41,124] Trial 1 finished with value: 0.8106735833241074 and parameters: {'max_depth': 22, 'learning_rate': 0.012066389516376706, 'n_estimators': 181, 'gamma': 0.5921536467903907, 'min_child_weight': 7, 'subsample': 0.9147118755146599, 'colsample_bytree': 0.546003890306314}. Best is trial 0 with value: 0.8196455037333431.
[I 2025-04-08 20:19:43,129] Trial 2 finished with value: 0.7976776303419142 and parameters: {'max_depth': 12, 'learning_rate': 0.3431327228989755, 'n_estimators': 192, 'gamma': 0.2512707364506174, 'min_child_weight': 4, 'subsample': 0.9367262075119784, 'colsample_bytree': 0.9538749648973034}. Best is trial 0 with value: 0.8196455037333431.
[I 2025-04-08 20:19:56,449] Trial 3 finished with value: 0.8133147940203248 and parameters: {'max_depth': 21, 'learning_rate': 0.009115077324002864, 'n_estimators': 272, 'gamma': 0.22574939220966397, 'min_child_weight': 1, 'subsample': 0.8575456326181143, 'colsample_bytree': 0.7563367514840038}. Best is trial 0 with value: 0.8196455037333431.
[I 2025-04-08 20:19:58,207] Trial 4 finished with value: 0.808912629753225 and parameters: {'max_depth': 22, 'learning_rate': 0.1727391130275584, 'n_estimators': 143, 'gamma': 0.5202091114386831, 'min_child_weight': 1, 'subsample': 0.9376214114985655, 'colsample_bytree': 0.9177627928244978}. Best is trial 0 with value: 0.8196455037333431.
[I 2025-04-08 20:20:03,305] Trial 5 finished with value: 0.6377394866279713 and parameters: {'max_depth': 14, 'learning_rate': 1.3504670141050873e-05, 'n_estimators': 293, 'gamma': 0.3379747959246394, 'min_child_weight': 4, 'subsample': 0.7591906291691131, 'colsample_bytree': 0.5103910683296011}. Best is trial 0 with value: 0.8196455037333431.
[I 2025-04-08 20:20:06,582] Trial 6 finished with value: 0.6377394866279713 and parameters: {'max_depth': 18, 'learning_rate': 4.587038279750904e-05, 'n_estimators': 130, 'gamma': 0.31701134378602774, 'min_child_weight': 5, 'subsample': 0.8118078010097451, 'colsample_bytree': 0.9304977015518232}. Best is trial 0 with value: 0.8196455037333431.
[I 2025-04-08 20:20:08,194] Trial 7 finished with value: 0.7709716181569286 and parameters: {'max_depth': 10, 'learning_rate': 0.9289357393697655, 'n_estimators': 131, 'gamma': 0.16348718034654844, 'min_child_weight': 4, 'subsample': 0.7184505233534121, 'colsample_bytree': 0.7718651618256012}. Best is trial 0 with value: 0.8196455037333431.
[I 2025-04-08 20:20:13,660] Trial 8 finished with value: 0.8131471318540543 and parameters: {'max_depth': 13, 'learning_rate': 0.009641340085895391, 'n_estimators': 226, 'gamma': 0.20513342319708697, 'min_child_weight': 1, 'subsample': 0.9856009306632416, 'colsample_bytree': 0.7658987576987355}. Best is trial 0 with value: 0.8196455037333431.
[I 2025-04-08 20:20:15,235] Trial 9 finished with value: 0.795371392522067 and parameters: {'max_depth': 4, 'learning_rate': 0.007522011999216081, 'n_estimators': 276, 'gamma': 0.052429724391739076, 'min_child_weight': 1, 'subsample': 0.5529042708512188, 'colsample_bytree': 0.8244115728865365}. Best is trial 0 with value: 0.8196455037333431.
[I 2025-04-08 20:20:17,500] Trial 10 finished with value: 0.6377394866279713 and parameters: {'max_depth': 31, 'learning_rate': 0.0003506990762786628, 'n_estimators': 80, 'gamma': 0.44186381684845016, 'min_child_weight': 7, 'subsample': 0.5887822271386238, 'colsample_bytree': 0.6746210978720428}. Best is trial 0 with value: 0.8196455037333431.
[I 2025-04-08 20:20:17,969] Trial 11 finished with value: 0.791095260437809 and parameters: {'max_depth': 3, 'learning_rate': 0.05622992527973147, 'n_estimators': 56, 'gamma': 0.4083424880729866, 'min_child_weight': 3, 'subsample': 0.6409564886723668, 'colsample_bytree': 0.6731897953899739}. Best is trial 0 with value: 0.8196455037333431.
[I 2025-04-08 20:20:23,425] Trial 12 finished with value: 0.6377394866279713 and parameters: {'max_depth': 28, 'learning_rate': 0.0011546641094752552, 'n_estimators': 230, 'gamma': 0.10398350921393863, 'min_child_weight': 6, 'subsample': 0.8351279075954161, 'colsample_bytree': 0.8544711817096003}. Best is trial 0 with value: 0.8196455037333431.
[I 2025-04-08 20:20:24,517] Trial 13 finished with value: 0.816165753759263 and parameters: {'max_depth': 8, 'learning_rate': 0.04179103375734923, 'n_estimators': 98, 'gamma': 0.4156109206414471, 'min_child_weight': 2, 'subsample': 0.6640436572658812, 'colsample_bytree': 0.6758397219397507}. Best is trial 0 with value: 0.8196455037333431.
[I 2025-04-08 20:20:25,448] Trial 14 finished with value: 0.8167108974257593 and parameters: {'max_depth': 7, 'learning_rate': 0.059503350808651115, 'n_estimators': 89, 'gamma': 0.5031195842454117, 'min_child_weight': 3, 'subsample': 0.6626986376965103, 'colsample_bytree': 0.6539454076115855}. Best is trial 0 with value: 0.8196455037333431.
[I 2025-04-08 20:20:26,800] Trial 15 finished with value: 0.8179264085924005 and parameters: {'max_depth': 7, 'learning_rate': 0.08350825125412435, 'n_estimators': 101, 'gamma': 0.5933802849661902, 'min_child_weight': 3, 'subsample': 0.5069723923307223, 'colsample_bytree': 0.5906527462570856}. Best is trial 0 with value: 0.8196455037333431.
[I 2025-04-08 20:20:27,308] Trial 16 finished with value: 0.6377394866279713 and parameters: {'max_depth': 5, 'learning_rate': 0.0015098364464096597, 'n_estimators': 50, 'gamma': 0.5994138844257972, 'min_child_weight': 6, 'subsample': 0.5036621008686819, 'colsample_bytree': 0.5920408750607115}. Best is trial 0 with value: 0.8196455037333431.
[I 2025-04-08 20:20:29,998] Trial 17 finished with value: 0.7941979506590682 and parameters: {'max_depth': 16, 'learning_rate': 0.20401195366021463, 'n_estimators': 154, 'gamma': 0.5202585197442791, 'min_child_weight': 3, 'subsample': 0.5253617726469451, 'colsample_bytree': 0.8630310073357046}. Best is trial 0 with value: 0.8196455037333431.
[I 2025-04-08 20:20:31,356] Trial 18 finished with value: 0.7665705609767671 and parameters: {'max_depth': 10, 'learning_rate': 0.8602506749739073, 'n_estimators': 109, 'gamma': 0.5445854462331987, 'min_child_weight': 5, 'subsample': 0.6089111366645333, 'colsample_bytree': 0.9922991170390825}. Best is trial 0 with value: 0.8196455037333431.
[I 2025-04-08 20:20:32,384] Trial 19 finished with value: 0.8115960327627443 and parameters: {'max_depth': 7, 'learning_rate': 0.03599524866351797, 'n_estimators': 114, 'gamma': 0.4441430373069162, 'min_child_weight': 5, 'subsample': 0.5653106674007701, 'colsample_bytree': 0.6097163889952826}. Best is trial 0 with value: 0.8196455037333431.
[I 2025-04-08 20:20:36,466] Trial 20 finished with value: 0.6377394866279713 and parameters: {'max_depth': 18, 'learning_rate': 0.000326950747923431, 'n_estimators': 158, 'gamma': 0.37435693823237115, 'min_child_weight': 2, 'subsample': 0.7084114612738925, 'colsample_bytree': 0.7200966291207996}. Best is trial 0 with value: 0.8196455037333431.
[I 2025-04-08 20:20:37,814] Trial 21 finished with value: 0.8165013944023576 and parameters: {'max_depth': 8, 'learning_rate': 0.07355247752135467, 'n_estimators': 74, 'gamma': 0.4846999635314401, 'min_child_weight': 3, 'subsample': 0.6548909159865056, 'colsample_bytree': 0.611069978942047}. Best is trial 0 with value: 0.8196455037333431.
[I 2025-04-08 20:20:38,688] Trial 22 finished with value: 0.8182199272134272 and parameters: {'max_depth': 7, 'learning_rate': 0.1243914491796299, 'n_estimators': 83, 'gamma': 0.5575031716239569, 'min_child_weight': 2, 'subsample': 0.6121748846386622, 'colsample_bytree': 0.5567335842682573}. Best is trial 0 with value: 0.8196455037333431.
[I 2025-04-08 20:20:39,692] Trial 23 finished with value: 0.8022470877463048 and parameters: {'max_depth': 11, 'learning_rate': 0.3037446258522128, 'n_estimators': 68, 'gamma': 0.5679147146651233, 'min_child_weight': 2, 'subsample': 0.6085269146454642, 'colsample_bytree': 0.5665365468593344}. Best is trial 0 with value: 0.8196455037333431.
[I 2025-04-08 20:20:40,583] Trial 24 finished with value: 0.8057267322835339 and parameters: {'max_depth': 5, 'learning_rate': 0.02346671889531349, 'n_estimators': 120, 'gamma': 0.473821277658613, 'min_child_weight': 2, 'subsample': 0.5372870809640151, 'colsample_bytree': 0.813059642635068}. Best is trial 0 with value: 0.8196455037333431.
[I 2025-04-08 20:20:41,145] Trial 25 finished with value: 0.8087870368905969 and parameters: {'max_depth': 3, 'learning_rate': 0.11738206680187951, 'n_estimators': 100, 'gamma': 0.5552916149738814, 'min_child_weight': 6, 'subsample': 0.5049092124137134, 'colsample_bytree': 0.5209253789049932}. Best is trial 0 with value: 0.8196455037333431.
[I 2025-04-08 20:20:42,257] Trial 26 finished with value: 0.6389133502383753 and parameters: {'max_depth': 9, 'learning_rate': 0.00400337479102031, 'n_estimators': 88, 'gamma': 0.5995751555073476, 'min_child_weight': 3, 'subsample': 0.5785862465220516, 'colsample_bytree': 0.6375151747473471}. Best is trial 0 with value: 0.8196455037333431.
[I 2025-04-08 20:20:44,359] Trial 27 finished with value: 0.782417737290027 and parameters: {'max_depth': 15, 'learning_rate': 0.4826867844039539, 'n_estimators': 159, 'gamma': 0.5387900989083014, 'min_child_weight': 2, 'subsample': 0.7067183834754902, 'colsample_bytree': 0.714207469761235}. Best is trial 0 with value: 0.8196455037333431.
[I 2025-04-08 20:20:46,010] Trial 28 finished with value: 0.807152080356939 and parameters: {'max_depth': 6, 'learning_rate': 0.017399714467432836, 'n_estimators': 205, 'gamma': 0.3532320707310293, 'min_child_weight': 4, 'subsample': 0.6221207221009143, 'colsample_bytree': 0.5648043418444175}. Best is trial 0 with value: 0.8196455037333431.
[I 2025-04-08 20:20:48,887] Trial 29 finished with value: 0.810966996508283 and parameters: {'max_depth': 12, 'learning_rate': 0.12235779650159671, 'n_estimators': 183, 'gamma': 0.4710090029179588, 'min_child_weight': 7, 'subsample': 0.7566571881336794, 'colsample_bytree': 0.5415446217011999}. Best is trial 0 with value: 0.8196455037333431.
[I 2025-04-08 20:20:50,190] Trial 30 finished with value: 0.6377394866279713 and parameters: {'max_depth': 27, 'learning_rate': 0.003134673080274032, 'n_estimators': 68, 'gamma': 0.5723085523745858, 'min_child_weight': 7, 'subsample': 0.5630395591714743, 'colsample_bytree': 0.5003745167538194}. Best is trial 0 with value: 0.8196455037333431.
[I 2025-04-08 20:20:51,228] Trial 31 finished with value: 0.8175911369782852 and parameters: {'max_depth': 7, 'learning_rate': 0.07859555442215377, 'n_estimators': 89, 'gamma': 0.5071169723532113, 'min_child_weight': 3, 'subsample': 0.6878901342578339, 'colsample_bytree': 0.6334411863765569}. Best is trial 0 with value: 0.8196455037333431.
[I 2025-04-08 20:20:52,268] Trial 32 finished with value: 0.8019117106953384 and parameters: {'max_depth': 6, 'learning_rate': 0.0206259756388238, 'n_estimators': 105, 'gamma': 0.5984051461860805, 'min_child_weight': 3, 'subsample': 0.6862229054643753, 'colsample_bytree': 0.586623181266676}. Best is trial 0 with value: 0.8196455037333431.
[I 2025-04-08 20:20:53,784] Trial 33 finished with value: 0.7960848661215583 and parameters: {'max_depth': 9, 'learning_rate': 0.40757364645042604, 'n_estimators': 128, 'gamma': 0.5162189393771033, 'min_child_weight': 2, 'subsample': 0.7920683581684507, 'colsample_bytree': 0.6294931639910955}. Best is trial 0 with value: 0.8196455037333431.
[I 2025-04-08 20:20:55,354] Trial 34 finished with value: 0.8162913641946996 and parameters: {'max_depth': 12, 'learning_rate': 0.1014368467393404, 'n_estimators': 91, 'gamma': 0.5472162449243743, 'min_child_weight': 4, 'subsample': 0.627752171583337, 'colsample_bytree': 0.7197813721507578}. Best is trial 0 with value: 0.8196455037333431.
[I 2025-04-08 20:20:56,474] Trial 35 finished with value: 0.8173392131950706 and parameters: {'max_depth': 5, 'learning_rate': 0.20540565895641896, 'n_estimators': 142, 'gamma': 0.45255020653121103, 'min_child_weight': 3, 'subsample': 0.7366004365028647, 'colsample_bytree': 0.5435752178010858}. Best is trial 0 with value: 0.8196455037333431.
[I 2025-04-08 20:20:57,422] Trial 36 finished with value: 0.8139018136895693 and parameters: {'max_depth': 8, 'learning_rate': 0.03442899324290895, 'n_estimators': 65, 'gamma': 0.2826638928743274, 'min_child_weight': 4, 'subsample': 0.6807502624687489, 'colsample_bytree': 0.7938134883428823}. Best is trial 0 with value: 0.8196455037333431.
[I 2025-04-08 20:21:00,415] Trial 37 finished with value: 0.7795248664027231 and parameters: {'max_depth': 20, 'learning_rate': 0.5457328536120359, 'n_estimators': 119, 'gamma': 0.5092757905917837, 'min_child_weight': 1, 'subsample': 0.6024638630389358, 'colsample_bytree': 0.8924261113177903}. Best is trial 0 with value: 0.8196455037333431.
[I 2025-04-08 20:21:01,795] Trial 38 finished with value: 0.8035048087990567 and parameters: {'max_depth': 14, 'learning_rate': 0.23287098500558429, 'n_estimators': 81, 'gamma': 0.5724422582500167, 'min_child_weight': 2, 'subsample': 0.5261025553215314, 'colsample_bytree': 0.5817270424613492}. Best is trial 0 with value: 0.8196455037333431.
[I 2025-04-08 20:21:03,787] Trial 39 finished with value: 0.8120151969648244 and parameters: {'max_depth': 11, 'learning_rate': 0.013336489859148195, 'n_estimators': 135, 'gamma': 0.39661262814708953, 'min_child_weight': 5, 'subsample': 0.9069938463398151, 'colsample_bytree': 0.7372442580158068}. Best is trial 0 with value: 0.8196455037333431.
[I 2025-04-08 20:21:04,378] Trial 40 finished with value: 0.6451598334800663 and parameters: {'max_depth': 3, 'learning_rate': 0.004585363199489662, 'n_estimators': 101, 'gamma': 0.486162450312993, 'min_child_weight': 4, 'subsample': 0.7718777307092622, 'colsample_bytree': 0.5477364193998033}. Best is trial 0 with value: 0.8196455037333431.
[I 2025-04-08 20:21:05,348] Trial 41 finished with value: 0.8179678804205525 and parameters: {'max_depth': 5, 'learning_rate': 0.15878072843166643, 'n_estimators': 149, 'gamma': 0.4464473179702975, 'min_child_weight': 3, 'subsample': 0.7351442191624175, 'colsample_bytree': 0.5328644044041633}. Best is trial 0 with value: 0.8196455037333431.
[I 2025-04-08 20:21:06,640] Trial 42 finished with value: 0.8171717091840769 and parameters: {'max_depth': 6, 'learning_rate': 0.10631435413704046, 'n_estimators': 170, 'gamma': 0.5338140707822489, 'min_child_weight': 3, 'subsample': 0.7400924581145012, 'colsample_bytree': 0.5291935647827368}. Best is trial 0 with value: 0.8196455037333431.
[I 2025-04-08 20:21:08,634] Trial 43 finished with value: 0.8098353955024153 and parameters: {'max_depth': 10, 'learning_rate': 0.17084039643626062, 'n_estimators': 122, 'gamma': 0.5787364435561052, 'min_child_weight': 3, 'subsample': 0.6887158704231039, 'colsample_bytree': 0.610100935428198}. Best is trial 0 with value: 0.8196455037333431.
[I 2025-04-08 20:21:09,471] Trial 44 finished with value: 0.8117635367737378 and parameters: {'max_depth': 4, 'learning_rate': 0.07221774583036857, 'n_estimators': 141, 'gamma': 0.49941546983799756, 'min_child_weight': 2, 'subsample': 0.6358845299326041, 'colsample_bytree': 0.5593941487009659}. Best is trial 0 with value: 0.8196455037333431.
[I 2025-04-08 20:21:11,167] Trial 45 finished with value: 0.8129795399790181 and parameters: {'max_depth': 7, 'learning_rate': 0.02773984763335908, 'n_estimators': 202, 'gamma': 0.42877525834081154, 'min_child_weight': 4, 'subsample': 0.7174392629006983, 'colsample_bytree': 0.5051301001651707}. Best is trial 0 with value: 0.8196455037333431.
[I 2025-04-08 20:21:12,035] Trial 46 finished with value: 0.7801117454894995 and parameters: {'max_depth': 9, 'learning_rate': 0.9406109907153563, 'n_estimators': 60, 'gamma': 0.30799078355687215, 'min_child_weight': 1, 'subsample': 0.8608281282881458, 'colsample_bytree': 0.6515212501365573}. Best is trial 0 with value: 0.8196455037333431.
[I 2025-04-08 20:21:12,625] Trial 47 finished with value: 0.8017440309562595 and parameters: {'max_depth': 4, 'learning_rate': 0.04816796624484612, 'n_estimators': 80, 'gamma': 0.2275889545526787, 'min_child_weight': 3, 'subsample': 0.5891828824253542, 'colsample_bytree': 0.6900699605307558}. Best is trial 0 with value: 0.8196455037333431.
[I 2025-04-08 20:21:17,091] Trial 48 finished with value: 0.8087870368905969 and parameters: {'max_depth': 25, 'learning_rate': 0.007344087796543639, 'n_estimators': 150, 'gamma': 0.4600674705887201, 'min_child_weight': 3, 'subsample': 0.7863590633931756, 'colsample_bytree': 0.7857901878548093}. Best is trial 0 with value: 0.8196455037333431.
[I 2025-04-08 20:21:18,182] Trial 49 finished with value: 0.6377394866279713 and parameters: {'max_depth': 7, 'learning_rate': 3.235255807948383e-05, 'n_estimators': 112, 'gamma': 0.5252748172080087, 'min_child_weight': 2, 'subsample': 0.6553637047125119, 'colsample_bytree': 0.8763077529702261}. Best is trial 0 with value: 0.8196455037333431.
[I 2025-04-08 20:21:19,801] Trial 50 finished with value: 0.8146148479688469 and parameters: {'max_depth': 5, 'learning_rate': 0.3105981832965271, 'n_estimators': 173, 'gamma': 0.17088134478728645, 'min_child_weight': 5, 'subsample': 0.8310392036660303, 'colsample_bytree': 0.9301541382164766}. Best is trial 0 with value: 0.8196455037333431.
[I 2025-04-08 20:21:20,729] Trial 51 finished with value: 0.8177166419768707 and parameters: {'max_depth': 5, 'learning_rate': 0.17274482267868532, 'n_estimators': 142, 'gamma': 0.44271353123141877, 'min_child_weight': 3, 'subsample': 0.7274402707139961, 'colsample_bytree': 0.5339780589509565}. Best is trial 0 with value: 0.8196455037333431.
[I 2025-04-08 20:21:21,994] Trial 52 finished with value: 0.8153692837850424 and parameters: {'max_depth': 8, 'learning_rate': 0.16478587677547404, 'n_estimators': 130, 'gamma': 0.3771673954750304, 'min_child_weight': 3, 'subsample': 0.7311801454308695, 'colsample_bytree': 0.5240164520107119}. Best is trial 0 with value: 0.8196455037333431.
[I 2025-04-08 20:21:22,804] Trial 53 finished with value: 0.814824069827312 and parameters: {'max_depth': 6, 'learning_rate': 0.08780212542357671, 'n_estimators': 92, 'gamma': 0.5550341348208117, 'min_child_weight': 4, 'subsample': 0.6930626813094116, 'colsample_bytree': 0.56935613322869}. Best is trial 0 with value: 0.8196455037333431.
[I 2025-04-08 20:21:23,585] Trial 54 finished with value: 0.8095837880297543 and parameters: {'max_depth': 4, 'learning_rate': 0.5671325005944035, 'n_estimators': 108, 'gamma': 0.01879818213740081, 'min_child_weight': 3, 'subsample': 0.6774128051930055, 'colsample_bytree': 0.5978221759648894}. Best is trial 0 with value: 0.8196455037333431.
[I 2025-04-08 20:21:27,245] Trial 55 finished with value: 0.8149919604400934 and parameters: {'max_depth': 10, 'learning_rate': 0.0500246404885664, 'n_estimators': 260, 'gamma': 0.4186255480488179, 'min_child_weight': 1, 'subsample': 0.6506201254692557, 'colsample_bytree': 0.6251554590019388}. Best is trial 0 with value: 0.8196455037333431.
[I 2025-04-08 20:21:28,520] Trial 56 finished with value: 0.8143210306100752 and parameters: {'max_depth': 7, 'learning_rate': 0.15271064638953874, 'n_estimators': 148, 'gamma': 0.4996365456044021, 'min_child_weight': 2, 'subsample': 0.5461349247240108, 'colsample_bytree': 0.5349660750190677}. Best is trial 0 with value: 0.8196455037333431.
[I 2025-04-08 20:21:32,033] Trial 57 finished with value: 0.6377394866279713 and parameters: {'max_depth': 13, 'learning_rate': 0.0002608269334861629, 'n_estimators': 161, 'gamma': 0.5790240048821496, 'min_child_weight': 4, 'subsample': 0.7678989301689675, 'colsample_bytree': 0.57693784616946}. Best is trial 0 with value: 0.8196455037333431.
[I 2025-04-08 20:21:32,734] Trial 58 finished with value: 0.816919908410522 and parameters: {'max_depth': 3, 'learning_rate': 0.2836795409538507, 'n_estimators': 137, 'gamma': 0.4393405907429119, 'min_child_weight': 3, 'subsample': 0.7182298829129744, 'colsample_bytree': 0.8255144057474487}. Best is trial 0 with value: 0.8196455037333431.
[I 2025-04-08 20:21:33,453] Trial 59 finished with value: 0.8078229223229144 and parameters: {'max_depth': 5, 'learning_rate': 0.06026365417702026, 'n_estimators': 95, 'gamma': 0.39575978960468194, 'min_child_weight': 3, 'subsample': 0.9943968200409199, 'colsample_bytree': 0.5985246130852848}. Best is trial 0 with value: 0.8196455037333431.
[I 2025-04-08 20:21:34,958] Trial 60 finished with value: 0.8126022693524947 and parameters: {'max_depth': 17, 'learning_rate': 0.0313592037724217, 'n_estimators': 80, 'gamma': 0.5340661938585526, 'min_child_weight': 6, 'subsample': 0.6675271005978091, 'colsample_bytree': 0.5560518251506734}. Best is trial 0 with value: 0.8196455037333431.
