[I 2025-04-08 20:48:28,203] Trial 200 finished with value: 0.819645011694704 and parameters: {'max_depth': 14, 'learning_rate': 0.010787784422131174, 'n_estimators': 246, 'gamma': 0.3031305145131181, 'min_child_weight': 5, 'subsample': 0.7567466122271156, 'colsample_bytree': 0.9204444058335967}. Best is trial 156 with value: 0.8207352638820794.
[I 2025-04-08 20:48:32,640] Trial 201 finished with value: 0.8191000613291018 and parameters: {'max_depth': 13, 'learning_rate': 0.011789415782296659, 'n_estimators': 257, 'gamma': 0.2977698875355559, 'min_child_weight': 5, 'subsample': 0.7367555013728658, 'colsample_bytree': 0.9333119714569459}. Best is trial 156 with value: 0.8207352638820794.
[I 2025-04-08 20:48:36,477] Trial 202 finished with value: 0.8194354735256854 and parameters: {'max_depth': 13, 'learning_rate': 0.01717081665402288, 'n_estimators': 252, 'gamma': 0.31076274100224766, 'min_child_weight': 5, 'subsample': 0.7433583801199195, 'colsample_bytree': 0.9220207678263255}. Best is trial 156 with value: 0.8207352638820794.
[I 2025-04-08 20:48:40,730] Trial 203 finished with value: 0.8199806171921816 and parameters: {'max_depth': 12, 'learning_rate': 0.01485781848515593, 'n_estimators': 265, 'gamma': 0.2855194661806635, 'min_child_weight': 5, 'subsample': 0.7304116388270036, 'colsample_bytree': 0.9086220499781084}. Best is trial 156 with value: 0.8207352638820794.
[I 2025-04-08 20:48:45,123] Trial 204 finished with value: 0.8186389332602305 and parameters: {'max_depth': 15, 'learning_rate': 0.01792746441042874, 'n_estimators': 267, 'gamma': 0.28272566252461806, 'min_child_weight': 5, 'subsample': 0.7074897892263461, 'colsample_bytree': 0.9030160724952986}. Best is trial 156 with value: 0.8207352638820794.
[I 2025-04-08 20:48:48,314] Trial 205 finished with value: 0.8050560836184522 and parameters: {'max_depth': 11, 'learning_rate': 0.0036301543720275754, 'n_estimators': 233, 'gamma': 0.28808940028590996, 'min_child_weight': 5, 'subsample': 0.7244581657427598, 'colsample_bytree': 0.914492874623597}. Best is trial 156 with value: 0.8207352638820794.
[I 2025-04-08 20:48:52,620] Trial 206 finished with value: 0.818010055161046 and parameters: {'max_depth': 12, 'learning_rate': 0.007742896161514499, 'n_estimators': 264, 'gamma': 0.3301470034951257, 'min_child_weight': 5, 'subsample': 0.750569308885325, 'colsample_bytree': 0.8956023387121079}. Best is trial 156 with value: 0.8207352638820794.
[I 2025-04-08 20:48:55,889] Trial 207 finished with value: 0.8194774725380934 and parameters: {'max_depth': 12, 'learning_rate': 0.014479476554764024, 'n_estimators': 227, 'gamma': 0.27828129328031453, 'min_child_weight': 5, 'subsample': 0.7669365949935406, 'colsample_bytree': 0.9064574318837135}. Best is trial 156 with value: 0.8207352638820794.
[I 2025-04-08 20:48:59,069] Trial 208 finished with value: 0.8195193661136504 and parameters: {'max_depth': 11, 'learning_rate': 0.021772562224041437, 'n_estimators': 260, 'gamma': 0.30932078958837217, 'min_child_weight': 5, 'subsample': 0.7309271001478858, 'colsample_bytree': 0.888442514884617}. Best is trial 156 with value: 0.8207352638820794.
[I 2025-04-08 20:49:02,988] Trial 209 finished with value: 0.8193516160833374 and parameters: {'max_depth': 14, 'learning_rate': 0.019079169922970457, 'n_estimators': 223, 'gamma': 0.34254928355493225, 'min_child_weight': 5, 'subsample': 0.5931528658380727, 'colsample_bytree': 0.9146555625249663}. Best is trial 156 with value: 0.8207352638820794.
[I 2025-04-08 20:49:06,699] Trial 210 finished with value: 0.8189743981752395 and parameters: {'max_depth': 12, 'learning_rate': 0.01002287760861189, 'n_estimators': 248, 'gamma': 0.27501241444076174, 'min_child_weight': 5, 'subsample': 0.7455133279948195, 'colsample_bytree': 0.899371427578708}. Best is trial 156 with value: 0.8207352638820794.
[I 2025-04-08 20:49:11,113] Trial 211 finished with value: 0.8199806171921814 and parameters: {'max_depth': 12, 'learning_rate': 0.01575573100881865, 'n_estimators': 255, 'gamma': 0.29854340028801063, 'min_child_weight': 5, 'subsample': 0.7366468626187687, 'colsample_bytree': 0.9293634097809846}. Best is trial 156 with value: 0.8207352638820794.
[I 2025-04-08 20:49:14,189] Trial 212 finished with value: 0.8150754664262706 and parameters: {'max_depth': 11, 'learning_rate': 0.01416791930557427, 'n_estimators': 257, 'gamma': 0.3159963318158787, 'min_child_weight': 5, 'subsample': 0.7559851204953547, 'colsample_bytree': 0.6192601860025527}. Best is trial 156 with value: 0.8207352638820794.
[I 2025-04-08 20:49:17,507] Trial 213 finished with value: 0.8194775604021363 and parameters: {'max_depth': 12, 'learning_rate': 0.02501940042993125, 'n_estimators': 243, 'gamma': 0.290736286321089, 'min_child_weight': 5, 'subsample': 0.7410341402520934, 'colsample_bytree': 0.9267502395698356}. Best is trial 156 with value: 0.8207352638820794.
[I 2025-04-08 20:49:20,535] Trial 214 finished with value: 0.8198969179051103 and parameters: {'max_depth': 10, 'learning_rate': 0.01496356125982827, 'n_estimators': 266, 'gamma': 0.3064378107949484, 'min_child_weight': 5, 'subsample': 0.7312513513339681, 'colsample_bytree': 0.9428363265976232}. Best is trial 156 with value: 0.8207352638820794.
[I 2025-04-08 20:49:24,041] Trial 215 finished with value: 0.8204836915550354 and parameters: {'max_depth': 10, 'learning_rate': 0.019633739423707813, 'n_estimators': 267, 'gamma': 0.28940332580034717, 'min_child_weight': 5, 'subsample': 0.7279686849146457, 'colsample_bytree': 0.9462168620748053}. Best is trial 156 with value: 0.8207352638820794.
[I 2025-04-08 20:49:27,075] Trial 216 finished with value: 0.8202322422376511 and parameters: {'max_depth': 10, 'learning_rate': 0.02188801485974509, 'n_estimators': 270, 'gamma': 0.2839254951457056, 'min_child_weight': 5, 'subsample': 0.7176856643244668, 'colsample_bytree': 0.9480333836947202}. Best is trial 156 with value: 0.8207352638820794.
[I 2025-04-08 20:49:30,191] Trial 217 finished with value: 0.819561312407633 and parameters: {'max_depth': 10, 'learning_rate': 0.01991583713118956, 'n_estimators': 269, 'gamma': 0.2695308405425033, 'min_child_weight': 5, 'subsample': 0.714355380818901, 'colsample_bytree': 0.9510530982548503}. Best is trial 156 with value: 0.8207352638820794.
[I 2025-04-08 20:49:33,368] Trial 218 finished with value: 0.8201901553612003 and parameters: {'max_depth': 10, 'learning_rate': 0.02740532612844112, 'n_estimators': 261, 'gamma': 0.28485333064542, 'min_child_weight': 5, 'subsample': 0.6967953597191182, 'colsample_bytree': 0.9625785656729023}. Best is trial 156 with value: 0.8207352638820794.
[I 2025-04-08 20:49:36,297] Trial 219 finished with value: 0.8200225107677385 and parameters: {'max_depth': 10, 'learning_rate': 0.02814093945298243, 'n_estimators': 272, 'gamma': 0.2845617914206205, 'min_child_weight': 5, 'subsample': 0.7005129846505362, 'colsample_bytree': 0.9604849544811626}. Best is trial 156 with value: 0.8207352638820794.
[I 2025-04-08 20:49:39,347] Trial 220 finished with value: 0.819477560402136 and parameters: {'max_depth': 10, 'learning_rate': 0.028879523304728733, 'n_estimators': 274, 'gamma': 0.2762151953580046, 'min_child_weight': 5, 'subsample': 0.6969076832780594, 'colsample_bytree': 0.9615535538041949}. Best is trial 156 with value: 0.8207352638820794.
[I 2025-04-08 20:49:39,668] A new study created in RDB with name: xgboost-num_features-5
[I 2025-04-08 20:49:42,454] Trial 0 finished with value: 0.8181778930554019 and parameters: {'max_depth': 10, 'learning_rate': 0.02506442640393932, 'n_estimators': 248, 'gamma': 0.2795092851053086, 'min_child_weight': 5, 'subsample': 0.7500523429038835, 'colsample_bytree': 0.9042632834412799}. Best is trial 0 with value: 0.8181778930554019.
[I 2025-04-08 20:49:45,902] Trial 1 finished with value: 0.8184713062395771 and parameters: {'max_depth': 14, 'learning_rate': 0.024393985761096235, 'n_estimators': 292, 'gamma': 0.5862742349005683, 'min_child_weight': 7, 'subsample': 0.7821640978531235, 'colsample_bytree': 0.7583060827515238}. Best is trial 1 with value: 0.8184713062395771.
[I 2025-04-08 20:49:51,924] Trial 2 finished with value: 0.8141534914534645 and parameters: {'max_depth': 27, 'learning_rate': 0.021953156416261946, 'n_estimators': 265, 'gamma': 0.23456368044030632, 'min_child_weight': 3, 'subsample': 0.6832671375622357, 'colsample_bytree': 0.8741553129729738}. Best is trial 1 with value: 0.8184713062395771.
[I 2025-04-08 20:49:54,831] Trial 3 finished with value: 0.6377394866279713 and parameters: {'max_depth': 18, 'learning_rate': 0.001174837962855634, 'n_estimators': 145, 'gamma': 0.5477934225712268, 'min_child_weight': 5, 'subsample': 0.9642142278347172, 'colsample_bytree': 0.8512478953775707}. Best is trial 1 with value: 0.8184713062395771.
[I 2025-04-08 20:49:57,004] Trial 4 finished with value: 0.6377394866279713 and parameters: {'max_depth': 19, 'learning_rate': 1.3569469863107852e-05, 'n_estimators': 164, 'gamma': 0.2626979032352347, 'min_child_weight': 7, 'subsample': 0.6449422196591632, 'colsample_bytree': 0.5405693126663589}. Best is trial 1 with value: 0.8184713062395771.
[I 2025-04-08 20:49:59,482] Trial 5 finished with value: 0.6377394866279713 and parameters: {'max_depth': 28, 'learning_rate': 3.763629914902642e-05, 'n_estimators': 132, 'gamma': 0.5176636924973602, 'min_child_weight': 7, 'subsample': 0.9290243653080225, 'colsample_bytree': 0.9101707734904585}. Best is trial 1 with value: 0.8184713062395771.
[I 2025-04-08 20:50:02,136] Trial 6 finished with value: 0.6880890625082372 and parameters: {'max_depth': 23, 'learning_rate': 0.0035495216827415446, 'n_estimators': 176, 'gamma': 0.0440392270352157, 'min_child_weight': 5, 'subsample': 0.6008375391100407, 'colsample_bytree': 0.549272980658351}. Best is trial 1 with value: 0.8184713062395771.
[I 2025-04-08 20:50:03,377] Trial 7 finished with value: 0.8097931153250706 and parameters: {'max_depth': 4, 'learning_rate': 0.6218084295787455, 'n_estimators': 175, 'gamma': 0.49424271130398456, 'min_child_weight': 2, 'subsample': 0.7996983652169085, 'colsample_bytree': 0.9671765109416892}. Best is trial 1 with value: 0.8184713062395771.
[I 2025-04-08 20:50:04,158] Trial 8 finished with value: 0.8171718497665452 and parameters: {'max_depth': 12, 'learning_rate': 0.10602186070324596, 'n_estimators': 55, 'gamma': 0.4645109290280418, 'min_child_weight': 5, 'subsample': 0.8574835937797926, 'colsample_bytree': 0.9242666689109973}. Best is trial 1 with value: 0.8184713062395771.
[I 2025-04-08 20:50:09,115] Trial 9 finished with value: 0.6377394866279713 and parameters: {'max_depth': 28, 'learning_rate': 0.00028528907327051095, 'n_estimators': 295, 'gamma': 0.5873576640554545, 'min_child_weight': 5, 'subsample': 0.8251071679082236, 'colsample_bytree': 0.6455998736200648}. Best is trial 1 with value: 0.8184713062395771.
[I 2025-04-08 20:50:11,681] Trial 10 finished with value: 0.768289111360645 and parameters: {'max_depth': 11, 'learning_rate': 0.9566457505274193, 'n_estimators': 227, 'gamma': 0.3859404346640902, 'min_child_weight': 1, 'subsample': 0.5640584740113066, 'colsample_bytree': 0.7531361246794117}. Best is trial 1 with value: 0.8184713062395771.
[I 2025-04-08 20:50:14,296] Trial 11 finished with value: 0.8172555314808078 and parameters: {'max_depth': 10, 'learning_rate': 0.02004277501762221, 'n_estimators': 236, 'gamma': 0.15654354299894882, 'min_child_weight': 7, 'subsample': 0.7109947564683331, 'colsample_bytree': 0.7834383759729474}. Best is trial 1 with value: 0.8184713062395771.
[I 2025-04-08 20:50:16,236] Trial 12 finished with value: 0.816584707087641 and parameters: {'max_depth': 6, 'learning_rate': 0.030896774489970903, 'n_estimators': 295, 'gamma': 0.36433389823356566, 'min_child_weight': 6, 'subsample': 0.7467712339455762, 'colsample_bytree': 0.6635766988397211}. Best is trial 1 with value: 0.8184713062395771.
[I 2025-04-08 20:50:20,089] Trial 13 finished with value: 0.8061879657892563 and parameters: {'max_depth': 14, 'learning_rate': 0.0038324379278797988, 'n_estimators': 242, 'gamma': 0.12199797768173984, 'min_child_weight': 4, 'subsample': 0.8947560456266266, 'colsample_bytree': 0.8114001611483016}. Best is trial 1 with value: 0.8184713062395771.
[I 2025-04-08 20:50:21,456] Trial 14 finished with value: 0.8141533157253791 and parameters: {'max_depth': 7, 'learning_rate': 0.20972828970560145, 'n_estimators': 207, 'gamma': 0.3539884509559803, 'min_child_weight': 6, 'subsample': 0.7967914370231639, 'colsample_bytree': 0.7002964917676501}. Best is trial 1 with value: 0.8184713062395771.
[I 2025-04-08 20:50:25,601] Trial 15 finished with value: 0.807613559881981 and parameters: {'max_depth': 16, 'learning_rate': 0.07986578084432966, 'n_estimators': 267, 'gamma': 0.43642648874686396, 'min_child_weight': 3, 'subsample': 0.5234907617915685, 'colsample_bytree': 0.9956927148488917}. Best is trial 1 with value: 0.8184713062395771.
[I 2025-04-08 20:50:29,829] Trial 16 finished with value: 0.6377394866279713 and parameters: {'max_depth': 21, 'learning_rate': 0.0007242321311717031, 'n_estimators': 268, 'gamma': 0.28978062500648205, 'min_child_weight': 6, 'subsample': 0.754912335538875, 'colsample_bytree': 0.7076106139115687}. Best is trial 1 with value: 0.8184713062395771.
[I 2025-04-08 20:50:30,880] Trial 17 finished with value: 0.8030857148882106 and parameters: {'max_depth': 9, 'learning_rate': 0.00866877081314486, 'n_estimators': 97, 'gamma': 0.17664851573850138, 'min_child_weight': 4, 'subsample': 0.6655104609149675, 'colsample_bytree': 0.8169485480699379}. Best is trial 1 with value: 0.8184713062395771.
[I 2025-04-08 20:50:31,729] Trial 18 finished with value: 0.6377394866279713 and parameters: {'max_depth': 3, 'learning_rate': 0.00015579283616842476, 'n_estimators': 197, 'gamma': 0.08141421378193081, 'min_child_weight': 6, 'subsample': 0.7404033707956768, 'colsample_bytree': 0.6095696021263413}. Best is trial 1 with value: 0.8184713062395771.
[I 2025-04-08 20:50:32,803] Trial 19 finished with value: 0.8148660512669116 and parameters: {'max_depth': 14, 'learning_rate': 0.21277950252257016, 'n_estimators': 300, 'gamma': 0.2243509848213477, 'min_child_weight': 3, 'subsample': 0.9960084945920402, 'colsample_bytree': 0.9214928585531424}. Best is trial 1 with value: 0.8184713062395771.
[I 2025-04-08 20:50:37,812] Trial 20 finished with value: 0.8170458878749379 and parameters: {'max_depth': 23, 'learning_rate': 0.009240568402656725, 'n_estimators': 259, 'gamma': 0.31351798312809487, 'min_child_weight': 7, 'subsample': 0.863762226776741, 'colsample_bytree': 0.85934002633778}. Best is trial 1 with value: 0.8184713062395771.
[I 2025-04-08 20:50:39,932] Trial 21 finished with value: 0.8177586761348958 and parameters: {'max_depth': 10, 'learning_rate': 0.020515831602018454, 'n_estimators': 228, 'gamma': 0.14939243540739094, 'min_child_weight': 7, 'subsample': 0.6934244745570458, 'colsample_bytree': 0.7710254622308624}. Best is trial 1 with value: 0.8184713062395771.
[I 2025-04-08 20:50:41,641] Trial 22 finished with value: 0.8181778930554019 and parameters: {'max_depth': 8, 'learning_rate': 0.04923988636617476, 'n_estimators': 225, 'gamma': 0.008119861192772526, 'min_child_weight': 6, 'subsample': 0.6367186232712234, 'colsample_bytree': 0.7413804499004499}. Best is trial 1 with value: 0.8184713062395771.
[I 2025-04-08 20:50:43,112] Trial 23 finished with value: 0.818261662633707 and parameters: {'max_depth': 7, 'learning_rate': 0.061535438822251265, 'n_estimators': 203, 'gamma': 0.008440101801158785, 'min_child_weight': 6, 'subsample': 0.617489432824516, 'colsample_bytree': 0.7146538924170025}. Best is trial 1 with value: 0.8184713062395771.
[I 2025-04-08 20:50:45,736] Trial 24 finished with value: 0.808954330027888 and parameters: {'max_depth': 13, 'learning_rate': 0.24137338793200103, 'n_estimators': 198, 'gamma': 0.429738086573378, 'min_child_weight': 5, 'subsample': 0.5912680651998685, 'colsample_bytree': 0.5948738595714468}. Best is trial 1 with value: 0.8184713062395771.
[I 2025-04-08 20:50:47,130] Trial 25 finished with value: 0.7703845281964499 and parameters: {'max_depth': 5, 'learning_rate': 0.008507572961560043, 'n_estimators': 256, 'gamma': 0.08676761836050745, 'min_child_weight': 6, 'subsample': 0.7749781047252895, 'colsample_bytree': 0.5008328571201952}. Best is trial 1 with value: 0.8184713062395771.
[I 2025-04-08 20:50:51,474] Trial 26 finished with value: 0.7147105670569588 and parameters: {'max_depth': 17, 'learning_rate': 0.0017316534266862804, 'n_estimators': 280, 'gamma': 0.5903280519402111, 'min_child_weight': 4, 'subsample': 0.8435002547973354, 'colsample_bytree': 0.7003174803577329}. Best is trial 1 with value: 0.8184713062395771.
[I 2025-04-08 20:50:52,900] Trial 27 finished with value: 0.8169622237334838 and parameters: {'max_depth': 7, 'learning_rate': 0.08458882014328066, 'n_estimators': 212, 'gamma': 0.2110014241631598, 'min_child_weight': 6, 'subsample': 0.7271876668913257, 'colsample_bytree': 0.8200476554236608}. Best is trial 1 with value: 0.8184713062395771.
[I 2025-04-08 20:50:56,324] Trial 28 finished with value: 0.795329692247404 and parameters: {'max_depth': 15, 'learning_rate': 0.42365230610761895, 'n_estimators': 245, 'gamma': 0.004041124689411368, 'min_child_weight': 7, 'subsample': 0.5330016164901066, 'colsample_bytree': 0.6520431666427207}. Best is trial 1 with value: 0.8184713062395771.
[I 2025-04-08 20:50:58,730] Trial 29 finished with value: 0.8178006048560699 and parameters: {'max_depth': 9, 'learning_rate': 0.02939596425676997, 'n_estimators': 282, 'gamma': 0.3060537922294092, 'min_child_weight': 5, 'subsample': 0.6732961340024948, 'colsample_bytree': 0.731377618651287}. Best is trial 1 with value: 0.8184713062395771.
[I 2025-04-08 20:51:02,015] Trial 30 finished with value: 0.8174654211059975 and parameters: {'max_depth': 12, 'learning_rate': 0.012563558349546266, 'n_estimators': 277, 'gamma': 0.3948364387080683, 'min_child_weight': 4, 'subsample': 0.6187797026386294, 'colsample_bytree': 0.8950498434458396}. Best is trial 1 with value: 0.8184713062395771.
[I 2025-04-08 20:51:03,720] Trial 31 finished with value: 0.818597250558376 and parameters: {'max_depth': 8, 'learning_rate': 0.050636285736213545, 'n_estimators': 216, 'gamma': 0.03658805048653332, 'min_child_weight': 6, 'subsample': 0.6550170488298205, 'colsample_bytree': 0.73060461820536}. Best is trial 31 with value: 0.818597250558376.
[I 2025-04-08 20:51:04,786] Trial 32 finished with value: 0.8144466761911289 and parameters: {'max_depth': 5, 'learning_rate': 0.05286972641441318, 'n_estimators': 191, 'gamma': 0.054537159794914, 'min_child_weight': 6, 'subsample': 0.5661965519234592, 'colsample_bytree': 0.6766481128230799}. Best is trial 31 with value: 0.818597250558376.
[I 2025-04-08 20:51:06,571] Trial 33 finished with value: 0.8181359291886107 and parameters: {'max_depth': 8, 'learning_rate': 0.09520032430454918, 'n_estimators': 154, 'gamma': 0.04024446569456003, 'min_child_weight': 5, 'subsample': 0.6850396343559971, 'colsample_bytree': 0.7938241535449454}. Best is trial 31 with value: 0.818597250558376.
[I 2025-04-08 20:51:10,988] Trial 34 finished with value: 0.8153269860348891 and parameters: {'max_depth': 31, 'learning_rate': 0.04176328413944456, 'n_estimators': 220, 'gamma': 0.10863855589074767, 'min_child_weight': 7, 'subsample': 0.6409451937402358, 'colsample_bytree': 0.844324285874937}. Best is trial 31 with value: 0.818597250558376.
[I 2025-04-08 20:51:13,051] Trial 35 finished with value: 0.7607427674713256 and parameters: {'max_depth': 19, 'learning_rate': 0.005473746404575751, 'n_estimators': 133, 'gamma': 0.2390003492200218, 'min_child_weight': 7, 'subsample': 0.712109898814041, 'colsample_bytree': 0.717516792078217}. Best is trial 31 with value: 0.818597250558376.
[I 2025-04-08 20:51:13,993] Trial 36 finished with value: 0.7121531786574726 and parameters: {'max_depth': 3, 'learning_rate': 0.0019207677350552264, 'n_estimators': 250, 'gamma': 0.5350630132683086, 'min_child_weight': 5, 'subsample': 0.7794420621867325, 'colsample_bytree': 0.6158509805069503}. Best is trial 31 with value: 0.818597250558376.
[I 2025-04-08 20:51:16,402] Trial 37 finished with value: 0.8164589560697358 and parameters: {'max_depth': 11, 'learning_rate': 0.01662507756770141, 'n_estimators': 183, 'gamma': 0.19921638722780066, 'min_child_weight': 6, 'subsample': 0.8223203964150134, 'colsample_bytree': 0.7597399031135346}. Best is trial 31 with value: 0.818597250558376.
[I 2025-04-08 20:51:17,455] Trial 38 finished with value: 0.8163332753430652 and parameters: {'max_depth': 6, 'learning_rate': 0.17345595629339433, 'n_estimators': 161, 'gamma': 0.26352378006143645, 'min_child_weight': 7, 'subsample': 0.6570583572837059, 'colsample_bytree': 0.9691464870988936}. Best is trial 31 with value: 0.818597250558376.
[I 2025-04-08 20:51:19,817] Trial 39 finished with value: 0.7973420248444366 and parameters: {'max_depth': 13, 'learning_rate': 0.36853797503309876, 'n_estimators': 208, 'gamma': 0.49594720295313893, 'min_child_weight': 5, 'subsample': 0.6062149004261369, 'colsample_bytree': 0.6774781975186265}. Best is trial 31 with value: 0.818597250558376.
[I 2025-04-08 20:51:24,277] Trial 40 finished with value: 0.8125600770391925 and parameters: {'max_depth': 19, 'learning_rate': 0.005010409569714276, 'n_estimators': 237, 'gamma': 0.03862969774674996, 'min_child_weight': 5, 'subsample': 0.9135462529837204, 'colsample_bytree': 0.8948858754828746}. Best is trial 31 with value: 0.818597250558376.
[I 2025-04-08 20:51:26,053] Trial 41 finished with value: 0.8182198042037673 and parameters: {'max_depth': 8, 'learning_rate': 0.06103849498524821, 'n_estimators': 230, 'gamma': 0.0003630976464716294, 'min_child_weight': 6, 'subsample': 0.6378216732816279, 'colsample_bytree': 0.7344521930633218}. Best is trial 31 with value: 0.818597250558376.
