[I 2025-04-08 01:57:40,113] Trial 230 finished with value: 0.6870414068087605 and parameters: {'lambda_l1': 0.14093007404219565, 'lambda_l2': 0.00023351731595678865, 'num_leaves': 40, 'feature_fraction': 0.8767939599490822, 'bagging_fraction': 0.9649615288475804, 'bagging_freq': 6, 'min_child_samples': 41}. Best is trial 193 with value: 0.6903953881921271.
[I 2025-04-08 01:57:41,595] Trial 231 finished with value: 0.6880894315372166 and parameters: {'lambda_l1': 0.3495456888446783, 'lambda_l2': 0.00043467205251353035, 'num_leaves': 44, 'feature_fraction': 0.9288282838802039, 'bagging_fraction': 0.9517680768331171, 'bagging_freq': 5, 'min_child_samples': 38}. Best is trial 193 with value: 0.6903953881921271.
[I 2025-04-08 01:57:43,058] Trial 232 finished with value: 0.687502939052228 and parameters: {'lambda_l1': 0.4554115341794746, 'lambda_l2': 0.0005096255307350154, 'num_leaves': 42, 'feature_fraction': 0.9318081198159669, 'bagging_fraction': 0.9457514018579506, 'bagging_freq': 5, 'min_child_samples': 39}. Best is trial 193 with value: 0.6903953881921271.
[I 2025-04-08 01:57:44,634] Trial 233 finished with value: 0.688299286016789 and parameters: {'lambda_l1': 0.6432082597080011, 'lambda_l2': 0.0013510432580115916, 'num_leaves': 48, 'feature_fraction': 0.9508146754387852, 'bagging_fraction': 0.9703079462149616, 'bagging_freq': 5, 'min_child_samples': 44}. Best is trial 193 with value: 0.6903953881921271.
[I 2025-04-08 01:57:51,007] Trial 234 finished with value: 0.6872931724366984 and parameters: {'lambda_l1': 0.09457908975415462, 'lambda_l2': 0.0001384820079031242, 'num_leaves': 45, 'feature_fraction': 0.918326000208312, 'bagging_fraction': 0.935896042937071, 'bagging_freq': 6, 'min_child_samples': 40}. Best is trial 193 with value: 0.6903953881921271.
[I 2025-04-08 01:57:52,860] Trial 235 finished with value: 0.6877123717843958 and parameters: {'lambda_l1': 1.122028432920676, 'lambda_l2': 0.0005961494525868157, 'num_leaves': 42, 'feature_fraction': 0.9411505388819423, 'bagging_fraction': 0.9565562887870911, 'bagging_freq': 6, 'min_child_samples': 37}. Best is trial 193 with value: 0.6903953881921271.
[I 2025-04-08 01:57:54,322] Trial 236 finished with value: 0.6885926640553472 and parameters: {'lambda_l1': 1.2907773635970138e-05, 'lambda_l2': 0.0003135811209791167, 'num_leaves': 38, 'feature_fraction': 0.9085554473907429, 'bagging_fraction': 0.9798372949808226, 'bagging_freq': 5, 'min_child_samples': 45}. Best is trial 193 with value: 0.6903953881921271.
[I 2025-04-08 01:57:56,563] Trial 237 finished with value: 0.6858675080527395 and parameters: {'lambda_l1': 0.21245458396055675, 'lambda_l2': 8.498760505703727e-05, 'num_leaves': 54, 'feature_fraction': 0.9731958590186682, 'bagging_fraction': 0.9221198930753373, 'bagging_freq': 5, 'min_child_samples': 43}. Best is trial 193 with value: 0.6903953881921271.
[I 2025-04-08 01:57:57,448] Trial 238 finished with value: 0.6862449719801569 and parameters: {'lambda_l1': 0.574721512197089, 'lambda_l2': 0.00020535142635113408, 'num_leaves': 15, 'feature_fraction': 0.9248567006637815, 'bagging_fraction': 0.9649850623707831, 'bagging_freq': 4, 'min_child_samples': 35}. Best is trial 193 with value: 0.6903953881921271.
[I 2025-04-08 01:57:59,248] Trial 239 finished with value: 0.6869577250944978 and parameters: {'lambda_l1': 0.28231783716269304, 'lambda_l2': 0.0006440892923072057, 'num_leaves': 46, 'feature_fraction': 0.9545268318613231, 'bagging_fraction': 0.9444610631162064, 'bagging_freq': 6, 'min_child_samples': 49}. Best is trial 193 with value: 0.6903953881921271.
[I 2025-04-08 01:58:01,128] Trial 240 finished with value: 0.6890959141462865 and parameters: {'lambda_l1': 0.0005047664900880236, 'lambda_l2': 0.06178597031518652, 'num_leaves': 50, 'feature_fraction': 0.8911718159625249, 'bagging_fraction': 0.9815396782057989, 'bagging_freq': 5, 'min_child_samples': 40}. Best is trial 193 with value: 0.6903953881921271.
[I 2025-04-08 01:58:02,909] Trial 241 finished with value: 0.6889698468178279 and parameters: {'lambda_l1': 0.05348077974471978, 'lambda_l2': 0.043502660375993776, 'num_leaves': 50, 'feature_fraction': 0.8886857357713587, 'bagging_fraction': 0.9882600125734791, 'bagging_freq': 5, 'min_child_samples': 40}. Best is trial 193 with value: 0.6903953881921271.
[I 2025-04-08 01:58:04,775] Trial 242 finished with value: 0.6873348375657443 and parameters: {'lambda_l1': 9.974866486272795e-05, 'lambda_l2': 0.06848930970083425, 'num_leaves': 51, 'feature_fraction': 0.8904745038596811, 'bagging_fraction': 0.9892176788805912, 'bagging_freq': 5, 'min_child_samples': 41}. Best is trial 193 with value: 0.6903953881921271.
[I 2025-04-08 01:58:07,040] Trial 243 finished with value: 0.6873772407527488 and parameters: {'lambda_l1': 4.6723792875787934e-07, 'lambda_l2': 0.0412649841214734, 'num_leaves': 49, 'feature_fraction': 0.8852540888559007, 'bagging_fraction': 0.9778741085768115, 'bagging_freq': 5, 'min_child_samples': 40}. Best is trial 193 with value: 0.6903953881921271.
[I 2025-04-08 01:58:08,936] Trial 244 finished with value: 0.6871253521151511 and parameters: {'lambda_l1': 9.135476758960747e-08, 'lambda_l2': 0.03242904912088293, 'num_leaves': 53, 'feature_fraction': 0.8745664728357267, 'bagging_fraction': 0.9866904586060654, 'bagging_freq': 6, 'min_child_samples': 46}. Best is trial 193 with value: 0.6903953881921271.
[I 2025-04-08 01:58:10,828] Trial 245 finished with value: 0.6853224346774776 and parameters: {'lambda_l1': 0.11086515803769677, 'lambda_l2': 0.05841172743541196, 'num_leaves': 55, 'feature_fraction': 0.8988371044274938, 'bagging_fraction': 0.9729432470885412, 'bagging_freq': 5, 'min_child_samples': 126}. Best is trial 193 with value: 0.6903953881921271.
[I 2025-04-08 01:58:12,648] Trial 246 finished with value: 0.6872933481647838 and parameters: {'lambda_l1': 0.00029058263375822077, 'lambda_l2': 0.06675693447948453, 'num_leaves': 50, 'feature_fraction': 0.9077188031023226, 'bagging_fraction': 0.9887069743290628, 'bagging_freq': 4, 'min_child_samples': 43}. Best is trial 193 with value: 0.6903953881921271.
[I 2025-04-08 01:58:14,281] Trial 247 finished with value: 0.6594977867047646 and parameters: {'lambda_l1': 0.0005686505119436128, 'lambda_l2': 0.08245242734016742, 'num_leaves': 47, 'feature_fraction': 0.41081057135028926, 'bagging_fraction': 0.9662887780705327, 'bagging_freq': 5, 'min_child_samples': 36}. Best is trial 193 with value: 0.6903953881921271.
[I 2025-04-08 01:58:16,078] Trial 248 finished with value: 0.6878798757953892 and parameters: {'lambda_l1': 0.15523152500991802, 'lambda_l2': 23.983794199195238, 'num_leaves': 51, 'feature_fraction': 0.8932875140695857, 'bagging_fraction': 0.9796928413541803, 'bagging_freq': 6, 'min_child_samples': 39}. Best is trial 193 with value: 0.6903953881921271.
[I 2025-04-08 01:58:18,465] Trial 249 finished with value: 0.68616121997466 and parameters: {'lambda_l1': 0.05605116153945138, 'lambda_l2': 0.2004648102820237, 'num_leaves': 57, 'feature_fraction': 0.880662491964708, 'bagging_fraction': 0.9595168091768025, 'bagging_freq': 5, 'min_child_samples': 42}. Best is trial 193 with value: 0.6903953881921271.
[I 2025-04-08 01:58:20,002] Trial 250 finished with value: 0.6790760568726375 and parameters: {'lambda_l1': 0.06741273386917689, 'lambda_l2': 0.00016781934629366116, 'num_leaves': 47, 'feature_fraction': 0.7020952342295848, 'bagging_fraction': 0.9935099024493255, 'bagging_freq': 6, 'min_child_samples': 45}. Best is trial 193 with value: 0.6903953881921271.
[I 2025-04-08 01:58:21,153] Trial 251 finished with value: 0.6871254575520023 and parameters: {'lambda_l1': 0.04216852897078228, 'lambda_l2': 6.344289141270639e-05, 'num_leaves': 32, 'feature_fraction': 0.914440446037041, 'bagging_fraction': 0.9711787666911524, 'bagging_freq': 5, 'min_child_samples': 37}. Best is trial 193 with value: 0.6903953881921271.
[I 2025-04-08 01:58:23,014] Trial 252 finished with value: 0.6865385081739919 and parameters: {'lambda_l1': 0.11366006578918521, 'lambda_l2': 0.00011331153162629873, 'num_leaves': 54, 'feature_fraction': 0.8998186050709659, 'bagging_fraction': 0.9578667660743472, 'bagging_freq': 4, 'min_child_samples': 41}. Best is trial 193 with value: 0.6903953881921271.
[I 2025-04-08 01:58:24,664] Trial 253 finished with value: 0.6861193791175287 and parameters: {'lambda_l1': 0.21131708506377672, 'lambda_l2': 0.03834440763928231, 'num_leaves': 44, 'feature_fraction': 0.9177046165217274, 'bagging_fraction': 0.978607353144999, 'bagging_freq': 6, 'min_child_samples': 34}. Best is trial 193 with value: 0.6903953881921271.
[I 2025-04-08 01:58:26,253] Trial 254 finished with value: 0.6876284089051965 and parameters: {'lambda_l1': 0.3349491874296743, 'lambda_l2': 0.11923560208492806, 'num_leaves': 40, 'feature_fraction': 0.9365017911479762, 'bagging_fraction': 0.9676649986198516, 'bagging_freq': 5, 'min_child_samples': 47}. Best is trial 193 with value: 0.6903953881921271.
[I 2025-04-08 01:58:28,256] Trial 255 finished with value: 0.6864127044376613 and parameters: {'lambda_l1': 0.0886801233674116, 'lambda_l2': 0.0002858054981395784, 'num_leaves': 49, 'feature_fraction': 0.8713755573895136, 'bagging_fraction': 0.9920605503555328, 'bagging_freq': 5, 'min_child_samples': 62}. Best is trial 193 with value: 0.6903953881921271.
[I 2025-04-08 01:58:29,774] Trial 256 finished with value: 0.6873769595878122 and parameters: {'lambda_l1': 0.14401740294711562, 'lambda_l2': 0.0010245158710862176, 'num_leaves': 46, 'feature_fraction': 0.8897672873357718, 'bagging_fraction': 0.9455984925811084, 'bagging_freq': 10, 'min_child_samples': 43}. Best is trial 193 with value: 0.6903953881921271.
[I 2025-04-08 01:58:31,009] Trial 257 finished with value: 0.6880058376869966 and parameters: {'lambda_l1': 0.003185475420580681, 'lambda_l2': 0.01469574775990992, 'num_leaves': 35, 'feature_fraction': 0.9025785648446927, 'bagging_fraction': 0.9822526580082298, 'bagging_freq': 6, 'min_child_samples': 39}. Best is trial 193 with value: 0.6903953881921271.
[I 2025-04-08 01:58:32,923] Trial 258 finished with value: 0.6868740258074266 and parameters: {'lambda_l1': 0.22077403680157043, 'lambda_l2': 0.00026788498041150775, 'num_leaves': 51, 'feature_fraction': 0.9814367458819101, 'bagging_fraction': 0.9532702425078671, 'bagging_freq': 4, 'min_child_samples': 50}. Best is trial 193 with value: 0.6903953881921271.
[I 2025-04-08 01:58:35,028] Trial 259 finished with value: 0.6891376495665666 and parameters: {'lambda_l1': 0.940821752739075, 'lambda_l2': 0.00012026982093654701, 'num_leaves': 56, 'feature_fraction': 0.9209041171032193, 'bagging_fraction': 0.9673496156916478, 'bagging_freq': 5, 'min_child_samples': 36}. Best is trial 193 with value: 0.6903953881921271.
[I 2025-04-08 01:58:37,174] Trial 260 finished with value: 0.6877963873820205 and parameters: {'lambda_l1': 0.9202648603506204, 'lambda_l2': 2.5627431624085106e-05, 'num_leaves': 56, 'feature_fraction': 0.9124284126270591, 'bagging_fraction': 0.9702662221497106, 'bagging_freq': 6, 'min_child_samples': 34}. Best is trial 193 with value: 0.6903953881921271.
[I 2025-04-08 01:58:39,558] Trial 261 finished with value: 0.6845675946866856 and parameters: {'lambda_l1': 1.0587771529788164, 'lambda_l2': 5.396035897160192e-05, 'num_leaves': 59, 'feature_fraction': 0.8847060561019956, 'bagging_fraction': 0.8004498620055366, 'bagging_freq': 5, 'min_child_samples': 53}. Best is trial 193 with value: 0.6903953881921271.
[I 2025-04-08 01:58:41,228] Trial 262 finished with value: 0.6883409511458349 and parameters: {'lambda_l1': 0.4586436370958552, 'lambda_l2': 9.925069614085622e-05, 'num_leaves': 53, 'feature_fraction': 0.9444276426136055, 'bagging_fraction': 0.9798359260961924, 'bagging_freq': 6, 'min_child_samples': 37}. Best is trial 193 with value: 0.6903953881921271.
[I 2025-04-08 01:58:43,081] Trial 263 finished with value: 0.6865801557302292 and parameters: {'lambda_l1': 3.30973886432015, 'lambda_l2': 0.0001575263066003625, 'num_leaves': 57, 'feature_fraction': 0.9623015718543522, 'bagging_fraction': 0.9994578895658041, 'bagging_freq': 5, 'min_child_samples': 32}. Best is trial 193 with value: 0.6903953881921271.
[I 2025-04-08 01:58:44,792] Trial 264 finished with value: 0.6886343994756274 and parameters: {'lambda_l1': 1.262301734253072, 'lambda_l2': 0.00012784433984589581, 'num_leaves': 53, 'feature_fraction': 0.9206456668061186, 'bagging_fraction': 0.9630078312215261, 'bagging_freq': 4, 'min_child_samples': 45}. Best is trial 193 with value: 0.6903953881921271.
[I 2025-04-08 01:58:46,418] Trial 265 finished with value: 0.6866224007619569 and parameters: {'lambda_l1': 0.4577924899476709, 'lambda_l2': 0.3257240876959536, 'num_leaves': 49, 'feature_fraction': 0.8979376046173937, 'bagging_fraction': 0.9747934074631457, 'bagging_freq': 5, 'min_child_samples': 36}. Best is trial 193 with value: 0.6903953881921271.
[I 2025-04-08 01:58:47,819] Trial 266 finished with value: 0.6877124596484383 and parameters: {'lambda_l1': 0.0019855448051633224, 'lambda_l2': 0.02586262388396504, 'num_leaves': 44, 'feature_fraction': 0.9361519848933179, 'bagging_fraction': 0.9886437726099206, 'bagging_freq': 6, 'min_child_samples': 42}. Best is trial 193 with value: 0.6903953881921271.
[I 2025-04-08 01:58:50,032] Trial 267 finished with value: 0.6879215760700522 and parameters: {'lambda_l1': 0.7157157243029578, 'lambda_l2': 0.00033966724784923244, 'num_leaves': 56, 'feature_fraction': 0.8731527139947043, 'bagging_fraction': 0.9595038105367337, 'bagging_freq': 7, 'min_child_samples': 47}. Best is trial 193 with value: 0.6903953881921271.
[I 2025-04-08 01:58:51,596] Trial 268 finished with value: 0.6881315887049017 and parameters: {'lambda_l1': 0.3022328184163889, 'lambda_l2': 0.00019180067988513062, 'num_leaves': 47, 'feature_fraction': 0.9060134423293729, 'bagging_fraction': 0.9348382390100612, 'bagging_freq': 5, 'min_child_samples': 39}. Best is trial 193 with value: 0.6903953881921271.
[I 2025-04-08 01:58:52,691] Trial 269 finished with value: 0.6797885463948504 and parameters: {'lambda_l1': 0.006883914027067517, 'lambda_l2': 0.009165629473754554, 'num_leaves': 29, 'feature_fraction': 0.652350693161452, 'bagging_fraction': 0.9677857670338756, 'bagging_freq': 6, 'min_child_samples': 43}. Best is trial 193 with value: 0.6903953881921271.
[I 2025-04-08 01:58:54,518] Trial 270 finished with value: 0.688886024521097 and parameters: {'lambda_l1': 0.057119787071609904, 'lambda_l2': 5.72989245566297e-05, 'num_leaves': 51, 'feature_fraction': 0.9517188739978951, 'bagging_fraction': 0.9827166923199321, 'bagging_freq': 5, 'min_child_samples': 34}. Best is trial 193 with value: 0.6903953881921271.
[I 2025-04-08 01:58:56,219] Trial 271 finished with value: 0.6858256144771826 and parameters: {'lambda_l1': 0.018923850427293235, 'lambda_l2': 3.637786058722455e-05, 'num_leaves': 52, 'feature_fraction': 0.9919299332065538, 'bagging_fraction': 0.9997788790870883, 'bagging_freq': 5, 'min_child_samples': 33}. Best is trial 193 with value: 0.6903953881921271.
[I 2025-04-08 01:58:57,934] Trial 272 finished with value: 0.6879635750824604 and parameters: {'lambda_l1': 0.037975343849410065, 'lambda_l2': 5.312273724702099e-05, 'num_leaves': 55, 'feature_fraction': 0.9542060127580839, 'bagging_fraction': 0.9836335952703787, 'bagging_freq': 4, 'min_child_samples': 28}. Best is trial 193 with value: 0.6903953881921271.
[I 2025-04-08 01:59:00,073] Trial 273 finished with value: 0.6878377537733213 and parameters: {'lambda_l1': 0.06525771427401256, 'lambda_l2': 8.040936601504144e-05, 'num_leaves': 50, 'feature_fraction': 0.9525021431691285, 'bagging_fraction': 0.9554770563918166, 'bagging_freq': 5, 'min_child_samples': 35}. Best is trial 193 with value: 0.6903953881921271.
[I 2025-04-08 01:59:01,724] Trial 274 finished with value: 0.6887606425321715 and parameters: {'lambda_l1': 0.04923065194507972, 'lambda_l2': 0.04635639673002878, 'num_leaves': 42, 'feature_fraction': 0.9679038550844367, 'bagging_fraction': 0.9816274449918194, 'bagging_freq': 6, 'min_child_samples': 30}. Best is trial 193 with value: 0.6903953881921271.
[I 2025-04-08 01:59:03,115] Trial 275 finished with value: 0.6877123366387786 and parameters: {'lambda_l1': 0.01396501241238143, 'lambda_l2': 0.09871886387339916, 'num_leaves': 42, 'feature_fraction': 0.9633491406674372, 'bagging_fraction': 0.987936416250275, 'bagging_freq': 7, 'min_child_samples': 33}. Best is trial 193 with value: 0.6903953881921271.
[I 2025-04-08 01:59:04,484] Trial 276 finished with value: 0.6873769068693866 and parameters: {'lambda_l1': 0.039147091290284854, 'lambda_l2': 0.036951164212114175, 'num_leaves': 42, 'feature_fraction': 0.98464944104868, 'bagging_fraction': 0.9791463599210963, 'bagging_freq': 6, 'min_child_samples': 30}. Best is trial 193 with value: 0.6903953881921271.
[I 2025-04-08 01:59:05,957] Trial 277 finished with value: 0.6871671578266654 and parameters: {'lambda_l1': 0.05943750192737489, 'lambda_l2': 0.05871219831494053, 'num_leaves': 45, 'feature_fraction': 0.9701128602540764, 'bagging_fraction': 0.9901218797960657, 'bagging_freq': 6, 'min_child_samples': 37}. Best is trial 193 with value: 0.6903953881921271.
[I 2025-04-08 01:59:07,499] Trial 278 finished with value: 0.6889280938247393 and parameters: {'lambda_l1': 0.09421288441688168, 'lambda_l2': 1.958763432710865e-05, 'num_leaves': 40, 'feature_fraction': 0.9741711587874112, 'bagging_fraction': 0.9766998666682052, 'bagging_freq': 10, 'min_child_samples': 35}. Best is trial 193 with value: 0.6903953881921271.
[I 2025-04-08 01:59:08,775] Trial 279 finished with value: 0.68704165282808 and parameters: {'lambda_l1': 0.12530521411232898, 'lambda_l2': 3.0195195176967065e-05, 'num_leaves': 36, 'feature_fraction': 0.9990297229389767, 'bagging_fraction': 0.943242132478991, 'bagging_freq': 10, 'min_child_samples': 36}. Best is trial 193 with value: 0.6903953881921271.
[I 2025-04-08 01:59:10,574] Trial 280 finished with value: 0.686370670279636 and parameters: {'lambda_l1': 3.191892852962427e-05, 'lambda_l2': 6.493315423974547e-05, 'num_leaves': 38, 'feature_fraction': 0.9757657414377788, 'bagging_fraction': 0.9574842867343872, 'bagging_freq': 10, 'min_child_samples': 38}. Best is trial 193 with value: 0.6903953881921271.
[I 2025-04-08 01:59:12,426] Trial 281 finished with value: 0.6869157612277068 and parameters: {'lambda_l1': 0.08945803079109954, 'lambda_l2': 0.0001077195949938236, 'num_leaves': 58, 'feature_fraction': 0.9449847471280123, 'bagging_fraction': 0.841361008877291, 'bagging_freq': 11, 'min_child_samples': 35}. Best is trial 193 with value: 0.6903953881921271.
[I 2025-04-08 01:59:13,876] Trial 282 finished with value: 0.680123800436157 and parameters: {'lambda_l1': 0.19599088104589052, 'lambda_l2': 1.9169537293724976e-05, 'num_leaves': 40, 'feature_fraction': 0.9319233035016786, 'bagging_fraction': 0.4680441161634923, 'bagging_freq': 10, 'min_child_samples': 32}. Best is trial 193 with value: 0.6903953881921271.
[I 2025-04-08 01:59:14,941] Trial 283 finished with value: 0.6838135278994694 and parameters: {'lambda_l1': 0.08456352183651983, 'lambda_l2': 9.115900779037283e-06, 'num_leaves': 21, 'feature_fraction': 0.944476432329542, 'bagging_fraction': 0.7591790123603913, 'bagging_freq': 4, 'min_child_samples': 40}. Best is trial 193 with value: 0.6903953881921271.
[I 2025-04-08 01:59:16,770] Trial 284 finished with value: 0.6757638636279767 and parameters: {'lambda_l1': 0.02840831338672281, 'lambda_l2': 1.7505063080948274e-05, 'num_leaves': 49, 'feature_fraction': 0.548016971914829, 'bagging_fraction': 0.9741555416667961, 'bagging_freq': 10, 'min_child_samples': 38}. Best is trial 193 with value: 0.6903953881921271.
[I 2025-04-08 01:59:18,494] Trial 285 finished with value: 0.6879219099534144 and parameters: {'lambda_l1': 0.21833556123686998, 'lambda_l2': 1.3720111031028845, 'num_leaves': 45, 'feature_fraction': 0.9580008567775617, 'bagging_fraction': 0.9271944311053211, 'bagging_freq': 5, 'min_child_samples': 42}. Best is trial 193 with value: 0.6903953881921271.
[I 2025-04-08 01:59:21,116] Trial 286 finished with value: 0.6792441583591213 and parameters: {'lambda_l1': 0.10465092440784889, 'lambda_l2': 4.19986774367992e-05, 'num_leaves': 60, 'feature_fraction': 0.9243110864014099, 'bagging_fraction': 0.5138388400497045, 'bagging_freq': 6, 'min_child_samples': 35}. Best is trial 193 with value: 0.6903953881921271.
[I 2025-04-08 01:59:22,823] Trial 287 finished with value: 0.6859933996531129 and parameters: {'lambda_l1': 0.1602324908197395, 'lambda_l2': 0.00018337837914252856, 'num_leaves': 51, 'feature_fraction': 0.9345897872952926, 'bagging_fraction': 0.9643358724490888, 'bagging_freq': 5, 'min_child_samples': 45}. Best is trial 193 with value: 0.6903953881921271.
[I 2025-04-08 01:59:24,014] Trial 288 finished with value: 0.687712020328225 and parameters: {'lambda_l1': 3.3464831130473077e-06, 'lambda_l2': 8.353316215492698e-05, 'num_leaves': 34, 'feature_fraction': 0.9807065770764157, 'bagging_fraction': 0.9994330746885475, 'bagging_freq': 10, 'min_child_samples': 40}. Best is trial 193 with value: 0.6903953881921271.
[I 2025-04-08 01:59:25,682] Trial 289 finished with value: 0.6850707920591993 and parameters: {'lambda_l1': 0.26338794349521794, 'lambda_l2': 2.8344167698782723, 'num_leaves': 47, 'feature_fraction': 0.9158181319289534, 'bagging_fraction': 0.6263081114299348, 'bagging_freq': 7, 'min_child_samples': 33}. Best is trial 193 with value: 0.6903953881921271.
[I 2025-04-08 01:59:27,479] Trial 290 finished with value: 0.6867060824762196 and parameters: {'lambda_l1': 0.05966198969535229, 'lambda_l2': 1.2675621930406995e-05, 'num_leaves': 44, 'feature_fraction': 0.9528734717958939, 'bagging_fraction': 0.9499149219674107, 'bagging_freq': 5, 'min_child_samples': 66}. Best is trial 193 with value: 0.6903953881921271.
