[I 2025-04-08 00:56:11,660] Trial 188 finished with value: 0.8172972844738965 and parameters: {'lambda_l1': 2.1525543865491256e-05, 'lambda_l2': 16.75811288645558, 'num_leaves': 32, 'feature_fraction': 0.41138022483754744, 'bagging_fraction': 0.9991428168692633, 'bagging_freq': 9, 'min_child_samples': 61}. Best is trial 142 with value: 0.8204417101154358.
[I 2025-04-08 00:56:14,104] Trial 189 finished with value: 0.8189742751655797 and parameters: {'lambda_l1': 6.802507622732273e-06, 'lambda_l2': 0.3500404478340755, 'num_leaves': 54, 'feature_fraction': 0.4221646446686438, 'bagging_fraction': 0.9332035808324745, 'bagging_freq': 8, 'min_child_samples': 54}. Best is trial 142 with value: 0.8204417101154358.
[I 2025-04-08 00:56:15,919] Trial 190 finished with value: 0.8196031884103814 and parameters: {'lambda_l1': 4.436178376957959e-05, 'lambda_l2': 0.6680728153850238, 'num_leaves': 44, 'feature_fraction': 0.436637098582162, 'bagging_fraction': 0.9695316151256399, 'bagging_freq': 7, 'min_child_samples': 65}. Best is trial 142 with value: 0.8204417101154358.
[I 2025-04-08 00:56:17,664] Trial 191 finished with value: 0.8186386872409109 and parameters: {'lambda_l1': 4.916078598503655e-05, 'lambda_l2': 0.7425857863052785, 'num_leaves': 44, 'feature_fraction': 0.4360748111965007, 'bagging_fraction': 0.9671989555366302, 'bagging_freq': 7, 'min_child_samples': 63}. Best is trial 142 with value: 0.8204417101154358.
[I 2025-04-08 00:56:19,343] Trial 192 finished with value: 0.8190582907632047 and parameters: {'lambda_l1': 0.00014490571877706429, 'lambda_l2': 1.3817487984593138, 'num_leaves': 37, 'feature_fraction': 0.4140411252391012, 'bagging_fraction': 0.9825958479013145, 'bagging_freq': 6, 'min_child_samples': 65}. Best is trial 142 with value: 0.8204417101154358.
[I 2025-04-08 00:56:21,152] Trial 193 finished with value: 0.8203997462486446 and parameters: {'lambda_l1': 4.325686697315175e-05, 'lambda_l2': 0.18467572130495558, 'num_leaves': 42, 'feature_fraction': 0.6747629752424987, 'bagging_fraction': 0.9591757945151684, 'bagging_freq': 8, 'min_child_samples': 66}. Best is trial 142 with value: 0.8204417101154358.
[I 2025-04-08 00:56:23,013] Trial 194 finished with value: 0.8172973196195136 and parameters: {'lambda_l1': 4.7922878807244396e-05, 'lambda_l2': 0.09566612036015869, 'num_leaves': 46, 'feature_fraction': 0.6889149505464445, 'bagging_fraction': 0.9557105622195637, 'bagging_freq': 8, 'min_child_samples': 60}. Best is trial 142 with value: 0.8204417101154358.
[I 2025-04-08 00:56:25,186] Trial 195 finished with value: 0.8175069807981921 and parameters: {'lambda_l1': 1.224653570446846e-05, 'lambda_l2': 0.528002521980364, 'num_leaves': 42, 'feature_fraction': 0.6725942291385021, 'bagging_fraction': 0.9401085771861241, 'bagging_freq': 8, 'min_child_samples': 67}. Best is trial 142 with value: 0.8204417101154358.
[I 2025-04-08 00:56:26,901] Trial 196 finished with value: 0.818513234960751 and parameters: {'lambda_l1': 2.3885384668272034e-05, 'lambda_l2': 0.16065507164137457, 'num_leaves': 40, 'feature_fraction': 0.655576567816224, 'bagging_fraction': 0.9706739907829006, 'bagging_freq': 7, 'min_child_samples': 69}. Best is trial 142 with value: 0.8204417101154358.
[I 2025-04-08 00:56:28,926] Trial 197 finished with value: 0.8174233342295466 and parameters: {'lambda_l1': 4.3512913026195805e-05, 'lambda_l2': 0.021801827619533486, 'num_leaves': 51, 'feature_fraction': 0.46122162705347125, 'bagging_fraction': 0.9114194414821536, 'bagging_freq': 8, 'min_child_samples': 64}. Best is trial 142 with value: 0.8204417101154358.
[I 2025-04-08 00:56:30,508] Trial 198 finished with value: 0.8173393186319217 and parameters: {'lambda_l1': 0.00011865389180488695, 'lambda_l2': 0.30022142327581713, 'num_leaves': 43, 'feature_fraction': 0.8675859845648513, 'bagging_fraction': 0.9575471716943985, 'bagging_freq': 6, 'min_child_samples': 59}. Best is trial 142 with value: 0.8204417101154358.
[I 2025-04-08 00:56:31,943] Trial 199 finished with value: 0.8199803887456705 and parameters: {'lambda_l1': 0.0002702133131686406, 'lambda_l2': 0.05088152953879341, 'num_leaves': 38, 'feature_fraction': 0.40142823094599595, 'bagging_fraction': 0.9803717499786564, 'bagging_freq': 7, 'min_child_samples': 71}. Best is trial 142 with value: 0.8204417101154358.
[I 2025-04-08 00:56:33,390] Trial 200 finished with value: 0.8183036265004983 and parameters: {'lambda_l1': 0.0002586470379893911, 'lambda_l2': 0.05746853565826835, 'num_leaves': 38, 'feature_fraction': 0.7109405204234183, 'bagging_fraction': 0.9853250282631286, 'bagging_freq': 9, 'min_child_samples': 72}. Best is trial 142 with value: 0.8204417101154358.
[I 2025-04-08 00:56:35,436] Trial 201 finished with value: 0.8174230354918013 and parameters: {'lambda_l1': 0.0008187438515527694, 'lambda_l2': 0.18216842656726864, 'num_leaves': 41, 'feature_fraction': 0.40060647305349933, 'bagging_fraction': 0.9721920629067189, 'bagging_freq': 7, 'min_child_samples': 70}. Best is trial 142 with value: 0.8204417101154358.
[I 2025-04-08 00:56:37,104] Trial 202 finished with value: 0.8186390211242731 and parameters: {'lambda_l1': 7.788832414032956e-05, 'lambda_l2': 0.09408058117541714, 'num_leaves': 38, 'feature_fraction': 0.4239156797692346, 'bagging_fraction': 0.9794231857807925, 'bagging_freq': 7, 'min_child_samples': 69}. Best is trial 142 with value: 0.8204417101154358.
[I 2025-04-08 00:56:38,690] Trial 203 finished with value: 0.8192677762137978 and parameters: {'lambda_l1': 0.00013486222396367814, 'lambda_l2': 0.9222369608904786, 'num_leaves': 35, 'feature_fraction': 0.41177997970439695, 'bagging_fraction': 0.9584230276857936, 'bagging_freq': 8, 'min_child_samples': 66}. Best is trial 142 with value: 0.8204417101154358.
[I 2025-04-08 00:56:40,607] Trial 204 finished with value: 0.8190584137728644 and parameters: {'lambda_l1': 0.0004279347312073267, 'lambda_l2': 3.907208048748745, 'num_leaves': 45, 'feature_fraction': 0.40107965913265725, 'bagging_fraction': 0.9899832428024435, 'bagging_freq': 8, 'min_child_samples': 72}. Best is trial 142 with value: 0.8204417101154358.
[I 2025-04-08 00:56:42,531] Trial 205 finished with value: 0.8191000437562932 and parameters: {'lambda_l1': 2.8686099167255963e-05, 'lambda_l2': 0.22661078061554701, 'num_leaves': 48, 'feature_fraction': 0.42944927142882017, 'bagging_fraction': 0.945146704967945, 'bagging_freq': 6, 'min_child_samples': 67}. Best is trial 142 with value: 0.8204417101154358.
[I 2025-04-08 00:56:44,031] Trial 206 finished with value: 0.8178424281403925 and parameters: {'lambda_l1': 0.00015299551146196076, 'lambda_l2': 0.5214002281403813, 'num_leaves': 40, 'feature_fraction': 0.7359617354742003, 'bagging_fraction': 0.9685124125578218, 'bagging_freq': 7, 'min_child_samples': 64}. Best is trial 142 with value: 0.8204417101154358.
[I 2025-04-08 00:56:46,257] Trial 207 finished with value: 0.8193935448045113 and parameters: {'lambda_l1': 6.3920180304431e-05, 'lambda_l2': 0.10772071314826238, 'num_leaves': 43, 'feature_fraction': 0.44364172583900463, 'bagging_fraction': 0.989496124604424, 'bagging_freq': 8, 'min_child_samples': 73}. Best is trial 142 with value: 0.8204417101154358.
[I 2025-04-08 00:56:47,926] Trial 208 finished with value: 0.8187224919648333 and parameters: {'lambda_l1': 1.801192754914012e-05, 'lambda_l2': 0.03519820594285663, 'num_leaves': 36, 'feature_fraction': 0.42103067744236755, 'bagging_fraction': 0.9602068727002336, 'bagging_freq': 7, 'min_child_samples': 75}. Best is trial 142 with value: 0.8204417101154358.
[I 2025-04-08 00:56:49,521] Trial 209 finished with value: 0.8188485417204834 and parameters: {'lambda_l1': 3.742563096797701e-05, 'lambda_l2': 1.7934929977168128, 'num_leaves': 38, 'feature_fraction': 0.6816432966418696, 'bagging_fraction': 0.9767215488154503, 'bagging_freq': 8, 'min_child_samples': 68}. Best is trial 142 with value: 0.8204417101154358.
[I 2025-04-08 00:56:51,276] Trial 210 finished with value: 0.8170037658528699 and parameters: {'lambda_l1': 0.00024334744706685832, 'lambda_l2': 0.33805621771319205, 'num_leaves': 46, 'feature_fraction': 0.4116901029828222, 'bagging_fraction': 0.5770008650512207, 'bagging_freq': 5, 'min_child_samples': 78}. Best is trial 142 with value: 0.8204417101154358.
[I 2025-04-08 00:56:52,802] Trial 211 finished with value: 0.8188903122863807 and parameters: {'lambda_l1': 8.013510002850523e-05, 'lambda_l2': 0.07146377003219058, 'num_leaves': 33, 'feature_fraction': 0.4111219219787655, 'bagging_fraction': 0.9925492459176238, 'bagging_freq': 6, 'min_child_samples': 78}. Best is trial 142 with value: 0.8204417101154358.
[I 2025-04-08 00:56:54,151] Trial 212 finished with value: 0.818135806178951 and parameters: {'lambda_l1': 2.3143802644088785e-08, 'lambda_l2': 0.8788928454462039, 'num_leaves': 34, 'feature_fraction': 0.4314727403749392, 'bagging_fraction': 0.996722020227611, 'bagging_freq': 8, 'min_child_samples': 76}. Best is trial 142 with value: 0.8204417101154358.
[I 2025-04-08 00:56:56,150] Trial 213 finished with value: 0.8186808619814044 and parameters: {'lambda_l1': 1.002865300575734e-05, 'lambda_l2': 0.15443541466176455, 'num_leaves': 41, 'feature_fraction': 0.42354862237607727, 'bagging_fraction': 0.9792792579589584, 'bagging_freq': 9, 'min_child_samples': 71}. Best is trial 142 with value: 0.8204417101154358.
[I 2025-04-08 00:56:57,867] Trial 214 finished with value: 0.8172974074835564 and parameters: {'lambda_l1': 10.557108263173946, 'lambda_l2': 0.49746891652506803, 'num_leaves': 38, 'feature_fraction': 0.4477654245524886, 'bagging_fraction': 0.9990444703952243, 'bagging_freq': 7, 'min_child_samples': 73}. Best is trial 142 with value: 0.8204417101154358.
[I 2025-04-08 00:56:59,156] Trial 215 finished with value: 0.8191420954871271 and parameters: {'lambda_l1': 5.179906370735028e-05, 'lambda_l2': 1.7400401700684468e-09, 'num_leaves': 32, 'feature_fraction': 0.40131154333039715, 'bagging_fraction': 0.9690960583110833, 'bagging_freq': 8, 'min_child_samples': 76}. Best is trial 142 with value: 0.8204417101154358.
[I 2025-04-08 00:57:00,729] Trial 216 finished with value: 0.8190162917507966 and parameters: {'lambda_l1': 9.720525287559858e-09, 'lambda_l2': 0.2356123329108335, 'num_leaves': 43, 'feature_fraction': 0.4130377235420136, 'bagging_fraction': 0.9807690416931135, 'bagging_freq': 9, 'min_child_samples': 80}. Best is trial 142 with value: 0.8204417101154358.
[I 2025-04-08 00:57:02,301] Trial 217 finished with value: 0.8178002709727077 and parameters: {'lambda_l1': 2.6261665514000877e-05, 'lambda_l2': 3.538833610691343, 'num_leaves': 36, 'feature_fraction': 0.9941241588435759, 'bagging_fraction': 0.9523774444808553, 'bagging_freq': 8, 'min_child_samples': 70}. Best is trial 142 with value: 0.8204417101154358.
[I 2025-04-08 00:57:03,724] Trial 218 finished with value: 0.8191420954871271 and parameters: {'lambda_l1': 0.00017572945953420483, 'lambda_l2': 0.01742252280210234, 'num_leaves': 30, 'feature_fraction': 0.4360294018297308, 'bagging_fraction': 0.9654577455145574, 'bagging_freq': 7, 'min_child_samples': 66}. Best is trial 142 with value: 0.8204417101154358.
[I 2025-04-08 00:57:05,264] Trial 219 finished with value: 0.8178005872832614 and parameters: {'lambda_l1': 9.29114490717955e-05, 'lambda_l2': 1.6847962859420982, 'num_leaves': 40, 'feature_fraction': 0.6466096809635608, 'bagging_fraction': 0.9860477426307868, 'bagging_freq': 6, 'min_child_samples': 73}. Best is trial 142 with value: 0.8204417101154358.
[I 2025-04-08 00:57:07,218] Trial 220 finished with value: 0.8185970045390565 and parameters: {'lambda_l1': 0.0004905430508025287, 'lambda_l2': 0.05184914473222459, 'num_leaves': 34, 'feature_fraction': 0.4181388611285115, 'bagging_fraction': 0.9995839603504828, 'bagging_freq': 8, 'min_child_samples': 62}. Best is trial 142 with value: 0.8204417101154358.
[I 2025-04-08 00:57:09,098] Trial 221 finished with value: 0.8186808444085958 and parameters: {'lambda_l1': 5.182127279872912e-06, 'lambda_l2': 1.0786023450431659, 'num_leaves': 42, 'feature_fraction': 0.40047563150677923, 'bagging_fraction': 0.9657935110200526, 'bagging_freq': 9, 'min_child_samples': 62}. Best is trial 142 with value: 0.8204417101154358.
[I 2025-04-08 00:57:10,889] Trial 222 finished with value: 0.819226146230369 and parameters: {'lambda_l1': 5.868882440564668e-06, 'lambda_l2': 0.6305261467678842, 'num_leaves': 44, 'feature_fraction': 0.41298692956542754, 'bagging_fraction': 0.9741447470250687, 'bagging_freq': 9, 'min_child_samples': 58}. Best is trial 142 with value: 0.8204417101154358.
[I 2025-04-08 00:57:12,465] Trial 223 finished with value: 0.8189744860392822 and parameters: {'lambda_l1': 1.5689454111954635e-05, 'lambda_l2': 1.2664453682029202, 'num_leaves': 41, 'feature_fraction': 0.4228250679557757, 'bagging_fraction': 0.9573499142183599, 'bagging_freq': 10, 'min_child_samples': 56}. Best is trial 142 with value: 0.8204417101154358.
[I 2025-04-08 00:57:13,933] Trial 224 finished with value: 0.819016274177988 and parameters: {'lambda_l1': 3.7285178861864555e-05, 'lambda_l2': 2.418228527143077, 'num_leaves': 38, 'feature_fraction': 0.41199825096845466, 'bagging_fraction': 0.9448893290776671, 'bagging_freq': 9, 'min_child_samples': 64}. Best is trial 142 with value: 0.8204417101154358.
[I 2025-04-08 00:57:15,642] Trial 225 finished with value: 0.8188064724168411 and parameters: {'lambda_l1': 9.973678694242734e-06, 'lambda_l2': 0.39033395529231024, 'num_leaves': 49, 'feature_fraction': 0.4369523676927541, 'bagging_fraction': 0.9832689164661432, 'bagging_freq': 8, 'min_child_samples': 68}. Best is trial 142 with value: 0.8204417101154358.
[I 2025-04-08 00:57:17,885] Trial 226 finished with value: 0.8191416561669136 and parameters: {'lambda_l1': 3.6194705826581927e-09, 'lambda_l2': 1.056239133548203, 'num_leaves': 45, 'feature_fraction': 0.4237619113845894, 'bagging_fraction': 0.9246187574647372, 'bagging_freq': 6, 'min_child_samples': 102}. Best is trial 142 with value: 0.8204417101154358.
[I 2025-04-08 00:57:19,652] Trial 227 finished with value: 0.8193934745132772 and parameters: {'lambda_l1': 6.338810010196445e-05, 'lambda_l2': 3.232981917565228e-09, 'num_leaves': 42, 'feature_fraction': 0.45320429796502104, 'bagging_fraction': 0.9654201427336343, 'bagging_freq': 9, 'min_child_samples': 76}. Best is trial 142 with value: 0.8204417101154358.
[I 2025-04-08 00:57:21,428] Trial 228 finished with value: 0.8187647897149866 and parameters: {'lambda_l1': 0.00011937941263091775, 'lambda_l2': 0.24737734122017502, 'num_leaves': 36, 'feature_fraction': 0.401115247452261, 'bagging_fraction': 0.9770166761307103, 'bagging_freq': 8, 'min_child_samples': 70}. Best is trial 142 with value: 0.8204417101154358.
[I 2025-04-08 00:57:23,133] Trial 229 finished with value: 0.8193935272317028 and parameters: {'lambda_l1': 2.2859435060423965e-05, 'lambda_l2': 6.271425025639017e-09, 'num_leaves': 39, 'feature_fraction': 0.4111522116200925, 'bagging_fraction': 0.9917911071078934, 'bagging_freq': 8, 'min_child_samples': 61}. Best is trial 142 with value: 0.8204417101154358.
[I 2025-04-08 00:57:24,798] Trial 230 finished with value: 0.8184292720815518 and parameters: {'lambda_l1': 3.555745529679529e-06, 'lambda_l2': 0.8045342646593224, 'num_leaves': 46, 'feature_fraction': 0.4307425820133682, 'bagging_fraction': 0.9515510944488987, 'bagging_freq': 7, 'min_child_samples': 73}. Best is trial 142 with value: 0.8204417101154358.
[I 2025-04-08 00:57:26,289] Trial 231 finished with value: 0.819393632668554 and parameters: {'lambda_l1': 3.981348097096048e-06, 'lambda_l2': 0.14002020731774406, 'num_leaves': 39, 'feature_fraction': 0.410096343541656, 'bagging_fraction': 0.9805538343495915, 'bagging_freq': 10, 'min_child_samples': 77}. Best is trial 142 with value: 0.8204417101154358.
[I 2025-04-08 00:57:28,640] Trial 232 finished with value: 0.8171711468542038 and parameters: {'lambda_l1': 4.09744614150824e-05, 'lambda_l2': 5.118072261564324e-06, 'num_leaves': 41, 'feature_fraction': 0.40136280396583607, 'bagging_fraction': 0.7755841534511291, 'bagging_freq': 9, 'min_child_samples': 75}. Best is trial 142 with value: 0.8204417101154358.
[I 2025-04-08 00:57:30,392] Trial 233 finished with value: 0.8188482429827382 and parameters: {'lambda_l1': 0.00020432942767952182, 'lambda_l2': 1.3416417620331019e-08, 'num_leaves': 43, 'feature_fraction': 0.4297635799662083, 'bagging_fraction': 0.9656738102454174, 'bagging_freq': 12, 'min_child_samples': 80}. Best is trial 142 with value: 0.8204417101154358.
[I 2025-04-08 00:57:31,892] Trial 234 finished with value: 0.8187228961394297 and parameters: {'lambda_l1': 1.539971485043228e-08, 'lambda_l2': 0.32639436666627897, 'num_leaves': 36, 'feature_fraction': 0.6708219027278649, 'bagging_fraction': 0.9881181922215225, 'bagging_freq': 8, 'min_child_samples': 71}. Best is trial 142 with value: 0.8204417101154358.
[I 2025-04-08 00:57:33,374] Trial 235 finished with value: 0.8180517202900919 and parameters: {'lambda_l1': 6.214525134556606e-09, 'lambda_l2': 1.0525392390520717e-07, 'num_leaves': 40, 'feature_fraction': 0.4438744817235021, 'bagging_fraction': 0.7593419294828653, 'bagging_freq': 11, 'min_child_samples': 68}. Best is trial 142 with value: 0.8204417101154358.
[I 2025-04-08 00:57:34,739] Trial 236 finished with value: 0.8177167122681048 and parameters: {'lambda_l1': 5.747282931356211e-08, 'lambda_l2': 0.570441901382659, 'num_leaves': 34, 'feature_fraction': 0.7516765026143062, 'bagging_fraction': 0.9714867971840955, 'bagging_freq': 11, 'min_child_samples': 65}. Best is trial 142 with value: 0.8204417101154358.
[I 2025-04-08 00:57:36,228] Trial 237 finished with value: 0.8187228258481956 and parameters: {'lambda_l1': 6.564700333944672e-05, 'lambda_l2': 2.028215233977527, 'num_leaves': 39, 'feature_fraction': 0.41994742402356994, 'bagging_fraction': 0.9997512772481322, 'bagging_freq': 8, 'min_child_samples': 75}. Best is trial 142 with value: 0.8204417101154358.
[I 2025-04-08 00:57:37,451] Trial 238 finished with value: 0.818806736008969 and parameters: {'lambda_l1': 1.7120048541191813e-05, 'lambda_l2': 0.18920605059783155, 'num_leaves': 31, 'feature_fraction': 0.4145807797614701, 'bagging_fraction': 0.6424401352952744, 'bagging_freq': 8, 'min_child_samples': 29}. Best is trial 142 with value: 0.8204417101154358.
[I 2025-04-08 00:57:39,507] Trial 239 finished with value: 0.8174228773365246 and parameters: {'lambda_l1': 0.0003273488485868858, 'lambda_l2': 8.212395427378874, 'num_leaves': 37, 'feature_fraction': 0.4606674396829213, 'bagging_fraction': 0.6968920588209666, 'bagging_freq': 6, 'min_child_samples': 73}. Best is trial 142 with value: 0.8204417101154358.
[I 2025-04-08 00:57:41,136] Trial 240 finished with value: 0.8184291314990835 and parameters: {'lambda_l1': 1.5652428900096195e-06, 'lambda_l2': 1.0787582592618443e-09, 'num_leaves': 44, 'feature_fraction': 0.4012574133076291, 'bagging_fraction': 0.9575071478178284, 'bagging_freq': 10, 'min_child_samples': 79}. Best is trial 142 with value: 0.8204417101154358.
[I 2025-04-08 00:57:42,794] Trial 241 finished with value: 0.8191839011986412 and parameters: {'lambda_l1': 8.521022460050407e-05, 'lambda_l2': 2.7367745798657963, 'num_leaves': 41, 'feature_fraction': 0.42417466347122024, 'bagging_fraction': 0.8106695887569004, 'bagging_freq': 8, 'min_child_samples': 83}. Best is trial 142 with value: 0.8204417101154358.
[I 2025-04-08 00:57:44,469] Trial 242 finished with value: 0.8183872906419521 and parameters: {'lambda_l1': 0.0001061183462818985, 'lambda_l2': 3.736564303454758, 'num_leaves': 39, 'feature_fraction': 0.41765305027305244, 'bagging_fraction': 0.7820728814325454, 'bagging_freq': 8, 'min_child_samples': 81}. Best is trial 142 with value: 0.8204417101154358.
[I 2025-04-08 00:57:46,335] Trial 243 finished with value: 0.8194772616643909 and parameters: {'lambda_l1': 0.19715258984528386, 'lambda_l2': 2.684547974204912e-07, 'num_leaves': 42, 'feature_fraction': 0.43711674734906836, 'bagging_fraction': 0.8290164081572555, 'bagging_freq': 8, 'min_child_samples': 78}. Best is trial 142 with value: 0.8204417101154358.
[I 2025-04-08 00:57:52,315] Trial 244 finished with value: 0.8180097388504922 and parameters: {'lambda_l1': 4.2585000766647996e-05, 'lambda_l2': 1.6776465135457568, 'num_leaves': 47, 'feature_fraction': 0.4001950767342756, 'bagging_fraction': 0.7923471284118152, 'bagging_freq': 9, 'min_child_samples': 83}. Best is trial 142 with value: 0.8204417101154358.
[I 2025-04-08 00:57:54,520] Trial 245 finished with value: 0.8182613463231533 and parameters: {'lambda_l1': 0.0001572744593436355, 'lambda_l2': 0.742460203574648, 'num_leaves': 63, 'feature_fraction': 0.42278462756090207, 'bagging_fraction': 0.7969359716599856, 'bagging_freq': 7, 'min_child_samples': 71}. Best is trial 142 with value: 0.8204417101154358.
[I 2025-04-08 00:57:56,019] Trial 246 finished with value: 0.8194353680888341 and parameters: {'lambda_l1': 7.087355062895164e-05, 'lambda_l2': 5.561035463127536, 'num_leaves': 37, 'feature_fraction': 0.4109800111049799, 'bagging_fraction': 0.9807522520559375, 'bagging_freq': 8, 'min_child_samples': 67}. Best is trial 142 with value: 0.8204417101154358.
[I 2025-04-08 00:57:57,411] Trial 247 finished with value: 0.8188066657177352 and parameters: {'lambda_l1': 2.8306287213146613e-05, 'lambda_l2': 0.36409791854679596, 'num_leaves': 34, 'feature_fraction': 0.7997688372456997, 'bagging_fraction': 0.9879632179675166, 'bagging_freq': 7, 'min_child_samples': 74}. Best is trial 142 with value: 0.8204417101154358.
[I 2025-04-08 00:57:59,487] Trial 248 finished with value: 0.8187226852657272 and parameters: {'lambda_l1': 9.5297133951338e-05, 'lambda_l2': 2.6059889964142412e-09, 'num_leaves': 44, 'feature_fraction': 0.4296173149886365, 'bagging_fraction': 0.9717283023798071, 'bagging_freq': 6, 'min_child_samples': 88}. Best is trial 142 with value: 0.8204417101154358.
