[I 2025-04-08 01:24:02,500] Trial 125 finished with value: 0.8174651223682522 and parameters: {'lambda_l1': 0.0006379892418891822, 'lambda_l2': 0.0007885648927821115, 'num_leaves': 49, 'feature_fraction': 0.8157558574607515, 'bagging_fraction': 0.7997744803016688, 'bagging_freq': 2, 'min_child_samples': 126}. Best is trial 107 with value: 0.8194353680888341.
[I 2025-04-08 01:24:03,832] Trial 126 finished with value: 0.8189324694540655 and parameters: {'lambda_l1': 1.6445216162561545, 'lambda_l2': 0.050664823509172265, 'num_leaves': 33, 'feature_fraction': 0.8991041732633583, 'bagging_fraction': 0.6677215083079279, 'bagging_freq': 1, 'min_child_samples': 112}. Best is trial 107 with value: 0.8194353680888341.
[I 2025-04-08 01:24:05,218] Trial 127 finished with value: 0.8182616099152815 and parameters: {'lambda_l1': 1.377665564770395, 'lambda_l2': 0.004328247989478132, 'num_leaves': 34, 'feature_fraction': 0.8792324368231034, 'bagging_fraction': 0.6294725699932947, 'bagging_freq': 1, 'min_child_samples': 112}. Best is trial 107 with value: 0.8194353680888341.
[I 2025-04-08 01:24:06,852] Trial 128 finished with value: 0.8175911194054766 and parameters: {'lambda_l1': 9.336065003275058, 'lambda_l2': 0.01715579275157602, 'num_leaves': 43, 'feature_fraction': 0.8983610239862213, 'bagging_fraction': 0.6160883129916593, 'bagging_freq': 2, 'min_child_samples': 108}. Best is trial 107 with value: 0.8194353680888341.
[I 2025-04-08 01:24:08,321] Trial 129 finished with value: 0.819393632668554 and parameters: {'lambda_l1': 3.942715279990305, 'lambda_l2': 0.007163745431167872, 'num_leaves': 38, 'feature_fraction': 0.8674121949616009, 'bagging_fraction': 0.8140508899773592, 'bagging_freq': 1, 'min_child_samples': 117}. Best is trial 107 with value: 0.8194353680888341.
[I 2025-04-08 01:24:09,802] Trial 130 finished with value: 0.8179263207283578 and parameters: {'lambda_l1': 3.1745904665415146, 'lambda_l2': 0.008047089335313388, 'num_leaves': 37, 'feature_fraction': 0.9096138502100558, 'bagging_fraction': 0.8241617733011742, 'bagging_freq': 3, 'min_child_samples': 119}. Best is trial 107 with value: 0.8194353680888341.
[I 2025-04-08 01:24:11,355] Trial 131 finished with value: 0.8181360346254619 and parameters: {'lambda_l1': 6.499606119525251, 'lambda_l2': 0.15213059668554732, 'num_leaves': 39, 'feature_fraction': 0.8812552265527236, 'bagging_fraction': 0.6656541957426643, 'bagging_freq': 1, 'min_child_samples': 115}. Best is trial 107 with value: 0.8194353680888341.
[I 2025-04-08 01:24:13,096] Trial 132 finished with value: 0.8184292193631263 and parameters: {'lambda_l1': 0.6572524772206414, 'lambda_l2': 0.0018306668838135554, 'num_leaves': 29, 'feature_fraction': 0.8676002210091858, 'bagging_fraction': 0.7527109584690749, 'bagging_freq': 1, 'min_child_samples': 117}. Best is trial 107 with value: 0.8194353680888341.
[I 2025-04-08 01:24:13,788] Trial 133 finished with value: 0.79394630804079 and parameters: {'lambda_l1': 92.04313389459102, 'lambda_l2': 0.0006966977376530962, 'num_leaves': 41, 'feature_fraction': 0.8987263868239223, 'bagging_fraction': 0.8134408052709073, 'bagging_freq': 2, 'min_child_samples': 114}. Best is trial 107 with value: 0.8194353680888341.
[I 2025-04-08 01:24:15,125] Trial 134 finished with value: 0.8179262328643151 and parameters: {'lambda_l1': 1.7486810027924535, 'lambda_l2': 0.04930121802137567, 'num_leaves': 33, 'feature_fraction': 0.9205972444627374, 'bagging_fraction': 0.7391634069299375, 'bagging_freq': 1, 'min_child_samples': 111}. Best is trial 107 with value: 0.8194353680888341.
[I 2025-04-08 01:24:16,274] Trial 135 finished with value: 0.8126862146588854 and parameters: {'lambda_l1': 23.677601343401147, 'lambda_l2': 0.005671590474440467, 'num_leaves': 36, 'feature_fraction': 0.835217311694833, 'bagging_fraction': 0.7824449594551182, 'bagging_freq': 2, 'min_child_samples': 128}. Best is trial 107 with value: 0.8194353680888341.
[I 2025-04-08 01:24:18,023] Trial 136 finished with value: 0.8173394416415813 and parameters: {'lambda_l1': 4.461475598512852e-06, 'lambda_l2': 6.108109244057615e-07, 'num_leaves': 45, 'feature_fraction': 0.8499341347320822, 'bagging_fraction': 0.9994498091330433, 'bagging_freq': 1, 'min_child_samples': 124}. Best is trial 107 with value: 0.8194353680888341.
[I 2025-04-08 01:24:19,907] Trial 137 finished with value: 0.8175068577885323 and parameters: {'lambda_l1': 7.196736527408978e-06, 'lambda_l2': 0.0003722692915707769, 'num_leaves': 49, 'feature_fraction': 0.7787036230140856, 'bagging_fraction': 0.7636773157307976, 'bagging_freq': 1, 'min_child_samples': 118}. Best is trial 107 with value: 0.8194353680888341.
[I 2025-04-08 01:24:21,302] Trial 138 finished with value: 0.8180100903066633 and parameters: {'lambda_l1': 3.1181107847186254, 'lambda_l2': 0.0012277816723023744, 'num_leaves': 32, 'feature_fraction': 0.9425682859707573, 'bagging_fraction': 0.8420765952608047, 'bagging_freq': 2, 'min_child_samples': 101}. Best is trial 107 with value: 0.8194353680888341.
[I 2025-04-08 01:24:23,207] Trial 139 finished with value: 0.8189743103111968 and parameters: {'lambda_l1': 1.402999267799778e-05, 'lambda_l2': 0.021621893235998946, 'num_leaves': 42, 'feature_fraction': 0.8045585401664443, 'bagging_fraction': 0.8030701617443534, 'bagging_freq': 1, 'min_child_samples': 109}. Best is trial 107 with value: 0.8194353680888341.
[I 2025-04-08 01:24:24,677] Trial 140 finished with value: 0.8178843920071838 and parameters: {'lambda_l1': 0.19567361720908344, 'lambda_l2': 0.24328549338958746, 'num_leaves': 42, 'feature_fraction': 0.805591858927887, 'bagging_fraction': 0.8024529163131512, 'bagging_freq': 5, 'min_child_samples': 108}. Best is trial 107 with value: 0.8194353680888341.
[I 2025-04-08 01:24:26,029] Trial 141 finished with value: 0.8175071213806604 and parameters: {'lambda_l1': 1.7152311854603282e-05, 'lambda_l2': 0.013245340288206014, 'num_leaves': 35, 'feature_fraction': 0.7971600379518919, 'bagging_fraction': 0.9712387224843423, 'bagging_freq': 1, 'min_child_samples': 113}. Best is trial 107 with value: 0.8194353680888341.
[I 2025-04-08 01:24:27,483] Trial 142 finished with value: 0.8179262328643151 and parameters: {'lambda_l1': 1.3177760467282807e-05, 'lambda_l2': 0.003113558453365662, 'num_leaves': 38, 'feature_fraction': 0.8719371321120725, 'bagging_fraction': 0.7942289258249061, 'bagging_freq': 1, 'min_child_samples': 121}. Best is trial 107 with value: 0.8194353680888341.
[I 2025-04-08 01:24:29,048] Trial 143 finished with value: 0.8191001140475274 and parameters: {'lambda_l1': 7.130358267724662, 'lambda_l2': 0.07529654072788909, 'num_leaves': 43, 'feature_fraction': 0.8898594353815955, 'bagging_fraction': 0.7769107024079538, 'bagging_freq': 1, 'min_child_samples': 117}. Best is trial 107 with value: 0.8194353680888341.
[I 2025-04-08 01:24:30,303] Trial 144 finished with value: 0.8162914872043595 and parameters: {'lambda_l1': 14.932924086893292, 'lambda_l2': 0.027001931844967762, 'num_leaves': 40, 'feature_fraction': 0.8907688412707315, 'bagging_fraction': 0.7788442578918287, 'bagging_freq': 2, 'min_child_samples': 118}. Best is trial 107 with value: 0.8194353680888341.
[I 2025-04-08 01:24:31,951] Trial 145 finished with value: 0.8185551461091165 and parameters: {'lambda_l1': 7.26054126335416, 'lambda_l2': 0.05916510383405195, 'num_leaves': 43, 'feature_fraction': 0.8391771507254863, 'bagging_fraction': 0.8143076993503726, 'bagging_freq': 1, 'min_child_samples': 126}. Best is trial 107 with value: 0.8194353680888341.
[I 2025-04-08 01:24:33,763] Trial 146 finished with value: 0.8183455025032466 and parameters: {'lambda_l1': 5.545398170099501, 'lambda_l2': 0.10192368955891615, 'num_leaves': 30, 'feature_fraction': 0.9050319814173673, 'bagging_fraction': 0.77004644155922, 'bagging_freq': 2, 'min_child_samples': 110}. Best is trial 107 with value: 0.8194353680888341.
[I 2025-04-08 01:24:35,403] Trial 147 finished with value: 0.8194774198196677 and parameters: {'lambda_l1': 1.0957638251472204, 'lambda_l2': 0.02115973078245673, 'num_leaves': 38, 'feature_fraction': 0.818036394946284, 'bagging_fraction': 0.7549660940604678, 'bagging_freq': 1, 'min_child_samples': 123}. Best is trial 147 with value: 0.8194774198196677.
[I 2025-04-08 01:24:38,030] Trial 148 finished with value: 0.8186808268357874 and parameters: {'lambda_l1': 1.9736116715853544, 'lambda_l2': 0.08748595284719876, 'num_leaves': 92, 'feature_fraction': 0.7665472435586066, 'bagging_fraction': 0.750680299952874, 'bagging_freq': 4, 'min_child_samples': 105}. Best is trial 147 with value: 0.8194774198196677.
[I 2025-04-08 01:24:39,513] Trial 149 finished with value: 0.8189323815900229 and parameters: {'lambda_l1': 0.4369030763742038, 'lambda_l2': 0.02246100503362225, 'num_leaves': 38, 'feature_fraction': 0.7885924285016919, 'bagging_fraction': 0.7604018802620439, 'bagging_freq': 1, 'min_child_samples': 97}. Best is trial 147 with value: 0.8194774198196677.
[I 2025-04-08 01:24:41,164] Trial 150 finished with value: 0.8180518432997517 and parameters: {'lambda_l1': 0.4768613662730032, 'lambda_l2': 0.023206229070288038, 'num_leaves': 45, 'feature_fraction': 0.7341742499969532, 'bagging_fraction': 0.8280898422829484, 'bagging_freq': 1, 'min_child_samples': 53}. Best is trial 147 with value: 0.8194774198196677.
[I 2025-04-08 01:24:42,697] Trial 151 finished with value: 0.8180938598849684 and parameters: {'lambda_l1': 1.1061837916292674, 'lambda_l2': 0.04216362573182901, 'num_leaves': 38, 'feature_fraction': 0.7818235066772988, 'bagging_fraction': 0.7573795318021, 'bagging_freq': 1, 'min_child_samples': 97}. Best is trial 147 with value: 0.8194774198196677.
[I 2025-04-08 01:24:44,618] Trial 152 finished with value: 0.8188486998757603 and parameters: {'lambda_l1': 4.173673138393226, 'lambda_l2': 0.022091805028741394, 'num_leaves': 33, 'feature_fraction': 0.7942405561373892, 'bagging_fraction': 0.743986079963187, 'bagging_freq': 1, 'min_child_samples': 34}. Best is trial 147 with value: 0.8194774198196677.
[I 2025-04-08 01:24:46,025] Trial 153 finished with value: 0.8180518960181773 and parameters: {'lambda_l1': 2.3396676908829734, 'lambda_l2': 0.01383220640631789, 'num_leaves': 33, 'feature_fraction': 0.75926696335592, 'bagging_fraction': 0.7677282096360183, 'bagging_freq': 1, 'min_child_samples': 31}. Best is trial 147 with value: 0.8194774198196677.
[I 2025-04-08 01:24:47,594] Trial 154 finished with value: 0.8189324518812569 and parameters: {'lambda_l1': 4.50324304049393, 'lambda_l2': 0.18465236946056215, 'num_leaves': 41, 'feature_fraction': 0.7947228628093922, 'bagging_fraction': 0.7824983013569122, 'bagging_freq': 5, 'min_child_samples': 42}. Best is trial 147 with value: 0.8194774198196677.
[I 2025-04-08 01:24:49,242] Trial 155 finished with value: 0.8185133228247938 and parameters: {'lambda_l1': 5.249422834091111, 'lambda_l2': 0.1474039411433488, 'num_leaves': 40, 'feature_fraction': 0.8049299910613815, 'bagging_fraction': 0.7805991997648383, 'bagging_freq': 1, 'min_child_samples': 39}. Best is trial 147 with value: 0.8194774198196677.
[I 2025-04-08 01:24:51,162] Trial 156 finished with value: 0.8187228609938126 and parameters: {'lambda_l1': 4.295813866707111, 'lambda_l2': 0.4667693194361232, 'num_leaves': 43, 'feature_fraction': 0.7696906009075551, 'bagging_fraction': 0.8066800033583656, 'bagging_freq': 6, 'min_child_samples': 20}. Best is trial 147 with value: 0.8194774198196677.
[I 2025-04-08 01:24:52,478] Trial 157 finished with value: 0.8180100727338546 and parameters: {'lambda_l1': 0.9007101402317219, 'lambda_l2': 0.2927336687524541, 'num_leaves': 27, 'feature_fraction': 0.7936494877010943, 'bagging_fraction': 0.787623149533749, 'bagging_freq': 5, 'min_child_samples': 45}. Best is trial 147 with value: 0.8194774198196677.
[I 2025-04-08 01:24:54,761] Trial 158 finished with value: 0.8168365254340044 and parameters: {'lambda_l1': 11.796552275973298, 'lambda_l2': 1.0182635205850046, 'num_leaves': 107, 'feature_fraction': 0.7864584379610046, 'bagging_fraction': 0.7502422183077041, 'bagging_freq': 1, 'min_child_samples': 33}. Best is trial 147 with value: 0.8194774198196677.
[I 2025-04-08 01:24:56,445] Trial 159 finished with value: 0.8177168879961902 and parameters: {'lambda_l1': 0.5510623287953776, 'lambda_l2': 0.07868056180139137, 'num_leaves': 48, 'feature_fraction': 0.8230686703456132, 'bagging_fraction': 0.7045342661665415, 'bagging_freq': 2, 'min_child_samples': 32}. Best is trial 147 with value: 0.8194774198196677.
[I 2025-04-08 01:24:58,053] Trial 160 finished with value: 0.8183035034908384 and parameters: {'lambda_l1': 0.32082565399771407, 'lambda_l2': 0.019772899922431978, 'num_leaves': 41, 'feature_fraction': 0.7512564461921505, 'bagging_fraction': 0.7734422428720755, 'bagging_freq': 1, 'min_child_samples': 36}. Best is trial 147 with value: 0.8194774198196677.
[I 2025-04-08 01:24:59,456] Trial 161 finished with value: 0.8183035737820725 and parameters: {'lambda_l1': 1.331182405830088, 'lambda_l2': 0.0408066553167143, 'num_leaves': 33, 'feature_fraction': 0.809124610703692, 'bagging_fraction': 0.7268854322121092, 'bagging_freq': 1, 'min_child_samples': 86}. Best is trial 147 with value: 0.8194774198196677.
[I 2025-04-08 01:25:01,271] Trial 162 finished with value: 0.8170458878749379 and parameters: {'lambda_l1': 3.2870721395901357, 'lambda_l2': 0.006116832417774444, 'num_leaves': 38, 'feature_fraction': 0.4619204328892477, 'bagging_fraction': 0.7994873828435759, 'bagging_freq': 1, 'min_child_samples': 23}. Best is trial 147 with value: 0.8194774198196677.
[I 2025-04-08 01:25:02,505] Trial 163 finished with value: 0.8100449512442427 and parameters: {'lambda_l1': 30.710231303865225, 'lambda_l2': 0.02752033685052004, 'num_leaves': 30, 'feature_fraction': 0.9197759518384345, 'bagging_fraction': 0.7637267445866214, 'bagging_freq': 2, 'min_child_samples': 26}. Best is trial 147 with value: 0.8194774198196677.
[I 2025-04-08 01:25:04,292] Trial 164 finished with value: 0.8162912411850398 and parameters: {'lambda_l1': 0.09334793185202084, 'lambda_l2': 0.05615532893530427, 'num_leaves': 45, 'feature_fraction': 0.8946024377746141, 'bagging_fraction': 0.5917450745635061, 'bagging_freq': 5, 'min_child_samples': 57}. Best is trial 147 with value: 0.8194774198196677.
[I 2025-04-08 01:25:06,181] Trial 165 finished with value: 0.8172134094587399 and parameters: {'lambda_l1': 9.972634475069531, 'lambda_l2': 0.007882100721266662, 'num_leaves': 35, 'feature_fraction': 0.7949857730011247, 'bagging_fraction': 0.7423947685037927, 'bagging_freq': 1, 'min_child_samples': 123}. Best is trial 147 with value: 0.8194774198196677.
[I 2025-04-08 01:25:07,595] Trial 166 finished with value: 0.8163332226246396 and parameters: {'lambda_l1': 16.451631633219254, 'lambda_l2': 0.018105311842153162, 'num_leaves': 39, 'feature_fraction': 0.8625523262893902, 'bagging_fraction': 0.8171791962641775, 'bagging_freq': 1, 'min_child_samples': 47}. Best is trial 147 with value: 0.8194774198196677.
[I 2025-04-08 01:25:09,184] Trial 167 finished with value: 0.8183455727944807 and parameters: {'lambda_l1': 2.2978135150082255, 'lambda_l2': 0.20100471941478948, 'num_leaves': 42, 'feature_fraction': 0.9069064038451977, 'bagging_fraction': 0.757762071478261, 'bagging_freq': 2, 'min_child_samples': 128}. Best is trial 147 with value: 0.8194774198196677.
[I 2025-04-08 01:25:11,046] Trial 168 finished with value: 0.8185969518206309 and parameters: {'lambda_l1': 2.0931180592660694, 'lambda_l2': 0.003875185907742353, 'num_leaves': 52, 'feature_fraction': 0.7069995516729436, 'bagging_fraction': 0.6501806183529364, 'bagging_freq': 1, 'min_child_samples': 103}. Best is trial 147 with value: 0.8194774198196677.
[I 2025-04-08 01:25:12,319] Trial 169 finished with value: 0.8173812122074786 and parameters: {'lambda_l1': 0.0015153328590389271, 'lambda_l2': 0.011932613760101594, 'num_leaves': 29, 'feature_fraction': 0.5274804679747127, 'bagging_fraction': 0.9080863246860156, 'bagging_freq': 2, 'min_child_samples': 91}. Best is trial 147 with value: 0.8194774198196677.
[I 2025-04-08 01:25:13,620] Trial 170 finished with value: 0.8181775591720395 and parameters: {'lambda_l1': 1.1712286465261645, 'lambda_l2': 0.02956217160294314, 'num_leaves': 25, 'feature_fraction': 0.934475359252086, 'bagging_fraction': 0.7841808029043363, 'bagging_freq': 7, 'min_child_samples': 117}. Best is trial 147 with value: 0.8194774198196677.
[I 2025-04-08 01:25:15,619] Trial 171 finished with value: 0.8184710777930662 and parameters: {'lambda_l1': 2.2671561167744546e-06, 'lambda_l2': 8.063500985187548e-05, 'num_leaves': 36, 'feature_fraction': 0.8184000218031053, 'bagging_fraction': 0.7365288455947188, 'bagging_freq': 3, 'min_child_samples': 119}. Best is trial 147 with value: 0.8194774198196677.
[I 2025-04-08 01:25:17,124] Trial 172 finished with value: 0.8179682845951488 and parameters: {'lambda_l1': 3.4955792933627586e-06, 'lambda_l2': 0.00019118605976587412, 'num_leaves': 32, 'feature_fraction': 0.8279698580645067, 'bagging_fraction': 0.9491548466021383, 'bagging_freq': 2, 'min_child_samples': 121}. Best is trial 147 with value: 0.8194774198196677.
[I 2025-04-08 01:25:18,799] Trial 173 finished with value: 0.8153687917464033 and parameters: {'lambda_l1': 4.213404461294934, 'lambda_l2': 7.641804149937835e-06, 'num_leaves': 37, 'feature_fraction': 0.5664784298399731, 'bagging_fraction': 0.7322682640872528, 'bagging_freq': 1, 'min_child_samples': 115}. Best is trial 147 with value: 0.8194774198196677.
[I 2025-04-08 01:25:20,203] Trial 174 finished with value: 0.8183037670829665 and parameters: {'lambda_l1': 1.4699393120148423e-06, 'lambda_l2': 0.06957591492159684, 'num_leaves': 34, 'feature_fraction': 0.8157504192543469, 'bagging_fraction': 0.745783254738819, 'bagging_freq': 1, 'min_child_samples': 112}. Best is trial 147 with value: 0.8194774198196677.
[I 2025-04-08 01:25:21,771] Trial 175 finished with value: 0.817381387935564 and parameters: {'lambda_l1': 6.349864156678616e-06, 'lambda_l2': 0.0004974381814026217, 'num_leaves': 40, 'feature_fraction': 0.8871769553606308, 'bagging_fraction': 0.7715877506590262, 'bagging_freq': 2, 'min_child_samples': 123}. Best is trial 147 with value: 0.8194774198196677.
[I 2025-04-08 01:25:23,401] Trial 176 finished with value: 0.8174651047954435 and parameters: {'lambda_l1': 0.7474598358677867, 'lambda_l2': 3.134144301615099e-05, 'num_leaves': 44, 'feature_fraction': 0.8031445198351379, 'bagging_fraction': 0.7228426296247605, 'bagging_freq': 1, 'min_child_samples': 61}. Best is trial 147 with value: 0.8194774198196677.
[I 2025-04-08 01:25:24,836] Trial 177 finished with value: 0.8185553218372019 and parameters: {'lambda_l1': 6.926027326184571, 'lambda_l2': 0.0016975571129779093, 'num_leaves': 37, 'feature_fraction': 0.7905362433463954, 'bagging_fraction': 0.7590703481490616, 'bagging_freq': 4, 'min_child_samples': 94}. Best is trial 147 with value: 0.8194774198196677.
[I 2025-04-08 01:25:26,970] Trial 178 finished with value: 0.8172972844738965 and parameters: {'lambda_l1': 0.2043911092934017, 'lambda_l2': 0.00631261681935961, 'num_leaves': 42, 'feature_fraction': 0.842127285204563, 'bagging_fraction': 0.7923796895162342, 'bagging_freq': 1, 'min_child_samples': 80}. Best is trial 147 with value: 0.8194774198196677.
[I 2025-04-08 01:25:28,496] Trial 179 finished with value: 0.8177164838215939 and parameters: {'lambda_l1': 8.911411395919236e-06, 'lambda_l2': 0.13796163774861445, 'num_leaves': 31, 'feature_fraction': 0.7753127599079244, 'bagging_fraction': 0.7086969102725024, 'bagging_freq': 2, 'min_child_samples': 120}. Best is trial 147 with value: 0.8194774198196677.
[I 2025-04-08 01:25:29,470] Trial 180 finished with value: 0.8029600341615397 and parameters: {'lambda_l1': 52.738592770289515, 'lambda_l2': 5.377413157509326e-08, 'num_leaves': 34, 'feature_fraction': 0.8677684541214267, 'bagging_fraction': 0.7466860293630422, 'bagging_freq': 1, 'min_child_samples': 125}. Best is trial 147 with value: 0.8194774198196677.
[I 2025-04-08 01:25:31,476] Trial 181 finished with value: 0.8188907867522112 and parameters: {'lambda_l1': 1.8042060371916049, 'lambda_l2': 0.39988866544500545, 'num_leaves': 46, 'feature_fraction': 0.7411792916387865, 'bagging_fraction': 0.8073832986315301, 'bagging_freq': 4, 'min_child_samples': 18}. Best is trial 147 with value: 0.8194774198196677.
[I 2025-04-08 01:25:33,377] Trial 182 finished with value: 0.819100131620336 and parameters: {'lambda_l1': 1.3173524865984874, 'lambda_l2': 0.7264396298179632, 'num_leaves': 47, 'feature_fraction': 0.7397869929483624, 'bagging_fraction': 0.8051595833763394, 'bagging_freq': 3, 'min_child_samples': 12}. Best is trial 147 with value: 0.8194774198196677.
[I 2025-04-08 01:25:35,303] Trial 183 finished with value: 0.8178006048560699 and parameters: {'lambda_l1': 1.4793674828055907, 'lambda_l2': 0.491632722752082, 'num_leaves': 47, 'feature_fraction': 0.7176551205733818, 'bagging_fraction': 0.8057801713233161, 'bagging_freq': 4, 'min_child_samples': 9}. Best is trial 147 with value: 0.8194774198196677.
[I 2025-04-08 01:25:37,650] Trial 184 finished with value: 0.8188487701669944 and parameters: {'lambda_l1': 3.2022678644767653, 'lambda_l2': 2.438328409824064, 'num_leaves': 50, 'feature_fraction': 0.7324648825771702, 'bagging_fraction': 0.8300613822764642, 'bagging_freq': 3, 'min_child_samples': 20}. Best is trial 147 with value: 0.8194774198196677.
[I 2025-04-08 01:25:39,465] Trial 185 finished with value: 0.8186810728551069 and parameters: {'lambda_l1': 3.2606214184894773, 'lambda_l2': 3.1397918301892305, 'num_leaves': 49, 'feature_fraction': 0.7471365803744826, 'bagging_fraction': 0.8262604582289903, 'bagging_freq': 3, 'min_child_samples': 7}. Best is trial 147 with value: 0.8194774198196677.
