[I 2025-04-08 19:40:56,808] Trial 21 finished with value: 0.8133148818843674 and parameters: {'max_depth': 7, 'learning_rate': 0.04194111898792557, 'n_estimators': 53, 'gamma': 0.17013227404534906, 'min_child_weight': 5, 'subsample': 0.5846902623016241, 'colsample_bytree': 0.8746073594431623}. Best is trial 0 with value: 0.8204836915550354.
[I 2025-04-08 19:40:58,601] Trial 22 finished with value: 0.8074873168254371 and parameters: {'max_depth': 7, 'learning_rate': 0.008844526841226186, 'n_estimators': 159, 'gamma': 0.15538196636876223, 'min_child_weight': 6, 'subsample': 0.5583533854554984, 'colsample_bytree': 0.8167788339046226}. Best is trial 0 with value: 0.8204836915550354.
[I 2025-04-08 19:40:59,723] Trial 23 finished with value: 0.8035042816148005 and parameters: {'max_depth': 3, 'learning_rate': 0.7313728324296894, 'n_estimators': 191, 'gamma': 0.05509582576492422, 'min_child_weight': 5, 'subsample': 0.6155047792804118, 'colsample_bytree': 0.9369154987333426}. Best is trial 0 with value: 0.8204836915550354.
[I 2025-04-08 19:41:06,467] Trial 24 finished with value: 0.8178426741597123 and parameters: {'max_depth': 14, 'learning_rate': 0.005898912303451892, 'n_estimators': 265, 'gamma': 0.00240215927374772, 'min_child_weight': 4, 'subsample': 0.682830304996662, 'colsample_bytree': 0.9914080021528544}. Best is trial 0 with value: 0.8204836915550354.
[I 2025-04-08 19:41:12,771] Trial 25 finished with value: 0.6501906473998393 and parameters: {'max_depth': 15, 'learning_rate': 0.0011261042946560473, 'n_estimators': 266, 'gamma': 0.003888356483541716, 'min_child_weight': 6, 'subsample': 0.694325060672575, 'colsample_bytree': 0.9746111032772589}. Best is trial 0 with value: 0.8204836915550354.
[I 2025-04-08 19:41:18,606] Trial 26 finished with value: 0.7987252860413909 and parameters: {'max_depth': 16, 'learning_rate': 0.23017128397384684, 'n_estimators': 276, 'gamma': 0.0950825808075779, 'min_child_weight': 4, 'subsample': 0.635514453753972, 'colsample_bytree': 0.9931154199479642}. Best is trial 0 with value: 0.8204836915550354.
[I 2025-04-08 19:41:28,268] Trial 27 finished with value: 0.6377394866279713 and parameters: {'max_depth': 20, 'learning_rate': 0.0011930930904004873, 'n_estimators': 234, 'gamma': 0.0010993719541731728, 'min_child_weight': 2, 'subsample': 0.6092402933138044, 'colsample_bytree': 0.9215425356172842}. Best is trial 0 with value: 0.8204836915550354.
[I 2025-04-08 19:41:32,188] Trial 28 finished with value: 0.7939460971670875 and parameters: {'max_depth': 28, 'learning_rate': 0.004812864074533968, 'n_estimators': 134, 'gamma': 0.056299259552967, 'min_child_weight': 5, 'subsample': 0.6803483299358275, 'colsample_bytree': 0.9961252437801786}. Best is trial 0 with value: 0.8204836915550354.
[I 2025-04-08 19:41:33,775] Trial 29 finished with value: 0.8178004291279846 and parameters: {'max_depth': 5, 'learning_rate': 0.07690557040908119, 'n_estimators': 259, 'gamma': 0.1366978007442759, 'min_child_weight': 3, 'subsample': 0.8220079291616565, 'colsample_bytree': 0.9358135580136896}. Best is trial 0 with value: 0.8204836915550354.
[I 2025-04-08 19:41:38,847] Trial 30 finished with value: 0.8194356316809623 and parameters: {'max_depth': 12, 'learning_rate': 0.01847864088977051, 'n_estimators': 288, 'gamma': 0.10849471849934722, 'min_child_weight': 6, 'subsample': 0.5415311060949412, 'colsample_bytree': 0.801112832043797}. Best is trial 0 with value: 0.8204836915550354.
[I 2025-04-08 19:41:43,652] Trial 31 finished with value: 0.8193935975229371 and parameters: {'max_depth': 13, 'learning_rate': 0.017984723077657156, 'n_estimators': 285, 'gamma': 0.09477161933739339, 'min_child_weight': 6, 'subsample': 0.5387092731725338, 'colsample_bytree': 0.7921657495267401}. Best is trial 0 with value: 0.8204836915550354.
[I 2025-04-08 19:41:46,979] Trial 32 finished with value: 0.8185969166750138 and parameters: {'max_depth': 9, 'learning_rate': 0.020425628186806686, 'n_estimators': 284, 'gamma': 0.1755380706856383, 'min_child_weight': 6, 'subsample': 0.5383745418485331, 'colsample_bytree': 0.7971497815415408}. Best is trial 0 with value: 0.8204836915550354.
[I 2025-04-08 19:41:51,847] Trial 33 finished with value: 0.8159560222893504 and parameters: {'max_depth': 12, 'learning_rate': 0.04206016889749366, 'n_estimators': 290, 'gamma': 0.10970816318515739, 'min_child_weight': 7, 'subsample': 0.5038757781609777, 'colsample_bytree': 0.7246554862880149}. Best is trial 0 with value: 0.8204836915550354.
[I 2025-04-08 19:41:54,597] Trial 34 finished with value: 0.8178844095799922 and parameters: {'max_depth': 9, 'learning_rate': 0.016383440523697924, 'n_estimators': 231, 'gamma': 0.2616826840790808, 'min_child_weight': 6, 'subsample': 0.5497886479558673, 'colsample_bytree': 0.8508840834855301}. Best is trial 0 with value: 0.8204836915550354.
[I 2025-04-08 19:41:58,066] Trial 35 finished with value: 0.8048457019546236 and parameters: {'max_depth': 12, 'learning_rate': 0.13224720868153175, 'n_estimators': 247, 'gamma': 0.06714981002735906, 'min_child_weight': 6, 'subsample': 0.5378047020785343, 'colsample_bytree': 0.7979632449341785}. Best is trial 0 with value: 0.8204836915550354.
[I 2025-04-08 19:41:59,666] Trial 36 finished with value: 0.7975512818485189 and parameters: {'max_depth': 9, 'learning_rate': 0.38365912099655086, 'n_estimators': 95, 'gamma': 0.12352416913771878, 'min_child_weight': 7, 'subsample': 0.5976591612307877, 'colsample_bytree': 0.6751985083047594}. Best is trial 0 with value: 0.8204836915550354.
[I 2025-04-08 19:42:01,379] Trial 37 finished with value: 0.8179263734467833 and parameters: {'max_depth': 6, 'learning_rate': 0.043747356810047, 'n_estimators': 176, 'gamma': 0.16143389593710805, 'min_child_weight': 5, 'subsample': 0.562417170677211, 'colsample_bytree': 0.8757176669957888}. Best is trial 0 with value: 0.8204836915550354.
[I 2025-04-08 19:42:05,656] Trial 38 finished with value: 0.8195614529901013 and parameters: {'max_depth': 11, 'learning_rate': 0.01738111394979086, 'n_estimators': 278, 'gamma': 0.19610094120447408, 'min_child_weight': 6, 'subsample': 0.6458093348052025, 'colsample_bytree': 0.8403504033865948}. Best is trial 0 with value: 0.8204836915550354.
[I 2025-04-08 19:42:10,727] Trial 39 finished with value: 0.818890452868849 and parameters: {'max_depth': 13, 'learning_rate': 0.026327121554255657, 'n_estimators': 282, 'gamma': 0.19925600845877361, 'min_child_weight': 7, 'subsample': 0.6493923176152188, 'colsample_bytree': 0.7734574520277301}. Best is trial 0 with value: 0.8204836915550354.
[I 2025-04-08 19:42:15,318] Trial 40 finished with value: 0.778015274285182 and parameters: {'max_depth': 11, 'learning_rate': 0.003279848989224005, 'n_estimators': 300, 'gamma': 0.2787808419283906, 'min_child_weight': 6, 'subsample': 0.5293755945056453, 'colsample_bytree': 0.5340165438247969}. Best is trial 0 with value: 0.8204836915550354.
[I 2025-04-08 19:42:20,683] Trial 41 finished with value: 0.8191419373318501 and parameters: {'max_depth': 15, 'learning_rate': 0.02699018921977281, 'n_estimators': 279, 'gamma': 0.1952013889535059, 'min_child_weight': 7, 'subsample': 0.6373755856723566, 'colsample_bytree': 0.7781660181002602}. Best is trial 0 with value: 0.8204836915550354.
[I 2025-04-08 19:42:26,352] Trial 42 finished with value: 0.8197289570010948 and parameters: {'max_depth': 16, 'learning_rate': 0.0158432302162535, 'n_estimators': 270, 'gamma': 0.14149902116564017, 'min_child_weight': 7, 'subsample': 0.6261347311718312, 'colsample_bytree': 0.7388282270541703}. Best is trial 0 with value: 0.8204836915550354.
[I 2025-04-08 19:42:32,471] Trial 43 finished with value: 0.8194355262441109 and parameters: {'max_depth': 17, 'learning_rate': 0.011695708406278463, 'n_estimators': 269, 'gamma': 0.1334790714946238, 'min_child_weight': 6, 'subsample': 0.5000578660239139, 'colsample_bytree': 0.7434776391410273}. Best is trial 0 with value: 0.8204836915550354.
[I 2025-04-08 19:42:38,946] Trial 44 finished with value: 0.8162915926412108 and parameters: {'max_depth': 19, 'learning_rate': 0.00847635003941319, 'n_estimators': 252, 'gamma': 0.14283586655520883, 'min_child_weight': 7, 'subsample': 0.9252285627228601, 'colsample_bytree': 0.7377888908149799}. Best is trial 0 with value: 0.8204836915550354.
[I 2025-04-08 19:42:45,270] Trial 45 finished with value: 0.7898375745306742 and parameters: {'max_depth': 23, 'learning_rate': 0.0036516920758219522, 'n_estimators': 267, 'gamma': 0.22951923877849106, 'min_child_weight': 6, 'subsample': 0.5041726166846444, 'colsample_bytree': 0.6558645061648123}. Best is trial 0 with value: 0.8204836915550354.
[I 2025-04-08 19:42:50,258] Trial 46 finished with value: 0.6813398739326716 and parameters: {'max_depth': 21, 'learning_rate': 0.0016564167982507814, 'n_estimators': 234, 'gamma': 0.03166153301508701, 'min_child_weight': 7, 'subsample': 0.5657203294302152, 'colsample_bytree': 0.8329916359529068}. Best is trial 0 with value: 0.8204836915550354.
[I 2025-04-08 19:42:56,498] Trial 47 finished with value: 0.8194355262441109 and parameters: {'max_depth': 17, 'learning_rate': 0.012137649404213479, 'n_estimators': 258, 'gamma': 0.3047766262135492, 'min_child_weight': 6, 'subsample': 0.658814093178437, 'colsample_bytree': 0.7467984796162925}. Best is trial 0 with value: 0.8204836915550354.
[I 2025-04-08 19:43:00,471] Trial 48 finished with value: 0.8159555653963283 and parameters: {'max_depth': 16, 'learning_rate': 0.052201587053635, 'n_estimators': 208, 'gamma': 0.18083392780473656, 'min_child_weight': 7, 'subsample': 0.6022115556084973, 'colsample_bytree': 0.8567639449885651}. Best is trial 0 with value: 0.8204836915550354.
[I 2025-04-08 19:43:04,486] Trial 49 finished with value: 0.8180101605978972 and parameters: {'max_depth': 10, 'learning_rate': 0.011287879655416149, 'n_estimators': 245, 'gamma': 0.1208590270526593, 'min_child_weight': 6, 'subsample': 0.7044360163791505, 'colsample_bytree': 0.7004578948700875}. Best is trial 0 with value: 0.8204836915550354.
[I 2025-04-08 19:43:09,228] Trial 50 finished with value: 0.6377394866279713 and parameters: {'max_depth': 32, 'learning_rate': 0.0004829001625092355, 'n_estimators': 226, 'gamma': 0.22327347649022616, 'min_child_weight': 7, 'subsample': 0.5203341051208099, 'colsample_bytree': 0.8294421891630153}. Best is trial 0 with value: 0.8204836915550354.
[I 2025-04-08 19:43:15,798] Trial 51 finished with value: 0.8207352287364623 and parameters: {'max_depth': 18, 'learning_rate': 0.015014752633243422, 'n_estimators': 258, 'gamma': 0.3138959770868654, 'min_child_weight': 6, 'subsample': 0.7322547245402522, 'colsample_bytree': 0.7506383523679588}. Best is trial 51 with value: 0.8207352287364623.
[I 2025-04-08 19:43:24,391] Trial 52 finished with value: 0.8185971978399504 and parameters: {'max_depth': 25, 'learning_rate': 0.008141270445375428, 'n_estimators': 291, 'gamma': 0.3434193121260436, 'min_child_weight': 6, 'subsample': 0.7477466049354876, 'colsample_bytree': 0.7522634352735122}. Best is trial 51 with value: 0.8207352287364623.
[I 2025-04-08 19:43:31,435] Trial 53 finished with value: 0.8137758517979619 and parameters: {'max_depth': 19, 'learning_rate': 0.005978579991056514, 'n_estimators': 272, 'gamma': 0.32125131731033857, 'min_child_weight': 5, 'subsample': 0.7369708165244524, 'colsample_bytree': 0.7152873564820202}. Best is trial 51 with value: 0.8207352287364623.
[I 2025-04-08 19:43:37,670] Trial 54 finished with value: 0.8200643867704869 and parameters: {'max_depth': 21, 'learning_rate': 0.01509435349508586, 'n_estimators': 262, 'gamma': 0.36915461508078184, 'min_child_weight': 6, 'subsample': 0.624425102865878, 'colsample_bytree': 0.6940026997472106}. Best is trial 51 with value: 0.8207352287364623.
[I 2025-04-08 19:43:43,611] Trial 55 finished with value: 0.8113443022804233 and parameters: {'max_depth': 22, 'learning_rate': 0.06367107658744349, 'n_estimators': 240, 'gamma': 0.3966387693937763, 'min_child_weight': 5, 'subsample': 0.807747430592378, 'colsample_bytree': 0.6622548605758464}. Best is trial 51 with value: 0.8207352287364623.
[I 2025-04-08 19:43:49,283] Trial 56 finished with value: 0.81629111817538 and parameters: {'max_depth': 25, 'learning_rate': 0.03112346736188503, 'n_estimators': 201, 'gamma': 0.4355061890918066, 'min_child_weight': 6, 'subsample': 0.8817594179521564, 'colsample_bytree': 0.6903993238342256}. Best is trial 51 with value: 0.8207352287364623.
[I 2025-04-08 19:43:55,217] Trial 57 finished with value: 0.6857836681832 and parameters: {'max_depth': 28, 'learning_rate': 0.0018680807794274512, 'n_estimators': 257, 'gamma': 0.4821782498159167, 'min_child_weight': 7, 'subsample': 0.6218445278951418, 'colsample_bytree': 0.6216903554862842}. Best is trial 51 with value: 0.8207352287364623.
[I 2025-04-08 19:44:01,895] Trial 58 finished with value: 0.8061458086215714 and parameters: {'max_depth': 30, 'learning_rate': 0.004619846251663753, 'n_estimators': 296, 'gamma': 0.3785872520654188, 'min_child_weight': 6, 'subsample': 0.5914218361940785, 'colsample_bytree': 0.5939690689476776}. Best is trial 51 with value: 0.8207352287364623.
[I 2025-04-08 19:44:07,559] Trial 59 finished with value: 0.8200643340520613 and parameters: {'max_depth': 15, 'learning_rate': 0.017570604599338364, 'n_estimators': 262, 'gamma': 0.370365125072041, 'min_child_weight': 5, 'subsample': 0.6266917810771843, 'colsample_bytree': 0.8175766829780973}. Best is trial 51 with value: 0.8207352287364623.
[I 2025-04-08 19:44:11,553] Trial 60 finished with value: 0.808199911784501 and parameters: {'max_depth': 15, 'learning_rate': 0.11277003776479014, 'n_estimators': 226, 'gamma': 0.37038166285430196, 'min_child_weight': 5, 'subsample': 0.7727277601279063, 'colsample_bytree': 0.8665300224427689}. Best is trial 51 with value: 0.8207352287364623.
[I 2025-04-08 19:44:16,476] Trial 61 finished with value: 0.8190578865886081 and parameters: {'max_depth': 14, 'learning_rate': 0.02109188174914109, 'n_estimators': 251, 'gamma': 0.27519300043773, 'min_child_weight': 6, 'subsample': 0.6267676925998701, 'colsample_bytree': 0.8913427008151813}. Best is trial 51 with value: 0.8207352287364623.
[I 2025-04-08 19:44:22,953] Trial 62 finished with value: 0.8185967760925454 and parameters: {'max_depth': 19, 'learning_rate': 0.018161617252018786, 'n_estimators': 262, 'gamma': 0.4412917567113787, 'min_child_weight': 5, 'subsample': 0.6619183796201429, 'colsample_bytree': 0.8224749281578145}. Best is trial 51 with value: 0.8207352287364623.
[I 2025-04-08 19:44:29,788] Trial 63 finished with value: 0.8187227204113443 and parameters: {'max_depth': 16, 'learning_rate': 0.014922729944136326, 'n_estimators': 273, 'gamma': 0.35048957843210815, 'min_child_weight': 6, 'subsample': 0.9955069792350155, 'colsample_bytree': 0.8074670903910581}. Best is trial 51 with value: 0.8207352287364623.
[I 2025-04-08 19:44:35,104] Trial 64 finished with value: 0.8182617856433669 and parameters: {'max_depth': 12, 'learning_rate': 0.007284458637529001, 'n_estimators': 288, 'gamma': 0.3629946179671159, 'min_child_weight': 4, 'subsample': 0.5723538421262814, 'colsample_bytree': 0.8460784780244033}. Best is trial 51 with value: 0.8207352287364623.
[I 2025-04-08 19:44:42,198] Trial 65 finished with value: 0.6377394866279713 and parameters: {'max_depth': 18, 'learning_rate': 7.381650732107745e-05, 'n_estimators': 279, 'gamma': 0.3266606323839413, 'min_child_weight': 5, 'subsample': 0.7036083219691912, 'colsample_bytree': 0.7792059593391397}. Best is trial 51 with value: 0.8207352287364623.
[I 2025-04-08 19:44:45,567] Trial 66 finished with value: 0.8182617680705583 and parameters: {'max_depth': 11, 'learning_rate': 0.04009073872615296, 'n_estimators': 241, 'gamma': 0.4332977776569616, 'min_child_weight': 6, 'subsample': 0.6114260085653939, 'colsample_bytree': 0.89059424700557}. Best is trial 51 with value: 0.8207352287364623.
[I 2025-04-08 19:44:50,655] Trial 67 finished with value: 0.8179683724591916 and parameters: {'max_depth': 14, 'learning_rate': 0.03047819615001664, 'n_estimators': 263, 'gamma': 0.2595643697252693, 'min_child_weight': 5, 'subsample': 0.6745819194654277, 'colsample_bytree': 0.7581930925341578}. Best is trial 51 with value: 0.8207352287364623.
[I 2025-04-08 19:44:53,655] Trial 68 finished with value: 0.8018696413916961 and parameters: {'max_depth': 8, 'learning_rate': 0.004407508382271417, 'n_estimators': 251, 'gamma': 0.30032792967106375, 'min_child_weight': 7, 'subsample': 0.6447251265523777, 'colsample_bytree': 0.7277766480175814}. Best is trial 51 with value: 0.8207352287364623.
[I 2025-04-08 19:44:58,554] Trial 69 finished with value: 0.8131051152688377 and parameters: {'max_depth': 13, 'learning_rate': 0.06747060482843857, 'n_estimators': 277, 'gamma': 0.41589730352552323, 'min_child_weight': 4, 'subsample': 0.7244288860411653, 'colsample_bytree': 0.7057004237578818}. Best is trial 51 with value: 0.8207352287364623.
[I 2025-04-08 19:45:04,302] Trial 70 finished with value: 0.7898797141255507 and parameters: {'max_depth': 16, 'learning_rate': 0.0023862106403571984, 'n_estimators': 293, 'gamma': 0.4649776682237531, 'min_child_weight': 6, 'subsample': 0.5545964871020123, 'colsample_bytree': 0.8089070666770791}. Best is trial 51 with value: 0.8207352287364623.
[I 2025-04-08 19:45:10,403] Trial 71 finished with value: 0.8198128495890599 and parameters: {'max_depth': 17, 'learning_rate': 0.012522087487554909, 'n_estimators': 270, 'gamma': 0.14089097164786063, 'min_child_weight': 6, 'subsample': 0.5773732990579756, 'colsample_bytree': 0.7437377845853727}. Best is trial 51 with value: 0.8207352287364623.
[I 2025-04-08 19:45:16,577] Trial 72 finished with value: 0.8183455727944807 and parameters: {'max_depth': 20, 'learning_rate': 0.009434112835875282, 'n_estimators': 268, 'gamma': 0.2432470508528964, 'min_child_weight': 6, 'subsample': 0.5861764032581867, 'colsample_bytree': 0.6848943230099369}. Best is trial 51 with value: 0.8207352287364623.
[I 2025-04-08 19:45:22,691] Trial 73 finished with value: 0.8198548310286595 and parameters: {'max_depth': 15, 'learning_rate': 0.014394411377133405, 'n_estimators': 286, 'gamma': 0.15241860283921957, 'min_child_weight': 6, 'subsample': 0.6238220773104365, 'colsample_bytree': 0.7625371821350481}. Best is trial 51 with value: 0.8207352287364623.
[I 2025-04-08 19:45:28,545] Trial 74 finished with value: 0.8205257432858692 and parameters: {'max_depth': 18, 'learning_rate': 0.01582308772333079, 'n_estimators': 258, 'gamma': 0.15030553520865625, 'min_child_weight': 7, 'subsample': 0.6259122608286014, 'colsample_bytree': 0.7891177691728536}. Best is trial 51 with value: 0.8207352287364623.
[I 2025-04-08 19:45:33,696] Trial 75 finished with value: 0.6377394866279713 and parameters: {'max_depth': 17, 'learning_rate': 1.096099101899491e-05, 'n_estimators': 257, 'gamma': 0.1615832681453808, 'min_child_weight': 7, 'subsample': 0.5995889717537285, 'colsample_bytree': 0.7375616743134067}. Best is trial 51 with value: 0.8207352287364623.
[I 2025-04-08 19:45:38,909] Trial 76 finished with value: 0.8147818950868185 and parameters: {'max_depth': 18, 'learning_rate': 0.00632591612283328, 'n_estimators': 223, 'gamma': 0.07978327311824583, 'min_child_weight': 7, 'subsample': 0.622795425282696, 'colsample_bytree': 0.787137153757084}. Best is trial 51 with value: 0.8207352287364623.
[I 2025-04-08 19:45:44,284] Trial 77 finished with value: 0.8195612421163988 and parameters: {'max_depth': 20, 'learning_rate': 0.024623018898375548, 'n_estimators': 241, 'gamma': 0.575878021702839, 'min_child_weight': 7, 'subsample': 0.6866508964582748, 'colsample_bytree': 0.7652900810403904}. Best is trial 51 with value: 0.8207352287364623.
[I 2025-04-08 19:45:49,640] Trial 78 finished with value: 0.8198968651866847 and parameters: {'max_depth': 15, 'learning_rate': 0.013341030310373198, 'n_estimators': 248, 'gamma': 0.14542375674630417, 'min_child_weight': 7, 'subsample': 0.6660971194624454, 'colsample_bytree': 0.7192680042802533}. Best is trial 51 with value: 0.8207352287364623.
[I 2025-04-08 19:45:55,124] Trial 79 finished with value: 0.8174651575138693 and parameters: {'max_depth': 15, 'learning_rate': 0.013311615041832084, 'n_estimators': 249, 'gamma': 0.14813522682503452, 'min_child_weight': 5, 'subsample': 0.6691210885761063, 'colsample_bytree': 0.6492219078794459}. Best is trial 51 with value: 0.8207352287364623.
[I 2025-04-08 19:46:00,686] Trial 80 finished with value: 0.8162911357481887 and parameters: {'max_depth': 21, 'learning_rate': 0.03395252013727621, 'n_estimators': 235, 'gamma': 0.18809686171523493, 'min_child_weight': 6, 'subsample': 0.6080721894303212, 'colsample_bytree': 0.7108293848289322}. Best is trial 51 with value: 0.8207352287364623.
[I 2025-04-08 19:46:06,068] Trial 81 finished with value: 0.8183038022285836 and parameters: {'max_depth': 16, 'learning_rate': 0.00996120759813614, 'n_estimators': 260, 'gamma': 0.21259653918254504, 'min_child_weight': 7, 'subsample': 0.6298784698105061, 'colsample_bytree': 0.7283219388729439}. Best is trial 51 with value: 0.8207352287364623.
[I 2025-04-08 19:46:11,660] Trial 82 finished with value: 0.8198546728733825 and parameters: {'max_depth': 15, 'learning_rate': 0.013862362755581784, 'n_estimators': 271, 'gamma': 0.11622100333872204, 'min_child_weight': 7, 'subsample': 0.6529532140360343, 'colsample_bytree': 0.7658858997702845}. Best is trial 51 with value: 0.8207352287364623.
[I 2025-04-08 19:46:16,502] Trial 83 finished with value: 0.8194353856616425 and parameters: {'max_depth': 14, 'learning_rate': 0.02313535635795272, 'n_estimators': 285, 'gamma': 0.10699822247498511, 'min_child_weight': 7, 'subsample': 0.6551719398146271, 'colsample_bytree': 0.7597081722156983}. Best is trial 51 with value: 0.8207352287364623.
