[I 2025-04-08 00:44:59,221] Trial 126 finished with value: 0.8212381273712308 and parameters: {'lambda_l1': 1.9309096137360955e-05, 'lambda_l2': 1.0276771551875818, 'num_leaves': 34, 'feature_fraction': 0.4606953847711922, 'bagging_fraction': 0.8972773178465505, 'bagging_freq': 10, 'min_child_samples': 2}. Best is trial 68 with value: 0.822076736940328.
[I 2025-04-08 00:45:00,622] Trial 127 finished with value: 0.8189324870268742 and parameters: {'lambda_l1': 1.3513415471569204e-05, 'lambda_l2': 0.33399221462127865, 'num_leaves': 30, 'feature_fraction': 0.4145663241373763, 'bagging_fraction': 0.8511520126012347, 'bagging_freq': 9, 'min_child_samples': 8}. Best is trial 68 with value: 0.822076736940328.
[I 2025-04-08 00:45:01,840] Trial 128 finished with value: 0.8177585355524275 and parameters: {'lambda_l1': 3.653005830497568e-06, 'lambda_l2': 0.030076579321336047, 'num_leaves': 27, 'feature_fraction': 0.4296215980732762, 'bagging_fraction': 0.9050365440304369, 'bagging_freq': 10, 'min_child_samples': 3}. Best is trial 68 with value: 0.822076736940328.
[I 2025-04-08 00:45:03,547] Trial 129 finished with value: 0.8196034871481265 and parameters: {'lambda_l1': 2.7279844087071022e-05, 'lambda_l2': 0.6752690728318549, 'num_leaves': 22, 'feature_fraction': 0.458960020457233, 'bagging_fraction': 0.8742060015569096, 'bagging_freq': 9, 'min_child_samples': 2}. Best is trial 68 with value: 0.822076736940328.
[I 2025-04-08 00:45:05,213] Trial 130 finished with value: 0.8202742412500592 and parameters: {'lambda_l1': 0.0001612362761643589, 'lambda_l2': 0.172604092737227, 'num_leaves': 36, 'feature_fraction': 0.4435440999403384, 'bagging_fraction': 0.8828619428596718, 'bagging_freq': 10, 'min_child_samples': 116}. Best is trial 68 with value: 0.822076736940328.
[I 2025-04-08 00:45:06,734] Trial 131 finished with value: 0.8196868701246439 and parameters: {'lambda_l1': 4.846077644549615e-05, 'lambda_l2': 1.5278163053516192, 'num_leaves': 33, 'feature_fraction': 0.4658275267453265, 'bagging_fraction': 0.835584334576297, 'bagging_freq': 10, 'min_child_samples': 5}. Best is trial 68 with value: 0.822076736940328.
[I 2025-04-08 00:45:08,418] Trial 132 finished with value: 0.8187227555569615 and parameters: {'lambda_l1': 8.259757381951792e-06, 'lambda_l2': 3.8474290969865845, 'num_leaves': 45, 'feature_fraction': 0.42109110646103975, 'bagging_fraction': 0.8943873590361464, 'bagging_freq': 11, 'min_child_samples': 9}. Best is trial 68 with value: 0.822076736940328.
[I 2025-04-08 00:45:09,955] Trial 133 finished with value: 0.8192254608908358 and parameters: {'lambda_l1': 0.0006203278831473525, 'lambda_l2': 0.8937515711130883, 'num_leaves': 35, 'feature_fraction': 0.4360797689697642, 'bagging_fraction': 0.8656713349363305, 'bagging_freq': 10, 'min_child_samples': 36}. Best is trial 68 with value: 0.822076736940328.
[I 2025-04-08 00:45:11,012] Trial 134 finished with value: 0.8182198217765759 and parameters: {'lambda_l1': 3.301461613226255e-05, 'lambda_l2': 0.0007985522723997817, 'num_leaves': 18, 'feature_fraction': 0.4513175225521168, 'bagging_fraction': 0.920119820101921, 'bagging_freq': 9, 'min_child_samples': 11}. Best is trial 68 with value: 0.822076736940328.
[I 2025-04-08 00:45:12,668] Trial 135 finished with value: 0.820818910450725 and parameters: {'lambda_l1': 0.0001294763345695623, 'lambda_l2': 7.339126159148948, 'num_leaves': 40, 'feature_fraction': 0.48420559845825417, 'bagging_fraction': 0.9512318582241077, 'bagging_freq': 4, 'min_child_samples': 124}. Best is trial 68 with value: 0.822076736940328.
[I 2025-04-08 00:45:14,492] Trial 136 finished with value: 0.8193097225077803 and parameters: {'lambda_l1': 0.0018296068947236354, 'lambda_l2': 22.742229703032383, 'num_leaves': 25, 'feature_fraction': 0.48212257469397074, 'bagging_fraction': 0.949156520629831, 'bagging_freq': 1, 'min_child_samples': 120}. Best is trial 68 with value: 0.822076736940328.
[I 2025-04-08 00:45:15,871] Trial 137 finished with value: 0.8190163620420305 and parameters: {'lambda_l1': 5.193366470968543e-06, 'lambda_l2': 0.003420187978299618, 'num_leaves': 31, 'feature_fraction': 0.8672536371110506, 'bagging_fraction': 0.9641057111803858, 'bagging_freq': 4, 'min_child_samples': 124}. Best is trial 68 with value: 0.822076736940328.
[I 2025-04-08 00:45:17,794] Trial 138 finished with value: 0.822621617014696 and parameters: {'lambda_l1': 0.0004601974825138472, 'lambda_l2': 6.699157009534451, 'num_leaves': 39, 'feature_fraction': 0.5080021368527293, 'bagging_fraction': 0.9742883177607045, 'bagging_freq': 2, 'min_child_samples': 120}. Best is trial 138 with value: 0.822621617014696.
[I 2025-04-08 00:45:19,305] Trial 139 finished with value: 0.8206093722817063 and parameters: {'lambda_l1': 0.0003925596400187425, 'lambda_l2': 2.955202244353083e-05, 'num_leaves': 38, 'feature_fraction': 0.5031766178899137, 'bagging_fraction': 0.9753171195162833, 'bagging_freq': 5, 'min_child_samples': 103}. Best is trial 138 with value: 0.822621617014696.
[I 2025-04-08 00:45:20,938] Trial 140 finished with value: 0.819645204995598 and parameters: {'lambda_l1': 0.0015269137654661117, 'lambda_l2': 1.8532487990194817, 'num_leaves': 42, 'feature_fraction': 0.5155482553434045, 'bagging_fraction': 0.9650718484391634, 'bagging_freq': 11, 'min_child_samples': 44}. Best is trial 138 with value: 0.822621617014696.
[I 2025-04-08 00:45:22,597] Trial 141 finished with value: 0.8213638608163272 and parameters: {'lambda_l1': 0.00012376625117805056, 'lambda_l2': 6.222998404710828, 'num_leaves': 40, 'feature_fraction': 0.489689403981122, 'bagging_fraction': 0.9510087356039043, 'bagging_freq': 2, 'min_child_samples': 119}. Best is trial 138 with value: 0.822621617014696.
[I 2025-04-08 00:45:24,589] Trial 142 finished with value: 0.8207351584452283 and parameters: {'lambda_l1': 1.5440540110810538e-06, 'lambda_l2': 14.43762615828917, 'num_leaves': 36, 'feature_fraction': 0.5339294142608054, 'bagging_fraction': 0.9302314203994979, 'bagging_freq': 3, 'min_child_samples': 112}. Best is trial 138 with value: 0.822621617014696.
[I 2025-04-08 00:45:25,964] Trial 143 finished with value: 0.8193935272317028 and parameters: {'lambda_l1': 0.0008939776281383374, 'lambda_l2': 5.83355172419281, 'num_leaves': 32, 'feature_fraction': 0.49677738346650696, 'bagging_fraction': 0.9824460737153639, 'bagging_freq': 3, 'min_child_samples': 108}. Best is trial 138 with value: 0.822621617014696.
[I 2025-04-08 00:45:27,683] Trial 144 finished with value: 0.820818945596342 and parameters: {'lambda_l1': 0.0003025825125779212, 'lambda_l2': 1.1030457757826861, 'num_leaves': 48, 'feature_fraction': 0.5148710752634441, 'bagging_fraction': 0.9528837701636346, 'bagging_freq': 2, 'min_child_samples': 116}. Best is trial 138 with value: 0.822621617014696.
[I 2025-04-08 00:45:29,065] Trial 145 finished with value: 0.8196871512895806 and parameters: {'lambda_l1': 1.5133040501069392e-05, 'lambda_l2': 0.00030032976589464133, 'num_leaves': 26, 'feature_fraction': 0.5437345718022593, 'bagging_fraction': 0.9898430617862543, 'bagging_freq': 2, 'min_child_samples': 126}. Best is trial 138 with value: 0.822621617014696.
[I 2025-04-08 00:45:30,814] Trial 146 finished with value: 0.8200225283405471 and parameters: {'lambda_l1': 0.00019917722783324062, 'lambda_l2': 2.7224374321011315, 'num_leaves': 41, 'feature_fraction': 0.46733474382856566, 'bagging_fraction': 0.9162258577842636, 'bagging_freq': 1, 'min_child_samples': 118}. Best is trial 138 with value: 0.822621617014696.
[I 2025-04-08 00:45:32,574] Trial 147 finished with value: 0.8198127265794002 and parameters: {'lambda_l1': 4.469833433670259e-05, 'lambda_l2': 9.317154526853278, 'num_leaves': 43, 'feature_fraction': 0.659554453421261, 'bagging_fraction': 0.9708088223858999, 'bagging_freq': 9, 'min_child_samples': 120}. Best is trial 138 with value: 0.822621617014696.
[I 2025-04-08 00:45:34,136] Trial 148 finished with value: 0.8203158712334881 and parameters: {'lambda_l1': 0.0005211051972335822, 'lambda_l2': 17.09776054674449, 'num_leaves': 38, 'feature_fraction': 0.5290544394766877, 'bagging_fraction': 0.999409721128784, 'bagging_freq': 13, 'min_child_samples': 33}. Best is trial 138 with value: 0.822621617014696.
[I 2025-04-08 00:45:36,730] Trial 149 finished with value: 0.8202320313639486 and parameters: {'lambda_l1': 0.007057944023062752, 'lambda_l2': 5.201340433374942, 'num_leaves': 53, 'feature_fraction': 0.554401184713365, 'bagging_fraction': 0.931519176044361, 'bagging_freq': 2, 'min_child_samples': 113}. Best is trial 138 with value: 0.822621617014696.
[I 2025-04-08 00:45:38,075] Trial 150 finished with value: 0.8186390211242731 and parameters: {'lambda_l1': 0.0001263694085142402, 'lambda_l2': 56.14142535638872, 'num_leaves': 29, 'feature_fraction': 0.6361591616210884, 'bagging_fraction': 0.9013113218609149, 'bagging_freq': 3, 'min_child_samples': 27}. Best is trial 138 with value: 0.822621617014696.
[I 2025-04-08 00:45:39,906] Trial 151 finished with value: 0.8217833413289612 and parameters: {'lambda_l1': 0.00028123468424640194, 'lambda_l2': 1.2273181130538526, 'num_leaves': 48, 'feature_fraction': 0.490347014198661, 'bagging_fraction': 0.9543211744672916, 'bagging_freq': 2, 'min_child_samples': 118}. Best is trial 138 with value: 0.822621617014696.
[I 2025-04-08 00:45:41,899] Trial 152 finished with value: 0.8215317514291087 and parameters: {'lambda_l1': 0.0009505728636942434, 'lambda_l2': 0.327958235023458, 'num_leaves': 49, 'feature_fraction': 0.49345686487995577, 'bagging_fraction': 0.9565391873682, 'bagging_freq': 2, 'min_child_samples': 120}. Best is trial 138 with value: 0.822621617014696.
[I 2025-04-08 00:45:43,804] Trial 153 finished with value: 0.8206932121512457 and parameters: {'lambda_l1': 0.00028257150705694045, 'lambda_l2': 0.22043276909670095, 'num_leaves': 50, 'feature_fraction': 0.4914950788709207, 'bagging_fraction': 0.9581154806063364, 'bagging_freq': 2, 'min_child_samples': 120}. Best is trial 138 with value: 0.822621617014696.
[I 2025-04-08 00:45:47,226] Trial 154 finished with value: 0.8208190861788104 and parameters: {'lambda_l1': 0.0008742259868602454, 'lambda_l2': 0.5080970150155413, 'num_leaves': 55, 'feature_fraction': 0.5048341483012695, 'bagging_fraction': 0.9789007553383112, 'bagging_freq': 2, 'min_child_samples': 121}. Best is trial 138 with value: 0.822621617014696.
[I 2025-04-08 00:45:52,275] Trial 155 finished with value: 0.8195194715505016 and parameters: {'lambda_l1': 0.0006374225694866893, 'lambda_l2': 0.07859888296938473, 'num_leaves': 45, 'feature_fraction': 0.4755008748695826, 'bagging_fraction': 0.9646736706427521, 'bagging_freq': 3, 'min_child_samples': 118}. Best is trial 138 with value: 0.822621617014696.
[I 2025-04-08 00:45:54,363] Trial 156 finished with value: 0.8201062979188525 and parameters: {'lambda_l1': 0.00047776052449152056, 'lambda_l2': 0.885538631741225, 'num_leaves': 48, 'feature_fraction': 0.5176036310374821, 'bagging_fraction': 0.9866156129164809, 'bagging_freq': 1, 'min_child_samples': 124}. Best is trial 138 with value: 0.822621617014696.
[I 2025-04-08 00:45:56,717] Trial 157 finished with value: 0.82044178040667 and parameters: {'lambda_l1': 0.0011146073065805295, 'lambda_l2': 0.323128311075972, 'num_leaves': 58, 'feature_fraction': 0.4855431134749013, 'bagging_fraction': 0.951003026193374, 'bagging_freq': 2, 'min_child_samples': 111}. Best is trial 138 with value: 0.822621617014696.
[I 2025-04-08 00:45:58,461] Trial 158 finished with value: 0.8204418155522871 and parameters: {'lambda_l1': 0.00018478668569213463, 'lambda_l2': 1.3456412459066642, 'num_leaves': 51, 'feature_fraction': 0.5375209097190718, 'bagging_fraction': 0.9730861042688479, 'bagging_freq': 3, 'min_child_samples': 40}. Best is trial 138 with value: 0.822621617014696.
[I 2025-04-08 00:46:00,552] Trial 159 finished with value: 0.820357694517811 and parameters: {'lambda_l1': 1.2884361992875997, 'lambda_l2': 5.960111467393893e-08, 'num_leaves': 52, 'feature_fraction': 0.4976741424805119, 'bagging_fraction': 0.9588247017252133, 'bagging_freq': 2, 'min_child_samples': 117}. Best is trial 138 with value: 0.822621617014696.
[I 2025-04-08 00:46:02,420] Trial 160 finished with value: 0.8195612069707817 and parameters: {'lambda_l1': 9.208434086869847e-05, 'lambda_l2': 2.1952483141308425, 'num_leaves': 44, 'feature_fraction': 0.5754064544917582, 'bagging_fraction': 0.9996728013842167, 'bagging_freq': 1, 'min_child_samples': 53}. Best is trial 138 with value: 0.822621617014696.
[I 2025-04-08 00:46:04,130] Trial 161 finished with value: 0.818513393116028 and parameters: {'lambda_l1': 0.0028518062504277832, 'lambda_l2': 0.009784603875723922, 'num_leaves': 40, 'feature_fraction': 0.4577105672872307, 'bagging_fraction': 0.9385448459278286, 'bagging_freq': 10, 'min_child_samples': 76}. Best is trial 138 with value: 0.822621617014696.
[I 2025-04-08 00:46:06,457] Trial 162 finished with value: 0.8211123587805174 and parameters: {'lambda_l1': 0.00170893151628463, 'lambda_l2': 3.677792942114141, 'num_leaves': 47, 'feature_fraction': 0.48213279100292916, 'bagging_fraction': 0.9236484248465469, 'bagging_freq': 10, 'min_child_samples': 121}. Best is trial 138 with value: 0.822621617014696.
[I 2025-04-08 00:46:08,197] Trial 163 finished with value: 0.8199804063184789 and parameters: {'lambda_l1': 0.0003921854832296333, 'lambda_l2': 7.696615524883062, 'num_leaves': 48, 'feature_fraction': 0.47243980131014024, 'bagging_fraction': 0.9274696679929467, 'bagging_freq': 10, 'min_child_samples': 122}. Best is trial 138 with value: 0.822621617014696.
[I 2025-04-08 00:46:09,857] Trial 164 finished with value: 0.8208188050138737 and parameters: {'lambda_l1': 0.001393481133998436, 'lambda_l2': 0.5909606517059007, 'num_leaves': 46, 'feature_fraction': 0.5042978275877754, 'bagging_fraction': 0.9091104376992073, 'bagging_freq': 11, 'min_child_samples': 128}. Best is trial 138 with value: 0.822621617014696.
[I 2025-04-08 00:46:11,682] Trial 165 finished with value: 0.8190579393070339 and parameters: {'lambda_l1': 2.193518773417691, 'lambda_l2': 26.47786299202762, 'num_leaves': 49, 'feature_fraction': 0.5233039625423586, 'bagging_fraction': 0.8908057750748263, 'bagging_freq': 14, 'min_child_samples': 114}. Best is trial 138 with value: 0.822621617014696.
[I 2025-04-08 00:46:13,664] Trial 166 finished with value: 0.819812884734677 and parameters: {'lambda_l1': 0.0002775957304241403, 'lambda_l2': 0.15440679768952054, 'num_leaves': 54, 'feature_fraction': 0.490396730202141, 'bagging_fraction': 0.9760761240097221, 'bagging_freq': 10, 'min_child_samples': 118}. Best is trial 138 with value: 0.822621617014696.
[I 2025-04-08 00:46:15,577] Trial 167 finished with value: 0.8211122884892832 and parameters: {'lambda_l1': 0.0009014891577434645, 'lambda_l2': 1.7432937948849556, 'num_leaves': 56, 'feature_fraction': 0.5103819321242958, 'bagging_fraction': 0.9461882348397206, 'bagging_freq': 2, 'min_child_samples': 121}. Best is trial 138 with value: 0.822621617014696.
[I 2025-04-08 00:46:18,261] Trial 168 finished with value: 0.8194353856616425 and parameters: {'lambda_l1': 0.00403096853873722, 'lambda_l2': 1.8989514910178877, 'num_leaves': 58, 'feature_fraction': 0.6272614817848119, 'bagging_fraction': 0.9445430419675501, 'bagging_freq': 2, 'min_child_samples': 125}. Best is trial 138 with value: 0.822621617014696.
[I 2025-04-08 00:46:20,232] Trial 169 finished with value: 0.821070517923386 and parameters: {'lambda_l1': 0.0008312759738263549, 'lambda_l2': 4.17757856684942, 'num_leaves': 52, 'feature_fraction': 0.4781288022658872, 'bagging_fraction': 0.9216766747570676, 'bagging_freq': 2, 'min_child_samples': 120}. Best is trial 138 with value: 0.822621617014696.
[I 2025-04-08 00:46:22,140] Trial 170 finished with value: 0.8209865198985697 and parameters: {'lambda_l1': 0.0008421488859326361, 'lambda_l2': 4.0850127170662915, 'num_leaves': 55, 'feature_fraction': 0.4816534655887261, 'bagging_fraction': 0.9185170513675, 'bagging_freq': 2, 'min_child_samples': 120}. Best is trial 138 with value: 0.822621617014696.
[I 2025-04-08 00:46:24,017] Trial 171 finished with value: 0.8200225107677385 and parameters: {'lambda_l1': 0.0015342440127852715, 'lambda_l2': 1.3802001012005156, 'num_leaves': 51, 'feature_fraction': 0.472124675435346, 'bagging_fraction': 0.9566249752068057, 'bagging_freq': 3, 'min_child_samples': 116}. Best is trial 138 with value: 0.822621617014696.
[I 2025-04-08 00:46:26,097] Trial 172 finished with value: 0.8203997462486446 and parameters: {'lambda_l1': 0.0004538109250649236, 'lambda_l2': 0.7516880741364202, 'num_leaves': 56, 'feature_fraction': 0.5134604916726622, 'bagging_fraction': 0.9295194029955564, 'bagging_freq': 2, 'min_child_samples': 123}. Best is trial 138 with value: 0.822621617014696.
[I 2025-04-08 00:46:28,267] Trial 173 finished with value: 0.8203997638214531 and parameters: {'lambda_l1': 0.0007094502130868789, 'lambda_l2': 2.9050251270433116, 'num_leaves': 46, 'feature_fraction': 0.6172967735044469, 'bagging_fraction': 0.9459325963357166, 'bagging_freq': 1, 'min_child_samples': 120}. Best is trial 138 with value: 0.822621617014696.
[I 2025-04-08 00:46:30,127] Trial 174 finished with value: 0.8214479818508034 and parameters: {'lambda_l1': 0.0023378266277344294, 'lambda_l2': 5.009446931343812, 'num_leaves': 52, 'feature_fraction': 0.49445739570679537, 'bagging_fraction': 0.9034503027760217, 'bagging_freq': 2, 'min_child_samples': 126}. Best is trial 138 with value: 0.822621617014696.
[I 2025-04-08 00:46:32,148] Trial 175 finished with value: 0.8195191903855651 and parameters: {'lambda_l1': 0.002875093807162111, 'lambda_l2': 4.425896551187261, 'num_leaves': 60, 'feature_fraction': 0.4422546078533915, 'bagging_fraction': 0.8970461734298354, 'bagging_freq': 2, 'min_child_samples': 128}. Best is trial 138 with value: 0.822621617014696.
[I 2025-04-08 00:46:34,274] Trial 176 finished with value: 0.8203158536606796 and parameters: {'lambda_l1': 0.005307157138302623, 'lambda_l2': 11.308846592465532, 'num_leaves': 52, 'feature_fraction': 0.49729748153827386, 'bagging_fraction': 0.910676462574786, 'bagging_freq': 1, 'min_child_samples': 125}. Best is trial 138 with value: 0.822621617014696.
[I 2025-04-08 00:46:36,264] Trial 177 finished with value: 0.8209869065003575 and parameters: {'lambda_l1': 0.014431856026949396, 'lambda_l2': 6.959508163999056, 'num_leaves': 49, 'feature_fraction': 0.4830060393206724, 'bagging_fraction': 0.8914339750279094, 'bagging_freq': 2, 'min_child_samples': 110}. Best is trial 138 with value: 0.822621617014696.
[I 2025-04-08 00:46:36,703] Trial 178 finished with value: 0.7612033156375151 and parameters: {'lambda_l1': 7.907270714040691e-06, 'lambda_l2': 1.1792668939689475, 'num_leaves': 2, 'feature_fraction': 0.505078314889598, 'bagging_fraction': 0.9232821762953622, 'bagging_freq': 3, 'min_child_samples': 122}. Best is trial 138 with value: 0.822621617014696.
[I 2025-04-08 00:46:39,260] Trial 179 finished with value: 0.8196871161439635 and parameters: {'lambda_l1': 0.001964314005243232, 'lambda_l2': 0.42149137156674127, 'num_leaves': 53, 'feature_fraction': 0.4604048907125902, 'bagging_fraction': 0.8818087659438246, 'bagging_freq': 3, 'min_child_samples': 115}. Best is trial 138 with value: 0.822621617014696.
[I 2025-04-08 00:46:41,336] Trial 180 finished with value: 0.8201062627732352 and parameters: {'lambda_l1': 0.001068286027020165, 'lambda_l2': 7.851608807898575e-05, 'num_leaves': 57, 'feature_fraction': 0.49224964467074217, 'bagging_fraction': 0.9047524957286666, 'bagging_freq': 2, 'min_child_samples': 106}. Best is trial 138 with value: 0.822621617014696.
[I 2025-04-08 00:46:43,120] Trial 181 finished with value: 0.8206513185756888 and parameters: {'lambda_l1': 0.00035426879780316455, 'lambda_l2': 2.0408924038863234, 'num_leaves': 44, 'feature_fraction': 0.5885171898105673, 'bagging_fraction': 0.9651241771965494, 'bagging_freq': 1, 'min_child_samples': 58}. Best is trial 138 with value: 0.822621617014696.
[I 2025-04-08 00:46:44,880] Trial 182 finished with value: 0.8203157482238284 and parameters: {'lambda_l1': 0.0001919112119556581, 'lambda_l2': 4.647833591935914, 'num_leaves': 47, 'feature_fraction': 0.5254642338151546, 'bagging_fraction': 0.943351730938057, 'bagging_freq': 9, 'min_child_samples': 118}. Best is trial 138 with value: 0.822621617014696.
[I 2025-04-08 00:46:46,379] Trial 183 finished with value: 0.819812884734677 and parameters: {'lambda_l1': 0.0006657914974677529, 'lambda_l2': 2.6853753321980753, 'num_leaves': 34, 'feature_fraction': 0.5410092279965362, 'bagging_fraction': 0.9882178783650007, 'bagging_freq': 10, 'min_child_samples': 86}. Best is trial 138 with value: 0.822621617014696.
[I 2025-04-08 00:46:49,061] Trial 184 finished with value: 0.8208188577322992 and parameters: {'lambda_l1': 1.9831015960513676e-05, 'lambda_l2': 1.8312729664561465, 'num_leaves': 51, 'feature_fraction': 0.5124047219919539, 'bagging_fraction': 0.9795365325519613, 'bagging_freq': 2, 'min_child_samples': 122}. Best is trial 138 with value: 0.822621617014696.
[I 2025-04-08 00:46:51,009] Trial 185 finished with value: 0.8203159766703394 and parameters: {'lambda_l1': 0.0013330433096295784, 'lambda_l2': 0.9795870996779771, 'num_leaves': 43, 'feature_fraction': 0.47284986373801, 'bagging_fraction': 0.934950446899073, 'bagging_freq': 10, 'min_child_samples': 49}. Best is trial 138 with value: 0.822621617014696.
[I 2025-04-08 00:46:53,249] Trial 186 finished with value: 0.8198545850093397 and parameters: {'lambda_l1': 0.0256795760908215, 'lambda_l2': 8.573629390026499, 'num_leaves': 55, 'feature_fraction': 0.4835103251648407, 'bagging_fraction': 0.967167308192863, 'bagging_freq': 9, 'min_child_samples': 126}. Best is trial 138 with value: 0.822621617014696.
