[I 2025-04-08 00:40:45,913] Trial 4 finished with value: 0.8169619601413556 and parameters: {'lambda_l1': 0.00014480875999122323, 'lambda_l2': 0.09956587457388479, 'num_leaves': 67, 'feature_fraction': 0.9950307516808085, 'bagging_fraction': 0.8139008931701843, 'bagging_freq': 2, 'min_child_samples': 84}. Best is trial 0 with value: 0.8191843053732377.
[I 2025-04-08 00:40:48,369] Trial 5 finished with value: 0.817506910506958 and parameters: {'lambda_l1': 0.0075928245637205075, 'lambda_l2': 0.19495058820518513, 'num_leaves': 121, 'feature_fraction': 0.461702476486911, 'bagging_fraction': 0.42706285981482367, 'bagging_freq': 2, 'min_child_samples': 92}. Best is trial 0 with value: 0.8191843053732377.
[I 2025-04-08 00:40:49,378] Trial 6 finished with value: 0.8149917671391995 and parameters: {'lambda_l1': 1.0369431345115366e-05, 'lambda_l2': 82.29668706135985, 'num_leaves': 14, 'feature_fraction': 0.8392414030959439, 'bagging_fraction': 0.9578617109277826, 'bagging_freq': 14, 'min_child_samples': 75}. Best is trial 0 with value: 0.8191843053732377.
[I 2025-04-08 00:40:50,203] Trial 7 finished with value: 0.8146562319329561 and parameters: {'lambda_l1': 4.484321104814186, 'lambda_l2': 0.0713121215380397, 'num_leaves': 12, 'feature_fraction': 0.8225786065734729, 'bagging_fraction': 0.4462281728217585, 'bagging_freq': 8, 'min_child_samples': 76}. Best is trial 0 with value: 0.8191843053732377.
[I 2025-04-08 00:40:52,876] Trial 8 finished with value: 0.8157458339264156 and parameters: {'lambda_l1': 9.115102459666115e-09, 'lambda_l2': 0.0005888093157947975, 'num_leaves': 74, 'feature_fraction': 0.46147877900553125, 'bagging_fraction': 0.4833034274125952, 'bagging_freq': 7, 'min_child_samples': 24}. Best is trial 0 with value: 0.8191843053732377.
[I 2025-04-08 00:40:55,128] Trial 9 finished with value: 0.8172133743131228 and parameters: {'lambda_l1': 1.788668488302477, 'lambda_l2': 0.0021520165412568927, 'num_leaves': 84, 'feature_fraction': 0.557062115949022, 'bagging_fraction': 0.49741560183935435, 'bagging_freq': 7, 'min_child_samples': 103}. Best is trial 0 with value: 0.8191843053732377.
[I 2025-04-08 00:40:56,702] Trial 10 finished with value: 0.8190163268964137 and parameters: {'lambda_l1': 1.8004325413994997e-07, 'lambda_l2': 2.9361487217021067e-07, 'num_leaves': 38, 'feature_fraction': 0.6305956553528811, 'bagging_fraction': 0.8591573907133657, 'bagging_freq': 11, 'min_child_samples': 48}. Best is trial 0 with value: 0.8191843053732377.
[I 2025-04-08 00:40:58,396] Trial 11 finished with value: 0.8201482090672177 and parameters: {'lambda_l1': 1.2176984978331012e-07, 'lambda_l2': 1.569142832158626e-07, 'num_leaves': 49, 'feature_fraction': 0.6364524899485762, 'bagging_fraction': 0.8756680149164913, 'bagging_freq': 11, 'min_child_samples': 128}. Best is trial 11 with value: 0.8201482090672177.
[I 2025-04-08 00:41:00,109] Trial 12 finished with value: 0.8175908733861572 and parameters: {'lambda_l1': 8.964873711021185e-08, 'lambda_l2': 3.437333635199986e-06, 'num_leaves': 44, 'feature_fraction': 0.6672061855145737, 'bagging_fraction': 0.6136817905896041, 'bagging_freq': 11, 'min_child_samples': 126}. Best is trial 11 with value: 0.8201482090672177.
[I 2025-04-08 00:41:02,585] Trial 13 finished with value: 0.8205674611333407 and parameters: {'lambda_l1': 5.632816285890186e-07, 'lambda_l2': 1.5454171463659048e-09, 'num_leaves': 50, 'feature_fraction': 0.5569451849577306, 'bagging_fraction': 0.8916846657357766, 'bagging_freq': 16, 'min_child_samples': 122}. Best is trial 13 with value: 0.8205674611333407.
[I 2025-04-08 00:41:04,470] Trial 14 finished with value: 0.8185549000897969 and parameters: {'lambda_l1': 2.2069878969315774e-06, 'lambda_l2': 5.089503882764071e-06, 'num_leaves': 51, 'feature_fraction': 0.5808508589738194, 'bagging_fraction': 0.71567313266878, 'bagging_freq': 16, 'min_child_samples': 127}. Best is trial 13 with value: 0.8205674611333407.
[I 2025-04-08 00:41:05,555] Trial 15 finished with value: 0.820022563486164 and parameters: {'lambda_l1': 0.0004402373427501145, 'lambda_l2': 1.6466905735390876e-09, 'num_leaves': 22, 'feature_fraction': 0.7429850524293781, 'bagging_fraction': 0.8329960863817504, 'bagging_freq': 5, 'min_child_samples': 109}. Best is trial 13 with value: 0.8205674611333407.
[I 2025-04-08 00:41:08,620] Trial 16 finished with value: 0.8186387926777622 and parameters: {'lambda_l1': 1.4958721827726877e-07, 'lambda_l2': 2.040823931712556e-09, 'num_leaves': 94, 'feature_fraction': 0.6826691138469336, 'bagging_fraction': 0.8936878949911988, 'bagging_freq': 11, 'min_child_samples': 112}. Best is trial 13 with value: 0.8205674611333407.
[I 2025-04-08 00:41:10,674] Trial 17 finished with value: 0.8185130240870487 and parameters: {'lambda_l1': 6.958602364220357e-05, 'lambda_l2': 4.3534091299564435e-08, 'num_leaves': 57, 'feature_fraction': 0.6020316054608258, 'bagging_fraction': 0.5985110109102156, 'bagging_freq': 12, 'min_child_samples': 118}. Best is trial 13 with value: 0.8205674611333407.
[I 2025-04-08 00:41:12,145] Trial 18 finished with value: 0.8198546377277655 and parameters: {'lambda_l1': 0.014933097304752842, 'lambda_l2': 2.360957601648419e-06, 'num_leaves': 31, 'feature_fraction': 0.42914012786915295, 'bagging_fraction': 0.791923896371352, 'bagging_freq': 9, 'min_child_samples': 96}. Best is trial 13 with value: 0.8205674611333407.
[I 2025-04-08 00:41:14,950] Trial 19 finished with value: 0.817129358715498 and parameters: {'lambda_l1': 8.756174525233504e-07, 'lambda_l2': 6.080972317099935e-05, 'num_leaves': 102, 'feature_fraction': 0.7239389236502147, 'bagging_fraction': 0.6240858187813383, 'bagging_freq': 9, 'min_child_samples': 117}. Best is trial 13 with value: 0.8205674611333407.
[I 2025-04-08 00:41:15,496] Trial 20 finished with value: 0.790843758401999 and parameters: {'lambda_l1': 74.86998967567877, 'lambda_l2': 4.0011097557358004e-08, 'num_leaves': 4, 'feature_fraction': 0.5171290142570928, 'bagging_fraction': 0.9132680273758303, 'bagging_freq': 16, 'min_child_samples': 100}. Best is trial 13 with value: 0.8205674611333407.
[I 2025-04-08 00:41:16,770] Trial 21 finished with value: 0.81914206034151 and parameters: {'lambda_l1': 0.0012245073879468267, 'lambda_l2': 2.9551087757129715e-09, 'num_leaves': 25, 'feature_fraction': 0.7557058995025834, 'bagging_fraction': 0.8262152111303818, 'bagging_freq': 5, 'min_child_samples': 109}. Best is trial 13 with value: 0.8205674611333407.
[I 2025-04-08 00:41:17,913] Trial 22 finished with value: 0.8192260232207091 and parameters: {'lambda_l1': 2.4736170564703584e-05, 'lambda_l2': 4.257647426018057e-09, 'num_leaves': 23, 'feature_fraction': 0.6514232334354355, 'bagging_fraction': 0.7595933302184061, 'bagging_freq': 4, 'min_child_samples': 127}. Best is trial 13 with value: 0.8205674611333407.
[I 2025-04-08 00:41:19,746] Trial 23 finished with value: 0.8182196109028734 and parameters: {'lambda_l1': 0.0014883907793095204, 'lambda_l2': 1.3367184081760927e-09, 'num_leaves': 46, 'feature_fraction': 0.7188677791164184, 'bagging_fraction': 0.8693010267045335, 'bagging_freq': 5, 'min_child_samples': 110}. Best is trial 13 with value: 0.8205674611333407.
[I 2025-04-08 00:41:22,463] Trial 24 finished with value: 0.81696190742293 and parameters: {'lambda_l1': 1.6833956203510574e-08, 'lambda_l2': 2.2700838819958703e-07, 'num_leaves': 76, 'feature_fraction': 0.6199819917627194, 'bagging_fraction': 0.6759307156134959, 'bagging_freq': 4, 'min_child_samples': 91}. Best is trial 13 with value: 0.8205674611333407.
[I 2025-04-08 00:41:25,027] Trial 25 finished with value: 0.8214478588411435 and parameters: {'lambda_l1': 0.0005616269961728802, 'lambda_l2': 1.521413169382598e-08, 'num_leaves': 52, 'feature_fraction': 0.5578082064948264, 'bagging_fraction': 0.9988264207359909, 'bagging_freq': 10, 'min_child_samples': 119}. Best is trial 25 with value: 0.8214478588411435.
[I 2025-04-08 00:41:27,080] Trial 26 finished with value: 0.8211542347832657 and parameters: {'lambda_l1': 0.022140480336843075, 'lambda_l2': 3.216582524368252e-05, 'num_leaves': 54, 'feature_fraction': 0.5308307965921916, 'bagging_fraction': 0.9950719995383973, 'bagging_freq': 10, 'min_child_samples': 120}. Best is trial 25 with value: 0.8214478588411435.
[I 2025-04-08 00:41:29,294] Trial 27 finished with value: 0.8198128671618685 and parameters: {'lambda_l1': 0.07027478202721878, 'lambda_l2': 4.2172764688504956e-05, 'num_leaves': 60, 'feature_fraction': 0.5284472730541838, 'bagging_fraction': 0.9959403011922741, 'bagging_freq': 10, 'min_child_samples': 84}. Best is trial 25 with value: 0.8214478588411435.
[I 2025-04-08 00:41:31,754] Trial 28 finished with value: 0.8178840054053959 and parameters: {'lambda_l1': 0.006190897166013546, 'lambda_l2': 1.466404463734615e-08, 'num_leaves': 68, 'feature_fraction': 0.41949047794432776, 'bagging_fraction': 0.9433280815226793, 'bagging_freq': 13, 'min_child_samples': 118}. Best is trial 25 with value: 0.8214478588411435.
[I 2025-04-08 00:41:34,353] Trial 29 finished with value: 0.8203579581099391 and parameters: {'lambda_l1': 0.08821873477503608, 'lambda_l2': 0.010180752505801232, 'num_leaves': 56, 'feature_fraction': 0.46907521121874624, 'bagging_fraction': 0.9247819043220045, 'bagging_freq': 14, 'min_child_samples': 100}. Best is trial 25 with value: 0.8214478588411435.
[I 2025-04-08 00:41:36,113] Trial 30 finished with value: 0.8209869240731662 and parameters: {'lambda_l1': 0.000530950385576119, 'lambda_l2': 1.702429652319988, 'num_leaves': 42, 'feature_fraction': 0.5496431228543037, 'bagging_fraction': 0.9639008116846692, 'bagging_freq': 7, 'min_child_samples': 61}. Best is trial 25 with value: 0.8214478588411435.
[I 2025-04-08 00:41:37,804] Trial 31 finished with value: 0.8203579581099391 and parameters: {'lambda_l1': 0.0006844072431737452, 'lambda_l2': 3.7689183150071344, 'num_leaves': 39, 'feature_fraction': 0.546006442816954, 'bagging_fraction': 0.9676459319819476, 'bagging_freq': 7, 'min_child_samples': 58}. Best is trial 25 with value: 0.8214478588411435.
[I 2025-04-08 00:41:39,367] Trial 32 finished with value: 0.8191838660530243 and parameters: {'lambda_l1': 4.0244726097526434e-05, 'lambda_l2': 5.741457306317697e-05, 'num_leaves': 35, 'feature_fraction': 0.4943902561148812, 'bagging_fraction': 0.9977171888225023, 'bagging_freq': 8, 'min_child_samples': 47}. Best is trial 25 with value: 0.8214478588411435.
[I 2025-04-08 00:41:41,760] Trial 33 finished with value: 0.8204414992417333 and parameters: {'lambda_l1': 0.03465175506298513, 'lambda_l2': 1.803402167493806, 'num_leaves': 62, 'feature_fraction': 0.5813984603587941, 'bagging_fraction': 0.9335930725108801, 'bagging_freq': 10, 'min_child_samples': 71}. Best is trial 25 with value: 0.8214478588411435.
[I 2025-04-08 00:41:43,639] Trial 34 finished with value: 0.8212380219343796 and parameters: {'lambda_l1': 0.30931130922037514, 'lambda_l2': 11.637368478665422, 'num_leaves': 52, 'feature_fraction': 0.49523241374122773, 'bagging_fraction': 0.9668010050043939, 'bagging_freq': 13, 'min_child_samples': 34}. Best is trial 25 with value: 0.8214478588411435.
[I 2025-04-08 00:41:48,039] Trial 35 finished with value: 0.8209446614686298 and parameters: {'lambda_l1': 0.5299319622269447, 'lambda_l2': 13.892449341762179, 'num_leaves': 73, 'feature_fraction': 0.5075362499645769, 'bagging_fraction': 0.9702952940623562, 'bagging_freq': 12, 'min_child_samples': 15}. Best is trial 25 with value: 0.8214478588411435.
[I 2025-04-08 00:41:52,517] Trial 36 finished with value: 0.8163751513458136 and parameters: {'lambda_l1': 18.01408371404477, 'lambda_l2': 0.44620801822462525, 'num_leaves': 43, 'feature_fraction': 0.48736742463932486, 'bagging_fraction': 0.9544207802730111, 'bagging_freq': 13, 'min_child_samples': 39}. Best is trial 25 with value: 0.8214478588411435.
[I 2025-04-08 00:41:55,673] Trial 37 finished with value: 0.8190160984499025 and parameters: {'lambda_l1': 0.21679154324381802, 'lambda_l2': 18.83357041665786, 'num_leaves': 82, 'feature_fraction': 0.4047653985200871, 'bagging_fraction': 0.9113291914557573, 'bagging_freq': 6, 'min_child_samples': 5}. Best is trial 25 with value: 0.8214478588411435.
[I 2025-04-08 00:41:56,898] Trial 38 finished with value: 0.8192260407935178 and parameters: {'lambda_l1': 0.0021220873089712483, 'lambda_l2': 0.005338114181772719, 'num_leaves': 29, 'feature_fraction': 0.44498187911030573, 'bagging_fraction': 0.97215924080924, 'bagging_freq': 10, 'min_child_samples': 31}. Best is trial 25 with value: 0.8214478588411435.
[I 2025-04-08 00:41:59,008] Trial 39 finished with value: 0.8192675126216697 and parameters: {'lambda_l1': 0.0002915977283169218, 'lambda_l2': 0.017132814973363872, 'num_leaves': 66, 'feature_fraction': 0.8967874202930611, 'bagging_fraction': 0.9985905336186006, 'bagging_freq': 9, 'min_child_samples': 57}. Best is trial 25 with value: 0.8214478588411435.
[I 2025-04-08 00:42:00,940] Trial 40 finished with value: 0.8178005872832612 and parameters: {'lambda_l1': 0.0042626889132417545, 'lambda_l2': 0.5157323363714279, 'num_leaves': 54, 'feature_fraction': 0.5915333362719228, 'bagging_fraction': 0.848227699801563, 'bagging_freq': 15, 'min_child_samples': 64}. Best is trial 25 with value: 0.8214478588411435.
[I 2025-04-08 00:42:03,693] Trial 41 finished with value: 0.8207769993023595 and parameters: {'lambda_l1': 0.9066401640982066, 'lambda_l2': 9.577099361148289, 'num_leaves': 69, 'feature_fraction': 0.4920151345896217, 'bagging_fraction': 0.9629290074675411, 'bagging_freq': 12, 'min_child_samples': 14}. Best is trial 25 with value: 0.8214478588411435.
[I 2025-04-08 00:42:06,711] Trial 42 finished with value: 0.8193516336561458 and parameters: {'lambda_l1': 1.16571302434332, 'lambda_l2': 42.497196151663246, 'num_leaves': 73, 'feature_fraction': 0.5258610461357813, 'bagging_fraction': 0.942604152508428, 'bagging_freq': 12, 'min_child_samples': 23}. Best is trial 25 with value: 0.8214478588411435.
[I 2025-04-08 00:42:08,834] Trial 43 finished with value: 0.8205672678324468 and parameters: {'lambda_l1': 0.3770158495181926, 'lambda_l2': 2.0682451010265317, 'num_leaves': 61, 'feature_fraction': 0.5534064268168162, 'bagging_fraction': 0.91131131889246, 'bagging_freq': 8, 'min_child_samples': 12}. Best is trial 25 with value: 0.8214478588411435.
[I 2025-04-08 00:42:11,771] Trial 44 finished with value: 0.8195190498030968 and parameters: {'lambda_l1': 9.166750874854296, 'lambda_l2': 7.281520982418549, 'num_leaves': 126, 'feature_fraction': 0.49726708440486633, 'bagging_fraction': 0.97700694626342, 'bagging_freq': 13, 'min_child_samples': 25}. Best is trial 25 with value: 0.8214478588411435.
[I 2025-04-08 00:42:13,506] Trial 45 finished with value: 0.8198967421770249 and parameters: {'lambda_l1': 0.027408988725493338, 'lambda_l2': 0.0006984612832065625, 'num_leaves': 42, 'feature_fraction': 0.45983227132543336, 'bagging_fraction': 0.8874344162433726, 'bagging_freq': 10, 'min_child_samples': 43}. Best is trial 25 with value: 0.8214478588411435.
[I 2025-04-08 00:42:16,763] Trial 46 finished with value: 0.8184710953658747 and parameters: {'lambda_l1': 0.20532823320904794, 'lambda_l2': 0.20971025669035373, 'num_leaves': 89, 'feature_fraction': 0.6126720967804624, 'bagging_fraction': 0.943970528312824, 'bagging_freq': 1, 'min_child_samples': 32}. Best is trial 25 with value: 0.8214478588411435.
[I 2025-04-08 00:42:19,536] Trial 47 finished with value: 0.8149913805374116 and parameters: {'lambda_l1': 0.000142227468058184, 'lambda_l2': 1.4824849716468344e-05, 'num_leaves': 80, 'feature_fraction': 0.9991406806775417, 'bagging_fraction': 0.7906977966792489, 'bagging_freq': 12, 'min_child_samples': 54}. Best is trial 25 with value: 0.8214478588411435.
[I 2025-04-08 00:42:21,527] Trial 48 finished with value: 0.8180519135909858 and parameters: {'lambda_l1': 1.1648781286142215e-05, 'lambda_l2': 72.11678405055017, 'num_leaves': 50, 'feature_fraction': 0.5662849931479534, 'bagging_fraction': 0.9741740204195034, 'bagging_freq': 15, 'min_child_samples': 2}. Best is trial 25 with value: 0.8214478588411435.
[I 2025-04-08 00:42:22,911] Trial 49 finished with value: 0.8169618898501214 and parameters: {'lambda_l1': 3.551145563895831, 'lambda_l2': 21.550474937163788, 'num_leaves': 36, 'feature_fraction': 0.5332790318502718, 'bagging_fraction': 0.5350667349477375, 'bagging_freq': 11, 'min_child_samples': 70}. Best is trial 25 with value: 0.8214478588411435.
[I 2025-04-08 00:42:23,814] Trial 50 finished with value: 0.8149080327065115 and parameters: {'lambda_l1': 0.013296212129841384, 'lambda_l2': 1.0379652781541084e-06, 'num_leaves': 16, 'feature_fraction': 0.4411105250052052, 'bagging_fraction': 0.9978582586751762, 'bagging_freq': 14, 'min_child_samples': 18}. Best is trial 25 with value: 0.8214478588411435.
[I 2025-04-08 00:42:26,903] Trial 51 finished with value: 0.8203157306510199 and parameters: {'lambda_l1': 0.8300409219095272, 'lambda_l2': 8.997381454140639, 'num_leaves': 68, 'feature_fraction': 0.5023162598794745, 'bagging_fraction': 0.9686741619132229, 'bagging_freq': 12, 'min_child_samples': 16}. Best is trial 25 with value: 0.8214478588411435.
[I 2025-04-08 00:42:29,235] Trial 52 finished with value: 0.8203997111030276 and parameters: {'lambda_l1': 0.5224760066848134, 'lambda_l2': 0.9731188630234925, 'num_leaves': 72, 'feature_fraction': 0.4725894104884227, 'bagging_fraction': 0.9236599905666678, 'bagging_freq': 12, 'min_child_samples': 8}. Best is trial 25 with value: 0.8214478588411435.
[I 2025-04-08 00:42:31,095] Trial 53 finished with value: 0.8202322246648427 and parameters: {'lambda_l1': 0.09718735589793327, 'lambda_l2': 0.10458776457864946, 'num_leaves': 54, 'feature_fraction': 0.5140565832429261, 'bagging_fraction': 0.9546800646488589, 'bagging_freq': 13, 'min_child_samples': 83}. Best is trial 25 with value: 0.8214478588411435.
[I 2025-04-08 00:42:33,880] Trial 54 finished with value: 0.8192257420557725 and parameters: {'lambda_l1': 1.8836062663132476, 'lambda_l2': 6.61518784158975, 'num_leaves': 91, 'feature_fraction': 0.5449804417199894, 'bagging_fraction': 0.9014809985266138, 'bagging_freq': 11, 'min_child_samples': 28}. Best is trial 25 with value: 0.8214478588411435.
[I 2025-04-08 00:42:36,833] Trial 55 finished with value: 0.8193096346437375 and parameters: {'lambda_l1': 7.3222006027827184, 'lambda_l2': 20.40851851897767, 'num_leaves': 78, 'feature_fraction': 0.47986560340715617, 'bagging_fraction': 0.8699092915302366, 'bagging_freq': 9, 'min_child_samples': 18}. Best is trial 25 with value: 0.8214478588411435.
[I 2025-04-08 00:42:37,985] Trial 56 finished with value: 0.8090386619360667 and parameters: {'lambda_l1': 43.56512038829067, 'lambda_l2': 0.03927570911666842, 'num_leaves': 99, 'feature_fraction': 0.5708347596934747, 'bagging_fraction': 0.9707811587768131, 'bagging_freq': 10, 'min_child_samples': 38}. Best is trial 25 with value: 0.8214478588411435.
[I 2025-04-08 00:42:39,907] Trial 57 finished with value: 0.8202320489367573 and parameters: {'lambda_l1': 0.03726393844604209, 'lambda_l2': 0.00017422924400581021, 'num_leaves': 47, 'feature_fraction': 0.6468945011451837, 'bagging_fraction': 0.9503419771576196, 'bagging_freq': 7, 'min_child_samples': 12}. Best is trial 25 with value: 0.8214478588411435.
[I 2025-04-08 00:42:42,079] Trial 58 finished with value: 0.8159138826944738 and parameters: {'lambda_l1': 0.004505851515299133, 'lambda_l2': 86.97726818722862, 'num_leaves': 64, 'feature_fraction': 0.5105537069648584, 'bagging_fraction': 0.8496343153959528, 'bagging_freq': 8, 'min_child_samples': 78}. Best is trial 25 with value: 0.8214478588411435.
[I 2025-04-08 00:42:44,014] Trial 59 finished with value: 0.8184712535211516 and parameters: {'lambda_l1': 0.00011942968780647131, 'lambda_l2': 2.339809363459546, 'num_leaves': 58, 'feature_fraction': 0.5994844994651987, 'bagging_fraction': 0.4043159663193171, 'bagging_freq': 11, 'min_child_samples': 21}. Best is trial 25 with value: 0.8214478588411435.
[I 2025-04-08 00:42:46,147] Trial 60 finished with value: 0.8196867822606013 and parameters: {'lambda_l1': 0.1633955875638363, 'lambda_l2': 0.0015400073454581308, 'num_leaves': 52, 'feature_fraction': 0.9611653970741327, 'bagging_fraction': 0.9302284542830066, 'bagging_freq': 12, 'min_child_samples': 122}. Best is trial 25 with value: 0.8214478588411435.
[I 2025-04-08 00:42:48,937] Trial 61 finished with value: 0.8193097049349719 and parameters: {'lambda_l1': 4.4954613368305383e-07, 'lambda_l2': 9.544664241093677e-09, 'num_leaves': 70, 'feature_fraction': 0.5440049486222044, 'bagging_fraction': 0.887167205688074, 'bagging_freq': 16, 'min_child_samples': 122}. Best is trial 25 with value: 0.8214478588411435.
[I 2025-04-08 00:42:50,650] Trial 62 finished with value: 0.8196031708375727 and parameters: {'lambda_l1': 3.215188287945811e-06, 'lambda_l2': 5.7304283070360396e-08, 'num_leaves': 48, 'feature_fraction': 0.678441658844414, 'bagging_fraction': 0.9833075975002729, 'bagging_freq': 14, 'min_child_samples': 113}. Best is trial 25 with value: 0.8214478588411435.
[I 2025-04-08 00:42:52,858] Trial 63 finished with value: 0.8188903650048062 and parameters: {'lambda_l1': 3.3685123210640533e-09, 'lambda_l2': 1.6381505134519068e-08, 'num_leaves': 57, 'feature_fraction': 0.45450878537013784, 'bagging_fraction': 0.9576545240158064, 'bagging_freq': 15, 'min_child_samples': 91}. Best is trial 25 with value: 0.8214478588411435.
[I 2025-04-08 00:42:54,643] Trial 64 finished with value: 0.8203158712334881 and parameters: {'lambda_l1': 0.0004067016986026314, 'lambda_l2': 7.20025574593171e-07, 'num_leaves': 40, 'feature_fraction': 0.5671796408126413, 'bagging_fraction': 0.9848264276776642, 'bagging_freq': 14, 'min_child_samples': 107}. Best is trial 25 with value: 0.8214478588411435.
