[I 2025-04-08 21:00:39,403] Trial 27 finished with value: 0.8116378736198755 and parameters: {'max_depth': 8, 'learning_rate': 0.28407229551830615, 'n_estimators': 101, 'gamma': 0.23214347844186928, 'min_child_weight': 2, 'subsample': 0.9598826450486768, 'colsample_bytree': 0.8873821867624059}. Best is trial 0 with value: 0.8151594995967042.
[I 2025-04-08 21:00:41,908] Trial 28 finished with value: 0.6394582830311688 and parameters: {'max_depth': 14, 'learning_rate': 0.0029259638663806206, 'n_estimators': 131, 'gamma': 0.41553060920937346, 'min_child_weight': 3, 'subsample': 0.8539680001223627, 'colsample_bytree': 0.9443390346139419}. Best is trial 0 with value: 0.8151594995967042.
[I 2025-04-08 21:00:45,171] Trial 29 finished with value: 0.6377394866279713 and parameters: {'max_depth': 21, 'learning_rate': 5.290862189523813e-05, 'n_estimators': 154, 'gamma': 0.09210804613114473, 'min_child_weight': 2, 'subsample': 0.7333358745136009, 'colsample_bytree': 0.7683264137853173}. Best is trial 0 with value: 0.8151594995967042.
[I 2025-04-08 21:00:51,981] Trial 30 finished with value: 0.80882945765041 and parameters: {'max_depth': 19, 'learning_rate': 0.0070930044875495805, 'n_estimators': 274, 'gamma': 0.17697957822238808, 'min_child_weight': 1, 'subsample': 0.7744494872726556, 'colsample_bytree': 0.8241900933718618}. Best is trial 0 with value: 0.8151594995967042.
[I 2025-04-08 21:00:53,271] Trial 31 finished with value: 0.8144469925016825 and parameters: {'max_depth': 9, 'learning_rate': 0.056354565817984294, 'n_estimators': 115, 'gamma': 0.2220449078099066, 'min_child_weight': 2, 'subsample': 0.935996566003586, 'colsample_bytree': 0.9229767327644537}. Best is trial 0 with value: 0.8151594995967042.
[I 2025-04-08 21:00:54,140] Trial 32 finished with value: 0.8112186742721782 and parameters: {'max_depth': 5, 'learning_rate': 0.061192713539587044, 'n_estimators': 124, 'gamma': 0.2887972080281881, 'min_child_weight': 3, 'subsample': 0.9931375763324853, 'colsample_bytree': 0.9277529609870472}. Best is trial 0 with value: 0.8151594995967042.
[I 2025-04-08 21:00:54,976] Trial 33 finished with value: 0.8067330391645184 and parameters: {'max_depth': 10, 'learning_rate': 0.018584985591576866, 'n_estimators': 56, 'gamma': 0.2462258851613709, 'min_child_weight': 4, 'subsample': 0.9693632249325244, 'colsample_bytree': 0.8719390359334692}. Best is trial 0 with value: 0.8151594995967042.
[I 2025-04-08 21:00:55,977] Trial 34 finished with value: 0.8132729180175764 and parameters: {'max_depth': 12, 'learning_rate': 0.16925146267241928, 'n_estimators': 90, 'gamma': 0.34634764158881665, 'min_child_weight': 2, 'subsample': 0.9344497211923171, 'colsample_bytree': 0.9720449489989754}. Best is trial 0 with value: 0.8151594995967042.
[I 2025-04-08 21:00:56,728] Trial 35 finished with value: 0.8128120183952159 and parameters: {'max_depth': 7, 'learning_rate': 0.06378387002231674, 'n_estimators': 70, 'gamma': 0.08286021366791887, 'min_child_weight': 1, 'subsample': 0.9953984786300103, 'colsample_bytree': 0.9273007946228645}. Best is trial 0 with value: 0.8151594995967042.
[I 2025-04-08 21:00:59,716] Trial 36 finished with value: 0.8134827022059147 and parameters: {'max_depth': 14, 'learning_rate': 0.012541907150936317, 'n_estimators': 184, 'gamma': 0.26574821821041683, 'min_child_weight': 5, 'subsample': 0.9168104413141962, 'colsample_bytree': 0.8326694540982412}. Best is trial 0 with value: 0.8151594995967042.
[I 2025-04-08 21:01:00,425] Trial 37 finished with value: 0.8095418065901546 and parameters: {'max_depth': 5, 'learning_rate': 0.5053888668486545, 'n_estimators': 97, 'gamma': 0.19676898250908878, 'min_child_weight': 3, 'subsample': 0.7127842849153144, 'colsample_bytree': 0.9629191035630537}. Best is trial 0 with value: 0.8151594995967042.
[I 2025-04-08 21:01:01,887] Trial 38 finished with value: 0.8149916792751568 and parameters: {'max_depth': 9, 'learning_rate': 0.08848230610180624, 'n_estimators': 72, 'gamma': 0.1613235104942149, 'min_child_weight': 2, 'subsample': 0.8253148372149095, 'colsample_bytree': 0.8849338528284922}. Best is trial 0 with value: 0.8151594995967042.
[I 2025-04-08 21:01:02,674] Trial 39 finished with value: 0.8154950875213729 and parameters: {'max_depth': 8, 'learning_rate': 0.08759538099149813, 'n_estimators': 78, 'gamma': 0.12025755282383943, 'min_child_weight': 4, 'subsample': 0.969290452646102, 'colsample_bytree': 0.9270169015267146}. Best is trial 39 with value: 0.8154950875213729.
[I 2025-04-08 21:01:03,268] Trial 40 finished with value: 0.8126441980736686 and parameters: {'max_depth': 6, 'learning_rate': 0.43335376474457726, 'n_estimators': 67, 'gamma': 0.051007010080112464, 'min_child_weight': 5, 'subsample': 0.8225160590793978, 'colsample_bytree': 0.976835442624896}. Best is trial 39 with value: 0.8154950875213729.
[I 2025-04-08 21:01:04,117] Trial 41 finished with value: 0.8144888685044309 and parameters: {'max_depth': 9, 'learning_rate': 0.08691929852785053, 'n_estimators': 79, 'gamma': 0.1593433534733002, 'min_child_weight': 4, 'subsample': 0.9721092053641257, 'colsample_bytree': 0.8783272086445566}. Best is trial 39 with value: 0.8154950875213729.
[I 2025-04-08 21:01:04,892] Trial 42 finished with value: 0.8156625563867493 and parameters: {'max_depth': 8, 'learning_rate': 0.1031411797958321, 'n_estimators': 76, 'gamma': 0.12318173863593126, 'min_child_weight': 5, 'subsample': 0.9781842623994771, 'colsample_bytree': 0.8815799536722599}. Best is trial 42 with value: 0.8156625563867493.
[I 2025-04-08 21:01:05,431] Trial 43 finished with value: 0.8117217310622236 and parameters: {'max_depth': 4, 'learning_rate': 0.12769177572557733, 'n_estimators': 70, 'gamma': 0.12404316982096655, 'min_child_weight': 5, 'subsample': 0.9994237931192993, 'colsample_bytree': 0.8931370972263538}. Best is trial 42 with value: 0.8156625563867493.
[I 2025-04-08 21:01:06,293] Trial 44 finished with value: 0.8019959723122829 and parameters: {'max_depth': 7, 'learning_rate': 0.9023685936338316, 'n_estimators': 86, 'gamma': 0.10572974312914232, 'min_child_weight': 7, 'subsample': 0.6538739263831098, 'colsample_bytree': 0.9513142922650908}. Best is trial 42 with value: 0.8156625563867493.
[I 2025-04-08 21:01:07,842] Trial 45 finished with value: 0.8055172644057492 and parameters: {'max_depth': 31, 'learning_rate': 0.34238012309987936, 'n_estimators': 58, 'gamma': 0.05835467912165619, 'min_child_weight': 7, 'subsample': 0.9676832551361222, 'colsample_bytree': 0.8552725043524727}. Best is trial 42 with value: 0.8156625563867493.
[I 2025-04-08 21:01:08,694] Trial 46 finished with value: 0.8152432340293924 and parameters: {'max_depth': 8, 'learning_rate': 0.09039158493857985, 'n_estimators': 76, 'gamma': 0.01592921526916663, 'min_child_weight': 5, 'subsample': 0.834788102107941, 'colsample_bytree': 0.7737618927921155}. Best is trial 42 with value: 0.8156625563867493.
[I 2025-04-08 21:01:09,525] Trial 47 finished with value: 0.8025405360760974 and parameters: {'max_depth': 6, 'learning_rate': 0.026593367689650326, 'n_estimators': 91, 'gamma': 0.024955458777949163, 'min_child_weight': 5, 'subsample': 0.9245577998403952, 'colsample_bytree': 0.6439145696490355}. Best is trial 42 with value: 0.8156625563867493.
[I 2025-04-08 21:01:15,844] Trial 48 finished with value: 0.7966714640433978 and parameters: {'max_depth': 28, 'learning_rate': 0.16713530214123876, 'n_estimators': 297, 'gamma': 0.0710749418238511, 'min_child_weight': 6, 'subsample': 0.8871705400647721, 'colsample_bytree': 0.7605060246371388}. Best is trial 42 with value: 0.8156625563867493.
[I 2025-04-08 21:01:16,830] Trial 49 finished with value: 0.8109252435151942 and parameters: {'max_depth': 13, 'learning_rate': 0.2509947453465596, 'n_estimators': 60, 'gamma': 0.02285732804078196, 'min_child_weight': 4, 'subsample': 0.9771029595158504, 'colsample_bytree': 0.6906309458969021}. Best is trial 42 with value: 0.8156625563867493.
[I 2025-04-08 21:01:17,471] Trial 50 finished with value: 0.6552230428723811 and parameters: {'max_depth': 8, 'learning_rate': 0.009260575559013483, 'n_estimators': 50, 'gamma': 0.48032716700860634, 'min_child_weight': 5, 'subsample': 0.5666235260614005, 'colsample_bytree': 0.7232944784181148}. Best is trial 42 with value: 0.8156625563867493.
[I 2025-04-08 21:01:18,452] Trial 51 finished with value: 0.8154110719237482 and parameters: {'max_depth': 10, 'learning_rate': 0.07829797196964518, 'n_estimators': 75, 'gamma': 0.12035553064431932, 'min_child_weight': 5, 'subsample': 0.8122608880773585, 'colsample_bytree': 0.9172232870248638}. Best is trial 42 with value: 0.8156625563867493.
[I 2025-04-08 21:01:19,416] Trial 52 finished with value: 0.8147403529674323 and parameters: {'max_depth': 11, 'learning_rate': 0.1018328436998677, 'n_estimators': 81, 'gamma': 0.11539269844042532, 'min_child_weight': 5, 'subsample': 0.8319760149812808, 'colsample_bytree': 0.612404033346047}. Best is trial 42 with value: 0.8156625563867493.
[I 2025-04-08 21:01:21,468] Trial 53 finished with value: 0.815369143202574 and parameters: {'max_depth': 10, 'learning_rate': 0.036574598723929146, 'n_estimators': 207, 'gamma': 0.03395180130274553, 'min_child_weight': 6, 'subsample': 0.8007192820302008, 'colsample_bytree': 0.9440232484672095}. Best is trial 42 with value: 0.8156625563867493.
[I 2025-04-08 21:01:24,469] Trial 54 finished with value: 0.8030016992905858 and parameters: {'max_depth': 13, 'learning_rate': 0.19081622078548752, 'n_estimators': 216, 'gamma': 0.002569199771356903, 'min_child_weight': 6, 'subsample': 0.7662671264768154, 'colsample_bytree': 0.9342755319196038}. Best is trial 42 with value: 0.8156625563867493.
[I 2025-04-08 21:01:25,722] Trial 55 finished with value: 0.8072780071029293 and parameters: {'max_depth': 4, 'learning_rate': 0.025989587793060685, 'n_estimators': 244, 'gamma': 0.03450507642502868, 'min_child_weight': 6, 'subsample': 0.7995653311686899, 'colsample_bytree': 0.983662884498325}. Best is trial 42 with value: 0.8156625563867493.
[I 2025-04-08 21:01:28,600] Trial 56 finished with value: 0.6377394866279713 and parameters: {'max_depth': 11, 'learning_rate': 0.0005162541496225811, 'n_estimators': 253, 'gamma': 0.07252771175722997, 'min_child_weight': 7, 'subsample': 0.8035693934669816, 'colsample_bytree': 0.9684900267173666}. Best is trial 42 with value: 0.8156625563867493.
[I 2025-04-08 21:01:30,642] Trial 57 finished with value: 0.8153271266173574 and parameters: {'max_depth': 8, 'learning_rate': 0.03664259229219832, 'n_estimators': 282, 'gamma': 0.5946594285995063, 'min_child_weight': 4, 'subsample': 0.7008540440005173, 'colsample_bytree': 0.9475364782220381}. Best is trial 42 with value: 0.8156625563867493.
[I 2025-04-08 21:01:32,928] Trial 58 finished with value: 0.8129795751246351 and parameters: {'max_depth': 7, 'learning_rate': 0.016104974824787576, 'n_estimators': 270, 'gamma': 0.10419470999489934, 'min_child_weight': 4, 'subsample': 0.7123256365613432, 'colsample_bytree': 0.9095229341900369}. Best is trial 42 with value: 0.8156625563867493.
[I 2025-04-08 21:01:35,721] Trial 59 finished with value: 0.8146564076610417 and parameters: {'max_depth': 10, 'learning_rate': 0.03470730696542554, 'n_estimators': 285, 'gamma': 0.5473974851477822, 'min_child_weight': 5, 'subsample': 0.676495516889999, 'colsample_bytree': 0.8470924165731678}. Best is trial 42 with value: 0.8156625563867493.
[I 2025-04-08 21:01:37,179] Trial 60 finished with value: 0.7931077336173099 and parameters: {'max_depth': 16, 'learning_rate': 0.6661061574572604, 'n_estimators': 77, 'gamma': 0.04392375583473973, 'min_child_weight': 4, 'subsample': 0.752170920968567, 'colsample_bytree': 0.9427641030247647}. Best is trial 42 with value: 0.8156625563867493.
[I 2025-04-08 21:01:38,404] Trial 61 finished with value: 0.8125602351944694 and parameters: {'max_depth': 8, 'learning_rate': 0.12943700818288267, 'n_estimators': 208, 'gamma': 0.546689695284199, 'min_child_weight': 6, 'subsample': 0.8449726324202852, 'colsample_bytree': 0.9587776419322989}. Best is trial 42 with value: 0.8156625563867493.
[I 2025-04-08 21:01:40,786] Trial 62 finished with value: 0.8118894810925367 and parameters: {'max_depth': 10, 'learning_rate': 0.07450113909072875, 'n_estimators': 265, 'gamma': 0.432506093037143, 'min_child_weight': 5, 'subsample': 0.7221085768596374, 'colsample_bytree': 0.9186759579672411}. Best is trial 42 with value: 0.8156625563867493.
[I 2025-04-08 21:01:43,039] Trial 63 finished with value: 0.8027083739704531 and parameters: {'max_depth': 6, 'learning_rate': 0.005909075073259082, 'n_estimators': 283, 'gamma': 0.5959101015696969, 'min_child_weight': 4, 'subsample': 0.6420012830836683, 'colsample_bytree': 0.9937383342086086}. Best is trial 42 with value: 0.8156625563867493.
[I 2025-04-08 21:01:44,894] Trial 64 finished with value: 0.8154529127808793 and parameters: {'max_depth': 8, 'learning_rate': 0.04329382306459398, 'n_estimators': 237, 'gamma': 0.062483312913734525, 'min_child_weight': 6, 'subsample': 0.6900563181403296, 'colsample_bytree': 0.8674979164684765}. Best is trial 42 with value: 0.8156625563867493.
[I 2025-04-08 21:01:45,967] Trial 65 finished with value: 0.8103381887003327 and parameters: {'max_depth': 4, 'learning_rate': 0.036240424715638424, 'n_estimators': 235, 'gamma': 0.06652055993730227, 'min_child_weight': 6, 'subsample': 0.6903186034112404, 'colsample_bytree': 0.8588067379667931}. Best is trial 42 with value: 0.8156625563867493.
[I 2025-04-08 21:01:47,734] Trial 66 finished with value: 0.6377394866279713 and parameters: {'max_depth': 7, 'learning_rate': 1.3349018396307539e-05, 'n_estimators': 218, 'gamma': 0.016156421674943078, 'min_child_weight': 5, 'subsample': 0.7578102098220983, 'colsample_bytree': 0.7840727709843411}. Best is trial 42 with value: 0.8156625563867493.
[I 2025-04-08 21:01:48,903] Trial 67 finished with value: 0.7705528229838279 and parameters: {'max_depth': 5, 'learning_rate': 0.003249607818562863, 'n_estimators': 200, 'gamma': 0.12957132873684493, 'min_child_weight': 6, 'subsample': 0.6514886013451733, 'colsample_bytree': 0.8668673366646568}. Best is trial 42 with value: 0.8156625563867493.
[I 2025-04-08 21:01:51,237] Trial 68 finished with value: 0.8151177466036155 and parameters: {'max_depth': 12, 'learning_rate': 0.04391067793143673, 'n_estimators': 190, 'gamma': 0.09332401196444481, 'min_child_weight': 4, 'subsample': 0.6126219392927775, 'colsample_bytree': 0.8926789863985871}. Best is trial 42 with value: 0.8156625563867493.
[I 2025-04-08 21:01:53,585] Trial 69 finished with value: 0.8139438654204032 and parameters: {'max_depth': 8, 'learning_rate': 0.02129472742554748, 'n_estimators': 237, 'gamma': 0.03715449943135884, 'min_child_weight': 6, 'subsample': 0.7822270886311609, 'colsample_bytree': 0.9131490297446262}. Best is trial 42 with value: 0.8156625563867493.
[I 2025-04-08 21:01:55,746] Trial 70 finished with value: 0.8071099056164455 and parameters: {'max_depth': 9, 'learning_rate': 0.14989820789768746, 'n_estimators': 260, 'gamma': 0.16071358518078135, 'min_child_weight': 5, 'subsample': 0.7325610072678728, 'colsample_bytree': 0.9373226751224742}. Best is trial 42 with value: 0.8156625563867493.
[I 2025-04-08 21:01:58,323] Trial 71 finished with value: 0.8138599904052466 and parameters: {'max_depth': 10, 'learning_rate': 0.05809005237697033, 'n_estimators': 277, 'gamma': 0.08180096482777643, 'min_child_weight': 7, 'subsample': 0.6974921939072438, 'colsample_bytree': 0.9562625320687353}. Best is trial 42 with value: 0.8156625563867493.
[I 2025-04-08 21:01:59,910] Trial 72 finished with value: 0.8133149521756016 and parameters: {'max_depth': 7, 'learning_rate': 0.09990587873991529, 'n_estimators': 250, 'gamma': 0.38793037233996774, 'min_child_weight': 4, 'subsample': 0.805686236024349, 'colsample_bytree': 0.8255737205128912}. Best is trial 42 with value: 0.8156625563867493.
[I 2025-04-08 21:02:02,017] Trial 73 finished with value: 0.8080743013490645 and parameters: {'max_depth': 11, 'learning_rate': 0.012070265076857302, 'n_estimators': 216, 'gamma': 0.46448920049222253, 'min_child_weight': 7, 'subsample': 0.6705611424144847, 'colsample_bytree': 0.5123751909087643}. Best is trial 42 with value: 0.8156625563867493.
[I 2025-04-08 21:02:03,939] Trial 74 finished with value: 0.8149081029977454 and parameters: {'max_depth': 8, 'learning_rate': 0.056680358313922735, 'n_estimators': 176, 'gamma': 0.049743659665522855, 'min_child_weight': 5, 'subsample': 0.9586871957157045, 'colsample_bytree': 0.9829484260420114}. Best is trial 42 with value: 0.8156625563867493.
[I 2025-04-08 21:02:05,088] Trial 75 finished with value: 0.8069425773335371 and parameters: {'max_depth': 12, 'learning_rate': 0.34610165198113785, 'n_estimators': 97, 'gamma': 0.3195590218806802, 'min_child_weight': 5, 'subsample': 0.8753498339097863, 'colsample_bytree': 0.896721871365675}. Best is trial 42 with value: 0.8156625563867493.
[I 2025-04-08 21:02:07,071] Trial 76 finished with value: 0.8033370587687436 and parameters: {'max_depth': 9, 'learning_rate': 0.22104029152910232, 'n_estimators': 223, 'gamma': 0.1950619107752856, 'min_child_weight': 3, 'subsample': 0.7456895612178293, 'colsample_bytree': 0.9992875877248997}. Best is trial 42 with value: 0.8156625563867493.
[I 2025-04-08 21:02:07,637] Trial 77 finished with value: 0.8111767631238127 and parameters: {'max_depth': 6, 'learning_rate': 0.07259121124284615, 'n_estimators': 63, 'gamma': 0.5164747419994566, 'min_child_weight': 6, 'subsample': 0.7849893626689532, 'colsample_bytree': 0.9302026010806451}. Best is trial 42 with value: 0.8156625563867493.
[I 2025-04-08 21:02:11,712] Trial 78 finished with value: 0.8136085235150536 and parameters: {'max_depth': 15, 'learning_rate': 0.026829124857784645, 'n_estimators': 244, 'gamma': 0.005744361867532445, 'min_child_weight': 4, 'subsample': 0.8541668233064084, 'colsample_bytree': 0.8777975815833604}. Best is trial 42 with value: 0.8156625563867493.
[I 2025-04-08 21:02:14,742] Trial 79 finished with value: 0.8140696515839251 and parameters: {'max_depth': 8, 'learning_rate': 0.0472582068064603, 'n_estimators': 293, 'gamma': 0.1459790892837942, 'min_child_weight': 4, 'subsample': 0.625860950209136, 'colsample_bytree': 0.9469684309472635}. Best is trial 42 with value: 0.8156625563867493.
[I 2025-04-08 21:02:16,674] Trial 80 finished with value: 0.6377394866279713 and parameters: {'max_depth': 10, 'learning_rate': 0.00011145325518798175, 'n_estimators': 198, 'gamma': 0.11048676741037224, 'min_child_weight': 6, 'subsample': 0.9494969585326595, 'colsample_bytree': 0.9192357362074821}. Best is trial 42 with value: 0.8156625563867493.
[I 2025-04-08 21:02:18,942] Trial 81 finished with value: 0.81511757087553 and parameters: {'max_depth': 12, 'learning_rate': 0.03866888835428231, 'n_estimators': 190, 'gamma': 0.08342098942800746, 'min_child_weight': 4, 'subsample': 0.5900544680623269, 'colsample_bytree': 0.9011769761980144}. Best is trial 42 with value: 0.8156625563867493.
[I 2025-04-08 21:02:20,770] Trial 82 finished with value: 0.8108833147940203 and parameters: {'max_depth': 11, 'learning_rate': 0.10099885038715586, 'n_estimators': 166, 'gamma': 0.10016829231965761, 'min_child_weight': 4, 'subsample': 0.5314504155957722, 'colsample_bytree': 0.8900086624861933}. Best is trial 42 with value: 0.8156625563867493.
[I 2025-04-08 21:02:23,120] Trial 83 finished with value: 0.8099190069254438 and parameters: {'max_depth': 13, 'learning_rate': 0.018999595748512805, 'n_estimators': 181, 'gamma': 0.12608830516564135, 'min_child_weight': 3, 'subsample': 0.9859425546657062, 'colsample_bytree': 0.7372537638698604}. Best is trial 42 with value: 0.8156625563867493.
[I 2025-04-08 21:02:26,704] Trial 84 finished with value: 0.8148243861378657 and parameters: {'max_depth': 14, 'learning_rate': 0.014530203840767046, 'n_estimators': 193, 'gamma': 0.09292104507500487, 'min_child_weight': 4, 'subsample': 0.6144952163381764, 'colsample_bytree': 0.8445476320814413}. Best is trial 42 with value: 0.8156625563867493.
[I 2025-04-08 21:02:28,408] Trial 85 finished with value: 0.8140695637198825 and parameters: {'max_depth': 23, 'learning_rate': 0.04767239393873672, 'n_estimators': 89, 'gamma': 0.06019933154611486, 'min_child_weight': 5, 'subsample': 0.569210452297322, 'colsample_bytree': 0.969306640354203}. Best is trial 42 with value: 0.8156625563867493.
[I 2025-04-08 21:02:29,784] Trial 86 finished with value: 0.8142372786045785 and parameters: {'max_depth': 9, 'learning_rate': 0.06935258244700801, 'n_estimators': 154, 'gamma': 0.03299368745611607, 'min_child_weight': 7, 'subsample': 0.9059531533094344, 'colsample_bytree': 0.8676840499813859}. Best is trial 42 with value: 0.8156625563867493.
[I 2025-04-08 21:02:31,880] Trial 87 finished with value: 0.8152434800487118 and parameters: {'max_depth': 10, 'learning_rate': 0.0324904804572706, 'n_estimators': 208, 'gamma': 0.01684959242807632, 'min_child_weight': 5, 'subsample': 0.8096750200637438, 'colsample_bytree': 0.9411817520721172}. Best is trial 42 with value: 0.8156625563867493.
[I 2025-04-08 21:02:32,844] Trial 88 finished with value: 0.808409977137776 and parameters: {'max_depth': 7, 'learning_rate': 0.02309838504591813, 'n_estimators': 105, 'gamma': 0.014679134761900803, 'min_child_weight': 5, 'subsample': 0.8307493979596942, 'colsample_bytree': 0.937366482984607}. Best is trial 42 with value: 0.8156625563867493.
[I 2025-04-08 21:02:33,794] Trial 89 finished with value: 0.7820819384916556 and parameters: {'max_depth': 10, 'learning_rate': 0.008248254182490573, 'n_estimators': 76, 'gamma': 0.05021110394958616, 'min_child_weight': 5, 'subsample': 0.7699388011908355, 'colsample_bytree': 0.9598374691668262}. Best is trial 42 with value: 0.8156625563867493.
