[I 2025-04-08 21:23:52,888] Trial 157 finished with value: 0.7945330289722894 and parameters: {'max_depth': 22, 'learning_rate': 0.6008040169168849, 'n_estimators': 174, 'gamma': 0.2933732398995183, 'min_child_weight': 5, 'subsample': 0.9672585303099107, 'colsample_bytree': 0.6768322212954724}. Best is trial 127 with value: 0.7953293583640418.
[I 2025-04-08 21:23:54,420] Trial 158 finished with value: 0.7940299546094356 and parameters: {'max_depth': 25, 'learning_rate': 0.4273551106948657, 'n_estimators': 150, 'gamma': 0.37748415272473745, 'min_child_weight': 4, 'subsample': 0.9573657433250266, 'colsample_bytree': 0.6936749839314086}. Best is trial 127 with value: 0.7953293583640418.
[I 2025-04-08 21:23:54,973] Trial 159 finished with value: 0.7945747819653779 and parameters: {'max_depth': 26, 'learning_rate': 0.9989674732250431, 'n_estimators': 138, 'gamma': 0.3185575317508543, 'min_child_weight': 4, 'subsample': 0.9871636957062283, 'colsample_bytree': 0.7369945027707803}. Best is trial 127 with value: 0.7953293583640418.
[I 2025-04-08 21:23:56,137] Trial 160 finished with value: 0.7950778387554234 and parameters: {'max_depth': 25, 'learning_rate': 0.7815822645730923, 'n_estimators': 190, 'gamma': 0.2540637708290572, 'min_child_weight': 4, 'subsample': 0.9142789765238393, 'colsample_bytree': 0.720256342441442}. Best is trial 127 with value: 0.7953293583640418.
[I 2025-04-08 21:23:57,444] Trial 161 finished with value: 0.7951198026222146 and parameters: {'max_depth': 25, 'learning_rate': 0.7763700970266387, 'n_estimators': 189, 'gamma': 0.25089598856139367, 'min_child_weight': 4, 'subsample': 0.9163762102614937, 'colsample_bytree': 0.7145011494511526}. Best is trial 127 with value: 0.7953293583640418.
[I 2025-04-08 21:23:58,731] Trial 162 finished with value: 0.7940297437357332 and parameters: {'max_depth': 25, 'learning_rate': 0.7440566266686399, 'n_estimators': 187, 'gamma': 0.2573724334823802, 'min_child_weight': 4, 'subsample': 0.9170122071915565, 'colsample_bytree': 0.7174661920901682}. Best is trial 127 with value: 0.7953293583640418.
[I 2025-04-08 21:23:59,862] Trial 163 finished with value: 0.7939878677329848 and parameters: {'max_depth': 26, 'learning_rate': 0.6136144598420512, 'n_estimators': 199, 'gamma': 0.2695740038116667, 'min_child_weight': 4, 'subsample': 0.9351214629346756, 'colsample_bytree': 0.7275991934697709}. Best is trial 127 with value: 0.7953293583640418.
[I 2025-04-08 21:24:01,152] Trial 164 finished with value: 0.7947844958624822 and parameters: {'max_depth': 25, 'learning_rate': 0.8121483476799439, 'n_estimators': 191, 'gamma': 0.24214216697717733, 'min_child_weight': 4, 'subsample': 0.9440717387266229, 'colsample_bytree': 0.7045465281141848}. Best is trial 127 with value: 0.7953293583640418.
[I 2025-04-08 21:24:04,343] Trial 165 finished with value: 0.7936525082548268 and parameters: {'max_depth': 24, 'learning_rate': 0.5308941227577074, 'n_estimators': 190, 'gamma': 0.24653390324574725, 'min_child_weight': 4, 'subsample': 0.5760819188565462, 'colsample_bytree': 0.7038115895788578}. Best is trial 127 with value: 0.7953293583640418.
[I 2025-04-08 21:24:10,841] Trial 166 finished with value: 0.6377394866279713 and parameters: {'max_depth': 23, 'learning_rate': 6.156671351587288e-05, 'n_estimators': 204, 'gamma': 0.2781069376821729, 'min_child_weight': 5, 'subsample': 0.9191621566517099, 'colsample_bytree': 0.6628269293379924}. Best is trial 127 with value: 0.7953293583640418.
[I 2025-04-08 21:24:11,554] Trial 167 finished with value: 0.7941134781684214 and parameters: {'max_depth': 27, 'learning_rate': 0.8212015646149807, 'n_estimators': 193, 'gamma': 0.24885483241132808, 'min_child_weight': 4, 'subsample': 0.9680969000043912, 'colsample_bytree': 0.6823908748169023}. Best is trial 127 with value: 0.7953293583640418.
[I 2025-04-08 21:24:12,859] Trial 168 finished with value: 0.7950359100342494 and parameters: {'max_depth': 26, 'learning_rate': 0.9814505972842369, 'n_estimators': 178, 'gamma': 0.2092577824616475, 'min_child_weight': 4, 'subsample': 0.9294793289089147, 'colsample_bytree': 0.7371039732913482}. Best is trial 127 with value: 0.7953293583640418.
[I 2025-04-08 21:24:14,905] Trial 169 finished with value: 0.7948683884504473 and parameters: {'max_depth': 26, 'learning_rate': 0.9634073984649623, 'n_estimators': 180, 'gamma': 0.22218463219056292, 'min_child_weight': 5, 'subsample': 0.9120916011445688, 'colsample_bytree': 0.7627390731347157}. Best is trial 127 with value: 0.7953293583640418.
[I 2025-04-08 21:24:16,157] Trial 170 finished with value: 0.7941974410476206 and parameters: {'max_depth': 26, 'learning_rate': 0.48563766029779004, 'n_estimators': 181, 'gamma': 0.21907139421465527, 'min_child_weight': 5, 'subsample': 0.9062322399888559, 'colsample_bytree': 0.7413377913363248}. Best is trial 127 with value: 0.7953293583640418.
[I 2025-04-08 21:24:17,861] Trial 171 finished with value: 0.7936105971064613 and parameters: {'max_depth': 27, 'learning_rate': 0.9924501264931203, 'n_estimators': 177, 'gamma': 0.19935076639228907, 'min_child_weight': 5, 'subsample': 0.8929498710786138, 'colsample_bytree': 0.7666912135032324}. Best is trial 127 with value: 0.7953293583640418.
[I 2025-04-08 21:24:19,039] Trial 172 finished with value: 0.7940298667453929 and parameters: {'max_depth': 25, 'learning_rate': 0.99593989105159, 'n_estimators': 187, 'gamma': 0.22531940705955675, 'min_child_weight': 4, 'subsample': 0.9291111389634343, 'colsample_bytree': 0.7573850194252696}. Best is trial 127 with value: 0.7953293583640418.
[I 2025-04-08 21:24:20,182] Trial 173 finished with value: 0.794574746819761 and parameters: {'max_depth': 27, 'learning_rate': 0.7846866243883729, 'n_estimators': 170, 'gamma': 0.2366145394901373, 'min_child_weight': 5, 'subsample': 0.9146774455996355, 'colsample_bytree': 0.7101728828470958}. Best is trial 127 with value: 0.7953293583640418.
[I 2025-04-08 21:24:21,206] Trial 174 finished with value: 0.7939878501601763 and parameters: {'max_depth': 28, 'learning_rate': 0.8328624327142465, 'n_estimators': 183, 'gamma': 0.2052795267696947, 'min_child_weight': 4, 'subsample': 0.941459663312772, 'colsample_bytree': 0.6898570134764164}. Best is trial 127 with value: 0.7953293583640418.
[I 2025-04-08 21:24:21,982] Trial 175 finished with value: 0.794490889377413 and parameters: {'max_depth': 26, 'learning_rate': 0.5744969516136146, 'n_estimators': 167, 'gamma': 0.18641296182025627, 'min_child_weight': 6, 'subsample': 0.9995631204946543, 'colsample_bytree': 0.7420298013816466}. Best is trial 127 with value: 0.7953293583640418.
[I 2025-04-08 21:24:22,689] Trial 176 finished with value: 0.7947844079984395 and parameters: {'max_depth': 26, 'learning_rate': 0.6257321710673304, 'n_estimators': 176, 'gamma': 0.2576312279723347, 'min_child_weight': 5, 'subsample': 0.9761433315608237, 'colsample_bytree': 0.7613123946903093}. Best is trial 127 with value: 0.7953293583640418.
[I 2025-04-08 21:24:23,544] Trial 177 finished with value: 0.7944071725175333 and parameters: {'max_depth': 26, 'learning_rate': 0.3923881943897936, 'n_estimators': 197, 'gamma': 0.25948823667470705, 'min_child_weight': 5, 'subsample': 0.9788620773510985, 'colsample_bytree': 0.7150411780291678}. Best is trial 127 with value: 0.7953293583640418.
[I 2025-04-08 21:24:24,286] Trial 178 finished with value: 0.7948263718652305 and parameters: {'max_depth': 24, 'learning_rate': 0.6261117438093906, 'n_estimators': 191, 'gamma': 0.24313696219304168, 'min_child_weight': 5, 'subsample': 0.9869218973378969, 'colsample_bytree': 0.7340810730502837}. Best is trial 127 with value: 0.7953293583640418.
[I 2025-04-08 21:24:25,374] Trial 179 finished with value: 0.7945749049750377 and parameters: {'max_depth': 25, 'learning_rate': 0.6274885261944427, 'n_estimators': 176, 'gamma': 0.2379417129614401, 'min_child_weight': 5, 'subsample': 0.9897041423836206, 'colsample_bytree': 0.6992847630785898}. Best is trial 127 with value: 0.7953293583640418.
[I 2025-04-08 21:24:26,204] Trial 180 finished with value: 0.7944909948142642 and parameters: {'max_depth': 26, 'learning_rate': 0.49887055641863126, 'n_estimators': 187, 'gamma': 0.250547396806687, 'min_child_weight': 5, 'subsample': 0.9600872734104697, 'colsample_bytree': 0.7303230433564281}. Best is trial 127 with value: 0.7953293583640418.
[I 2025-04-08 21:24:26,951] Trial 181 finished with value: 0.7948682654407875 and parameters: {'max_depth': 24, 'learning_rate': 0.6595150140620568, 'n_estimators': 192, 'gamma': 0.26677172339525845, 'min_child_weight': 5, 'subsample': 0.974317917423413, 'colsample_bytree': 0.7482675383013319}. Best is trial 127 with value: 0.7953293583640418.
[I 2025-04-08 21:24:27,796] Trial 182 finished with value: 0.7949102293075786 and parameters: {'max_depth': 24, 'learning_rate': 0.7915962012436274, 'n_estimators': 181, 'gamma': 0.26671002304992336, 'min_child_weight': 5, 'subsample': 0.9723077608338732, 'colsample_bytree': 0.7569103623456637}. Best is trial 127 with value: 0.7953293583640418.
[I 2025-04-08 21:24:28,481] Trial 183 finished with value: 0.7941974059020035 and parameters: {'max_depth': 24, 'learning_rate': 0.7975115829304122, 'n_estimators': 192, 'gamma': 0.26542751080984106, 'min_child_weight': 5, 'subsample': 0.9780447374650525, 'colsample_bytree': 0.7567191316673538}. Best is trial 127 with value: 0.7953293583640418.
[I 2025-04-08 21:24:29,253] Trial 184 finished with value: 0.7947006032745172 and parameters: {'max_depth': 24, 'learning_rate': 0.6525041712677706, 'n_estimators': 179, 'gamma': 0.21710587432419898, 'min_child_weight': 5, 'subsample': 0.9722515528394655, 'colsample_bytree': 0.7754501242940843}. Best is trial 127 with value: 0.7953293583640418.
[I 2025-04-08 21:24:29,852] Trial 185 finished with value: 0.7943651735051251 and parameters: {'max_depth': 25, 'learning_rate': 0.9981247321786264, 'n_estimators': 190, 'gamma': 0.28324076143939153, 'min_child_weight': 5, 'subsample': 0.9889934173433049, 'colsample_bytree': 0.7601101482767157}. Best is trial 127 with value: 0.7953293583640418.
[I 2025-04-08 21:24:30,594] Trial 186 finished with value: 0.7941556177632979 and parameters: {'max_depth': 26, 'learning_rate': 0.8023504356082193, 'n_estimators': 205, 'gamma': 0.228998759814555, 'min_child_weight': 5, 'subsample': 0.9831874206721326, 'colsample_bytree': 0.746743611192917}. Best is trial 127 with value: 0.7953293583640418.
[I 2025-04-08 21:24:31,371] Trial 187 finished with value: 0.7944491188115158 and parameters: {'max_depth': 25, 'learning_rate': 0.6309303184649175, 'n_estimators': 184, 'gamma': 0.2685734187056641, 'min_child_weight': 5, 'subsample': 0.9582316590584403, 'colsample_bytree': 0.7237335622017884}. Best is trial 127 with value: 0.7953293583640418.
[I 2025-04-08 21:24:33,876] Trial 188 finished with value: 0.6377394866279713 and parameters: {'max_depth': 23, 'learning_rate': 1.1203370529633562e-05, 'n_estimators': 200, 'gamma': 0.2535216824459984, 'min_child_weight': 5, 'subsample': 0.9716337233110853, 'colsample_bytree': 0.7119751281904146}. Best is trial 127 with value: 0.7953293583640418.
[I 2025-04-08 21:24:34,513] Trial 189 finished with value: 0.7950359451798664 and parameters: {'max_depth': 25, 'learning_rate': 0.7842974873954236, 'n_estimators': 176, 'gamma': 0.28943482622808064, 'min_child_weight': 4, 'subsample': 0.9929107814722725, 'colsample_bytree': 0.9814657671193268}. Best is trial 127 with value: 0.7953293583640418.
[I 2025-04-08 21:24:35,666] Trial 190 finished with value: 0.7947425847141167 and parameters: {'max_depth': 24, 'learning_rate': 0.7984743740525684, 'n_estimators': 183, 'gamma': 0.28949805763786596, 'min_child_weight': 4, 'subsample': 0.9994441913628177, 'colsample_bytree': 0.6894054649799602}. Best is trial 127 with value: 0.7953293583640418.
[I 2025-04-08 21:24:36,441] Trial 191 finished with value: 0.7944071725175333 and parameters: {'max_depth': 25, 'learning_rate': 0.6476613726418252, 'n_estimators': 164, 'gamma': 0.2778725509610998, 'min_child_weight': 4, 'subsample': 0.9895364627529593, 'colsample_bytree': 0.7377183893119599}. Best is trial 127 with value: 0.7953293583640418.
[I 2025-04-08 21:24:39,074] Trial 192 finished with value: 0.6377394866279713 and parameters: {'max_depth': 26, 'learning_rate': 0.00036287515706592626, 'n_estimators': 175, 'gamma': 0.24690244749860996, 'min_child_weight': 4, 'subsample': 0.975140010633338, 'colsample_bytree': 0.92338957325129}. Best is trial 127 with value: 0.7953293583640418.
[I 2025-04-08 21:24:39,915] Trial 193 finished with value: 0.7943232272111426 and parameters: {'max_depth': 24, 'learning_rate': 0.9961966130749258, 'n_estimators': 176, 'gamma': 0.23624201292727778, 'min_child_weight': 4, 'subsample': 0.9659283133939321, 'colsample_bytree': 0.5741355423908556}. Best is trial 127 with value: 0.7953293583640418.
[I 2025-04-08 21:24:42,091] Trial 194 finished with value: 0.6377394866279713 and parameters: {'max_depth': 27, 'learning_rate': 0.0018381473456959285, 'n_estimators': 180, 'gamma': 0.5941425567712995, 'min_child_weight': 5, 'subsample': 0.982754463295635, 'colsample_bytree': 0.9770279468527291}. Best is trial 127 with value: 0.7953293583640418.
[I 2025-04-08 21:24:42,884] Trial 195 finished with value: 0.7948263015739965 and parameters: {'max_depth': 25, 'learning_rate': 0.7773087975133018, 'n_estimators': 192, 'gamma': 0.26262571741882984, 'min_child_weight': 4, 'subsample': 0.9583697162941605, 'colsample_bytree': 0.7256257656443507}. Best is trial 127 with value: 0.7953293583640418.
[I 2025-04-08 21:24:43,750] Trial 196 finished with value: 0.7946168161234033 and parameters: {'max_depth': 25, 'learning_rate': 0.8016391561968141, 'n_estimators': 197, 'gamma': 0.29955663933333093, 'min_child_weight': 4, 'subsample': 0.9382556595523718, 'colsample_bytree': 0.6990527227984571}. Best is trial 127 with value: 0.7953293583640418.
[I 2025-04-08 21:24:44,581] Trial 197 finished with value: 0.7943233150751853 and parameters: {'max_depth': 23, 'learning_rate': 0.48416987613193146, 'n_estimators': 191, 'gamma': 0.2698650867083002, 'min_child_weight': 4, 'subsample': 0.9562787134326372, 'colsample_bytree': 0.7242516802100756}. Best is trial 127 with value: 0.7953293583640418.
[I 2025-04-08 21:24:47,489] Trial 198 finished with value: 0.6377394866279713 and parameters: {'max_depth': 24, 'learning_rate': 3.4403154979976256e-05, 'n_estimators': 187, 'gamma': 0.2087351988775452, 'min_child_weight': 4, 'subsample': 0.9464832578347216, 'colsample_bytree': 0.9574849242640341}. Best is trial 127 with value: 0.7953293583640418.
[I 2025-04-08 21:24:48,140] Trial 199 finished with value: 0.7944490836658987 and parameters: {'max_depth': 25, 'learning_rate': 0.779871974366639, 'n_estimators': 165, 'gamma': 0.28578246389799705, 'min_child_weight': 4, 'subsample': 0.9923428798517464, 'colsample_bytree': 0.7134755896989411}. Best is trial 127 with value: 0.7953293583640418.
[I 2025-04-08 21:24:49,159] Trial 200 finished with value: 0.7941557056273405 and parameters: {'max_depth': 25, 'learning_rate': 0.5787964735745019, 'n_estimators': 195, 'gamma': 0.24490333197285113, 'min_child_weight': 4, 'subsample': 0.9267200733547675, 'colsample_bytree': 0.6370194492848984}. Best is trial 127 with value: 0.7953293583640418.
[I 2025-04-08 21:24:49,865] Trial 201 finished with value: 0.7939459917302363 and parameters: {'max_depth': 26, 'learning_rate': 0.6642523460460973, 'n_estimators': 170, 'gamma': 0.25983640747641695, 'min_child_weight': 5, 'subsample': 0.9707264299613542, 'colsample_bytree': 0.7521982916362053}. Best is trial 127 with value: 0.7953293583640418.
[I 2025-04-08 21:24:50,561] Trial 202 finished with value: 0.7940716724569071 and parameters: {'max_depth': 26, 'learning_rate': 0.7712531868788456, 'n_estimators': 183, 'gamma': 0.2585237460117198, 'min_child_weight': 5, 'subsample': 0.9818600689662829, 'colsample_bytree': 0.7326483701699184}. Best is trial 127 with value: 0.7953293583640418.
[I 2025-04-08 21:24:51,438] Trial 203 finished with value: 0.7943232096383341 and parameters: {'max_depth': 26, 'learning_rate': 0.9940502422093229, 'n_estimators': 178, 'gamma': 0.2714532268877348, 'min_child_weight': 4, 'subsample': 0.960908174534212, 'colsample_bytree': 0.7473538663383764}. Best is trial 127 with value: 0.7953293583640418.
[I 2025-04-08 21:24:52,328] Trial 204 finished with value: 0.7947845134352908 and parameters: {'max_depth': 24, 'learning_rate': 0.5834451704865911, 'n_estimators': 159, 'gamma': 0.19202466579510966, 'min_child_weight': 5, 'subsample': 0.9773495131891811, 'colsample_bytree': 0.6749444730283481}. Best is trial 127 with value: 0.7953293583640418.
[I 2025-04-08 21:24:53,345] Trial 205 finished with value: 0.7943652262235508 and parameters: {'max_depth': 24, 'learning_rate': 0.41074640249951905, 'n_estimators': 159, 'gamma': 0.1958779481025916, 'min_child_weight': 4, 'subsample': 0.9643145523524176, 'colsample_bytree': 0.6830751686584495}. Best is trial 127 with value: 0.7953293583640418.
[I 2025-04-08 21:24:54,246] Trial 206 finished with value: 0.7944909069502215 and parameters: {'max_depth': 25, 'learning_rate': 0.7946215304833067, 'n_estimators': 189, 'gamma': 0.2934302468191697, 'min_child_weight': 5, 'subsample': 0.9510008519470631, 'colsample_bytree': 0.6596895568605451}. Best is trial 127 with value: 0.7953293583640418.
[I 2025-04-08 21:24:55,016] Trial 207 finished with value: 0.7939039927178282 and parameters: {'max_depth': 24, 'learning_rate': 0.4809213239018339, 'n_estimators': 160, 'gamma': 0.1789611492249636, 'min_child_weight': 4, 'subsample': 0.9903052907600267, 'colsample_bytree': 0.6981381829649498}. Best is trial 127 with value: 0.7953293583640418.
[I 2025-04-08 21:24:55,751] Trial 208 finished with value: 0.7949101590163444 and parameters: {'max_depth': 24, 'learning_rate': 0.5899018773263789, 'n_estimators': 209, 'gamma': 0.230741333708806, 'min_child_weight': 4, 'subsample': 0.9991541399248643, 'colsample_bytree': 0.6679522865822625}. Best is trial 127 with value: 0.7953293583640418.
[I 2025-04-08 21:24:56,963] Trial 209 finished with value: 0.7941974761932377 and parameters: {'max_depth': 23, 'learning_rate': 0.5332317978335777, 'n_estimators': 208, 'gamma': 0.22119516208467715, 'min_child_weight': 4, 'subsample': 0.9991620951797342, 'colsample_bytree': 0.6691191797759524}. Best is trial 127 with value: 0.7953293583640418.
[I 2025-04-08 21:24:57,715] Trial 210 finished with value: 0.7947005857017087 and parameters: {'max_depth': 25, 'learning_rate': 0.6478105791002876, 'n_estimators': 199, 'gamma': 0.2335694576637681, 'min_child_weight': 5, 'subsample': 0.983771695154669, 'colsample_bytree': 0.675351418448818}. Best is trial 127 with value: 0.7953293583640418.
[I 2025-04-08 21:24:58,618] Trial 211 finished with value: 0.7949101941619616 and parameters: {'max_depth': 24, 'learning_rate': 0.8122015266545384, 'n_estimators': 172, 'gamma': 0.18648353781114996, 'min_child_weight': 4, 'subsample': 0.9739136762105567, 'colsample_bytree': 0.650944027532755}. Best is trial 127 with value: 0.7953293583640418.
[I 2025-04-08 21:24:59,439] Trial 212 finished with value: 0.7940717076025241 and parameters: {'max_depth': 23, 'learning_rate': 0.8026818146446101, 'n_estimators': 172, 'gamma': 0.20942836997872524, 'min_child_weight': 4, 'subsample': 0.9767236912754472, 'colsample_bytree': 0.6583478144116539}. Best is trial 127 with value: 0.7953293583640418.
[I 2025-04-08 21:25:00,263] Trial 213 finished with value: 0.7946168161234033 and parameters: {'max_depth': 25, 'learning_rate': 0.6732114801973841, 'n_estimators': 184, 'gamma': 0.18865656925850532, 'min_child_weight': 4, 'subsample': 0.9925602711260505, 'colsample_bytree': 0.5032408980182066}. Best is trial 127 with value: 0.7953293583640418.
[I 2025-04-08 21:25:01,097] Trial 214 finished with value: 0.794071672456907 and parameters: {'max_depth': 27, 'learning_rate': 0.5577928284910144, 'n_estimators': 167, 'gamma': 0.30711359895219115, 'min_child_weight': 4, 'subsample': 0.9704347808362168, 'colsample_bytree': 0.6676403357478999}. Best is trial 127 with value: 0.7953293583640418.
[I 2025-04-08 21:25:02,020] Trial 215 finished with value: 0.795287535079719 and parameters: {'max_depth': 24, 'learning_rate': 0.8189531465746355, 'n_estimators': 219, 'gamma': 0.22730544883210352, 'min_child_weight': 4, 'subsample': 0.9822699979616815, 'colsample_bytree': 0.6214368743294962}. Best is trial 127 with value: 0.7953293583640418.
[I 2025-04-08 21:25:03,139] Trial 216 finished with value: 0.7946587975630028 and parameters: {'max_depth': 24, 'learning_rate': 0.4092088919723268, 'n_estimators': 216, 'gamma': 0.22849996778095735, 'min_child_weight': 4, 'subsample': 0.9889836938976773, 'colsample_bytree': 0.6081576882252538}. Best is trial 127 with value: 0.7953293583640418.
[I 2025-04-08 21:25:04,137] Trial 217 finished with value: 0.7945328356713954 and parameters: {'max_depth': 22, 'learning_rate': 0.811186644526438, 'n_estimators': 218, 'gamma': 0.19434687676071644, 'min_child_weight': 4, 'subsample': 0.9683462258276594, 'colsample_bytree': 0.6245317383613136}. Best is trial 127 with value: 0.7953293583640418.
[I 2025-04-08 21:25:04,980] Trial 218 finished with value: 0.7947425319956911 and parameters: {'max_depth': 23, 'learning_rate': 0.6270922895042489, 'n_estimators': 203, 'gamma': 0.21080523721550917, 'min_child_weight': 4, 'subsample': 0.9989347782945923, 'colsample_bytree': 0.6356339378775815}. Best is trial 127 with value: 0.7953293583640418.
[I 2025-04-08 21:25:05,959] Trial 219 finished with value: 0.7947426022869253 and parameters: {'max_depth': 24, 'learning_rate': 0.5047758480907253, 'n_estimators': 224, 'gamma': 0.242915561613463, 'min_child_weight': 4, 'subsample': 0.9806726899334792, 'colsample_bytree': 0.6489934254246044}. Best is trial 127 with value: 0.7953293583640418.
