[I 2025-04-08 02:02:47,132] Trial 72 finished with value: 0.6679242471369502 and parameters: {'lambda_l1': 0.0011251439247081617, 'lambda_l2': 1.9689175393280827, 'num_leaves': 37, 'feature_fraction': 0.9786514137812907, 'bagging_fraction': 0.9863041074109166, 'bagging_freq': 3, 'min_child_samples': 6}. Best is trial 64 with value: 0.6683014650450478.
[I 2025-04-08 02:02:48,123] Trial 73 finished with value: 0.6658697046538069 and parameters: {'lambda_l1': 0.00048556909894497557, 'lambda_l2': 2.310943858400189, 'num_leaves': 18, 'feature_fraction': 0.9738433728412288, 'bagging_fraction': 0.9888844410909816, 'bagging_freq': 3, 'min_child_samples': 119}. Best is trial 64 with value: 0.6683014650450478.
[I 2025-04-08 02:02:49,924] Trial 74 finished with value: 0.6657021303515791 and parameters: {'lambda_l1': 0.00020976240569055686, 'lambda_l2': 0.07127276778295338, 'num_leaves': 33, 'feature_fraction': 0.984349174070722, 'bagging_fraction': 0.9224085975910561, 'bagging_freq': 2, 'min_child_samples': 9}. Best is trial 64 with value: 0.6683014650450478.
[I 2025-04-08 02:02:51,350] Trial 75 finished with value: 0.666624685227067 and parameters: {'lambda_l1': 0.006506345268002585, 'lambda_l2': 12.436756760259561, 'num_leaves': 38, 'feature_fraction': 0.9539680716175504, 'bagging_fraction': 0.9550137457245519, 'bagging_freq': 13, 'min_child_samples': 23}. Best is trial 64 with value: 0.6683014650450478.
[I 2025-04-08 02:02:52,464] Trial 76 finished with value: 0.6673791737616881 and parameters: {'lambda_l1': 8.645880888831929e-07, 'lambda_l2': 39.76625124619276, 'num_leaves': 27, 'feature_fraction': 0.9262147172947831, 'bagging_fraction': 0.9887413192176028, 'bagging_freq': 4, 'min_child_samples': 12}. Best is trial 64 with value: 0.6683014650450478.
[I 2025-04-08 02:02:53,466] Trial 77 finished with value: 0.6679660528484644 and parameters: {'lambda_l1': 6.042177931629056e-08, 'lambda_l2': 0.034461370613021625, 'num_leaves': 27, 'feature_fraction': 0.917455929738948, 'bagging_fraction': 0.9901662985571821, 'bagging_freq': 4, 'min_child_samples': 17}. Best is trial 64 with value: 0.6683014650450478.
[I 2025-04-08 02:02:54,860] Trial 78 finished with value: 0.6671275487162186 and parameters: {'lambda_l1': 0.03523589113043554, 'lambda_l2': 0.03397462678571521, 'num_leaves': 37, 'feature_fraction': 0.8965962588037948, 'bagging_fraction': 0.9369525735476542, 'bagging_freq': 1, 'min_child_samples': 18}. Best is trial 64 with value: 0.6683014650450478.
[I 2025-04-08 02:02:55,631] Trial 79 finished with value: 0.666540564192591 and parameters: {'lambda_l1': 4.3851349693656664e-08, 'lambda_l2': 0.29466355476486067, 'num_leaves': 12, 'feature_fraction': 0.9461866233595518, 'bagging_fraction': 0.9873810150075063, 'bagging_freq': 3, 'min_child_samples': 28}. Best is trial 64 with value: 0.6683014650450478.
[I 2025-04-08 02:02:56,921] Trial 80 finished with value: 0.6677144805214204 and parameters: {'lambda_l1': 3.9690348229043484e-09, 'lambda_l2': 0.12162413104154506, 'num_leaves': 32, 'feature_fraction': 0.9183260916397353, 'bagging_fraction': 0.9994757020686884, 'bagging_freq': 11, 'min_child_samples': 16}. Best is trial 64 with value: 0.6683014650450478.
[I 2025-04-08 02:02:58,212] Trial 81 finished with value: 0.6673371396036629 and parameters: {'lambda_l1': 1.1658980914698152e-08, 'lambda_l2': 0.12352578007799353, 'num_leaves': 31, 'feature_fraction': 0.8661978446964753, 'bagging_fraction': 0.9568786766647892, 'bagging_freq': 11, 'min_child_samples': 16}. Best is trial 64 with value: 0.6683014650450478.
[I 2025-04-08 02:02:59,064] Trial 82 finished with value: 0.6667924528301886 and parameters: {'lambda_l1': 1.886913501647411e-09, 'lambda_l2': 0.004336433144980508, 'num_leaves': 16, 'feature_fraction': 0.9091833381127962, 'bagging_fraction': 0.9993446998665486, 'bagging_freq': 16, 'min_child_samples': 13}. Best is trial 64 with value: 0.6683014650450478.
[I 2025-04-08 02:03:01,185] Trial 83 finished with value: 0.6664144792913238 and parameters: {'lambda_l1': 3.248186675706617e-07, 'lambda_l2': 0.5198722745378774, 'num_leaves': 44, 'feature_fraction': 0.9806619519366768, 'bagging_fraction': 0.9809796220747247, 'bagging_freq': 13, 'min_child_samples': 22}. Best is trial 64 with value: 0.6683014650450478.
[I 2025-04-08 02:03:02,691] Trial 84 finished with value: 0.6677144102301862 and parameters: {'lambda_l1': 5.098471294164379e-09, 'lambda_l2': 5.578156927923731, 'num_leaves': 39, 'feature_fraction': 0.9136259187972232, 'bagging_fraction': 0.9596951168157224, 'bagging_freq': 15, 'min_child_samples': 7}. Best is trial 64 with value: 0.6683014650450478.
[I 2025-04-08 02:03:03,767] Trial 85 finished with value: 0.6667920486555923 and parameters: {'lambda_l1': 7.727021037033454e-09, 'lambda_l2': 3.5881646514746475, 'num_leaves': 22, 'feature_fraction': 0.917824933098238, 'bagging_fraction': 0.9272070340518763, 'bagging_freq': 15, 'min_child_samples': 6}. Best is trial 64 with value: 0.6683014650450478.
[I 2025-04-08 02:03:05,555] Trial 86 finished with value: 0.6652411077195591 and parameters: {'lambda_l1': 7.925887101791921e-08, 'lambda_l2': 6.338634263446175, 'num_leaves': 41, 'feature_fraction': 0.9607695587489898, 'bagging_fraction': 0.9469656946292785, 'bagging_freq': 15, 'min_child_samples': 72}. Best is trial 64 with value: 0.6683014650450478.
[I 2025-04-08 02:03:08,974] Trial 87 finished with value: 0.6609229766228928 and parameters: {'lambda_l1': 3.2959636703814856e-09, 'lambda_l2': 1.6695181569859752, 'num_leaves': 125, 'feature_fraction': 0.783217267821076, 'bagging_fraction': 0.8882074228573658, 'bagging_freq': 16, 'min_child_samples': 9}. Best is trial 64 with value: 0.6683014650450478.
[I 2025-04-08 02:03:09,534] Trial 88 finished with value: 0.6631449352529869 and parameters: {'lambda_l1': 1.7816210873178094e-08, 'lambda_l2': 13.193354361996487, 'num_leaves': 6, 'feature_fraction': 0.8889280500180402, 'bagging_fraction': 0.9611490615288952, 'bagging_freq': 14, 'min_child_samples': 18}. Best is trial 64 with value: 0.6683014650450478.
[I 2025-04-08 02:03:11,157] Trial 89 finished with value: 0.6668341355320432 and parameters: {'lambda_l1': 4.94861578556641e-09, 'lambda_l2': 19.490649251745598, 'num_leaves': 32, 'feature_fraction': 0.9477646684620741, 'bagging_fraction': 0.9058199092011838, 'bagging_freq': 15, 'min_child_samples': 5}. Best is trial 64 with value: 0.6683014650450478.
[I 2025-04-08 02:03:12,518] Trial 90 finished with value: 0.6493522135588277 and parameters: {'lambda_l1': 0.0028584097589891668, 'lambda_l2': 0.7436315414046725, 'num_leaves': 37, 'feature_fraction': 0.6605355195817294, 'bagging_fraction': 0.5111337429446094, 'bagging_freq': 2, 'min_child_samples': 9}. Best is trial 64 with value: 0.6683014650450478.
[I 2025-04-08 02:03:13,555] Trial 91 finished with value: 0.6669598865499482 and parameters: {'lambda_l1': 0.0532619514749568, 'lambda_l2': 0.02283813784129666, 'num_leaves': 28, 'feature_fraction': 0.9342541355964847, 'bagging_fraction': 0.985028494821817, 'bagging_freq': 4, 'min_child_samples': 14}. Best is trial 64 with value: 0.6683014650450478.
[I 2025-04-08 02:03:14,962] Trial 92 finished with value: 0.6651153918472712 and parameters: {'lambda_l1': 0.0016356049647190509, 'lambda_l2': 0.04771784027420217, 'num_leaves': 46, 'feature_fraction': 0.9213202732219701, 'bagging_fraction': 0.9679526308439748, 'bagging_freq': 6, 'min_child_samples': 27}. Best is trial 64 with value: 0.6683014650450478.
[I 2025-04-08 02:03:16,453] Trial 93 finished with value: 0.666624685227067 and parameters: {'lambda_l1': 1.132451544136688e-09, 'lambda_l2': 0.3375888417238757, 'num_leaves': 40, 'feature_fraction': 0.7636161158694903, 'bagging_fraction': 0.941817292828829, 'bagging_freq': 3, 'min_child_samples': 18}. Best is trial 64 with value: 0.6683014650450478.
[I 2025-04-08 02:03:17,906] Trial 94 finished with value: 0.6627252087210334 and parameters: {'lambda_l1': 0.014931069692112789, 'lambda_l2': 5.131744917615527, 'num_leaves': 35, 'feature_fraction': 0.9696856834591172, 'bagging_fraction': 0.44686618560713337, 'bagging_freq': 16, 'min_child_samples': 4}. Best is trial 64 with value: 0.6683014650450478.
[I 2025-04-08 02:03:19,068] Trial 95 finished with value: 0.6680919620216461 and parameters: {'lambda_l1': 0.000932119922332261, 'lambda_l2': 2.162850660396921, 'num_leaves': 26, 'feature_fraction': 0.9861086543230186, 'bagging_fraction': 0.9996074667921102, 'bagging_freq': 4, 'min_child_samples': 11}. Best is trial 64 with value: 0.6683014650450478.
[I 2025-04-08 02:03:19,956] Trial 96 finished with value: 0.6673371571764715 and parameters: {'lambda_l1': 7.38412039202709e-05, 'lambda_l2': 1.7197485422307086, 'num_leaves': 21, 'feature_fraction': 0.9961090101225837, 'bagging_fraction': 0.9963052806641466, 'bagging_freq': 13, 'min_child_samples': 8}. Best is trial 64 with value: 0.6683014650450478.
[I 2025-04-08 02:03:21,717] Trial 97 finished with value: 0.6658279340879097 and parameters: {'lambda_l1': 1.2383237875650497e-07, 'lambda_l2': 7.968400062296658, 'num_leaves': 31, 'feature_fraction': 0.9002677565614499, 'bagging_fraction': 0.9592891640906683, 'bagging_freq': 2, 'min_child_samples': 11}. Best is trial 64 with value: 0.6683014650450478.
[I 2025-04-08 02:03:22,649] Trial 98 finished with value: 0.6680080694336811 and parameters: {'lambda_l1': 0.00028837740745438065, 'lambda_l2': 2.5586948695343215, 'num_leaves': 18, 'feature_fraction': 0.9863434372317695, 'bagging_fraction': 0.916198556593317, 'bagging_freq': 4, 'min_child_samples': 22}. Best is trial 64 with value: 0.6683014650450478.
[I 2025-04-08 02:03:23,598] Trial 99 finished with value: 0.6663729371719376 and parameters: {'lambda_l1': 0.0002713991269001349, 'lambda_l2': 2.7110677227311633, 'num_leaves': 17, 'feature_fraction': 0.9850123864851176, 'bagging_fraction': 0.9262912748488663, 'bagging_freq': 10, 'min_child_samples': 23}. Best is trial 64 with value: 0.6683014650450478.
[I 2025-04-08 02:03:24,760] Trial 100 finished with value: 0.6667503132353122 and parameters: {'lambda_l1': 2.325900037604211e-08, 'lambda_l2': 0.15613805747895573, 'num_leaves': 26, 'feature_fraction': 0.9532023932484119, 'bagging_fraction': 0.9167793455136148, 'bagging_freq': 4, 'min_child_samples': 31}. Best is trial 64 with value: 0.6683014650450478.
[I 2025-04-08 02:03:25,825] Trial 101 finished with value: 0.6680082100161495 and parameters: {'lambda_l1': 0.0007465691110352961, 'lambda_l2': 0.9489066245986074, 'num_leaves': 23, 'feature_fraction': 0.9693612514397381, 'bagging_fraction': 0.9714645478153263, 'bagging_freq': 3, 'min_child_samples': 12}. Best is trial 64 with value: 0.6683014650450478.
[I 2025-04-08 02:03:26,658] Trial 102 finished with value: 0.667295246028106 and parameters: {'lambda_l1': 0.0010827793214781172, 'lambda_l2': 0.8932569587509763, 'num_leaves': 14, 'feature_fraction': 0.9693347474632767, 'bagging_fraction': 0.9506267362928954, 'bagging_freq': 3, 'min_child_samples': 20}. Best is trial 64 with value: 0.6683014650450478.
[I 2025-04-08 02:03:27,512] Trial 103 finished with value: 0.667420997046011 and parameters: {'lambda_l1': 0.0006262401958796037, 'lambda_l2': 0.4691060856331107, 'num_leaves': 19, 'feature_fraction': 0.9999076288160555, 'bagging_fraction': 0.9693578455739331, 'bagging_freq': 4, 'min_child_samples': 16}. Best is trial 64 with value: 0.6683014650450478.
[I 2025-04-08 02:03:28,237] Trial 104 finished with value: 0.6670019207079733 and parameters: {'lambda_l1': 0.0021369708019355936, 'lambda_l2': 2.2990566377740884, 'num_leaves': 10, 'feature_fraction': 0.983973076398454, 'bagging_fraction': 0.9345168349507271, 'bagging_freq': 3, 'min_child_samples': 12}. Best is trial 64 with value: 0.6683014650450478.
[I 2025-04-08 02:03:29,335] Trial 105 finished with value: 0.6668759236707489 and parameters: {'lambda_l1': 0.0055767265616570565, 'lambda_l2': 1.2846440498284581, 'num_leaves': 23, 'feature_fraction': 0.9478956106078277, 'bagging_fraction': 0.989580549698304, 'bagging_freq': 4, 'min_child_samples': 36}. Best is trial 64 with value: 0.6683014650450478.
[I 2025-04-08 02:03:30,598] Trial 106 finished with value: 0.6686791047005506 and parameters: {'lambda_l1': 0.0008147233613055692, 'lambda_l2': 0.2134708519596575, 'num_leaves': 29, 'feature_fraction': 0.9601201014321008, 'bagging_fraction': 0.9672924143650696, 'bagging_freq': 3, 'min_child_samples': 7}. Best is trial 106 with value: 0.6686791047005506.
[I 2025-04-08 02:03:32,488] Trial 107 finished with value: 0.6672530185691868 and parameters: {'lambda_l1': 0.0008408149952699899, 'lambda_l2': 0.2389548921747935, 'num_leaves': 29, 'feature_fraction': 0.929726023011079, 'bagging_fraction': 0.9624452909923809, 'bagging_freq': 3, 'min_child_samples': 4}. Best is trial 106 with value: 0.6686791047005506.
[I 2025-04-08 02:03:32,898] Trial 108 finished with value: 0.646752914010976 and parameters: {'lambda_l1': 3.034200336642093e-05, 'lambda_l2': 4.337127737469468, 'num_leaves': 2, 'feature_fraction': 0.9774503959503769, 'bagging_fraction': 0.9461519189683026, 'bagging_freq': 12, 'min_child_samples': 7}. Best is trial 106 with value: 0.6686791047005506.
[I 2025-04-08 02:03:34,016] Trial 109 finished with value: 0.6670436385554449 and parameters: {'lambda_l1': 0.0002471833641793796, 'lambda_l2': 0.7138887299591147, 'num_leaves': 25, 'feature_fraction': 0.9627947854721594, 'bagging_fraction': 0.973437262407282, 'bagging_freq': 2, 'min_child_samples': 11}. Best is trial 106 with value: 0.6686791047005506.
[I 2025-04-08 02:03:34,913] Trial 110 finished with value: 0.6668343815513627 and parameters: {'lambda_l1': 9.003581407507518e-06, 'lambda_l2': 10.468432809741905, 'num_leaves': 15, 'feature_fraction': 0.989557591836798, 'bagging_fraction': 0.9988329904322589, 'bagging_freq': 1, 'min_child_samples': 19}. Best is trial 106 with value: 0.6686791047005506.
[I 2025-04-08 02:03:36,708] Trial 111 finished with value: 0.6669180984112424 and parameters: {'lambda_l1': 0.002249525331474937, 'lambda_l2': 2.023573605027888, 'num_leaves': 32, 'feature_fraction': 0.9142756149306421, 'bagging_fraction': 0.9776225080878564, 'bagging_freq': 3, 'min_child_samples': 15}. Best is trial 106 with value: 0.6686791047005506.
[I 2025-04-08 02:03:37,754] Trial 112 finished with value: 0.6665409156487617 and parameters: {'lambda_l1': 0.0003427042401162944, 'lambda_l2': 0.11385818396863734, 'num_leaves': 9, 'feature_fraction': 0.9404887564486432, 'bagging_fraction': 0.9620220029773239, 'bagging_freq': 4, 'min_child_samples': 91}. Best is trial 106 with value: 0.6686791047005506.
[I 2025-04-08 02:03:39,298] Trial 113 finished with value: 0.6670858132959384 and parameters: {'lambda_l1': 0.0042154606567368896, 'lambda_l2': 27.404415059837955, 'num_leaves': 20, 'feature_fraction': 0.957136075895507, 'bagging_fraction': 0.9815160698211498, 'bagging_freq': 2, 'min_child_samples': 13}. Best is trial 106 with value: 0.6686791047005506.
[I 2025-04-08 02:03:41,250] Trial 114 finished with value: 0.6659957368366485 and parameters: {'lambda_l1': 0.0001329430926862762, 'lambda_l2': 0.06169881070696542, 'num_leaves': 35, 'feature_fraction': 0.8806514829872106, 'bagging_fraction': 0.9429194243674028, 'bagging_freq': 3, 'min_child_samples': 55}. Best is trial 106 with value: 0.6686791047005506.
[I 2025-04-08 02:03:43,420] Trial 115 finished with value: 0.6689723245838319 and parameters: {'lambda_l1': 0.010110104620068335, 'lambda_l2': 1.1477080431388142, 'num_leaves': 28, 'feature_fraction': 0.9698475499108877, 'bagging_fraction': 0.991077193920362, 'bagging_freq': 4, 'min_child_samples': 9}. Best is trial 115 with value: 0.6689723245838319.
[I 2025-04-08 02:03:44,587] Trial 116 finished with value: 0.6678822656973505 and parameters: {'lambda_l1': 0.010311097078704735, 'lambda_l2': 0.4220233661120191, 'num_leaves': 27, 'feature_fraction': 0.9759677868564514, 'bagging_fraction': 0.913602155303788, 'bagging_freq': 4, 'min_child_samples': 8}. Best is trial 115 with value: 0.6689723245838319.
[I 2025-04-08 02:03:45,753] Trial 117 finished with value: 0.6664149361843459 and parameters: {'lambda_l1': 0.1701841681203649, 'lambda_l2': 0.20920861149546746, 'num_leaves': 27, 'feature_fraction': 0.9739295841499922, 'bagging_fraction': 0.8781298088139246, 'bagging_freq': 4, 'min_child_samples': 9}. Best is trial 115 with value: 0.6689723245838319.
[I 2025-04-08 02:03:46,795] Trial 118 finished with value: 0.6678403896946021 and parameters: {'lambda_l1': 0.0010959938355938966, 'lambda_l2': 0.4934752978550571, 'num_leaves': 24, 'feature_fraction': 0.9935986763572688, 'bagging_fraction': 0.8922801999379704, 'bagging_freq': 3, 'min_child_samples': 10}. Best is trial 115 with value: 0.6689723245838319.
[I 2025-04-08 02:03:47,729] Trial 119 finished with value: 0.667169495010201 and parameters: {'lambda_l1': 0.011869128341150772, 'lambda_l2': 0.3513470954277431, 'num_leaves': 20, 'feature_fraction': 0.9893419019992619, 'bagging_fraction': 0.7974077880508825, 'bagging_freq': 3, 'min_child_samples': 24}. Best is trial 115 with value: 0.6689723245838319.
[I 2025-04-08 02:03:48,753] Trial 120 finished with value: 0.6676308515255834 and parameters: {'lambda_l1': 0.0013412546417762026, 'lambda_l2': 0.4605571680628787, 'num_leaves': 23, 'feature_fraction': 0.9997305307628035, 'bagging_fraction': 0.9057208209955828, 'bagging_freq': 2, 'min_child_samples': 11}. Best is trial 115 with value: 0.6689723245838319.
[I 2025-04-08 02:03:49,833] Trial 121 finished with value: 0.6676305176422213 and parameters: {'lambda_l1': 0.008125982657654485, 'lambda_l2': 1.1351157602297621, 'num_leaves': 29, 'feature_fraction': 0.9677037737116934, 'bagging_fraction': 0.9283071083270528, 'bagging_freq': 4, 'min_child_samples': 7}. Best is trial 115 with value: 0.6689723245838319.
[I 2025-04-08 02:03:50,814] Trial 122 finished with value: 0.6662054858793697 and parameters: {'lambda_l1': 0.05925574045006349, 'lambda_l2': 0.10364041756561905, 'num_leaves': 25, 'feature_fraction': 0.9788964276279606, 'bagging_fraction': 0.8932732678493848, 'bagging_freq': 3, 'min_child_samples': 2}. Best is trial 115 with value: 0.6689723245838319.
[I 2025-04-08 02:03:52,000] Trial 123 finished with value: 0.6684691272113181 and parameters: {'lambda_l1': 0.0010155879299155797, 'lambda_l2': 0.7222702951350842, 'num_leaves': 31, 'feature_fraction': 0.951221317579087, 'bagging_fraction': 0.917999519661778, 'bagging_freq': 4, 'min_child_samples': 14}. Best is trial 115 with value: 0.6689723245838319.
[I 2025-04-08 02:03:54,400] Trial 124 finished with value: 0.6651994250177047 and parameters: {'lambda_l1': 0.021392937344972728, 'lambda_l2': 0.7813153347116063, 'num_leaves': 31, 'feature_fraction': 0.9517313226406531, 'bagging_fraction': 0.8454017931947798, 'bagging_freq': 4, 'min_child_samples': 15}. Best is trial 115 with value: 0.6689723245838319.
[I 2025-04-08 02:03:55,994] Trial 125 finished with value: 0.667001815271122 and parameters: {'lambda_l1': 0.0008153318306855704, 'lambda_l2': 1.544886847988763, 'num_leaves': 26, 'feature_fraction': 0.964426783854725, 'bagging_fraction': 0.915420682734681, 'bagging_freq': 3, 'min_child_samples': 13}. Best is trial 115 with value: 0.6689723245838319.
[I 2025-04-08 02:03:57,945] Trial 126 finished with value: 0.6493521432675935 and parameters: {'lambda_l1': 0.0023497078044258895, 'lambda_l2': 0.2396310294642366, 'num_leaves': 34, 'feature_fraction': 0.7049345804713978, 'bagging_fraction': 0.6800621552489786, 'bagging_freq': 4, 'min_child_samples': 21}. Best is trial 115 with value: 0.6689723245838319.
[I 2025-04-08 02:03:59,262] Trial 127 finished with value: 0.6667923122477204 and parameters: {'lambda_l1': 0.004530110162760333, 'lambda_l2': 0.0177519263575171, 'num_leaves': 17, 'feature_fraction': 0.9414398385672664, 'bagging_fraction': 0.866073975280078, 'bagging_freq': 5, 'min_child_samples': 17}. Best is trial 115 with value: 0.6689723245838319.
[I 2025-04-08 02:04:00,746] Trial 128 finished with value: 0.6681336271506921 and parameters: {'lambda_l1': 0.0013647374836551279, 'lambda_l2': 0.5368446734726287, 'num_leaves': 22, 'feature_fraction': 0.9882707295734156, 'bagging_fraction': 0.8980840386961193, 'bagging_freq': 3, 'min_child_samples': 10}. Best is trial 115 with value: 0.6689723245838319.
[I 2025-04-08 02:04:02,304] Trial 129 finished with value: 0.667085637567853 and parameters: {'lambda_l1': 0.0003675295865171974, 'lambda_l2': 0.5162317809296065, 'num_leaves': 22, 'feature_fraction': 0.9859199313438465, 'bagging_fraction': 0.8930972917230052, 'bagging_freq': 2, 'min_child_samples': 9}. Best is trial 115 with value: 0.6689723245838319.
[I 2025-04-08 02:04:04,213] Trial 130 finished with value: 0.6675051356532955 and parameters: {'lambda_l1': 0.0013416720126365367, 'lambda_l2': 3.287838890057111, 'num_leaves': 18, 'feature_fraction': 0.9747102476655928, 'bagging_fraction': 0.8771967818482768, 'bagging_freq': 3, 'min_child_samples': 4}. Best is trial 115 with value: 0.6689723245838319.
[I 2025-04-08 02:04:05,961] Trial 131 finished with value: 0.6683016056275162 and parameters: {'lambda_l1': 0.0005173236108386459, 'lambda_l2': 1.1630287478998123, 'num_leaves': 30, 'feature_fraction': 0.9570129124204387, 'bagging_fraction': 0.9360147757391989, 'bagging_freq': 4, 'min_child_samples': 10}. Best is trial 115 with value: 0.6689723245838319.
[I 2025-04-08 02:04:07,828] Trial 132 finished with value: 0.6680078234143615 and parameters: {'lambda_l1': 4.902031335555945e-05, 'lambda_l2': 0.9332325907316011, 'num_leaves': 29, 'feature_fraction': 0.9586389520483543, 'bagging_fraction': 0.9134313509257114, 'bagging_freq': 4, 'min_child_samples': 11}. Best is trial 115 with value: 0.6689723245838319.
