[I 2025-04-08 00:20:12,893] Trial 305 finished with value: 0.8173392659134961 and parameters: {'lambda_l1': 6.327790094169809e-09, 'lambda_l2': 0.0001122422226262399, 'num_leaves': 84, 'feature_fraction': 0.5078556773337599, 'bagging_fraction': 0.7994064418645976, 'bagging_freq': 4, 'min_child_samples': 79}. Best is trial 72 with value: 0.8216574673013964.
[I 2025-04-08 00:20:15,153] Trial 306 finished with value: 0.8191837254705557 and parameters: {'lambda_l1': 4.521087662052537e-07, 'lambda_l2': 22.427822840760523, 'num_leaves': 44, 'feature_fraction': 0.6040666337047264, 'bagging_fraction': 0.9424636092709526, 'bagging_freq': 5, 'min_child_samples': 71}. Best is trial 72 with value: 0.8216574673013964.
[I 2025-04-08 00:20:18,266] Trial 307 finished with value: 0.8187225974016844 and parameters: {'lambda_l1': 1.3175645139529952e-08, 'lambda_l2': 11.83507868058163, 'num_leaves': 115, 'feature_fraction': 0.5584339471879908, 'bagging_fraction': 0.865929987889978, 'bagging_freq': 4, 'min_child_samples': 76}. Best is trial 72 with value: 0.8216574673013964.
[I 2025-04-08 00:20:19,677] Trial 308 finished with value: 0.8188902244223379 and parameters: {'lambda_l1': 3.94342678787337e-09, 'lambda_l2': 1.8808822645895405e-06, 'num_leaves': 31, 'feature_fraction': 0.5244424543324854, 'bagging_fraction': 0.7116804678905057, 'bagging_freq': 3, 'min_child_samples': 81}. Best is trial 72 with value: 0.8216574673013964.
[I 2025-04-08 00:20:21,549] Trial 309 finished with value: 0.8189740115734517 and parameters: {'lambda_l1': 0.0011553661882802786, 'lambda_l2': 28.269130451260278, 'num_leaves': 35, 'feature_fraction': 0.5815703589816499, 'bagging_fraction': 0.81603264898504, 'bagging_freq': 5, 'min_child_samples': 74}. Best is trial 72 with value: 0.8216574673013964.
[I 2025-04-08 00:20:23,351] Trial 310 finished with value: 0.8194776131205618 and parameters: {'lambda_l1': 1.8203116797120414e-09, 'lambda_l2': 4.6857182647566975e-05, 'num_leaves': 39, 'feature_fraction': 0.45003745728136263, 'bagging_fraction': 0.9766973414778387, 'bagging_freq': 3, 'min_child_samples': 78}. Best is trial 72 with value: 0.8216574673013964.
[I 2025-04-08 00:20:24,776] Trial 311 finished with value: 0.8175071740990859 and parameters: {'lambda_l1': 0.00020338125798054462, 'lambda_l2': 61.91146815958955, 'num_leaves': 28, 'feature_fraction': 0.4967617421976108, 'bagging_fraction': 0.9987748059154464, 'bagging_freq': 4, 'min_child_samples': 68}. Best is trial 72 with value: 0.8216574673013964.
[I 2025-04-08 00:20:26,757] Trial 312 finished with value: 0.8191416913125307 and parameters: {'lambda_l1': 1.0961799115381556e-09, 'lambda_l2': 8.545246294324178, 'num_leaves': 34, 'feature_fraction': 0.9960591231693643, 'bagging_fraction': 0.8359760430365595, 'bagging_freq': 4, 'min_child_samples': 70}. Best is trial 72 with value: 0.8216574673013964.
[I 2025-04-08 00:20:28,384] Trial 313 finished with value: 0.8198126914337831 and parameters: {'lambda_l1': 3.872349081488622e-09, 'lambda_l2': 9.006109961983174e-07, 'num_leaves': 42, 'feature_fraction': 0.5466748710933376, 'bagging_fraction': 0.8794365347814104, 'bagging_freq': 5, 'min_child_samples': 83}. Best is trial 72 with value: 0.8216574673013964.
[I 2025-04-08 00:20:29,965] Trial 314 finished with value: 0.8188486998757604 and parameters: {'lambda_l1': 8.62021301711785e-09, 'lambda_l2': 3.0464643905397377, 'num_leaves': 37, 'feature_fraction': 0.5662453516805552, 'bagging_fraction': 0.6898747108471451, 'bagging_freq': 3, 'min_child_samples': 74}. Best is trial 72 with value: 0.8216574673013964.
[I 2025-04-08 00:20:30,154] A new study created in RDB with name: lightgbm-num_features-12
[I 2025-04-08 00:20:31,540] Trial 0 finished with value: 0.8192257244829639 and parameters: {'lambda_l1': 6.921782469089427e-09, 'lambda_l2': 1.9758468931475253, 'num_leaves': 30, 'feature_fraction': 0.5127391974398566, 'bagging_fraction': 0.8655700785079934, 'bagging_freq': 3, 'min_child_samples': 90}. Best is trial 0 with value: 0.8192257244829639.
[I 2025-04-08 00:20:34,918] Trial 1 finished with value: 0.8152432867478179 and parameters: {'lambda_l1': 0.0008717554163554237, 'lambda_l2': 0.0027918272348361516, 'num_leaves': 121, 'feature_fraction': 0.9385645623602262, 'bagging_fraction': 0.8200592602328372, 'bagging_freq': 6, 'min_child_samples': 95}. Best is trial 0 with value: 0.8192257244829639.
[I 2025-04-08 00:20:38,928] Trial 2 finished with value: 0.8146563900882331 and parameters: {'lambda_l1': 0.00014420020663753457, 'lambda_l2': 0.000819407847196683, 'num_leaves': 117, 'feature_fraction': 0.7370894414473925, 'bagging_fraction': 0.894741532511544, 'bagging_freq': 10, 'min_child_samples': 10}. Best is trial 0 with value: 0.8192257244829639.
[I 2025-04-08 00:20:40,420] Trial 3 finished with value: 0.819435332943217 and parameters: {'lambda_l1': 1.2626135921967662e-09, 'lambda_l2': 0.29740658010499693, 'num_leaves': 40, 'feature_fraction': 0.4599490216210996, 'bagging_fraction': 0.5551045469689179, 'bagging_freq': 1, 'min_child_samples': 115}. Best is trial 3 with value: 0.819435332943217.
[I 2025-04-08 00:20:42,207] Trial 4 finished with value: 0.8172552678886799 and parameters: {'lambda_l1': 0.0015575205885241304, 'lambda_l2': 25.908817863675452, 'num_leaves': 57, 'feature_fraction': 0.6185902877147542, 'bagging_fraction': 0.5117132211842096, 'bagging_freq': 3, 'min_child_samples': 121}. Best is trial 3 with value: 0.819435332943217.
[I 2025-04-08 00:20:45,136] Trial 5 finished with value: 0.8169202422938842 and parameters: {'lambda_l1': 0.00028001654261814856, 'lambda_l2': 0.02182232963547829, 'num_leaves': 123, 'feature_fraction': 0.8930731025414241, 'bagging_fraction': 0.8288731070986869, 'bagging_freq': 1, 'min_child_samples': 123}. Best is trial 3 with value: 0.819435332943217.
[I 2025-04-08 00:20:48,282] Trial 6 finished with value: 0.8188906461697428 and parameters: {'lambda_l1': 3.5047494642648127, 'lambda_l2': 7.498324452266209, 'num_leaves': 76, 'feature_fraction': 0.7703682809544106, 'bagging_fraction': 0.9905071404860231, 'bagging_freq': 9, 'min_child_samples': 2}. Best is trial 3 with value: 0.819435332943217.
[I 2025-04-08 00:20:50,058] Trial 7 finished with value: 0.8169618898501216 and parameters: {'lambda_l1': 9.640555781641998e-05, 'lambda_l2': 7.633769521835522e-09, 'num_leaves': 79, 'feature_fraction': 0.7632403198044058, 'bagging_fraction': 0.45408907010688515, 'bagging_freq': 15, 'min_child_samples': 127}. Best is trial 3 with value: 0.819435332943217.
[I 2025-04-08 00:20:51,473] Trial 8 finished with value: 0.8180520190278371 and parameters: {'lambda_l1': 2.5699003788939065e-08, 'lambda_l2': 4.367871929721056e-05, 'num_leaves': 31, 'feature_fraction': 0.7310257236364971, 'bagging_fraction': 0.8878426059478923, 'bagging_freq': 1, 'min_child_samples': 22}. Best is trial 3 with value: 0.819435332943217.
[I 2025-04-08 00:20:53,691] Trial 9 finished with value: 0.8190579920254594 and parameters: {'lambda_l1': 13.847175897789416, 'lambda_l2': 2.7540178820811673e-08, 'num_leaves': 54, 'feature_fraction': 0.8253164228549954, 'bagging_fraction': 0.9174685197501048, 'bagging_freq': 16, 'min_child_samples': 35}. Best is trial 3 with value: 0.819435332943217.
[I 2025-04-08 00:20:54,255] Trial 10 finished with value: 0.7985998337612312 and parameters: {'lambda_l1': 5.109977568056409e-07, 'lambda_l2': 3.644153681695282e-06, 'num_leaves': 4, 'feature_fraction': 0.40566440395154924, 'bagging_fraction': 0.6074519598984239, 'bagging_freq': 12, 'min_child_samples': 56}. Best is trial 3 with value: 0.819435332943217.
[I 2025-04-08 00:20:55,508] Trial 11 finished with value: 0.8179680210030208 and parameters: {'lambda_l1': 7.997120681017458e-09, 'lambda_l2': 0.27879431186179593, 'num_leaves': 27, 'feature_fraction': 0.4759775295792291, 'bagging_fraction': 0.6673956054735386, 'bagging_freq': 4, 'min_child_samples': 91}. Best is trial 3 with value: 0.819435332943217.
[I 2025-04-08 00:20:57,355] Trial 12 finished with value: 0.8197288515642436 and parameters: {'lambda_l1': 1.2603787070149787e-09, 'lambda_l2': 0.43585858671166167, 'num_leaves': 33, 'feature_fraction': 0.5683020420800291, 'bagging_fraction': 0.7336920799732966, 'bagging_freq': 6, 'min_child_samples': 91}. Best is trial 12 with value: 0.8197288515642436.
[I 2025-04-08 00:20:59,212] Trial 13 finished with value: 0.820776946583934 and parameters: {'lambda_l1': 9.902525729121088e-07, 'lambda_l2': 0.06693059994606354, 'num_leaves': 45, 'feature_fraction': 0.6003341923890195, 'bagging_fraction': 0.7333266392808595, 'bagging_freq': 7, 'min_child_samples': 74}. Best is trial 13 with value: 0.820776946583934.
[I 2025-04-08 00:20:59,806] Trial 14 finished with value: 0.8060620917616916 and parameters: {'lambda_l1': 7.284715123435595e-07, 'lambda_l2': 0.03296492583252118, 'num_leaves': 5, 'feature_fraction': 0.5994797449497581, 'bagging_fraction': 0.7594439554529966, 'bagging_freq': 7, 'min_child_samples': 76}. Best is trial 13 with value: 0.820776946583934.
[I 2025-04-08 00:21:02,121] Trial 15 finished with value: 0.8175907503764973 and parameters: {'lambda_l1': 1.395513191078586e-06, 'lambda_l2': 71.09304742292154, 'num_leaves': 79, 'feature_fraction': 0.6323474401656896, 'bagging_fraction': 0.7118166107203985, 'bagging_freq': 6, 'min_child_samples': 59}. Best is trial 13 with value: 0.820776946583934.
[I 2025-04-08 00:21:03,719] Trial 16 finished with value: 0.8201063857828951 and parameters: {'lambda_l1': 0.08148607140663218, 'lambda_l2': 7.678346251589917e-06, 'num_leaves': 43, 'feature_fraction': 0.5388099604611084, 'bagging_fraction': 0.741849275487839, 'bagging_freq': 12, 'min_child_samples': 70}. Best is trial 13 with value: 0.820776946583934.
[I 2025-04-08 00:21:06,628] Trial 17 finished with value: 0.8164588154872676 and parameters: {'lambda_l1': 0.20244729319226892, 'lambda_l2': 1.2075803922237189e-06, 'num_leaves': 100, 'feature_fraction': 0.6705245460935649, 'bagging_fraction': 0.630540625004139, 'bagging_freq': 12, 'min_child_samples': 42}. Best is trial 13 with value: 0.820776946583934.
[I 2025-04-08 00:21:08,969] Trial 18 finished with value: 0.8195611366795476 and parameters: {'lambda_l1': 0.0772443628335541, 'lambda_l2': 2.2706360024137106e-05, 'num_leaves': 49, 'feature_fraction': 0.5350627439399993, 'bagging_fraction': 0.7807214617587953, 'bagging_freq': 13, 'min_child_samples': 73}. Best is trial 13 with value: 0.820776946583934.
[I 2025-04-08 00:21:11,318] Trial 19 finished with value: 0.8178841284150555 and parameters: {'lambda_l1': 0.017764878759560954, 'lambda_l2': 3.2610378253235576e-07, 'num_leaves': 63, 'feature_fraction': 0.68880986451108, 'bagging_fraction': 0.67167460036276, 'bagging_freq': 11, 'min_child_samples': 106}. Best is trial 13 with value: 0.820776946583934.
[I 2025-04-08 00:21:12,433] Trial 20 finished with value: 0.8186809498454473 and parameters: {'lambda_l1': 5.5577644227514125e-06, 'lambda_l2': 0.000140460652332933, 'num_leaves': 18, 'feature_fraction': 0.40602396904739657, 'bagging_fraction': 0.5777979294635586, 'bagging_freq': 8, 'min_child_samples': 47}. Best is trial 13 with value: 0.820776946583934.
[I 2025-04-08 00:21:14,050] Trial 21 finished with value: 0.8182194351747878 and parameters: {'lambda_l1': 7.93954277547842e-08, 'lambda_l2': 0.014972052936113079, 'num_leaves': 44, 'feature_fraction': 0.5620332925071001, 'bagging_fraction': 0.7276244916222158, 'bagging_freq': 6, 'min_child_samples': 76}. Best is trial 13 with value: 0.820776946583934.
[I 2025-04-08 00:21:15,214] Trial 22 finished with value: 0.8187229137122382 and parameters: {'lambda_l1': 7.35556516043501e-06, 'lambda_l2': 0.4498101085742682, 'num_leaves': 20, 'feature_fraction': 0.5742868973515572, 'bagging_fraction': 0.7682047641557288, 'bagging_freq': 9, 'min_child_samples': 66}. Best is trial 13 with value: 0.820776946583934.
[I 2025-04-08 00:21:16,802] Trial 23 finished with value: 0.8195192606767991 and parameters: {'lambda_l1': 1.495245570955923, 'lambda_l2': 0.0005298595797088785, 'num_leaves': 39, 'feature_fraction': 0.4985184975594503, 'bagging_fraction': 0.6911943850496013, 'bagging_freq': 5, 'min_child_samples': 84}. Best is trial 13 with value: 0.820776946583934.
[I 2025-04-08 00:21:18,295] Trial 24 finished with value: 0.8187227731297699 and parameters: {'lambda_l1': 0.009741509222673216, 'lambda_l2': 1.3025459325444023e-07, 'num_leaves': 16, 'feature_fraction': 0.6385557674602589, 'bagging_fraction': 0.8187371464069235, 'bagging_freq': 14, 'min_child_samples': 109}. Best is trial 13 with value: 0.820776946583934.
[I 2025-04-08 00:21:19,039] Trial 25 finished with value: 0.7953297801114468 and parameters: {'lambda_l1': 84.54667713004793, 'lambda_l2': 0.006613966187655179, 'num_leaves': 68, 'feature_fraction': 0.5772094968562211, 'bagging_fraction': 0.7364676688073881, 'bagging_freq': 8, 'min_child_samples': 101}. Best is trial 13 with value: 0.820776946583934.
[I 2025-04-08 00:21:20,417] Trial 26 finished with value: 0.8178005872832614 and parameters: {'lambda_l1': 5.938518490948036e-08, 'lambda_l2': 0.0723344611317041, 'num_leaves': 35, 'feature_fraction': 0.44670475833415774, 'bagging_fraction': 0.6436720501961806, 'bagging_freq': 10, 'min_child_samples': 66}. Best is trial 13 with value: 0.820776946583934.
[I 2025-04-08 00:21:23,201] Trial 27 finished with value: 0.8184293775184031 and parameters: {'lambda_l1': 2.044575383554222e-05, 'lambda_l2': 4.234649662254553, 'num_leaves': 89, 'feature_fraction': 0.5422533712422929, 'bagging_fraction': 0.9541496530794218, 'bagging_freq': 7, 'min_child_samples': 82}. Best is trial 13 with value: 0.820776946583934.
[I 2025-04-08 00:21:24,912] Trial 28 finished with value: 0.8197290975835632 and parameters: {'lambda_l1': 2.9863368413873046e-09, 'lambda_l2': 7.779076865701773e-06, 'num_leaves': 48, 'feature_fraction': 0.6749704781229656, 'bagging_fraction': 0.7938787067540979, 'bagging_freq': 4, 'min_child_samples': 56}. Best is trial 13 with value: 0.820776946583934.
[I 2025-04-08 00:21:27,288] Trial 29 finished with value: 0.8176747835469309 and parameters: {'lambda_l1': 2.052044852188513e-07, 'lambda_l2': 2.0635185127165362e-05, 'num_leaves': 63, 'feature_fraction': 0.8199991752846757, 'bagging_fraction': 0.8458960540130053, 'bagging_freq': 4, 'min_child_samples': 52}. Best is trial 13 with value: 0.820776946583934.
[I 2025-04-08 00:21:29,620] Trial 30 finished with value: 0.8185969518206309 and parameters: {'lambda_l1': 1.405201695801348e-08, 'lambda_l2': 3.0356137001866987e-06, 'num_leaves': 48, 'feature_fraction': 0.6738418606705928, 'bagging_fraction': 0.7907588544086347, 'bagging_freq': 11, 'min_child_samples': 36}. Best is trial 13 with value: 0.820776946583934.
[I 2025-04-08 00:21:30,748] Trial 31 finished with value: 0.8193936150957455 and parameters: {'lambda_l1': 1.1848650552766498e-09, 'lambda_l2': 1.2711478073974543, 'num_leaves': 24, 'feature_fraction': 0.6461985413894134, 'bagging_fraction': 0.7129428264523516, 'bagging_freq': 3, 'min_child_samples': 63}. Best is trial 13 with value: 0.820776946583934.
[I 2025-04-08 00:21:32,980] Trial 32 finished with value: 0.8194354383800683 and parameters: {'lambda_l1': 3.274591178255445e-09, 'lambda_l2': 0.0023158847567297004, 'num_leaves': 55, 'feature_fraction': 0.529538325908995, 'bagging_fraction': 0.7981455433521193, 'bagging_freq': 7, 'min_child_samples': 86}. Best is trial 13 with value: 0.820776946583934.
[I 2025-04-08 00:21:34,408] Trial 33 finished with value: 0.8189322761531714 and parameters: {'lambda_l1': 3.2243882121484324e-09, 'lambda_l2': 1.5278611984056808e-09, 'num_leaves': 33, 'feature_fraction': 0.5943170124147572, 'bagging_fraction': 0.8647012568517092, 'bagging_freq': 5, 'min_child_samples': 94}. Best is trial 13 with value: 0.820776946583934.
[I 2025-04-08 00:21:35,988] Trial 34 finished with value: 0.8194773143828167 and parameters: {'lambda_l1': 1.3487812413990867e-07, 'lambda_l2': 0.00018795358525989147, 'num_leaves': 44, 'feature_fraction': 0.49829231504085014, 'bagging_fraction': 0.7379470477408414, 'bagging_freq': 3, 'min_child_samples': 71}. Best is trial 13 with value: 0.820776946583934.
[I 2025-04-08 00:21:37,428] Trial 35 finished with value: 0.8190160281586684 and parameters: {'lambda_l1': 0.002098003606121926, 'lambda_l2': 0.001658019952925968, 'num_leaves': 37, 'feature_fraction': 0.7219581153588097, 'bagging_fraction': 0.690248303866575, 'bagging_freq': 5, 'min_child_samples': 98}. Best is trial 13 with value: 0.820776946583934.
[I 2025-04-08 00:21:38,769] Trial 36 finished with value: 0.8161654901671349 and parameters: {'lambda_l1': 2.2835432152782487e-08, 'lambda_l2': 6.864698592053732e-06, 'num_leaves': 12, 'feature_fraction': 0.6175220064349678, 'bagging_fraction': 0.8128063253724668, 'bagging_freq': 2, 'min_child_samples': 80}. Best is trial 13 with value: 0.820776946583934.
[I 2025-04-08 00:21:40,994] Trial 37 finished with value: 0.8164168340476682 and parameters: {'lambda_l1': 3.405687791487203e-05, 'lambda_l2': 0.09015671921773312, 'num_leaves': 69, 'feature_fraction': 0.4432822119392438, 'bagging_fraction': 0.7425154864300884, 'bagging_freq': 6, 'min_child_samples': 24}. Best is trial 13 with value: 0.820776946583934.
[I 2025-04-08 00:21:43,263] Trial 38 finished with value: 0.8167943155478937 and parameters: {'lambda_l1': 3.969055289703202e-06, 'lambda_l2': 3.767796907667248e-07, 'num_leaves': 53, 'feature_fraction': 0.9376810903635122, 'bagging_fraction': 0.8444614095102602, 'bagging_freq': 4, 'min_child_samples': 52}. Best is trial 13 with value: 0.820776946583934.
[I 2025-04-08 00:21:44,971] Trial 39 finished with value: 0.8194353680888341 and parameters: {'lambda_l1': 0.0008064516622619942, 'lambda_l2': 0.000132565023165047, 'num_leaves': 43, 'feature_fraction': 0.6579343444012353, 'bagging_fraction': 0.5448316457872039, 'bagging_freq': 10, 'min_child_samples': 89}. Best is trial 13 with value: 0.820776946583934.
[I 2025-04-08 00:21:46,708] Trial 40 finished with value: 0.8175487689368979 and parameters: {'lambda_l1': 1.0847227417274486e-09, 'lambda_l2': 13.584773054226638, 'num_leaves': 26, 'feature_fraction': 0.8013943601752065, 'bagging_fraction': 0.4127631382235896, 'bagging_freq': 8, 'min_child_samples': 115}. Best is trial 13 with value: 0.820776946583934.
[I 2025-04-08 00:21:52,394] Trial 41 finished with value: 0.8192680222331173 and parameters: {'lambda_l1': 0.2596845499860158, 'lambda_l2': 2.109845193501663e-05, 'num_leaves': 47, 'feature_fraction': 0.5431980804846865, 'bagging_fraction': 0.7736069957081613, 'bagging_freq': 14, 'min_child_samples': 73}. Best is trial 13 with value: 0.820776946583934.
[I 2025-04-08 00:21:54,471] Trial 42 finished with value: 0.8198129725987198 and parameters: {'lambda_l1': 0.13678964322328765, 'lambda_l2': 4.94779991074249e-05, 'num_leaves': 50, 'feature_fraction': 0.5111399764751067, 'bagging_fraction': 0.7835877416862906, 'bagging_freq': 13, 'min_child_samples': 70}. Best is trial 13 with value: 0.820776946583934.
[I 2025-04-08 00:21:56,488] Trial 43 finished with value: 0.8192258474926237 and parameters: {'lambda_l1': 0.015112383530112284, 'lambda_l2': 0.006032918677457203, 'num_leaves': 59, 'feature_fraction': 0.5062278791126953, 'bagging_fraction': 0.9147749002117549, 'bagging_freq': 16, 'min_child_samples': 63}. Best is trial 13 with value: 0.820776946583934.
[I 2025-04-08 00:21:57,809] Trial 44 finished with value: 0.8193098982358658 and parameters: {'lambda_l1': 2.2816440837780325, 'lambda_l2': 0.0006886701593711372, 'num_leaves': 30, 'feature_fraction': 0.7045183547718727, 'bagging_fraction': 0.8785869469229692, 'bagging_freq': 13, 'min_child_samples': 57}. Best is trial 13 with value: 0.820776946583934.
[I 2025-04-08 00:21:59,817] Trial 45 finished with value: 0.8190998504553993 and parameters: {'lambda_l1': 0.004379159390697555, 'lambda_l2': 5.841780602192979e-05, 'num_leaves': 39, 'feature_fraction': 0.6078527957927412, 'bagging_fraction': 0.7558501442186369, 'bagging_freq': 15, 'min_child_samples': 67}. Best is trial 13 with value: 0.820776946583934.
[I 2025-04-08 00:22:01,718] Trial 46 finished with value: 0.8185968463837796 and parameters: {'lambda_l1': 0.4327707353516986, 'lambda_l2': 9.804580959944956e-06, 'num_leaves': 51, 'feature_fraction': 0.47803820371603856, 'bagging_fraction': 0.6618634177872755, 'bagging_freq': 11, 'min_child_samples': 48}. Best is trial 13 with value: 0.820776946583934.
[I 2025-04-08 00:22:04,022] Trial 47 finished with value: 0.8200224404765043 and parameters: {'lambda_l1': 4.336587688125049e-09, 'lambda_l2': 1.8016876380227962, 'num_leaves': 57, 'feature_fraction': 0.5611269967119293, 'bagging_fraction': 0.7987261992402446, 'bagging_freq': 2, 'min_child_samples': 78}. Best is trial 13 with value: 0.820776946583934.
[I 2025-04-08 00:22:06,611] Trial 48 finished with value: 0.8185969166750138 and parameters: {'lambda_l1': 0.0003683100260458846, 'lambda_l2': 4.467115320911279e-08, 'num_leaves': 75, 'feature_fraction': 0.5197003100939884, 'bagging_fraction': 0.8442382125750502, 'bagging_freq': 1, 'min_child_samples': 79}. Best is trial 13 with value: 0.820776946583934.
[I 2025-04-08 00:22:08,631] Trial 49 finished with value: 0.8197289570010948 and parameters: {'lambda_l1': 0.03853084316932908, 'lambda_l2': 1.022995821556766e-06, 'num_leaves': 60, 'feature_fraction': 0.7559509082397811, 'bagging_fraction': 0.8132711505220573, 'bagging_freq': 2, 'min_child_samples': 59}. Best is trial 13 with value: 0.820776946583934.
[I 2025-04-08 00:22:10,606] Trial 50 finished with value: 0.8152012701626011 and parameters: {'lambda_l1': 16.320893046046685, 'lambda_l2': 1.1509253244905668, 'num_leaves': 86, 'feature_fraction': 0.478485552606833, 'bagging_fraction': 0.7876992181100918, 'bagging_freq': 2, 'min_child_samples': 40}. Best is trial 13 with value: 0.820776946583934.
