[I 2025-04-08 00:16:23,319] Trial 183 finished with value: 0.8190159930130513 and parameters: {'lambda_l1': 4.5771023065437546e-05, 'lambda_l2': 7.618066544871267, 'num_leaves': 68, 'feature_fraction': 0.5740712373808525, 'bagging_fraction': 0.4971089266433462, 'bagging_freq': 4, 'min_child_samples': 76}. Best is trial 72 with value: 0.8216574673013964.
[I 2025-04-08 00:16:25,595] Trial 184 finished with value: 0.8184710602202576 and parameters: {'lambda_l1': 9.749965035791658e-09, 'lambda_l2': 4.394132588625292, 'num_leaves': 41, 'feature_fraction': 0.5295228075131204, 'bagging_fraction': 0.6054081636370114, 'bagging_freq': 4, 'min_child_samples': 83}. Best is trial 72 with value: 0.8216574673013964.
[I 2025-04-08 00:16:27,289] Trial 185 finished with value: 0.8190581501807364 and parameters: {'lambda_l1': 0.002271876087399941, 'lambda_l2': 43.870775595749535, 'num_leaves': 34, 'feature_fraction': 0.5493657298873174, 'bagging_fraction': 0.8087852898274634, 'bagging_freq': 5, 'min_child_samples': 73}. Best is trial 72 with value: 0.8216574673013964.
[I 2025-04-08 00:16:28,952] Trial 186 finished with value: 0.8197287988458181 and parameters: {'lambda_l1': 2.2186334835412744e-09, 'lambda_l2': 12.529010576124877, 'num_leaves': 37, 'feature_fraction': 0.5123018458651231, 'bagging_fraction': 0.8250765469519682, 'bagging_freq': 10, 'min_child_samples': 70}. Best is trial 72 with value: 0.8216574673013964.
[I 2025-04-08 00:16:30,305] Trial 187 finished with value: 0.8198964434392799 and parameters: {'lambda_l1': 0.0002523660802599603, 'lambda_l2': 25.714522534411007, 'num_leaves': 27, 'feature_fraction': 0.5888293788701864, 'bagging_fraction': 0.799079344064631, 'bagging_freq': 3, 'min_child_samples': 79}. Best is trial 72 with value: 0.8216574673013964.
[I 2025-04-08 00:16:32,765] Trial 188 finished with value: 0.8188484362836321 and parameters: {'lambda_l1': 8.722034787970996e-05, 'lambda_l2': 2.7526057046834462, 'num_leaves': 73, 'feature_fraction': 0.5634798369338228, 'bagging_fraction': 0.839442762620388, 'bagging_freq': 4, 'min_child_samples': 105}. Best is trial 72 with value: 0.8216574673013964.
[I 2025-04-08 00:16:35,233] Trial 189 finished with value: 0.8188903825776148 and parameters: {'lambda_l1': 1.4715120939774656e-08, 'lambda_l2': 5.846533866272172, 'num_leaves': 46, 'feature_fraction': 0.6160046543186913, 'bagging_fraction': 0.956650189399602, 'bagging_freq': 6, 'min_child_samples': 75}. Best is trial 72 with value: 0.8216574673013964.
[I 2025-04-08 00:16:36,976] Trial 190 finished with value: 0.8161654198759007 and parameters: {'lambda_l1': 3.514497711325114e-09, 'lambda_l2': 68.78856177568468, 'num_leaves': 40, 'feature_fraction': 0.5297361283626754, 'bagging_fraction': 0.7035679999771924, 'bagging_freq': 5, 'min_child_samples': 81}. Best is trial 72 with value: 0.8216574673013964.
[I 2025-04-08 00:16:38,589] Trial 191 finished with value: 0.819644976549087 and parameters: {'lambda_l1': 1.6745418719788543e-07, 'lambda_l2': 10.45675762963162, 'num_leaves': 35, 'feature_fraction': 0.5187187312632592, 'bagging_fraction': 0.9341827966751908, 'bagging_freq': 2, 'min_child_samples': 78}. Best is trial 72 with value: 0.8216574673013964.
[I 2025-04-08 00:16:40,136] Trial 192 finished with value: 0.8204417452610528 and parameters: {'lambda_l1': 8.008306963932942e-09, 'lambda_l2': 4.425443226328841, 'num_leaves': 31, 'feature_fraction': 0.5406844694038955, 'bagging_fraction': 0.9262032599055097, 'bagging_freq': 2, 'min_child_samples': 71}. Best is trial 72 with value: 0.8216574673013964.
[I 2025-04-08 00:16:41,839] Trial 193 finished with value: 0.8200224229036959 and parameters: {'lambda_l1': 6.9709334802872466e-09, 'lambda_l2': 16.470687864979546, 'num_leaves': 32, 'feature_fraction': 0.5445972729188334, 'bagging_fraction': 0.9157652312798245, 'bagging_freq': 3, 'min_child_samples': 74}. Best is trial 72 with value: 0.8216574673013964.
[I 2025-04-08 00:16:43,424] Trial 194 finished with value: 0.8198549364655108 and parameters: {'lambda_l1': 1.5599564936809913e-09, 'lambda_l2': 4.4751206956926906, 'num_leaves': 31, 'feature_fraction': 0.5558713796913624, 'bagging_fraction': 0.9460546659273208, 'bagging_freq': 7, 'min_child_samples': 70}. Best is trial 72 with value: 0.8216574673013964.
[I 2025-04-08 00:16:46,040] Trial 195 finished with value: 0.8187226501201101 and parameters: {'lambda_l1': 3.6752120017545965e-09, 'lambda_l2': 8.534085609088555, 'num_leaves': 65, 'feature_fraction': 0.5393622357450845, 'bagging_fraction': 0.7866849748295046, 'bagging_freq': 4, 'min_child_samples': 77}. Best is trial 72 with value: 0.8216574673013964.
[I 2025-04-08 00:16:47,305] Trial 196 finished with value: 0.8196872215808148 and parameters: {'lambda_l1': 1.1129418030070827e-08, 'lambda_l2': 2.735126352494447, 'num_leaves': 25, 'feature_fraction': 0.5701895033024537, 'bagging_fraction': 0.9785098473026097, 'bagging_freq': 3, 'min_child_samples': 71}. Best is trial 72 with value: 0.8216574673013964.
[I 2025-04-08 00:16:48,865] Trial 197 finished with value: 0.8199385830341562 and parameters: {'lambda_l1': 6.768558716014821e-09, 'lambda_l2': 33.61285205251727, 'num_leaves': 37, 'feature_fraction': 0.5309361868477025, 'bagging_fraction': 0.8158593185562089, 'bagging_freq': 2, 'min_child_samples': 83}. Best is trial 72 with value: 0.8216574673013964.
[I 2025-04-08 00:16:50,338] Trial 198 finished with value: 0.8200224756221214 and parameters: {'lambda_l1': 2.4475469469646927e-09, 'lambda_l2': 17.10231718189527, 'num_leaves': 29, 'feature_fraction': 0.505984408212241, 'bagging_fraction': 0.9047421636751126, 'bagging_freq': 4, 'min_child_samples': 67}. Best is trial 72 with value: 0.8216574673013964.
[I 2025-04-08 00:16:51,860] Trial 199 finished with value: 0.8195612948348245 and parameters: {'lambda_l1': 2.2473858295617587e-08, 'lambda_l2': 6.0334629049620006, 'num_leaves': 34, 'feature_fraction': 0.5523418471617958, 'bagging_fraction': 0.961192235565463, 'bagging_freq': 3, 'min_child_samples': 73}. Best is trial 72 with value: 0.8216574673013964.
[I 2025-04-08 00:16:53,706] Trial 200 finished with value: 0.8195608379418022 and parameters: {'lambda_l1': 2.411609142097474e-06, 'lambda_l2': 4.063819639383579e-06, 'num_leaves': 43, 'feature_fraction': 0.6380529911189948, 'bagging_fraction': 0.7738074876186637, 'bagging_freq': 4, 'min_child_samples': 80}. Best is trial 72 with value: 0.8216574673013964.
[I 2025-04-08 00:16:55,845] Trial 201 finished with value: 0.8194773495284338 and parameters: {'lambda_l1': 3.098809165223196e-07, 'lambda_l2': 1.3829703591176468, 'num_leaves': 35, 'feature_fraction': 0.5182358423213065, 'bagging_fraction': 0.9272025145372862, 'bagging_freq': 2, 'min_child_samples': 64}. Best is trial 72 with value: 0.8216574673013964.
[I 2025-04-08 00:16:57,448] Trial 202 finished with value: 0.8191840417811097 and parameters: {'lambda_l1': 6.321170282989731e-08, 'lambda_l2': 3.3182261566203874, 'num_leaves': 39, 'feature_fraction': 0.5399168282838546, 'bagging_fraction': 0.9175415327764003, 'bagging_freq': 2, 'min_child_samples': 76}. Best is trial 72 with value: 0.8216574673013964.
[I 2025-04-08 00:16:59,141] Trial 203 finished with value: 0.8209447493326726 and parameters: {'lambda_l1': 1.0914523739060194e-09, 'lambda_l2': 9.714113672162883, 'num_leaves': 37, 'feature_fraction': 0.9374455420040255, 'bagging_fraction': 0.8818079739666292, 'bagging_freq': 2, 'min_child_samples': 69}. Best is trial 72 with value: 0.8216574673013964.
[I 2025-04-08 00:17:01,167] Trial 204 finished with value: 0.8193933866492344 and parameters: {'lambda_l1': 1.0207861057870178e-09, 'lambda_l2': 9.174741947474327, 'num_leaves': 40, 'feature_fraction': 0.9741331621931644, 'bagging_fraction': 0.879921802625082, 'bagging_freq': 1, 'min_child_samples': 72}. Best is trial 72 with value: 0.8216574673013964.
[I 2025-04-08 00:17:03,113] Trial 205 finished with value: 0.819225689337347 and parameters: {'lambda_l1': 1.7046830442498175e-09, 'lambda_l2': 23.523782572478325, 'num_leaves': 37, 'feature_fraction': 0.8961874077664511, 'bagging_fraction': 0.8497305230274063, 'bagging_freq': 10, 'min_child_samples': 68}. Best is trial 72 with value: 0.8216574673013964.
[I 2025-04-08 00:17:04,593] Trial 206 finished with value: 0.8193516512289545 and parameters: {'lambda_l1': 0.0010327676695413889, 'lambda_l2': 9.619126092431685e-05, 'num_leaves': 31, 'feature_fraction': 0.7769044373181164, 'bagging_fraction': 0.8713200701170299, 'bagging_freq': 2, 'min_child_samples': 75}. Best is trial 72 with value: 0.8216574673013964.
[I 2025-04-08 00:17:07,069] Trial 207 finished with value: 0.820148050911941 and parameters: {'lambda_l1': 3.928179063226304e-09, 'lambda_l2': 12.619281542999362, 'num_leaves': 41, 'feature_fraction': 0.9166324022643869, 'bagging_fraction': 0.8918204191950041, 'bagging_freq': 3, 'min_child_samples': 121}. Best is trial 72 with value: 0.8216574673013964.
[I 2025-04-08 00:17:08,495] Trial 208 finished with value: 0.8191003073484214 and parameters: {'lambda_l1': 2.4643473724726196e-09, 'lambda_l2': 6.625633802157964, 'num_leaves': 33, 'feature_fraction': 0.5642457498759761, 'bagging_fraction': 0.7960761822294068, 'bagging_freq': 5, 'min_child_samples': 78}. Best is trial 72 with value: 0.8216574673013964.
[I 2025-04-08 00:17:10,306] Trial 209 finished with value: 0.8200642989064442 and parameters: {'lambda_l1': 1.030496386216203e-09, 'lambda_l2': 35.39428737187943, 'num_leaves': 44, 'feature_fraction': 0.5260231936811282, 'bagging_fraction': 0.8656812486373434, 'bagging_freq': 9, 'min_child_samples': 115}. Best is trial 72 with value: 0.8216574673013964.
[I 2025-04-08 00:17:12,082] Trial 210 finished with value: 0.8189744508936652 and parameters: {'lambda_l1': 4.826421212687606e-09, 'lambda_l2': 17.21221838973666, 'num_leaves': 36, 'feature_fraction': 0.847297163375029, 'bagging_fraction': 0.9713002407938955, 'bagging_freq': 8, 'min_child_samples': 86}. Best is trial 72 with value: 0.8216574673013964.
[I 2025-04-08 00:17:13,807] Trial 211 finished with value: 0.8195612596892072 and parameters: {'lambda_l1': 2.341339141565936e-09, 'lambda_l2': 2.1122244173089877, 'num_leaves': 35, 'feature_fraction': 0.49988377910764276, 'bagging_fraction': 0.9371379069834144, 'bagging_freq': 2, 'min_child_samples': 61}. Best is trial 72 with value: 0.8216574673013964.
[I 2025-04-08 00:17:15,615] Trial 212 finished with value: 0.8195193485408419 and parameters: {'lambda_l1': 7.536608413183129e-09, 'lambda_l2': 3.572841592988995, 'num_leaves': 39, 'feature_fraction': 0.5155553897760385, 'bagging_fraction': 0.8937265776489904, 'bagging_freq': 1, 'min_child_samples': 64}. Best is trial 72 with value: 0.8216574673013964.
[I 2025-04-08 00:17:17,410] Trial 213 finished with value: 0.8192678992234577 and parameters: {'lambda_l1': 0.00047672030296914833, 'lambda_l2': 5.193602970930832, 'num_leaves': 28, 'feature_fraction': 0.547014813891583, 'bagging_fraction': 0.8060650192419525, 'bagging_freq': 2, 'min_child_samples': 66}. Best is trial 72 with value: 0.8216574673013964.
[I 2025-04-08 00:17:18,959] Trial 214 finished with value: 0.8187229137122383 and parameters: {'lambda_l1': 1.6012422460803768e-09, 'lambda_l2': 9.62006798494436, 'num_leaves': 32, 'feature_fraction': 0.7600802234737533, 'bagging_fraction': 0.9033733904255019, 'bagging_freq': 3, 'min_child_samples': 69}. Best is trial 72 with value: 0.8216574673013964.
[I 2025-04-08 00:17:20,632] Trial 215 finished with value: 0.8185550230994568 and parameters: {'lambda_l1': 1.2206966902419957e-07, 'lambda_l2': 0.7865931738737458, 'num_leaves': 37, 'feature_fraction': 0.530767557201088, 'bagging_fraction': 0.9222803826493648, 'bagging_freq': 2, 'min_child_samples': 73}. Best is trial 72 with value: 0.8216574673013964.
[I 2025-04-08 00:17:22,076] Trial 216 finished with value: 0.8190582907632047 and parameters: {'lambda_l1': 3.437327297452046e-09, 'lambda_l2': 0.013961769274667944, 'num_leaves': 34, 'feature_fraction': 0.4908581699340261, 'bagging_fraction': 0.830709844804389, 'bagging_freq': 4, 'min_child_samples': 82}. Best is trial 72 with value: 0.8216574673013964.
[I 2025-04-08 00:17:24,073] Trial 217 finished with value: 0.820273907366697 and parameters: {'lambda_l1': 3.8401543634643325e-08, 'lambda_l2': 20.06942858687005, 'num_leaves': 42, 'feature_fraction': 0.5800433395380812, 'bagging_fraction': 0.8843108104503578, 'bagging_freq': 3, 'min_child_samples': 76}. Best is trial 72 with value: 0.8216574673013964.
[I 2025-04-08 00:17:25,885] Trial 218 finished with value: 0.820441622251393 and parameters: {'lambda_l1': 8.302956550233872e-09, 'lambda_l2': 12.611963715028748, 'num_leaves': 38, 'feature_fraction': 0.552912555693135, 'bagging_fraction': 0.9519467694769538, 'bagging_freq': 2, 'min_child_samples': 125}. Best is trial 72 with value: 0.8216574673013964.
[I 2025-04-08 00:17:27,699] Trial 219 finished with value: 0.8196031356919556 and parameters: {'lambda_l1': 1.656978592961823e-08, 'lambda_l2': 4.499082136727289, 'num_leaves': 30, 'feature_fraction': 0.5369027445834071, 'bagging_fraction': 0.8188704423903376, 'bagging_freq': 4, 'min_child_samples': 80}. Best is trial 72 with value: 0.8216574673013964.
[I 2025-04-08 00:17:29,258] Trial 220 finished with value: 0.8195613826988669 and parameters: {'lambda_l1': 7.556976183470247e-07, 'lambda_l2': 44.38821947317722, 'num_leaves': 35, 'feature_fraction': 0.5215212775956354, 'bagging_fraction': 0.7586842730036638, 'bagging_freq': 4, 'min_child_samples': 71}. Best is trial 72 with value: 0.8216574673013964.
[I 2025-04-08 00:17:30,958] Trial 221 finished with value: 0.8196450819859382 and parameters: {'lambda_l1': 9.169597307210377e-09, 'lambda_l2': 13.513774031158238, 'num_leaves': 38, 'feature_fraction': 0.5591313491502875, 'bagging_fraction': 0.953746441558613, 'bagging_freq': 1, 'min_child_samples': 123}. Best is trial 72 with value: 0.8216574673013964.
[I 2025-04-08 00:17:32,688] Trial 222 finished with value: 0.8196451347043638 and parameters: {'lambda_l1': 5.35790129563948e-09, 'lambda_l2': 8.048405260419642, 'num_leaves': 41, 'feature_fraction': 0.5479262398258106, 'bagging_fraction': 0.9475700557095883, 'bagging_freq': 2, 'min_child_samples': 78}. Best is trial 72 with value: 0.8216574673013964.
[I 2025-04-08 00:17:34,341] Trial 223 finished with value: 0.820022299894036 and parameters: {'lambda_l1': 1.2730461106100166e-08, 'lambda_l2': 24.05511365602098, 'num_leaves': 38, 'feature_fraction': 0.5710976879370355, 'bagging_fraction': 0.9662494336156324, 'bagging_freq': 2, 'min_child_samples': 128}. Best is trial 72 with value: 0.8216574673013964.
[I 2025-04-08 00:17:36,130] Trial 224 finished with value: 0.8201061749091926 and parameters: {'lambda_l1': 1.4681099095728772e-09, 'lambda_l2': 10.389518348390355, 'num_leaves': 44, 'feature_fraction': 0.5060984678559035, 'bagging_fraction': 0.9355328134284543, 'bagging_freq': 2, 'min_child_samples': 125}. Best is trial 72 with value: 0.8216574673013964.
[I 2025-04-08 00:17:38,281] Trial 225 finished with value: 0.8193936853869797 and parameters: {'lambda_l1': 2.5647629908122447e-09, 'lambda_l2': 2.0032740959728796, 'num_leaves': 34, 'feature_fraction': 0.5536272900215646, 'bagging_fraction': 0.9853859464216483, 'bagging_freq': 3, 'min_child_samples': 74}. Best is trial 72 with value: 0.8216574673013964.
[I 2025-04-08 00:17:40,089] Trial 226 finished with value: 0.8205256554218264 and parameters: {'lambda_l1': 1.6813310257306896e-05, 'lambda_l2': 5.87008788153427, 'num_leaves': 40, 'feature_fraction': 0.5333428326867183, 'bagging_fraction': 0.7810596710081374, 'bagging_freq': 2, 'min_child_samples': 109}. Best is trial 72 with value: 0.8216574673013964.
[I 2025-04-08 00:17:41,958] Trial 227 finished with value: 0.8203996935302191 and parameters: {'lambda_l1': 5.981313685062785e-05, 'lambda_l2': 5.889338230068569, 'num_leaves': 41, 'feature_fraction': 0.5344011656346018, 'bagging_fraction': 0.789633715798662, 'bagging_freq': 1, 'min_child_samples': 110}. Best is trial 72 with value: 0.8216574673013964.
[I 2025-04-08 00:17:43,940] Trial 228 finished with value: 0.8198967070314079 and parameters: {'lambda_l1': 0.0001383423772613146, 'lambda_l2': 3.168353866414379, 'num_leaves': 46, 'feature_fraction': 0.5220314736607699, 'bagging_fraction': 0.7802688484013315, 'bagging_freq': 10, 'min_child_samples': 85}. Best is trial 72 with value: 0.8216574673013964.
[I 2025-04-08 00:17:45,393] Trial 229 finished with value: 0.8199383721604537 and parameters: {'lambda_l1': 1.5294892978771063e-05, 'lambda_l2': 4.564467623681664, 'num_leaves': 32, 'feature_fraction': 0.4240730673981655, 'bagging_fraction': 0.7730287804986276, 'bagging_freq': 5, 'min_child_samples': 117}. Best is trial 72 with value: 0.8216574673013964.
[I 2025-04-08 00:17:51,164] Trial 230 finished with value: 0.8207771223120192 and parameters: {'lambda_l1': 2.8664543597813107e-05, 'lambda_l2': 28.00270992367791, 'num_leaves': 36, 'feature_fraction': 0.5103702630191882, 'bagging_fraction': 0.8127514591943029, 'bagging_freq': 4, 'min_child_samples': 108}. Best is trial 72 with value: 0.8216574673013964.
[I 2025-04-08 00:17:53,101] Trial 231 finished with value: 0.8201901202155832 and parameters: {'lambda_l1': 1.985201109311849e-05, 'lambda_l2': 26.012561968551715, 'num_leaves': 35, 'feature_fraction': 0.5154802403080467, 'bagging_fraction': 0.8039329852031111, 'bagging_freq': 4, 'min_child_samples': 108}. Best is trial 72 with value: 0.8216574673013964.
[I 2025-04-08 00:17:54,976] Trial 232 finished with value: 0.8196871512895806 and parameters: {'lambda_l1': 4.0655890928495823e-05, 'lambda_l2': 47.06748031351004, 'num_leaves': 39, 'feature_fraction': 0.5043776062544971, 'bagging_fraction': 0.7923921022274423, 'bagging_freq': 4, 'min_child_samples': 112}. Best is trial 72 with value: 0.8216574673013964.
[I 2025-04-08 00:17:57,300] Trial 233 finished with value: 0.8197707978582262 and parameters: {'lambda_l1': 3.095316242891332e-05, 'lambda_l2': 15.076735951357817, 'num_leaves': 70, 'feature_fraction': 0.5373482291475947, 'bagging_fraction': 0.8144054107789106, 'bagging_freq': 13, 'min_child_samples': 115}. Best is trial 72 with value: 0.8216574673013964.
[I 2025-04-08 00:17:59,369] Trial 234 finished with value: 0.820189821477838 and parameters: {'lambda_l1': 6.132401486467255e-06, 'lambda_l2': 7.636869475589798, 'num_leaves': 36, 'feature_fraction': 0.5249623930597429, 'bagging_fraction': 0.8302394553192595, 'bagging_freq': 4, 'min_child_samples': 108}. Best is trial 72 with value: 0.8216574673013964.
[I 2025-04-08 00:18:00,800] Trial 235 finished with value: 0.8181776470360823 and parameters: {'lambda_l1': 1.348858951428582e-05, 'lambda_l2': 30.47338212675993, 'num_leaves': 28, 'feature_fraction': 0.4806804965951733, 'bagging_fraction': 0.8046960568397503, 'bagging_freq': 3, 'min_child_samples': 110}. Best is trial 72 with value: 0.8216574673013964.
[I 2025-04-08 00:18:02,597] Trial 236 finished with value: 0.819896584021748 and parameters: {'lambda_l1': 6.616752540755463e-05, 'lambda_l2': 17.133567195702483, 'num_leaves': 40, 'feature_fraction': 0.5111715833314373, 'bagging_fraction': 0.8497363854115971, 'bagging_freq': 5, 'min_child_samples': 98}. Best is trial 72 with value: 0.8216574673013964.
[I 2025-04-08 00:18:04,074] Trial 237 finished with value: 0.8175489973834089 and parameters: {'lambda_l1': 2.4019333726244696e-05, 'lambda_l2': 64.34016426333362, 'num_leaves': 32, 'feature_fraction': 0.5422188479796165, 'bagging_fraction': 0.7634704339583605, 'bagging_freq': 3, 'min_child_samples': 70}. Best is trial 72 with value: 0.8216574673013964.
[I 2025-04-08 00:18:05,815] Trial 238 finished with value: 0.81977099115912 and parameters: {'lambda_l1': 9.971260452496363e-05, 'lambda_l2': 8.277762988163781, 'num_leaves': 43, 'feature_fraction': 0.5305593673293687, 'bagging_fraction': 0.7825438333284167, 'bagging_freq': 2, 'min_child_samples': 102}. Best is trial 72 with value: 0.8216574673013964.
[I 2025-04-08 00:18:09,440] Trial 239 finished with value: 0.8154527370527941 and parameters: {'lambda_l1': 9.54092091903126e-06, 'lambda_l2': 0.0034413645158061553, 'num_leaves': 100, 'feature_fraction': 0.5611863261181975, 'bagging_fraction': 0.8205964524928541, 'bagging_freq': 4, 'min_child_samples': 76}. Best is trial 72 with value: 0.8216574673013964.
[I 2025-04-08 00:18:11,107] Trial 240 finished with value: 0.819603012682296 and parameters: {'lambda_l1': 0.00022777020750040344, 'lambda_l2': 2.413935327156048, 'num_leaves': 37, 'feature_fraction': 0.5024814398451036, 'bagging_fraction': 0.8417025830817243, 'bagging_freq': 6, 'min_child_samples': 81}. Best is trial 72 with value: 0.8216574673013964.
[I 2025-04-08 00:18:12,866] Trial 241 finished with value: 0.8185972154127589 and parameters: {'lambda_l1': 4.465126540597833e-09, 'lambda_l2': 13.430208144670582, 'num_leaves': 38, 'feature_fraction': 0.40110671345690974, 'bagging_fraction': 0.9584905427018424, 'bagging_freq': 2, 'min_child_samples': 119}. Best is trial 72 with value: 0.8216574673013964.
[I 2025-04-08 00:18:14,721] Trial 242 finished with value: 0.8205673556964894 and parameters: {'lambda_l1': 3.0419572908107216e-09, 'lambda_l2': 11.640548396953461, 'num_leaves': 40, 'feature_fraction': 0.5490760880705213, 'bagging_fraction': 0.9758023124156596, 'bagging_freq': 2, 'min_child_samples': 125}. Best is trial 72 with value: 0.8216574673013964.
[I 2025-04-08 00:18:16,839] Trial 243 finished with value: 0.8206511604204119 and parameters: {'lambda_l1': 1.6767753520813428e-09, 'lambda_l2': 23.96429468796345, 'num_leaves': 42, 'feature_fraction': 0.5454200395345948, 'bagging_fraction': 0.9746892359817134, 'bagging_freq': 2, 'min_child_samples': 73}. Best is trial 72 with value: 0.8216574673013964.
