[I 2025-04-08 00:18:18,637] Trial 244 finished with value: 0.8211122884892832 and parameters: {'lambda_l1': 1.602949147602871e-09, 'lambda_l2': 32.340602892778215, 'num_leaves': 42, 'feature_fraction': 0.5435184996465517, 'bagging_fraction': 0.9834897227770945, 'bagging_freq': 2, 'min_child_samples': 72}. Best is trial 72 with value: 0.8216574673013964.
[I 2025-04-08 00:18:21,145] Trial 245 finished with value: 0.8188905583057 and parameters: {'lambda_l1': 1.8924037372528963e-09, 'lambda_l2': 34.67858303883225, 'num_leaves': 43, 'feature_fraction': 0.5477977682195869, 'bagging_fraction': 0.9989125964716139, 'bagging_freq': 2, 'min_child_samples': 113}. Best is trial 72 with value: 0.8216574673013964.
[I 2025-04-08 00:18:23,180] Trial 246 finished with value: 0.8198546904461912 and parameters: {'lambda_l1': 1.0795950167588086e-09, 'lambda_l2': 20.16732925300987, 'num_leaves': 47, 'feature_fraction': 0.5423839062386684, 'bagging_fraction': 0.9858764703074501, 'bagging_freq': 2, 'min_child_samples': 105}. Best is trial 72 with value: 0.8216574673013964.
[I 2025-04-08 00:18:24,919] Trial 247 finished with value: 0.8205254621209326 and parameters: {'lambda_l1': 2.933067993952194e-09, 'lambda_l2': 37.17193330401305, 'num_leaves': 42, 'feature_fraction': 0.561423867855165, 'bagging_fraction': 0.9743771921543719, 'bagging_freq': 2, 'min_child_samples': 73}. Best is trial 72 with value: 0.8216574673013964.
[I 2025-04-08 00:18:26,766] Trial 248 finished with value: 0.819812656288166 and parameters: {'lambda_l1': 2.5886445742609543e-09, 'lambda_l2': 67.04924024259729, 'num_leaves': 45, 'feature_fraction': 0.5658972474792475, 'bagging_fraction': 0.9755776218908887, 'bagging_freq': 1, 'min_child_samples': 73}. Best is trial 72 with value: 0.8216574673013964.
[I 2025-04-08 00:18:28,512] Trial 249 finished with value: 0.819687063425538 and parameters: {'lambda_l1': 1.5470267655515119e-09, 'lambda_l2': 32.606992449581924, 'num_leaves': 42, 'feature_fraction': 0.5574772975807477, 'bagging_fraction': 0.9849862367877625, 'bagging_freq': 2, 'min_child_samples': 74}. Best is trial 72 with value: 0.8216574673013964.
[I 2025-04-08 00:18:30,857] Trial 250 finished with value: 0.819519453977693 and parameters: {'lambda_l1': 3.75168620259583e-09, 'lambda_l2': 21.807370135263987, 'num_leaves': 40, 'feature_fraction': 0.578786600181838, 'bagging_fraction': 0.9719553616842789, 'bagging_freq': 2, 'min_child_samples': 76}. Best is trial 72 with value: 0.8216574673013964.
[I 2025-04-08 00:18:32,825] Trial 251 finished with value: 0.819938635752582 and parameters: {'lambda_l1': 1.6564453535101758e-09, 'lambda_l2': 52.16236546720936, 'num_leaves': 50, 'feature_fraction': 0.553575233066114, 'bagging_fraction': 0.9886747692777798, 'bagging_freq': 5, 'min_child_samples': 68}. Best is trial 72 with value: 0.8216574673013964.
[I 2025-04-08 00:18:34,572] Trial 252 finished with value: 0.8195192958224162 and parameters: {'lambda_l1': 2.9233901123373746e-09, 'lambda_l2': 38.501981399704896, 'num_leaves': 44, 'feature_fraction': 0.5280876887272282, 'bagging_fraction': 0.9657127170214281, 'bagging_freq': 4, 'min_child_samples': 72}. Best is trial 72 with value: 0.8216574673013964.
[I 2025-04-08 00:18:36,295] Trial 253 finished with value: 0.8190580798895022 and parameters: {'lambda_l1': 1.0532462378687971e-09, 'lambda_l2': 21.45193232093745, 'num_leaves': 41, 'feature_fraction': 0.7098544409011999, 'bagging_fraction': 0.97560249384066, 'bagging_freq': 9, 'min_child_samples': 78}. Best is trial 72 with value: 0.8216574673013964.
[I 2025-04-08 00:18:38,028] Trial 254 finished with value: 0.8174231233558441 and parameters: {'lambda_l1': 2.1831523978509428e-09, 'lambda_l2': 92.79099867466857, 'num_leaves': 47, 'feature_fraction': 0.5729278031461073, 'bagging_fraction': 0.9989366850048879, 'bagging_freq': 5, 'min_child_samples': 126}. Best is trial 72 with value: 0.8216574673013964.
[I 2025-04-08 00:18:39,818] Trial 255 finished with value: 0.8208607513078562 and parameters: {'lambda_l1': 3.917429454396374e-09, 'lambda_l2': 13.369336476121028, 'num_leaves': 40, 'feature_fraction': 0.536064323629699, 'bagging_fraction': 0.971719795286318, 'bagging_freq': 11, 'min_child_samples': 75}. Best is trial 72 with value: 0.8216574673013964.
[I 2025-04-08 00:18:42,386] Trial 256 finished with value: 0.8198127441522086 and parameters: {'lambda_l1': 4.816403272286911e-09, 'lambda_l2': 13.484880730717174, 'num_leaves': 42, 'feature_fraction': 0.5450304155112966, 'bagging_fraction': 0.9784587035480234, 'bagging_freq': 4, 'min_child_samples': 71}. Best is trial 72 with value: 0.8216574673013964.
[I 2025-04-08 00:18:43,963] Trial 257 finished with value: 0.8198968124682591 and parameters: {'lambda_l1': 3.910545776058483e-05, 'lambda_l2': 30.16813987297523, 'num_leaves': 37, 'feature_fraction': 0.5593800663154738, 'bagging_fraction': 0.9611942626629197, 'bagging_freq': 12, 'min_child_samples': 88}. Best is trial 72 with value: 0.8216574673013964.
[I 2025-04-08 00:18:45,836] Trial 258 finished with value: 0.8199805117553304 and parameters: {'lambda_l1': 3.4170373832731834e-09, 'lambda_l2': 9.956066358816495, 'num_leaves': 44, 'feature_fraction': 0.5666841912808549, 'bagging_fraction': 0.9739146425899547, 'bagging_freq': 11, 'min_child_samples': 121}. Best is trial 72 with value: 0.8216574673013964.
[I 2025-04-08 00:18:47,750] Trial 259 finished with value: 0.8210704652049605 and parameters: {'lambda_l1': 2.832265970520335e-09, 'lambda_l2': 18.975704105799544, 'num_leaves': 39, 'feature_fraction': 0.5218276964644419, 'bagging_fraction': 0.9877698495918233, 'bagging_freq': 2, 'min_child_samples': 75}. Best is trial 72 with value: 0.8216574673013964.
[I 2025-04-08 00:18:49,724] Trial 260 finished with value: 0.8189743278840055 and parameters: {'lambda_l1': 5.005978028871725e-09, 'lambda_l2': 17.093426903895512, 'num_leaves': 39, 'feature_fraction': 0.5147694831374845, 'bagging_fraction': 0.9927013245054511, 'bagging_freq': 2, 'min_child_samples': 38}. Best is trial 72 with value: 0.8216574673013964.
[I 2025-04-08 00:18:52,124] Trial 261 finished with value: 0.8202320137911402 and parameters: {'lambda_l1': 2.0095088332420562e-09, 'lambda_l2': 9.952839679252156, 'num_leaves': 36, 'feature_fraction': 0.5265632991243516, 'bagging_fraction': 0.9863358288882614, 'bagging_freq': 11, 'min_child_samples': 79}. Best is trial 72 with value: 0.8216574673013964.
[I 2025-04-08 00:18:53,944] Trial 262 finished with value: 0.8192259353566665 and parameters: {'lambda_l1': 0.0013263297749838193, 'lambda_l2': 21.060792620850904, 'num_leaves': 34, 'feature_fraction': 0.5398649912958036, 'bagging_fraction': 0.9609532278218823, 'bagging_freq': 1, 'min_child_samples': 75}. Best is trial 72 with value: 0.8216574673013964.
[I 2025-04-08 00:18:55,832] Trial 263 finished with value: 0.8198128671618685 and parameters: {'lambda_l1': 5.273380756614032e-09, 'lambda_l2': 7.187047471482449, 'num_leaves': 39, 'feature_fraction': 0.5294252190510663, 'bagging_fraction': 0.9847437243277386, 'bagging_freq': 4, 'min_child_samples': 2}. Best is trial 72 with value: 0.8216574673013964.
[I 2025-04-08 00:18:57,539] Trial 264 finished with value: 0.8203159239519137 and parameters: {'lambda_l1': 3.1003796858375834e-09, 'lambda_l2': 12.92349724142545, 'num_leaves': 37, 'feature_fraction': 0.523223494158001, 'bagging_fraction': 0.7267218496591188, 'bagging_freq': 3, 'min_child_samples': 69}. Best is trial 72 with value: 0.8216574673013964.
[I 2025-04-08 00:18:58,953] Trial 265 finished with value: 0.8180099848698118 and parameters: {'lambda_l1': 0.000598812932789383, 'lambda_l2': 51.78929971729349, 'num_leaves': 34, 'feature_fraction': 0.5470054642057677, 'bagging_fraction': 0.6683749341704588, 'bagging_freq': 5, 'min_child_samples': 77}. Best is trial 72 with value: 0.8216574673013964.
[I 2025-04-08 00:19:00,807] Trial 266 finished with value: 0.8197707802854175 and parameters: {'lambda_l1': 1.5242288316864142e-09, 'lambda_l2': 23.572504490787736, 'num_leaves': 40, 'feature_fraction': 0.9537664606800794, 'bagging_fraction': 0.9678491666749539, 'bagging_freq': 6, 'min_child_samples': 83}. Best is trial 72 with value: 0.8216574673013964.
[I 2025-04-08 00:19:03,104] Trial 267 finished with value: 0.8203159239519138 and parameters: {'lambda_l1': 0.00031593328097716586, 'lambda_l2': 6.987978519377652, 'num_leaves': 36, 'feature_fraction': 0.5124835842627729, 'bagging_fraction': 0.9999107366042029, 'bagging_freq': 4, 'min_child_samples': 117}. Best is trial 72 with value: 0.8216574673013964.
[I 2025-04-08 00:19:05,050] Trial 268 finished with value: 0.8197709208678858 and parameters: {'lambda_l1': 1.0737687406213575e-09, 'lambda_l2': 12.611043256060126, 'num_leaves': 46, 'feature_fraction': 0.49616257706808675, 'bagging_fraction': 0.5308583794190546, 'bagging_freq': 2, 'min_child_samples': 74}. Best is trial 72 with value: 0.8216574673013964.
[I 2025-04-08 00:19:07,453] Trial 269 finished with value: 0.8201061573363841 and parameters: {'lambda_l1': 2.8534686342560336e-05, 'lambda_l2': 26.721865664452256, 'num_leaves': 65, 'feature_fraction': 0.5900903352478764, 'bagging_fraction': 0.9503531532623886, 'bagging_freq': 4, 'min_child_samples': 81}. Best is trial 72 with value: 0.8216574673013964.
[I 2025-04-08 00:19:09,201] Trial 270 finished with value: 0.818680686253319 and parameters: {'lambda_l1': 6.404292545984254e-09, 'lambda_l2': 16.811647431115347, 'num_leaves': 41, 'feature_fraction': 0.8402766879186907, 'bagging_fraction': 0.7949710072435167, 'bagging_freq': 3, 'min_child_samples': 78}. Best is trial 72 with value: 0.8216574673013964.
[I 2025-04-08 00:19:10,860] Trial 271 finished with value: 0.8202740479491654 and parameters: {'lambda_l1': 2.221578790985641e-09, 'lambda_l2': 9.241878036598997, 'num_leaves': 33, 'feature_fraction': 0.5366444533893542, 'bagging_fraction': 0.9801825826615904, 'bagging_freq': 2, 'min_child_samples': 114}. Best is trial 72 with value: 0.8216574673013964.
[I 2025-04-08 00:19:12,814] Trial 272 finished with value: 0.817171480737566 and parameters: {'lambda_l1': 7.271886239979598e-05, 'lambda_l2': 54.39944063852237, 'num_leaves': 30, 'feature_fraction': 0.5500586540019787, 'bagging_fraction': 0.8096960328971812, 'bagging_freq': 5, 'min_child_samples': 128}. Best is trial 72 with value: 0.8216574673013964.
[I 2025-04-08 00:19:14,619] Trial 273 finished with value: 0.8192258123470066 and parameters: {'lambda_l1': 1.0043866353238816e-09, 'lambda_l2': 32.424564850023714, 'num_leaves': 38, 'feature_fraction': 0.6695968451985251, 'bagging_fraction': 0.7467853702470356, 'bagging_freq': 12, 'min_child_samples': 71}. Best is trial 72 with value: 0.8216574673013964.
[I 2025-04-08 00:19:16,247] Trial 274 finished with value: 0.8196869228430697 and parameters: {'lambda_l1': 3.5983663669842554e-09, 'lambda_l2': 5.725225358178688, 'num_leaves': 36, 'feature_fraction': 0.5187370756157823, 'bagging_fraction': 0.9643269898966156, 'bagging_freq': 3, 'min_child_samples': 67}. Best is trial 72 with value: 0.8216574673013964.
[I 2025-04-08 00:19:18,024] Trial 275 finished with value: 0.8182195230388306 and parameters: {'lambda_l1': 9.801739722741125, 'lambda_l2': 13.48153748260426, 'num_leaves': 43, 'feature_fraction': 0.5362015713792271, 'bagging_fraction': 0.8608852908969603, 'bagging_freq': 1, 'min_child_samples': 75}. Best is trial 72 with value: 0.8216574673013964.
[I 2025-04-08 00:19:19,762] Trial 276 finished with value: 0.8201899796331149 and parameters: {'lambda_l1': 9.215241169928806e-09, 'lambda_l2': 18.920409193416376, 'num_leaves': 40, 'feature_fraction': 0.5519205673271176, 'bagging_fraction': 0.9890340989675339, 'bagging_freq': 4, 'min_child_samples': 84}. Best is trial 72 with value: 0.8216574673013964.
[I 2025-04-08 00:19:21,922] Trial 277 finished with value: 0.8190160984499025 and parameters: {'lambda_l1': 2.507201407872029e-09, 'lambda_l2': 6.465952590082377, 'num_leaves': 49, 'feature_fraction': 0.7522770369614145, 'bagging_fraction': 0.8825919930288478, 'bagging_freq': 8, 'min_child_samples': 79}. Best is trial 72 with value: 0.8216574673013964.
[I 2025-04-08 00:19:23,814] Trial 278 finished with value: 0.819812656288166 and parameters: {'lambda_l1': 1.8162297824228624e-05, 'lambda_l2': 10.347776980758436, 'num_leaves': 33, 'feature_fraction': 0.5081964083203334, 'bagging_fraction': 0.9743671032710621, 'bagging_freq': 3, 'min_child_samples': 123}. Best is trial 72 with value: 0.8216574673013964.
[I 2025-04-08 00:19:26,209] Trial 279 finished with value: 0.8204416749698188 and parameters: {'lambda_l1': 1.691925979128982e-09, 'lambda_l2': 34.765727706822865, 'num_leaves': 72, 'feature_fraction': 0.5233783361993504, 'bagging_fraction': 0.7954594510545642, 'bagging_freq': 4, 'min_child_samples': 105}. Best is trial 72 with value: 0.8216574673013964.
[I 2025-04-08 00:19:27,553] Trial 280 finished with value: 0.8165429189489352 and parameters: {'lambda_l1': 0.00015595338413714575, 'lambda_l2': 69.10432197875636, 'num_leaves': 25, 'feature_fraction': 0.5737807925635372, 'bagging_fraction': 0.8223451436625117, 'bagging_freq': 2, 'min_child_samples': 95}. Best is trial 72 with value: 0.8216574673013964.
[I 2025-04-08 00:19:29,397] Trial 281 finished with value: 0.8198546904461912 and parameters: {'lambda_l1': 5.0942672824595474e-09, 'lambda_l2': 20.030393260426784, 'num_leaves': 38, 'feature_fraction': 0.5416080873294766, 'bagging_fraction': 0.5994885979742307, 'bagging_freq': 1, 'min_child_samples': 73}. Best is trial 72 with value: 0.8216574673013964.
[I 2025-04-08 00:19:31,483] Trial 282 finished with value: 0.8201480157663239 and parameters: {'lambda_l1': 0.002810743469850509, 'lambda_l2': 4.62666857188481, 'num_leaves': 45, 'feature_fraction': 0.5316555388749208, 'bagging_fraction': 0.8734779265036253, 'bagging_freq': 5, 'min_child_samples': 89}. Best is trial 72 with value: 0.8216574673013964.
[I 2025-04-08 00:19:33,514] Trial 283 finished with value: 0.8201060518995329 and parameters: {'lambda_l1': 1.2867654230991983e-08, 'lambda_l2': 9.714008745520301, 'num_leaves': 28, 'feature_fraction': 0.8146935456093816, 'bagging_fraction': 0.955285407434558, 'bagging_freq': 13, 'min_child_samples': 110}. Best is trial 72 with value: 0.8216574673013964.
[I 2025-04-08 00:19:35,114] Trial 284 finished with value: 0.8198965313033225 and parameters: {'lambda_l1': 4.902345641011553e-05, 'lambda_l2': 26.34931281592893, 'num_leaves': 35, 'feature_fraction': 0.5587282051100677, 'bagging_fraction': 0.8110531385976527, 'bagging_freq': 2, 'min_child_samples': 77}. Best is trial 72 with value: 0.8216574673013964.
[I 2025-04-08 00:19:36,688] Trial 285 finished with value: 0.8141111937033113 and parameters: {'lambda_l1': 3.4455152911679416e-09, 'lambda_l2': 44.669485276667146, 'num_leaves': 31, 'feature_fraction': 0.49583655863121495, 'bagging_fraction': 0.4864709305870851, 'bagging_freq': 4, 'min_child_samples': 71}. Best is trial 72 with value: 0.8216574673013964.
[I 2025-04-08 00:19:38,480] Trial 286 finished with value: 0.8200222647484188 and parameters: {'lambda_l1': 1.8627960925678014e-09, 'lambda_l2': 15.640889085300303, 'num_leaves': 42, 'feature_fraction': 0.5174035206669885, 'bagging_fraction': 0.628634856355089, 'bagging_freq': 3, 'min_child_samples': 81}. Best is trial 72 with value: 0.8216574673013964.
[I 2025-04-08 00:19:40,200] Trial 287 finished with value: 0.8187647721421781 and parameters: {'lambda_l1': 0.0007364216640409598, 'lambda_l2': 5.380075776892732, 'num_leaves': 40, 'feature_fraction': 0.5445662907746006, 'bagging_fraction': 0.9691642633479116, 'bagging_freq': 2, 'min_child_samples': 69}. Best is trial 72 with value: 0.8216574673013964.
[I 2025-04-08 00:19:41,919] Trial 288 finished with value: 0.8206932121512457 and parameters: {'lambda_l1': 4.2397048562604525e-06, 'lambda_l2': 1.9630742757364945e-05, 'num_leaves': 36, 'feature_fraction': 0.5771057131988732, 'bagging_fraction': 0.7734937043032101, 'bagging_freq': 5, 'min_child_samples': 76}. Best is trial 72 with value: 0.8216574673013964.
[I 2025-04-08 00:19:43,889] Trial 289 finished with value: 0.8208189280235334 and parameters: {'lambda_l1': 4.160013648598933e-06, 'lambda_l2': 4.152431966676219e-05, 'num_leaves': 34, 'feature_fraction': 0.5900662968809018, 'bagging_fraction': 0.7696372579681866, 'bagging_freq': 5, 'min_child_samples': 75}. Best is trial 72 with value: 0.8216574673013964.
[I 2025-04-08 00:19:45,375] Trial 290 finished with value: 0.8195190146574796 and parameters: {'lambda_l1': 2.4964558845040314e-06, 'lambda_l2': 1.0129292190015302e-05, 'num_leaves': 33, 'feature_fraction': 0.6006859713107154, 'bagging_fraction': 0.7676824291831442, 'bagging_freq': 5, 'min_child_samples': 75}. Best is trial 72 with value: 0.8216574673013964.
[I 2025-04-08 00:19:46,766] Trial 291 finished with value: 0.819519155239948 and parameters: {'lambda_l1': 3.418671899483564e-06, 'lambda_l2': 3.354227873372201e-05, 'num_leaves': 30, 'feature_fraction': 0.592172894609824, 'bagging_fraction': 0.9450005161455217, 'bagging_freq': 5, 'min_child_samples': 72}. Best is trial 72 with value: 0.8216574673013964.
[I 2025-04-08 00:19:48,299] Trial 292 finished with value: 0.8198966015945567 and parameters: {'lambda_l1': 8.907567792442091e-09, 'lambda_l2': 0.00042582553915573634, 'num_leaves': 36, 'feature_fraction': 0.584177227030113, 'bagging_fraction': 0.9835244199109413, 'bagging_freq': 5, 'min_child_samples': 75}. Best is trial 72 with value: 0.8216574673013964.
[I 2025-04-08 00:19:50,767] Trial 293 finished with value: 0.8169619777141642 and parameters: {'lambda_l1': 5.122714174048214e-09, 'lambda_l2': 1.837124532815882e-05, 'num_leaves': 76, 'feature_fraction': 0.5765744251922151, 'bagging_fraction': 0.7599192394150589, 'bagging_freq': 6, 'min_child_samples': 78}. Best is trial 72 with value: 0.8216574673013964.
[I 2025-04-08 00:19:52,488] Trial 294 finished with value: 0.8192258299198153 and parameters: {'lambda_l1': 2.9700194238814056e-09, 'lambda_l2': 2.0708912381130823e-05, 'num_leaves': 34, 'feature_fraction': 0.609814329500151, 'bagging_fraction': 0.9628921466091961, 'bagging_freq': 5, 'min_child_samples': 80}. Best is trial 72 with value: 0.8216574673013964.
[I 2025-04-08 00:19:54,507] Trial 295 finished with value: 0.8178842162790984 and parameters: {'lambda_l1': 1.0237806557733542e-09, 'lambda_l2': 4.176137399441095e-05, 'num_leaves': 32, 'feature_fraction': 0.5831807128057058, 'bagging_fraction': 0.8972566710660264, 'bagging_freq': 5, 'min_child_samples': 73}. Best is trial 72 with value: 0.8216574673013964.
[I 2025-04-08 00:19:55,795] Trial 296 finished with value: 0.8189743630296225 and parameters: {'lambda_l1': 2.5100415533061427e-09, 'lambda_l2': 5.36108461710843e-06, 'num_leaves': 27, 'feature_fraction': 0.5951336142228559, 'bagging_fraction': 0.8313748818464269, 'bagging_freq': 16, 'min_child_samples': 66}. Best is trial 72 with value: 0.8216574673013964.
[I 2025-04-08 00:19:57,409] Trial 297 finished with value: 0.8197709384406944 and parameters: {'lambda_l1': 0.0003330080319795197, 'lambda_l2': 2.362047905482516e-05, 'num_leaves': 37, 'feature_fraction': 0.5699780790209368, 'bagging_fraction': 0.4492071938138956, 'bagging_freq': 6, 'min_child_samples': 69}. Best is trial 72 with value: 0.8216574673013964.
[I 2025-04-08 00:19:59,125] Trial 298 finished with value: 0.8188063142615641 and parameters: {'lambda_l1': 1.1537698696475488e-06, 'lambda_l2': 0.0009025844449284239, 'num_leaves': 35, 'feature_fraction': 0.8803369423601004, 'bagging_fraction': 0.7485526143605, 'bagging_freq': 5, 'min_child_samples': 86}. Best is trial 72 with value: 0.8216574673013964.
[I 2025-04-08 00:20:00,571] Trial 299 finished with value: 0.8201483496496861 and parameters: {'lambda_l1': 0.00011100566513558523, 'lambda_l2': 0.0002473277230183604, 'num_leaves': 30, 'feature_fraction': 0.565793622021462, 'bagging_fraction': 0.9931727276678574, 'bagging_freq': 4, 'min_child_samples': 125}. Best is trial 72 with value: 0.8216574673013964.
[I 2025-04-08 00:20:02,347] Trial 300 finished with value: 0.818638985978656 and parameters: {'lambda_l1': 6.4084902462355715e-09, 'lambda_l2': 1.2099965358567956e-05, 'num_leaves': 37, 'feature_fraction': 0.43792934086043045, 'bagging_fraction': 0.8496724001076339, 'bagging_freq': 4, 'min_child_samples': 76}. Best is trial 72 with value: 0.8216574673013964.
[I 2025-04-08 00:20:03,727] Trial 301 finished with value: 0.8179261450002725 and parameters: {'lambda_l1': 1.6255843401430021e-09, 'lambda_l2': 37.836311340123906, 'num_leaves': 22, 'feature_fraction': 0.4706384795497088, 'bagging_fraction': 0.971422005944003, 'bagging_freq': 6, 'min_child_samples': 83}. Best is trial 72 with value: 0.8216574673013964.
[I 2025-04-08 00:20:05,918] Trial 302 finished with value: 0.8195193661136505 and parameters: {'lambda_l1': 2.304796011198685e-08, 'lambda_l2': 5.452653157535806e-06, 'num_leaves': 33, 'feature_fraction': 0.5842835813621559, 'bagging_fraction': 0.9836182865358698, 'bagging_freq': 5, 'min_child_samples': 120}. Best is trial 72 with value: 0.8216574673013964.
[I 2025-04-08 00:20:07,693] Trial 303 finished with value: 0.8188906988881686 and parameters: {'lambda_l1': 3.3587064653748432e-09, 'lambda_l2': 7.933761391397215e-05, 'num_leaves': 38, 'feature_fraction': 0.5557768403151223, 'bagging_fraction': 0.9576202073741201, 'bagging_freq': 4, 'min_child_samples': 91}. Best is trial 72 with value: 0.8216574673013964.
[I 2025-04-08 00:20:09,971] Trial 304 finished with value: 0.8157881141037603 and parameters: {'lambda_l1': 1.9052271371121865e-09, 'lambda_l2': 94.5351119412039, 'num_leaves': 67, 'feature_fraction': 0.5716626407770037, 'bagging_fraction': 0.7726531487746261, 'bagging_freq': 7, 'min_child_samples': 73}. Best is trial 72 with value: 0.8216574673013964.
