[I 2025-04-08 00:38:19,464] Trial 209 finished with value: 0.8207350705811856 and parameters: {'lambda_l1': 7.771985734155464e-08, 'lambda_l2': 4.726776574372819, 'num_leaves': 72, 'feature_fraction': 0.626066216647574, 'bagging_fraction': 0.9703531890255968, 'bagging_freq': 14, 'min_child_samples': 64}. Best is trial 66 with value: 0.822118700807119.
[I 2025-04-08 00:38:21,708] Trial 210 finished with value: 0.8211960756403972 and parameters: {'lambda_l1': 3.578749080343874e-08, 'lambda_l2': 27.13719984315955, 'num_leaves': 70, 'feature_fraction': 0.6530944749312642, 'bagging_fraction': 0.9874475349190815, 'bagging_freq': 14, 'min_child_samples': 89}. Best is trial 66 with value: 0.822118700807119.
[I 2025-04-08 00:38:23,944] Trial 211 finished with value: 0.8210703597681093 and parameters: {'lambda_l1': 3.338929638436427e-08, 'lambda_l2': 29.360528083449125, 'num_leaves': 70, 'feature_fraction': 0.6614673586797368, 'bagging_fraction': 0.9873425949022286, 'bagging_freq': 14, 'min_child_samples': 89}. Best is trial 66 with value: 0.822118700807119.
[I 2025-04-08 00:38:26,690] Trial 212 finished with value: 0.8198547431646167 and parameters: {'lambda_l1': 3.885708420948721e-08, 'lambda_l2': 34.89164691847923, 'num_leaves': 71, 'feature_fraction': 0.6501599098041628, 'bagging_fraction': 0.988324497021778, 'bagging_freq': 14, 'min_child_samples': 89}. Best is trial 66 with value: 0.822118700807119.
[I 2025-04-08 00:38:28,934] Trial 213 finished with value: 0.8203158712334881 and parameters: {'lambda_l1': 3.061900739734392e-08, 'lambda_l2': 25.047822803870712, 'num_leaves': 66, 'feature_fraction': 0.6396640064557404, 'bagging_fraction': 0.979532321766253, 'bagging_freq': 14, 'min_child_samples': 93}. Best is trial 66 with value: 0.822118700807119.
[I 2025-04-08 00:38:31,159] Trial 214 finished with value: 0.8197707802854175 and parameters: {'lambda_l1': 7.175621482429083e-08, 'lambda_l2': 58.909963253745985, 'num_leaves': 69, 'feature_fraction': 0.6196082328490997, 'bagging_fraction': 0.9915285060650892, 'bagging_freq': 13, 'min_child_samples': 84}. Best is trial 66 with value: 0.822118700807119.
[I 2025-04-08 00:38:33,310] Trial 215 finished with value: 0.8195192606767991 and parameters: {'lambda_l1': 2.5274214529199084e-08, 'lambda_l2': 8.743413503631116, 'num_leaves': 63, 'feature_fraction': 0.6623743973600179, 'bagging_fraction': 0.9717498632463782, 'bagging_freq': 14, 'min_child_samples': 91}. Best is trial 66 with value: 0.822118700807119.
[I 2025-04-08 00:38:36,020] Trial 216 finished with value: 0.8203997286758362 and parameters: {'lambda_l1': 1.3204538907370647e-07, 'lambda_l2': 12.693909532590768, 'num_leaves': 67, 'feature_fraction': 0.633894921549079, 'bagging_fraction': 0.9996904213102347, 'bagging_freq': 13, 'min_child_samples': 86}. Best is trial 66 with value: 0.822118700807119.
[I 2025-04-08 00:38:38,428] Trial 217 finished with value: 0.8196868174062184 and parameters: {'lambda_l1': 4.5574620783840445e-08, 'lambda_l2': 31.921682073759836, 'num_leaves': 71, 'feature_fraction': 0.6068536305498763, 'bagging_fraction': 0.9811426443692371, 'bagging_freq': 12, 'min_child_samples': 17}. Best is trial 66 with value: 0.822118700807119.
[I 2025-04-08 00:38:40,686] Trial 218 finished with value: 0.8206091614080038 and parameters: {'lambda_l1': 6.277387118442541e-08, 'lambda_l2': 7.195985150244184, 'num_leaves': 63, 'feature_fraction': 0.661216580066529, 'bagging_fraction': 0.9662763823591997, 'bagging_freq': 14, 'min_child_samples': 58}. Best is trial 66 with value: 0.822118700807119.
[I 2025-04-08 00:38:42,860] Trial 219 finished with value: 0.8193934217948515 and parameters: {'lambda_l1': 3.0067436967889646e-07, 'lambda_l2': 72.51663121119243, 'num_leaves': 77, 'feature_fraction': 0.6505837881922745, 'bagging_fraction': 0.9876591213473401, 'bagging_freq': 13, 'min_child_samples': 111}. Best is trial 66 with value: 0.822118700807119.
[I 2025-04-08 00:38:46,399] Trial 220 finished with value: 0.8204833576716732 and parameters: {'lambda_l1': 1.998180154626438e-08, 'lambda_l2': 18.497761813110277, 'num_leaves': 95, 'feature_fraction': 0.6838797380587681, 'bagging_fraction': 0.9573779336605717, 'bagging_freq': 14, 'min_child_samples': 89}. Best is trial 66 with value: 0.822118700807119.
[I 2025-04-08 00:38:48,776] Trial 221 finished with value: 0.8214478939867605 and parameters: {'lambda_l1': 3.37042830816176e-08, 'lambda_l2': 17.185492526498205, 'num_leaves': 75, 'feature_fraction': 0.6741214545404794, 'bagging_fraction': 0.9746453439207617, 'bagging_freq': 15, 'min_child_samples': 87}. Best is trial 66 with value: 0.822118700807119.
[I 2025-04-08 00:38:51,177] Trial 222 finished with value: 0.8200643164792527 and parameters: {'lambda_l1': 3.751990305876544e-08, 'lambda_l2': 11.862561794941405, 'num_leaves': 68, 'feature_fraction': 0.6938974569641011, 'bagging_fraction': 0.9759800552039051, 'bagging_freq': 15, 'min_child_samples': 82}. Best is trial 66 with value: 0.822118700807119.
[I 2025-04-08 00:38:53,461] Trial 223 finished with value: 0.8207350002899514 and parameters: {'lambda_l1': 9.22189838144118e-08, 'lambda_l2': 4.378171744262565, 'num_leaves': 71, 'feature_fraction': 0.6708119257051446, 'bagging_fraction': 0.986587249271925, 'bagging_freq': 12, 'min_child_samples': 107}. Best is trial 66 with value: 0.822118700807119.
[I 2025-04-08 00:38:55,867] Trial 224 finished with value: 0.8207350705811856 and parameters: {'lambda_l1': 2.3260136821680627e-08, 'lambda_l2': 21.778385881605598, 'num_leaves': 64, 'feature_fraction': 0.6161802255783617, 'bagging_fraction': 0.967817831758089, 'bagging_freq': 15, 'min_child_samples': 87}. Best is trial 66 with value: 0.822118700807119.
[I 2025-04-08 00:38:58,474] Trial 225 finished with value: 0.8196871337167722 and parameters: {'lambda_l1': 5.429916490836664e-08, 'lambda_l2': 41.70928212678636, 'num_leaves': 61, 'feature_fraction': 0.5912674722625041, 'bagging_fraction': 0.9786811096191139, 'bagging_freq': 14, 'min_child_samples': 84}. Best is trial 66 with value: 0.822118700807119.
[I 2025-04-08 00:39:00,864] Trial 226 finished with value: 0.8185550230994567 and parameters: {'lambda_l1': 1.344222970562096e-08, 'lambda_l2': 4.1999452733770277e-07, 'num_leaves': 76, 'feature_fraction': 0.6437800665335449, 'bagging_fraction': 0.7700729818390971, 'bagging_freq': 11, 'min_child_samples': 91}. Best is trial 66 with value: 0.822118700807119.
[I 2025-04-08 00:39:03,290] Trial 227 finished with value: 0.8202740303763569 and parameters: {'lambda_l1': 1.4301122901622888e-07, 'lambda_l2': 7.8316562404774785, 'num_leaves': 74, 'feature_fraction': 0.6569408618668419, 'bagging_fraction': 0.958499005826287, 'bagging_freq': 13, 'min_child_samples': 47}. Best is trial 66 with value: 0.822118700807119.
[I 2025-04-08 00:39:05,472] Trial 228 finished with value: 0.8196450292675127 and parameters: {'lambda_l1': 3.104291162564713e-08, 'lambda_l2': 14.218132783653434, 'num_leaves': 66, 'feature_fraction': 0.6773236311727873, 'bagging_fraction': 0.999417389199152, 'bagging_freq': 15, 'min_child_samples': 94}. Best is trial 66 with value: 0.822118700807119.
[I 2025-04-08 00:39:08,536] Trial 229 finished with value: 0.8189322585803632 and parameters: {'lambda_l1': 0.04985768184469001, 'lambda_l2': 4.878321723535052, 'num_leaves': 83, 'feature_fraction': 0.7088069555048665, 'bagging_fraction': 0.9709653292030453, 'bagging_freq': 14, 'min_child_samples': 87}. Best is trial 66 with value: 0.822118700807119.
[I 2025-04-08 00:39:10,910] Trial 230 finished with value: 0.820567373269298 and parameters: {'lambda_l1': 8.003308110013988e-08, 'lambda_l2': 2.7711881101115403, 'num_leaves': 70, 'feature_fraction': 0.6268411608352308, 'bagging_fraction': 0.98828286173865, 'bagging_freq': 13, 'min_child_samples': 55}. Best is trial 66 with value: 0.822118700807119.
[I 2025-04-08 00:39:13,357] Trial 231 finished with value: 0.8201062979188523 and parameters: {'lambda_l1': 9.104846602505765e-09, 'lambda_l2': 24.304165500430933, 'num_leaves': 74, 'feature_fraction': 0.6705682648909594, 'bagging_fraction': 0.9523392104361981, 'bagging_freq': 15, 'min_child_samples': 89}. Best is trial 66 with value: 0.822118700807119.
[I 2025-04-08 00:39:15,719] Trial 232 finished with value: 0.8207768938655085 and parameters: {'lambda_l1': 4.446438018211053e-08, 'lambda_l2': 16.767045556068194, 'num_leaves': 71, 'feature_fraction': 0.6881999710163335, 'bagging_fraction': 0.9632839737979098, 'bagging_freq': 15, 'min_child_samples': 86}. Best is trial 66 with value: 0.822118700807119.
[I 2025-04-08 00:39:18,667] Trial 233 finished with value: 0.8201062627732352 and parameters: {'lambda_l1': 1.8740202333299076e-08, 'lambda_l2': 9.067841253353183, 'num_leaves': 68, 'feature_fraction': 0.6576603149089981, 'bagging_fraction': 0.9778321070198636, 'bagging_freq': 15, 'min_child_samples': 90}. Best is trial 66 with value: 0.822118700807119.
[I 2025-04-08 00:39:20,667] Trial 234 finished with value: 0.8193095643525036 and parameters: {'lambda_l1': 1.851176407902848e-07, 'lambda_l2': 46.27843093320539, 'num_leaves': 54, 'feature_fraction': 0.6403437510271573, 'bagging_fraction': 0.944702551422762, 'bagging_freq': 15, 'min_child_samples': 84}. Best is trial 66 with value: 0.822118700807119.
[I 2025-04-08 00:39:22,958] Trial 235 finished with value: 0.8206512658572631 and parameters: {'lambda_l1': 3.553153346311627e-09, 'lambda_l2': 28.262520659260357, 'num_leaves': 60, 'feature_fraction': 0.6026006222201009, 'bagging_fraction': 0.9562235409997093, 'bagging_freq': 14, 'min_child_samples': 52}. Best is trial 66 with value: 0.822118700807119.
[I 2025-04-08 00:39:25,147] Trial 236 finished with value: 0.8196029248182531 and parameters: {'lambda_l1': 6.446147217381293e-09, 'lambda_l2': 10.909983346319402, 'num_leaves': 73, 'feature_fraction': 0.5794405603990709, 'bagging_fraction': 0.5098201779774785, 'bagging_freq': 12, 'min_child_samples': 87}. Best is trial 66 with value: 0.822118700807119.
[I 2025-04-08 00:39:28,175] Trial 237 finished with value: 0.8202319962183315 and parameters: {'lambda_l1': 8.974499281054386e-06, 'lambda_l2': 5.8024943404102105, 'num_leaves': 88, 'feature_fraction': 0.671741645518323, 'bagging_fraction': 0.9871268108831617, 'bagging_freq': 16, 'min_child_samples': 66}. Best is trial 66 with value: 0.822118700807119.
[I 2025-04-08 00:39:30,642] Trial 238 finished with value: 0.821657379437354 and parameters: {'lambda_l1': 3.133563419989971e-08, 'lambda_l2': 18.17105534666348, 'num_leaves': 65, 'feature_fraction': 0.6504654975672864, 'bagging_fraction': 0.9697827304756201, 'bagging_freq': 13, 'min_child_samples': 93}. Best is trial 66 with value: 0.822118700807119.
[I 2025-04-08 00:39:32,792] Trial 239 finished with value: 0.8209027678930731 and parameters: {'lambda_l1': 3.295048100904037e-08, 'lambda_l2': 16.605764499967137, 'num_leaves': 65, 'feature_fraction': 0.6281581801991931, 'bagging_fraction': 0.9731931486529644, 'bagging_freq': 13, 'min_child_samples': 98}. Best is trial 66 with value: 0.822118700807119.
[I 2025-04-08 00:39:34,774] Trial 240 finished with value: 0.8205673205508723 and parameters: {'lambda_l1': 6.856387753577893e-08, 'lambda_l2': 8.343181536216157, 'num_leaves': 57, 'feature_fraction': 0.6528451342338458, 'bagging_fraction': 0.9911441963913393, 'bagging_freq': 13, 'min_child_samples': 95}. Best is trial 66 with value: 0.822118700807119.
[I 2025-04-08 00:39:36,998] Trial 241 finished with value: 0.8206093195632805 and parameters: {'lambda_l1': 1.5641728726492643e-08, 'lambda_l2': 20.20775594907342, 'num_leaves': 67, 'feature_fraction': 0.6674776522373841, 'bagging_fraction': 0.9711126285918638, 'bagging_freq': 13, 'min_child_samples': 91}. Best is trial 66 with value: 0.822118700807119.
[I 2025-04-08 00:39:39,535] Trial 242 finished with value: 0.8209446966142468 and parameters: {'lambda_l1': 1.0557899968090744e-07, 'lambda_l2': 32.73054492776695, 'num_leaves': 63, 'feature_fraction': 0.6429255840489124, 'bagging_fraction': 0.9613083517788867, 'bagging_freq': 14, 'min_child_samples': 89}. Best is trial 66 with value: 0.822118700807119.
[I 2025-04-08 00:39:41,349] Trial 243 finished with value: 0.817590803094923 and parameters: {'lambda_l1': 1.1934051517271608e-07, 'lambda_l2': 49.394884019078, 'num_leaves': 62, 'feature_fraction': 0.63905446991759, 'bagging_fraction': 0.6572399296765474, 'bagging_freq': 14, 'min_child_samples': 92}. Best is trial 66 with value: 0.822118700807119.
[I 2025-04-08 00:39:43,448] Trial 244 finished with value: 0.8211542172104572 and parameters: {'lambda_l1': 5.0161365408541674e-08, 'lambda_l2': 30.90033101690717, 'num_leaves': 64, 'feature_fraction': 0.6500901551034333, 'bagging_fraction': 0.9633686366329937, 'bagging_freq': 14, 'min_child_samples': 90}. Best is trial 66 with value: 0.822118700807119.
[I 2025-04-08 00:39:45,976] Trial 245 finished with value: 0.8211542172104572 and parameters: {'lambda_l1': 4.600164811423207e-08, 'lambda_l2': 12.550693186946924, 'num_leaves': 66, 'feature_fraction': 0.6136262795447212, 'bagging_fraction': 0.9835429011897561, 'bagging_freq': 12, 'min_child_samples': 96}. Best is trial 66 with value: 0.822118700807119.
[I 2025-04-08 00:39:48,095] Trial 246 finished with value: 0.818471007501832 and parameters: {'lambda_l1': 2.9049132420046712e-08, 'lambda_l2': 79.2989133445975, 'num_leaves': 64, 'feature_fraction': 0.6170415760164193, 'bagging_fraction': 0.9809161349843285, 'bagging_freq': 14, 'min_child_samples': 94}. Best is trial 66 with value: 0.822118700807119.
[I 2025-04-08 00:39:51,077] Trial 247 finished with value: 0.8214898402807431 and parameters: {'lambda_l1': 5.590709627313498e-08, 'lambda_l2': 12.71101428542252, 'num_leaves': 60, 'feature_fraction': 0.6545034832568749, 'bagging_fraction': 0.9708150262611557, 'bagging_freq': 13, 'min_child_samples': 95}. Best is trial 66 with value: 0.822118700807119.
[I 2025-04-08 00:39:53,255] Trial 248 finished with value: 0.820483480681333 and parameters: {'lambda_l1': 4.907500318426061e-08, 'lambda_l2': 13.849306902846369, 'num_leaves': 61, 'feature_fraction': 0.6592114975983636, 'bagging_fraction': 0.944276835722794, 'bagging_freq': 13, 'min_child_samples': 94}. Best is trial 66 with value: 0.822118700807119.
[I 2025-04-08 00:39:55,279] Trial 249 finished with value: 0.8203996935302191 and parameters: {'lambda_l1': 2.3177380387634075e-08, 'lambda_l2': 35.38588564558629, 'num_leaves': 59, 'feature_fraction': 0.649275352232263, 'bagging_fraction': 0.9629561273435705, 'bagging_freq': 13, 'min_child_samples': 98}. Best is trial 66 with value: 0.822118700807119.
[I 2025-04-08 00:39:57,182] Trial 250 finished with value: 0.8210286067750208 and parameters: {'lambda_l1': 5.89203778438203e-08, 'lambda_l2': 24.016269601692937, 'num_leaves': 52, 'feature_fraction': 0.6811694025193169, 'bagging_fraction': 0.969898870985622, 'bagging_freq': 13, 'min_child_samples': 96}. Best is trial 66 with value: 0.822118700807119.
[I 2025-04-08 00:39:59,582] Trial 251 finished with value: 0.8198547080189998 and parameters: {'lambda_l1': 4.047218017936348e-08, 'lambda_l2': 20.933474847875537, 'num_leaves': 52, 'feature_fraction': 0.6748260887045816, 'bagging_fraction': 0.9739541676578466, 'bagging_freq': 13, 'min_child_samples': 95}. Best is trial 66 with value: 0.822118700807119.
[I 2025-04-08 00:40:01,651] Trial 252 finished with value: 0.8200644394889125 and parameters: {'lambda_l1': 1.1182411855927525e-08, 'lambda_l2': 11.873858138958216, 'num_leaves': 56, 'feature_fraction': 0.6978391886179965, 'bagging_fraction': 0.9677019845917844, 'bagging_freq': 13, 'min_child_samples': 93}. Best is trial 66 with value: 0.822118700807119.
[I 2025-04-08 00:40:03,818] Trial 253 finished with value: 0.8201063154916609 and parameters: {'lambda_l1': 7.608617905810569e-08, 'lambda_l2': 9.091357062922619, 'num_leaves': 50, 'feature_fraction': 0.6815507741746094, 'bagging_fraction': 0.976500614009495, 'bagging_freq': 13, 'min_child_samples': 97}. Best is trial 66 with value: 0.822118700807119.
[I 2025-04-08 00:40:06,759] Trial 254 finished with value: 0.8213218090854936 and parameters: {'lambda_l1': 2.181188494434353e-08, 'lambda_l2': 27.170768759912686, 'num_leaves': 122, 'feature_fraction': 0.6587978474826957, 'bagging_fraction': 0.956156740725482, 'bagging_freq': 14, 'min_child_samples': 99}. Best is trial 66 with value: 0.822118700807119.
[I 2025-04-08 00:40:10,147] Trial 255 finished with value: 0.8195193485408419 and parameters: {'lambda_l1': 1.9026312690905516e-08, 'lambda_l2': 49.23703773962071, 'num_leaves': 104, 'feature_fraction': 0.6529061637417831, 'bagging_fraction': 0.9641705503348937, 'bagging_freq': 14, 'min_child_samples': 49}. Best is trial 66 with value: 0.822118700807119.
[I 2025-04-08 00:40:12,027] Trial 256 finished with value: 0.8201062803460438 and parameters: {'lambda_l1': 1.11094129126806e-08, 'lambda_l2': 19.293874596165736, 'num_leaves': 47, 'feature_fraction': 0.6339264157785256, 'bagging_fraction': 0.9998285041603566, 'bagging_freq': 14, 'min_child_samples': 97}. Best is trial 66 with value: 0.822118700807119.
[I 2025-04-08 00:40:15,015] Trial 257 finished with value: 0.8199802833088192 and parameters: {'lambda_l1': 6.020718558536733e-08, 'lambda_l2': 30.362641771902975, 'num_leaves': 122, 'feature_fraction': 0.6925127287877446, 'bagging_fraction': 0.9839383070349567, 'bagging_freq': 14, 'min_child_samples': 92}. Best is trial 66 with value: 0.822118700807119.
[I 2025-04-08 00:40:18,364] Trial 258 finished with value: 0.8203995880933679 and parameters: {'lambda_l1': 2.9132897027219884e-08, 'lambda_l2': 25.85180288721116, 'num_leaves': 118, 'feature_fraction': 0.665111136996615, 'bagging_fraction': 0.9789044049083616, 'bagging_freq': 13, 'min_child_samples': 52}. Best is trial 66 with value: 0.822118700807119.
[I 2025-04-08 00:40:21,175] Trial 259 finished with value: 0.819141867040616 and parameters: {'lambda_l1': 1.4701703717163223e-08, 'lambda_l2': 68.35392727720637, 'num_leaves': 111, 'feature_fraction': 0.6836885823647904, 'bagging_fraction': 0.9532623264677833, 'bagging_freq': 14, 'min_child_samples': 100}. Best is trial 66 with value: 0.822118700807119.
[I 2025-04-08 00:40:23,102] Trial 260 finished with value: 0.8212382328080821 and parameters: {'lambda_l1': 4.6326956162396566e-08, 'lambda_l2': 13.524827956569759, 'num_leaves': 53, 'feature_fraction': 0.7192477017500859, 'bagging_fraction': 0.9688626065211446, 'bagging_freq': 13, 'min_child_samples': 96}. Best is trial 66 with value: 0.822118700807119.
[I 2025-04-08 00:40:25,051] Trial 261 finished with value: 0.8199385303157307 and parameters: {'lambda_l1': 6.4874123617416695e-09, 'lambda_l2': 13.4369503094007, 'num_leaves': 53, 'feature_fraction': 0.7205261659240186, 'bagging_fraction': 0.9872697053103182, 'bagging_freq': 13, 'min_child_samples': 91}. Best is trial 66 with value: 0.822118700807119.
[I 2025-04-08 00:40:27,205] Trial 262 finished with value: 0.819896584021748 and parameters: {'lambda_l1': 2.2783174767358413e-08, 'lambda_l2': 13.001160382439734, 'num_leaves': 61, 'feature_fraction': 0.7175886414516683, 'bagging_fraction': 0.9388490600373237, 'bagging_freq': 14, 'min_child_samples': 85}. Best is trial 66 with value: 0.822118700807119.
[I 2025-04-08 00:40:29,227] Trial 263 finished with value: 0.8191000437562932 and parameters: {'lambda_l1': 4.042011171893216e-08, 'lambda_l2': 6.104815079694001, 'num_leaves': 58, 'feature_fraction': 0.49621762159851535, 'bagging_fraction': 0.961153958174331, 'bagging_freq': 14, 'min_child_samples': 88}. Best is trial 66 with value: 0.822118700807119.
[I 2025-04-08 00:40:31,874] Trial 264 finished with value: 0.8189740994374943 and parameters: {'lambda_l1': 8.216975826234397e-08, 'lambda_l2': 39.90454151828785, 'num_leaves': 66, 'feature_fraction': 0.6309260449664169, 'bagging_fraction': 0.6965721169245414, 'bagging_freq': 13, 'min_child_samples': 54}. Best is trial 66 with value: 0.822118700807119.
[I 2025-04-08 00:40:33,718] Trial 265 finished with value: 0.8207352287364623 and parameters: {'lambda_l1': 1.7017131431022868e-08, 'lambda_l2': 1.2507915870263947e-07, 'num_leaves': 55, 'feature_fraction': 0.6434530990188515, 'bagging_fraction': 0.9812103865654567, 'bagging_freq': 14, 'min_child_samples': 80}. Best is trial 66 with value: 0.822118700807119.
[I 2025-04-08 00:40:33,972] A new study created in RDB with name: lightgbm-num_features-10
[I 2025-04-08 00:40:35,956] Trial 0 finished with value: 0.8191843053732377 and parameters: {'lambda_l1': 6.433841194172039e-09, 'lambda_l2': 0.7473109007872071, 'num_leaves': 60, 'feature_fraction': 0.5165991435695347, 'bagging_fraction': 0.9212724596489561, 'bagging_freq': 14, 'min_child_samples': 49}. Best is trial 0 with value: 0.8191843053732377.
[I 2025-04-08 00:40:37,318] Trial 1 finished with value: 0.8185551461091165 and parameters: {'lambda_l1': 0.29260973190355416, 'lambda_l2': 4.080411375699397e-08, 'num_leaves': 32, 'feature_fraction': 0.7876604726332492, 'bagging_fraction': 0.9848801646811105, 'bagging_freq': 13, 'min_child_samples': 4}. Best is trial 0 with value: 0.8191843053732377.
[I 2025-04-08 00:40:40,383] Trial 2 finished with value: 0.8168362091234508 and parameters: {'lambda_l1': 2.9566417145096734e-06, 'lambda_l2': 91.50466703314842, 'num_leaves': 113, 'feature_fraction': 0.9175626334341761, 'bagging_fraction': 0.7429141109423996, 'bagging_freq': 2, 'min_child_samples': 35}. Best is trial 0 with value: 0.8191843053732377.
[I 2025-04-08 00:40:43,492] Trial 3 finished with value: 0.8163746944527915 and parameters: {'lambda_l1': 1.0367772138883825e-09, 'lambda_l2': 0.04644705319307708, 'num_leaves': 86, 'feature_fraction': 0.8461926990714614, 'bagging_fraction': 0.4195679786880995, 'bagging_freq': 15, 'min_child_samples': 61}. Best is trial 0 with value: 0.8191843053732377.
