[I 2025-04-08 02:10:43,899] Trial 415 finished with value: 0.6671274959977929 and parameters: {'lambda_l1': 0.003882472268553575, 'lambda_l2': 3.9619417023811385, 'num_leaves': 25, 'feature_fraction': 0.9818662916959182, 'bagging_fraction': 0.9533803443472207, 'bagging_freq': 3, 'min_child_samples': 10}. Best is trial 300 with value: 0.6705654402603588.
=== Number of features: 14 ===

訓練集準確率: 0.8393912715381713
測試集準確率: 0.8165660630449363
10-fold CV 準確率:  0.8225378298635823

1  before_merged_pr_count            : 512
2  opening_pr_count                  : 430
3  before_pr_count                   : 429
4  user_account_age                  : 410
5  before_closed_pr_count            : 364
6  opened_pr_count_in_30_days        : 340
7  additions                         : 279
8  deletions                         : 157
9  nature                            : 145
10 changed_files                     : 136
11 commits                           : 132
12 description_quality               : 84
13 changes_quality                   : 68
14 user_type                         : 14

Removed feature: user_type

=== Number of features: 13 ===

訓練集準確率: 0.8354085439986585
測試集準確率: 0.812374245472837
10-fold CV 準確率:  0.8216574673013964

1. before_merged_pr_count: 422
2. opening_pr_count: 374
3. before_pr_count: 345
4. user_account_age: 330
5. opened_pr_count_in_30_days: 317
6. before_closed_pr_count: 300
7. additions: 218
8. deletions: 141
9. nature: 126
10. commits: 109
11. changed_files: 100
12. changes_quality: 60
13. description_quality: 58

Removed feature: description_quality

=== Number of features: 12 ===

訓練集準確率: 0.8351989267597367
測試集準確率: 0.812709590878605
10-fold CV 準確率:  0.8214058071103099

1. before_merged_pr_count: 463
2. opening_pr_count: 388
3. before_closed_pr_count: 368
4. before_pr_count: 335
5. user_account_age: 332
6. opened_pr_count_in_30_days: 297
7. additions: 191
8. deletions: 139
9. nature: 118
10. commits: 105
11. changed_files: 95
12. changes_quality: 69

Removed feature: changes_quality

=== Number of features: 11 ===

訓練集準確率: 0.8540644782626923
測試集準確率: 0.812709590878605
10-fold CV 準確率:  0.822118700807119

1. opening_pr_count: 872
2. before_merged_pr_count: 745
3. opened_pr_count_in_30_days: 717
4. before_closed_pr_count: 664
5. user_account_age: 644
6. before_pr_count: 611
7. additions: 565
8. deletions: 346
9. nature: 269
10. commits: 234
11. changed_files: 233

Removed feature: changed_files

=== Number of features: 10 ===

訓練集準確率: 0.8390558839558966
測試集準確率: 0.812541918175721
10-fold CV 準確率:  0.822621617014696

1. before_merged_pr_count: 544
2. before_pr_count: 502
3. before_closed_pr_count: 470
4. opening_pr_count: 459
5. opened_pr_count_in_30_days: 455
6. user_account_age: 435
7. additions: 339
8. deletions: 255
9. nature: 197
10. commits: 144

Removed feature: commits

=== Number of features: 9 ===

訓練集準確率: 0.8401039701505052
測試集準確率: 0.8098591549295775
10-fold CV 準確率:  0.8209446966142471

1. before_merged_pr_count: 874
2. opening_pr_count: 537
3. before_closed_pr_count: 533
4. opened_pr_count_in_30_days: 480
5. user_account_age: 475
6. deletions: 426
7. before_pr_count: 276
8. additions: 186
9. nature: 113

Removed feature: nature

=== Number of features: 8 ===

訓練集準確率: 0.8357439315809332
測試集準確率: 0.8101945003353455
10-fold CV 準確率:  0.8214059476927782

1. before_merged_pr_count: 694
2. user_account_age: 503
3. opened_pr_count_in_30_days: 458
4. additions: 401
5. before_closed_pr_count: 337
6. before_pr_count: 336
7. opening_pr_count: 327
8. deletions: 144

Removed feature: deletions

=== Number of features: 7 ===

訓練集準確率: 0.82857502200981
測試集準確率: 0.8078470824949698
10-fold CV 準確率:  0.8209027854658816

1. before_merged_pr_count: 486
2. opening_pr_count: 454
3. before_pr_count: 391
4. before_closed_pr_count: 350
5. user_account_age: 279
6. additions: 278
7. opened_pr_count_in_30_days: 262

Removed feature: opened_pr_count_in_30_days

=== Number of features: 6 ===

訓練集準確率: 0.8340669936695594
測試集準確率: 0.8085177733065056
10-fold CV 準確率:  0.8201902607980516

1. before_merged_pr_count: 1021
2. opening_pr_count: 962
3. user_account_age: 858
4. before_closed_pr_count: 794
5. before_pr_count: 700
6. additions: 545

Removed feature: additions

=== Number of features: 5 ===

訓練集準確率: 0.8330189074749508
測試集準確率: 0.8080147551978538
10-fold CV 準確率:  0.8195195066961187

1. before_merged_pr_count: 886
2. opening_pr_count: 841
3. user_account_age: 809
4. before_closed_pr_count: 795
5. before_pr_count: 769

Removed feature: before_pr_count

=== Number of features: 4 ===

訓練集準確率: 0.8324319792059699
測試集準確率: 0.8028169014084507
10-fold CV 準確率:  0.8175071389534689

1. before_closed_pr_count: 1070
2. opening_pr_count: 945
3. user_account_age: 916
4. before_merged_pr_count: 869

Removed feature: before_merged_pr_count

=== Number of features: 3 ===

訓練集準確率: 0.7289229866264202
測試集準確率: 0.6842723004694836
10-fold CV 準確率:  0.6903953881921271

1. user_account_age: 1587
2. opening_pr_count: 1472
3. before_closed_pr_count: 1341

Removed feature: before_closed_pr_count

=== Number of features: 2 ===

訓練集準確率: 0.6951326877122375
測試集準確率: 0.6651576123407109
10-fold CV 準確率:  0.6705654402603588

1. opening_pr_count: 1662
2. user_account_age: 1638

Removed feature: user_account_age

=== Final Result ===
訓練集準確率:  {'init': 0.8393912715381713, 13: 0.8354085439986585, 12: 0.8351989267597367, 11: 0.8540644782626923, 10: 0.8390558839558966, 9: 0.8401039701505052, 8: 0.8357439315809332, 7: 0.82857502200981, 6: 0.8340669936695594, 5: 0.8330189074749508, 4: 0.8324319792059699, 3: 0.7289229866264202, 2: 0.6951326877122375}
測試集準確率:  {'init': 0.8165660630449363, 13: 0.812374245472837, 12: 0.812709590878605, 11: 0.812709590878605, 10: 0.812541918175721, 9: 0.8098591549295775, 8: 0.8101945003353455, 7: 0.8078470824949698, 6: 0.8085177733065056, 5: 0.8080147551978538, 4: 0.8028169014084507, 3: 0.6842723004694836, 2: 0.6651576123407109}
10-fold CV 準確率:  {'init': 0.8225378298635823, 13: 0.8216574673013964, 12: 0.8214058071103099, 11: 0.822118700807119, 10: 0.822621617014696, 9: 0.8209446966142471, 8: 0.8214059476927782, 7: 0.8209027854658816, 6: 0.8201902607980516, 5: 0.8195195066961187, 4: 0.8175071389534689, 3: 0.6903953881921271, 2: 0.6705654402603588}

特徵重要性表:  {'init': [('before_merged_pr_count', 512), ('opening_pr_count', 430), ('before_pr_count', 429), ('user_account_age', 410), ('before_closed_pr_count', 364), ('opened_pr_count_in_30_days', 340), ('additions', 279), ('deletions', 157), ('nature', 145), ('changed_files', 136), ('commits', 132), ('description_quality', 84), ('changes_quality', 68), ('user_type', 14)], 13: [('before_merged_pr_count', 422), ('opening_pr_count', 374), ('before_pr_count', 345), ('user_account_age', 330), ('opened_pr_count_in_30_days', 317), ('before_closed_pr_count', 300), ('additions', 218), ('deletions', 141), ('nature', 126), ('commits', 109), ('changed_files', 100), ('changes_quality', 60), ('description_quality', 58)], 12: [('before_merged_pr_count', 463), ('opening_pr_count', 388), ('before_closed_pr_count', 368), ('before_pr_count', 335), ('user_account_age', 332), ('opened_pr_count_in_30_days', 297), ('additions', 191), ('deletions', 139), ('nature', 118), ('commits', 105), ('changed_files', 95), ('changes_quality', 69)], 11: [('opening_pr_count', 872), ('before_merged_pr_count', 745), ('opened_pr_count_in_30_days', 717), ('before_closed_pr_count', 664), ('user_account_age', 644), ('before_pr_count', 611), ('additions', 565), ('deletions', 346), ('nature', 269), ('commits', 234), ('changed_files', 233)], 10: [('before_merged_pr_count', 544), ('before_pr_count', 502), ('before_closed_pr_count', 470), ('opening_pr_count', 459), ('opened_pr_count_in_30_days', 455), ('user_account_age', 435), ('additions', 339), ('deletions', 255), ('nature', 197), ('commits', 144)], 9: [('before_merged_pr_count', 874), ('opening_pr_count', 537), ('before_closed_pr_count', 533), ('opened_pr_count_in_30_days', 480), ('user_account_age', 475), ('deletions', 426), ('before_pr_count', 276), ('additions', 186), ('nature', 113)], 8: [('before_merged_pr_count', 694), ('user_account_age', 503), ('opened_pr_count_in_30_days', 458), ('additions', 401), ('before_closed_pr_count', 337), ('before_pr_count', 336), ('opening_pr_count', 327), ('deletions', 144)], 7: [('before_merged_pr_count', 486), ('opening_pr_count', 454), ('before_pr_count', 391), ('before_closed_pr_count', 350), ('user_account_age', 279), ('additions', 278), ('opened_pr_count_in_30_days', 262)], 6: [('before_merged_pr_count', 1021), ('opening_pr_count', 962), ('user_account_age', 858), ('before_closed_pr_count', 794), ('before_pr_count', 700), ('additions', 545)], 5: [('before_merged_pr_count', 886), ('opening_pr_count', 841), ('user_account_age', 809), ('before_closed_pr_count', 795), ('before_pr_count', 769)], 4: [('before_closed_pr_count', 1070), ('opening_pr_count', 945), ('user_account_age', 916), ('before_merged_pr_count', 869)], 3: [('user_account_age', 1587), ('opening_pr_count', 1472), ('before_closed_pr_count', 1341)], 2: [('opening_pr_count', 1662), ('user_account_age', 1638)]}
Traceback (most recent call last):
  File "/root/cs5483-project/stages/data-mining/./src/65-recursive-feature-elimination/lightgbm/main.py", line 167, in <module>
    f.write(json.dumps(table, indent=4) + "\n")
            ^^^^^^^^^^^^^^^^^^^^^^^^^^^
  File "/usr/lib/python3.11/json/__init__.py", line 238, in dumps
    **kw).encode(obj)
          ^^^^^^^^^^^
  File "/usr/lib/python3.11/json/encoder.py", line 202, in encode
    chunks = list(chunks)
             ^^^^^^^^^^^^
  File "/usr/lib/python3.11/json/encoder.py", line 430, in _iterencode
    yield from _iterencode_list(o, _current_indent_level)
  File "/usr/lib/python3.11/json/encoder.py", line 326, in _iterencode_list
    yield from chunks
  File "/usr/lib/python3.11/json/encoder.py", line 326, in _iterencode_list
    yield from chunks
  File "/usr/lib/python3.11/json/encoder.py", line 439, in _iterencode
    o = _default(o)
        ^^^^^^^^^^^
  File "/usr/lib/python3.11/json/encoder.py", line 180, in default
    raise TypeError(f'Object of type {o.__class__.__name__} '
TypeError: Object of type int32 is not JSON serializable
