[I 2025-04-08 01:16:09,613] Trial 211 finished with value: 0.818177770045742 and parameters: {'lambda_l1': 0.0008609472939413547, 'lambda_l2': 6.547112954134127e-08, 'num_leaves': 32, 'feature_fraction': 0.4208337844773781, 'bagging_fraction': 0.8310256554596138, 'bagging_freq': 13, 'min_child_samples': 31}. Best is trial 179 with value: 0.8209027854658816.
[I 2025-04-08 01:16:11,190] Trial 212 finished with value: 0.8180521420374968 and parameters: {'lambda_l1': 0.0002309183124581966, 'lambda_l2': 2.101530187660702e-07, 'num_leaves': 28, 'feature_fraction': 0.5921647656494198, 'bagging_fraction': 0.8455254960724276, 'bagging_freq': 13, 'min_child_samples': 117}. Best is trial 179 with value: 0.8209027854658816.
[I 2025-04-08 01:16:12,820] Trial 213 finished with value: 0.8192261638031775 and parameters: {'lambda_l1': 0.0005840467772299197, 'lambda_l2': 1.184971552822395e-07, 'num_leaves': 39, 'feature_fraction': 0.41332826666191436, 'bagging_fraction': 0.820636511376643, 'bagging_freq': 14, 'min_child_samples': 125}. Best is trial 179 with value: 0.8209027854658816.
[I 2025-04-08 01:16:14,260] Trial 214 finished with value: 0.818135911615802 and parameters: {'lambda_l1': 0.000488928487501271, 'lambda_l2': 3.1871849266702555e-08, 'num_leaves': 39, 'feature_fraction': 0.43431892362630375, 'bagging_fraction': 0.814763703331863, 'bagging_freq': 13, 'min_child_samples': 118}. Best is trial 179 with value: 0.8209027854658816.
[I 2025-04-08 01:16:15,586] Trial 215 finished with value: 0.8189324518812571 and parameters: {'lambda_l1': 0.0001745292912449697, 'lambda_l2': 8.446875620609119e-08, 'num_leaves': 35, 'feature_fraction': 0.40073567550969175, 'bagging_fraction': 0.8210693486287143, 'bagging_freq': 15, 'min_child_samples': 121}. Best is trial 179 with value: 0.8209027854658816.
[I 2025-04-08 01:16:17,187] Trial 216 finished with value: 0.8184292720815518 and parameters: {'lambda_l1': 0.000662871984110738, 'lambda_l2': 5.265169045448376e-09, 'num_leaves': 45, 'feature_fraction': 0.4118906450927242, 'bagging_fraction': 0.788637352003773, 'bagging_freq': 13, 'min_child_samples': 125}. Best is trial 179 with value: 0.8209027854658816.
[I 2025-04-08 01:16:18,599] Trial 217 finished with value: 0.8185551988275421 and parameters: {'lambda_l1': 0.0003156416746836068, 'lambda_l2': 1.2974254007148003e-08, 'num_leaves': 40, 'feature_fraction': 0.4579699662389517, 'bagging_fraction': 0.8038768783422242, 'bagging_freq': 14, 'min_child_samples': 121}. Best is trial 179 with value: 0.8209027854658816.
[I 2025-04-08 01:16:20,050] Trial 218 finished with value: 0.8175911018326681 and parameters: {'lambda_l1': 0.005993247823712583, 'lambda_l2': 2.2095353645633884e-08, 'num_leaves': 37, 'feature_fraction': 0.43344570307497576, 'bagging_fraction': 0.8305992835547555, 'bagging_freq': 16, 'min_child_samples': 124}. Best is trial 179 with value: 0.8209027854658816.
[I 2025-04-08 01:16:22,058] Trial 219 finished with value: 0.8193099685270999 and parameters: {'lambda_l1': 0.002549625654225114, 'lambda_l2': 2.89186475320699e-09, 'num_leaves': 34, 'feature_fraction': 0.4241249552842125, 'bagging_fraction': 0.865464554720383, 'bagging_freq': 14, 'min_child_samples': 114}. Best is trial 179 with value: 0.8209027854658816.
[I 2025-04-08 01:16:23,606] Trial 220 finished with value: 0.8175070335166177 and parameters: {'lambda_l1': 0.002593511456115736, 'lambda_l2': 2.715422850502958e-09, 'num_leaves': 35, 'feature_fraction': 0.423604756922216, 'bagging_fraction': 0.8841417436952675, 'bagging_freq': 15, 'min_child_samples': 114}. Best is trial 179 with value: 0.8209027854658816.
[I 2025-04-08 01:16:25,009] Trial 221 finished with value: 0.8191419900502759 and parameters: {'lambda_l1': 0.0019100243930579778, 'lambda_l2': 1.5604767836503492e-09, 'num_leaves': 31, 'feature_fraction': 0.4123593731330149, 'bagging_fraction': 0.8638890078498617, 'bagging_freq': 14, 'min_child_samples': 62}. Best is trial 179 with value: 0.8209027854658816.
[I 2025-04-08 01:16:26,489] Trial 222 finished with value: 0.8183037495101579 and parameters: {'lambda_l1': 0.001752921698386252, 'lambda_l2': 1.8293216278667943e-09, 'num_leaves': 31, 'feature_fraction': 0.4116652188969152, 'bagging_fraction': 0.868345223258334, 'bagging_freq': 14, 'min_child_samples': 62}. Best is trial 179 with value: 0.8209027854658816.
[I 2025-04-08 01:16:28,004] Trial 223 finished with value: 0.8175909788230082 and parameters: {'lambda_l1': 0.003110628626114559, 'lambda_l2': 2.7121595681466466e-09, 'num_leaves': 33, 'feature_fraction': 0.42184540284531247, 'bagging_fraction': 0.8416641734631033, 'bagging_freq': 14, 'min_child_samples': 61}. Best is trial 179 with value: 0.8209027854658816.
[I 2025-04-08 01:16:29,586] Trial 224 finished with value: 0.8175489622377917 and parameters: {'lambda_l1': 0.0007527924194655247, 'lambda_l2': 4.426202838046784e-09, 'num_leaves': 38, 'feature_fraction': 0.40829723081892405, 'bagging_fraction': 0.8624522914590101, 'bagging_freq': 14, 'min_child_samples': 117}. Best is trial 179 with value: 0.8209027854658816.
[I 2025-04-08 01:16:31,808] Trial 225 finished with value: 0.818177963346636 and parameters: {'lambda_l1': 0.004243279872988006, 'lambda_l2': 1.1488454834951259e-09, 'num_leaves': 42, 'feature_fraction': 0.4282674009390539, 'bagging_fraction': 0.879311523641894, 'bagging_freq': 14, 'min_child_samples': 58}. Best is trial 179 with value: 0.8209027854658816.
[I 2025-04-08 01:16:33,083] Trial 226 finished with value: 0.8192258650654324 and parameters: {'lambda_l1': 0.0017609748603373972, 'lambda_l2': 7.512205927408687e-09, 'num_leaves': 31, 'feature_fraction': 0.40044811321577767, 'bagging_fraction': 0.8924726205608885, 'bagging_freq': 15, 'min_child_samples': 114}. Best is trial 179 with value: 0.8209027854658816.
[I 2025-04-08 01:16:34,375] Trial 227 finished with value: 0.8185551812547336 and parameters: {'lambda_l1': 0.002074457414114359, 'lambda_l2': 6.805547174908128e-09, 'num_leaves': 33, 'feature_fraction': 0.41048555944371895, 'bagging_fraction': 0.8987858329384817, 'bagging_freq': 15, 'min_child_samples': 107}. Best is trial 179 with value: 0.8209027854658816.
[I 2025-04-08 01:16:35,841] Trial 228 finished with value: 0.8183038725198177 and parameters: {'lambda_l1': 0.0059238427330130464, 'lambda_l2': 3.0599542032188795e-09, 'num_leaves': 35, 'feature_fraction': 0.40097297474888666, 'bagging_fraction': 0.9076281680439614, 'bagging_freq': 15, 'min_child_samples': 68}. Best is trial 179 with value: 0.8209027854658816.
[I 2025-04-08 01:16:37,272] Trial 229 finished with value: 0.8184292896543605 and parameters: {'lambda_l1': 0.00113895027462126, 'lambda_l2': 1.1039896567507535e-09, 'num_leaves': 30, 'feature_fraction': 0.42001010082177387, 'bagging_fraction': 0.8925238616330758, 'bagging_freq': 15, 'min_child_samples': 64}. Best is trial 179 with value: 0.8209027854658816.
[I 2025-04-08 01:16:38,761] Trial 230 finished with value: 0.8184712535211516 and parameters: {'lambda_l1': 0.0016167394083287968, 'lambda_l2': 7.336800489679397e-09, 'num_leaves': 36, 'feature_fraction': 0.4395579292507042, 'bagging_fraction': 0.8795907066622892, 'bagging_freq': 15, 'min_child_samples': 113}. Best is trial 179 with value: 0.8209027854658816.
[I 2025-04-08 01:16:40,017] Trial 231 finished with value: 0.8191002722028043 and parameters: {'lambda_l1': 0.0004249142265190896, 'lambda_l2': 1.9648916077159068e-09, 'num_leaves': 31, 'feature_fraction': 0.4134076728882803, 'bagging_fraction': 0.8353557280201735, 'bagging_freq': 14, 'min_child_samples': 115}. Best is trial 179 with value: 0.8209027854658816.
[I 2025-04-08 01:16:41,208] Trial 232 finished with value: 0.8196031181191472 and parameters: {'lambda_l1': 0.0004221312477817846, 'lambda_l2': 1.9938177930034985e-09, 'num_leaves': 29, 'feature_fraction': 0.41520947545757303, 'bagging_fraction': 0.8566483328609894, 'bagging_freq': 14, 'min_child_samples': 115}. Best is trial 179 with value: 0.8209027854658816.
[I 2025-04-08 01:16:43,135] Trial 233 finished with value: 0.8191421657783613 and parameters: {'lambda_l1': 0.000458420040416821, 'lambda_l2': 1.7151348080258979e-09, 'num_leaves': 33, 'feature_fraction': 0.4247627175050262, 'bagging_fraction': 0.8685274356368979, 'bagging_freq': 14, 'min_child_samples': 114}. Best is trial 179 with value: 0.8209027854658816.
[I 2025-04-08 01:16:44,609] Trial 234 finished with value: 0.8193937381054053 and parameters: {'lambda_l1': 0.00041329330214551614, 'lambda_l2': 2.023470516212036e-09, 'num_leaves': 33, 'feature_fraction': 0.4000427194046492, 'bagging_fraction': 0.8676920045987377, 'bagging_freq': 14, 'min_child_samples': 115}. Best is trial 179 with value: 0.8209027854658816.
[I 2025-04-08 01:16:45,941] Trial 235 finished with value: 0.8197710965959712 and parameters: {'lambda_l1': 0.00039408861011094767, 'lambda_l2': 1.8145939164662746e-09, 'num_leaves': 33, 'feature_fraction': 0.4008965413156394, 'bagging_fraction': 0.8697420390128727, 'bagging_freq': 14, 'min_child_samples': 116}. Best is trial 179 with value: 0.8209027854658816.
[I 2025-04-08 01:16:47,283] Trial 236 finished with value: 0.8191000613291018 and parameters: {'lambda_l1': 0.0003808603145485408, 'lambda_l2': 1.8334278715337365e-09, 'num_leaves': 33, 'feature_fraction': 0.40252950821170985, 'bagging_fraction': 0.8655939136634765, 'bagging_freq': 14, 'min_child_samples': 115}. Best is trial 179 with value: 0.8209027854658816.
[I 2025-04-08 01:16:48,542] Trial 237 finished with value: 0.8185971626943334 and parameters: {'lambda_l1': 0.0003728631264726195, 'lambda_l2': 1.6114941601798873e-09, 'num_leaves': 31, 'feature_fraction': 0.41148098182431314, 'bagging_fraction': 0.9157576387937942, 'bagging_freq': 14, 'min_child_samples': 113}. Best is trial 179 with value: 0.8209027854658816.
[I 2025-04-08 01:16:49,946] Trial 238 finished with value: 0.8183874839428462 and parameters: {'lambda_l1': 0.00024167922823996088, 'lambda_l2': 2.2145578326808364e-09, 'num_leaves': 34, 'feature_fraction': 0.40235295510138885, 'bagging_fraction': 0.8926270785910317, 'bagging_freq': 14, 'min_child_samples': 115}. Best is trial 179 with value: 0.8209027854658816.
[I 2025-04-08 01:16:51,304] Trial 239 finished with value: 0.8190582204719705 and parameters: {'lambda_l1': 0.0005469811690106176, 'lambda_l2': 1.0405259237132937e-09, 'num_leaves': 29, 'feature_fraction': 0.40130886678990807, 'bagging_fraction': 0.8609715727656547, 'bagging_freq': 14, 'min_child_samples': 110}. Best is trial 179 with value: 0.8209027854658816.
[I 2025-04-08 01:16:53,503] Trial 240 finished with value: 0.8191840417811097 and parameters: {'lambda_l1': 0.0001594307161206828, 'lambda_l2': 4.359961654992545e-09, 'num_leaves': 39, 'feature_fraction': 0.41453554438264795, 'bagging_fraction': 0.872128893356394, 'bagging_freq': 14, 'min_child_samples': 116}. Best is trial 179 with value: 0.8209027854658816.
[I 2025-04-08 01:16:54,486] Trial 241 finished with value: 0.8062300350928986 and parameters: {'lambda_l1': 35.58823327637141, 'lambda_l2': 3.7202679843624216e-09, 'num_leaves': 39, 'feature_fraction': 0.41287578576409967, 'bagging_fraction': 0.8744375281002721, 'bagging_freq': 14, 'min_child_samples': 116}. Best is trial 179 with value: 0.8209027854658816.
[I 2025-04-08 01:16:56,310] Trial 242 finished with value: 0.8188907691794025 and parameters: {'lambda_l1': 0.00016635186743704732, 'lambda_l2': 2.0006943153744427e-09, 'num_leaves': 42, 'feature_fraction': 0.4005303509628281, 'bagging_fraction': 0.8823706936771186, 'bagging_freq': 14, 'min_child_samples': 112}. Best is trial 179 with value: 0.8209027854658816.
[I 2025-04-08 01:16:57,875] Trial 243 finished with value: 0.819183989062684 and parameters: {'lambda_l1': 0.00012245558322312322, 'lambda_l2': 3.776895902202065e-09, 'num_leaves': 36, 'feature_fraction': 0.4272132175361651, 'bagging_fraction': 0.860478493668469, 'bagging_freq': 14, 'min_child_samples': 117}. Best is trial 179 with value: 0.8209027854658816.
[I 2025-04-08 01:16:59,344] Trial 244 finished with value: 0.8188068765914375 and parameters: {'lambda_l1': 7.90530780290721e-05, 'lambda_l2': 4.1810321180491395e-09, 'num_leaves': 36, 'feature_fraction': 0.4288233557152755, 'bagging_fraction': 0.8637195769355294, 'bagging_freq': 14, 'min_child_samples': 115}. Best is trial 179 with value: 0.8209027854658816.
[I 2025-04-08 01:17:00,827] Trial 245 finished with value: 0.8181360346254619 and parameters: {'lambda_l1': 0.0004295847182082473, 'lambda_l2': 1.0035339399620758e-09, 'num_leaves': 39, 'feature_fraction': 0.41953806885479805, 'bagging_fraction': 0.8591983962527808, 'bagging_freq': 14, 'min_child_samples': 113}. Best is trial 179 with value: 0.8209027854658816.
[I 2025-04-08 01:17:02,209] Trial 246 finished with value: 0.8182614166143874 and parameters: {'lambda_l1': 0.00011558540365856865, 'lambda_l2': 5.011295646325675e-09, 'num_leaves': 34, 'feature_fraction': 0.430611885887232, 'bagging_fraction': 0.8506695501767536, 'bagging_freq': 14, 'min_child_samples': 117}. Best is trial 179 with value: 0.8209027854658816.
[I 2025-04-08 01:17:04,229] Trial 247 finished with value: 0.8188068063002033 and parameters: {'lambda_l1': 0.00015907177196435344, 'lambda_l2': 1.813381378087869e-09, 'num_leaves': 37, 'feature_fraction': 0.4170794323597913, 'bagging_fraction': 0.8557638125428326, 'bagging_freq': 14, 'min_child_samples': 111}. Best is trial 179 with value: 0.8209027854658816.
[I 2025-04-08 01:17:06,083] Trial 248 finished with value: 0.817255636917659 and parameters: {'lambda_l1': 0.00030499564676675584, 'lambda_l2': 3.2894933004937253e-09, 'num_leaves': 47, 'feature_fraction': 0.43827201835250074, 'bagging_fraction': 0.8937467229119156, 'bagging_freq': 15, 'min_child_samples': 118}. Best is trial 179 with value: 0.8209027854658816.
[I 2025-04-08 01:17:07,499] Trial 249 finished with value: 0.8188068238730117 and parameters: {'lambda_l1': 0.0005642184742591126, 'lambda_l2': 5.5240635516451125e-09, 'num_leaves': 31, 'feature_fraction': 0.4142447829926032, 'bagging_fraction': 0.8453388667251032, 'bagging_freq': 14, 'min_child_samples': 114}. Best is trial 179 with value: 0.8209027854658816.
[I 2025-04-08 01:17:08,990] Trial 250 finished with value: 0.8180521244646883 and parameters: {'lambda_l1': 5.74203355301711e-05, 'lambda_l2': 2.9605082058485085e-09, 'num_leaves': 42, 'feature_fraction': 0.425340051070973, 'bagging_fraction': 0.8693856352794582, 'bagging_freq': 14, 'min_child_samples': 54}. Best is trial 179 with value: 0.8209027854658816.
[I 2025-04-08 01:17:10,291] Trial 251 finished with value: 0.818974609048942 and parameters: {'lambda_l1': 0.0002271097093325589, 'lambda_l2': 1.382533324212482e-08, 'num_leaves': 33, 'feature_fraction': 0.40070568397896394, 'bagging_fraction': 0.8873315728635002, 'bagging_freq': 14, 'min_child_samples': 116}. Best is trial 179 with value: 0.8209027854658816.
[I 2025-04-08 01:17:11,742] Trial 252 finished with value: 0.8180940356130538 and parameters: {'lambda_l1': 0.00012667891610186345, 'lambda_l2': 1.5930929787994025e-09, 'num_leaves': 40, 'feature_fraction': 0.42979224236143243, 'bagging_fraction': 0.8232922509120589, 'bagging_freq': 10, 'min_child_samples': 108}. Best is trial 179 with value: 0.8209027854658816.
[I 2025-04-08 01:17:13,535] Trial 253 finished with value: 0.8188068941642459 and parameters: {'lambda_l1': 0.0007538718670964233, 'lambda_l2': 1.0020137835322069e-08, 'num_leaves': 35, 'feature_fraction': 0.41216870422069096, 'bagging_fraction': 0.8400599295654696, 'bagging_freq': 15, 'min_child_samples': 111}. Best is trial 179 with value: 0.8209027854658816.
[I 2025-04-08 01:17:14,997] Trial 254 finished with value: 0.8196871512895806 and parameters: {'lambda_l1': 0.0003883505124641251, 'lambda_l2': 4.519485475961392e-09, 'num_leaves': 31, 'feature_fraction': 0.44187290113415423, 'bagging_fraction': 0.8576152120458469, 'bagging_freq': 14, 'min_child_samples': 117}. Best is trial 179 with value: 0.8209027854658816.
[I 2025-04-08 01:17:16,305] Trial 255 finished with value: 0.8182618735074095 and parameters: {'lambda_l1': 0.00028639781837398417, 'lambda_l2': 4.640502152659178e-09, 'num_leaves': 25, 'feature_fraction': 0.44491776310183506, 'bagging_fraction': 0.8702242258355392, 'bagging_freq': 14, 'min_child_samples': 118}. Best is trial 179 with value: 0.8209027854658816.
[I 2025-04-08 01:17:18,107] Trial 256 finished with value: 0.8186809146998302 and parameters: {'lambda_l1': 0.00086782639748649, 'lambda_l2': 6.125036671269395e-09, 'num_leaves': 37, 'feature_fraction': 0.440404743719534, 'bagging_fraction': 0.859548584333374, 'bagging_freq': 7, 'min_child_samples': 119}. Best is trial 179 with value: 0.8209027854658816.
[I 2025-04-08 01:17:20,338] Trial 257 finished with value: 0.8168361915506421 and parameters: {'lambda_l1': 0.0004589910884612551, 'lambda_l2': 1.779347468910465e-08, 'num_leaves': 67, 'feature_fraction': 0.42651029295456055, 'bagging_fraction': 0.882609339117454, 'bagging_freq': 16, 'min_child_samples': 38}. Best is trial 179 with value: 0.8209027854658816.
[I 2025-04-08 01:17:21,453] Trial 258 finished with value: 0.8178004818464102 and parameters: {'lambda_l1': 7.437949187058278e-05, 'lambda_l2': 2.7508444006224866e-09, 'num_leaves': 28, 'feature_fraction': 0.44984598558549166, 'bagging_fraction': 0.5896244278458587, 'bagging_freq': 15, 'min_child_samples': 109}. Best is trial 179 with value: 0.8209027854658816.
[I 2025-04-08 01:17:23,045] Trial 259 finished with value: 0.81641729094069 and parameters: {'lambda_l1': 0.00017923177852372042, 'lambda_l2': 8.243839385163534e-09, 'num_leaves': 45, 'feature_fraction': 0.8239462891319482, 'bagging_fraction': 0.8555130016986697, 'bagging_freq': 14, 'min_child_samples': 113}. Best is trial 179 with value: 0.8209027854658816.
[I 2025-04-08 01:17:24,669] Trial 260 finished with value: 0.8185132525335597 and parameters: {'lambda_l1': 0.000638931419872922, 'lambda_l2': 3.7616986578638505e-09, 'num_leaves': 32, 'feature_fraction': 0.4321692467846567, 'bagging_fraction': 0.8720352650066178, 'bagging_freq': 14, 'min_child_samples': 118}. Best is trial 179 with value: 0.8209027854658816.
[I 2025-04-08 01:17:26,120] Trial 261 finished with value: 0.8190163971876476 and parameters: {'lambda_l1': 0.000123864789307379, 'lambda_l2': 1.0065190316882543e-09, 'num_leaves': 35, 'feature_fraction': 0.4004652134040547, 'bagging_fraction': 0.9056331300500472, 'bagging_freq': 15, 'min_child_samples': 112}. Best is trial 179 with value: 0.8209027854658816.
[I 2025-04-08 01:17:27,619] Trial 262 finished with value: 0.8168783135727102 and parameters: {'lambda_l1': 0.011659260023576543, 'lambda_l2': 1.5916031102065596e-09, 'num_leaves': 29, 'feature_fraction': 0.6711150069721625, 'bagging_fraction': 0.8534351792825751, 'bagging_freq': 14, 'min_child_samples': 105}. Best is trial 179 with value: 0.8209027854658816.
[I 2025-04-08 01:17:29,234] Trial 263 finished with value: 0.8188487701669944 and parameters: {'lambda_l1': 0.0011258035586369586, 'lambda_l2': 4.820447354115026e-09, 'num_leaves': 38, 'feature_fraction': 0.4181173960239119, 'bagging_fraction': 0.8833937160422526, 'bagging_freq': 15, 'min_child_samples': 116}. Best is trial 179 with value: 0.8209027854658816.
[I 2025-04-08 01:17:30,558] Trial 264 finished with value: 0.8186809849910641 and parameters: {'lambda_l1': 0.0003040524508554228, 'lambda_l2': 4.020194589326688e-06, 'num_leaves': 32, 'feature_fraction': 0.43866417972165656, 'bagging_fraction': 0.8662377252161639, 'bagging_freq': 14, 'min_child_samples': 108}. Best is trial 179 with value: 0.8209027854658816.
[I 2025-04-08 01:17:31,672] Trial 265 finished with value: 0.816710563542397 and parameters: {'lambda_l1': 0.00045209809366387923, 'lambda_l2': 1.0789868672384359e-08, 'num_leaves': 26, 'feature_fraction': 0.7745115056825871, 'bagging_fraction': 0.8446691508148086, 'bagging_freq': 13, 'min_child_samples': 114}. Best is trial 179 with value: 0.8209027854658816.
[I 2025-04-08 01:17:32,866] Trial 266 finished with value: 0.817884339288758 and parameters: {'lambda_l1': 0.0008820807725237635, 'lambda_l2': 3.477193062834514e-08, 'num_leaves': 24, 'feature_fraction': 0.4209890709249406, 'bagging_fraction': 0.8283936125401058, 'bagging_freq': 14, 'min_child_samples': 120}. Best is trial 179 with value: 0.8209027854658816.
[I 2025-04-08 01:17:34,717] Trial 267 finished with value: 0.8182197690581502 and parameters: {'lambda_l1': 0.00017604687774024468, 'lambda_l2': 2.738334123567317e-09, 'num_leaves': 29, 'feature_fraction': 0.4116087299088035, 'bagging_fraction': 0.8116093113583983, 'bagging_freq': 15, 'min_child_samples': 117}. Best is trial 179 with value: 0.8209027854658816.
[I 2025-04-08 01:17:36,045] Trial 268 finished with value: 0.818890716460977 and parameters: {'lambda_l1': 0.0002619390051308794, 'lambda_l2': 6.090117141240743e-08, 'num_leaves': 34, 'feature_fraction': 0.4294984080835522, 'bagging_fraction': 0.8495964718932463, 'bagging_freq': 14, 'min_child_samples': 110}. Best is trial 179 with value: 0.8209027854658816.
[I 2025-04-08 01:17:37,699] Trial 269 finished with value: 0.8184293775184033 and parameters: {'lambda_l1': 3.566598475980175e-05, 'lambda_l2': 5.657993750994383e-09, 'num_leaves': 39, 'feature_fraction': 0.4483003921966467, 'bagging_fraction': 0.8967269181955982, 'bagging_freq': 13, 'min_child_samples': 114}. Best is trial 179 with value: 0.8209027854658816.
[I 2025-04-08 01:17:39,153] Trial 270 finished with value: 0.8191423063608294 and parameters: {'lambda_l1': 0.0017693836227336784, 'lambda_l2': 1.675335864097618e-08, 'num_leaves': 31, 'feature_fraction': 0.4107801727942363, 'bagging_fraction': 0.876943656313939, 'bagging_freq': 14, 'min_child_samples': 119}. Best is trial 179 with value: 0.8209027854658816.
