[I 2025-04-08 00:59:53,402] Trial 310 finished with value: 0.8190997977369738 and parameters: {'lambda_l1': 3.074663316734814e-05, 'lambda_l2': 0.03668310985935583, 'num_leaves': 38, 'feature_fraction': 0.41689282077808837, 'bagging_fraction': 0.9169465961003981, 'bagging_freq': 9, 'min_child_samples': 86}. Best is trial 304 with value: 0.8209446966142471.
[I 2025-04-08 00:59:55,564] Trial 311 finished with value: 0.8191000086106761 and parameters: {'lambda_l1': 0.001048700288233855, 'lambda_l2': 0.13110126197538263, 'num_leaves': 47, 'feature_fraction': 0.4472774707540224, 'bagging_fraction': 0.9545688908107669, 'bagging_freq': 5, 'min_child_samples': 82}. Best is trial 304 with value: 0.8209446966142471.
[I 2025-04-08 00:59:57,099] Trial 312 finished with value: 0.8193098103718232 and parameters: {'lambda_l1': 1.773849411647459e-05, 'lambda_l2': 0.053284780602563656, 'num_leaves': 40, 'feature_fraction': 0.4286084451174914, 'bagging_fraction': 0.9821175597787564, 'bagging_freq': 8, 'min_child_samples': 88}. Best is trial 304 with value: 0.8209446966142471.
[I 2025-04-08 00:59:58,562] Trial 313 finished with value: 0.8198967421770249 and parameters: {'lambda_l1': 8.153749910881209e-06, 'lambda_l2': 0.06514197988173423, 'num_leaves': 37, 'feature_fraction': 0.40956738811281707, 'bagging_fraction': 0.9651338544446546, 'bagging_freq': 8, 'min_child_samples': 83}. Best is trial 304 with value: 0.8209446966142471.
[I 2025-04-08 01:00:00,193] Trial 314 finished with value: 0.8193095467796949 and parameters: {'lambda_l1': 8.12110743798612e-06, 'lambda_l2': 0.07372579951999539, 'num_leaves': 36, 'feature_fraction': 0.4103028249008465, 'bagging_fraction': 0.9633042002422826, 'bagging_freq': 8, 'min_child_samples': 84}. Best is trial 304 with value: 0.8209446966142471.
[I 2025-04-08 01:00:02,037] Trial 315 finished with value: 0.8185969166750139 and parameters: {'lambda_l1': 4.6837786488531295e-06, 'lambda_l2': 0.05118202426964773, 'num_leaves': 43, 'feature_fraction': 0.4217615466834876, 'bagging_fraction': 0.930612095011025, 'bagging_freq': 8, 'min_child_samples': 86}. Best is trial 304 with value: 0.8209446966142471.
[I 2025-04-08 01:00:03,565] Trial 316 finished with value: 0.8185130943782829 and parameters: {'lambda_l1': 1.0951712689032366e-05, 'lambda_l2': 0.19229275093276088, 'num_leaves': 39, 'feature_fraction': 0.4004160791287113, 'bagging_fraction': 0.9699822488265729, 'bagging_freq': 9, 'min_child_samples': 82}. Best is trial 304 with value: 0.8209446966142471.
[I 2025-04-08 01:00:05,566] Trial 317 finished with value: 0.8178422699851158 and parameters: {'lambda_l1': 1.9127105592462727e-05, 'lambda_l2': 15.621247399390226, 'num_leaves': 37, 'feature_fraction': 0.865807791774911, 'bagging_fraction': 0.9470321740566451, 'bagging_freq': 8, 'min_child_samples': 80}. Best is trial 304 with value: 0.8209446966142471.
[I 2025-04-08 01:00:07,200] Trial 318 finished with value: 0.8184712886667687 and parameters: {'lambda_l1': 0.003695105091625073, 'lambda_l2': 0.015628748316549795, 'num_leaves': 46, 'feature_fraction': 0.415400525328416, 'bagging_fraction': 0.9784757082010932, 'bagging_freq': 9, 'min_child_samples': 90}. Best is trial 304 with value: 0.8209446966142471.
[I 2025-04-08 01:00:08,774] Trial 319 finished with value: 0.8191838484802156 and parameters: {'lambda_l1': 1.0761581095892858e-09, 'lambda_l2': 0.12699554429358223, 'num_leaves': 42, 'feature_fraction': 0.43526667884964226, 'bagging_fraction': 0.9575404920300764, 'bagging_freq': 8, 'min_child_samples': 54}. Best is trial 304 with value: 0.8209446966142471.
[I 2025-04-08 01:00:10,409] Trial 320 finished with value: 0.8192679695146918 and parameters: {'lambda_l1': 0.0002967086587233393, 'lambda_l2': 0.051022361613265343, 'num_leaves': 35, 'feature_fraction': 0.40028151557667896, 'bagging_fraction': 0.9884072315848761, 'bagging_freq': 8, 'min_child_samples': 84}. Best is trial 304 with value: 0.8209446966142471.
[I 2025-04-08 01:00:11,937] Trial 321 finished with value: 0.8185130240870487 and parameters: {'lambda_l1': 5.335507210736346e-06, 'lambda_l2': 0.20876294734123302, 'num_leaves': 38, 'feature_fraction': 0.4234812067643144, 'bagging_fraction': 0.967008490263407, 'bagging_freq': 9, 'min_child_samples': 79}. Best is trial 304 with value: 0.8209446966142471.
[I 2025-04-08 01:00:13,459] Trial 322 finished with value: 0.8193096522165462 and parameters: {'lambda_l1': 0.021370553906806315, 'lambda_l2': 0.31986847892807313, 'num_leaves': 40, 'feature_fraction': 0.4114178108903549, 'bagging_fraction': 0.9813087295774974, 'bagging_freq': 8, 'min_child_samples': 113}. Best is trial 304 with value: 0.8209446966142471.
[I 2025-04-08 01:00:15,597] Trial 323 finished with value: 0.8184290260622322 and parameters: {'lambda_l1': 3.94215431754201e-05, 'lambda_l2': 3.6111240502767226, 'num_leaves': 44, 'feature_fraction': 0.901645530876692, 'bagging_fraction': 0.8984369209764855, 'bagging_freq': 8, 'min_child_samples': 94}. Best is trial 304 with value: 0.8209446966142471.
[I 2025-04-08 01:00:17,093] Trial 324 finished with value: 0.8178421294026474 and parameters: {'lambda_l1': 7.34770441193278e-05, 'lambda_l2': 0.09184113793517736, 'num_leaves': 41, 'feature_fraction': 0.4549139688869953, 'bagging_fraction': 0.848747804484111, 'bagging_freq': 8, 'min_child_samples': 119}. Best is trial 304 with value: 0.8209446966142471.
[I 2025-04-08 01:00:18,473] Trial 325 finished with value: 0.8198544268540632 and parameters: {'lambda_l1': 1.1652595783639455e-05, 'lambda_l2': 0.14167929468527105, 'num_leaves': 36, 'feature_fraction': 0.44377839006044323, 'bagging_fraction': 0.9573486625067625, 'bagging_freq': 9, 'min_child_samples': 82}. Best is trial 304 with value: 0.8209446966142471.
[I 2025-04-08 01:00:19,903] Trial 326 finished with value: 0.8189321355707033 and parameters: {'lambda_l1': 7.401231589514882e-06, 'lambda_l2': 0.37229034050018367, 'num_leaves': 34, 'feature_fraction': 0.46028960341005587, 'bagging_fraction': 0.936283716918426, 'bagging_freq': 9, 'min_child_samples': 87}. Best is trial 304 with value: 0.8209446966142471.
[I 2025-04-08 01:00:21,314] Trial 327 finished with value: 0.8188483484195895 and parameters: {'lambda_l1': 1.163014149857575e-05, 'lambda_l2': 0.1993352572421292, 'num_leaves': 37, 'feature_fraction': 0.43747627092231206, 'bagging_fraction': 0.9446905975299373, 'bagging_freq': 10, 'min_child_samples': 82}. Best is trial 304 with value: 0.8209446966142471.
[I 2025-04-08 01:00:23,058] Trial 328 finished with value: 0.8186387751049538 and parameters: {'lambda_l1': 0.00017425576868109832, 'lambda_l2': 7.711889963909688, 'num_leaves': 36, 'feature_fraction': 0.4484365643862358, 'bagging_fraction': 0.9604099833678961, 'bagging_freq': 9, 'min_child_samples': 83}. Best is trial 304 with value: 0.8209446966142471.
[I 2025-04-08 01:00:25,851] Trial 329 finished with value: 0.8172552503158712 and parameters: {'lambda_l1': 5.469051101240678e-05, 'lambda_l2': 0.14217529985152455, 'num_leaves': 64, 'feature_fraction': 0.4429707600257793, 'bagging_fraction': 0.9474334862172891, 'bagging_freq': 9, 'min_child_samples': 86}. Best is trial 304 with value: 0.8209446966142471.
[I 2025-04-08 01:00:27,899] Trial 330 finished with value: 0.818597022111865 and parameters: {'lambda_l1': 2.4999762208567457e-05, 'lambda_l2': 8.511882587867737e-05, 'num_leaves': 60, 'feature_fraction': 0.42773871117324214, 'bagging_fraction': 0.9575482311348866, 'bagging_freq': 9, 'min_child_samples': 80}. Best is trial 304 with value: 0.8209446966142471.
[I 2025-04-08 01:00:29,330] Trial 331 finished with value: 0.8188065778536924 and parameters: {'lambda_l1': 0.0005686482561856965, 'lambda_l2': 1.3453108620689458, 'num_leaves': 34, 'feature_fraction': 0.43008935106274565, 'bagging_fraction': 0.9712550623590835, 'bagging_freq': 10, 'min_child_samples': 126}. Best is trial 304 with value: 0.8209446966142471.
[I 2025-04-08 01:00:30,951] Trial 332 finished with value: 0.8188483835652066 and parameters: {'lambda_l1': 0.00010566453354516754, 'lambda_l2': 0.33174512557768254, 'num_leaves': 38, 'feature_fraction': 0.4175359997207083, 'bagging_fraction': 0.9274164743815676, 'bagging_freq': 9, 'min_child_samples': 72}. Best is trial 304 with value: 0.8209446966142471.
[I 2025-04-08 01:00:32,274] Trial 333 finished with value: 0.8185550230994568 and parameters: {'lambda_l1': 1.2807053853045114e-05, 'lambda_l2': 0.4875476028831962, 'num_leaves': 32, 'feature_fraction': 0.4635653127978908, 'bagging_fraction': 0.9706708667321056, 'bagging_freq': 8, 'min_child_samples': 69}. Best is trial 304 with value: 0.8209446966142471.
[I 2025-04-08 01:00:33,744] Trial 334 finished with value: 0.8195190673759052 and parameters: {'lambda_l1': 2.034490429948408e-09, 'lambda_l2': 1.7219798451229405e-09, 'num_leaves': 40, 'feature_fraction': 0.44154250559573444, 'bagging_fraction': 0.9526020401362059, 'bagging_freq': 7, 'min_child_samples': 77}. Best is trial 304 with value: 0.8209446966142471.
[I 2025-04-08 01:00:35,145] Trial 335 finished with value: 0.8195193836864589 and parameters: {'lambda_l1': 6.174675808551842e-06, 'lambda_l2': 0.817261218422634, 'num_leaves': 35, 'feature_fraction': 0.4116513142430071, 'bagging_fraction': 0.9825503140169988, 'bagging_freq': 8, 'min_child_samples': 66}. Best is trial 304 with value: 0.8209446966142471.
[I 2025-04-08 01:00:37,236] Trial 336 finished with value: 0.8196030829735301 and parameters: {'lambda_l1': 3.093816922905703e-05, 'lambda_l2': 2.4076339532260715, 'num_leaves': 37, 'feature_fraction': 0.42337633035472977, 'bagging_fraction': 0.8842692212535601, 'bagging_freq': 9, 'min_child_samples': 84}. Best is trial 304 with value: 0.8209446966142471.
[I 2025-04-08 01:00:37,472] A new study created in RDB with name: lightgbm-num_features-8
[I 2025-04-08 01:00:39,128] Trial 0 finished with value: 0.8134405098926125 and parameters: {'lambda_l1': 1.9305305956727624e-05, 'lambda_l2': 0.06122553614900827, 'num_leaves': 40, 'feature_fraction': 0.4224430397182008, 'bagging_fraction': 0.9851933768332837, 'bagging_freq': 8, 'min_child_samples': 83}. Best is trial 0 with value: 0.8134405098926125.
[I 2025-04-08 01:00:42,116] Trial 1 finished with value: 0.8113443022804233 and parameters: {'lambda_l1': 1.12567288242217e-05, 'lambda_l2': 9.372098887640233e-07, 'num_leaves': 97, 'feature_fraction': 0.4044124556937893, 'bagging_fraction': 0.9765054162659286, 'bagging_freq': 3, 'min_child_samples': 102}. Best is trial 0 with value: 0.8134405098926125.
[I 2025-04-08 01:00:43,108] Trial 2 finished with value: 0.8093324792948383 and parameters: {'lambda_l1': 31.721379721322183, 'lambda_l2': 0.1042980656801866, 'num_leaves': 100, 'feature_fraction': 0.833891606794789, 'bagging_fraction': 0.7450156776221173, 'bagging_freq': 3, 'min_child_samples': 108}. Best is trial 0 with value: 0.8134405098926125.
[I 2025-04-08 01:00:44,981] Trial 3 finished with value: 0.8174648587761242 and parameters: {'lambda_l1': 0.2955336011183548, 'lambda_l2': 0.00033123296558346213, 'num_leaves': 59, 'feature_fraction': 0.9843217529840703, 'bagging_fraction': 0.9861405087234978, 'bagging_freq': 7, 'min_child_samples': 65}. Best is trial 3 with value: 0.8174648587761242.
[I 2025-04-08 01:00:45,909] Trial 4 finished with value: 0.8146562319329563 and parameters: {'lambda_l1': 2.0936810121633775e-09, 'lambda_l2': 0.002880564434667239, 'num_leaves': 15, 'feature_fraction': 0.9330816645367781, 'bagging_fraction': 0.44917793101520304, 'bagging_freq': 3, 'min_child_samples': 83}. Best is trial 3 with value: 0.8174648587761242.
[I 2025-04-08 01:00:48,229] Trial 5 finished with value: 0.8165427432208497 and parameters: {'lambda_l1': 11.939456092424223, 'lambda_l2': 0.0029466663284365, 'num_leaves': 69, 'feature_fraction': 0.7799739537904171, 'bagging_fraction': 0.6696598217806234, 'bagging_freq': 16, 'min_child_samples': 36}. Best is trial 3 with value: 0.8174648587761242.
[I 2025-04-08 01:00:50,103] Trial 6 finished with value: 0.8170874124215155 and parameters: {'lambda_l1': 9.45069389850967e-07, 'lambda_l2': 2.6752639186789066e-07, 'num_leaves': 90, 'feature_fraction': 0.7728965683696392, 'bagging_fraction': 0.4010481157038644, 'bagging_freq': 8, 'min_child_samples': 109}. Best is trial 3 with value: 0.8174648587761242.
[I 2025-04-08 01:00:52,874] Trial 7 finished with value: 0.8131047110942411 and parameters: {'lambda_l1': 4.0219842754142095e-05, 'lambda_l2': 0.0006709465528343349, 'num_leaves': 114, 'feature_fraction': 0.985723333952932, 'bagging_fraction': 0.484571782832078, 'bagging_freq': 5, 'min_child_samples': 76}. Best is trial 3 with value: 0.8174648587761242.
[I 2025-04-08 01:00:53,971] Trial 8 finished with value: 0.8170458000108953 and parameters: {'lambda_l1': 2.2830240725054132e-08, 'lambda_l2': 0.4300193124316521, 'num_leaves': 27, 'feature_fraction': 0.6349901961496262, 'bagging_fraction': 0.5551633544257795, 'bagging_freq': 11, 'min_child_samples': 114}. Best is trial 3 with value: 0.8174648587761242.
[I 2025-04-08 01:00:54,659] Trial 9 finished with value: 0.8116796969041984 and parameters: {'lambda_l1': 6.80023665319636e-06, 'lambda_l2': 0.2492649413852679, 'num_leaves': 9, 'feature_fraction': 0.5748138667230047, 'bagging_fraction': 0.8603926491441121, 'bagging_freq': 12, 'min_child_samples': 84}. Best is trial 3 with value: 0.8174648587761242.
[I 2025-04-08 01:00:56,982] Trial 10 finished with value: 0.8165007442084417 and parameters: {'lambda_l1': 0.033198149763023585, 'lambda_l2': 6.224010229806588e-09, 'num_leaves': 57, 'feature_fraction': 0.8930682317927581, 'bagging_fraction': 0.8329133241251298, 'bagging_freq': 6, 'min_child_samples': 9}. Best is trial 3 with value: 0.8174648587761242.
[I 2025-04-08 01:00:59,239] Trial 11 finished with value: 0.8162071552961809 and parameters: {'lambda_l1': 0.03261661284071001, 'lambda_l2': 1.8670116191816625e-06, 'num_leaves': 76, 'feature_fraction': 0.7294329575765022, 'bagging_fraction': 0.6264457121138713, 'bagging_freq': 10, 'min_child_samples': 46}. Best is trial 3 with value: 0.8174648587761242.
[I 2025-04-08 01:01:01,686] Trial 12 finished with value: 0.8162494354735257 and parameters: {'lambda_l1': 0.005225820005380846, 'lambda_l2': 8.292052124337291e-06, 'num_leaves': 82, 'feature_fraction': 0.8510977118360792, 'bagging_fraction': 0.8218262327496086, 'bagging_freq': 7, 'min_child_samples': 62}. Best is trial 3 with value: 0.8174648587761242.
[I 2025-04-08 01:01:03,332] Trial 13 finished with value: 0.816458534322331 and parameters: {'lambda_l1': 1.1441511417078218e-07, 'lambda_l2': 2.15659148327054e-09, 'num_leaves': 47, 'feature_fraction': 0.9892192838834776, 'bagging_fraction': 0.5824185537083257, 'bagging_freq': 14, 'min_child_samples': 127}. Best is trial 3 with value: 0.8174648587761242.
[I 2025-04-08 01:01:06,624] Trial 14 finished with value: 0.8131051504144547 and parameters: {'lambda_l1': 0.2707123570447216, 'lambda_l2': 7.20500239136515e-08, 'num_leaves': 126, 'feature_fraction': 0.5519902467343841, 'bagging_fraction': 0.4197904109028195, 'bagging_freq': 9, 'min_child_samples': 51}. Best is trial 3 with value: 0.8174648587761242.
[I 2025-04-08 01:01:09,953] Trial 15 finished with value: 0.8196031005463386 and parameters: {'lambda_l1': 0.0007131933031169572, 'lambda_l2': 19.563426892245865, 'num_leaves': 91, 'feature_fraction': 0.690993349506926, 'bagging_fraction': 0.7343062277443126, 'bagging_freq': 1, 'min_child_samples': 26}. Best is trial 15 with value: 0.8196031005463386.
[I 2025-04-08 01:01:11,999] Trial 16 finished with value: 0.8176747835469309 and parameters: {'lambda_l1': 0.0006783506594485695, 'lambda_l2': 69.39199159352921, 'num_leaves': 60, 'feature_fraction': 0.6620947584273499, 'bagging_fraction': 0.9115631266764979, 'bagging_freq': 1, 'min_child_samples': 18}. Best is trial 15 with value: 0.8196031005463386.
[I 2025-04-08 01:01:15,302] Trial 17 finished with value: 0.8175911194054768 and parameters: {'lambda_l1': 0.0009355949543096839, 'lambda_l2': 71.06131657611127, 'num_leaves': 110, 'feature_fraction': 0.6394205379163385, 'bagging_fraction': 0.9020694887606187, 'bagging_freq': 1, 'min_child_samples': 2}. Best is trial 15 with value: 0.8196031005463386.
[I 2025-04-08 01:01:17,118] Trial 18 finished with value: 0.8154109137684712 and parameters: {'lambda_l1': 0.0013993514914125466, 'lambda_l2': 96.37786737947447, 'num_leaves': 45, 'feature_fraction': 0.5029462345589001, 'bagging_fraction': 0.7600151581380337, 'bagging_freq': 1, 'min_child_samples': 21}. Best is trial 15 with value: 0.8196031005463386.
[I 2025-04-08 01:01:20,496] Trial 19 finished with value: 0.8171297101716688 and parameters: {'lambda_l1': 0.00022312704062826079, 'lambda_l2': 8.915380210765004, 'num_leaves': 81, 'feature_fraction': 0.6725512073523967, 'bagging_fraction': 0.7303121813820146, 'bagging_freq': 4, 'min_child_samples': 25}. Best is trial 15 with value: 0.8196031005463386.
[I 2025-04-08 01:01:22,757] Trial 20 finished with value: 0.8177166244040622 and parameters: {'lambda_l1': 0.7629950626256923, 'lambda_l2': 3.0780833316384495, 'num_leaves': 67, 'feature_fraction': 0.7272476951841129, 'bagging_fraction': 0.9082275734059991, 'bagging_freq': 1, 'min_child_samples': 21}. Best is trial 15 with value: 0.8196031005463386.
[I 2025-04-08 01:01:24,973] Trial 21 finished with value: 0.8176744145179515 and parameters: {'lambda_l1': 1.395924758690285, 'lambda_l2': 3.9290977147069683, 'num_leaves': 68, 'feature_fraction': 0.7350227631048993, 'bagging_fraction': 0.912309791812154, 'bagging_freq': 1, 'min_child_samples': 21}. Best is trial 15 with value: 0.8196031005463386.
[I 2025-04-08 01:01:26,319] Trial 22 finished with value: 0.8182616802065157 and parameters: {'lambda_l1': 0.014295784175261166, 'lambda_l2': 5.601250131297604, 'num_leaves': 32, 'feature_fraction': 0.6879347992756183, 'bagging_fraction': 0.7947399024196705, 'bagging_freq': 2, 'min_child_samples': 35}. Best is trial 15 with value: 0.8196031005463386.
[I 2025-04-08 01:01:27,487] Trial 23 finished with value: 0.8188486647301432 and parameters: {'lambda_l1': 0.023176247639493157, 'lambda_l2': 0.9325174467143212, 'num_leaves': 28, 'feature_fraction': 0.5926648860358736, 'bagging_fraction': 0.7895830914695515, 'bagging_freq': 3, 'min_child_samples': 35}. Best is trial 15 with value: 0.8196031005463386.
[I 2025-04-08 01:01:29,204] Trial 24 finished with value: 0.818890716460977 and parameters: {'lambda_l1': 0.017100972151080644, 'lambda_l2': 0.014980517883851583, 'num_leaves': 32, 'feature_fraction': 0.5824463016668207, 'bagging_fraction': 0.7833829518259308, 'bagging_freq': 4, 'min_child_samples': 37}. Best is trial 15 with value: 0.8196031005463386.
[I 2025-04-08 01:01:30,388] Trial 25 finished with value: 0.8185131470967084 and parameters: {'lambda_l1': 0.00015839296084531893, 'lambda_l2': 0.014313467379302886, 'num_leaves': 22, 'feature_fraction': 0.5882039126485316, 'bagging_fraction': 0.6977223222554493, 'bagging_freq': 5, 'min_child_samples': 35}. Best is trial 15 with value: 0.8196031005463386.
[I 2025-04-08 01:01:30,836] Trial 26 finished with value: 0.7661923414185826 and parameters: {'lambda_l1': 0.09105683408321008, 'lambda_l2': 1.0985435821787701, 'num_leaves': 2, 'feature_fraction': 0.4863169515739902, 'bagging_fraction': 0.6785221527604213, 'bagging_freq': 4, 'min_child_samples': 46}. Best is trial 15 with value: 0.8196031005463386.
[I 2025-04-08 01:01:32,484] Trial 27 finished with value: 0.8179263558739749 and parameters: {'lambda_l1': 5.620979887149388, 'lambda_l2': 2.494300786849842e-05, 'num_leaves': 36, 'feature_fraction': 0.4838988669893155, 'bagging_fraction': 0.7871570783781189, 'bagging_freq': 5, 'min_child_samples': 58}. Best is trial 15 with value: 0.8196031005463386.
[I 2025-04-08 01:01:33,582] Trial 28 finished with value: 0.8170040997362321 and parameters: {'lambda_l1': 0.010076498968730092, 'lambda_l2': 3.675424998619885e-05, 'num_leaves': 21, 'feature_fraction': 0.6088621369471537, 'bagging_fraction': 0.6490064088829907, 'bagging_freq': 3, 'min_child_samples': 35}. Best is trial 15 with value: 0.8196031005463386.
[I 2025-04-08 01:01:35,447] Trial 29 finished with value: 0.817213444604357 and parameters: {'lambda_l1': 0.0032589837185120017, 'lambda_l2': 0.006819133807240097, 'num_leaves': 49, 'feature_fraction': 0.5453053211075725, 'bagging_fraction': 0.7266511027447352, 'bagging_freq': 2, 'min_child_samples': 10}. Best is trial 15 with value: 0.8196031005463386.
[I 2025-04-08 01:01:37,083] Trial 30 finished with value: 0.8190161863139453 and parameters: {'lambda_l1': 0.00016186169997148612, 'lambda_l2': 0.03951185596709307, 'num_leaves': 42, 'feature_fraction': 0.5166400224104587, 'bagging_fraction': 0.8591414403498295, 'bagging_freq': 6, 'min_child_samples': 72}. Best is trial 15 with value: 0.8196031005463386.
[I 2025-04-08 01:01:38,904] Trial 31 finished with value: 0.8186808619814044 and parameters: {'lambda_l1': 3.674355506304123e-05, 'lambda_l2': 0.029116479986824307, 'num_leaves': 39, 'feature_fraction': 0.4486794792168457, 'bagging_fraction': 0.8441323732943504, 'bagging_freq': 6, 'min_child_samples': 75}. Best is trial 15 with value: 0.8196031005463386.
[I 2025-04-08 01:01:40,146] Trial 32 finished with value: 0.8187230542947065 and parameters: {'lambda_l1': 2.0133130354017945e-06, 'lambda_l2': 0.10508351041267514, 'num_leaves': 28, 'feature_fraction': 0.5328374655478235, 'bagging_fraction': 0.7858863239220318, 'bagging_freq': 4, 'min_child_samples': 94}. Best is trial 15 with value: 0.8196031005463386.
[I 2025-04-08 01:01:41,715] Trial 33 finished with value: 0.8137341515232988 and parameters: {'lambda_l1': 0.00011737539896909574, 'lambda_l2': 1.0150338515982766, 'num_leaves': 41, 'feature_fraction': 0.43487063987357166, 'bagging_fraction': 0.8729706169666344, 'bagging_freq': 2, 'min_child_samples': 43}. Best is trial 15 with value: 0.8196031005463386.
