[I 2025-04-08 01:35:01,153] Trial 145 finished with value: 0.8183038198013921 and parameters: {'lambda_l1': 1.8970080963298275, 'lambda_l2': 1.693604237151897, 'num_leaves': 36, 'feature_fraction': 0.5602603623169536, 'bagging_fraction': 0.9678078839014345, 'bagging_freq': 8, 'min_child_samples': 22}. Best is trial 112 with value: 0.8188487174485688.
[I 2025-04-08 01:35:03,171] Trial 146 finished with value: 0.8178845677352691 and parameters: {'lambda_l1': 1.736447004707535, 'lambda_l2': 1.4231068083902694, 'num_leaves': 36, 'feature_fraction': 0.5567782257843145, 'bagging_fraction': 0.9491639339869146, 'bagging_freq': 12, 'min_child_samples': 23}. Best is trial 112 with value: 0.8188487174485688.
[I 2025-04-08 01:35:04,572] Trial 147 finished with value: 0.8166268818281344 and parameters: {'lambda_l1': 0.670775416738399, 'lambda_l2': 0.8165205279394463, 'num_leaves': 38, 'feature_fraction': 0.567203612559414, 'bagging_fraction': 0.9699078859888525, 'bagging_freq': 10, 'min_child_samples': 99}. Best is trial 112 with value: 0.8188487174485688.
[I 2025-04-08 01:35:05,852] Trial 148 finished with value: 0.8165429365217438 and parameters: {'lambda_l1': 2.6363280240279026, 'lambda_l2': 0.07077764037669416, 'num_leaves': 28, 'feature_fraction': 0.5497429678356524, 'bagging_fraction': 0.936766782006274, 'bagging_freq': 14, 'min_child_samples': 17}. Best is trial 112 with value: 0.8188487174485688.
[I 2025-04-08 01:35:07,180] Trial 149 finished with value: 0.8172135148955911 and parameters: {'lambda_l1': 0.37853831438181235, 'lambda_l2': 0.005050354529796503, 'num_leaves': 35, 'feature_fraction': 0.7171556052997515, 'bagging_fraction': 0.9811081822179878, 'bagging_freq': 8, 'min_child_samples': 103}. Best is trial 112 with value: 0.8188487174485688.
[I 2025-04-08 01:35:08,841] Trial 150 finished with value: 0.8178425511500524 and parameters: {'lambda_l1': 1.0889253653755244, 'lambda_l2': 1.6048121901494008, 'num_leaves': 47, 'feature_fraction': 0.5952210906478876, 'bagging_fraction': 0.9632046376443371, 'bagging_freq': 3, 'min_child_samples': 30}. Best is trial 112 with value: 0.8188487174485688.
[I 2025-04-08 01:35:10,452] Trial 151 finished with value: 0.817632766961714 and parameters: {'lambda_l1': 0.21530362563797772, 'lambda_l2': 0.2519734092877775, 'num_leaves': 41, 'feature_fraction': 0.5245353072211597, 'bagging_fraction': 0.9853278760958248, 'bagging_freq': 8, 'min_child_samples': 108}. Best is trial 112 with value: 0.8188487174485688.
[I 2025-04-08 01:35:12,384] Trial 152 finished with value: 0.8175072268175118 and parameters: {'lambda_l1': 5.178654316468547, 'lambda_l2': 0.7152388419613822, 'num_leaves': 44, 'feature_fraction': 0.5406741444691282, 'bagging_fraction': 0.9977548985932212, 'bagging_freq': 7, 'min_child_samples': 96}. Best is trial 112 with value: 0.8188487174485688.
[I 2025-04-08 01:35:14,225] Trial 153 finished with value: 0.8162077527716713 and parameters: {'lambda_l1': 0.1104704502122543, 'lambda_l2': 0.13676455274614804, 'num_leaves': 39, 'feature_fraction': 0.513609786180119, 'bagging_fraction': 0.972567564249961, 'bagging_freq': 2, 'min_child_samples': 12}. Best is trial 112 with value: 0.8188487174485688.
[I 2025-04-08 01:35:15,612] Trial 154 finished with value: 0.8180942992051818 and parameters: {'lambda_l1': 0.07320878305207303, 'lambda_l2': 0.44682962433619683, 'num_leaves': 30, 'feature_fraction': 0.531159675631629, 'bagging_fraction': 0.9587749748807637, 'bagging_freq': 8, 'min_child_samples': 107}. Best is trial 112 with value: 0.8188487174485688.
[I 2025-04-08 01:35:17,049] Trial 155 finished with value: 0.8175490852474514 and parameters: {'lambda_l1': 0.4182199791426779, 'lambda_l2': 0.03484312401754462, 'num_leaves': 42, 'feature_fraction': 0.5635975699092293, 'bagging_fraction': 0.4311232275953099, 'bagging_freq': 7, 'min_child_samples': 111}. Best is trial 112 with value: 0.8188487174485688.
[I 2025-04-08 01:35:19,015] Trial 156 finished with value: 0.8169202247210755 and parameters: {'lambda_l1': 1.5591860497892829, 'lambda_l2': 0.2893566130434883, 'num_leaves': 49, 'feature_fraction': 0.5400590762585762, 'bagging_fraction': 0.9480615652672642, 'bagging_freq': 1, 'min_child_samples': 101}. Best is trial 112 with value: 0.8188487174485688.
[I 2025-04-08 01:35:20,559] Trial 157 finished with value: 0.8133987217539067 and parameters: {'lambda_l1': 0.6865297642499908, 'lambda_l2': 0.10114198069897416, 'num_leaves': 35, 'feature_fraction': 0.487857575816275, 'bagging_fraction': 0.9304589623340069, 'bagging_freq': 2, 'min_child_samples': 42}. Best is trial 112 with value: 0.8188487174485688.
[I 2025-04-08 01:35:22,106] Trial 158 finished with value: 0.8172975480660245 and parameters: {'lambda_l1': 0.28115827064396565, 'lambda_l2': 1.9513900203923948, 'num_leaves': 38, 'feature_fraction': 0.6909888149063818, 'bagging_fraction': 0.9895494682168545, 'bagging_freq': 5, 'min_child_samples': 104}. Best is trial 112 with value: 0.8188487174485688.
[I 2025-04-08 01:35:23,961] Trial 159 finished with value: 0.8166268115369002 and parameters: {'lambda_l1': 0.1898600644566845, 'lambda_l2': 0.18047711443416378, 'num_leaves': 31, 'feature_fraction': 0.5516657576593567, 'bagging_fraction': 0.5401645014952783, 'bagging_freq': 9, 'min_child_samples': 95}. Best is trial 112 with value: 0.8188487174485688.
[I 2025-04-08 01:35:25,822] Trial 160 finished with value: 0.8167943682663192 and parameters: {'lambda_l1': 0.06350864843521005, 'lambda_l2': 0.6034178164107336, 'num_leaves': 44, 'feature_fraction': 0.5727276985288242, 'bagging_fraction': 0.9991785070500554, 'bagging_freq': 6, 'min_child_samples': 33}. Best is trial 112 with value: 0.8188487174485688.
[I 2025-04-08 01:35:27,457] Trial 161 finished with value: 0.8181779282010189 and parameters: {'lambda_l1': 0.2982394971564224, 'lambda_l2': 0.08139879724187701, 'num_leaves': 38, 'feature_fraction': 0.5227413104809401, 'bagging_fraction': 0.9768859547724456, 'bagging_freq': 2, 'min_child_samples': 114}. Best is trial 112 with value: 0.8188487174485688.
[I 2025-04-08 01:35:30,993] Trial 162 finished with value: 0.8149078218328087 and parameters: {'lambda_l1': 0.14331355904490198, 'lambda_l2': 0.055590354980783775, 'num_leaves': 106, 'feature_fraction': 0.5083025455800888, 'bagging_fraction': 0.9669914432353298, 'bagging_freq': 2, 'min_child_samples': 112}. Best is trial 112 with value: 0.8188487174485688.
[I 2025-04-08 01:35:32,690] Trial 163 finished with value: 0.818387536661272 and parameters: {'lambda_l1': 0.627410077865846, 'lambda_l2': 0.13361322430097428, 'num_leaves': 41, 'feature_fraction': 0.5289835602760169, 'bagging_fraction': 0.6820797670243429, 'bagging_freq': 2, 'min_child_samples': 111}. Best is trial 112 with value: 0.8188487174485688.
[I 2025-04-08 01:35:34,762] Trial 164 finished with value: 0.8178846907449289 and parameters: {'lambda_l1': 0.7124472349156213, 'lambda_l2': 0.24748920863601448, 'num_leaves': 41, 'feature_fraction': 0.5516039462879859, 'bagging_fraction': 0.6719835303131112, 'bagging_freq': 1, 'min_child_samples': 107}. Best is trial 112 with value: 0.8188487174485688.
[I 2025-04-08 01:35:36,263] Trial 165 finished with value: 0.8170878517417289 and parameters: {'lambda_l1': 1.561453468284674, 'lambda_l2': 0.017936941858884465, 'num_leaves': 35, 'feature_fraction': 0.5306142241137415, 'bagging_fraction': 0.6496382442795565, 'bagging_freq': 3, 'min_child_samples': 8}. Best is trial 112 with value: 0.8188487174485688.
[I 2025-04-08 01:35:37,569] Trial 166 finished with value: 0.8130214687001921 and parameters: {'lambda_l1': 3.232684676045061, 'lambda_l2': 0.9702450945057953, 'num_leaves': 33, 'feature_fraction': 0.49644287111497565, 'bagging_fraction': 0.6124977910131133, 'bagging_freq': 2, 'min_child_samples': 99}. Best is trial 112 with value: 0.8188487174485688.
[I 2025-04-08 01:35:39,242] Trial 167 finished with value: 0.8178007630113466 and parameters: {'lambda_l1': 0.5434107725468743, 'lambda_l2': 9.878021584790604, 'num_leaves': 47, 'feature_fraction': 0.5655685123808388, 'bagging_fraction': 0.9464385804818137, 'bagging_freq': 15, 'min_child_samples': 103}. Best is trial 112 with value: 0.8188487174485688.
[I 2025-04-08 01:35:40,640] Trial 168 finished with value: 0.817465280523529 and parameters: {'lambda_l1': 8.036060102096526, 'lambda_l2': 0.37457024704411657, 'num_leaves': 40, 'feature_fraction': 0.661911910397551, 'bagging_fraction': 0.698554101682285, 'bagging_freq': 2, 'min_child_samples': 92}. Best is trial 112 with value: 0.8188487174485688.
[I 2025-04-08 01:35:42,052] Trial 169 finished with value: 0.8170880274698142 and parameters: {'lambda_l1': 0.04159755808170562, 'lambda_l2': 0.1420226374595301, 'num_leaves': 37, 'feature_fraction': 0.5137204296376412, 'bagging_fraction': 0.9767414497424446, 'bagging_freq': 3, 'min_child_samples': 20}. Best is trial 112 with value: 0.8188487174485688.
[I 2025-04-08 01:35:44,421] Trial 170 finished with value: 0.8180940883314796 and parameters: {'lambda_l1': 1.0335167482291423, 'lambda_l2': 2.555432275249707, 'num_leaves': 45, 'feature_fraction': 0.5874728233807086, 'bagging_fraction': 0.9548162728925973, 'bagging_freq': 1, 'min_child_samples': 110}. Best is trial 112 with value: 0.8188487174485688.
[I 2025-04-08 01:35:46,109] Trial 171 finished with value: 0.8184715522588967 and parameters: {'lambda_l1': 0.26816341361882945, 'lambda_l2': 0.10543893082533197, 'num_leaves': 37, 'feature_fraction': 0.5265836716059152, 'bagging_fraction': 0.9746457287071928, 'bagging_freq': 2, 'min_child_samples': 116}. Best is trial 112 with value: 0.8188487174485688.
[I 2025-04-08 01:35:47,693] Trial 172 finished with value: 0.818764860006221 and parameters: {'lambda_l1': 0.09015137281786012, 'lambda_l2': 0.03516702992419826, 'num_leaves': 41, 'feature_fraction': 0.5400900845903037, 'bagging_fraction': 0.9886884174915352, 'bagging_freq': 2, 'min_child_samples': 116}. Best is trial 112 with value: 0.8188487174485688.
[I 2025-04-08 01:35:48,935] Trial 173 finished with value: 0.8166685293843718 and parameters: {'lambda_l1': 0.08212513286131948, 'lambda_l2': 0.03946640899103341, 'num_leaves': 32, 'feature_fraction': 0.5451948998236478, 'bagging_fraction': 0.6757842570187982, 'bagging_freq': 2, 'min_child_samples': 117}. Best is trial 112 with value: 0.8188487174485688.
[I 2025-04-08 01:35:50,303] Trial 174 finished with value: 0.8179684778960429 and parameters: {'lambda_l1': 0.4188258502890226, 'lambda_l2': 0.10058086942259115, 'num_leaves': 36, 'feature_fraction': 0.5371368558837653, 'bagging_fraction': 0.6843433675522387, 'bagging_freq': 2, 'min_child_samples': 120}. Best is trial 112 with value: 0.8188487174485688.
[I 2025-04-08 01:35:51,952] Trial 175 finished with value: 0.8179681088670636 and parameters: {'lambda_l1': 0.11721040501530618, 'lambda_l2': 0.026454851985057325, 'num_leaves': 43, 'feature_fraction': 0.5604910858978144, 'bagging_fraction': 0.9681120080445758, 'bagging_freq': 2, 'min_child_samples': 116}. Best is trial 112 with value: 0.8188487174485688.
[I 2025-04-08 01:35:53,411] Trial 176 finished with value: 0.8179681440126807 and parameters: {'lambda_l1': 2.2693892293012223, 'lambda_l2': 0.009813544306503242, 'num_leaves': 39, 'feature_fraction': 0.5799309167154584, 'bagging_fraction': 0.9807701500332388, 'bagging_freq': 3, 'min_child_samples': 50}. Best is trial 112 with value: 0.8188487174485688.
[I 2025-04-08 01:35:55,166] Trial 177 finished with value: 0.8172137784877191 and parameters: {'lambda_l1': 0.026899016069517258, 'lambda_l2': 0.16396715771117587, 'num_leaves': 26, 'feature_fraction': 0.5464454689378974, 'bagging_fraction': 0.9404627857323152, 'bagging_freq': 1, 'min_child_samples': 105}. Best is trial 112 with value: 0.8188487174485688.
[I 2025-04-08 01:35:56,791] Trial 178 finished with value: 0.8176750998574847 and parameters: {'lambda_l1': 0.2524645205783987, 'lambda_l2': 0.051773570616674085, 'num_leaves': 34, 'feature_fraction': 0.530224144324793, 'bagging_fraction': 0.9186731219293951, 'bagging_freq': 2, 'min_child_samples': 125}. Best is trial 112 with value: 0.8188487174485688.
[I 2025-04-08 01:35:58,722] Trial 179 finished with value: 0.8169201544298413 and parameters: {'lambda_l1': 1.0172684301087287e-08, 'lambda_l2': 0.09488033923155594, 'num_leaves': 51, 'feature_fraction': 0.836798573435618, 'bagging_fraction': 0.9883544027059086, 'bagging_freq': 1, 'min_child_samples': 98}. Best is trial 112 with value: 0.8188487174485688.
[I 2025-04-08 01:36:00,146] Trial 180 finished with value: 0.8176750647118673 and parameters: {'lambda_l1': 0.6423855862256544, 'lambda_l2': 0.5367343802421033, 'num_leaves': 29, 'feature_fraction': 0.6036074464317235, 'bagging_fraction': 0.9595910952200448, 'bagging_freq': 2, 'min_child_samples': 100}. Best is trial 112 with value: 0.8188487174485688.
[I 2025-04-08 01:36:02,097] Trial 181 finished with value: 0.8176328899713738 and parameters: {'lambda_l1': 0.15650674725687283, 'lambda_l2': 0.2734735511172036, 'num_leaves': 41, 'feature_fraction': 0.5196779878933301, 'bagging_fraction': 0.9995921518673855, 'bagging_freq': 2, 'min_child_samples': 109}. Best is trial 112 with value: 0.8188487174485688.
[I 2025-04-08 01:36:03,663] Trial 182 finished with value: 0.818219962359044 and parameters: {'lambda_l1': 0.32025218115915083, 'lambda_l2': 0.18626449031966394, 'num_leaves': 37, 'feature_fraction': 0.5018212367476604, 'bagging_fraction': 0.9845033119157295, 'bagging_freq': 3, 'min_child_samples': 113}. Best is trial 112 with value: 0.8188487174485688.
[I 2025-04-08 01:36:05,762] Trial 183 finished with value: 0.8175491203930685 and parameters: {'lambda_l1': 0.35835038098559807, 'lambda_l2': 0.15352426017087653, 'num_leaves': 37, 'feature_fraction': 0.5030678665925078, 'bagging_fraction': 0.9745287499819015, 'bagging_freq': 3, 'min_child_samples': 115}. Best is trial 112 with value: 0.8188487174485688.
[I 2025-04-08 01:36:07,226] Trial 184 finished with value: 0.8170459757389805 and parameters: {'lambda_l1': 1.3147398885418726, 'lambda_l2': 0.06657685355711127, 'num_leaves': 32, 'feature_fraction': 0.5552350749482516, 'bagging_fraction': 0.9875151273883005, 'bagging_freq': 4, 'min_child_samples': 118}. Best is trial 112 with value: 0.8188487174485688.
[I 2025-04-08 01:36:08,759] Trial 185 finished with value: 0.8180941234770966 and parameters: {'lambda_l1': 0.0486077351344281, 'lambda_l2': 0.16873884146187487, 'num_leaves': 36, 'feature_fraction': 0.5720729468307597, 'bagging_fraction': 0.9663838425354586, 'bagging_freq': 3, 'min_child_samples': 113}. Best is trial 112 with value: 0.8188487174485688.
[I 2025-04-08 01:36:10,255] Trial 186 finished with value: 0.8126861443676512 and parameters: {'lambda_l1': 0.8872308939911349, 'lambda_l2': 0.03146109018956555, 'num_leaves': 39, 'feature_fraction': 0.4862417735116974, 'bagging_fraction': 0.9557049150290087, 'bagging_freq': 2, 'min_child_samples': 106}. Best is trial 112 with value: 0.8188487174485688.
[I 2025-04-08 01:36:11,804] Trial 187 finished with value: 0.8180942816323734 and parameters: {'lambda_l1': 0.5502041400604349, 'lambda_l2': 0.47740439599631684, 'num_leaves': 45, 'feature_fraction': 0.535475545442347, 'bagging_fraction': 0.6582854826032769, 'bagging_freq': 2, 'min_child_samples': 103}. Best is trial 112 with value: 0.8188487174485688.
[I 2025-04-08 01:36:13,121] Trial 188 finished with value: 0.8181780863562957 and parameters: {'lambda_l1': 0.07626276781300204, 'lambda_l2': 1.2761668639141128, 'num_leaves': 34, 'feature_fraction': 0.5084615880321116, 'bagging_fraction': 0.9793814558810152, 'bagging_freq': 3, 'min_child_samples': 101}. Best is trial 112 with value: 0.8188487174485688.
[I 2025-04-08 01:36:14,647] Trial 189 finished with value: 0.8177168352777645 and parameters: {'lambda_l1': 0.2597526905697542, 'lambda_l2': 0.21614989820276084, 'num_leaves': 43, 'feature_fraction': 0.5481125866057289, 'bagging_fraction': 0.935087016113073, 'bagging_freq': 1, 'min_child_samples': 108}. Best is trial 112 with value: 0.8188487174485688.
[I 2025-04-08 01:36:16,585] Trial 190 finished with value: 0.8187651763167745 and parameters: {'lambda_l1': 1.9848659360977696, 'lambda_l2': 0.8334037801223856, 'num_leaves': 38, 'feature_fraction': 0.5281014605976813, 'bagging_fraction': 0.9681371085734133, 'bagging_freq': 2, 'min_child_samples': 97}. Best is trial 112 with value: 0.8188487174485688.
[I 2025-04-08 01:36:18,120] Trial 191 finished with value: 0.8175909963958169 and parameters: {'lambda_l1': 2.652015258323752, 'lambda_l2': 0.8878348036629524, 'num_leaves': 38, 'feature_fraction': 0.5238821395387006, 'bagging_fraction': 0.9674590103912084, 'bagging_freq': 2, 'min_child_samples': 94}. Best is trial 112 with value: 0.8188487174485688.
[I 2025-04-08 01:36:19,735] Trial 192 finished with value: 0.8174232639383124 and parameters: {'lambda_l1': 1.6743727389917744, 'lambda_l2': 0.10505678167362295, 'num_leaves': 41, 'feature_fraction': 0.537049964632836, 'bagging_fraction': 0.9868226474765698, 'bagging_freq': 2, 'min_child_samples': 97}. Best is trial 112 with value: 0.8188487174485688.
[I 2025-04-08 01:36:21,158] Trial 193 finished with value: 0.8173394416415813 and parameters: {'lambda_l1': 5.806613905150772, 'lambda_l2': 0.5005660776104927, 'num_leaves': 36, 'feature_fraction': 0.5619339237193589, 'bagging_fraction': 0.9514405391507366, 'bagging_freq': 2, 'min_child_samples': 122}. Best is trial 112 with value: 0.8188487174485688.
[I 2025-04-08 01:36:22,561] Trial 194 finished with value: 0.8185551461091165 and parameters: {'lambda_l1': 0.9514057484568362, 'lambda_l2': 3.734215563764646, 'num_leaves': 33, 'feature_fraction': 0.5019004899638706, 'bagging_fraction': 0.9756377256173188, 'bagging_freq': 3, 'min_child_samples': 103}. Best is trial 112 with value: 0.8188487174485688.
[I 2025-04-08 01:36:24,045] Trial 195 finished with value: 0.8182199272134272 and parameters: {'lambda_l1': 1.246464142661073, 'lambda_l2': 6.595539902546672, 'num_leaves': 31, 'feature_fraction': 0.5138909915120563, 'bagging_fraction': 0.9683606698643353, 'bagging_freq': 2, 'min_child_samples': 103}. Best is trial 112 with value: 0.8188487174485688.
[I 2025-04-08 01:36:26,286] Trial 196 finished with value: 0.8182617504977499 and parameters: {'lambda_l1': 3.7673665337658604, 'lambda_l2': 3.600609130603723, 'num_leaves': 47, 'feature_fraction': 0.5275711608547224, 'bagging_fraction': 0.9516321248911491, 'bagging_freq': 1, 'min_child_samples': 97}. Best is trial 112 with value: 0.8188487174485688.
[I 2025-04-08 01:36:27,575] Trial 197 finished with value: 0.816333205051831 and parameters: {'lambda_l1': 0.7417677609198368, 'lambda_l2': 19.82853831737114, 'num_leaves': 34, 'feature_fraction': 0.5459300838314582, 'bagging_fraction': 0.5875738379034001, 'bagging_freq': 4, 'min_child_samples': 101}. Best is trial 112 with value: 0.8188487174485688.
[I 2025-04-08 01:36:28,720] Trial 198 finished with value: 0.8159142341506446 and parameters: {'lambda_l1': 11.241299773424123, 'lambda_l2': 1.5938678365569805, 'num_leaves': 28, 'feature_fraction': 0.5706909361016795, 'bagging_fraction': 0.712843052435001, 'bagging_freq': 2, 'min_child_samples': 106}. Best is trial 112 with value: 0.8188487174485688.
[I 2025-04-08 01:36:30,281] Trial 199 finished with value: 0.8195195066961187 and parameters: {'lambda_l1': 1.6871240681401314, 'lambda_l2': 4.960990046092323, 'num_leaves': 42, 'feature_fraction': 0.5555169841946361, 'bagging_fraction': 0.9731603951511928, 'bagging_freq': 1, 'min_child_samples': 99}. Best is trial 199 with value: 0.8195195066961187.
[I 2025-04-08 01:36:31,978] Trial 200 finished with value: 0.8188069644554801 and parameters: {'lambda_l1': 2.1637658965248896, 'lambda_l2': 10.054097241759973, 'num_leaves': 43, 'feature_fraction': 0.7836589381953012, 'bagging_fraction': 0.9415050122634957, 'bagging_freq': 1, 'min_child_samples': 99}. Best is trial 199 with value: 0.8195195066961187.
[I 2025-04-08 01:36:33,612] Trial 201 finished with value: 0.818219962359044 and parameters: {'lambda_l1': 1.878291124527268, 'lambda_l2': 12.62543311901129, 'num_leaves': 44, 'feature_fraction': 0.8105308478047855, 'bagging_fraction': 0.9412656946847056, 'bagging_freq': 1, 'min_child_samples': 91}. Best is trial 199 with value: 0.8195195066961187.
[I 2025-04-08 01:36:35,341] Trial 202 finished with value: 0.8187229840034723 and parameters: {'lambda_l1': 5.5428727556990856, 'lambda_l2': 4.958358011006762, 'num_leaves': 49, 'feature_fraction': 0.8630335330300143, 'bagging_fraction': 0.927863344857523, 'bagging_freq': 1, 'min_child_samples': 99}. Best is trial 199 with value: 0.8195195066961187.
[I 2025-04-08 01:36:37,680] Trial 203 finished with value: 0.8178844622984179 and parameters: {'lambda_l1': 5.134280186365924, 'lambda_l2': 5.447502148361602, 'num_leaves': 50, 'feature_fraction': 0.91493716693181, 'bagging_fraction': 0.9046190565762344, 'bagging_freq': 1, 'min_child_samples': 94}. Best is trial 199 with value: 0.8195195066961187.
[I 2025-04-08 01:36:39,425] Trial 204 finished with value: 0.8178425160044354 and parameters: {'lambda_l1': 3.029272051752554, 'lambda_l2': 3.3005352230188034, 'num_leaves': 48, 'feature_fraction': 0.8042888605132898, 'bagging_fraction': 0.9236656994892194, 'bagging_freq': 1, 'min_child_samples': 97}. Best is trial 199 with value: 0.8195195066961187.
[I 2025-04-08 01:36:41,201] Trial 205 finished with value: 0.8175491379658771 and parameters: {'lambda_l1': 2.3022175009434873, 'lambda_l2': 35.10404869978639, 'num_leaves': 53, 'feature_fraction': 0.7815126541291646, 'bagging_fraction': 0.9300414593043934, 'bagging_freq': 1, 'min_child_samples': 100}. Best is trial 199 with value: 0.8195195066961187.
[I 2025-04-08 01:36:42,839] Trial 206 finished with value: 0.8183876245253145 and parameters: {'lambda_l1': 1.0516425633469568, 'lambda_l2': 6.564855299010176, 'num_leaves': 42, 'feature_fraction': 0.8720420281070461, 'bagging_fraction': 0.9595617285668638, 'bagging_freq': 1, 'min_child_samples': 98}. Best is trial 199 with value: 0.8195195066961187.
