[I 2025-04-08 20:55:48,174] Trial 168 finished with value: 0.8154530357905392 and parameters: {'max_depth': 20, 'learning_rate': 0.04857142620603123, 'n_estimators': 200, 'gamma': 0.365097406853722, 'min_child_weight': 6, 'subsample': 0.8488707486262604, 'colsample_bytree': 0.9331855576515428}. Best is trial 83 with value: 0.8192260935119433.
[I 2025-04-08 20:55:50,723] Trial 169 finished with value: 0.8150755015718879 and parameters: {'max_depth': 16, 'learning_rate': 0.06953902210354292, 'n_estimators': 227, 'gamma': 0.4659483646607279, 'min_child_weight': 6, 'subsample': 0.8167607641097874, 'colsample_bytree': 0.7212897957638748}. Best is trial 83 with value: 0.8192260935119433.
[I 2025-04-08 20:55:52,781] Trial 170 finished with value: 0.7952878338174643 and parameters: {'max_depth': 19, 'learning_rate': 0.02056067959074945, 'n_estimators': 156, 'gamma': 0.42123012835201884, 'min_child_weight': 6, 'subsample': 0.8348368827606069, 'colsample_bytree': 0.5996040044231531}. Best is trial 83 with value: 0.8192260935119433.
[I 2025-04-08 20:55:54,201] Trial 171 finished with value: 0.8184295005280628 and parameters: {'max_depth': 7, 'learning_rate': 0.05079683840715773, 'n_estimators': 215, 'gamma': 0.4574149042839128, 'min_child_weight': 6, 'subsample': 0.8856835046625127, 'colsample_bytree': 0.7391516030518117}. Best is trial 83 with value: 0.8192260935119433.
[I 2025-04-08 20:55:55,663] Trial 172 finished with value: 0.8172136203324424 and parameters: {'max_depth': 7, 'learning_rate': 0.03579028397148992, 'n_estimators': 218, 'gamma': 0.47814239290856114, 'min_child_weight': 6, 'subsample': 0.8817090189796118, 'colsample_bytree': 0.7328561059136685}. Best is trial 83 with value: 0.8192260935119433.
[I 2025-04-08 20:55:56,968] Trial 173 finished with value: 0.8170037834256785 and parameters: {'max_depth': 6, 'learning_rate': 0.050880777703272775, 'n_estimators': 213, 'gamma': 0.4605778411621101, 'min_child_weight': 6, 'subsample': 0.9030701876589953, 'colsample_bytree': 0.7378366777063683}. Best is trial 83 with value: 0.8192260935119433.
[I 2025-04-08 20:55:59,904] Trial 174 finished with value: 0.8186809322726386 and parameters: {'max_depth': 14, 'learning_rate': 0.028889812311305236, 'n_estimators': 208, 'gamma': 0.4496394759012667, 'min_child_weight': 6, 'subsample': 0.9174259934462319, 'colsample_bytree': 0.7749695858741007}. Best is trial 83 with value: 0.8192260935119433.
[I 2025-04-08 20:56:01,783] Trial 175 finished with value: 0.8168782784270929 and parameters: {'max_depth': 24, 'learning_rate': 0.08115070663598854, 'n_estimators': 207, 'gamma': 0.4575075685028859, 'min_child_weight': 6, 'subsample': 0.9215972866582494, 'colsample_bytree': 0.7610791976898039}. Best is trial 83 with value: 0.8192260935119433.
[I 2025-04-08 20:56:04,456] Trial 176 finished with value: 0.8178006400016871 and parameters: {'max_depth': 14, 'learning_rate': 0.0294051336750493, 'n_estimators': 216, 'gamma': 0.4328780320676889, 'min_child_weight': 3, 'subsample': 0.8931349704419502, 'colsample_bytree': 0.7742360120075685}. Best is trial 83 with value: 0.8192260935119433.
[I 2025-04-08 20:56:06,295] Trial 177 finished with value: 0.817926426165209 and parameters: {'max_depth': 17, 'learning_rate': 0.06040142008432581, 'n_estimators': 188, 'gamma': 0.441741622477302, 'min_child_weight': 6, 'subsample': 0.9409264389523936, 'colsample_bytree': 0.6872936757050928}. Best is trial 83 with value: 0.8192260935119433.
[I 2025-04-08 20:56:09,396] Trial 178 finished with value: 0.8179684076048087 and parameters: {'max_depth': 16, 'learning_rate': 0.04024986912914321, 'n_estimators': 223, 'gamma': 0.49136746140372756, 'min_child_weight': 6, 'subsample': 0.8881212993935504, 'colsample_bytree': 0.7469668516369429}. Best is trial 83 with value: 0.8192260935119433.
[I 2025-04-08 20:56:10,978] Trial 179 finished with value: 0.8166686875396486 and parameters: {'max_depth': 15, 'learning_rate': 0.10502680721928784, 'n_estimators': 209, 'gamma': 0.538773486956529, 'min_child_weight': 6, 'subsample': 0.9082888644135597, 'colsample_bytree': 0.6279923668995471}. Best is trial 83 with value: 0.8192260935119433.
[I 2025-04-08 20:56:12,976] Trial 180 finished with value: 0.8169622237334837 and parameters: {'max_depth': 13, 'learning_rate': 0.07159172447873408, 'n_estimators': 195, 'gamma': 0.4038626688299499, 'min_child_weight': 6, 'subsample': 0.8574575056223434, 'colsample_bytree': 0.6564463694972239}. Best is trial 83 with value: 0.8192260935119433.
[I 2025-04-08 20:56:15,255] Trial 181 finished with value: 0.8178424632860098 and parameters: {'max_depth': 14, 'learning_rate': 0.026898194994171096, 'n_estimators': 178, 'gamma': 0.45036147085929806, 'min_child_weight': 6, 'subsample': 0.7502049454229596, 'colsample_bytree': 0.7124109089720707}. Best is trial 83 with value: 0.8192260935119433.
[I 2025-04-08 20:56:16,746] Trial 182 finished with value: 0.8186810201366812 and parameters: {'max_depth': 7, 'learning_rate': 0.05015279410532683, 'n_estimators': 214, 'gamma': 0.4754740610088452, 'min_child_weight': 6, 'subsample': 0.7684912740034454, 'colsample_bytree': 0.9643124495875179}. Best is trial 83 with value: 0.8192260935119433.
[I 2025-04-08 20:56:20,142] Trial 183 finished with value: 0.8162074540339261 and parameters: {'max_depth': 18, 'learning_rate': 0.04655456803625162, 'n_estimators': 202, 'gamma': 0.48750905864756144, 'min_child_weight': 6, 'subsample': 0.7940021302485897, 'colsample_bytree': 0.9651302234388722}. Best is trial 83 with value: 0.8192260935119433.
[I 2025-04-08 20:56:21,652] Trial 184 finished with value: 0.8182199799318527 and parameters: {'max_depth': 7, 'learning_rate': 0.05528759792517485, 'n_estimators': 214, 'gamma': 0.4684210797249215, 'min_child_weight': 6, 'subsample': 0.7706617705773238, 'colsample_bytree': 0.7682625935113484}. Best is trial 83 with value: 0.8192260935119433.
[I 2025-04-08 20:56:23,335] Trial 185 finished with value: 0.8181359994798448 and parameters: {'max_depth': 8, 'learning_rate': 0.03612523266927209, 'n_estimators': 213, 'gamma': 0.468302180099493, 'min_child_weight': 6, 'subsample': 0.7813386193397734, 'colsample_bytree': 0.7693882278858508}. Best is trial 83 with value: 0.8192260935119433.
[I 2025-04-08 20:56:24,662] Trial 186 finished with value: 0.8182196460484905 and parameters: {'max_depth': 6, 'learning_rate': 0.051648952548624186, 'n_estimators': 223, 'gamma': 0.45890998910150654, 'min_child_weight': 6, 'subsample': 0.8464662144732513, 'colsample_bytree': 0.7830361197817483}. Best is trial 83 with value: 0.8192260935119433.
[I 2025-04-08 20:56:26,067] Trial 187 finished with value: 0.818010055161046 and parameters: {'max_depth': 7, 'learning_rate': 0.06552321537152238, 'n_estimators': 205, 'gamma': 0.4169717182467587, 'min_child_weight': 6, 'subsample': 0.8005058661488708, 'colsample_bytree': 0.9869987908537986}. Best is trial 83 with value: 0.8192260935119433.
[I 2025-04-08 20:56:29,120] Trial 188 finished with value: 0.8176330129810336 and parameters: {'max_depth': 19, 'learning_rate': 0.03233736456970194, 'n_estimators': 218, 'gamma': 0.47663247631521866, 'min_child_weight': 6, 'subsample': 0.7662230171823441, 'colsample_bytree': 0.7592551927561992}. Best is trial 83 with value: 0.8192260935119433.
[I 2025-04-08 20:56:31,013] Trial 189 finished with value: 0.8189325748909168 and parameters: {'max_depth': 7, 'learning_rate': 0.04965942796752538, 'n_estimators': 211, 'gamma': 0.44747636107011196, 'min_child_weight': 7, 'subsample': 0.7737084692145739, 'colsample_bytree': 0.9552267587429553}. Best is trial 83 with value: 0.8192260935119433.
[I 2025-04-08 20:56:32,507] Trial 190 finished with value: 0.8180100727338546 and parameters: {'max_depth': 6, 'learning_rate': 0.04452286078538174, 'n_estimators': 213, 'gamma': 0.4335089273719963, 'min_child_weight': 7, 'subsample': 0.7765111518497361, 'colsample_bytree': 0.9593375378853263}. Best is trial 83 with value: 0.8192260935119433.
[I 2025-04-08 20:56:34,219] Trial 191 finished with value: 0.8180942289139477 and parameters: {'max_depth': 7, 'learning_rate': 0.055600865273046036, 'n_estimators': 209, 'gamma': 0.42778268822805315, 'min_child_weight': 2, 'subsample': 0.7598958495754085, 'colsample_bytree': 0.9746454040403523}. Best is trial 83 with value: 0.8192260935119433.
[I 2025-04-08 20:56:37,659] Trial 192 finished with value: 0.811050889096248 and parameters: {'max_depth': 29, 'learning_rate': 0.08206529519548485, 'n_estimators': 229, 'gamma': 0.46914542503816775, 'min_child_weight': 7, 'subsample': 0.7697570781137775, 'colsample_bytree': 0.9468047433809349}. Best is trial 83 with value: 0.8192260935119433.
[I 2025-04-08 20:56:39,270] Trial 193 finished with value: 0.8182198569221928 and parameters: {'max_depth': 8, 'learning_rate': 0.040526787916913574, 'n_estimators': 200, 'gamma': 0.4500821551289951, 'min_child_weight': 7, 'subsample': 0.8107824790904617, 'colsample_bytree': 0.7402265782395661}. Best is trial 83 with value: 0.8192260935119433.
[I 2025-04-08 20:56:41,098] Trial 194 finished with value: 0.8127280555160168 and parameters: {'max_depth': 7, 'learning_rate': 0.022121966765423724, 'n_estimators': 201, 'gamma': 0.44739770408815327, 'min_child_weight': 7, 'subsample': 0.8143750474058639, 'colsample_bytree': 0.7503310499907208}. Best is trial 83 with value: 0.8192260935119433.
[I 2025-04-08 20:56:42,860] Trial 195 finished with value: 0.8174652629507205 and parameters: {'max_depth': 8, 'learning_rate': 0.030052320128645664, 'n_estimators': 220, 'gamma': 0.44816644499317304, 'min_child_weight': 7, 'subsample': 0.7890814343689014, 'colsample_bytree': 0.7247239414275461}. Best is trial 83 with value: 0.8192260935119433.
[I 2025-04-08 20:56:44,140] Trial 196 finished with value: 0.8154527546256025 and parameters: {'max_depth': 6, 'learning_rate': 0.04089059604219868, 'n_estimators': 209, 'gamma': 0.45459437501477856, 'min_child_weight': 7, 'subsample': 0.7812110695667941, 'colsample_bytree': 0.7411211856198902}. Best is trial 83 with value: 0.8192260935119433.
[I 2025-04-08 20:56:45,683] Trial 197 finished with value: 0.8122248405706947 and parameters: {'max_depth': 8, 'learning_rate': 0.015286679408669996, 'n_estimators': 196, 'gamma': 0.504542768144649, 'min_child_weight': 7, 'subsample': 0.8278761702782572, 'colsample_bytree': 0.7284099078991497}. Best is trial 83 with value: 0.8192260935119433.
[I 2025-04-08 20:56:47,454] Trial 198 finished with value: 0.8175911018326681 and parameters: {'max_depth': 9, 'learning_rate': 0.02582567155640507, 'n_estimators': 204, 'gamma': 0.4617034855008279, 'min_child_weight': 7, 'subsample': 0.8037789785770121, 'colsample_bytree': 0.7547116572709331}. Best is trial 83 with value: 0.8192260935119433.
[I 2025-04-08 20:56:48,752] Trial 199 finished with value: 0.8177585882708531 and parameters: {'max_depth': 6, 'learning_rate': 0.05137111041570447, 'n_estimators': 214, 'gamma': 0.4374300403828279, 'min_child_weight': 7, 'subsample': 0.7698354600670119, 'colsample_bytree': 0.7407943197281129}. Best is trial 83 with value: 0.8192260935119433.
[I 2025-04-08 20:56:49,940] Trial 200 finished with value: 0.8120991071255983 and parameters: {'max_depth': 5, 'learning_rate': 0.03671691341185495, 'n_estimators': 220, 'gamma': 0.3967531404517638, 'min_child_weight': 7, 'subsample': 0.8661016449567321, 'colsample_bytree': 0.7696552554978394}. Best is trial 83 with value: 0.8192260935119433.
[I 2025-04-08 20:56:51,869] Trial 201 finished with value: 0.8178425511500524 and parameters: {'max_depth': 7, 'learning_rate': 0.06527779667127045, 'n_estimators': 188, 'gamma': 0.4213815525987318, 'min_child_weight': 6, 'subsample': 0.794724532580944, 'colsample_bytree': 0.9569972874756507}. Best is trial 83 with value: 0.8192260935119433.
[I 2025-04-08 20:56:53,413] Trial 202 finished with value: 0.817800640001687 and parameters: {'max_depth': 8, 'learning_rate': 0.045820472053042946, 'n_estimators': 193, 'gamma': 0.4794954237844145, 'min_child_weight': 6, 'subsample': 0.7521712958501617, 'colsample_bytree': 0.7934398122059036}. Best is trial 83 with value: 0.8192260935119433.
[I 2025-04-08 20:56:56,829] Trial 203 finished with value: 0.810170385951594 and parameters: {'max_depth': 17, 'learning_rate': 0.08135798185523618, 'n_estimators': 226, 'gamma': 0.017616709530028685, 'min_child_weight': 6, 'subsample': 0.7816616148204681, 'colsample_bytree': 0.7532474600774148}. Best is trial 83 with value: 0.8192260935119433.
[I 2025-04-08 20:56:58,477] Trial 204 finished with value: 0.7686242248194833 and parameters: {'max_depth': 7, 'learning_rate': 0.004086653726497485, 'n_estimators': 199, 'gamma': 0.44739892922312735, 'min_child_weight': 6, 'subsample': 0.6616256370762796, 'colsample_bytree': 0.6369670998947329}. Best is trial 83 with value: 0.8192260935119433.
[I 2025-04-08 20:57:00,383] Trial 205 finished with value: 0.8183874487972291 and parameters: {'max_depth': 8, 'learning_rate': 0.05903302837628996, 'n_estimators': 216, 'gamma': 0.3353836363589109, 'min_child_weight': 7, 'subsample': 0.8075656802108978, 'colsample_bytree': 0.9395792085140254}. Best is trial 83 with value: 0.8192260935119433.
[I 2025-04-08 20:57:03,541] Trial 206 finished with value: 0.8157883074046544 and parameters: {'max_depth': 15, 'learning_rate': 0.05952362315856718, 'n_estimators': 216, 'gamma': 0.3329631515578274, 'min_child_weight': 7, 'subsample': 0.8055551252297849, 'colsample_bytree': 0.9386438359005779}. Best is trial 83 with value: 0.8192260935119433.
[I 2025-04-08 20:57:05,314] Trial 207 finished with value: 0.8191002370571872 and parameters: {'max_depth': 8, 'learning_rate': 0.03234287967389199, 'n_estimators': 234, 'gamma': 0.3489346649478857, 'min_child_weight': 7, 'subsample': 0.8196126956129935, 'colsample_bytree': 0.9514554779812276}. Best is trial 83 with value: 0.8192260935119433.
[I 2025-04-08 20:57:07,203] Trial 208 finished with value: 0.8162495409103769 and parameters: {'max_depth': 8, 'learning_rate': 0.01872723605563036, 'n_estimators': 232, 'gamma': 0.3520413964463541, 'min_child_weight': 7, 'subsample': 0.82707408498431, 'colsample_bytree': 0.9509762963268995}. Best is trial 83 with value: 0.8192260935119433.
[I 2025-04-08 20:57:08,775] Trial 209 finished with value: 0.8181361576351218 and parameters: {'max_depth': 7, 'learning_rate': 0.0319565329633555, 'n_estimators': 207, 'gamma': 0.3348166112504365, 'min_child_weight': 7, 'subsample': 0.8156604327133203, 'colsample_bytree': 0.9523751522521299}. Best is trial 83 with value: 0.8192260935119433.
[I 2025-04-08 20:57:10,724] Trial 210 finished with value: 0.8185971626943334 and parameters: {'max_depth': 9, 'learning_rate': 0.024157079647323956, 'n_estimators': 212, 'gamma': 0.3712885702881188, 'min_child_weight': 7, 'subsample': 0.832818903213654, 'colsample_bytree': 0.930096091671976}. Best is trial 83 with value: 0.8192260935119433.
[I 2025-04-08 20:57:13,056] Trial 211 finished with value: 0.818094105904288 and parameters: {'max_depth': 9, 'learning_rate': 0.025039834570711225, 'n_estimators': 211, 'gamma': 0.3561399445169025, 'min_child_weight': 7, 'subsample': 0.8405693698775195, 'colsample_bytree': 0.9238079609557341}. Best is trial 83 with value: 0.8192260935119433.
[I 2025-04-08 20:57:14,577] Trial 212 finished with value: 0.8174653332419549 and parameters: {'max_depth': 7, 'learning_rate': 0.03701208998272357, 'n_estimators': 215, 'gamma': 0.34289406984449056, 'min_child_weight': 7, 'subsample': 0.8270716881104702, 'colsample_bytree': 0.9345045325924464}. Best is trial 83 with value: 0.8192260935119433.
[I 2025-04-08 20:57:16,542] Trial 213 finished with value: 0.818597215412759 and parameters: {'max_depth': 9, 'learning_rate': 0.027523746215682158, 'n_estimators': 221, 'gamma': 0.37370917643416507, 'min_child_weight': 7, 'subsample': 0.8149927909381267, 'colsample_bytree': 0.9411007990745864}. Best is trial 83 with value: 0.8192260935119433.
[I 2025-04-08 20:57:18,580] Trial 214 finished with value: 0.8177168528505732 and parameters: {'max_depth': 9, 'learning_rate': 0.019216762954285326, 'n_estimators': 222, 'gamma': 0.3781632469484438, 'min_child_weight': 7, 'subsample': 0.8384171560066481, 'colsample_bytree': 0.9633207668613074}. Best is trial 83 with value: 0.8192260935119433.
[I 2025-04-08 20:57:20,041] Trial 215 finished with value: 0.8140695110014567 and parameters: {'max_depth': 6, 'learning_rate': 0.025413716570905326, 'n_estimators': 218, 'gamma': 0.3674523490599182, 'min_child_weight': 7, 'subsample': 0.8213188376960604, 'colsample_bytree': 0.9420339799248068}. Best is trial 83 with value: 0.8192260935119433.
[I 2025-04-08 20:57:24,110] Trial 216 finished with value: 0.8182199447862356 and parameters: {'max_depth': 16, 'learning_rate': 0.030366190593421508, 'n_estimators': 227, 'gamma': 0.3156186999940324, 'min_child_weight': 7, 'subsample': 0.853773524857767, 'colsample_bytree': 0.9274220129708771}. Best is trial 83 with value: 0.8192260935119433.
[I 2025-04-08 20:57:26,997] Trial 217 finished with value: 0.8178006927201127 and parameters: {'max_depth': 13, 'learning_rate': 0.02967833687511769, 'n_estimators': 234, 'gamma': 0.3001868624845978, 'min_child_weight': 7, 'subsample': 0.8494939672285485, 'colsample_bytree': 0.9294371587347735}. Best is trial 83 with value: 0.8192260935119433.
[I 2025-04-08 20:57:30,176] Trial 218 finished with value: 0.8181361224895045 and parameters: {'max_depth': 16, 'learning_rate': 0.025467484753683454, 'n_estimators': 226, 'gamma': 0.32447824639202294, 'min_child_weight': 7, 'subsample': 0.7903227096406185, 'colsample_bytree': 0.9233262786479509}. Best is trial 83 with value: 0.8192260935119433.
[I 2025-04-08 20:57:32,567] Trial 219 finished with value: 0.816459184516247 and parameters: {'max_depth': 9, 'learning_rate': 0.014220595515043906, 'n_estimators': 212, 'gamma': 0.31277971350611783, 'min_child_weight': 7, 'subsample': 0.8509394124762335, 'colsample_bytree': 0.9441007682045566}. Best is trial 83 with value: 0.8192260935119433.
[I 2025-04-08 20:57:35,809] Trial 220 finished with value: 0.8186811607191498 and parameters: {'max_depth': 15, 'learning_rate': 0.021715155945180777, 'n_estimators': 238, 'gamma': 0.3674247694880435, 'min_child_weight': 7, 'subsample': 0.7979929408266574, 'colsample_bytree': 0.9782158400206261}. Best is trial 83 with value: 0.8192260935119433.
[I 2025-04-08 20:57:39,182] Trial 221 finished with value: 0.818177998492253 and parameters: {'max_depth': 15, 'learning_rate': 0.019981148618838415, 'n_estimators': 237, 'gamma': 0.3544061016407557, 'min_child_weight': 7, 'subsample': 0.7750799928336334, 'colsample_bytree': 0.9500303560430079}. Best is trial 83 with value: 0.8192260935119433.
[I 2025-04-08 20:57:43,157] Trial 222 finished with value: 0.8180104769084509 and parameters: {'max_depth': 14, 'learning_rate': 0.01932902569549797, 'n_estimators': 242, 'gamma': 0.3794514127052943, 'min_child_weight': 7, 'subsample': 0.7976872352846339, 'colsample_bytree': 0.974810726522382}. Best is trial 83 with value: 0.8192260935119433.
[I 2025-04-08 20:57:46,545] Trial 223 finished with value: 0.8185553042643935 and parameters: {'max_depth': 15, 'learning_rate': 0.029283011733515944, 'n_estimators': 230, 'gamma': 0.36852058845407765, 'min_child_weight': 7, 'subsample': 0.8632172652912213, 'colsample_bytree': 0.9813695498488659}. Best is trial 83 with value: 0.8192260935119433.
[I 2025-04-08 20:57:48,159] Trial 224 finished with value: 0.8162913641946998 and parameters: {'max_depth': 7, 'learning_rate': 0.022450297104245082, 'n_estimators': 231, 'gamma': 0.3896142482237031, 'min_child_weight': 7, 'subsample': 0.8720386164504212, 'colsample_bytree': 0.9782277775907067}. Best is trial 83 with value: 0.8192260935119433.
[I 2025-04-08 20:57:51,108] Trial 225 finished with value: 0.8178006224288785 and parameters: {'max_depth': 15, 'learning_rate': 0.015609050076646314, 'n_estimators': 208, 'gamma': 0.3704365165261446, 'min_child_weight': 7, 'subsample': 0.7601993110678158, 'colsample_bytree': 0.9933135266634127}. Best is trial 83 with value: 0.8192260935119433.
[I 2025-04-08 20:57:52,776] Trial 226 finished with value: 0.8189326451821509 and parameters: {'max_depth': 8, 'learning_rate': 0.03446157525187763, 'n_estimators': 216, 'gamma': 0.3449729295742334, 'min_child_weight': 7, 'subsample': 0.8073277580624917, 'colsample_bytree': 0.9645702440148867}. Best is trial 83 with value: 0.8192260935119433.
[I 2025-04-08 20:57:54,908] Trial 227 finished with value: 0.818806929309863 and parameters: {'max_depth': 8, 'learning_rate': 0.03052054127396836, 'n_estimators': 240, 'gamma': 0.3456857643219635, 'min_child_weight': 7, 'subsample': 0.8049963931154954, 'colsample_bytree': 0.967917702590844}. Best is trial 83 with value: 0.8192260935119433.
[I 2025-04-08 20:57:57,146] Trial 228 finished with value: 0.8192260056479007 and parameters: {'max_depth': 10, 'learning_rate': 0.031141845034877335, 'n_estimators': 237, 'gamma': 0.3507838902886731, 'min_child_weight': 7, 'subsample': 0.8166851600936433, 'colsample_bytree': 0.9677661639843765}. Best is trial 83 with value: 0.8192260935119433.
[I 2025-04-08 20:57:59,244] Trial 229 finished with value: 0.8178846555993118 and parameters: {'max_depth': 9, 'learning_rate': 0.034015588006070054, 'n_estimators': 249, 'gamma': 0.3387102854493699, 'min_child_weight': 7, 'subsample': 0.8106225659116066, 'colsample_bytree': 0.9684456507896454}. Best is trial 83 with value: 0.8192260935119433.
[I 2025-04-08 20:58:01,221] Trial 230 finished with value: 0.816668863267734 and parameters: {'max_depth': 8, 'learning_rate': 0.02084534801620931, 'n_estimators': 237, 'gamma': 0.3517912785910115, 'min_child_weight': 7, 'subsample': 0.8211091677512276, 'colsample_bytree': 0.9809100381962594}. Best is trial 83 with value: 0.8192260935119433.
