[I 2025-04-08 01:44:01,199] Trial 117 finished with value: 0.8105060265946884 and parameters: {'lambda_l1': 2.2668485658761472e-09, 'lambda_l2': 0.0020930964512477497, 'num_leaves': 31, 'feature_fraction': 0.6028923824077825, 'bagging_fraction': 0.797758535622967, 'bagging_freq': 2, 'min_child_samples': 105}. Best is trial 93 with value: 0.8169201895754586.
[I 2025-04-08 01:44:02,590] Trial 118 finished with value: 0.8150337837244163 and parameters: {'lambda_l1': 4.083132763351293e-09, 'lambda_l2': 0.010389038051070755, 'num_leaves': 27, 'feature_fraction': 0.65542279723336, 'bagging_fraction': 0.842441603318035, 'bagging_freq': 1, 'min_child_samples': 109}. Best is trial 93 with value: 0.8169201895754586.
[I 2025-04-08 01:44:04,032] Trial 119 finished with value: 0.814782334407032 and parameters: {'lambda_l1': 1.1910184577353729e-09, 'lambda_l2': 0.0037274757189429907, 'num_leaves': 42, 'feature_fraction': 0.6457702352043134, 'bagging_fraction': 0.726308335545858, 'bagging_freq': 2, 'min_child_samples': 112}. Best is trial 93 with value: 0.8169201895754586.
[I 2025-04-08 01:44:05,112] Trial 120 finished with value: 0.8157041687973697 and parameters: {'lambda_l1': 6.8852765180774646e-09, 'lambda_l2': 0.0013782382653038977, 'num_leaves': 25, 'feature_fraction': 0.7181330936487601, 'bagging_fraction': 0.7814376646632486, 'bagging_freq': 2, 'min_child_samples': 98}. Best is trial 93 with value: 0.8169201895754586.
[I 2025-04-08 01:44:06,364] Trial 121 finished with value: 0.8156203465006389 and parameters: {'lambda_l1': 2.8612417363036155e-09, 'lambda_l2': 0.005968961309694011, 'num_leaves': 32, 'feature_fraction': 0.6618341231030781, 'bagging_fraction': 0.8271782175364336, 'bagging_freq': 1, 'min_child_samples': 102}. Best is trial 93 with value: 0.8169201895754586.
[I 2025-04-08 01:44:08,192] Trial 122 finished with value: 0.8160397391492301 and parameters: {'lambda_l1': 3.9218104659379343e-08, 'lambda_l2': 0.036595357463273887, 'num_leaves': 38, 'feature_fraction': 0.6715207906842113, 'bagging_fraction': 0.8604166074390608, 'bagging_freq': 13, 'min_child_samples': 108}. Best is trial 93 with value: 0.8169201895754586.
[I 2025-04-08 01:44:09,192] Trial 123 finished with value: 0.8145723920634168 and parameters: {'lambda_l1': 0.9968841197497016, 'lambda_l2': 0.0006713422328261121, 'num_leaves': 20, 'feature_fraction': 0.6826253069676049, 'bagging_fraction': 0.8052215012149041, 'bagging_freq': 13, 'min_child_samples': 50}. Best is trial 93 with value: 0.8169201895754586.
[I 2025-04-08 01:44:10,770] Trial 124 finished with value: 0.8154528600624538 and parameters: {'lambda_l1': 5.944186037602972e-09, 'lambda_l2': 0.00018984988641892065, 'num_leaves': 46, 'feature_fraction': 0.6969689941938243, 'bagging_fraction': 0.8714507451656036, 'bagging_freq': 12, 'min_child_samples': 92}. Best is trial 93 with value: 0.8169201895754586.
[I 2025-04-08 01:44:11,807] Trial 125 finished with value: 0.8146983012365985 and parameters: {'lambda_l1': 8.377992966294466, 'lambda_l2': 0.0028527930891719877, 'num_leaves': 23, 'feature_fraction': 0.6584753522977536, 'bagging_fraction': 0.8434366260254642, 'bagging_freq': 14, 'min_child_samples': 104}. Best is trial 93 with value: 0.8169201895754586.
[I 2025-04-08 01:44:13,324] Trial 126 finished with value: 0.8162074013155005 and parameters: {'lambda_l1': 0.01055136395445979, 'lambda_l2': 0.0076543161074656635, 'num_leaves': 42, 'feature_fraction': 0.638385880616775, 'bagging_fraction': 0.815547638116513, 'bagging_freq': 1, 'min_child_samples': 100}. Best is trial 93 with value: 0.8169201895754586.
[I 2025-04-08 01:44:14,664] Trial 127 finished with value: 0.8150752555525681 and parameters: {'lambda_l1': 0.004889064172038517, 'lambda_l2': 0.009254654717659863, 'num_leaves': 36, 'feature_fraction': 0.6337358140311419, 'bagging_fraction': 0.7486865270878875, 'bagging_freq': 1, 'min_child_samples': 114}. Best is trial 93 with value: 0.8169201895754586.
[I 2025-04-08 01:44:16,186] Trial 128 finished with value: 0.8160817381616383 and parameters: {'lambda_l1': 0.012759407950687356, 'lambda_l2': 0.061336414438367036, 'num_leaves': 42, 'feature_fraction': 0.6434188044967981, 'bagging_fraction': 0.8175984582614437, 'bagging_freq': 1, 'min_child_samples': 99}. Best is trial 93 with value: 0.8169201895754586.
[I 2025-04-08 01:44:17,426] Trial 129 finished with value: 0.810338592874929 and parameters: {'lambda_l1': 0.0077548736485126835, 'lambda_l2': 1.20463486891017e-06, 'num_leaves': 30, 'feature_fraction': 0.6175087163297813, 'bagging_fraction': 0.7884847730011004, 'bagging_freq': 2, 'min_child_samples': 106}. Best is trial 93 with value: 0.8169201895754586.
[I 2025-04-08 01:44:19,341] Trial 130 finished with value: 0.8154528249168367 and parameters: {'lambda_l1': 0.022438346298370593, 'lambda_l2': 0.0003080475750649103, 'num_leaves': 35, 'feature_fraction': 0.9336830379707861, 'bagging_fraction': 0.8073070481031897, 'bagging_freq': 2, 'min_child_samples': 95}. Best is trial 93 with value: 0.8169201895754586.
[I 2025-04-08 01:44:21,211] Trial 131 finished with value: 0.8143205385714362 and parameters: {'lambda_l1': 0.0003613189110618368, 'lambda_l2': 0.008079159669869863, 'num_leaves': 48, 'feature_fraction': 0.6846172340586448, 'bagging_fraction': 0.5169480821060413, 'bagging_freq': 1, 'min_child_samples': 101}. Best is trial 93 with value: 0.8169201895754586.
[I 2025-04-08 01:44:22,707] Trial 132 finished with value: 0.8142788382967732 and parameters: {'lambda_l1': 0.044725353942145815, 'lambda_l2': 0.0019403139674309471, 'num_leaves': 44, 'feature_fraction': 0.9968957978213895, 'bagging_fraction': 0.8319982014955151, 'bagging_freq': 14, 'min_child_samples': 97}. Best is trial 93 with value: 0.8169201895754586.
[I 2025-04-08 01:44:24,537] Trial 133 finished with value: 0.8144045717418695 and parameters: {'lambda_l1': 0.001799902985152412, 'lambda_l2': 0.017332803701741777, 'num_leaves': 60, 'feature_fraction': 0.6678915655124771, 'bagging_fraction': 0.8789481044327312, 'bagging_freq': 13, 'min_child_samples': 90}. Best is trial 93 with value: 0.8169201895754586.
[I 2025-04-08 01:44:25,909] Trial 134 finished with value: 0.8090386795088753 and parameters: {'lambda_l1': 1.8280650236350862e-09, 'lambda_l2': 0.00099862541802014, 'num_leaves': 40, 'feature_fraction': 0.5872825808685093, 'bagging_fraction': 0.773937682853925, 'bagging_freq': 12, 'min_child_samples': 104}. Best is trial 93 with value: 0.8169201895754586.
[I 2025-04-08 01:44:27,642] Trial 135 finished with value: 0.8145724272090339 and parameters: {'lambda_l1': 0.00010042340221731029, 'lambda_l2': 0.0036996668680524918, 'num_leaves': 53, 'feature_fraction': 0.6271030225848601, 'bagging_fraction': 0.8641826558688224, 'bagging_freq': 13, 'min_child_samples': 94}. Best is trial 93 with value: 0.8169201895754586.
[I 2025-04-08 01:44:29,408] Trial 136 finished with value: 0.8153270914717403 and parameters: {'lambda_l1': 9.86350972972604e-09, 'lambda_l2': 5.290188378416905e-09, 'num_leaves': 28, 'feature_fraction': 0.6538922016504216, 'bagging_fraction': 0.8485286659735427, 'bagging_freq': 7, 'min_child_samples': 99}. Best is trial 93 with value: 0.8169201895754586.
[I 2025-04-08 01:44:30,968] Trial 137 finished with value: 0.8153270738989317 and parameters: {'lambda_l1': 0.0011044176057677414, 'lambda_l2': 5.87810481341369, 'num_leaves': 34, 'feature_fraction': 0.7010142782991647, 'bagging_fraction': 0.9029470347655486, 'bagging_freq': 12, 'min_child_samples': 111}. Best is trial 93 with value: 0.8169201895754586.
[I 2025-04-08 01:44:32,226] Trial 138 finished with value: 0.8147401772393469 and parameters: {'lambda_l1': 1.1515729011992745e-07, 'lambda_l2': 2.9920344923867962e-05, 'num_leaves': 32, 'feature_fraction': 0.8431977649120522, 'bagging_fraction': 0.8884375652594783, 'bagging_freq': 3, 'min_child_samples': 102}. Best is trial 93 with value: 0.8169201895754586.
[I 2025-04-08 01:44:33,490] Trial 139 finished with value: 0.8149497505539829 and parameters: {'lambda_l1': 1.188998059453106e-09, 'lambda_l2': 55.990112096028014, 'num_leaves': 26, 'feature_fraction': 0.8988889117074215, 'bagging_fraction': 0.9241588271176405, 'bagging_freq': 11, 'min_child_samples': 96}. Best is trial 93 with value: 0.8169201895754586.
[I 2025-04-08 01:44:35,205] Trial 140 finished with value: 0.8145301997501146 and parameters: {'lambda_l1': 4.5505494665924477e-07, 'lambda_l2': 10.188003199782994, 'num_leaves': 51, 'feature_fraction': 0.7281966586948628, 'bagging_fraction': 0.8151836723855861, 'bagging_freq': 1, 'min_child_samples': 108}. Best is trial 93 with value: 0.8169201895754586.
[I 2025-04-08 01:44:36,557] Trial 141 finished with value: 0.8164168867660937 and parameters: {'lambda_l1': 1.5343537649592743e-08, 'lambda_l2': 3.2117227741384045, 'num_leaves': 37, 'feature_fraction': 0.7938009169903835, 'bagging_fraction': 0.8928257396278633, 'bagging_freq': 13, 'min_child_samples': 87}. Best is trial 93 with value: 0.8169201895754586.
[I 2025-04-08 01:44:37,889] Trial 142 finished with value: 0.8166264073623039 and parameters: {'lambda_l1': 4.321098487502872e-09, 'lambda_l2': 21.847545384057995, 'num_leaves': 37, 'feature_fraction': 0.8151496039963297, 'bagging_fraction': 0.5921556648014547, 'bagging_freq': 13, 'min_child_samples': 92}. Best is trial 93 with value: 0.8169201895754586.
[I 2025-04-08 01:44:39,929] Trial 143 finished with value: 0.815913847548857 and parameters: {'lambda_l1': 4.30363194813509e-09, 'lambda_l2': 14.213002866004302, 'num_leaves': 38, 'feature_fraction': 0.8076229275451449, 'bagging_fraction': 0.5915737367462781, 'bagging_freq': 13, 'min_child_samples': 88}. Best is trial 93 with value: 0.8169201895754586.
[I 2025-04-08 01:44:41,571] Trial 144 finished with value: 0.8152431285925411 and parameters: {'lambda_l1': 1.9424279549254225e-08, 'lambda_l2': 37.51561272402996, 'num_leaves': 42, 'feature_fraction': 0.7953997580908115, 'bagging_fraction': 0.5962577318716682, 'bagging_freq': 14, 'min_child_samples': 84}. Best is trial 93 with value: 0.8169201895754586.
[I 2025-04-08 01:44:42,923] Trial 145 finished with value: 0.8161655956039862 and parameters: {'lambda_l1': 0.2511514781151605, 'lambda_l2': 8.396429585547137, 'num_leaves': 30, 'feature_fraction': 0.8212393814726534, 'bagging_fraction': 0.6151189610464659, 'bagging_freq': 13, 'min_child_samples': 99}. Best is trial 93 with value: 0.8169201895754586.
[I 2025-04-08 01:44:44,518] Trial 146 finished with value: 0.8160394579842934 and parameters: {'lambda_l1': 1.067821499812759e-08, 'lambda_l2': 21.0349074094039, 'num_leaves': 37, 'feature_fraction': 0.8342261673861732, 'bagging_fraction': 0.8366259795392258, 'bagging_freq': 13, 'min_child_samples': 92}. Best is trial 93 with value: 0.8169201895754586.
[I 2025-04-08 01:44:45,807] Trial 147 finished with value: 0.8150334674138625 and parameters: {'lambda_l1': 2.9502625262930356e-09, 'lambda_l2': 0.015151207287393815, 'num_leaves': 34, 'feature_fraction': 0.781666656791011, 'bagging_fraction': 0.6394526295280402, 'bagging_freq': 14, 'min_child_samples': 106}. Best is trial 93 with value: 0.8169201895754586.
[I 2025-04-08 01:44:47,180] Trial 148 finished with value: 0.8140694934286483 and parameters: {'lambda_l1': 7.093654576054118e-09, 'lambda_l2': 0.030975006698674454, 'num_leaves': 40, 'feature_fraction': 0.8174326817659002, 'bagging_fraction': 0.6770300372345658, 'bagging_freq': 12, 'min_child_samples': 94}. Best is trial 93 with value: 0.8169201895754586.
[I 2025-04-08 01:44:48,262] Trial 149 finished with value: 0.8157041512245611 and parameters: {'lambda_l1': 3.1787377505848145e-08, 'lambda_l2': 0.007235549008147904, 'num_leaves': 24, 'feature_fraction': 0.7927144328086732, 'bagging_fraction': 0.8549365662579688, 'bagging_freq': 12, 'min_child_samples': 102}. Best is trial 93 with value: 0.8169201895754586.
[I 2025-04-08 01:44:49,980] Trial 150 finished with value: 0.8167523341082943 and parameters: {'lambda_l1': 2.012778623140531e-09, 'lambda_l2': 1.2921248076493932e-05, 'num_leaves': 28, 'feature_fraction': 0.8675602926415031, 'bagging_fraction': 0.7978950435208467, 'bagging_freq': 13, 'min_child_samples': 97}. Best is trial 93 with value: 0.8169201895754586.
[I 2025-04-08 01:44:51,278] Trial 151 finished with value: 0.8156623806586639 and parameters: {'lambda_l1': 1.027653801570416e-09, 'lambda_l2': 0.0015298589714446333, 'num_leaves': 28, 'feature_fraction': 0.849639705718325, 'bagging_fraction': 0.8007293507772949, 'bagging_freq': 13, 'min_child_samples': 96}. Best is trial 93 with value: 0.8169201895754586.
[I 2025-04-08 01:44:52,621] Trial 152 finished with value: 0.8136500656344399 and parameters: {'lambda_l1': 2.0901288963320026e-09, 'lambda_l2': 3.237842044997897e-06, 'num_leaves': 32, 'feature_fraction': 0.9142676070973165, 'bagging_fraction': 0.5445157968732472, 'bagging_freq': 13, 'min_child_samples': 91}. Best is trial 93 with value: 0.8169201895754586.
[I 2025-04-08 01:44:53,929] Trial 153 finished with value: 0.8162074188883089 and parameters: {'lambda_l1': 3.786496822559665e-09, 'lambda_l2': 1.3845881432565493e-05, 'num_leaves': 29, 'feature_fraction': 0.8680382544188557, 'bagging_fraction': 0.8259846629639479, 'bagging_freq': 14, 'min_child_samples': 100}. Best is trial 93 with value: 0.8169201895754586.
[I 2025-04-08 01:44:55,002] Trial 154 finished with value: 0.8147401069481127 and parameters: {'lambda_l1': 4.2311859849007325e-09, 'lambda_l2': 1.6185404074350418e-05, 'num_leaves': 22, 'feature_fraction': 0.8685876684605457, 'bagging_fraction': 0.5646230311023046, 'bagging_freq': 15, 'min_child_samples': 97}. Best is trial 93 with value: 0.8169201895754586.
[I 2025-04-08 01:44:56,202] Trial 155 finished with value: 0.8154107028947688 and parameters: {'lambda_l1': 1.2353109282094537e-08, 'lambda_l2': 1.5368470651785918e-06, 'num_leaves': 26, 'feature_fraction': 0.8861177627835123, 'bagging_fraction': 0.829917063431181, 'bagging_freq': 14, 'min_child_samples': 104}. Best is trial 93 with value: 0.8169201895754586.
[I 2025-04-08 01:44:57,507] Trial 156 finished with value: 0.8157464489747145 and parameters: {'lambda_l1': 4.035610147134882e-09, 'lambda_l2': 6.892667703972158e-07, 'num_leaves': 29, 'feature_fraction': 0.8658781278857636, 'bagging_fraction': 0.8779998038112977, 'bagging_freq': 14, 'min_child_samples': 67}. Best is trial 93 with value: 0.8169201895754586.
[I 2025-04-08 01:44:58,898] Trial 157 finished with value: 0.8138596916675013 and parameters: {'lambda_l1': 1.95843398339923e-09, 'lambda_l2': 7.98839260720381e-06, 'num_leaves': 33, 'feature_fraction': 0.8821792322805985, 'bagging_fraction': 0.7943469268560441, 'bagging_freq': 13, 'min_child_samples': 89}. Best is trial 93 with value: 0.8169201895754586.
[I 2025-04-08 01:45:00,862] Trial 158 finished with value: 0.8143628363215895 and parameters: {'lambda_l1': 5.1425582454479464e-09, 'lambda_l2': 9.785991227241597e-05, 'num_leaves': 18, 'feature_fraction': 0.8319299763045325, 'bagging_fraction': 0.8665754690305658, 'bagging_freq': 16, 'min_child_samples': 101}. Best is trial 93 with value: 0.8169201895754586.
[I 2025-04-08 01:45:02,476] Trial 159 finished with value: 0.8154944724730739 and parameters: {'lambda_l1': 0.00018551351095333167, 'lambda_l2': 3.757665180069778e-06, 'num_leaves': 36, 'feature_fraction': 0.8991327481124806, 'bagging_fraction': 0.845602216883091, 'bagging_freq': 15, 'min_child_samples': 93}. Best is trial 93 with value: 0.8169201895754586.
[I 2025-04-08 01:45:03,908] Trial 160 finished with value: 0.8157466774212254 and parameters: {'lambda_l1': 1.4629391503609555e-08, 'lambda_l2': 4.9693459200760736e-05, 'num_leaves': 30, 'feature_fraction': 0.841941816810116, 'bagging_fraction': 0.8928045240323644, 'bagging_freq': 13, 'min_child_samples': 108}. Best is trial 93 with value: 0.8169201895754586.
[I 2025-04-08 01:45:05,430] Trial 161 finished with value: 0.8157460448001181 and parameters: {'lambda_l1': 2.429850276863006e-09, 'lambda_l2': 0.0029321591787838134, 'num_leaves': 45, 'feature_fraction': 0.860898968547648, 'bagging_fraction': 0.82826864515069, 'bagging_freq': 14, 'min_child_samples': 99}. Best is trial 93 with value: 0.8169201895754586.
[I 2025-04-08 01:45:06,827] Trial 162 finished with value: 0.8166685293843716 and parameters: {'lambda_l1': 7.4251348723810336e-09, 'lambda_l2': 1.0650868349728569e-07, 'num_leaves': 39, 'feature_fraction': 0.8028553989345047, 'bagging_fraction': 0.8192454643614819, 'bagging_freq': 12, 'min_child_samples': 105}. Best is trial 93 with value: 0.8169201895754586.
[I 2025-04-08 01:45:08,053] Trial 163 finished with value: 0.8152011822985585 and parameters: {'lambda_l1': 6.464630654429221e-09, 'lambda_l2': 1.1083938645858e-09, 'num_leaves': 32, 'feature_fraction': 0.8161486810381692, 'bagging_fraction': 0.7765452020310943, 'bagging_freq': 12, 'min_child_samples': 106}. Best is trial 93 with value: 0.8169201895754586.
[I 2025-04-08 01:45:09,192] Trial 164 finished with value: 0.8158719715461084 and parameters: {'lambda_l1': 1.6491909259933298e-09, 'lambda_l2': 3.3935246023414405e-07, 'num_leaves': 27, 'feature_fraction': 0.800477609545169, 'bagging_fraction': 0.9144011663006855, 'bagging_freq': 12, 'min_child_samples': 103}. Best is trial 93 with value: 0.8169201895754586.
[I 2025-04-08 01:45:11,105] Trial 165 finished with value: 0.8158719539732999 and parameters: {'lambda_l1': 7.070906976455131e-08, 'lambda_l2': 2.8478103062739927e-08, 'num_leaves': 38, 'feature_fraction': 0.833143482758983, 'bagging_fraction': 0.815558610316603, 'bagging_freq': 13, 'min_child_samples': 97}. Best is trial 93 with value: 0.8169201895754586.
[I 2025-04-08 01:45:12,183] Trial 166 finished with value: 0.8153270387533148 and parameters: {'lambda_l1': 2.447594934533356e-08, 'lambda_l2': 0.0005981637016395102, 'num_leaves': 24, 'feature_fraction': 0.7836841701127112, 'bagging_fraction': 0.8612538249923817, 'bagging_freq': 13, 'min_child_samples': 110}. Best is trial 93 with value: 0.8169201895754586.
[I 2025-04-08 01:45:13,595] Trial 167 finished with value: 0.8165428135120839 and parameters: {'lambda_l1': 7.213923459824882e-09, 'lambda_l2': 1.7298128970045472e-08, 'num_leaves': 33, 'feature_fraction': 0.8019296541381352, 'bagging_fraction': 0.9023648854429388, 'bagging_freq': 12, 'min_child_samples': 105}. Best is trial 93 with value: 0.8169201895754586.
[I 2025-04-08 01:45:15,087] Trial 168 finished with value: 0.8158720594101512 and parameters: {'lambda_l1': 8.940098953067168e-09, 'lambda_l2': 9.832548465778575e-08, 'num_leaves': 35, 'feature_fraction': 0.7727568175400803, 'bagging_fraction': 0.9349686988407568, 'bagging_freq': 11, 'min_child_samples': 107}. Best is trial 93 with value: 0.8169201895754586.
[I 2025-04-08 01:45:16,900] Trial 169 finished with value: 0.815452965499305 and parameters: {'lambda_l1': 1.4046753318992301e-08, 'lambda_l2': 7.877407975468768e-08, 'num_leaves': 40, 'feature_fraction': 0.8128712578906644, 'bagging_fraction': 0.9017967675810945, 'bagging_freq': 12, 'min_child_samples': 103}. Best is trial 93 with value: 0.8169201895754586.
[I 2025-04-08 01:45:17,921] Trial 170 finished with value: 0.8146144262214421 and parameters: {'lambda_l1': 6.602115090478162e-09, 'lambda_l2': 1.7165803360727016e-07, 'num_leaves': 21, 'feature_fraction': 0.8258349990787756, 'bagging_fraction': 0.8806108893454665, 'bagging_freq': 12, 'min_child_samples': 114}. Best is trial 93 with value: 0.8169201895754586.
[I 2025-04-08 01:45:19,206] Trial 171 finished with value: 0.8159138124032397 and parameters: {'lambda_l1': 4.0409762503234536e-09, 'lambda_l2': 7.040690222282849e-09, 'num_leaves': 31, 'feature_fraction': 0.8089307973189261, 'bagging_fraction': 0.8432853862325118, 'bagging_freq': 13, 'min_child_samples': 101}. Best is trial 93 with value: 0.8169201895754586.
[I 2025-04-08 01:45:20,547] Trial 172 finished with value: 0.8159140935681762 and parameters: {'lambda_l1': 2.5893701232712067e-09, 'lambda_l2': 8.056724045374632e-09, 'num_leaves': 28, 'feature_fraction': 0.7960211146180505, 'bagging_fraction': 0.9135828416536068, 'bagging_freq': 12, 'min_child_samples': 96}. Best is trial 93 with value: 0.8169201895754586.
[I 2025-04-08 01:45:22,331] Trial 173 finished with value: 0.8160398621588898 and parameters: {'lambda_l1': 3.9115754225260364e-08, 'lambda_l2': 29.46943020050902, 'num_leaves': 34, 'feature_fraction': 0.8557102021879748, 'bagging_fraction': 0.59932022989838, 'bagging_freq': 13, 'min_child_samples': 105}. Best is trial 93 with value: 0.8169201895754586.
[I 2025-04-08 01:45:23,605] Trial 174 finished with value: 0.8159558992796907 and parameters: {'lambda_l1': 1.015031570961206e-09, 'lambda_l2': 18.723627728030838, 'num_leaves': 26, 'feature_fraction': 0.710212413610258, 'bagging_fraction': 0.576506848897623, 'bagging_freq': 11, 'min_child_samples': 98}. Best is trial 93 with value: 0.8169201895754586.
[I 2025-04-08 01:45:25,126] Trial 175 finished with value: 0.8172974426291733 and parameters: {'lambda_l1': 3.1739501843541275e-09, 'lambda_l2': 1.5628216866828498e-05, 'num_leaves': 37, 'feature_fraction': 0.681322462456225, 'bagging_fraction': 0.8249683956223419, 'bagging_freq': 14, 'min_child_samples': 100}. Best is trial 175 with value: 0.8172974426291733.
[I 2025-04-08 01:45:26,455] Trial 176 finished with value: 0.8174233342295466 and parameters: {'lambda_l1': 1.68894865127729e-09, 'lambda_l2': 4.243053261277107e-08, 'num_leaves': 37, 'feature_fraction': 0.6867533559525463, 'bagging_fraction': 0.8052375513189083, 'bagging_freq': 12, 'min_child_samples': 94}. Best is trial 176 with value: 0.8174233342295466.
[I 2025-04-08 01:45:27,994] Trial 177 finished with value: 0.8156203113550218 and parameters: {'lambda_l1': 1.5865557799708052e-09, 'lambda_l2': 3.211136424694215e-08, 'num_leaves': 36, 'feature_fraction': 0.6888159754288535, 'bagging_fraction': 0.764578893174199, 'bagging_freq': 12, 'min_child_samples': 93}. Best is trial 176 with value: 0.8174233342295466.
