[I 2025-04-08 21:08:54,779] Trial 342 finished with value: 0.8162074891795431 and parameters: {'max_depth': 29, 'learning_rate': 0.06576202148982153, 'n_estimators': 162, 'gamma': 0.5891135255634412, 'min_child_weight': 6, 'subsample': 0.9492333571829805, 'colsample_bytree': 0.6112024669403138}. Best is trial 322 with value: 0.8174233166567382.
[I 2025-04-08 21:08:56,768] Trial 343 finished with value: 0.8154111597877908 and parameters: {'max_depth': 30, 'learning_rate': 0.041617301474472485, 'n_estimators': 180, 'gamma': 0.571770141936843, 'min_child_weight': 6, 'subsample': 0.9403462084086088, 'colsample_bytree': 0.5742016188281335}. Best is trial 322 with value: 0.8174233166567382.
[I 2025-04-08 21:08:58,032] Trial 344 finished with value: 0.8162494881919514 and parameters: {'max_depth': 28, 'learning_rate': 0.09064537731128688, 'n_estimators': 170, 'gamma': 0.5874904957947463, 'min_child_weight': 6, 'subsample': 0.9601178889555855, 'colsample_bytree': 0.5857406036337953}. Best is trial 322 with value: 0.8174233166567382.
[I 2025-04-08 21:08:59,308] Trial 345 finished with value: 0.8163752216370478 and parameters: {'max_depth': 27, 'learning_rate': 0.09228141647187257, 'n_estimators': 177, 'gamma': 0.599588472308919, 'min_child_weight': 6, 'subsample': 0.9615469732982651, 'colsample_bytree': 0.5974979064353763}. Best is trial 322 with value: 0.8174233166567382.
[I 2025-04-08 21:09:00,761] Trial 346 finished with value: 0.8156206100927668 and parameters: {'max_depth': 27, 'learning_rate': 0.09584860972044132, 'n_estimators': 177, 'gamma': 0.5905804766322528, 'min_child_weight': 6, 'subsample': 0.9600630175144561, 'colsample_bytree': 0.5997648679953658}. Best is trial 322 with value: 0.8174233166567382.
[I 2025-04-08 21:09:02,764] Trial 347 finished with value: 0.8163333456342994 and parameters: {'max_depth': 26, 'learning_rate': 0.08462087611697253, 'n_estimators': 183, 'gamma': 0.5913836485412595, 'min_child_weight': 6, 'subsample': 0.96063782307415, 'colsample_bytree': 0.6169006748372597}. Best is trial 322 with value: 0.8174233166567382.
[I 2025-04-08 21:09:04,083] Trial 348 finished with value: 0.8163332753430652 and parameters: {'max_depth': 26, 'learning_rate': 0.0864975009059093, 'n_estimators': 183, 'gamma': 0.598176915825012, 'min_child_weight': 6, 'subsample': 0.9547432809923143, 'colsample_bytree': 0.5902616899504959}. Best is trial 322 with value: 0.8174233166567382.
[I 2025-04-08 21:09:05,679] Trial 349 finished with value: 0.8159560574349675 and parameters: {'max_depth': 26, 'learning_rate': 0.06889245586794422, 'n_estimators': 184, 'gamma': 0.5981564214024743, 'min_child_weight': 6, 'subsample': 0.9498607492902494, 'colsample_bytree': 0.6159988923227714}. Best is trial 322 with value: 0.8174233166567382.
[I 2025-04-08 21:09:07,210] Trial 350 finished with value: 0.8162494881919514 and parameters: {'max_depth': 26, 'learning_rate': 0.07534904713260436, 'n_estimators': 188, 'gamma': 0.576312827613699, 'min_child_weight': 6, 'subsample': 0.9355403146516702, 'colsample_bytree': 0.5222654406948112}. Best is trial 322 with value: 0.8174233166567382.
[I 2025-04-08 21:09:08,856] Trial 351 finished with value: 0.8159559871437333 and parameters: {'max_depth': 26, 'learning_rate': 0.061640915300696805, 'n_estimators': 182, 'gamma': 0.5983093795536234, 'min_child_weight': 6, 'subsample': 0.9536265622076626, 'colsample_bytree': 0.5933871278482594}. Best is trial 322 with value: 0.8174233166567382.
[I 2025-04-08 21:09:10,284] Trial 352 finished with value: 0.8154532115186246 and parameters: {'max_depth': 27, 'learning_rate': 0.08750992447520096, 'n_estimators': 179, 'gamma': 0.5987278210254151, 'min_child_weight': 6, 'subsample': 0.9273805675150484, 'colsample_bytree': 0.6058080158964819}. Best is trial 322 with value: 0.8174233166567382.
[I 2025-04-08 21:09:13,730] Trial 353 finished with value: 0.6377394866279713 and parameters: {'max_depth': 26, 'learning_rate': 0.00031795774503286847, 'n_estimators': 190, 'gamma': 0.5799228114694256, 'min_child_weight': 6, 'subsample': 0.9642819983560061, 'colsample_bytree': 0.560574633601788}. Best is trial 322 with value: 0.8174233166567382.
[I 2025-04-08 21:09:15,155] Trial 354 finished with value: 0.8154528776352622 and parameters: {'max_depth': 26, 'learning_rate': 0.07732191030208119, 'n_estimators': 185, 'gamma': 0.5982935838576853, 'min_child_weight': 6, 'subsample': 0.9409486409318507, 'colsample_bytree': 0.5945696631330256}. Best is trial 322 with value: 0.8174233166567382.
[I 2025-04-08 21:09:16,827] Trial 355 finished with value: 0.816962135869441 and parameters: {'max_depth': 25, 'learning_rate': 0.056851724648624716, 'n_estimators': 177, 'gamma': 0.5992477562549277, 'min_child_weight': 6, 'subsample': 0.9545350830457506, 'colsample_bytree': 0.6065667437990552}. Best is trial 322 with value: 0.8174233166567382.
[I 2025-04-08 21:09:18,552] Trial 356 finished with value: 0.8160399148773154 and parameters: {'max_depth': 25, 'learning_rate': 0.05482508788725485, 'n_estimators': 182, 'gamma': 0.5879772810058579, 'min_child_weight': 6, 'subsample': 0.9633000749858638, 'colsample_bytree': 0.6081459212501067}. Best is trial 322 with value: 0.8174233166567382.
[I 2025-04-08 21:09:20,474] Trial 357 finished with value: 0.8156626969692177 and parameters: {'max_depth': 24, 'learning_rate': 0.041018119744773616, 'n_estimators': 176, 'gamma': 0.5744488600820337, 'min_child_weight': 6, 'subsample': 0.9530550091912311, 'colsample_bytree': 0.5995820458721502}. Best is trial 322 with value: 0.8174233166567382.
[I 2025-04-08 21:09:23,085] Trial 358 finished with value: 0.6377394866279713 and parameters: {'max_depth': 25, 'learning_rate': 0.001353128392912453, 'n_estimators': 176, 'gamma': 0.5999285828679297, 'min_child_weight': 6, 'subsample': 0.9633674546033859, 'colsample_bytree': 0.6183825545943545}. Best is trial 322 with value: 0.8174233166567382.
[I 2025-04-08 21:09:25,386] Trial 359 finished with value: 0.8161237196012378 and parameters: {'max_depth': 27, 'learning_rate': 0.059102076030691786, 'n_estimators': 189, 'gamma': 0.5877512427615751, 'min_child_weight': 6, 'subsample': 0.9466534707194015, 'colsample_bytree': 0.5870070372078983}. Best is trial 322 with value: 0.8174233166567382.
[I 2025-04-08 21:09:26,831] Trial 360 finished with value: 0.8165010956646125 and parameters: {'max_depth': 28, 'learning_rate': 0.09332709341798569, 'n_estimators': 168, 'gamma': 0.5661297104581978, 'min_child_weight': 6, 'subsample': 0.9539730385356119, 'colsample_bytree': 0.5745307162465536}. Best is trial 322 with value: 0.8174233166567382.
[I 2025-04-08 21:09:28,021] Trial 361 finished with value: 0.8159979334377157 and parameters: {'max_depth': 28, 'learning_rate': 0.10342620881060115, 'n_estimators': 166, 'gamma': 0.5869589025704529, 'min_child_weight': 6, 'subsample': 0.953488513369212, 'colsample_bytree': 0.5486961452540677}. Best is trial 322 with value: 0.8174233166567382.
[I 2025-04-08 21:09:29,212] Trial 362 finished with value: 0.8161655604583693 and parameters: {'max_depth': 28, 'learning_rate': 0.10141711406678024, 'n_estimators': 161, 'gamma': 0.5682954440929238, 'min_child_weight': 6, 'subsample': 0.9643704719336295, 'colsample_bytree': 0.5675949462395136}. Best is trial 322 with value: 0.8174233166567382.
[I 2025-04-08 21:09:30,553] Trial 363 finished with value: 0.8161236317371952 and parameters: {'max_depth': 28, 'learning_rate': 0.08328628555917961, 'n_estimators': 168, 'gamma': 0.5999274049247518, 'min_child_weight': 6, 'subsample': 0.9542283380708017, 'colsample_bytree': 0.5699535451863912}. Best is trial 322 with value: 0.8174233166567382.
[I 2025-04-08 21:09:32,054] Trial 364 finished with value: 0.8155788043812526 and parameters: {'max_depth': 27, 'learning_rate': 0.06855991153883936, 'n_estimators': 173, 'gamma': 0.5800244910136058, 'min_child_weight': 6, 'subsample': 0.9647639595073513, 'colsample_bytree': 0.6062326574213722}. Best is trial 322 with value: 0.8174233166567382.
[I 2025-04-08 21:09:33,266] Trial 365 finished with value: 0.8160397391492301 and parameters: {'max_depth': 29, 'learning_rate': 0.1060283805943518, 'n_estimators': 164, 'gamma': 0.5898288823273943, 'min_child_weight': 6, 'subsample': 0.9453321672868487, 'colsample_bytree': 0.5761222872907562}. Best is trial 322 with value: 0.8174233166567382.
[I 2025-04-08 21:09:35,241] Trial 366 finished with value: 0.8158721297013853 and parameters: {'max_depth': 25, 'learning_rate': 0.08541053491378292, 'n_estimators': 169, 'gamma': 0.5625984584387076, 'min_child_weight': 6, 'subsample': 0.9543599025420538, 'colsample_bytree': 0.6156785008711904}. Best is trial 322 with value: 0.8174233166567382.
[I 2025-04-08 21:09:37,108] Trial 367 finished with value: 0.8160398797316984 and parameters: {'max_depth': 28, 'learning_rate': 0.055418200200533986, 'n_estimators': 184, 'gamma': 0.5996912243145406, 'min_child_weight': 6, 'subsample': 0.9639119616012904, 'colsample_bytree': 0.5960686534832466}. Best is trial 322 with value: 0.8174233166567382.
[I 2025-04-08 21:09:38,506] Trial 368 finished with value: 0.8158722175654279 and parameters: {'max_depth': 29, 'learning_rate': 0.07632871164716552, 'n_estimators': 159, 'gamma': 0.5771990080623275, 'min_child_weight': 6, 'subsample': 0.936386555016189, 'colsample_bytree': 0.5791481387060188}. Best is trial 322 with value: 0.8174233166567382.
[I 2025-04-08 21:09:39,738] Trial 369 finished with value: 0.8166687051124573 and parameters: {'max_depth': 28, 'learning_rate': 0.10140353061095626, 'n_estimators': 176, 'gamma': 0.5855037158124068, 'min_child_weight': 6, 'subsample': 0.9479957853391869, 'colsample_bytree': 0.5582869240597791}. Best is trial 322 with value: 0.8174233166567382.
[I 2025-04-08 21:09:40,946] Trial 370 finished with value: 0.81641729094069 and parameters: {'max_depth': 24, 'learning_rate': 0.10786914402588706, 'n_estimators': 180, 'gamma': 0.5878061900604519, 'min_child_weight': 6, 'subsample': 0.9430119067867752, 'colsample_bytree': 0.5526463319365396}. Best is trial 322 with value: 0.8174233166567382.
[I 2025-04-08 21:09:41,183] A new study created in RDB with name: xgboost-num_features-3
[I 2025-04-08 21:09:42,493] Trial 0 finished with value: 0.7677015645071442 and parameters: {'max_depth': 28, 'learning_rate': 0.04960950513507906, 'n_estimators': 181, 'gamma': 0.5733590152177158, 'min_child_weight': 6, 'subsample': 0.9558498967007948, 'colsample_bytree': 0.5802413330333307}. Best is trial 0 with value: 0.7677015645071442.
[I 2025-04-08 21:09:43,825] Trial 1 finished with value: 0.8029596299869436 and parameters: {'max_depth': 15, 'learning_rate': 0.6593584956819868, 'n_estimators': 121, 'gamma': 0.47648712738340926, 'min_child_weight': 4, 'subsample': 0.660657436161612, 'colsample_bytree': 0.8455735621580653}. Best is trial 1 with value: 0.8029596299869436.
[I 2025-04-08 21:09:46,514] Trial 2 finished with value: 0.6377394866279713 and parameters: {'max_depth': 11, 'learning_rate': 0.0022210842190870214, 'n_estimators': 266, 'gamma': 0.2812183807372817, 'min_child_weight': 6, 'subsample': 0.7276830431580654, 'colsample_bytree': 0.5366833259342365}. Best is trial 1 with value: 0.8029596299869436.
[I 2025-04-08 21:09:48,923] Trial 3 finished with value: 0.6377394866279713 and parameters: {'max_depth': 28, 'learning_rate': 0.00020788231620013227, 'n_estimators': 153, 'gamma': 0.21677669755090864, 'min_child_weight': 5, 'subsample': 0.6917430292125597, 'colsample_bytree': 0.8986244563212031}. Best is trial 1 with value: 0.8029596299869436.
[I 2025-04-08 21:09:50,406] Trial 4 finished with value: 0.7787276935161608 and parameters: {'max_depth': 8, 'learning_rate': 0.058845195853636546, 'n_estimators': 242, 'gamma': 0.5172361484987255, 'min_child_weight': 4, 'subsample': 0.7963053580786086, 'colsample_bytree': 0.5541085430657748}. Best is trial 1 with value: 0.8029596299869436.
[I 2025-04-08 21:09:54,285] Trial 5 finished with value: 0.775792893907683 and parameters: {'max_depth': 30, 'learning_rate': 0.004919389172227617, 'n_estimators': 290, 'gamma': 0.4055143899244245, 'min_child_weight': 3, 'subsample': 0.618325224417609, 'colsample_bytree': 0.8765547739392607}. Best is trial 1 with value: 0.8029596299869436.
[I 2025-04-08 21:09:57,829] Trial 6 finished with value: 0.6377394866279713 and parameters: {'max_depth': 29, 'learning_rate': 9.502850286942577e-05, 'n_estimators': 230, 'gamma': 0.049993499036441014, 'min_child_weight': 6, 'subsample': 0.5203749220523691, 'colsample_bytree': 0.9780765446964168}. Best is trial 1 with value: 0.8029596299869436.
[I 2025-04-08 21:09:59,833] Trial 7 finished with value: 0.7244368881367726 and parameters: {'max_depth': 14, 'learning_rate': 0.00488131754849824, 'n_estimators': 231, 'gamma': 0.009271776475156156, 'min_child_weight': 1, 'subsample': 0.9559431056470087, 'colsample_bytree': 0.5735074134060753}. Best is trial 1 with value: 0.8029596299869436.
[I 2025-04-08 21:10:00,839] Trial 8 finished with value: 0.7934429876586166 and parameters: {'max_depth': 26, 'learning_rate': 0.4200187092209971, 'n_estimators': 110, 'gamma': 0.0650676923945028, 'min_child_weight': 7, 'subsample': 0.9210683987876789, 'colsample_bytree': 0.501834720169934}. Best is trial 1 with value: 0.8029596299869436.
[I 2025-04-08 21:10:04,285] Trial 9 finished with value: 0.6377394866279713 and parameters: {'max_depth': 15, 'learning_rate': 1.770807134844467e-05, 'n_estimators': 277, 'gamma': 0.23623984104480475, 'min_child_weight': 3, 'subsample': 0.8691078841463751, 'colsample_bytree': 0.7446883402666518}. Best is trial 1 with value: 0.8029596299869436.
[I 2025-04-08 21:10:04,666] Trial 10 finished with value: 0.8118055182133375 and parameters: {'max_depth': 3, 'learning_rate': 0.9253047334888428, 'n_estimators': 52, 'gamma': 0.4320156279097675, 'min_child_weight': 1, 'subsample': 0.6023843665536652, 'colsample_bytree': 0.7308507908238503}. Best is trial 10 with value: 0.8118055182133375.
[I 2025-04-08 21:10:05,571] Trial 11 finished with value: 0.8118056763686143 and parameters: {'max_depth': 3, 'learning_rate': 0.5537945401629956, 'n_estimators': 57, 'gamma': 0.41269341155175, 'min_child_weight': 1, 'subsample': 0.595123860127878, 'colsample_bytree': 0.7254840604795926}. Best is trial 11 with value: 0.8118056763686143.
[I 2025-04-08 21:10:05,993] Trial 12 finished with value: 0.7936527191285293 and parameters: {'max_depth': 3, 'learning_rate': 0.0905125483646151, 'n_estimators': 52, 'gamma': 0.3819033970625253, 'min_child_weight': 1, 'subsample': 0.5425846154584514, 'colsample_bytree': 0.6827960530556616}. Best is trial 11 with value: 0.8118056763686143.
[I 2025-04-08 21:10:06,370] Trial 13 finished with value: 0.8106737063337673 and parameters: {'max_depth': 3, 'learning_rate': 0.6416871703163742, 'n_estimators': 56, 'gamma': 0.36930276143462054, 'min_child_weight': 2, 'subsample': 0.6006060864375424, 'colsample_bytree': 0.704495847903594}. Best is trial 11 with value: 0.8118056763686143.
[I 2025-04-08 21:10:07,112] Trial 14 finished with value: 0.7760445892443867 and parameters: {'max_depth': 21, 'learning_rate': 0.1407987850003434, 'n_estimators': 89, 'gamma': 0.45948930174501673, 'min_child_weight': 2, 'subsample': 0.7811672852857984, 'colsample_bytree': 0.6501939501608776}. Best is trial 11 with value: 0.8118056763686143.
[I 2025-04-08 21:10:07,833] Trial 15 finished with value: 0.7907599536780767 and parameters: {'max_depth': 7, 'learning_rate': 0.0169219083590579, 'n_estimators': 85, 'gamma': 0.5778075006274278, 'min_child_weight': 1, 'subsample': 0.5817928531248127, 'colsample_bytree': 0.7991684924524067}. Best is trial 11 with value: 0.8118056763686143.
[I 2025-04-08 21:10:09,129] Trial 16 finished with value: 0.8097093633195739 and parameters: {'max_depth': 7, 'learning_rate': 0.21383299655495838, 'n_estimators': 175, 'gamma': 0.3213197780543165, 'min_child_weight': 2, 'subsample': 0.6504804764751925, 'colsample_bytree': 0.7875395364749292}. Best is trial 11 with value: 0.8118056763686143.
[I 2025-04-08 21:10:10,177] Trial 17 finished with value: 0.7224662733872116 and parameters: {'max_depth': 20, 'learning_rate': 0.013892430410336755, 'n_estimators': 78, 'gamma': 0.15941197012930633, 'min_child_weight': 3, 'subsample': 0.5686962844795087, 'colsample_bytree': 0.63767902161133}. Best is trial 11 with value: 0.8118056763686143.
[I 2025-04-08 21:10:11,860] Trial 18 finished with value: 0.6377394866279713 and parameters: {'max_depth': 11, 'learning_rate': 0.001050092377768283, 'n_estimators': 132, 'gamma': 0.4365487072675732, 'min_child_weight': 1, 'subsample': 0.719512736685598, 'colsample_bytree': 0.7523614937456641}. Best is trial 11 with value: 0.8118056763686143.
[I 2025-04-08 21:10:12,718] Trial 19 finished with value: 0.7944073658184272 and parameters: {'max_depth': 5, 'learning_rate': 0.8049733594048745, 'n_estimators': 194, 'gamma': 0.3325583460103979, 'min_child_weight': 2, 'subsample': 0.5216139335573735, 'colsample_bytree': 0.6209855589030104}. Best is trial 11 with value: 0.8118056763686143.
[I 2025-04-08 21:10:14,270] Trial 20 finished with value: 0.8075711566949764 and parameters: {'max_depth': 12, 'learning_rate': 0.021256696857795274, 'n_estimators': 150, 'gamma': 0.5055208436137903, 'min_child_weight': 3, 'subsample': 0.8260001335355026, 'colsample_bytree': 0.7068319635551905}. Best is trial 11 with value: 0.8118056763686143.
[I 2025-04-08 21:10:14,619] Trial 21 finished with value: 0.8071100110532965 and parameters: {'max_depth': 3, 'learning_rate': 0.3410828325875488, 'n_estimators': 50, 'gamma': 0.359462555891765, 'min_child_weight': 2, 'subsample': 0.6029219323527759, 'colsample_bytree': 0.7107413958734755}. Best is trial 11 with value: 0.8118056763686143.
[I 2025-04-08 21:10:15,123] Trial 22 finished with value: 0.8117635192009292 and parameters: {'max_depth': 5, 'learning_rate': 0.619530122792025, 'n_estimators': 70, 'gamma': 0.41243012436060766, 'min_child_weight': 1, 'subsample': 0.6389488187725958, 'colsample_bytree': 0.7961662859115618}. Best is trial 11 with value: 0.8118056763686143.
[I 2025-04-08 21:10:16,410] Trial 23 finished with value: 0.7995220020349312 and parameters: {'max_depth': 9, 'learning_rate': 0.9826480778026038, 'n_estimators': 75, 'gamma': 0.4235508367636173, 'min_child_weight': 1, 'subsample': 0.6521229952333748, 'colsample_bytree': 0.8109677737523091}. Best is trial 11 with value: 0.8118056763686143.
[I 2025-04-08 21:10:17,095] Trial 24 finished with value: 0.8124342733028621 and parameters: {'max_depth': 5, 'learning_rate': 0.14857218842617817, 'n_estimators': 103, 'gamma': 0.281288079152194, 'min_child_weight': 1, 'subsample': 0.6809311677659645, 'colsample_bytree': 0.7561312275157624}. Best is trial 24 with value: 0.8124342733028621.
[I 2025-04-08 21:10:17,770] Trial 25 finished with value: 0.8137339230767878 and parameters: {'max_depth': 5, 'learning_rate': 0.19860637179490123, 'n_estimators': 111, 'gamma': 0.2784883221929248, 'min_child_weight': 2, 'subsample': 0.6953367724194286, 'colsample_bytree': 0.7397142149309324}. Best is trial 25 with value: 0.8137339230767878.
[I 2025-04-08 21:10:18,539] Trial 26 finished with value: 0.8062717880859873 and parameters: {'max_depth': 6, 'learning_rate': 0.043735072949474804, 'n_estimators': 110, 'gamma': 0.26867500891825813, 'min_child_weight': 2, 'subsample': 0.6931175961818802, 'colsample_bytree': 0.6712314452379051}. Best is trial 25 with value: 0.8137339230767878.
[I 2025-04-08 21:10:19,512] Trial 27 finished with value: 0.8117218013534577 and parameters: {'max_depth': 9, 'learning_rate': 0.1414675275275243, 'n_estimators': 101, 'gamma': 0.17698092577022506, 'min_child_weight': 2, 'subsample': 0.7783083664762989, 'colsample_bytree': 0.7595535588568074}. Best is trial 25 with value: 0.8137339230767878.
[I 2025-04-08 21:10:21,844] Trial 28 finished with value: 0.8057684852766224 and parameters: {'max_depth': 23, 'learning_rate': 0.24320900132826231, 'n_estimators': 148, 'gamma': 0.14226397079449335, 'min_child_weight': 3, 'subsample': 0.6831411436790567, 'colsample_bytree': 0.8456511699430354}. Best is trial 25 with value: 0.8137339230767878.
[I 2025-04-08 21:10:22,780] Trial 29 finished with value: 0.758645962383646 and parameters: {'max_depth': 5, 'learning_rate': 0.03309348468953337, 'n_estimators': 194, 'gamma': 0.2417231288976016, 'min_child_weight': 5, 'subsample': 0.7281874068396135, 'colsample_bytree': 0.6165412500820122}. Best is trial 25 with value: 0.8137339230767878.
[I 2025-04-08 21:10:25,003] Trial 30 finished with value: 0.8088708064689023 and parameters: {'max_depth': 32, 'learning_rate': 0.09121995940519428, 'n_estimators': 98, 'gamma': 0.3086872727130041, 'min_child_weight': 1, 'subsample': 0.560223431929725, 'colsample_bytree': 0.8274528850882423}. Best is trial 25 with value: 0.8137339230767878.
[I 2025-04-08 21:10:25,426] Trial 31 finished with value: 0.8083258561033 and parameters: {'max_depth': 3, 'learning_rate': 0.3133571516632481, 'n_estimators': 66, 'gamma': 0.5338004343324646, 'min_child_weight': 1, 'subsample': 0.6296017516585845, 'colsample_bytree': 0.7269479932483457}. Best is trial 25 with value: 0.8137339230767878.
[I 2025-04-08 21:10:26,633] Trial 32 finished with value: 0.8128116317934282 and parameters: {'max_depth': 5, 'learning_rate': 0.14387365084650036, 'n_estimators': 128, 'gamma': 0.45932456759557116, 'min_child_weight': 1, 'subsample': 0.6873212131396598, 'colsample_bytree': 0.7438306138611025}. Best is trial 25 with value: 0.8137339230767878.
[I 2025-04-08 21:10:27,867] Trial 33 finished with value: 0.8120568620938705 and parameters: {'max_depth': 9, 'learning_rate': 0.08089623290442616, 'n_estimators': 115, 'gamma': 0.28213308779634233, 'min_child_weight': 2, 'subsample': 0.7459284932259367, 'colsample_bytree': 0.7530753797625854}. Best is trial 25 with value: 0.8137339230767878.
