[I 2025-04-08 21:06:54,368] Trial 279 finished with value: 0.8147402826761981 and parameters: {'max_depth': 16, 'learning_rate': 0.058889891601819566, 'n_estimators': 146, 'gamma': 0.2739782667842718, 'min_child_weight': 7, 'subsample': 0.912666282787039, 'colsample_bytree': 0.5429313363851598}. Best is trial 152 with value: 0.8166268115369002.
[I 2025-04-08 21:06:56,244] Trial 280 finished with value: 0.811679978069135 and parameters: {'max_depth': 31, 'learning_rate': 0.06732988917875289, 'n_estimators': 153, 'gamma': 0.458857527071162, 'min_child_weight': 1, 'subsample': 0.9334402438261438, 'colsample_bytree': 0.5552802018180142}. Best is trial 152 with value: 0.8166268115369002.
[I 2025-04-08 21:06:58,151] Trial 281 finished with value: 0.814949820845217 and parameters: {'max_depth': 30, 'learning_rate': 0.10156941504309966, 'n_estimators': 151, 'gamma': 0.4365956650311727, 'min_child_weight': 7, 'subsample': 0.8991458367244705, 'colsample_bytree': 0.5296471992586437}. Best is trial 152 with value: 0.8166268115369002.
[I 2025-04-08 21:07:00,055] Trial 282 finished with value: 0.8151175533027215 and parameters: {'max_depth': 31, 'learning_rate': 0.04532800790239913, 'n_estimators': 157, 'gamma': 0.46696422042994906, 'min_child_weight': 7, 'subsample': 0.9283002182398429, 'colsample_bytree': 0.5658879683965239}. Best is trial 152 with value: 0.8166268115369002.
[I 2025-04-08 21:07:01,435] Trial 283 finished with value: 0.8162912939034657 and parameters: {'max_depth': 29, 'learning_rate': 0.08118760795481379, 'n_estimators': 170, 'gamma': 0.5829848157153052, 'min_child_weight': 6, 'subsample': 0.9519355892606733, 'colsample_bytree': 0.5832561090265124}. Best is trial 152 with value: 0.8166268115369002.
[I 2025-04-08 21:07:02,903] Trial 284 finished with value: 0.8157463259650546 and parameters: {'max_depth': 28, 'learning_rate': 0.07915421635235663, 'n_estimators': 171, 'gamma': 0.5676136999620567, 'min_child_weight': 6, 'subsample': 0.9183071715406353, 'colsample_bytree': 0.5809781627931242}. Best is trial 152 with value: 0.8166268115369002.
[I 2025-04-08 21:07:04,591] Trial 285 finished with value: 0.8165849179613434 and parameters: {'max_depth': 29, 'learning_rate': 0.07874227338300953, 'n_estimators': 169, 'gamma': 0.5881600462186256, 'min_child_weight': 6, 'subsample': 0.9436718272676227, 'colsample_bytree': 0.5952174494027198}. Best is trial 152 with value: 0.8166268115369002.
[I 2025-04-08 21:07:06,310] Trial 286 finished with value: 0.8161237196012378 and parameters: {'max_depth': 29, 'learning_rate': 0.05961275942776707, 'n_estimators': 174, 'gamma': 0.5877982830342439, 'min_child_weight': 6, 'subsample': 0.9519692360530005, 'colsample_bytree': 0.5974606629550028}. Best is trial 152 with value: 0.8166268115369002.
[I 2025-04-08 21:07:08,494] Trial 287 finished with value: 0.8167944385575534 and parameters: {'max_depth': 29, 'learning_rate': 0.05096646537499105, 'n_estimators': 173, 'gamma': 0.5999145634968164, 'min_child_weight': 6, 'subsample': 0.9515622318252536, 'colsample_bytree': 0.6038391071067106}. Best is trial 287 with value: 0.8167944385575534.
[I 2025-04-08 21:07:10,163] Trial 288 finished with value: 0.8165009902277612 and parameters: {'max_depth': 29, 'learning_rate': 0.056478253697592205, 'n_estimators': 174, 'gamma': 0.5990533797197228, 'min_child_weight': 6, 'subsample': 0.9452431333015161, 'colsample_bytree': 0.5954265033977377}. Best is trial 287 with value: 0.8167944385575534.
[I 2025-04-08 21:07:12,078] Trial 289 finished with value: 0.8165010956646125 and parameters: {'max_depth': 29, 'learning_rate': 0.0448727642512703, 'n_estimators': 178, 'gamma': 0.5977228559123778, 'min_child_weight': 6, 'subsample': 0.9431222702334836, 'colsample_bytree': 0.5903183603145605}. Best is trial 287 with value: 0.8167944385575534.
[I 2025-04-08 21:07:13,858] Trial 290 finished with value: 0.8163752567826649 and parameters: {'max_depth': 29, 'learning_rate': 0.04644822224904475, 'n_estimators': 174, 'gamma': 0.5990373782163575, 'min_child_weight': 6, 'subsample': 0.9425052475189863, 'colsample_bytree': 0.5930848431732246}. Best is trial 287 with value: 0.8167944385575534.
[I 2025-04-08 21:07:15,824] Trial 291 finished with value: 0.8159561101533932 and parameters: {'max_depth': 29, 'learning_rate': 0.03998290581969888, 'n_estimators': 177, 'gamma': 0.5986500980773471, 'min_child_weight': 6, 'subsample': 0.938485843889494, 'colsample_bytree': 0.5938261805299675}. Best is trial 287 with value: 0.8167944385575534.
[I 2025-04-08 21:07:18,114] Trial 292 finished with value: 0.815830288844254 and parameters: {'max_depth': 29, 'learning_rate': 0.05004374450844993, 'n_estimators': 174, 'gamma': 0.5895592116691105, 'min_child_weight': 6, 'subsample': 0.9409474068420228, 'colsample_bytree': 0.6066578089983555}. Best is trial 287 with value: 0.8167944385575534.
[I 2025-04-08 21:07:19,978] Trial 293 finished with value: 0.8154950348029473 and parameters: {'max_depth': 28, 'learning_rate': 0.041701534423629595, 'n_estimators': 179, 'gamma': 0.5907504330665849, 'min_child_weight': 6, 'subsample': 0.9452392205326705, 'colsample_bytree': 0.5999690503959831}. Best is trial 287 with value: 0.8167944385575534.
[I 2025-04-08 21:07:21,991] Trial 294 finished with value: 0.8165428662305096 and parameters: {'max_depth': 28, 'learning_rate': 0.05079621618624212, 'n_estimators': 173, 'gamma': 0.5987033178162726, 'min_child_weight': 6, 'subsample': 0.9515196399885697, 'colsample_bytree': 0.5969629305703277}. Best is trial 287 with value: 0.8167944385575534.
[I 2025-04-08 21:07:23,893] Trial 295 finished with value: 0.815788395268697 and parameters: {'max_depth': 27, 'learning_rate': 0.047507623396956404, 'n_estimators': 170, 'gamma': 0.5994398095985942, 'min_child_weight': 6, 'subsample': 0.9488309527375368, 'colsample_bytree': 0.5895698374180008}. Best is trial 287 with value: 0.8167944385575534.
[I 2025-04-08 21:07:25,837] Trial 296 finished with value: 0.8142371555949186 and parameters: {'max_depth': 28, 'learning_rate': 0.032164322279583255, 'n_estimators': 172, 'gamma': 0.5873342968813859, 'min_child_weight': 6, 'subsample': 0.9472985306276746, 'colsample_bytree': 0.5934123217510151}. Best is trial 287 with value: 0.8167944385575534.
[I 2025-04-08 21:07:27,847] Trial 297 finished with value: 0.8159560750077761 and parameters: {'max_depth': 27, 'learning_rate': 0.04973199687969062, 'n_estimators': 177, 'gamma': 0.5860840853152096, 'min_child_weight': 6, 'subsample': 0.9518474012474483, 'colsample_bytree': 0.6095962965111238}. Best is trial 287 with value: 0.8167944385575534.
[I 2025-04-08 21:07:30,203] Trial 298 finished with value: 0.8148240522545034 and parameters: {'max_depth': 29, 'learning_rate': 0.037512712836525075, 'n_estimators': 168, 'gamma': 0.588304083632928, 'min_child_weight': 6, 'subsample': 0.9196197683953485, 'colsample_bytree': 0.6219932706053036}. Best is trial 287 with value: 0.8167944385575534.
[I 2025-04-08 21:07:31,957] Trial 299 finished with value: 0.8162075418979688 and parameters: {'max_depth': 28, 'learning_rate': 0.060959850946307306, 'n_estimators': 183, 'gamma': 0.5980275406457144, 'min_child_weight': 6, 'subsample': 0.9414148063914387, 'colsample_bytree': 0.5957527530061749}. Best is trial 287 with value: 0.8167944385575534.
[I 2025-04-08 21:07:33,931] Trial 300 finished with value: 0.8166686348212231 and parameters: {'max_depth': 28, 'learning_rate': 0.05613004521973829, 'n_estimators': 182, 'gamma': 0.5985573712118052, 'min_child_weight': 6, 'subsample': 0.9411866785406489, 'colsample_bytree': 0.5962026229350931}. Best is trial 287 with value: 0.8167944385575534.
[I 2025-04-08 21:07:35,728] Trial 301 finished with value: 0.8159978982920986 and parameters: {'max_depth': 27, 'learning_rate': 0.05617854371733173, 'n_estimators': 183, 'gamma': 0.5992501100644594, 'min_child_weight': 6, 'subsample': 0.9382556555461518, 'colsample_bytree': 0.599290719996741}. Best is trial 287 with value: 0.8167944385575534.
[I 2025-04-08 21:07:37,437] Trial 302 finished with value: 0.8157884128415056 and parameters: {'max_depth': 28, 'learning_rate': 0.056433327806455796, 'n_estimators': 180, 'gamma': 0.5983313438753302, 'min_child_weight': 6, 'subsample': 0.9235273274657757, 'colsample_bytree': 0.5856348438892797}. Best is trial 287 with value: 0.8167944385575534.
[I 2025-04-08 21:07:39,772] Trial 303 finished with value: 0.8147821411061379 and parameters: {'max_depth': 28, 'learning_rate': 0.038749777868927894, 'n_estimators': 181, 'gamma': 0.5998634454002607, 'min_child_weight': 6, 'subsample': 0.934890918424757, 'colsample_bytree': 0.5982755271482869}. Best is trial 287 with value: 0.8167944385575534.
[I 2025-04-08 21:07:41,686] Trial 304 finished with value: 0.8160398445860814 and parameters: {'max_depth': 29, 'learning_rate': 0.05655018779820562, 'n_estimators': 186, 'gamma': 0.5808316654840796, 'min_child_weight': 6, 'subsample': 0.9469389706464094, 'colsample_bytree': 0.610042660054547}. Best is trial 287 with value: 0.8167944385575534.
[I 2025-04-08 21:07:43,423] Trial 305 finished with value: 0.8162075594707773 and parameters: {'max_depth': 29, 'learning_rate': 0.04912758082375767, 'n_estimators': 171, 'gamma': 0.5849157824973417, 'min_child_weight': 6, 'subsample': 0.9459881322943301, 'colsample_bytree': 0.5818889867443573}. Best is trial 287 with value: 0.8167944385575534.
[I 2025-04-08 21:07:45,287] Trial 306 finished with value: 0.8158302185530198 and parameters: {'max_depth': 29, 'learning_rate': 0.046932717759928265, 'n_estimators': 173, 'gamma': 0.577896543259873, 'min_child_weight': 6, 'subsample': 0.9310432986071865, 'colsample_bytree': 0.5923984926865777}. Best is trial 287 with value: 0.8167944385575534.
[I 2025-04-08 21:07:47,302] Trial 307 finished with value: 0.8142370501580676 and parameters: {'max_depth': 28, 'learning_rate': 0.028440239137194484, 'n_estimators': 176, 'gamma': 0.5855710504892258, 'min_child_weight': 6, 'subsample': 0.9420177269832298, 'colsample_bytree': 0.573474526677524}. Best is trial 287 with value: 0.8167944385575534.
[I 2025-04-08 21:07:50,008] Trial 308 finished with value: 0.8142372961773869 and parameters: {'max_depth': 22, 'learning_rate': 0.04096209117823427, 'n_estimators': 182, 'gamma': 0.2882091241647385, 'min_child_weight': 6, 'subsample': 0.953628442222281, 'colsample_bytree': 0.5913169857319345}. Best is trial 287 with value: 0.8167944385575534.
[I 2025-04-08 21:07:51,750] Trial 309 finished with value: 0.8159561101533932 and parameters: {'max_depth': 27, 'learning_rate': 0.0529667482054311, 'n_estimators': 170, 'gamma': 0.5775905455211036, 'min_child_weight': 6, 'subsample': 0.9070405153132584, 'colsample_bytree': 0.6067295974392116}. Best is trial 287 with value: 0.8167944385575534.
[I 2025-04-08 21:07:53,746] Trial 310 finished with value: 0.8147403529674323 and parameters: {'max_depth': 29, 'learning_rate': 0.035111871590448235, 'n_estimators': 188, 'gamma': 0.599259597432994, 'min_child_weight': 6, 'subsample': 0.9448015871783362, 'colsample_bytree': 0.5836025793521522}. Best is trial 287 with value: 0.8167944385575534.
[I 2025-04-08 21:07:55,370] Trial 311 finished with value: 0.8159560925805845 and parameters: {'max_depth': 28, 'learning_rate': 0.06569623310548568, 'n_estimators': 177, 'gamma': 0.5873808746537112, 'min_child_weight': 6, 'subsample': 0.9341183213455958, 'colsample_bytree': 0.6004128529433839}. Best is trial 287 with value: 0.8167944385575534.
[I 2025-04-08 21:07:57,234] Trial 312 finished with value: 0.8159559871437333 and parameters: {'max_depth': 29, 'learning_rate': 0.04845949576714065, 'n_estimators': 172, 'gamma': 0.5748553609428106, 'min_child_weight': 6, 'subsample': 0.8816902405371027, 'colsample_bytree': 0.5714763479899522}. Best is trial 287 with value: 0.8167944385575534.
[I 2025-04-08 21:07:58,728] Trial 313 finished with value: 0.8163753446467075 and parameters: {'max_depth': 28, 'learning_rate': 0.06908611424253833, 'n_estimators': 167, 'gamma': 0.5877768735859428, 'min_child_weight': 6, 'subsample': 0.9223159950411624, 'colsample_bytree': 0.6120731446276158}. Best is trial 287 with value: 0.8167944385575534.
[I 2025-04-08 21:08:00,659] Trial 314 finished with value: 0.8167106514064398 and parameters: {'max_depth': 27, 'learning_rate': 0.07532225580973408, 'n_estimators': 168, 'gamma': 0.5748162804541807, 'min_child_weight': 6, 'subsample': 0.9410642589230229, 'colsample_bytree': 0.6119601012799821}. Best is trial 287 with value: 0.8167944385575534.
[I 2025-04-08 21:08:02,262] Trial 315 finished with value: 0.8156206276655753 and parameters: {'max_depth': 26, 'learning_rate': 0.07551659128081135, 'n_estimators': 166, 'gamma': 0.576348684714521, 'min_child_weight': 6, 'subsample': 0.9189558084505239, 'colsample_bytree': 0.6154961880863542}. Best is trial 287 with value: 0.8167944385575534.
[I 2025-04-08 21:08:03,673] Trial 316 finished with value: 0.8160818084528725 and parameters: {'max_depth': 27, 'learning_rate': 0.07622738031877782, 'n_estimators': 166, 'gamma': 0.5902329182667748, 'min_child_weight': 6, 'subsample': 0.9380461008848601, 'colsample_bytree': 0.6115277443324927}. Best is trial 287 with value: 0.8167944385575534.
[I 2025-04-08 21:08:06,236] Trial 317 finished with value: 0.6377394866279713 and parameters: {'max_depth': 26, 'learning_rate': 1.0241830774784992e-05, 'n_estimators': 168, 'gamma': 0.5987398369674637, 'min_child_weight': 6, 'subsample': 0.9425703945868446, 'colsample_bytree': 0.6241203956134441}. Best is trial 287 with value: 0.8167944385575534.
[I 2025-04-08 21:08:08,121] Trial 318 finished with value: 0.8162496463472282 and parameters: {'max_depth': 27, 'learning_rate': 0.04273424036809192, 'n_estimators': 178, 'gamma': 0.5702869026544573, 'min_child_weight': 6, 'subsample': 0.926135202384352, 'colsample_bytree': 0.5878061537111272}. Best is trial 287 with value: 0.8167944385575534.
[I 2025-04-08 21:08:11,370] Trial 319 finished with value: 0.7256524520218395 and parameters: {'max_depth': 27, 'learning_rate': 0.0041663928356768815, 'n_estimators': 179, 'gamma': 0.5751716420808175, 'min_child_weight': 6, 'subsample': 0.9199740955556732, 'colsample_bytree': 0.5835827348966068}. Best is trial 287 with value: 0.8167944385575534.
[I 2025-04-08 21:08:13,396] Trial 320 finished with value: 0.8137759396620046 and parameters: {'max_depth': 27, 'learning_rate': 0.03041303816791843, 'n_estimators': 168, 'gamma': 0.5883933653992736, 'min_child_weight': 6, 'subsample': 0.9292131391725762, 'colsample_bytree': 0.5920681770888446}. Best is trial 287 with value: 0.8167944385575534.
[I 2025-04-08 21:08:15,314] Trial 321 finished with value: 0.8150338012972247 and parameters: {'max_depth': 28, 'learning_rate': 0.04212236666170325, 'n_estimators': 172, 'gamma': 0.5991881378460338, 'min_child_weight': 6, 'subsample': 0.9243417849346521, 'colsample_bytree': 0.6003280966744549}. Best is trial 287 with value: 0.8167944385575534.
[I 2025-04-08 21:08:17,099] Trial 322 finished with value: 0.8174233166567382 and parameters: {'max_depth': 28, 'learning_rate': 0.04960950513507906, 'n_estimators': 181, 'gamma': 0.5733590152177158, 'min_child_weight': 6, 'subsample': 0.9558498967007948, 'colsample_bytree': 0.5802413330333307}. Best is trial 322 with value: 0.8174233166567382.
[I 2025-04-08 21:08:18,932] Trial 323 finished with value: 0.8157882546862287 and parameters: {'max_depth': 28, 'learning_rate': 0.04664091566291414, 'n_estimators': 177, 'gamma': 0.5690626407334, 'min_child_weight': 6, 'subsample': 0.9084949681616817, 'colsample_bytree': 0.6134360319391041}. Best is trial 322 with value: 0.8174233166567382.
[I 2025-04-08 21:08:21,255] Trial 324 finished with value: 0.8140694758558397 and parameters: {'max_depth': 27, 'learning_rate': 0.035772222164203886, 'n_estimators': 165, 'gamma': 0.57455990592173, 'min_child_weight': 6, 'subsample': 0.9536744023736425, 'colsample_bytree': 0.5681948354882065}. Best is trial 322 with value: 0.8174233166567382.
[I 2025-04-08 21:08:22,867] Trial 325 finished with value: 0.815956039862159 and parameters: {'max_depth': 28, 'learning_rate': 0.062207246599927345, 'n_estimators': 171, 'gamma': 0.5670733353133088, 'min_child_weight': 6, 'subsample': 0.9329792994260633, 'colsample_bytree': 0.6060869149393872}. Best is trial 322 with value: 0.8174233166567382.
[I 2025-04-08 21:08:25,331] Trial 326 finished with value: 0.8143628714672063 and parameters: {'max_depth': 28, 'learning_rate': 0.026085948097782856, 'n_estimators': 183, 'gamma': 0.5876516232126732, 'min_child_weight': 6, 'subsample': 0.940774047492788, 'colsample_bytree': 0.5777683603011788}. Best is trial 322 with value: 0.8174233166567382.
[I 2025-04-08 21:08:27,109] Trial 327 finished with value: 0.8162914520587423 and parameters: {'max_depth': 27, 'learning_rate': 0.04958833273447936, 'n_estimators': 176, 'gamma': 0.578730295811091, 'min_child_weight': 6, 'subsample': 0.9533099267355665, 'colsample_bytree': 0.5901794217034624}. Best is trial 322 with value: 0.8174233166567382.
[I 2025-04-08 21:08:28,958] Trial 328 finished with value: 0.8157884128415056 and parameters: {'max_depth': 26, 'learning_rate': 0.04307748814897287, 'n_estimators': 175, 'gamma': 0.5589382715920637, 'min_child_weight': 6, 'subsample': 0.95443281454005, 'colsample_bytree': 0.5880582633986641}. Best is trial 322 with value: 0.8174233166567382.
[I 2025-04-08 21:08:31,319] Trial 329 finished with value: 0.8145724799274594 and parameters: {'max_depth': 27, 'learning_rate': 0.033991495672608334, 'n_estimators': 165, 'gamma': 0.579197110792511, 'min_child_weight': 6, 'subsample': 0.9572420865357426, 'colsample_bytree': 0.5636152669174478}. Best is trial 322 with value: 0.8174233166567382.
[I 2025-04-08 21:08:32,643] Trial 330 finished with value: 0.8155786989444014 and parameters: {'max_depth': 26, 'learning_rate': 0.08284926318539436, 'n_estimators': 171, 'gamma': 0.5653596573457554, 'min_child_weight': 6, 'subsample': 0.946319151141553, 'colsample_bytree': 0.6239738245145618}. Best is trial 322 with value: 0.8174233166567382.
[I 2025-04-08 21:08:34,429] Trial 331 finished with value: 0.8151595347423211 and parameters: {'max_depth': 27, 'learning_rate': 0.04885867682815457, 'n_estimators': 178, 'gamma': 0.5766596610852144, 'min_child_weight': 6, 'subsample': 0.9266488252910113, 'colsample_bytree': 0.5790028282943092}. Best is trial 322 with value: 0.8174233166567382.
[I 2025-04-08 21:08:35,945] Trial 332 finished with value: 0.8159141287137934 and parameters: {'max_depth': 27, 'learning_rate': 0.07047076456063504, 'n_estimators': 168, 'gamma': 0.589169794714826, 'min_child_weight': 6, 'subsample': 0.9555082962464433, 'colsample_bytree': 0.6040579677231228}. Best is trial 322 with value: 0.8174233166567382.
[I 2025-04-08 21:08:37,692] Trial 333 finished with value: 0.8161237898924719 and parameters: {'max_depth': 29, 'learning_rate': 0.05053981066362215, 'n_estimators': 163, 'gamma': 0.5999142166791905, 'min_child_weight': 6, 'subsample': 0.9470915337974567, 'colsample_bytree': 0.5915264817637599}. Best is trial 322 with value: 0.8174233166567382.
[I 2025-04-08 21:08:39,089] Trial 334 finished with value: 0.8158302888442538 and parameters: {'max_depth': 28, 'learning_rate': 0.08279011210931657, 'n_estimators': 179, 'gamma': 0.5639532350746782, 'min_child_weight': 6, 'subsample': 0.9599051873644128, 'colsample_bytree': 0.6151511373652542}. Best is trial 322 with value: 0.8174233166567382.
[I 2025-04-08 21:08:40,791] Trial 335 finished with value: 0.8157463435378631 and parameters: {'max_depth': 28, 'learning_rate': 0.05755307635553753, 'n_estimators': 173, 'gamma': 0.5787080301850072, 'min_child_weight': 6, 'subsample': 0.9343836775108294, 'colsample_bytree': 0.5766162834953567}. Best is trial 322 with value: 0.8174233166567382.
[I 2025-04-08 21:08:43,238] Trial 336 finished with value: 0.8157463786834803 and parameters: {'max_depth': 29, 'learning_rate': 0.039924810713883305, 'n_estimators': 172, 'gamma': 0.5881589872459101, 'min_child_weight': 6, 'subsample': 0.9126827202946494, 'colsample_bytree': 0.6049629630345684}. Best is trial 322 with value: 0.8174233166567382.
[I 2025-04-08 21:08:45,383] Trial 337 finished with value: 0.813650135925674 and parameters: {'max_depth': 27, 'learning_rate': 0.02425900618785099, 'n_estimators': 164, 'gamma': 0.5720959398206533, 'min_child_weight': 6, 'subsample': 0.95901472687773, 'colsample_bytree': 0.5908697143166212}. Best is trial 322 with value: 0.8174233166567382.
[I 2025-04-08 21:08:47,152] Trial 338 finished with value: 0.8155368405144616 and parameters: {'max_depth': 29, 'learning_rate': 0.06978735358296859, 'n_estimators': 176, 'gamma': 0.5520379537693283, 'min_child_weight': 6, 'subsample': 0.9475066467473695, 'colsample_bytree': 0.5683480662439859}. Best is trial 322 with value: 0.8174233166567382.
[I 2025-04-08 21:08:48,781] Trial 339 finished with value: 0.8161657186136461 and parameters: {'max_depth': 28, 'learning_rate': 0.08765046651036713, 'n_estimators': 182, 'gamma': 0.5825443852790596, 'min_child_weight': 6, 'subsample': 0.9256971895668025, 'colsample_bytree': 0.5841988633071166}. Best is trial 322 with value: 0.8174233166567382.
[I 2025-04-08 21:08:50,847] Trial 340 finished with value: 0.814320960318841 and parameters: {'max_depth': 27, 'learning_rate': 0.03268132582784198, 'n_estimators': 167, 'gamma': 0.5593180965871171, 'min_child_weight': 6, 'subsample': 0.9367879064084391, 'colsample_bytree': 0.5980091972703083}. Best is trial 322 with value: 0.8174233166567382.
[I 2025-04-08 21:08:53,265] Trial 341 finished with value: 0.8158301834074028 and parameters: {'max_depth': 26, 'learning_rate': 0.05248515035211977, 'n_estimators': 173, 'gamma': 0.3643233101404852, 'min_child_weight': 6, 'subsample': 0.9601115765375179, 'colsample_bytree': 0.6290032639765558}. Best is trial 322 with value: 0.8174233166567382.
