[I 2025-04-08 20:31:38,411] Trial 45 finished with value: 0.7844297711493144 and parameters: {'max_depth': 19, 'learning_rate': 0.6161623527255817, 'n_estimators': 58, 'gamma': 0.48921867802937213, 'min_child_weight': 6, 'subsample': 0.6514880793867893, 'colsample_bytree': 0.7221235200608195}. Best is trial 14 with value: 0.8200223701852701.
[I 2025-04-08 20:31:41,273] Trial 46 finished with value: 0.8075292806922281 and parameters: {'max_depth': 18, 'learning_rate': 0.11715012110811272, 'n_estimators': 162, 'gamma': 0.43635339832225706, 'min_child_weight': 7, 'subsample': 0.6073449630602435, 'colsample_bytree': 0.8642595747918442}. Best is trial 14 with value: 0.8200223701852701.
[I 2025-04-08 20:31:43,731] Trial 47 finished with value: 0.6377394866279713 and parameters: {'max_depth': 16, 'learning_rate': 1.1526004052378502e-05, 'n_estimators': 143, 'gamma': 0.5403895465722136, 'min_child_weight': 6, 'subsample': 0.5461499624622435, 'colsample_bytree': 0.6291410721646443}. Best is trial 14 with value: 0.8200223701852701.
[I 2025-04-08 20:31:45,005] Trial 48 finished with value: 0.8040915648761733 and parameters: {'max_depth': 14, 'learning_rate': 0.2952746526792159, 'n_estimators': 82, 'gamma': 0.46074533250995303, 'min_child_weight': 7, 'subsample': 0.701552288863878, 'colsample_bytree': 0.6813457069887827}. Best is trial 14 with value: 0.8200223701852701.
[I 2025-04-08 20:31:47,643] Trial 49 finished with value: 0.7924370849522283 and parameters: {'max_depth': 23, 'learning_rate': 0.0077373836450536386, 'n_estimators': 96, 'gamma': 0.5754096272440918, 'min_child_weight': 6, 'subsample': 0.6680277987230365, 'colsample_bytree': 0.7619016860200466}. Best is trial 14 with value: 0.8200223701852701.
[I 2025-04-08 20:31:51,300] Trial 50 finished with value: 0.8148242279825888 and parameters: {'max_depth': 20, 'learning_rate': 0.04370387078175792, 'n_estimators': 197, 'gamma': 0.4111508296837669, 'min_child_weight': 7, 'subsample': 0.8066235950027536, 'colsample_bytree': 0.841015008941079}. Best is trial 14 with value: 0.8200223701852701.
[I 2025-04-08 20:31:53,794] Trial 51 finished with value: 0.8184713941036199 and parameters: {'max_depth': 21, 'learning_rate': 0.02032884752700732, 'n_estimators': 129, 'gamma': 0.576347320908249, 'min_child_weight': 7, 'subsample': 0.7266517821891031, 'colsample_bytree': 0.8074327804491419}. Best is trial 14 with value: 0.8200223701852701.
[I 2025-04-08 20:31:57,651] Trial 52 finished with value: 0.8126440223455834 and parameters: {'max_depth': 22, 'learning_rate': 0.008800775984719303, 'n_estimators': 158, 'gamma': 0.5020766403918344, 'min_child_weight': 7, 'subsample': 0.7333960407427224, 'colsample_bytree': 0.7799510394297934}. Best is trial 14 with value: 0.8200223701852701.
[I 2025-04-08 20:32:00,121] Trial 53 finished with value: 0.8185551461091167 and parameters: {'max_depth': 17, 'learning_rate': 0.0330941236099452, 'n_estimators': 139, 'gamma': 0.5900005050931721, 'min_child_weight': 7, 'subsample': 0.7705137327877615, 'colsample_bytree': 0.8320874253781078}. Best is trial 14 with value: 0.8200223701852701.
[I 2025-04-08 20:32:02,430] Trial 54 finished with value: 0.817633153563502 and parameters: {'max_depth': 25, 'learning_rate': 0.05690478076095579, 'n_estimators': 109, 'gamma': 0.5371327722342404, 'min_child_weight': 6, 'subsample': 0.592912064453501, 'colsample_bytree': 0.7974704311122434}. Best is trial 14 with value: 0.8200223701852701.
[I 2025-04-08 20:32:05,593] Trial 55 finished with value: 0.7688758674377616 and parameters: {'max_depth': 18, 'learning_rate': 0.0035582548972150074, 'n_estimators': 168, 'gamma': 0.5240032484857793, 'min_child_weight': 7, 'subsample': 0.7099353338098419, 'colsample_bytree': 0.7726170511426719}. Best is trial 14 with value: 0.8200223701852701.
[I 2025-04-08 20:32:08,504] Trial 56 finished with value: 0.8041333530148789 and parameters: {'max_depth': 32, 'learning_rate': 0.16188258452139495, 'n_estimators': 150, 'gamma': 0.5505716317583921, 'min_child_weight': 4, 'subsample': 0.7969279660687673, 'colsample_bytree': 0.7254128257310875}. Best is trial 14 with value: 0.8200223701852701.
[I 2025-04-08 20:32:14,862] Trial 57 finished with value: 0.8157882722590373 and parameters: {'max_depth': 24, 'learning_rate': 0.013774748722082125, 'n_estimators': 180, 'gamma': 0.57989319306771, 'min_child_weight': 1, 'subsample': 0.6811795158099464, 'colsample_bytree': 0.8799946584778839}. Best is trial 14 with value: 0.8200223701852701.
[I 2025-04-08 20:32:16,677] Trial 58 finished with value: 0.818974450893665 and parameters: {'max_depth': 21, 'learning_rate': 0.030803651688415822, 'n_estimators': 86, 'gamma': 0.5014755801461835, 'min_child_weight': 6, 'subsample': 0.6210667637581957, 'colsample_bytree': 0.7446086856652208}. Best is trial 14 with value: 0.8200223701852701.
[I 2025-04-08 20:32:18,238] Trial 59 finished with value: 0.8059780761640669 and parameters: {'max_depth': 19, 'learning_rate': 0.027203883343405004, 'n_estimators': 50, 'gamma': 0.46201949058926206, 'min_child_weight': 5, 'subsample': 0.6237757765710413, 'colsample_bytree': 0.6995790612487658}. Best is trial 14 with value: 0.8200223701852701.
[I 2025-04-08 20:32:19,770] Trial 60 finished with value: 0.8168783838639444 and parameters: {'max_depth': 16, 'learning_rate': 0.07997330383549664, 'n_estimators': 88, 'gamma': 0.5090576372767776, 'min_child_weight': 6, 'subsample': 0.5132384283723308, 'colsample_bytree': 0.7442148048068339}. Best is trial 14 with value: 0.8200223701852701.
[I 2025-04-08 20:32:22,267] Trial 61 finished with value: 0.8016599977858261 and parameters: {'max_depth': 21, 'learning_rate': 0.007499020585235853, 'n_estimators': 123, 'gamma': 0.5567999259777591, 'min_child_weight': 6, 'subsample': 0.653689881400584, 'colsample_bytree': 0.7855242916898084}. Best is trial 14 with value: 0.8200223701852701.
[I 2025-04-08 20:32:24,248] Trial 62 finished with value: 0.8189743103111968 and parameters: {'max_depth': 22, 'learning_rate': 0.037511527902515156, 'n_estimators': 100, 'gamma': 0.3295489409156435, 'min_child_weight': 7, 'subsample': 0.5901141674211872, 'colsample_bytree': 0.831963370029663}. Best is trial 14 with value: 0.8200223701852701.
[I 2025-04-08 20:32:26,271] Trial 63 finished with value: 0.8196870107071123 and parameters: {'max_depth': 20, 'learning_rate': 0.03267496622033801, 'n_estimators': 98, 'gamma': 0.16992206494000725, 'min_child_weight': 7, 'subsample': 0.5881973767790241, 'colsample_bytree': 0.9041393884263242}. Best is trial 14 with value: 0.8200223701852701.
[I 2025-04-08 20:32:27,814] Trial 64 finished with value: 0.8180938071665429 and parameters: {'max_depth': 22, 'learning_rate': 0.034107335354359086, 'n_estimators': 68, 'gamma': 0.09854918894689699, 'min_child_weight': 7, 'subsample': 0.586881178370268, 'colsample_bytree': 0.9433723352809976}. Best is trial 14 with value: 0.8200223701852701.
[I 2025-04-08 20:32:30,435] Trial 65 finished with value: 0.6377394866279713 and parameters: {'max_depth': 20, 'learning_rate': 4.2067550701486056e-05, 'n_estimators': 101, 'gamma': 0.22544978371215568, 'min_child_weight': 6, 'subsample': 0.5553309609329491, 'colsample_bytree': 0.9136698568324009}. Best is trial 14 with value: 0.8200223701852701.
[I 2025-04-08 20:32:32,297] Trial 66 finished with value: 0.8143628538943979 and parameters: {'max_depth': 24, 'learning_rate': 0.09486574822044404, 'n_estimators': 86, 'gamma': 0.33534320300968584, 'min_child_weight': 7, 'subsample': 0.6146768187310511, 'colsample_bytree': 0.8584636577070097}. Best is trial 14 with value: 0.8200223701852701.
[I 2025-04-08 20:32:34,320] Trial 67 finished with value: 0.8184712710939601 and parameters: {'max_depth': 18, 'learning_rate': 0.020319607866433363, 'n_estimators': 91, 'gamma': 0.1820079818371813, 'min_child_weight': 5, 'subsample': 0.5309952497790497, 'colsample_bytree': 0.890987420416475}. Best is trial 14 with value: 0.8200223701852701.
[I 2025-04-08 20:32:36,566] Trial 68 finished with value: 0.8179684603232342 and parameters: {'max_depth': 19, 'learning_rate': 0.05133211861706422, 'n_estimators': 116, 'gamma': 0.10192815931648641, 'min_child_weight': 6, 'subsample': 0.6030360359816093, 'colsample_bytree': 0.8255402856365486}. Best is trial 14 with value: 0.8200223701852701.
[I 2025-04-08 20:32:37,998] Trial 69 finished with value: 0.7987253739054336 and parameters: {'max_depth': 27, 'learning_rate': 0.010498256872862344, 'n_estimators': 69, 'gamma': 0.2713356893939204, 'min_child_weight': 7, 'subsample': 0.5763440949419001, 'colsample_bytree': 0.9586738532214311}. Best is trial 14 with value: 0.8200223701852701.
[I 2025-04-08 20:32:40,691] Trial 70 finished with value: 0.8193516512289543 and parameters: {'max_depth': 22, 'learning_rate': 0.033501577472324774, 'n_estimators': 102, 'gamma': 0.1255409327183214, 'min_child_weight': 7, 'subsample': 0.6335800802726479, 'colsample_bytree': 0.9796600134447169}. Best is trial 14 with value: 0.8200223701852701.
[I 2025-04-08 20:32:42,861] Trial 71 finished with value: 0.8185130943782827 and parameters: {'max_depth': 21, 'learning_rate': 0.03327598356252196, 'n_estimators': 100, 'gamma': 0.30617337633590297, 'min_child_weight': 7, 'subsample': 0.6348889735989414, 'colsample_bytree': 0.9566742671675311}. Best is trial 14 with value: 0.8200223701852701.
[I 2025-04-08 20:32:45,283] Trial 72 finished with value: 0.8177164838215939 and parameters: {'max_depth': 23, 'learning_rate': 0.01803635532960996, 'n_estimators': 113, 'gamma': 0.1261550377861982, 'min_child_weight': 7, 'subsample': 0.6614465397035839, 'colsample_bytree': 0.9281688934059247}. Best is trial 14 with value: 0.8200223701852701.
[I 2025-04-08 20:32:46,811] Trial 73 finished with value: 0.8127695273441689 and parameters: {'max_depth': 20, 'learning_rate': 0.13703171781510293, 'n_estimators': 77, 'gamma': 0.07544828768528263, 'min_child_weight': 7, 'subsample': 0.6184178508065549, 'colsample_bytree': 0.8100659888372562}. Best is trial 14 with value: 0.8200223701852701.
[I 2025-04-08 20:32:49,544] Trial 74 finished with value: 0.8157883425502714 and parameters: {'max_depth': 22, 'learning_rate': 0.07077504970371373, 'n_estimators': 106, 'gamma': 0.058703505706723766, 'min_child_weight': 6, 'subsample': 0.6448542105674764, 'colsample_bytree': 0.9981418010117311}. Best is trial 14 with value: 0.8200223701852701.
[I 2025-04-08 20:32:51,664] Trial 75 finished with value: 0.8191838484802156 and parameters: {'max_depth': 24, 'learning_rate': 0.02736366623247096, 'n_estimators': 94, 'gamma': 0.1366896821374275, 'min_child_weight': 7, 'subsample': 0.6719631803743391, 'colsample_bytree': 0.9786864278570989}. Best is trial 14 with value: 0.8200223701852701.
[I 2025-04-08 20:32:53,883] Trial 76 finished with value: 0.8150333971226283 and parameters: {'max_depth': 25, 'learning_rate': 0.013141844994360278, 'n_estimators': 92, 'gamma': 0.1883402839559678, 'min_child_weight': 6, 'subsample': 0.6800579878580857, 'colsample_bytree': 0.9861461124344979}. Best is trial 14 with value: 0.8200223701852701.
[I 2025-04-08 20:32:56,063] Trial 77 finished with value: 0.8052655163506197 and parameters: {'max_depth': 24, 'learning_rate': 0.21543670742503213, 'n_estimators': 84, 'gamma': 0.14205106232847528, 'min_child_weight': 7, 'subsample': 0.6972280698993467, 'colsample_bytree': 0.9726574503168257}. Best is trial 14 with value: 0.8200223701852701.
[I 2025-04-08 20:32:58,587] Trial 78 finished with value: 0.819645204995598 and parameters: {'max_depth': 17, 'learning_rate': 0.026390827825772446, 'n_estimators': 124, 'gamma': 0.15465325055879156, 'min_child_weight': 7, 'subsample': 0.6648856111266163, 'colsample_bytree': 0.9281423076120423}. Best is trial 14 with value: 0.8200223701852701.
[I 2025-04-08 20:33:01,887] Trial 79 finished with value: 0.7737809479124382 and parameters: {'max_depth': 19, 'learning_rate': 0.004286551574911266, 'n_estimators': 121, 'gamma': 0.1598247881650346, 'min_child_weight': 7, 'subsample': 0.6612092308519671, 'colsample_bytree': 0.9303461096213801}. Best is trial 14 with value: 0.8200223701852701.
[I 2025-04-08 20:33:07,049] Trial 80 finished with value: 0.8061458086215714 and parameters: {'max_depth': 17, 'learning_rate': 0.06186444783892565, 'n_estimators': 209, 'gamma': 0.16645654219282588, 'min_child_weight': 2, 'subsample': 0.7555664499185907, 'colsample_bytree': 0.9666509268082601}. Best is trial 14 with value: 0.8200223701852701.
[I 2025-04-08 20:33:10,176] Trial 81 finished with value: 0.8190580974623106 and parameters: {'max_depth': 20, 'learning_rate': 0.02650357466100699, 'n_estimators': 129, 'gamma': 0.1499565868048549, 'min_child_weight': 7, 'subsample': 0.6305997672249332, 'colsample_bytree': 0.9415402421466552}. Best is trial 14 with value: 0.8200223701852701.
[I 2025-04-08 20:33:12,889] Trial 82 finished with value: 0.8054331082256561 and parameters: {'max_depth': 20, 'learning_rate': 0.006646215737528894, 'n_estimators': 127, 'gamma': 0.13194859409043105, 'min_child_weight': 7, 'subsample': 0.7032612244753813, 'colsample_bytree': 0.9029700249640531}. Best is trial 14 with value: 0.8200223701852701.
[I 2025-04-08 20:33:15,339] Trial 83 finished with value: 0.8199384073060709 and parameters: {'max_depth': 16, 'learning_rate': 0.02325308132213237, 'n_estimators': 133, 'gamma': 0.2261542847157076, 'min_child_weight': 7, 'subsample': 0.6694057184239364, 'colsample_bytree': 0.9442852247751938}. Best is trial 14 with value: 0.8200223701852701.
[I 2025-04-08 20:33:17,662] Trial 84 finished with value: 0.8205255675577838 and parameters: {'max_depth': 14, 'learning_rate': 0.02431774148278383, 'n_estimators': 135, 'gamma': 0.2059819043457457, 'min_child_weight': 7, 'subsample': 0.6344219625096231, 'colsample_bytree': 0.9368396963405224}. Best is trial 84 with value: 0.8205255675577838.
[I 2025-04-08 20:33:20,053] Trial 85 finished with value: 0.8163751864914305 and parameters: {'max_depth': 14, 'learning_rate': 0.010976372295476527, 'n_estimators': 135, 'gamma': 0.2167695528996823, 'min_child_weight': 7, 'subsample': 0.6705025949545159, 'colsample_bytree': 0.9851758233207608}. Best is trial 84 with value: 0.8205255675577838.
[I 2025-04-08 20:33:22,728] Trial 86 finished with value: 0.8193516863745716 and parameters: {'max_depth': 12, 'learning_rate': 0.017392899924561417, 'n_estimators': 144, 'gamma': 0.24190625524767892, 'min_child_weight': 7, 'subsample': 0.6436703848237154, 'colsample_bytree': 0.9206667757849502}. Best is trial 84 with value: 0.8205255675577838.
[I 2025-04-08 20:33:24,861] Trial 87 finished with value: 0.8183875893796975 and parameters: {'max_depth': 12, 'learning_rate': 0.01648165903045284, 'n_estimators': 143, 'gamma': 0.2434064862615119, 'min_child_weight': 7, 'subsample': 0.6458642552291578, 'colsample_bytree': 0.9079750669151915}. Best is trial 84 with value: 0.8205255675577838.
[I 2025-04-08 20:33:27,407] Trial 88 finished with value: 0.8203996935302191 and parameters: {'max_depth': 15, 'learning_rate': 0.020693596414643477, 'n_estimators': 144, 'gamma': 0.20791433311182267, 'min_child_weight': 7, 'subsample': 0.6835705267305939, 'colsample_bytree': 0.9181791728152923}. Best is trial 84 with value: 0.8205255675577838.
[I 2025-04-08 20:33:29,576] Trial 89 finished with value: 0.8149917144207739 and parameters: {'max_depth': 11, 'learning_rate': 0.009301284347364209, 'n_estimators': 154, 'gamma': 0.21366626841902223, 'min_child_weight': 7, 'subsample': 0.6875626497358329, 'colsample_bytree': 0.9199004500586401}. Best is trial 84 with value: 0.8205255675577838.
[I 2025-04-08 20:33:32,500] Trial 90 finished with value: 0.8194354383800683 and parameters: {'max_depth': 15, 'learning_rate': 0.021064140703212993, 'n_estimators': 146, 'gamma': 0.2608482079821973, 'min_child_weight': 7, 'subsample': 0.6586186918634539, 'colsample_bytree': 0.8970171288987613}. Best is trial 84 with value: 0.8205255675577838.
[I 2025-04-08 20:33:34,945] Trial 91 finished with value: 0.8192678640778406 and parameters: {'max_depth': 15, 'learning_rate': 0.02143266741785201, 'n_estimators': 136, 'gamma': 0.26959527671931716, 'min_child_weight': 7, 'subsample': 0.6048437248420405, 'colsample_bytree': 0.9391816290450032}. Best is trial 84 with value: 0.8205255675577838.
[I 2025-04-08 20:33:37,331] Trial 92 finished with value: 0.8191001316203359 and parameters: {'max_depth': 15, 'learning_rate': 0.019363852751794676, 'n_estimators': 138, 'gamma': 0.27130359753363953, 'min_child_weight': 7, 'subsample': 0.606218915324678, 'colsample_bytree': 0.8959823268150333}. Best is trial 84 with value: 0.8205255675577838.
[I 2025-04-08 20:33:39,551] Trial 93 finished with value: 0.817800411555176 and parameters: {'max_depth': 13, 'learning_rate': 0.04131879207001663, 'n_estimators': 147, 'gamma': 0.2897858240185855, 'min_child_weight': 7, 'subsample': 0.6560152159036936, 'colsample_bytree': 0.939042912106153}. Best is trial 84 with value: 0.8205255675577838.
[I 2025-04-08 20:33:42,304] Trial 94 finished with value: 0.6426025680902399 and parameters: {'max_depth': 14, 'learning_rate': 0.0023528005623409255, 'n_estimators': 134, 'gamma': 0.2499753523089447, 'min_child_weight': 7, 'subsample': 0.6414746989703768, 'colsample_bytree': 0.8791883478285103}. Best is trial 84 with value: 0.8205255675577838.
[I 2025-04-08 20:33:45,121] Trial 95 finished with value: 0.8185551988275422 and parameters: {'max_depth': 16, 'learning_rate': 0.01317820656293079, 'n_estimators': 155, 'gamma': 0.23244902825108332, 'min_child_weight': 7, 'subsample': 0.6302668397139685, 'colsample_bytree': 0.9209178346063961}. Best is trial 84 with value: 0.8205255675577838.
[I 2025-04-08 20:33:47,714] Trial 96 finished with value: 0.8196032235559985 and parameters: {'max_depth': 15, 'learning_rate': 0.022559263486164178, 'n_estimators': 145, 'gamma': 0.20183091914258164, 'min_child_weight': 7, 'subsample': 0.5734121836399279, 'colsample_bytree': 0.9474659539556972}. Best is trial 84 with value: 0.8205255675577838.
[I 2025-04-08 20:33:49,867] Trial 97 finished with value: 0.8148660688397202 and parameters: {'max_depth': 12, 'learning_rate': 0.0925759914206464, 'n_estimators': 164, 'gamma': 0.1817722100814006, 'min_child_weight': 7, 'subsample': 0.5614402661773261, 'colsample_bytree': 0.9531469645584855}. Best is trial 84 with value: 0.8205255675577838.
[I 2025-04-08 20:33:52,640] Trial 98 finished with value: 0.8081164585167494 and parameters: {'max_depth': 13, 'learning_rate': 0.0063001568243914174, 'n_estimators': 144, 'gamma': 0.2039905894242397, 'min_child_weight': 7, 'subsample': 0.5842669675843571, 'colsample_bytree': 0.9996655343579548}. Best is trial 84 with value: 0.8205255675577838.
[I 2025-04-08 20:33:55,597] Trial 99 finished with value: 0.8173393537775387 and parameters: {'max_depth': 16, 'learning_rate': 0.02286727337768645, 'n_estimators': 126, 'gamma': 0.19333570282282658, 'min_child_weight': 3, 'subsample': 0.6635116696339454, 'colsample_bytree': 0.9622221294786989}. Best is trial 84 with value: 0.8205255675577838.
[I 2025-04-08 20:33:57,728] Trial 100 finished with value: 0.8189744860392822 and parameters: {'max_depth': 14, 'learning_rate': 0.05666545504490656, 'n_estimators': 118, 'gamma': 0.17474152342941834, 'min_child_weight': 7, 'subsample': 0.5432985687957332, 'colsample_bytree': 0.9494546274830415}. Best is trial 84 with value: 0.8205255675577838.
[I 2025-04-08 20:34:00,214] Trial 101 finished with value: 0.8194353856616428 and parameters: {'max_depth': 15, 'learning_rate': 0.02366754307526819, 'n_estimators': 136, 'gamma': 0.26498746921902244, 'min_child_weight': 7, 'subsample': 0.6005675761299637, 'colsample_bytree': 0.933130081430876}. Best is trial 84 with value: 0.8205255675577838.
[I 2025-04-08 20:34:03,396] Trial 102 finished with value: 0.8188486998757603 and parameters: {'max_depth': 15, 'learning_rate': 0.040037919496988685, 'n_estimators': 146, 'gamma': 0.25825243265542647, 'min_child_weight': 7, 'subsample': 0.576242590117106, 'colsample_bytree': 0.8996005077182281}. Best is trial 84 with value: 0.8205255675577838.
[I 2025-04-08 20:34:05,753] Trial 103 finished with value: 0.8183877475349742 and parameters: {'max_depth': 11, 'learning_rate': 0.0269157153885809, 'n_estimators': 152, 'gamma': 0.20655464727486364, 'min_child_weight': 7, 'subsample': 0.9630990402072624, 'colsample_bytree': 0.9320998321765241}. Best is trial 84 with value: 0.8205255675577838.
[I 2025-04-08 20:34:08,397] Trial 104 finished with value: 0.8188485417204834 and parameters: {'max_depth': 17, 'learning_rate': 0.01484711285939402, 'n_estimators': 139, 'gamma': 0.29054931214991864, 'min_child_weight': 7, 'subsample': 0.5985964300965294, 'colsample_bytree': 0.9133973525572326}. Best is trial 84 with value: 0.8205255675577838.
[I 2025-04-08 20:34:10,303] Trial 105 finished with value: 0.8139018136895693 and parameters: {'max_depth': 12, 'learning_rate': 0.010197721618351932, 'n_estimators': 123, 'gamma': 0.22885857212061475, 'min_child_weight': 7, 'subsample': 0.6176179440212727, 'colsample_bytree': 0.8714183549334116}. Best is trial 84 with value: 0.8205255675577838.
[I 2025-04-08 20:34:13,619] Trial 106 finished with value: 0.8188905055872745 and parameters: {'max_depth': 15, 'learning_rate': 0.03323477577766959, 'n_estimators': 167, 'gamma': 0.2578773866658149, 'min_child_weight': 7, 'subsample': 0.6485179434380886, 'colsample_bytree': 0.9218730041480178}. Best is trial 84 with value: 0.8205255675577838.
[I 2025-04-08 20:34:16,002] Trial 107 finished with value: 0.819267846505032 and parameters: {'max_depth': 13, 'learning_rate': 0.02379226604939009, 'n_estimators': 133, 'gamma': 0.30961822267614303, 'min_child_weight': 7, 'subsample': 0.6358518449830893, 'colsample_bytree': 0.9721316622551832}. Best is trial 84 with value: 0.8205255675577838.
