[I 2025-04-08 21:11:41,198] Trial 97 finished with value: 0.8150756245815476 and parameters: {'max_depth': 4, 'learning_rate': 0.4458217735403403, 'n_estimators': 130, 'gamma': 0.10573177987941458, 'min_child_weight': 7, 'subsample': 0.7077318797350947, 'colsample_bytree': 0.7518462586087834}. Best is trial 97 with value: 0.8150756245815476.
[I 2025-04-08 21:11:42,158] Trial 98 finished with value: 0.8106313910108055 and parameters: {'max_depth': 4, 'learning_rate': 0.7528448773678885, 'n_estimators': 136, 'gamma': 0.10681303648553311, 'min_child_weight': 6, 'subsample': 0.7038686629771304, 'colsample_bytree': 0.7486976911074794}. Best is trial 97 with value: 0.8150756245815476.
[I 2025-04-08 21:11:42,811] Trial 99 finished with value: 0.8124341502932022 and parameters: {'max_depth': 3, 'learning_rate': 0.4549568455968147, 'n_estimators': 129, 'gamma': 0.09276082096650716, 'min_child_weight': 7, 'subsample': 0.6418409565188834, 'colsample_bytree': 0.8177675625626866}. Best is trial 97 with value: 0.8150756245815476.
[I 2025-04-08 21:11:43,403] Trial 100 finished with value: 0.8124342557300535 and parameters: {'max_depth': 3, 'learning_rate': 0.6334270521182684, 'n_estimators': 99, 'gamma': 0.15623381666505867, 'min_child_weight': 7, 'subsample': 0.7208788796786403, 'colsample_bytree': 0.7718420431014448}. Best is trial 97 with value: 0.8150756245815476.
[I 2025-04-08 21:11:44,574] Trial 101 finished with value: 0.813733923076788 and parameters: {'max_depth': 4, 'learning_rate': 0.22666244833245847, 'n_estimators': 152, 'gamma': 0.07930433921667492, 'min_child_weight': 7, 'subsample': 0.6872806440234362, 'colsample_bytree': 0.7558844493095392}. Best is trial 97 with value: 0.8150756245815476.
[I 2025-04-08 21:11:45,709] Trial 102 finished with value: 0.814446711336746 and parameters: {'max_depth': 4, 'learning_rate': 0.3353170568482699, 'n_estimators': 150, 'gamma': 0.08092100381758055, 'min_child_weight': 7, 'subsample': 0.6989879746668831, 'colsample_bytree': 0.7913431134607241}. Best is trial 97 with value: 0.8150756245815476.
[I 2025-04-08 21:11:46,596] Trial 103 finished with value: 0.8146144437942505 and parameters: {'max_depth': 4, 'learning_rate': 0.35043006484554096, 'n_estimators': 162, 'gamma': 0.05399031854699903, 'min_child_weight': 7, 'subsample': 0.6577956375469549, 'colsample_bytree': 0.7606136909607876}. Best is trial 97 with value: 0.8150756245815476.
[I 2025-04-08 21:11:47,449] Trial 104 finished with value: 0.8130212929721067 and parameters: {'max_depth': 4, 'learning_rate': 0.44389300540246035, 'n_estimators': 177, 'gamma': 0.05719160433912946, 'min_child_weight': 7, 'subsample': 0.6522929654065823, 'colsample_bytree': 0.7608037265497842}. Best is trial 97 with value: 0.8150756245815476.
[I 2025-04-08 21:11:48,245] Trial 105 finished with value: 0.808199876638884 and parameters: {'max_depth': 4, 'learning_rate': 0.9859842515266376, 'n_estimators': 164, 'gamma': 0.0789802801442236, 'min_child_weight': 7, 'subsample': 0.6701722086109727, 'colsample_bytree': 0.7927941342191155}. Best is trial 97 with value: 0.8150756245815476.
[I 2025-04-08 21:11:48,884] Trial 106 finished with value: 0.8123085925761913 and parameters: {'max_depth': 3, 'learning_rate': 0.6057012787254746, 'n_estimators': 150, 'gamma': 0.08824889619574038, 'min_child_weight': 3, 'subsample': 0.6248555553897724, 'colsample_bytree': 0.747192287216014}. Best is trial 97 with value: 0.8150756245815476.
[I 2025-04-08 21:11:49,809] Trial 107 finished with value: 0.8134825089050206 and parameters: {'max_depth': 5, 'learning_rate': 0.3606408156010049, 'n_estimators': 166, 'gamma': 0.13204671984950062, 'min_child_weight': 6, 'subsample': 0.6967720989864578, 'colsample_bytree': 0.7759019135131998}. Best is trial 97 with value: 0.8150756245815476.
[I 2025-04-08 21:11:51,470] Trial 108 finished with value: 0.8100866163732887 and parameters: {'max_depth': 4, 'learning_rate': 0.10920535402694852, 'n_estimators': 153, 'gamma': 0.07518423458563356, 'min_child_weight': 7, 'subsample': 0.6857762649184536, 'colsample_bytree': 0.80489473239214}. Best is trial 97 with value: 0.8150756245815476.
[I 2025-04-08 21:11:52,599] Trial 109 finished with value: 0.7142912271267932 and parameters: {'max_depth': 5, 'learning_rate': 0.002941006287328001, 'n_estimators': 169, 'gamma': 0.10409744280146588, 'min_child_weight': 7, 'subsample': 0.6995946999961217, 'colsample_bytree': 0.7590463545715589}. Best is trial 97 with value: 0.8150756245815476.
[I 2025-04-08 21:11:53,572] Trial 110 finished with value: 0.6377394866279713 and parameters: {'max_depth': 5, 'learning_rate': 9.792966828599665e-05, 'n_estimators': 148, 'gamma': 0.05950772939172659, 'min_child_weight': 4, 'subsample': 0.6068929953494474, 'colsample_bytree': 0.7388307542183288}. Best is trial 97 with value: 0.8150756245815476.
[I 2025-04-08 21:11:54,387] Trial 111 finished with value: 0.8117216080525639 and parameters: {'max_depth': 3, 'learning_rate': 0.22390949209962005, 'n_estimators': 182, 'gamma': 0.015557133900987249, 'min_child_weight': 7, 'subsample': 0.6576307619003927, 'colsample_bytree': 0.7905022903531912}. Best is trial 97 with value: 0.8150756245815476.
[I 2025-04-08 21:11:55,636] Trial 112 finished with value: 0.811511876582651 and parameters: {'max_depth': 7, 'learning_rate': 0.3265099880771261, 'n_estimators': 158, 'gamma': 0.03090445951775984, 'min_child_weight': 7, 'subsample': 0.6870668243574556, 'colsample_bytree': 0.7738349235528494}. Best is trial 97 with value: 0.8150756245815476.
[I 2025-04-08 21:11:56,340] Trial 113 finished with value: 0.8127277216326545 and parameters: {'max_depth': 4, 'learning_rate': 0.1810972334963773, 'n_estimators': 142, 'gamma': 0.09132156392489782, 'min_child_weight': 7, 'subsample': 0.7102640392654397, 'colsample_bytree': 0.7195494046235986}. Best is trial 97 with value: 0.8150756245815476.
[I 2025-04-08 21:11:57,126] Trial 114 finished with value: 0.812769931518765 and parameters: {'max_depth': 5, 'learning_rate': 0.49099950617974725, 'n_estimators': 119, 'gamma': 0.15057354702812878, 'min_child_weight': 7, 'subsample': 0.6623867810108349, 'colsample_bytree': 0.7819089827628215}. Best is trial 97 with value: 0.8150756245815476.
[I 2025-04-08 21:11:59,020] Trial 115 finished with value: 0.8100026359212809 and parameters: {'max_depth': 24, 'learning_rate': 0.27046217389866123, 'n_estimators': 133, 'gamma': 0.12323350658445102, 'min_child_weight': 7, 'subsample': 0.6730062919413701, 'colsample_bytree': 0.7525309653656457}. Best is trial 97 with value: 0.8150756245815476.
[I 2025-04-08 21:11:59,782] Trial 116 finished with value: 0.8140271429600693 and parameters: {'max_depth': 6, 'learning_rate': 0.21431568460996542, 'n_estimators': 109, 'gamma': 0.13559414527096852, 'min_child_weight': 5, 'subsample': 0.6393654442062275, 'colsample_bytree': 0.8212663175150068}. Best is trial 97 with value: 0.8150756245815476.
[I 2025-04-08 21:12:00,687] Trial 117 finished with value: 0.8133984581617788 and parameters: {'max_depth': 6, 'learning_rate': 0.12987520952440518, 'n_estimators': 136, 'gamma': 0.1375695415599175, 'min_child_weight': 6, 'subsample': 0.6430918088264428, 'colsample_bytree': 0.8468405167642137}. Best is trial 97 with value: 0.8150756245815476.
[I 2025-04-08 21:12:01,711] Trial 118 finished with value: 0.8084932195318253 and parameters: {'max_depth': 3, 'learning_rate': 0.21436959057921984, 'n_estimators': 109, 'gamma': 0.17073168810505893, 'min_child_weight': 5, 'subsample': 0.6134445516186103, 'colsample_bytree': 0.8152649950112171}. Best is trial 97 with value: 0.8150756245815476.
[I 2025-04-08 21:12:02,501] Trial 119 finished with value: 0.8077807827280379 and parameters: {'max_depth': 4, 'learning_rate': 0.08422745207247083, 'n_estimators': 141, 'gamma': 0.10010148531496649, 'min_child_weight': 5, 'subsample': 0.5830289779241016, 'colsample_bytree': 0.7341413700588348}. Best is trial 97 with value: 0.8150756245815476.
[I 2025-04-08 21:12:03,568] Trial 120 finished with value: 0.8119733385348848 and parameters: {'max_depth': 5, 'learning_rate': 0.4048991022283002, 'n_estimators': 147, 'gamma': 0.18877990525180244, 'min_child_weight': 4, 'subsample': 0.6827835963456691, 'colsample_bytree': 0.7688539602336835}. Best is trial 97 with value: 0.8150756245815476.
[I 2025-04-08 21:12:04,371] Trial 121 finished with value: 0.8126020409059838 and parameters: {'max_depth': 6, 'learning_rate': 0.3058077192573985, 'n_estimators': 95, 'gamma': 0.05606739117923161, 'min_child_weight': 7, 'subsample': 0.634007785000343, 'colsample_bytree': 0.8370439575682254}. Best is trial 97 with value: 0.8150756245815476.
[I 2025-04-08 21:12:05,322] Trial 122 finished with value: 0.8131051504144547 and parameters: {'max_depth': 7, 'learning_rate': 0.15840340729370378, 'n_estimators': 104, 'gamma': 0.07257457883806773, 'min_child_weight': 5, 'subsample': 0.7257059523520624, 'colsample_bytree': 0.8051007809521319}. Best is trial 97 with value: 0.8150756245815476.
[I 2025-04-08 21:12:06,093] Trial 123 finished with value: 0.8139017258255266 and parameters: {'max_depth': 8, 'learning_rate': 0.24724872750477125, 'n_estimators': 82, 'gamma': 0.12982488935709516, 'min_child_weight': 7, 'subsample': 0.7613062522387543, 'colsample_bytree': 0.762710522129753}. Best is trial 97 with value: 0.8150756245815476.
[I 2025-04-08 21:12:06,984] Trial 124 finished with value: 0.8100444943512206 and parameters: {'max_depth': 8, 'learning_rate': 0.5575672281238326, 'n_estimators': 82, 'gamma': 0.12527453988547657, 'min_child_weight': 6, 'subsample': 0.7629859412124558, 'colsample_bytree': 0.74703732045076}. Best is trial 97 with value: 0.8150756245815476.
[I 2025-04-08 21:12:08,546] Trial 125 finished with value: 0.8124762195968446 and parameters: {'max_depth': 9, 'learning_rate': 0.18888680681817638, 'n_estimators': 155, 'gamma': 0.11083931201184642, 'min_child_weight': 7, 'subsample': 0.6947565835352041, 'colsample_bytree': 0.8624683756551242}. Best is trial 97 with value: 0.8150756245815476.
[I 2025-04-08 21:12:09,780] Trial 126 finished with value: 0.8119313746680936 and parameters: {'max_depth': 6, 'learning_rate': 0.23422434906338235, 'n_estimators': 172, 'gamma': 0.14860659925563968, 'min_child_weight': 2, 'subsample': 0.7719319975439867, 'colsample_bytree': 0.7280210310450148}. Best is trial 97 with value: 0.8150756245815476.
[I 2025-04-08 21:12:10,387] Trial 127 finished with value: 0.8101703508059769 and parameters: {'max_depth': 5, 'learning_rate': 0.7758362225987598, 'n_estimators': 89, 'gamma': 0.13135944650656, 'min_child_weight': 7, 'subsample': 0.6759889101608607, 'colsample_bytree': 0.7595524910555274}. Best is trial 97 with value: 0.8150756245815476.
[I 2025-04-08 21:12:11,160] Trial 128 finished with value: 0.8144049231980404 and parameters: {'max_depth': 10, 'learning_rate': 0.13358252202910165, 'n_estimators': 67, 'gamma': 0.16204810156357707, 'min_child_weight': 7, 'subsample': 0.7502958346426989, 'colsample_bytree': 0.7027643803266241}. Best is trial 97 with value: 0.8150756245815476.
[I 2025-04-08 21:12:12,302] Trial 129 finished with value: 0.8037982747016577 and parameters: {'max_depth': 4, 'learning_rate': 0.09537471707467267, 'n_estimators': 68, 'gamma': 0.08499725322274733, 'min_child_weight': 6, 'subsample': 0.7612416633388013, 'colsample_bytree': 0.7125530365807382}. Best is trial 97 with value: 0.8150756245815476.
[I 2025-04-08 21:12:13,048] Trial 130 finished with value: 0.8127697206450627 and parameters: {'max_depth': 8, 'learning_rate': 0.12079048015663006, 'n_estimators': 61, 'gamma': 0.09817250893245617, 'min_child_weight': 7, 'subsample': 0.7443557147620814, 'colsample_bytree': 0.7072225256593277}. Best is trial 97 with value: 0.8150756245815476.
[I 2025-04-08 21:12:13,893] Trial 131 finished with value: 0.8145305160606684 and parameters: {'max_depth': 10, 'learning_rate': 0.16613514662618917, 'n_estimators': 54, 'gamma': 0.165180866834026, 'min_child_weight': 7, 'subsample': 0.7518566021366243, 'colsample_bytree': 0.7420302596724305}. Best is trial 97 with value: 0.8150756245815476.
[I 2025-04-08 21:12:14,811] Trial 132 finished with value: 0.814530603924711 and parameters: {'max_depth': 9, 'learning_rate': 0.16025878271252306, 'n_estimators': 58, 'gamma': 0.22048978712327216, 'min_child_weight': 7, 'subsample': 0.7517236909623192, 'colsample_bytree': 0.699536383538726}. Best is trial 97 with value: 0.8150756245815476.
[I 2025-04-08 21:12:15,689] Trial 133 finished with value: 0.8142789788792415 and parameters: {'max_depth': 10, 'learning_rate': 0.15982211161069004, 'n_estimators': 54, 'gamma': 0.22981289835640406, 'min_child_weight': 7, 'subsample': 0.7146293490794222, 'colsample_bytree': 0.7004707712211349}. Best is trial 97 with value: 0.8150756245815476.
[I 2025-04-08 21:12:16,776] Trial 134 finished with value: 0.8129371895104391 and parameters: {'max_depth': 11, 'learning_rate': 0.2881665014740642, 'n_estimators': 53, 'gamma': 0.22713840259688245, 'min_child_weight': 7, 'subsample': 0.7128066510484236, 'colsample_bytree': 0.7403066683059748}. Best is trial 97 with value: 0.8150756245815476.
[I 2025-04-08 21:12:17,574] Trial 135 finished with value: 0.8112606205661608 and parameters: {'max_depth': 9, 'learning_rate': 0.38114200495309786, 'n_estimators': 57, 'gamma': 0.2587809089150028, 'min_child_weight': 7, 'subsample': 0.7488684667963852, 'colsample_bytree': 0.7029845653779357}. Best is trial 97 with value: 0.8150756245815476.
[I 2025-04-08 21:12:18,640] Trial 136 finished with value: 0.8137339055039794 and parameters: {'max_depth': 10, 'learning_rate': 0.24312459679652154, 'n_estimators': 57, 'gamma': 0.21103376809687693, 'min_child_weight': 7, 'subsample': 0.7302926725188162, 'colsample_bytree': 0.7663971008063822}. Best is trial 97 with value: 0.8150756245815476.
[I 2025-04-08 21:12:19,795] Trial 137 finished with value: 0.8134404220285699 and parameters: {'max_depth': 12, 'learning_rate': 0.2419016967967384, 'n_estimators': 51, 'gamma': 0.1684115579109736, 'min_child_weight': 7, 'subsample': 0.7254445091914369, 'colsample_bytree': 0.7290748443063055}. Best is trial 97 with value: 0.8150756245815476.
[I 2025-04-08 21:12:20,970] Trial 138 finished with value: 0.6377394866279713 and parameters: {'max_depth': 10, 'learning_rate': 0.005614542155018104, 'n_estimators': 62, 'gamma': 0.1991766484822612, 'min_child_weight': 7, 'subsample': 0.7343964109037405, 'colsample_bytree': 0.7163303358971149}. Best is trial 97 with value: 0.8150756245815476.
[I 2025-04-08 21:12:22,592] Trial 139 finished with value: 0.8138179562472212 and parameters: {'max_depth': 13, 'learning_rate': 0.15628011578242057, 'n_estimators': 57, 'gamma': 0.21737963427742976, 'min_child_weight': 7, 'subsample': 0.7043753268731716, 'colsample_bytree': 0.8237583466740547}. Best is trial 97 with value: 0.8150756245815476.
[I 2025-04-08 21:12:23,497] Trial 140 finished with value: 0.8127275986229947 and parameters: {'max_depth': 13, 'learning_rate': 0.15478880552130245, 'n_estimators': 67, 'gamma': 0.18280011928949508, 'min_child_weight': 7, 'subsample': 0.7098746311589205, 'colsample_bytree': 0.8905514265605418}. Best is trial 97 with value: 0.8150756245815476.
[I 2025-04-08 21:12:24,250] Trial 141 finished with value: 0.8117217837806491 and parameters: {'max_depth': 12, 'learning_rate': 0.3156894778117705, 'n_estimators': 56, 'gamma': 0.2130684267002962, 'min_child_weight': 7, 'subsample': 0.7022490864647772, 'colsample_bytree': 0.8199810482823301}. Best is trial 97 with value: 0.8150756245815476.
[I 2025-04-08 21:12:25,052] Trial 142 finished with value: 0.8135663312017517 and parameters: {'max_depth': 10, 'learning_rate': 0.21577743571672653, 'n_estimators': 73, 'gamma': 0.22584985756014522, 'min_child_weight': 7, 'subsample': 0.721902258879294, 'colsample_bytree': 0.8336117612299458}. Best is trial 97 with value: 0.8150756245815476.
[I 2025-04-08 21:12:25,762] Trial 143 finished with value: 0.810757194747136 and parameters: {'max_depth': 11, 'learning_rate': 0.4633858159423303, 'n_estimators': 57, 'gamma': 0.2078934722704551, 'min_child_weight': 7, 'subsample': 0.6912566730702963, 'colsample_bytree': 0.7923347298360159}. Best is trial 97 with value: 0.8150756245815476.
[I 2025-04-08 21:12:26,662] Trial 144 finished with value: 0.8136501534984826 and parameters: {'max_depth': 16, 'learning_rate': 0.16476624363466646, 'n_estimators': 60, 'gamma': 0.25109006175906007, 'min_child_weight': 7, 'subsample': 0.7152437143376583, 'colsample_bytree': 0.776472803876934}. Best is trial 97 with value: 0.8150756245815476.
[I 2025-04-08 21:12:27,365] Trial 145 finished with value: 0.8118473942160858 and parameters: {'max_depth': 11, 'learning_rate': 0.3741302181802646, 'n_estimators': 50, 'gamma': 0.23568100043751866, 'min_child_weight': 7, 'subsample': 0.7424280354626369, 'colsample_bytree': 0.7448711417708126}. Best is trial 97 with value: 0.8150756245815476.
[I 2025-04-08 21:12:28,100] Trial 146 finished with value: 0.8126018476050897 and parameters: {'max_depth': 9, 'learning_rate': 0.2512435568246716, 'n_estimators': 69, 'gamma': 0.22124101043987834, 'min_child_weight': 7, 'subsample': 0.7292084530149399, 'colsample_bytree': 0.802379305726089}. Best is trial 97 with value: 0.8150756245815476.
[I 2025-04-08 21:12:28,756] Trial 147 finished with value: 0.8138179562472212 and parameters: {'max_depth': 10, 'learning_rate': 0.19053556202411706, 'n_estimators': 54, 'gamma': 0.24434542262031847, 'min_child_weight': 7, 'subsample': 0.7547019919060604, 'colsample_bytree': 0.7630646793250994}. Best is trial 97 with value: 0.8150756245815476.
[I 2025-04-08 21:12:29,768] Trial 148 finished with value: 0.8137337649215111 and parameters: {'max_depth': 18, 'learning_rate': 0.15754674145557926, 'n_estimators': 72, 'gamma': 0.2908551143376481, 'min_child_weight': 7, 'subsample': 0.7538206659763472, 'colsample_bytree': 0.7518053937452454}. Best is trial 97 with value: 0.8150756245815476.
[I 2025-04-08 21:12:30,646] Trial 149 finished with value: 0.8040074965601226 and parameters: {'max_depth': 13, 'learning_rate': 0.640147347648652, 'n_estimators': 66, 'gamma': 0.28259550492405666, 'min_child_weight': 6, 'subsample': 0.653112189677296, 'colsample_bytree': 0.7001946502098427}. Best is trial 97 with value: 0.8150756245815476.
[I 2025-04-08 21:12:31,310] Trial 150 finished with value: 0.8137339582224049 and parameters: {'max_depth': 10, 'learning_rate': 0.11495467976618402, 'n_estimators': 54, 'gamma': 0.27539577863094294, 'min_child_weight': 7, 'subsample': 0.6654242416854208, 'colsample_bytree': 0.6796740030429026}. Best is trial 97 with value: 0.8150756245815476.
[I 2025-04-08 21:12:31,934] Trial 151 finished with value: 0.8119730749427566 and parameters: {'max_depth': 10, 'learning_rate': 0.10668550794547187, 'n_estimators': 50, 'gamma': 0.2663629982476342, 'min_child_weight': 7, 'subsample': 0.676424271539649, 'colsample_bytree': 0.7346730467289038}. Best is trial 97 with value: 0.8150756245815476.
[I 2025-04-08 21:12:33,259] Trial 152 finished with value: 0.8139855832678746 and parameters: {'max_depth': 14, 'learning_rate': 0.1830049798490443, 'n_estimators': 54, 'gamma': 0.27899842963973215, 'min_child_weight': 7, 'subsample': 0.6642732261088006, 'colsample_bytree': 0.6845158086695956}. Best is trial 97 with value: 0.8150756245815476.
[I 2025-04-08 21:12:34,488] Trial 153 finished with value: 0.8123924675913479 and parameters: {'max_depth': 16, 'learning_rate': 0.07106805530982094, 'n_estimators': 77, 'gamma': 0.27287799986262123, 'min_child_weight': 7, 'subsample': 0.6661514790035638, 'colsample_bytree': 0.6778915023588198}. Best is trial 97 with value: 0.8150756245815476.
[I 2025-04-08 21:12:35,409] Trial 154 finished with value: 0.8139435666826579 and parameters: {'max_depth': 11, 'learning_rate': 0.18533461050590108, 'n_estimators': 64, 'gamma': 0.24459782465469504, 'min_child_weight': 7, 'subsample': 0.645135551932035, 'colsample_bytree': 0.6711812075854529}. Best is trial 97 with value: 0.8150756245815476.
[I 2025-04-08 21:12:36,306] Trial 155 finished with value: 0.8136920997924652 and parameters: {'max_depth': 11, 'learning_rate': 0.12794548763264155, 'n_estimators': 61, 'gamma': 0.24191123080694824, 'min_child_weight': 7, 'subsample': 0.637876081381556, 'colsample_bytree': 0.666902154922242}. Best is trial 97 with value: 0.8150756245815476.
[I 2025-04-08 21:12:37,150] Trial 156 finished with value: 0.769378502480402 and parameters: {'max_depth': 14, 'learning_rate': 0.18585462739965375, 'n_estimators': 55, 'gamma': 0.2596488304779333, 'min_child_weight': 7, 'subsample': 0.6483458318077784, 'colsample_bytree': 0.6568092703876477}. Best is trial 97 with value: 0.8150756245815476.
[I 2025-04-08 21:12:37,959] Trial 157 finished with value: 0.8070261711837571 and parameters: {'max_depth': 9, 'learning_rate': 0.044092760891208914, 'n_estimators': 63, 'gamma': 0.238418985116105, 'min_child_weight': 7, 'subsample': 0.6229448252146869, 'colsample_bytree': 0.6858889123155748}. Best is trial 97 with value: 0.8150756245815476.
[I 2025-04-08 21:12:39,065] Trial 158 finished with value: 0.8129793466781242 and parameters: {'max_depth': 15, 'learning_rate': 0.08549267645065636, 'n_estimators': 67, 'gamma': 0.19767399010870879, 'min_child_weight': 7, 'subsample': 0.7771673473390093, 'colsample_bytree': 0.6765617970093323}. Best is trial 97 with value: 0.8150756245815476.
[I 2025-04-08 21:12:39,831] Trial 159 finished with value: 0.8120149685183135 and parameters: {'max_depth': 12, 'learning_rate': 0.3440635668458831, 'n_estimators': 55, 'gamma': 0.25470577346514445, 'min_child_weight': 7, 'subsample': 0.6270475571972713, 'colsample_bytree': 0.6706855053968376}. Best is trial 97 with value: 0.8150756245815476.
