[I 2025-04-08 01:42:21,922] Trial 56 finished with value: 0.8047625298518085 and parameters: {'lambda_l1': 0.005717453185774724, 'lambda_l2': 92.00958707509639, 'num_leaves': 24, 'feature_fraction': 0.5964791581071738, 'bagging_fraction': 0.912385675441958, 'bagging_freq': 12, 'min_child_samples': 111}. Best is trial 41 with value: 0.8166267236728576.
[I 2025-04-08 01:42:23,883] Trial 57 finished with value: 0.8067332324654124 and parameters: {'lambda_l1': 9.961288022125248e-07, 'lambda_l2': 30.344881450719004, 'num_leaves': 38, 'feature_fraction': 0.6249015472757937, 'bagging_fraction': 0.7171060584201592, 'bagging_freq': 8, 'min_child_samples': 123}. Best is trial 41 with value: 0.8166267236728576.
[I 2025-04-08 01:42:24,522] Trial 58 finished with value: 0.8060205320694969 and parameters: {'lambda_l1': 5.1208015246181005e-06, 'lambda_l2': 2.7729301376564353, 'num_leaves': 7, 'feature_fraction': 0.6761012800705961, 'bagging_fraction': 0.8479492640883991, 'bagging_freq': 10, 'min_child_samples': 80}. Best is trial 41 with value: 0.8166267236728576.
[I 2025-04-08 01:42:26,164] Trial 59 finished with value: 0.8144045541690611 and parameters: {'lambda_l1': 2.5423189115230526e-07, 'lambda_l2': 0.004825492574935164, 'num_leaves': 40, 'feature_fraction': 0.7494289455016849, 'bagging_fraction': 0.9316753664413907, 'bagging_freq': 11, 'min_child_samples': 57}. Best is trial 41 with value: 0.8166267236728576.
[I 2025-04-08 01:42:28,016] Trial 60 finished with value: 0.813817780519136 and parameters: {'lambda_l1': 1.7189342587313157e-05, 'lambda_l2': 0.025781233567123266, 'num_leaves': 61, 'feature_fraction': 0.8391221593782081, 'bagging_fraction': 0.7848794392447891, 'bagging_freq': 13, 'min_child_samples': 116}. Best is trial 41 with value: 0.8166267236728576.
[I 2025-04-08 01:42:29,309] Trial 61 finished with value: 0.8159138475488568 and parameters: {'lambda_l1': 4.223306147294248e-06, 'lambda_l2': 0.12233172978344496, 'num_leaves': 30, 'feature_fraction': 0.7073365080022439, 'bagging_fraction': 0.8384934352429436, 'bagging_freq': 12, 'min_child_samples': 94}. Best is trial 41 with value: 0.8166267236728576.
[I 2025-04-08 01:42:30,226] Trial 62 finished with value: 0.8139855656950662 and parameters: {'lambda_l1': 1.3748917334068097e-06, 'lambda_l2': 0.010833789241322446, 'num_leaves': 15, 'feature_fraction': 0.700069181804852, 'bagging_fraction': 0.9016517766439976, 'bagging_freq': 14, 'min_child_samples': 100}. Best is trial 41 with value: 0.8166267236728576.
[I 2025-04-08 01:42:31,502] Trial 63 finished with value: 0.8154109137684712 and parameters: {'lambda_l1': 3.9825519694571907e-07, 'lambda_l2': 0.0008833940657990694, 'num_leaves': 28, 'feature_fraction': 0.6492482460760921, 'bagging_fraction': 0.971428537294907, 'bagging_freq': 13, 'min_child_samples': 89}. Best is trial 41 with value: 0.8166267236728576.
[I 2025-04-08 01:42:33,786] Trial 64 finished with value: 0.8153270563261232 and parameters: {'lambda_l1': 5.80093798828283e-08, 'lambda_l2': 0.00020393326144282876, 'num_leaves': 44, 'feature_fraction': 0.776614760311026, 'bagging_fraction': 0.8225384963493219, 'bagging_freq': 11, 'min_child_samples': 95}. Best is trial 41 with value: 0.8166267236728576.
[I 2025-04-08 01:42:35,206] Trial 65 finished with value: 0.8100447052249231 and parameters: {'lambda_l1': 8.016152117219647e-05, 'lambda_l2': 5.7371083400790665e-05, 'num_leaves': 34, 'feature_fraction': 0.5655021654826811, 'bagging_fraction': 0.7377774790363933, 'bagging_freq': 12, 'min_child_samples': 84}. Best is trial 41 with value: 0.8166267236728576.
[I 2025-04-08 01:42:36,331] Trial 66 finished with value: 0.814320960318841 and parameters: {'lambda_l1': 3.138023436597038e-06, 'lambda_l2': 0.048799315704020685, 'num_leaves': 21, 'feature_fraction': 0.674341569981805, 'bagging_fraction': 0.8797248575993344, 'bagging_freq': 9, 'min_child_samples': 110}. Best is trial 41 with value: 0.8166267236728576.
[I 2025-04-08 01:42:38,583] Trial 67 finished with value: 0.8078229223229144 and parameters: {'lambda_l1': 1.0044617767627878e-05, 'lambda_l2': 8.445209869821705, 'num_leaves': 67, 'feature_fraction': 0.6161064727286529, 'bagging_fraction': 0.9392940888299899, 'bagging_freq': 10, 'min_child_samples': 99}. Best is trial 41 with value: 0.8166267236728576.
[I 2025-04-08 01:42:40,207] Trial 68 finished with value: 0.8163750283361537 and parameters: {'lambda_l1': 0.00018580560197812117, 'lambda_l2': 0.001951404708020177, 'num_leaves': 47, 'feature_fraction': 0.7940708350734562, 'bagging_fraction': 0.8561473965131325, 'bagging_freq': 13, 'min_child_samples': 104}. Best is trial 41 with value: 0.8166267236728576.
[I 2025-04-08 01:42:41,843] Trial 69 finished with value: 0.816710563542397 and parameters: {'lambda_l1': 0.00020795870100371957, 'lambda_l2': 0.0017634697995635433, 'num_leaves': 48, 'feature_fraction': 0.7958544118742801, 'bagging_fraction': 0.9121179686612806, 'bagging_freq': 1, 'min_child_samples': 103}. Best is trial 69 with value: 0.816710563542397.
[I 2025-04-08 01:42:44,218] Trial 70 finished with value: 0.8162913290490825 and parameters: {'lambda_l1': 0.001635605333610586, 'lambda_l2': 0.002264583186999852, 'num_leaves': 58, 'feature_fraction': 0.8406960438530251, 'bagging_fraction': 0.6201439715831303, 'bagging_freq': 1, 'min_child_samples': 107}. Best is trial 69 with value: 0.816710563542397.
[I 2025-04-08 01:42:46,174] Trial 71 finished with value: 0.8142790140248584 and parameters: {'lambda_l1': 0.0029346432775166024, 'lambda_l2': 2.401677910128637e-05, 'num_leaves': 58, 'feature_fraction': 0.9093047295544386, 'bagging_fraction': 0.6538021762232058, 'bagging_freq': 1, 'min_child_samples': 105}. Best is trial 69 with value: 0.816710563542397.
[I 2025-04-08 01:42:48,003] Trial 72 finished with value: 0.8139855305494489 and parameters: {'lambda_l1': 0.016695340253651603, 'lambda_l2': 0.000356002915412884, 'num_leaves': 47, 'feature_fraction': 0.8735201820930727, 'bagging_fraction': 0.6108904351267426, 'bagging_freq': 1, 'min_child_samples': 90}. Best is trial 69 with value: 0.816710563542397.
[I 2025-04-08 01:42:50,448] Trial 73 finished with value: 0.8116796441857727 and parameters: {'lambda_l1': 0.0007537340161393566, 'lambda_l2': 0.001375447301609194, 'num_leaves': 73, 'feature_fraction': 0.8160002846935681, 'bagging_fraction': 0.5535557236860321, 'bagging_freq': 2, 'min_child_samples': 102}. Best is trial 69 with value: 0.816710563542397.
[I 2025-04-08 01:42:52,223] Trial 74 finished with value: 0.8146981782269387 and parameters: {'lambda_l1': 0.00020410981554895024, 'lambda_l2': 0.007037018218819078, 'num_leaves': 52, 'feature_fraction': 0.8528159646929462, 'bagging_fraction': 0.48189134705377623, 'bagging_freq': 3, 'min_child_samples': 116}. Best is trial 69 with value: 0.816710563542397.
[I 2025-04-08 01:42:54,319] Trial 75 finished with value: 0.8149078394056174 and parameters: {'lambda_l1': 0.0002865629314025261, 'lambda_l2': 9.60910862409679e-05, 'num_leaves': 49, 'feature_fraction': 0.8052239993775595, 'bagging_fraction': 0.6333120070218459, 'bagging_freq': 4, 'min_child_samples': 110}. Best is trial 69 with value: 0.816710563542397.
[I 2025-04-08 01:42:56,688] Trial 76 finished with value: 0.8144884819026432 and parameters: {'lambda_l1': 0.001775058661871209, 'lambda_l2': 0.002316695776326137, 'num_leaves': 82, 'feature_fraction': 0.9357173677838635, 'bagging_fraction': 0.8586540137966925, 'bagging_freq': 2, 'min_child_samples': 107}. Best is trial 69 with value: 0.816710563542397.
[I 2025-04-08 01:42:58,588] Trial 77 finished with value: 0.8144468167735972 and parameters: {'lambda_l1': 0.0001652961138636751, 'lambda_l2': 0.003230803396916137, 'num_leaves': 61, 'feature_fraction': 0.7959553299252886, 'bagging_fraction': 0.9124859377296299, 'bagging_freq': 1, 'min_child_samples': 91}. Best is trial 69 with value: 0.816710563542397.
[I 2025-04-08 01:43:00,371] Trial 78 finished with value: 0.8150755542903132 and parameters: {'lambda_l1': 5.178976258019315e-05, 'lambda_l2': 0.00026164144047782886, 'num_leaves': 53, 'feature_fraction': 0.832499889518371, 'bagging_fraction': 0.886578992472241, 'bagging_freq': 16, 'min_child_samples': 103}. Best is trial 69 with value: 0.816710563542397.
[I 2025-04-08 01:43:02,516] Trial 79 finished with value: 0.8132307081314657 and parameters: {'lambda_l1': 2.4664860320096775e-05, 'lambda_l2': 0.0004903559056934094, 'num_leaves': 56, 'feature_fraction': 0.8784435707319873, 'bagging_fraction': 0.5774901515206408, 'bagging_freq': 15, 'min_child_samples': 98}. Best is trial 69 with value: 0.816710563542397.
[I 2025-04-08 01:43:04,616] Trial 80 finished with value: 0.8156624158042811 and parameters: {'lambda_l1': 0.00053185942112084, 'lambda_l2': 9.819153205363239e-06, 'num_leaves': 46, 'feature_fraction': 0.7636812260451711, 'bagging_fraction': 0.9591801452765709, 'bagging_freq': 6, 'min_child_samples': 75}. Best is trial 69 with value: 0.816710563542397.
[I 2025-04-08 01:43:05,996] Trial 81 finished with value: 0.814740177239347 and parameters: {'lambda_l1': 0.00369246468536031, 'lambda_l2': 0.0016691218388389455, 'num_leaves': 40, 'feature_fraction': 0.7366507702421047, 'bagging_fraction': 0.6857503319223288, 'bagging_freq': 14, 'min_child_samples': 113}. Best is trial 69 with value: 0.816710563542397.
[I 2025-04-08 01:43:07,246] Trial 82 finished with value: 0.815452807344028 and parameters: {'lambda_l1': 0.0845242528492807, 'lambda_l2': 0.02282670074242475, 'num_leaves': 33, 'feature_fraction': 0.7834213020342624, 'bagging_fraction': 0.9846607876555775, 'bagging_freq': 13, 'min_child_samples': 107}. Best is trial 69 with value: 0.816710563542397.
[I 2025-04-08 01:43:08,961] Trial 83 finished with value: 0.815201235016984 and parameters: {'lambda_l1': 1.1657817288257585e-07, 'lambda_l2': 20.383310237836664, 'num_leaves': 37, 'feature_fraction': 0.7194603716662582, 'bagging_fraction': 0.9226021118608878, 'bagging_freq': 11, 'min_child_samples': 122}. Best is trial 69 with value: 0.816710563542397.
[I 2025-04-08 01:43:11,388] Trial 84 finished with value: 0.8157883249774629 and parameters: {'lambda_l1': 7.536551919139446e-07, 'lambda_l2': 1.5052083083468635, 'num_leaves': 65, 'feature_fraction': 0.8555741579852427, 'bagging_fraction': 0.9030460927367846, 'bagging_freq': 7, 'min_child_samples': 93}. Best is trial 69 with value: 0.816710563542397.
[I 2025-04-08 01:43:13,133] Trial 85 finished with value: 0.8148656295195067 and parameters: {'lambda_l1': 0.001102615554776129, 'lambda_l2': 0.005158130407552208, 'num_leaves': 43, 'feature_fraction': 0.6474419133670632, 'bagging_fraction': 0.94010853972956, 'bagging_freq': 8, 'min_child_samples': 117}. Best is trial 69 with value: 0.816710563542397.
[I 2025-04-08 01:43:15,409] Trial 86 finished with value: 0.8152434976215204 and parameters: {'lambda_l1': 1.575619880825439e-05, 'lambda_l2': 46.327015447302855, 'num_leaves': 49, 'feature_fraction': 0.7060449898501743, 'bagging_fraction': 0.8757420255608617, 'bagging_freq': 9, 'min_child_samples': 113}. Best is trial 69 with value: 0.816710563542397.
[I 2025-04-08 01:43:17,292] Trial 87 finished with value: 0.8158719891189168 and parameters: {'lambda_l1': 3.2726588390480455e-07, 'lambda_l2': 0.5776649827420484, 'num_leaves': 58, 'feature_fraction': 0.630122085752819, 'bagging_fraction': 0.9582648789226109, 'bagging_freq': 5, 'min_child_samples': 101}. Best is trial 69 with value: 0.816710563542397.
[I 2025-04-08 01:43:18,846] Trial 88 finished with value: 0.8161654550215178 and parameters: {'lambda_l1': 1.6989071749715863e-08, 'lambda_l2': 3.06562273963457, 'num_leaves': 35, 'feature_fraction': 0.7568724273387264, 'bagging_fraction': 0.8933460637376032, 'bagging_freq': 13, 'min_child_samples': 87}. Best is trial 69 with value: 0.816710563542397.
[I 2025-04-08 01:43:20,346] Trial 89 finished with value: 0.8155784880706989 and parameters: {'lambda_l1': 8.654099280839438e-09, 'lambda_l2': 0.07425763120822994, 'num_leaves': 35, 'feature_fraction': 0.7597376996350865, 'bagging_fraction': 0.425186757519854, 'bagging_freq': 13, 'min_child_samples': 87}. Best is trial 69 with value: 0.816710563542397.
[I 2025-04-08 01:43:21,935] Trial 90 finished with value: 0.8154110192053224 and parameters: {'lambda_l1': 1.7239897904032715e-09, 'lambda_l2': 0.0004493203163693835, 'num_leaves': 40, 'feature_fraction': 0.7913745428601069, 'bagging_fraction': 0.855751409193237, 'bagging_freq': 14, 'min_child_samples': 94}. Best is trial 69 with value: 0.816710563542397.
[I 2025-04-08 01:43:22,967] Trial 91 finished with value: 0.8141950687184678 and parameters: {'lambda_l1': 1.885389356314569e-08, 'lambda_l2': 3.278779090255271, 'num_leaves': 18, 'feature_fraction': 0.7430856825484534, 'bagging_fraction': 0.9179008135169252, 'bagging_freq': 3, 'min_child_samples': 84}. Best is trial 69 with value: 0.816710563542397.
[I 2025-04-08 01:43:24,241] Trial 92 finished with value: 0.8165429189489352 and parameters: {'lambda_l1': 4.560893559548435e-08, 'lambda_l2': 15.126981924676423, 'num_leaves': 27, 'feature_fraction': 0.822471737275737, 'bagging_fraction': 0.8931703910903686, 'bagging_freq': 12, 'min_child_samples': 98}. Best is trial 69 with value: 0.816710563542397.
[I 2025-04-08 01:43:25,933] Trial 93 finished with value: 0.8169201895754586 and parameters: {'lambda_l1': 2.781952689346233e-08, 'lambda_l2': 16.32560819496939, 'num_leaves': 26, 'feature_fraction': 0.816075579844178, 'bagging_fraction': 0.8982844881380682, 'bagging_freq': 13, 'min_child_samples': 96}. Best is trial 93 with value: 0.8169201895754586.
[I 2025-04-08 01:43:26,982] Trial 94 finished with value: 0.815913952985708 and parameters: {'lambda_l1': 3.3254413598505616e-08, 'lambda_l2': 14.38488618976729, 'num_leaves': 23, 'feature_fraction': 0.8419173642876655, 'bagging_fraction': 0.8702226251241423, 'bagging_freq': 13, 'min_child_samples': 98}. Best is trial 93 with value: 0.8169201895754586.
[I 2025-04-08 01:43:28,160] Trial 95 finished with value: 0.8157046081175832 and parameters: {'lambda_l1': 5.237519820539251e-08, 'lambda_l2': 53.309066995832154, 'num_leaves': 27, 'feature_fraction': 0.8235206642689169, 'bagging_fraction': 0.888179624941514, 'bagging_freq': 12, 'min_child_samples': 81}. Best is trial 93 with value: 0.8169201895754586.
[I 2025-04-08 01:43:28,998] Trial 96 finished with value: 0.8136081017676489 and parameters: {'lambda_l1': 7.05986738349678e-09, 'lambda_l2': 6.641084966805701, 'num_leaves': 16, 'feature_fraction': 0.8041021835750276, 'bagging_fraction': 0.8962773731860042, 'bagging_freq': 15, 'min_child_samples': 104}. Best is trial 93 with value: 0.8169201895754586.
[I 2025-04-08 01:43:29,776] Trial 97 finished with value: 0.8111350101307242 and parameters: {'lambda_l1': 3.611511639910442e-09, 'lambda_l2': 23.326054390925947, 'num_leaves': 11, 'feature_fraction': 0.8170201988922736, 'bagging_fraction': 0.9081232672921692, 'bagging_freq': 14, 'min_child_samples': 89}. Best is trial 93 with value: 0.8169201895754586.
[I 2025-04-08 01:43:31,682] Trial 98 finished with value: 0.8146562143601477 and parameters: {'lambda_l1': 1.4691301895868353e-08, 'lambda_l2': 1.1485382418461845, 'num_leaves': 55, 'feature_fraction': 0.781394789878289, 'bagging_fraction': 0.8047968031870892, 'bagging_freq': 13, 'min_child_samples': 96}. Best is trial 93 with value: 0.8169201895754586.
[I 2025-04-08 01:43:33,108] Trial 99 finished with value: 0.816584707087641 and parameters: {'lambda_l1': 2.6385108332248265e-09, 'lambda_l2': 12.316210963265313, 'num_leaves': 27, 'feature_fraction': 0.8978296322870483, 'bagging_fraction': 0.828410806841939, 'bagging_freq': 12, 'min_child_samples': 92}. Best is trial 93 with value: 0.8169201895754586.
[I 2025-04-08 01:43:34,349] Trial 100 finished with value: 0.8151592887230015 and parameters: {'lambda_l1': 2.618392062003868e-09, 'lambda_l2': 0.004948884063265013, 'num_leaves': 27, 'feature_fraction': 0.8913714879465834, 'bagging_fraction': 0.821920905490726, 'bagging_freq': 12, 'min_child_samples': 86}. Best is trial 93 with value: 0.8169201895754586.
[I 2025-04-08 01:43:35,969] Trial 101 finished with value: 0.8154527546256025 and parameters: {'lambda_l1': 1.080339773708707e-09, 'lambda_l2': 11.114171775509737, 'num_leaves': 22, 'feature_fraction': 0.8490337199466781, 'bagging_fraction': 0.8495041241657312, 'bagging_freq': 12, 'min_child_samples': 93}. Best is trial 93 with value: 0.8169201895754586.
[I 2025-04-08 01:43:37,310] Trial 102 finished with value: 0.8158719539732999 and parameters: {'lambda_l1': 8.82911194843765e-08, 'lambda_l2': 0.2775150592953219, 'num_leaves': 32, 'feature_fraction': 0.9193807805851245, 'bagging_fraction': 0.8674789959634307, 'bagging_freq': 13, 'min_child_samples': 100}. Best is trial 93 with value: 0.8169201895754586.
[I 2025-04-08 01:43:38,516] Trial 103 finished with value: 0.8159140408497507 and parameters: {'lambda_l1': 1.779307864936476e-07, 'lambda_l2': 17.161223924031734, 'num_leaves': 29, 'feature_fraction': 0.8724893437224684, 'bagging_fraction': 0.8924049973451137, 'bagging_freq': 12, 'min_child_samples': 97}. Best is trial 93 with value: 0.8169201895754586.
[I 2025-04-08 01:43:40,419] Trial 104 finished with value: 0.8149917847120081 and parameters: {'lambda_l1': 2.5234990745615453e-08, 'lambda_l2': 82.0581720404154, 'num_leaves': 51, 'feature_fraction': 0.9695159821869732, 'bagging_fraction': 0.836206916266863, 'bagging_freq': 14, 'min_child_samples': 91}. Best is trial 93 with value: 0.8169201895754586.
[I 2025-04-08 01:43:42,289] Trial 105 finished with value: 0.8151591832861504 and parameters: {'lambda_l1': 5.464261685825212e-08, 'lambda_l2': 4.450084575213421, 'num_leaves': 45, 'feature_fraction': 0.8031263346792532, 'bagging_fraction': 0.7854024565174366, 'bagging_freq': 13, 'min_child_samples': 16}. Best is trial 93 with value: 0.8169201895754586.
[I 2025-04-08 01:43:43,497] Trial 106 finished with value: 0.8141112464217368 and parameters: {'lambda_l1': 1.1789093410556934e-08, 'lambda_l2': 1.9735370005015807, 'num_leaves': 25, 'feature_fraction': 0.8286752820831769, 'bagging_fraction': 0.9324178770335363, 'bagging_freq': 11, 'min_child_samples': 33}. Best is trial 93 with value: 0.8169201895754586.
[I 2025-04-08 01:43:44,542] Trial 107 finished with value: 0.814782070814904 and parameters: {'lambda_l1': 2.371503823154504e-09, 'lambda_l2': 31.52214153404949, 'num_leaves': 18, 'feature_fraction': 0.7714159496376305, 'bagging_fraction': 0.9112105290771437, 'bagging_freq': 12, 'min_child_samples': 103}. Best is trial 93 with value: 0.8169201895754586.
[I 2025-04-08 01:43:46,467] Trial 108 finished with value: 0.8167105108239714 and parameters: {'lambda_l1': 4.718228211048491e-09, 'lambda_l2': 0.00012462940966878188, 'num_leaves': 36, 'feature_fraction': 0.6758861931267232, 'bagging_fraction': 0.8811548088306274, 'bagging_freq': 14, 'min_child_samples': 106}. Best is trial 93 with value: 0.8169201895754586.
[I 2025-04-08 01:43:47,619] Trial 109 finished with value: 0.8149077866871917 and parameters: {'lambda_l1': 9.105177619025233e-09, 'lambda_l2': 0.00012108279074370832, 'num_leaves': 29, 'feature_fraction': 0.8616992894870853, 'bagging_fraction': 0.8813110874167708, 'bagging_freq': 15, 'min_child_samples': 106}. Best is trial 93 with value: 0.8169201895754586.
[I 2025-04-08 01:43:48,941] Trial 110 finished with value: 0.8145721811897143 and parameters: {'lambda_l1': 2.2683780471779427e-08, 'lambda_l2': 0.0005799137239319512, 'num_leaves': 37, 'feature_fraction': 0.678834796994369, 'bagging_fraction': 0.7615379258236178, 'bagging_freq': 14, 'min_child_samples': 109}. Best is trial 93 with value: 0.8169201895754586.
[I 2025-04-08 01:43:50,459] Trial 111 finished with value: 0.8162911357481887 and parameters: {'lambda_l1': 3.7081851288382693e-09, 'lambda_l2': 10.348438463795905, 'num_leaves': 39, 'feature_fraction': 0.6617866742986386, 'bagging_fraction': 0.830383169853389, 'bagging_freq': 13, 'min_child_samples': 101}. Best is trial 93 with value: 0.8169201895754586.
[I 2025-04-08 01:43:51,729] Trial 112 finished with value: 0.8161236317371952 and parameters: {'lambda_l1': 5.165058413700796e-09, 'lambda_l2': 5.432393128342892e-05, 'num_leaves': 34, 'feature_fraction': 0.6707404724784716, 'bagging_fraction': 0.8143548301618004, 'bagging_freq': 13, 'min_child_samples': 95}. Best is trial 93 with value: 0.8169201895754586.
[I 2025-04-08 01:43:53,233] Trial 113 finished with value: 0.8079904790523337 and parameters: {'lambda_l1': 3.490022383113355e-09, 'lambda_l2': 0.0010701325546771188, 'num_leaves': 39, 'feature_fraction': 0.4160698373434561, 'bagging_fraction': 0.853573080289155, 'bagging_freq': 14, 'min_child_samples': 102}. Best is trial 93 with value: 0.8169201895754586.
[I 2025-04-08 01:43:54,817] Trial 114 finished with value: 0.8164590439337787 and parameters: {'lambda_l1': 1.7453524749232518e-09, 'lambda_l2': 0.01885522233577053, 'num_leaves': 32, 'feature_fraction': 0.6959379024433572, 'bagging_fraction': 0.828881422191764, 'bagging_freq': 13, 'min_child_samples': 99}. Best is trial 93 with value: 0.8169201895754586.
[I 2025-04-08 01:43:58,539] Trial 115 finished with value: 0.8134404396013784 and parameters: {'lambda_l1': 1.5625096070430838e-09, 'lambda_l2': 0.018819457523982213, 'num_leaves': 116, 'feature_fraction': 0.6968203894872428, 'bagging_fraction': 0.8308041484546639, 'bagging_freq': 1, 'min_child_samples': 100}. Best is trial 93 with value: 0.8169201895754586.
[I 2025-04-08 01:43:59,804] Trial 116 finished with value: 0.816333205051831 and parameters: {'lambda_l1': 1.9336455096639706e-09, 'lambda_l2': 0.0018142533939390151, 'num_leaves': 31, 'feature_fraction': 0.6570070595565801, 'bagging_fraction': 0.8056191576278148, 'bagging_freq': 2, 'min_child_samples': 105}. Best is trial 93 with value: 0.8169201895754586.
