[I 2025-04-08 02:09:45,574] Trial 377 finished with value: 0.6667086305334577 and parameters: {'lambda_l1': 0.025373491369149726, 'lambda_l2': 4.867112707456184e-09, 'num_leaves': 27, 'feature_fraction': 0.9023100546317729, 'bagging_fraction': 0.7975614511378072, 'bagging_freq': 3, 'min_child_samples': 7}. Best is trial 300 with value: 0.6705654402603588.
[I 2025-04-08 02:09:48,321] Trial 378 finished with value: 0.6667504538177805 and parameters: {'lambda_l1': 0.0007529535472788827, 'lambda_l2': 1.4617041819512577, 'num_leaves': 29, 'feature_fraction': 0.9405924575689271, 'bagging_fraction': 0.9346884926103365, 'bagging_freq': 3, 'min_child_samples': 4}. Best is trial 300 with value: 0.6705654402603588.
[I 2025-04-08 02:09:51,932] Trial 379 finished with value: 0.667379138616071 and parameters: {'lambda_l1': 6.906252157220948e-07, 'lambda_l2': 0.43278017662027907, 'num_leaves': 33, 'feature_fraction': 0.914355983783064, 'bagging_fraction': 0.9027307116748821, 'bagging_freq': 5, 'min_child_samples': 2}. Best is trial 300 with value: 0.6705654402603588.
[I 2025-04-08 02:09:53,322] Trial 380 finished with value: 0.6513644582918177 and parameters: {'lambda_l1': 9.555995324357584e-05, 'lambda_l2': 8.707751911194434, 'num_leaves': 36, 'feature_fraction': 0.4407447177206311, 'bagging_fraction': 0.9446889778783395, 'bagging_freq': 4, 'min_child_samples': 6}. Best is trial 300 with value: 0.6705654402603588.
[I 2025-04-08 02:09:54,443] Trial 381 finished with value: 0.6678818615227542 and parameters: {'lambda_l1': 0.00020732414008941958, 'lambda_l2': 4.008692057965432, 'num_leaves': 23, 'feature_fraction': 0.9324341664291822, 'bagging_fraction': 0.9541129109542655, 'bagging_freq': 4, 'min_child_samples': 8}. Best is trial 300 with value: 0.6705654402603588.
[I 2025-04-08 02:09:55,605] Trial 382 finished with value: 0.6668341882504688 and parameters: {'lambda_l1': 0.0005006517088698042, 'lambda_l2': 0.7793392305300879, 'num_leaves': 26, 'feature_fraction': 0.9111779305769612, 'bagging_fraction': 0.9195350257703298, 'bagging_freq': 10, 'min_child_samples': 12}. Best is trial 300 with value: 0.6705654402603588.
[I 2025-04-08 02:09:56,931] Trial 383 finished with value: 0.6671695125830096 and parameters: {'lambda_l1': 2.910423169672692e-07, 'lambda_l2': 1.942625489732132, 'num_leaves': 31, 'feature_fraction': 0.9489192077907492, 'bagging_fraction': 0.9290130903289465, 'bagging_freq': 5, 'min_child_samples': 6}. Best is trial 300 with value: 0.6705654402603588.
[I 2025-04-08 02:09:58,399] Trial 384 finished with value: 0.6501066669478316 and parameters: {'lambda_l1': 1.8151935101952307e-06, 'lambda_l2': 1.2561067876021867, 'num_leaves': 35, 'feature_fraction': 0.4600055938380536, 'bagging_fraction': 0.9059110100444449, 'bagging_freq': 7, 'min_child_samples': 18}. Best is trial 300 with value: 0.6705654402603588.
[I 2025-04-08 02:10:00,289] Trial 385 finished with value: 0.6630186746236343 and parameters: {'lambda_l1': 0.0002757741407609217, 'lambda_l2': 0.03750928483905389, 'num_leaves': 64, 'feature_fraction': 0.9346574109015736, 'bagging_fraction': 0.9416746873491817, 'bagging_freq': 6, 'min_child_samples': 10}. Best is trial 300 with value: 0.6705654402603588.
[I 2025-04-08 02:10:02,068] Trial 386 finished with value: 0.666373306200917 and parameters: {'lambda_l1': 0.0009702383719624606, 'lambda_l2': 0.5167725690494145, 'num_leaves': 29, 'feature_fraction': 0.9518975553011257, 'bagging_fraction': 0.9569010252368084, 'bagging_freq': 4, 'min_child_samples': 13}. Best is trial 300 with value: 0.6705654402603588.
[I 2025-04-08 02:10:03,357] Trial 387 finished with value: 0.6678822832701591 and parameters: {'lambda_l1': 0.0006172319422439151, 'lambda_l2': 0.22134288070642338, 'num_leaves': 33, 'feature_fraction': 0.9974781785009776, 'bagging_fraction': 0.9141886913197724, 'bagging_freq': 4, 'min_child_samples': 2}. Best is trial 300 with value: 0.6705654402603588.
[I 2025-04-08 02:10:04,389] Trial 388 finished with value: 0.6662052925784758 and parameters: {'lambda_l1': 0.00012411523395503853, 'lambda_l2': 2.3805849538351014, 'num_leaves': 26, 'feature_fraction': 0.8842180540666777, 'bagging_fraction': 0.935415584542814, 'bagging_freq': 5, 'min_child_samples': 8}. Best is trial 300 with value: 0.6705654402603588.
[I 2025-04-08 02:10:05,715] Trial 389 finished with value: 0.6500229325151434 and parameters: {'lambda_l1': 5.115464465242424e-07, 'lambda_l2': 5.1865642491159205, 'num_leaves': 37, 'feature_fraction': 0.7459110967250256, 'bagging_fraction': 0.899637035197662, 'bagging_freq': 3, 'min_child_samples': 5}. Best is trial 300 with value: 0.6705654402603588.
[I 2025-04-08 02:10:06,798] Trial 390 finished with value: 0.6677563389513602 and parameters: {'lambda_l1': 2.2922663757650904e-09, 'lambda_l2': 5.488175920681588e-07, 'num_leaves': 31, 'feature_fraction': 0.9229609125932141, 'bagging_fraction': 0.949520120348829, 'bagging_freq': 5, 'min_child_samples': 10}. Best is trial 300 with value: 0.6705654402603588.
[I 2025-04-08 02:10:07,896] Trial 391 finished with value: 0.6676727451011402 and parameters: {'lambda_l1': 0.00037667261103039245, 'lambda_l2': 14.771557653100043, 'num_leaves': 28, 'feature_fraction': 0.9816825472979602, 'bagging_fraction': 0.9658529442137489, 'bagging_freq': 4, 'min_child_samples': 15}. Best is trial 300 with value: 0.6705654402603588.
[I 2025-04-08 02:10:09,114] Trial 392 finished with value: 0.6652409671370906 and parameters: {'lambda_l1': 2.8277973069201538e-08, 'lambda_l2': 0.7843971941876361, 'num_leaves': 35, 'feature_fraction': 0.9065148681253387, 'bagging_fraction': 0.9278127357129068, 'bagging_freq': 4, 'min_child_samples': 8}. Best is trial 300 with value: 0.6705654402603588.
[I 2025-04-08 02:10:10,378] Trial 393 finished with value: 0.6687628742788558 and parameters: {'lambda_l1': 0.00539453994031268, 'lambda_l2': 3.2965966529729287, 'num_leaves': 32, 'feature_fraction': 0.9388689544051974, 'bagging_fraction': 0.9152966753724736, 'bagging_freq': 5, 'min_child_samples': 4}. Best is trial 300 with value: 0.6705654402603588.
[I 2025-04-08 02:10:13,310] Trial 394 finished with value: 0.6656605179409588 and parameters: {'lambda_l1': 0.005685849278868525, 'lambda_l2': 6.232850951724662, 'num_leaves': 76, 'feature_fraction': 0.8713027230068261, 'bagging_fraction': 0.8954770777007949, 'bagging_freq': 6, 'min_child_samples': 4}. Best is trial 300 with value: 0.6705654402603588.
[I 2025-04-08 02:10:14,428] Trial 395 finished with value: 0.6687206643927454 and parameters: {'lambda_l1': 0.004888844316094403, 'lambda_l2': 3.6245406090189083, 'num_leaves': 23, 'feature_fraction': 0.9381604930070303, 'bagging_fraction': 0.9873195359421756, 'bagging_freq': 5, 'min_child_samples': 2}. Best is trial 300 with value: 0.6705654402603588.
[I 2025-04-08 02:10:15,522] Trial 396 finished with value: 0.6664990220732048 and parameters: {'lambda_l1': 0.014631566376780711, 'lambda_l2': 10.477639986977511, 'num_leaves': 22, 'feature_fraction': 0.9385235810508374, 'bagging_fraction': 0.7440928620298738, 'bagging_freq': 5, 'min_child_samples': 2}. Best is trial 300 with value: 0.6705654402603588.
[I 2025-04-08 02:10:16,714] Trial 397 finished with value: 0.6675048369155504 and parameters: {'lambda_l1': 0.00578008588869954, 'lambda_l2': 3.8314699880209977, 'num_leaves': 24, 'feature_fraction': 0.9318524718631956, 'bagging_fraction': 0.9915326937212985, 'bagging_freq': 5, 'min_child_samples': 2}. Best is trial 300 with value: 0.6705654402603588.
[I 2025-04-08 02:10:17,723] Trial 398 finished with value: 0.6681755558718661 and parameters: {'lambda_l1': 0.006389812592808075, 'lambda_l2': 6.72205683916609, 'num_leaves': 22, 'feature_fraction': 0.9222292360475415, 'bagging_fraction': 0.9878804744660259, 'bagging_freq': 5, 'min_child_samples': 4}. Best is trial 300 with value: 0.6705654402603588.
[I 2025-04-08 02:10:19,084] Trial 399 finished with value: 0.6691398813132512 and parameters: {'lambda_l1': 0.003553054626175171, 'lambda_l2': 3.1764231956636526, 'num_leaves': 39, 'feature_fraction': 0.944089854579238, 'bagging_fraction': 0.9787731870211892, 'bagging_freq': 5, 'min_child_samples': 5}. Best is trial 300 with value: 0.6705654402603588.
[I 2025-04-08 02:10:20,448] Trial 400 finished with value: 0.6684271984901443 and parameters: {'lambda_l1': 0.003777118491966118, 'lambda_l2': 3.4050702634077803, 'num_leaves': 41, 'feature_fraction': 0.9470507212021811, 'bagging_fraction': 0.9837523664036714, 'bagging_freq': 6, 'min_child_samples': 6}. Best is trial 300 with value: 0.6705654402603588.
[I 2025-04-08 02:10:21,920] Trial 401 finished with value: 0.66704393729319 and parameters: {'lambda_l1': 0.00973591729063074, 'lambda_l2': 5.092674842806002, 'num_leaves': 39, 'feature_fraction': 0.9589848663696808, 'bagging_fraction': 0.9998835426723879, 'bagging_freq': 5, 'min_child_samples': 6}. Best is trial 300 with value: 0.6705654402603588.
[I 2025-04-08 02:10:23,912] Trial 402 finished with value: 0.667462960912802 and parameters: {'lambda_l1': 0.007425385213270872, 'lambda_l2': 17.8267572593757, 'num_leaves': 43, 'feature_fraction': 0.9419690507676064, 'bagging_fraction': 0.9708010825228394, 'bagging_freq': 3, 'min_child_samples': 2}. Best is trial 300 with value: 0.6705654402603588.
[I 2025-04-08 02:10:25,542] Trial 403 finished with value: 0.6683433410477962 and parameters: {'lambda_l1': 0.003503949111280248, 'lambda_l2': 8.938589316930456, 'num_leaves': 39, 'feature_fraction': 0.9526267828986532, 'bagging_fraction': 0.9803447511617069, 'bagging_freq': 5, 'min_child_samples': 6}. Best is trial 300 with value: 0.6705654402603588.
[I 2025-04-08 02:10:27,013] Trial 404 finished with value: 0.6680919971672632 and parameters: {'lambda_l1': 0.011631389123884587, 'lambda_l2': 2.9882257391525626, 'num_leaves': 37, 'feature_fraction': 0.9649122023808592, 'bagging_fraction': 0.9857494419003724, 'bagging_freq': 5, 'min_child_samples': 4}. Best is trial 300 with value: 0.6705654402603588.
[I 2025-04-08 02:10:28,456] Trial 405 finished with value: 0.6673375613510678 and parameters: {'lambda_l1': 0.0047597928545439075, 'lambda_l2': 2.662012641432917, 'num_leaves': 41, 'feature_fraction': 0.9361472498953235, 'bagging_fraction': 0.9709986113686675, 'bagging_freq': 4, 'min_child_samples': 7}. Best is trial 300 with value: 0.6705654402603588.
[I 2025-04-08 02:10:29,677] Trial 406 finished with value: 0.6650736564269912 and parameters: {'lambda_l1': 0.002899758446789542, 'lambda_l2': 5.714205470225938, 'num_leaves': 24, 'feature_fraction': 0.9504341123097719, 'bagging_fraction': 0.6141192659435435, 'bagging_freq': 4, 'min_child_samples': 4}. Best is trial 300 with value: 0.6705654402603588.
[I 2025-04-08 02:10:33,495] Trial 407 finished with value: 0.6623062729654643 and parameters: {'lambda_l1': 0.004475885411653398, 'lambda_l2': 3.742529552703052, 'num_leaves': 118, 'feature_fraction': 0.9787605477251518, 'bagging_fraction': 0.9909924503050515, 'bagging_freq': 6, 'min_child_samples': 8}. Best is trial 300 with value: 0.6705654402603588.
[I 2025-04-08 02:10:34,921] Trial 408 finished with value: 0.665995754409457 and parameters: {'lambda_l1': 0.007298213332383199, 'lambda_l2': 0.08289698938185058, 'num_leaves': 45, 'feature_fraction': 0.9238085054571852, 'bagging_fraction': 0.9757870185940414, 'bagging_freq': 8, 'min_child_samples': 2}. Best is trial 300 with value: 0.6705654402603588.
[I 2025-04-08 02:10:36,241] Trial 409 finished with value: 0.6676727626739488 and parameters: {'lambda_l1': 0.0017944060878080901, 'lambda_l2': 2.2805019271888063, 'num_leaves': 38, 'feature_fraction': 0.9416985402227523, 'bagging_fraction': 0.9998168900644272, 'bagging_freq': 5, 'min_child_samples': 6}. Best is trial 300 with value: 0.6705654402603588.
[I 2025-04-08 02:10:37,555] Trial 410 finished with value: 0.6672114764498007 and parameters: {'lambda_l1': 0.0025207252221464862, 'lambda_l2': 10.375907930440617, 'num_leaves': 35, 'feature_fraction': 0.9645093123219212, 'bagging_fraction': 0.9651305426913936, 'bagging_freq': 3, 'min_child_samples': 9}. Best is trial 300 with value: 0.6705654402603588.
[I 2025-04-08 02:10:38,862] Trial 411 finished with value: 0.6676309393896261 and parameters: {'lambda_l1': 0.022535145604991848, 'lambda_l2': 2.1376657181580954, 'num_leaves': 37, 'feature_fraction': 0.9541259101600325, 'bagging_fraction': 0.9799693913665322, 'bagging_freq': 4, 'min_child_samples': 5}. Best is trial 300 with value: 0.6705654402603588.
[I 2025-04-08 02:10:39,876] Trial 412 finished with value: 0.6673373856229825 and parameters: {'lambda_l1': 0.0024339833774501356, 'lambda_l2': 3.589067109037644e-05, 'num_leaves': 21, 'feature_fraction': 0.9287397252259327, 'bagging_fraction': 0.9102053215943054, 'bagging_freq': 11, 'min_child_samples': 8}. Best is trial 300 with value: 0.6705654402603588.
[I 2025-04-08 02:10:41,385] Trial 413 finished with value: 0.6671696883110949 and parameters: {'lambda_l1': 0.0013641786112710975, 'lambda_l2': 6.40082891225838, 'num_leaves': 34, 'feature_fraction': 0.9715185352043982, 'bagging_fraction': 0.9628174550782446, 'bagging_freq': 2, 'min_child_samples': 2}. Best is trial 300 with value: 0.6705654402603588.
[I 2025-04-08 02:10:42,323] Trial 414 finished with value: 0.6657024290893243 and parameters: {'lambda_l1': 8.115357570874343e-05, 'lambda_l2': 2.846644229138878, 'num_leaves': 18, 'feature_fraction': 0.9399754672713997, 'bagging_fraction': 0.8749131575417651, 'bagging_freq': 5, 'min_child_samples': 105}. Best is trial 300 with value: 0.6705654402603588.
