[I 2025-04-08 01:48:41,351] Trial 298 finished with value: 0.8141532630069536 and parameters: {'lambda_l1': 0.0004390855658479733, 'lambda_l2': 7.831728242871778e-09, 'num_leaves': 72, 'feature_fraction': 0.7368360487648856, 'bagging_fraction': 0.8045805169016488, 'bagging_freq': 8, 'min_child_samples': 107}. Best is trial 213 with value: 0.8175071389534689.
[I 2025-04-08 01:48:42,735] Trial 299 finished with value: 0.8163751513458136 and parameters: {'lambda_l1': 0.000148610005343069, 'lambda_l2': 9.49683222529937e-08, 'num_leaves': 36, 'feature_fraction': 0.7549191289759066, 'bagging_fraction': 0.79360882098169, 'bagging_freq': 10, 'min_child_samples': 96}. Best is trial 213 with value: 0.8175071389534689.
[I 2025-04-08 01:48:44,187] Trial 300 finished with value: 0.8167523692539114 and parameters: {'lambda_l1': 1.5461681494734002e-09, 'lambda_l2': 1.805861735406822e-08, 'num_leaves': 43, 'feature_fraction': 0.7713159779732212, 'bagging_fraction': 0.8323506489434421, 'bagging_freq': 9, 'min_child_samples': 98}. Best is trial 213 with value: 0.8175071389534689.
[I 2025-04-08 01:48:45,666] Trial 301 finished with value: 0.8163332753430652 and parameters: {'lambda_l1': 1.3901328727687135e-09, 'lambda_l2': 2.061110952647401e-07, 'num_leaves': 44, 'feature_fraction': 0.7699298094440263, 'bagging_fraction': 0.8283804995192874, 'bagging_freq': 9, 'min_child_samples': 98}. Best is trial 213 with value: 0.8175071389534689.
[I 2025-04-08 01:48:47,130] Trial 302 finished with value: 0.8153270387533146 and parameters: {'lambda_l1': 1.932570228201554e-09, 'lambda_l2': 1.5088932171705707e-08, 'num_leaves': 42, 'feature_fraction': 0.7791785165724292, 'bagging_fraction': 0.9257907789661121, 'bagging_freq': 9, 'min_child_samples': 101}. Best is trial 213 with value: 0.8175071389534689.
[I 2025-04-08 01:48:48,730] Trial 303 finished with value: 0.814865734956358 and parameters: {'lambda_l1': 2.702036155526888e-09, 'lambda_l2': 4.506330171872619e-08, 'num_leaves': 47, 'feature_fraction': 0.791992985324474, 'bagging_fraction': 0.7724229934917924, 'bagging_freq': 9, 'min_child_samples': 104}. Best is trial 213 with value: 0.8175071389534689.
[I 2025-04-08 01:48:50,100] Trial 304 finished with value: 0.815956110153393 and parameters: {'lambda_l1': 1.2105940289065301e-09, 'lambda_l2': 2.5240558015307453e-08, 'num_leaves': 39, 'feature_fraction': 0.7645562777669506, 'bagging_fraction': 0.813898316575208, 'bagging_freq': 10, 'min_child_samples': 95}. Best is trial 213 with value: 0.8175071389534689.
[I 2025-04-08 01:48:52,352] Trial 305 finished with value: 0.8157462029553949 and parameters: {'lambda_l1': 9.494541917519055e-05, 'lambda_l2': 1.2272030367582564e-08, 'num_leaves': 49, 'feature_fraction': 0.7440947641669879, 'bagging_fraction': 0.8455225808907919, 'bagging_freq': 9, 'min_child_samples': 99}. Best is trial 213 with value: 0.8175071389534689.
[I 2025-04-08 01:48:53,858] Trial 306 finished with value: 0.8162913466218912 and parameters: {'lambda_l1': 4.156354897228812e-09, 'lambda_l2': 5.363992131400157e-09, 'num_leaves': 40, 'feature_fraction': 0.7829335129547239, 'bagging_fraction': 0.8061402368250856, 'bagging_freq': 8, 'min_child_samples': 108}. Best is trial 213 with value: 0.8175071389534689.
[I 2025-04-08 01:48:55,532] Trial 307 finished with value: 0.8153271090445487 and parameters: {'lambda_l1': 1.0088976309060784e-09, 'lambda_l2': 2.152205855491326e-08, 'num_leaves': 43, 'feature_fraction': 0.7575300589184881, 'bagging_fraction': 0.7903954649312723, 'bagging_freq': 7, 'min_child_samples': 94}. Best is trial 213 with value: 0.8175071389534689.
[I 2025-04-08 01:48:57,086] Trial 308 finished with value: 0.8147820883877124 and parameters: {'lambda_l1': 2.529611522218458e-09, 'lambda_l2': 3.4886534507775245e-08, 'num_leaves': 37, 'feature_fraction': 0.7709083745005805, 'bagging_fraction': 0.831762419701229, 'bagging_freq': 9, 'min_child_samples': 12}. Best is trial 213 with value: 0.8175071389534689.
[I 2025-04-08 01:48:58,573] Trial 309 finished with value: 0.8146562670785732 and parameters: {'lambda_l1': 4.5333919803126054e-05, 'lambda_l2': 9.069213144738297e-09, 'num_leaves': 35, 'feature_fraction': 0.7466135543057987, 'bagging_fraction': 0.8170660233122643, 'bagging_freq': 9, 'min_child_samples': 32}. Best is trial 213 with value: 0.8175071389534689.
[I 2025-04-08 01:49:00,202] Trial 310 finished with value: 0.8155366823591846 and parameters: {'lambda_l1': 2.4136313162868136e-05, 'lambda_l2': 5.278915841968258e-07, 'num_leaves': 41, 'feature_fraction': 0.7973179503870168, 'bagging_fraction': 0.7819651900368992, 'bagging_freq': 10, 'min_child_samples': 102}. Best is trial 213 with value: 0.8175071389534689.
[I 2025-04-08 01:49:02,055] Trial 311 finished with value: 0.8145304106238171 and parameters: {'lambda_l1': 0.00034717560778905153, 'lambda_l2': 1.7022962630272307e-08, 'num_leaves': 33, 'feature_fraction': 0.7283006838360592, 'bagging_fraction': 0.7999340381820388, 'bagging_freq': 8, 'min_child_samples': 26}. Best is trial 213 with value: 0.8175071389534689.
[I 2025-04-08 01:49:03,506] Trial 312 finished with value: 0.8156626091051751 and parameters: {'lambda_l1': 6.661973376005803e-09, 'lambda_l2': 2.970493760364834e-09, 'num_leaves': 39, 'feature_fraction': 0.7858365062408675, 'bagging_fraction': 0.8063505222927145, 'bagging_freq': 9, 'min_child_samples': 49}. Best is trial 213 with value: 0.8175071389534689.
[I 2025-04-08 01:49:05,351] Trial 313 finished with value: 0.8168779972621565 and parameters: {'lambda_l1': 0.00015875114956899345, 'lambda_l2': 2.4026772705307593e-05, 'num_leaves': 45, 'feature_fraction': 0.7108164068043277, 'bagging_fraction': 0.8239713408779386, 'bagging_freq': 14, 'min_child_samples': 98}. Best is trial 213 with value: 0.8175071389534689.
[I 2025-04-08 01:49:06,949] Trial 314 finished with value: 0.8147817720771589 and parameters: {'lambda_l1': 0.0001968769185943359, 'lambda_l2': 1.7854230299913273e-05, 'num_leaves': 40, 'feature_fraction': 0.7166142995882202, 'bagging_fraction': 0.7587103491573257, 'bagging_freq': 14, 'min_child_samples': 105}. Best is trial 213 with value: 0.8175071389534689.
[I 2025-04-08 01:49:08,766] Trial 315 finished with value: 0.8146142153477396 and parameters: {'lambda_l1': 9.402834872647165e-07, 'lambda_l2': 2.645497901301112e-05, 'num_leaves': 46, 'feature_fraction': 0.7026786624165648, 'bagging_fraction': 0.8430271509329715, 'bagging_freq': 14, 'min_child_samples': 98}. Best is trial 213 with value: 0.8175071389534689.
[I 2025-04-08 01:49:10,448] Trial 316 finished with value: 0.8162493827551002 and parameters: {'lambda_l1': 1.8395970548324312e-06, 'lambda_l2': 7.148167324475034e-05, 'num_leaves': 48, 'feature_fraction': 0.7316472336327061, 'bagging_fraction': 0.8261460476602432, 'bagging_freq': 14, 'min_child_samples': 101}. Best is trial 213 with value: 0.8175071389534689.
[I 2025-04-08 01:49:12,596] Trial 317 finished with value: 0.8149498032724084 and parameters: {'lambda_l1': 2.3269510815560868e-09, 'lambda_l2': 6.542058939044725e-08, 'num_leaves': 44, 'feature_fraction': 0.7180664629312199, 'bagging_fraction': 0.7722415807735133, 'bagging_freq': 15, 'min_child_samples': 99}. Best is trial 213 with value: 0.8175071389534689.
[I 2025-04-08 01:49:14,274] Trial 318 finished with value: 0.8149077163959575 and parameters: {'lambda_l1': 6.994160728313026e-05, 'lambda_l2': 5.672641558603538e-09, 'num_leaves': 50, 'feature_fraction': 0.7394062432058875, 'bagging_fraction': 0.7918709203052884, 'bagging_freq': 14, 'min_child_samples': 97}. Best is trial 213 with value: 0.8175071389534689.
[I 2025-04-08 01:49:15,712] Trial 319 finished with value: 0.8146561264961051 and parameters: {'lambda_l1': 0.0022009108487246244, 'lambda_l2': 5.096013173888274e-08, 'num_leaves': 42, 'feature_fraction': 0.7522402216523736, 'bagging_fraction': 0.7377587339161792, 'bagging_freq': 16, 'min_child_samples': 103}. Best is trial 213 with value: 0.8175071389534689.
[I 2025-04-08 01:49:17,282] Trial 320 finished with value: 0.8156622049305786 and parameters: {'lambda_l1': 1.5456185082913022e-09, 'lambda_l2': 1.0428578253380045e-05, 'num_leaves': 45, 'feature_fraction': 0.710943271576059, 'bagging_fraction': 0.8369675157713461, 'bagging_freq': 14, 'min_child_samples': 96}. Best is trial 213 with value: 0.8175071389534689.
[I 2025-04-08 01:49:18,869] Trial 321 finished with value: 0.8155788746724868 and parameters: {'lambda_l1': 4.979347233957935e-09, 'lambda_l2': 3.427336442927989e-05, 'num_leaves': 37, 'feature_fraction': 0.6954438275352833, 'bagging_fraction': 0.9105107691033636, 'bagging_freq': 8, 'min_child_samples': 106}. Best is trial 213 with value: 0.8175071389534689.
[I 2025-04-08 01:49:20,564] Trial 322 finished with value: 0.8153689499016801 and parameters: {'lambda_l1': 1.0277394341127689e-05, 'lambda_l2': 1.193026082013795e-06, 'num_leaves': 43, 'feature_fraction': 0.7342248305397843, 'bagging_fraction': 0.8180966446936644, 'bagging_freq': 9, 'min_child_samples': 93}. Best is trial 213 with value: 0.8175071389534689.
[I 2025-04-08 01:49:21,753] Trial 323 finished with value: 0.8141532630069535 and parameters: {'lambda_l1': 0.00028603454453505974, 'lambda_l2': 1.7740194528304024e-05, 'num_leaves': 25, 'feature_fraction': 0.7644307754449529, 'bagging_fraction': 0.8506502524076613, 'bagging_freq': 15, 'min_child_samples': 100}. Best is trial 213 with value: 0.8175071389534689.
[I 2025-04-08 01:49:23,910] Trial 324 finished with value: 0.8156623103674299 and parameters: {'lambda_l1': 4.633326063424802, 'lambda_l2': 3.005059654879156e-06, 'num_leaves': 39, 'feature_fraction': 0.7497534781975908, 'bagging_fraction': 0.8012382538640922, 'bagging_freq': 8, 'min_child_samples': 109}. Best is trial 213 with value: 0.8175071389534689.
[I 2025-04-08 01:49:25,187] Trial 325 finished with value: 0.8168362266962592 and parameters: {'lambda_l1': 3.3743684823354327e-06, 'lambda_l2': 9.601803559731012e-09, 'num_leaves': 35, 'feature_fraction': 0.7097338003995919, 'bagging_fraction': 0.7827414503689527, 'bagging_freq': 9, 'min_child_samples': 103}. Best is trial 213 with value: 0.8175071389534689.
[I 2025-04-08 01:49:26,515] Trial 326 finished with value: 0.8150755015718877 and parameters: {'lambda_l1': 2.5470336720443427e-06, 'lambda_l2': 1.0664490569551591e-05, 'num_leaves': 37, 'feature_fraction': 0.7080716155751833, 'bagging_fraction': 0.8254845772220895, 'bagging_freq': 9, 'min_child_samples': 103}. Best is trial 213 with value: 0.8175071389534689.
[I 2025-04-08 01:49:27,962] Trial 327 finished with value: 0.8151591832861502 and parameters: {'lambda_l1': 3.3942010782193637e-06, 'lambda_l2': 1.4782765633136365e-09, 'num_leaves': 42, 'feature_fraction': 0.7197404870442283, 'bagging_fraction': 0.7751269743279695, 'bagging_freq': 6, 'min_child_samples': 106}. Best is trial 213 with value: 0.8175071389534689.
[I 2025-04-08 01:49:29,729] Trial 328 finished with value: 0.8161653320118581 and parameters: {'lambda_l1': 3.142707831595899e-07, 'lambda_l2': 9.456979128905674e-09, 'num_leaves': 52, 'feature_fraction': 0.688305127388282, 'bagging_fraction': 0.8050199714122648, 'bagging_freq': 14, 'min_child_samples': 101}. Best is trial 213 with value: 0.8175071389534689.
[I 2025-04-08 01:49:31,226] Trial 329 finished with value: 0.8154108786228542 and parameters: {'lambda_l1': 6.068997965001053e-06, 'lambda_l2': 8.836567662128103e-08, 'num_leaves': 35, 'feature_fraction': 0.677347002031894, 'bagging_fraction': 0.8668673180388362, 'bagging_freq': 9, 'min_child_samples': 104}. Best is trial 213 with value: 0.8175071389534689.
[I 2025-04-08 01:49:33,502] Trial 330 finished with value: 0.8155364890582908 and parameters: {'lambda_l1': 4.357341906299673e-06, 'lambda_l2': 4.0617288671925916e-05, 'num_leaves': 47, 'feature_fraction': 0.6988632356982267, 'bagging_fraction': 0.7872748037511792, 'bagging_freq': 3, 'min_child_samples': 98}. Best is trial 213 with value: 0.8175071389534689.
[I 2025-04-08 01:49:35,946] Trial 331 finished with value: 0.8143208900276069 and parameters: {'lambda_l1': 8.300633232346438e-06, 'lambda_l2': 3.925142788973534e-09, 'num_leaves': 67, 'feature_fraction': 0.8035893652805032, 'bagging_fraction': 0.814207624480117, 'bagging_freq': 8, 'min_child_samples': 102}. Best is trial 213 with value: 0.8175071389534689.
[I 2025-04-08 01:49:37,575] Trial 332 finished with value: 0.8154946130555423 and parameters: {'lambda_l1': 1.3895936678452798e-06, 'lambda_l2': 0.00029766255169898437, 'num_leaves': 39, 'feature_fraction': 0.7642111186636897, 'bagging_fraction': 0.7184796778658992, 'bagging_freq': 9, 'min_child_samples': 107}. Best is trial 213 with value: 0.8175071389534689.
[I 2025-04-08 01:49:39,030] Trial 333 finished with value: 0.8159557586972224 and parameters: {'lambda_l1': 1.5361088139744283e-05, 'lambda_l2': 3.3128721253643816e-08, 'num_leaves': 35, 'feature_fraction': 0.7100459184683348, 'bagging_fraction': 0.838301864958762, 'bagging_freq': 8, 'min_child_samples': 100}. Best is trial 213 with value: 0.8175071389534689.
[I 2025-04-08 01:49:40,678] Trial 334 finished with value: 0.8160395985667617 and parameters: {'lambda_l1': 2.215259129672155e-06, 'lambda_l2': 9.019029087186884e-09, 'num_leaves': 41, 'feature_fraction': 0.7743346352417362, 'bagging_fraction': 0.7980347069651295, 'bagging_freq': 7, 'min_child_samples': 96}. Best is trial 213 with value: 0.8175071389534689.
[I 2025-04-08 01:49:41,502] Trial 335 finished with value: 0.8022473161928158 and parameters: {'lambda_l1': 44.126422017734704, 'lambda_l2': 1.517106072529828e-08, 'num_leaves': 38, 'feature_fraction': 0.751059739632014, 'bagging_fraction': 0.7651231241220146, 'bagging_freq': 10, 'min_child_samples': 104}. Best is trial 213 with value: 0.8175071389534689.
[I 2025-04-08 01:49:43,790] Trial 336 finished with value: 0.8166685118115632 and parameters: {'lambda_l1': 0.0005314153662422233, 'lambda_l2': 1.2574713533042928e-07, 'num_leaves': 44, 'feature_fraction': 0.7335116399004394, 'bagging_fraction': 0.7513533834387472, 'bagging_freq': 9, 'min_child_samples': 112}. Best is trial 213 with value: 0.8175071389534689.
[I 2025-04-08 01:49:45,071] Trial 337 finished with value: 0.8159556356875626 and parameters: {'lambda_l1': 2.704851689308452e-09, 'lambda_l2': 5.6846875876088615e-05, 'num_leaves': 34, 'feature_fraction': 0.7206671594181765, 'bagging_fraction': 0.8226756457500787, 'bagging_freq': 8, 'min_child_samples': 98}. Best is trial 213 with value: 0.8175071389534689.
[I 2025-04-08 01:49:47,317] Trial 338 finished with value: 0.8158719012548742 and parameters: {'lambda_l1': 0.0001433074408823932, 'lambda_l2': 5.584241760887588e-06, 'num_leaves': 37, 'feature_fraction': 0.6956744605451173, 'bagging_fraction': 0.7816790772228841, 'bagging_freq': 9, 'min_child_samples': 101}. Best is trial 213 with value: 0.8175071389534689.
[I 2025-04-08 01:49:52,075] Trial 339 finished with value: 0.8152851803233748 and parameters: {'lambda_l1': 9.871796366464846e-09, 'lambda_l2': 2.5151884091130983e-08, 'num_leaves': 32, 'feature_fraction': 0.8079349465804887, 'bagging_fraction': 0.8872834105525949, 'bagging_freq': 15, 'min_child_samples': 77}. Best is trial 213 with value: 0.8175071389534689.
[I 2025-04-08 01:49:53,135] Trial 340 finished with value: 0.8152850397409066 and parameters: {'lambda_l1': 0.0010065196208004536, 'lambda_l2': 2.1831144139232787e-09, 'num_leaves': 21, 'feature_fraction': 0.6699175875725785, 'bagging_fraction': 0.8108071818401222, 'bagging_freq': 13, 'min_child_samples': 109}. Best is trial 213 with value: 0.8175071389534689.
[I 2025-04-08 01:49:55,080] Trial 341 finished with value: 0.814781912659627 and parameters: {'lambda_l1': 6.842559472493841e-06, 'lambda_l2': 5.704211389136404e-09, 'num_leaves': 41, 'feature_fraction': 0.7419199743073562, 'bagging_fraction': 0.7970028353399227, 'bagging_freq': 14, 'min_child_samples': 95}. Best is trial 213 with value: 0.8175071389534689.
[I 2025-04-08 01:49:56,608] Trial 342 finished with value: 0.8172136730508679 and parameters: {'lambda_l1': 4.09621431728669e-09, 'lambda_l2': 0.00014309148182027533, 'num_leaves': 45, 'feature_fraction': 0.7919899990076855, 'bagging_fraction': 0.827511932125239, 'bagging_freq': 10, 'min_child_samples': 98}. Best is trial 213 with value: 0.8175071389534689.
[I 2025-04-08 01:49:58,145] Trial 343 finished with value: 0.8160398445860814 and parameters: {'lambda_l1': 4.0821454238280664e-09, 'lambda_l2': 8.529610624065368e-05, 'num_leaves': 46, 'feature_fraction': 0.7712415393958963, 'bagging_fraction': 0.8496526842647737, 'bagging_freq': 10, 'min_child_samples': 97}. Best is trial 213 with value: 0.8175071389534689.
[I 2025-04-08 01:49:59,734] Trial 344 finished with value: 0.8173814055083726 and parameters: {'lambda_l1': 2.8999620336138067e-06, 'lambda_l2': 0.00019507312681614258, 'num_leaves': 47, 'feature_fraction': 0.7919362213944581, 'bagging_fraction': 0.9190466639613232, 'bagging_freq': 10, 'min_child_samples': 92}. Best is trial 213 with value: 0.8175071389534689.
[I 2025-04-08 01:50:01,477] Trial 345 finished with value: 0.816165525312752 and parameters: {'lambda_l1': 3.7024941259343615e-06, 'lambda_l2': 0.00044224505472784033, 'num_leaves': 51, 'feature_fraction': 0.7912216159299469, 'bagging_fraction': 0.906956407394077, 'bagging_freq': 10, 'min_child_samples': 93}. Best is trial 213 with value: 0.8175071389534689.
[I 2025-04-08 01:50:03,208] Trial 346 finished with value: 0.8159138475488568 and parameters: {'lambda_l1': 1.4545782451213946e-06, 'lambda_l2': 0.00017001385369937812, 'num_leaves': 48, 'feature_fraction': 0.7850351777978412, 'bagging_fraction': 0.9328414762585461, 'bagging_freq': 10, 'min_child_samples': 91}. Best is trial 213 with value: 0.8175071389534689.
[I 2025-04-08 01:50:05,455] Trial 347 finished with value: 0.8153272320542087 and parameters: {'lambda_l1': 3.5361582665188146e-06, 'lambda_l2': 0.00018356476608477433, 'num_leaves': 48, 'feature_fraction': 0.7956663050113105, 'bagging_fraction': 0.9505806809553385, 'bagging_freq': 10, 'min_child_samples': 99}. Best is trial 213 with value: 0.8175071389534689.
[I 2025-04-08 01:50:06,972] Trial 348 finished with value: 0.815662415804281 and parameters: {'lambda_l1': 9.502033821877137e-07, 'lambda_l2': 0.00010398516063094995, 'num_leaves': 44, 'feature_fraction': 0.6603937164255169, 'bagging_fraction': 0.9190301250412211, 'bagging_freq': 10, 'min_child_samples': 95}. Best is trial 213 with value: 0.8175071389534689.
[I 2025-04-08 01:50:08,715] Trial 349 finished with value: 0.8145724623546509 and parameters: {'lambda_l1': 2.1903380742656103e-06, 'lambda_l2': 0.00014859566951177684, 'num_leaves': 55, 'feature_fraction': 0.7775241821053775, 'bagging_fraction': 0.8995356736961482, 'bagging_freq': 14, 'min_child_samples': 97}. Best is trial 213 with value: 0.8175071389534689.
[I 2025-04-08 01:50:10,389] Trial 350 finished with value: 0.8146562670785732 and parameters: {'lambda_l1': 1.6054730263676221e-09, 'lambda_l2': 0.0005644060778395405, 'num_leaves': 51, 'feature_fraction': 0.6852676600643993, 'bagging_fraction': 0.8767684657323185, 'bagging_freq': 10, 'min_child_samples': 100}. Best is trial 213 with value: 0.8175071389534689.
[I 2025-04-08 01:50:11,912] Trial 351 finished with value: 0.8161237723196635 and parameters: {'lambda_l1': 5.809487721771614e-06, 'lambda_l2': 0.000207036272230938, 'num_leaves': 45, 'feature_fraction': 0.8069936193247139, 'bagging_fraction': 0.9251280969179364, 'bagging_freq': 9, 'min_child_samples': 94}. Best is trial 213 with value: 0.8175071389534689.
[I 2025-04-08 01:50:13,507] Trial 352 finished with value: 0.8150335904235224 and parameters: {'lambda_l1': 9.938909042495794e-06, 'lambda_l2': 6.21586750790374e-05, 'num_leaves': 46, 'feature_fraction': 0.7815656542169298, 'bagging_fraction': 0.8330267774644319, 'bagging_freq': 8, 'min_child_samples': 102}. Best is trial 213 with value: 0.8175071389534689.
[I 2025-04-08 01:50:15,923] Trial 353 finished with value: 0.8153270387533148 and parameters: {'lambda_l1': 1.0425079724256633e-09, 'lambda_l2': 2.541089875450013e-05, 'num_leaves': 50, 'feature_fraction': 0.7911526523808423, 'bagging_fraction': 0.9389912790958183, 'bagging_freq': 4, 'min_child_samples': 92}. Best is trial 213 with value: 0.8175071389534689.
[I 2025-04-08 01:50:17,338] Trial 354 finished with value: 0.8159977752824389 and parameters: {'lambda_l1': 4.889472845494562e-07, 'lambda_l2': 0.00040062948499256017, 'num_leaves': 28, 'feature_fraction': 0.7574808392160219, 'bagging_fraction': 0.8391793738281617, 'bagging_freq': 9, 'min_child_samples': 98}. Best is trial 213 with value: 0.8175071389534689.
[I 2025-04-08 01:50:19,059] Trial 355 finished with value: 0.8142789964520499 and parameters: {'lambda_l1': 1.8830789923449445e-09, 'lambda_l2': 0.0003060231587384107, 'num_leaves': 43, 'feature_fraction': 0.7698452712304463, 'bagging_fraction': 0.9119901521649402, 'bagging_freq': 7, 'min_child_samples': 41}. Best is trial 213 with value: 0.8175071389534689.
[I 2025-04-08 01:50:20,712] Trial 356 finished with value: 0.8165430946770206 and parameters: {'lambda_l1': 3.2209398859861867e-09, 'lambda_l2': 9.021200408418123e-05, 'num_leaves': 42, 'feature_fraction': 0.723735436130912, 'bagging_fraction': 0.8234845656786098, 'bagging_freq': 10, 'min_child_samples': 96}. Best is trial 213 with value: 0.8175071389534689.
[I 2025-04-08 01:50:22,078] Trial 357 finished with value: 0.8159977928552475 and parameters: {'lambda_l1': 4.587134792311569e-06, 'lambda_l2': 0.00012230705842906564, 'num_leaves': 30, 'feature_fraction': 0.7045983829984491, 'bagging_fraction': 0.8135919986674427, 'bagging_freq': 14, 'min_child_samples': 88}. Best is trial 213 with value: 0.8175071389534689.
