[I 2025-04-08 20:23:14,989] Trial 125 finished with value: 0.8180523001927738 and parameters: {'max_depth': 10, 'learning_rate': 0.03152811103168143, 'n_estimators': 132, 'gamma': 0.5394495275470159, 'min_child_weight': 6, 'subsample': 0.6172235033698417, 'colsample_bytree': 0.8063442581589323}. Best is trial 124 with value: 0.819687327017666.
[I 2025-04-08 20:23:17,368] Trial 126 finished with value: 0.8180520893190713 and parameters: {'max_depth': 12, 'learning_rate': 0.014607579373450856, 'n_estimators': 149, 'gamma': 0.586647121171527, 'min_child_weight': 5, 'subsample': 0.6111488565334204, 'colsample_bytree': 0.8449528471058128}. Best is trial 124 with value: 0.819687327017666.
[I 2025-04-08 20:23:19,003] Trial 127 finished with value: 0.8188486647301432 and parameters: {'max_depth': 10, 'learning_rate': 0.04181743925995594, 'n_estimators': 132, 'gamma': 0.5234187335946049, 'min_child_weight': 6, 'subsample': 0.6317461464551922, 'colsample_bytree': 0.7818564793276445}. Best is trial 124 with value: 0.819687327017666.
[I 2025-04-08 20:23:21,057] Trial 128 finished with value: 0.8118894986653451 and parameters: {'max_depth': 10, 'learning_rate': 0.008836488446613534, 'n_estimators': 158, 'gamma': 0.525217807456615, 'min_child_weight': 6, 'subsample': 0.6326684567521436, 'colsample_bytree': 0.760655845844974}. Best is trial 124 with value: 0.819687327017666.
[I 2025-04-08 20:23:23,449] Trial 129 finished with value: 0.8183036089276896 and parameters: {'max_depth': 15, 'learning_rate': 0.025231907028062356, 'n_estimators': 134, 'gamma': 0.5743431980183994, 'min_child_weight': 5, 'subsample': 0.5947538109052151, 'colsample_bytree': 0.7827739829121813}. Best is trial 124 with value: 0.819687327017666.
[I 2025-04-08 20:23:26,329] Trial 130 finished with value: 0.8188904704416574 and parameters: {'max_depth': 16, 'learning_rate': 0.02569387765362426, 'n_estimators': 134, 'gamma': 0.574605205453734, 'min_child_weight': 5, 'subsample': 0.5932914191676432, 'colsample_bytree': 0.778999871897091}. Best is trial 124 with value: 0.819687327017666.
[I 2025-04-08 20:23:28,927] Trial 131 finished with value: 0.8184293599455945 and parameters: {'max_depth': 16, 'learning_rate': 0.025194469220994373, 'n_estimators': 135, 'gamma': 0.5756385537596647, 'min_child_weight': 5, 'subsample': 0.598952111437379, 'colsample_bytree': 0.7836414136292142}. Best is trial 124 with value: 0.819687327017666.
[I 2025-04-08 20:23:31,545] Trial 132 finished with value: 0.8176747835469309 and parameters: {'max_depth': 16, 'learning_rate': 0.0256615653780419, 'n_estimators': 134, 'gamma': 0.5757735259312241, 'min_child_weight': 5, 'subsample': 0.5992289920777769, 'colsample_bytree': 0.7932581655840374}. Best is trial 124 with value: 0.819687327017666.
[I 2025-04-08 20:23:34,095] Trial 133 finished with value: 0.7962100723823984 and parameters: {'max_depth': 17, 'learning_rate': 0.0058835396077981834, 'n_estimators': 130, 'gamma': 0.5437810583792597, 'min_child_weight': 5, 'subsample': 0.5891937781577756, 'colsample_bytree': 0.7814336374418507}. Best is trial 124 with value: 0.819687327017666.
[I 2025-04-08 20:23:36,995] Trial 134 finished with value: 0.812811825094322 and parameters: {'max_depth': 15, 'learning_rate': 0.01260782148340485, 'n_estimators': 119, 'gamma': 0.5781104200440388, 'min_child_weight': 5, 'subsample': 0.665726642536644, 'colsample_bytree': 0.7417299435839875}. Best is trial 124 with value: 0.819687327017666.
[I 2025-04-08 20:23:40,566] Trial 135 finished with value: 0.8178004467007931 and parameters: {'max_depth': 19, 'learning_rate': 0.020109513206165178, 'n_estimators': 146, 'gamma': 0.5316013158805956, 'min_child_weight': 5, 'subsample': 0.6576509731833408, 'colsample_bytree': 0.8117369693686981}. Best is trial 124 with value: 0.819687327017666.
[I 2025-04-08 20:23:43,106] Trial 136 finished with value: 0.8170038361441041 and parameters: {'max_depth': 16, 'learning_rate': 0.03871068814353283, 'n_estimators': 136, 'gamma': 0.5865497129570155, 'min_child_weight': 5, 'subsample': 0.6229564326875658, 'colsample_bytree': 0.8327369607634012}. Best is trial 124 with value: 0.819687327017666.
[I 2025-04-08 20:23:45,576] Trial 137 finished with value: 0.8180520190278372 and parameters: {'max_depth': 15, 'learning_rate': 0.025665243108992267, 'n_estimators': 116, 'gamma': 0.5730937605441666, 'min_child_weight': 6, 'subsample': 0.5929557417756823, 'colsample_bytree': 0.8665991041315543}. Best is trial 124 with value: 0.819687327017666.
[I 2025-04-08 20:23:47,820] Trial 138 finished with value: 0.818638950833039 and parameters: {'max_depth': 14, 'learning_rate': 0.03232627176547098, 'n_estimators': 129, 'gamma': 0.5447732949641902, 'min_child_weight': 5, 'subsample': 0.6383813803412184, 'colsample_bytree': 0.7876967522078897}. Best is trial 124 with value: 0.819687327017666.
[I 2025-04-08 20:23:50,436] Trial 139 finished with value: 0.819393597522937 and parameters: {'max_depth': 14, 'learning_rate': 0.029634107165391436, 'n_estimators': 130, 'gamma': 0.5390812378059052, 'min_child_weight': 5, 'subsample': 0.6369127181246615, 'colsample_bytree': 0.7928170960063219}. Best is trial 124 with value: 0.819687327017666.
[I 2025-04-08 20:23:52,617] Trial 140 finished with value: 0.8184293247999775 and parameters: {'max_depth': 13, 'learning_rate': 0.03461102249472575, 'n_estimators': 129, 'gamma': 0.5447130926216557, 'min_child_weight': 5, 'subsample': 0.6368544640922839, 'colsample_bytree': 0.8008371870570244}. Best is trial 124 with value: 0.819687327017666.
[I 2025-04-08 20:23:54,732] Trial 141 finished with value: 0.8184293775184031 and parameters: {'max_depth': 13, 'learning_rate': 0.03192015792877022, 'n_estimators': 130, 'gamma': 0.5472326064229781, 'min_child_weight': 5, 'subsample': 0.6343964451797272, 'colsample_bytree': 0.8003212247022125}. Best is trial 124 with value: 0.819687327017666.
[I 2025-04-08 20:23:57,510] Trial 142 finished with value: 0.817842603868478 and parameters: {'max_depth': 13, 'learning_rate': 0.01754871818027277, 'n_estimators': 138, 'gamma': 0.5281974459491038, 'min_child_weight': 5, 'subsample': 0.6570550888030952, 'colsample_bytree': 0.7913455821511374}. Best is trial 124 with value: 0.819687327017666.
[I 2025-04-08 20:23:59,616] Trial 143 finished with value: 0.817968091294255 and parameters: {'max_depth': 14, 'learning_rate': 0.03335239430729374, 'n_estimators': 122, 'gamma': 0.5506051404180473, 'min_child_weight': 5, 'subsample': 0.6472984313295748, 'colsample_bytree': 0.8187461727702525}. Best is trial 124 with value: 0.819687327017666.
[I 2025-04-08 20:24:02,337] Trial 144 finished with value: 0.8164171503582217 and parameters: {'max_depth': 16, 'learning_rate': 0.041146773965736766, 'n_estimators': 144, 'gamma': 0.5925573122297816, 'min_child_weight': 5, 'subsample': 0.6300183370866843, 'colsample_bytree': 0.7559485551392219}. Best is trial 124 with value: 0.819687327017666.
[I 2025-04-08 20:24:04,249] Trial 145 finished with value: 0.6377394866279713 and parameters: {'max_depth': 12, 'learning_rate': 0.002118936458245563, 'n_estimators': 129, 'gamma': 0.5358873084978862, 'min_child_weight': 7, 'subsample': 0.6080035279925163, 'colsample_bytree': 0.7746879945888925}. Best is trial 124 with value: 0.819687327017666.
[I 2025-04-08 20:24:07,125] Trial 146 finished with value: 0.8175069983710006 and parameters: {'max_depth': 14, 'learning_rate': 0.04599803610587864, 'n_estimators': 151, 'gamma': 0.5654320833954347, 'min_child_weight': 6, 'subsample': 0.6768305701930097, 'colsample_bytree': 0.8040040963028319}. Best is trial 124 with value: 0.819687327017666.
[I 2025-04-08 20:24:08,803] Trial 147 finished with value: 0.8182200326502782 and parameters: {'max_depth': 9, 'learning_rate': 0.03064880202015285, 'n_estimators': 139, 'gamma': 0.5222657402210236, 'min_child_weight': 5, 'subsample': 0.6423983397578947, 'colsample_bytree': 0.8310221747909344}. Best is trial 124 with value: 0.819687327017666.
[I 2025-04-08 20:24:11,237] Trial 148 finished with value: 0.8177165892584449 and parameters: {'max_depth': 17, 'learning_rate': 0.01821586937622793, 'n_estimators': 118, 'gamma': 0.558955596180297, 'min_child_weight': 5, 'subsample': 0.5754399545671824, 'colsample_bytree': 0.7464618196672446}. Best is trial 124 with value: 0.819687327017666.
[I 2025-04-08 20:24:13,560] Trial 149 finished with value: 0.8152853560514602 and parameters: {'max_depth': 13, 'learning_rate': 0.011583261744797164, 'n_estimators': 133, 'gamma': 0.5427400662332754, 'min_child_weight': 5, 'subsample': 0.6231425263977962, 'colsample_bytree': 0.7904268167771306}. Best is trial 124 with value: 0.819687327017666.
[I 2025-04-08 20:24:16,180] Trial 150 finished with value: 0.8143210481828836 and parameters: {'max_depth': 14, 'learning_rate': 0.06649656373337982, 'n_estimators': 144, 'gamma': 0.5995776403575125, 'min_child_weight': 5, 'subsample': 0.6366519101931591, 'colsample_bytree': 0.8469069206995037}. Best is trial 124 with value: 0.819687327017666.
[I 2025-04-08 20:24:18,855] Trial 151 finished with value: 0.8183455025032467 and parameters: {'max_depth': 13, 'learning_rate': 0.032769313305671385, 'n_estimators': 128, 'gamma': 0.5483658136616784, 'min_child_weight': 5, 'subsample': 0.6351990833148358, 'colsample_bytree': 0.7988388623147114}. Best is trial 124 with value: 0.819687327017666.
[I 2025-04-08 20:24:21,550] Trial 152 finished with value: 0.818345414639204 and parameters: {'max_depth': 18, 'learning_rate': 0.02192887138824409, 'n_estimators': 128, 'gamma': 0.5842500156243448, 'min_child_weight': 5, 'subsample': 0.6529397056490795, 'colsample_bytree': 0.8111243514366704}. Best is trial 124 with value: 0.819687327017666.
[I 2025-04-08 20:24:23,639] Trial 153 finished with value: 0.8175488919465576 and parameters: {'max_depth': 15, 'learning_rate': 0.04475626250936813, 'n_estimators': 113, 'gamma': 0.5373151841447051, 'min_child_weight': 5, 'subsample': 0.6676364983050332, 'colsample_bytree': 0.7643886797919971}. Best is trial 124 with value: 0.819687327017666.
[I 2025-04-08 20:24:25,673] Trial 154 finished with value: 0.8189325397452997 and parameters: {'max_depth': 12, 'learning_rate': 0.03609539448299033, 'n_estimators': 138, 'gamma': 0.5185433840472392, 'min_child_weight': 5, 'subsample': 0.6099241034128602, 'colsample_bytree': 0.728870665984973}. Best is trial 124 with value: 0.819687327017666.
[I 2025-04-08 20:24:28,389] Trial 155 finished with value: 0.8173397579521351 and parameters: {'max_depth': 12, 'learning_rate': 0.06158778772593517, 'n_estimators': 148, 'gamma': 0.571043835716845, 'min_child_weight': 5, 'subsample': 0.6148759189937357, 'colsample_bytree': 0.7759791204828802}. Best is trial 124 with value: 0.819687327017666.
[I 2025-04-08 20:24:30,048] Trial 156 finished with value: 0.8195616111453781 and parameters: {'max_depth': 9, 'learning_rate': 0.0449347003292087, 'n_estimators': 138, 'gamma': 0.5598993035453813, 'min_child_weight': 7, 'subsample': 0.6253271204280633, 'colsample_bytree': 0.7281958220577158}. Best is trial 124 with value: 0.819687327017666.
[I 2025-04-08 20:24:31,598] Trial 157 finished with value: 0.8189744860392821 and parameters: {'max_depth': 9, 'learning_rate': 0.04942183486015084, 'n_estimators': 123, 'gamma': 0.5194427876664283, 'min_child_weight': 7, 'subsample': 0.6241040114836169, 'colsample_bytree': 0.7257571673782263}. Best is trial 124 with value: 0.819687327017666.
[I 2025-04-08 20:24:33,224] Trial 158 finished with value: 0.8188069117370546 and parameters: {'max_depth': 9, 'learning_rate': 0.04859032849598899, 'n_estimators': 140, 'gamma': 0.5159366614289479, 'min_child_weight': 7, 'subsample': 0.6063977867221118, 'colsample_bytree': 0.7341839530675743}. Best is trial 124 with value: 0.819687327017666.
[I 2025-04-08 20:24:34,899] Trial 159 finished with value: 0.8180102308891313 and parameters: {'max_depth': 9, 'learning_rate': 0.06685809965078879, 'n_estimators': 154, 'gamma': 0.501174731237199, 'min_child_weight': 7, 'subsample': 0.5823660139551291, 'colsample_bytree': 0.7218508982680665}. Best is trial 124 with value: 0.819687327017666.
[I 2025-04-08 20:24:36,580] Trial 160 finished with value: 0.818974609048942 and parameters: {'max_depth': 10, 'learning_rate': 0.04678418493395326, 'n_estimators': 121, 'gamma': 0.5126865054088375, 'min_child_weight': 7, 'subsample': 0.6086025564047967, 'colsample_bytree': 0.7275763724164753}. Best is trial 124 with value: 0.819687327017666.
[I 2025-04-08 20:24:38,880] Trial 161 finished with value: 0.8184296586833397 and parameters: {'max_depth': 10, 'learning_rate': 0.0418378800979019, 'n_estimators': 123, 'gamma': 0.5150722020512015, 'min_child_weight': 7, 'subsample': 0.6111305147060309, 'colsample_bytree': 0.7311151322523816}. Best is trial 124 with value: 0.819687327017666.
[I 2025-04-08 20:24:40,587] Trial 162 finished with value: 0.8200226337773981 and parameters: {'max_depth': 9, 'learning_rate': 0.050372884079546265, 'n_estimators': 140, 'gamma': 0.5213231335714432, 'min_child_weight': 7, 'subsample': 0.6221174313185794, 'colsample_bytree': 0.706733961187572}. Best is trial 162 with value: 0.8200226337773981.
[I 2025-04-08 20:24:42,175] Trial 163 finished with value: 0.8197712020328225 and parameters: {'max_depth': 9, 'learning_rate': 0.04848638116990452, 'n_estimators': 140, 'gamma': 0.5189386239970994, 'min_child_weight': 7, 'subsample': 0.6060511450264263, 'colsample_bytree': 0.6996372730162213}. Best is trial 162 with value: 0.8200226337773981.
[I 2025-04-08 20:24:43,643] Trial 164 finished with value: 0.8183451510470757 and parameters: {'max_depth': 10, 'learning_rate': 0.07386008734034469, 'n_estimators': 119, 'gamma': 0.5279668208341438, 'min_child_weight': 7, 'subsample': 0.6285421065275912, 'colsample_bytree': 0.7004623189963651}. Best is trial 162 with value: 0.8200226337773981.
[I 2025-04-08 20:24:45,362] Trial 165 finished with value: 0.820064650362615 and parameters: {'max_depth': 8, 'learning_rate': 0.05765643418424809, 'n_estimators': 146, 'gamma': 0.5222005933037317, 'min_child_weight': 7, 'subsample': 0.6214794326048182, 'colsample_bytree': 0.709263666176573}. Best is trial 165 with value: 0.820064650362615.
[I 2025-04-08 20:24:47,034] Trial 166 finished with value: 0.8191840593539181 and parameters: {'max_depth': 8, 'learning_rate': 0.058573404370083765, 'n_estimators': 148, 'gamma': 0.49510205322278017, 'min_child_weight': 7, 'subsample': 0.6204248974688625, 'colsample_bytree': 0.6824588854625893}. Best is trial 165 with value: 0.820064650362615.
[I 2025-04-08 20:24:49,349] Trial 167 finished with value: 0.8192260407935177 and parameters: {'max_depth': 8, 'learning_rate': 0.06060528377084748, 'n_estimators': 160, 'gamma': 0.4892318492258908, 'min_child_weight': 7, 'subsample': 0.6187613655887159, 'colsample_bytree': 0.6817851748688247}. Best is trial 165 with value: 0.820064650362615.
[I 2025-04-08 20:24:51,107] Trial 168 finished with value: 0.8185551812547336 and parameters: {'max_depth': 8, 'learning_rate': 0.08205102614914765, 'n_estimators': 161, 'gamma': 0.49833887808734134, 'min_child_weight': 7, 'subsample': 0.6214806429956782, 'colsample_bytree': 0.6831725197369276}. Best is trial 165 with value: 0.820064650362615.
[I 2025-04-08 20:24:52,658] Trial 169 finished with value: 0.8194356668265792 and parameters: {'max_depth': 8, 'learning_rate': 0.05384820676221794, 'n_estimators': 147, 'gamma': 0.48886097441902077, 'min_child_weight': 7, 'subsample': 0.6053238134391216, 'colsample_bytree': 0.7071410274816304}. Best is trial 165 with value: 0.820064650362615.
[I 2025-04-08 20:24:54,250] Trial 170 finished with value: 0.8198132186180391 and parameters: {'max_depth': 8, 'learning_rate': 0.05070639291960346, 'n_estimators': 155, 'gamma': 0.4863551184380644, 'min_child_weight': 7, 'subsample': 0.6199189529286518, 'colsample_bytree': 0.7094396248630306}. Best is trial 165 with value: 0.820064650362615.
[I 2025-04-08 20:24:55,795] Trial 171 finished with value: 0.8182197866309588 and parameters: {'max_depth': 8, 'learning_rate': 0.06579390854898118, 'n_estimators': 157, 'gamma': 0.4863182150872618, 'min_child_weight': 7, 'subsample': 0.6183441666193441, 'colsample_bytree': 0.7107474497754503}. Best is trial 165 with value: 0.820064650362615.
[I 2025-04-08 20:24:57,373] Trial 172 finished with value: 0.8201064385013206 and parameters: {'max_depth': 8, 'learning_rate': 0.0532191960433436, 'n_estimators': 149, 'gamma': 0.47455058215851736, 'min_child_weight': 7, 'subsample': 0.6008650876432737, 'colsample_bytree': 0.6646377239995349}. Best is trial 172 with value: 0.8201064385013206.
[I 2025-04-08 20:24:59,274] Trial 173 finished with value: 0.8185971626943334 and parameters: {'max_depth': 8, 'learning_rate': 0.0550059463321037, 'n_estimators': 148, 'gamma': 0.4759177332621075, 'min_child_weight': 7, 'subsample': 0.6125880762215719, 'colsample_bytree': 0.6637551655075054}. Best is trial 172 with value: 0.8201064385013206.
[I 2025-04-08 20:25:00,916] Trial 174 finished with value: 0.8182618032161754 and parameters: {'max_depth': 8, 'learning_rate': 0.08199447478911684, 'n_estimators': 173, 'gamma': 0.49336285033507077, 'min_child_weight': 7, 'subsample': 0.6029236188568994, 'colsample_bytree': 0.7041311426233131}. Best is trial 172 with value: 0.8201064385013206.
[I 2025-04-08 20:25:02,834] Trial 175 finished with value: 0.8189323464444058 and parameters: {'max_depth': 9, 'learning_rate': 0.07061913134385832, 'n_estimators': 153, 'gamma': 0.5031315311885123, 'min_child_weight': 7, 'subsample': 0.5837693376076741, 'colsample_bytree': 0.6890232518004596}. Best is trial 172 with value: 0.8201064385013206.
[I 2025-04-08 20:25:04,535] Trial 176 finished with value: 0.8197710614503542 and parameters: {'max_depth': 8, 'learning_rate': 0.04998166633376249, 'n_estimators': 147, 'gamma': 0.48593215844423165, 'min_child_weight': 7, 'subsample': 0.6022858610780564, 'colsample_bytree': 0.6979470299437212}. Best is trial 172 with value: 0.8201064385013206.
[I 2025-04-08 20:25:05,999] Trial 177 finished with value: 0.817968354886383 and parameters: {'max_depth': 7, 'learning_rate': 0.09927414857776629, 'n_estimators': 147, 'gamma': 0.481732146530978, 'min_child_weight': 7, 'subsample': 0.569186655191063, 'colsample_bytree': 0.6821331944106223}. Best is trial 172 with value: 0.8201064385013206.
[I 2025-04-08 20:25:07,855] Trial 178 finished with value: 0.8187649127246465 and parameters: {'max_depth': 8, 'learning_rate': 0.05928286990380876, 'n_estimators': 164, 'gamma': 0.4711661908159619, 'min_child_weight': 7, 'subsample': 0.6018900250472102, 'colsample_bytree': 0.69420749879752}. Best is trial 172 with value: 0.8201064385013206.
[I 2025-04-08 20:25:10,121] Trial 179 finished with value: 0.820316029388765 and parameters: {'max_depth': 8, 'learning_rate': 0.05331000602792349, 'n_estimators': 156, 'gamma': 0.49220157244326357, 'min_child_weight': 7, 'subsample': 0.618122210399285, 'colsample_bytree': 0.6686299495150758}. Best is trial 179 with value: 0.820316029388765.
[I 2025-04-08 20:25:11,533] Trial 180 finished with value: 0.8190584313456728 and parameters: {'max_depth': 7, 'learning_rate': 0.0476330493049498, 'n_estimators': 158, 'gamma': 0.4882834073755308, 'min_child_weight': 7, 'subsample': 0.5906488758936446, 'colsample_bytree': 0.671226841841802}. Best is trial 179 with value: 0.820316029388765.
[I 2025-04-08 20:25:12,977] Trial 181 finished with value: 0.818806823873012 and parameters: {'max_depth': 7, 'learning_rate': 0.04615146871746653, 'n_estimators': 158, 'gamma': 0.49257641783474454, 'min_child_weight': 7, 'subsample': 0.5881487083442051, 'colsample_bytree': 0.7154105012095062}. Best is trial 179 with value: 0.820316029388765.
[I 2025-04-08 20:25:14,618] Trial 182 finished with value: 0.8186809849910643 and parameters: {'max_depth': 8, 'learning_rate': 0.07222970416613506, 'n_estimators': 169, 'gamma': 0.47038323298390144, 'min_child_weight': 7, 'subsample': 0.6006716553347188, 'colsample_bytree': 0.6683217079411781}. Best is trial 179 with value: 0.820316029388765.
[I 2025-04-08 20:25:16,175] Trial 183 finished with value: 0.8184294653824459 and parameters: {'max_depth': 8, 'learning_rate': 0.040931165084281226, 'n_estimators': 151, 'gamma': 0.5034022363972017, 'min_child_weight': 7, 'subsample': 0.6209426988169627, 'colsample_bytree': 0.6750543494488728}. Best is trial 179 with value: 0.820316029388765.
[I 2025-04-08 20:25:18,148] Trial 184 finished with value: 0.8188486647301432 and parameters: {'max_depth': 9, 'learning_rate': 0.05151051929336293, 'n_estimators': 156, 'gamma': 0.4857825575576084, 'min_child_weight': 7, 'subsample': 0.577913257692135, 'colsample_bytree': 0.6976195803957529}. Best is trial 179 with value: 0.820316029388765.
[I 2025-04-08 20:25:20,211] Trial 185 finished with value: 0.8184714468220454 and parameters: {'max_depth': 8, 'learning_rate': 0.09512090205899422, 'n_estimators': 147, 'gamma': 0.5066742978339731, 'min_child_weight': 7, 'subsample': 0.6203531486109098, 'colsample_bytree': 0.6469979152192205}. Best is trial 179 with value: 0.820316029388765.
[I 2025-04-08 20:25:21,643] Trial 186 finished with value: 0.8167945439944047 and parameters: {'max_depth': 7, 'learning_rate': 0.03734123120521617, 'n_estimators': 152, 'gamma': 0.4923481214432982, 'min_child_weight': 7, 'subsample': 0.5938265953979959, 'colsample_bytree': 0.7084471971185494}. Best is trial 179 with value: 0.820316029388765.
[I 2025-04-08 20:25:23,194] Trial 187 finished with value: 0.8193518093842312 and parameters: {'max_depth': 8, 'learning_rate': 0.062154342184465396, 'n_estimators': 163, 'gamma': 0.4777022354068783, 'min_child_weight': 7, 'subsample': 0.6287753961189689, 'colsample_bytree': 0.655236310143547}. Best is trial 179 with value: 0.820316029388765.
