[I 2025-04-08 00:35:54,271] Trial 148 finished with value: 0.8203575890809598 and parameters: {'lambda_l1': 4.1798372047194566e-08, 'lambda_l2': 2.571167652730936, 'num_leaves': 51, 'feature_fraction': 0.4855040622498594, 'bagging_fraction': 0.9430169443302349, 'bagging_freq': 16, 'min_child_samples': 65}. Best is trial 66 with value: 0.822118700807119.
[I 2025-04-08 00:35:56,300] Trial 149 finished with value: 0.8188484714292492 and parameters: {'lambda_l1': 2.76598855286304e-09, 'lambda_l2': 0.3664293857269135, 'num_leaves': 58, 'feature_fraction': 0.592221994252888, 'bagging_fraction': 0.9575504533364332, 'bagging_freq': 15, 'min_child_samples': 71}. Best is trial 66 with value: 0.822118700807119.
[I 2025-04-08 00:35:58,755] Trial 150 finished with value: 0.819938442451688 and parameters: {'lambda_l1': 0.00011428089325740852, 'lambda_l2': 5.798173580283983, 'num_leaves': 54, 'feature_fraction': 0.5594415375678736, 'bagging_fraction': 0.9759202029161748, 'bagging_freq': 14, 'min_child_samples': 83}. Best is trial 66 with value: 0.822118700807119.
[I 2025-04-08 00:36:00,982] Trial 151 finished with value: 0.8193934745132772 and parameters: {'lambda_l1': 1.0473136225203389e-07, 'lambda_l2': 12.985574998365898, 'num_leaves': 68, 'feature_fraction': 0.5905205294021809, 'bagging_fraction': 0.9987371872885931, 'bagging_freq': 16, 'min_child_samples': 121}. Best is trial 66 with value: 0.822118700807119.
[I 2025-04-08 00:36:03,229] Trial 152 finished with value: 0.8201064209285119 and parameters: {'lambda_l1': 7.697688247350403e-08, 'lambda_l2': 4.1360758678373895, 'num_leaves': 68, 'feature_fraction': 0.621685910366162, 'bagging_fraction': 0.9992868285251703, 'bagging_freq': 16, 'min_child_samples': 61}. Best is trial 66 with value: 0.822118700807119.
[I 2025-04-08 00:36:05,356] Trial 153 finished with value: 0.8205254445481239 and parameters: {'lambda_l1': 2.8879428832529233e-07, 'lambda_l2': 24.200988419416323, 'num_leaves': 63, 'feature_fraction': 0.6092147245560932, 'bagging_fraction': 0.986892496683761, 'bagging_freq': 16, 'min_child_samples': 110}. Best is trial 66 with value: 0.822118700807119.
[I 2025-04-08 00:36:07,583] Trial 154 finished with value: 0.8192676356313295 and parameters: {'lambda_l1': 4.786438376919551e-07, 'lambda_l2': 3.963087019898387, 'num_leaves': 66, 'feature_fraction': 0.5709033945804237, 'bagging_fraction': 0.9654924896064476, 'bagging_freq': 15, 'min_child_samples': 47}. Best is trial 66 with value: 0.822118700807119.
[I 2025-04-08 00:36:10,233] Trial 155 finished with value: 0.8207351057268026 and parameters: {'lambda_l1': 6.216439257474362e-08, 'lambda_l2': 1.3714786911795376, 'num_leaves': 60, 'feature_fraction': 0.5414478337459934, 'bagging_fraction': 0.9774452502724611, 'bagging_freq': 16, 'min_child_samples': 112}. Best is trial 66 with value: 0.822118700807119.
[I 2025-04-08 00:36:12,218] Trial 156 finished with value: 0.8210284837653609 and parameters: {'lambda_l1': 3.091272580302272e-08, 'lambda_l2': 8.070437460408376, 'num_leaves': 56, 'feature_fraction': 0.6602894185148, 'bagging_fraction': 0.9514881246656666, 'bagging_freq': 12, 'min_child_samples': 100}. Best is trial 66 with value: 0.822118700807119.
[I 2025-04-08 00:36:14,453] Trial 157 finished with value: 0.820399623238985 and parameters: {'lambda_l1': 2.6529532601547986e-08, 'lambda_l2': 7.274581528976188, 'num_leaves': 56, 'feature_fraction': 0.6544801194125108, 'bagging_fraction': 0.9416758508207801, 'bagging_freq': 12, 'min_child_samples': 103}. Best is trial 66 with value: 0.822118700807119.
[I 2025-04-08 00:36:16,521] Trial 158 finished with value: 0.8202319786455231 and parameters: {'lambda_l1': 1.2829741043846717e-08, 'lambda_l2': 39.32472896365749, 'num_leaves': 48, 'feature_fraction': 0.5219918094622708, 'bagging_fraction': 0.9558370506972376, 'bagging_freq': 12, 'min_child_samples': 77}. Best is trial 66 with value: 0.822118700807119.
[I 2025-04-08 00:36:18,456] Trial 159 finished with value: 0.8205674435605321 and parameters: {'lambda_l1': 4.941439016296205e-09, 'lambda_l2': 13.847360776267251, 'num_leaves': 52, 'feature_fraction': 0.6310090509094018, 'bagging_fraction': 0.9683719693255701, 'bagging_freq': 11, 'min_child_samples': 96}. Best is trial 66 with value: 0.822118700807119.
[I 2025-04-08 00:36:21,974] Trial 160 finished with value: 0.8202319083542889 and parameters: {'lambda_l1': 1.5741398962175232e-09, 'lambda_l2': 27.522035302951082, 'num_leaves': 93, 'feature_fraction': 0.6752228246028662, 'bagging_fraction': 0.9121351294897868, 'bagging_freq': 13, 'min_child_samples': 53}. Best is trial 66 with value: 0.822118700807119.
[I 2025-04-08 00:36:24,259] Trial 161 finished with value: 0.8195609785242706 and parameters: {'lambda_l1': 3.764965013477888e-08, 'lambda_l2': 2.945980801035175, 'num_leaves': 71, 'feature_fraction': 0.6612364525445652, 'bagging_fraction': 0.9864005706126228, 'bagging_freq': 15, 'min_child_samples': 100}. Best is trial 66 with value: 0.822118700807119.
[I 2025-04-08 00:36:27,537] Trial 162 finished with value: 0.8183872027779096 and parameters: {'lambda_l1': 0.00046321855027956583, 'lambda_l2': 5.004005547215112, 'num_leaves': 128, 'feature_fraction': 0.6398465170905995, 'bagging_fraction': 0.9502070187044127, 'bagging_freq': 12, 'min_child_samples': 102}. Best is trial 66 with value: 0.822118700807119.
[I 2025-04-08 00:36:30,130] Trial 163 finished with value: 0.8216992905857193 and parameters: {'lambda_l1': 7.765685060274582e-08, 'lambda_l2': 12.760089827189576, 'num_leaves': 62, 'feature_fraction': 0.5957729672398573, 'bagging_fraction': 0.9727659153053498, 'bagging_freq': 13, 'min_child_samples': 106}. Best is trial 66 with value: 0.822118700807119.
[I 2025-04-08 00:36:32,201] Trial 164 finished with value: 0.8206094074273234 and parameters: {'lambda_l1': 1.2593171444020306e-07, 'lambda_l2': 9.404074023048537, 'num_leaves': 62, 'feature_fraction': 0.6007113740153848, 'bagging_fraction': 0.9340237800360139, 'bagging_freq': 13, 'min_child_samples': 106}. Best is trial 66 with value: 0.822118700807119.
[I 2025-04-08 00:36:34,188] Trial 165 finished with value: 0.8212382855265077 and parameters: {'lambda_l1': 9.16660617936032e-09, 'lambda_l2': 1.303424883688411e-09, 'num_leaves': 55, 'feature_fraction': 0.5011130095921961, 'bagging_fraction': 0.9636604344306897, 'bagging_freq': 13, 'min_child_samples': 87}. Best is trial 66 with value: 0.822118700807119.
[I 2025-04-08 00:36:35,905] Trial 166 finished with value: 0.8184712886667687 and parameters: {'lambda_l1': 1.9117212715277263e-08, 'lambda_l2': 5.2313140571136125e-09, 'num_leaves': 49, 'feature_fraction': 0.47623872045787957, 'bagging_fraction': 0.9603982036998031, 'bagging_freq': 13, 'min_child_samples': 89}. Best is trial 66 with value: 0.822118700807119.
[I 2025-04-08 00:36:37,492] Trial 167 finished with value: 0.8192259353566665 and parameters: {'lambda_l1': 5.6021313934139665e-08, 'lambda_l2': 18.154458149632703, 'num_leaves': 41, 'feature_fraction': 0.4995714074563543, 'bagging_fraction': 0.9245305650879053, 'bagging_freq': 12, 'min_child_samples': 87}. Best is trial 66 with value: 0.822118700807119.
[I 2025-04-08 00:36:41,053] Trial 168 finished with value: 0.8173815285180324 and parameters: {'lambda_l1': 1.0263443352180578e-08, 'lambda_l2': 5.908060519856894e-08, 'num_leaves': 104, 'feature_fraction': 0.5799091174590846, 'bagging_fraction': 0.9422685352823739, 'bagging_freq': 13, 'min_child_samples': 81}. Best is trial 66 with value: 0.822118700807119.
[I 2025-04-08 00:36:43,052] Trial 169 finished with value: 0.8200222823212273 and parameters: {'lambda_l1': 0.26642216085316955, 'lambda_l2': 3.207131881122416e-06, 'num_leaves': 54, 'feature_fraction': 0.6854043382813598, 'bagging_fraction': 0.970872079481027, 'bagging_freq': 12, 'min_child_samples': 94}. Best is trial 66 with value: 0.822118700807119.
[I 2025-04-08 00:36:45,277] Trial 170 finished with value: 0.8198966367401738 and parameters: {'lambda_l1': 2.981839306145016e-08, 'lambda_l2': 61.866916153275774, 'num_leaves': 59, 'feature_fraction': 0.6251896835840386, 'bagging_fraction': 0.9523765591944795, 'bagging_freq': 13, 'min_child_samples': 91}. Best is trial 66 with value: 0.822118700807119.
[I 2025-04-08 00:36:47,474] Trial 171 finished with value: 0.8211542523560744 and parameters: {'lambda_l1': 7.2815421431868e-09, 'lambda_l2': 1.2028255954434461e-09, 'num_leaves': 55, 'feature_fraction': 0.5148545863016427, 'bagging_fraction': 0.9790169272604595, 'bagging_freq': 14, 'min_child_samples': 86}. Best is trial 66 with value: 0.822118700807119.
[I 2025-04-08 00:36:49,165] Trial 172 finished with value: 0.8198125508513148 and parameters: {'lambda_l1': 2.9986883113760206e-09, 'lambda_l2': 7.600749676841003e-07, 'num_leaves': 45, 'feature_fraction': 0.5105852501181994, 'bagging_fraction': 0.9780809096864111, 'bagging_freq': 14, 'min_child_samples': 84}. Best is trial 66 with value: 0.822118700807119.
[I 2025-04-08 00:36:51,510] Trial 173 finished with value: 0.8190581853263534 and parameters: {'lambda_l1': 7.591967592847386e-09, 'lambda_l2': 1.0174343227002576e-09, 'num_leaves': 56, 'feature_fraction': 0.49488874606540917, 'bagging_fraction': 0.9620068593476682, 'bagging_freq': 14, 'min_child_samples': 86}. Best is trial 66 with value: 0.822118700807119.
[I 2025-04-08 00:36:53,667] Trial 174 finished with value: 0.820818945596342 and parameters: {'lambda_l1': 1.3666731184179247e-08, 'lambda_l2': 1.0565969795833607e-09, 'num_leaves': 51, 'feature_fraction': 0.5350276935987385, 'bagging_fraction': 0.9824903629699839, 'bagging_freq': 13, 'min_child_samples': 92}. Best is trial 66 with value: 0.822118700807119.
[I 2025-04-08 00:36:55,992] Trial 175 finished with value: 0.8196869404158781 and parameters: {'lambda_l1': 1.706696358509303e-07, 'lambda_l2': 1.4615313081556427e-09, 'num_leaves': 63, 'feature_fraction': 0.6450174865833962, 'bagging_fraction': 0.9653364540930595, 'bagging_freq': 14, 'min_child_samples': 79}. Best is trial 66 with value: 0.822118700807119.
[I 2025-04-08 00:36:57,943] Trial 176 finished with value: 0.819058009598268 and parameters: {'lambda_l1': 5.621827908836799e-09, 'lambda_l2': 1.874584955231292e-09, 'num_leaves': 53, 'feature_fraction': 0.5191288598180721, 'bagging_fraction': 0.9514983527595532, 'bagging_freq': 13, 'min_child_samples': 98}. Best is trial 66 with value: 0.822118700807119.
[I 2025-04-08 00:37:00,181] Trial 177 finished with value: 0.8196031005463386 and parameters: {'lambda_l1': 2.662918456778415e-08, 'lambda_l2': 1.6987110597356575e-05, 'num_leaves': 58, 'feature_fraction': 0.615536041073531, 'bagging_fraction': 0.9362310470487779, 'bagging_freq': 12, 'min_child_samples': 86}. Best is trial 66 with value: 0.822118700807119.
[I 2025-04-08 00:37:03,091] Trial 178 finished with value: 0.8199388290534758 and parameters: {'lambda_l1': 1.5731741560464232e-09, 'lambda_l2': 2.091533616184321e-09, 'num_leaves': 65, 'feature_fraction': 0.55464518617519, 'bagging_fraction': 0.9872474772810551, 'bagging_freq': 7, 'min_child_samples': 88}. Best is trial 66 with value: 0.822118700807119.
[I 2025-04-08 00:37:04,944] Trial 179 finished with value: 0.8192677059225636 and parameters: {'lambda_l1': 6.205540152223682e-08, 'lambda_l2': 3.993371872463483e-09, 'num_leaves': 50, 'feature_fraction': 0.6637331406001832, 'bagging_fraction': 0.9772594485235266, 'bagging_freq': 11, 'min_child_samples': 31}. Best is trial 66 with value: 0.822118700807119.
[I 2025-04-08 00:37:06,757] Trial 180 finished with value: 0.819393597522937 and parameters: {'lambda_l1': 3.1568213160889097e-09, 'lambda_l2': 2.340568498668842e-08, 'num_leaves': 55, 'feature_fraction': 0.7007204221444496, 'bagging_fraction': 0.7369244224410707, 'bagging_freq': 13, 'min_child_samples': 82}. Best is trial 66 with value: 0.822118700807119.
[I 2025-04-08 00:37:08,839] Trial 181 finished with value: 0.8191420076230843 and parameters: {'lambda_l1': 8.072758203205849e-09, 'lambda_l2': 10.177271153773159, 'num_leaves': 57, 'feature_fraction': 0.5250241575912952, 'bagging_fraction': 0.9892184379650034, 'bagging_freq': 14, 'min_child_samples': 58}. Best is trial 66 with value: 0.822118700807119.
[I 2025-04-08 00:37:11,085] Trial 182 finished with value: 0.8194772265187739 and parameters: {'lambda_l1': 4.760817936668228e-09, 'lambda_l2': 2.9774864572901945e-09, 'num_leaves': 60, 'feature_fraction': 0.5292224338081973, 'bagging_fraction': 0.9739470302955757, 'bagging_freq': 15, 'min_child_samples': 50}. Best is trial 66 with value: 0.822118700807119.
[I 2025-04-08 00:37:13,370] Trial 183 finished with value: 0.819854848601468 and parameters: {'lambda_l1': 1.3835279210972633e-08, 'lambda_l2': 32.83866336882548, 'num_leaves': 46, 'feature_fraction': 0.4947385835504836, 'bagging_fraction': 0.9628435568965051, 'bagging_freq': 14, 'min_child_samples': 42}. Best is trial 66 with value: 0.822118700807119.
[I 2025-04-08 00:37:16,166] Trial 184 finished with value: 0.8201899796331149 and parameters: {'lambda_l1': 1.82915071948467e-08, 'lambda_l2': 16.82207939363498, 'num_leaves': 90, 'feature_fraction': 0.5074039150039668, 'bagging_fraction': 0.9998228945909686, 'bagging_freq': 15, 'min_child_samples': 85}. Best is trial 66 with value: 0.822118700807119.
[I 2025-04-08 00:37:18,170] Trial 185 finished with value: 0.8195613299804414 and parameters: {'lambda_l1': 2.471354533452976e-09, 'lambda_l2': 6.451950139769416, 'num_leaves': 53, 'feature_fraction': 0.5457428409227423, 'bagging_fraction': 0.9676773977185991, 'bagging_freq': 9, 'min_child_samples': 69}. Best is trial 66 with value: 0.822118700807119.
[I 2025-04-08 00:37:20,322] Trial 186 finished with value: 0.8194356492537705 and parameters: {'lambda_l1': 3.759131821713211e-08, 'lambda_l2': 9.362890187121107e-05, 'num_leaves': 61, 'feature_fraction': 0.9323175151412344, 'bagging_fraction': 0.9882621621396375, 'bagging_freq': 14, 'min_child_samples': 109}. Best is trial 66 with value: 0.822118700807119.
[I 2025-04-08 00:37:22,550] Trial 187 finished with value: 0.819812656288166 and parameters: {'lambda_l1': 7.0380651245034025e-09, 'lambda_l2': 2.176718520614733, 'num_leaves': 48, 'feature_fraction': 0.6043409211684838, 'bagging_fraction': 0.9477799829521399, 'bagging_freq': 13, 'min_child_samples': 45}. Best is trial 66 with value: 0.822118700807119.
[I 2025-04-08 00:37:24,756] Trial 188 finished with value: 0.8196449941218955 and parameters: {'lambda_l1': 1.0144141954891535e-07, 'lambda_l2': 10.914372604650655, 'num_leaves': 56, 'feature_fraction': 0.4644584650626726, 'bagging_fraction': 0.9729035652431145, 'bagging_freq': 15, 'min_child_samples': 117}. Best is trial 66 with value: 0.822118700807119.
[I 2025-04-08 00:37:26,321] Trial 189 finished with value: 0.8203996935302189 and parameters: {'lambda_l1': 1.1308246797803072e-09, 'lambda_l2': 1.2599734468649256e-08, 'num_leaves': 43, 'feature_fraction': 0.48130328812588846, 'bagging_fraction': 0.89596327713242, 'bagging_freq': 12, 'min_child_samples': 92}. Best is trial 66 with value: 0.822118700807119.
[I 2025-04-08 00:37:28,250] Trial 190 finished with value: 0.8205672502596382 and parameters: {'lambda_l1': 0.0017404587868020622, 'lambda_l2': 23.184749062943098, 'num_leaves': 52, 'feature_fraction': 0.5654977665871556, 'bagging_fraction': 0.9559966307073827, 'bagging_freq': 13, 'min_child_samples': 73}. Best is trial 66 with value: 0.822118700807119.
[I 2025-04-08 00:37:30,593] Trial 191 finished with value: 0.8200643867704869 and parameters: {'lambda_l1': 6.74808961974783e-08, 'lambda_l2': 4.648554977602115, 'num_leaves': 69, 'feature_fraction': 0.6017551730000117, 'bagging_fraction': 0.9988811692414571, 'bagging_freq': 16, 'min_child_samples': 104}. Best is trial 66 with value: 0.822118700807119.
[I 2025-04-08 00:37:33,242] Trial 192 finished with value: 0.8192678289322235 and parameters: {'lambda_l1': 2.363472549918988e-07, 'lambda_l2': 1.0570627584605599, 'num_leaves': 67, 'feature_fraction': 0.5933092636103071, 'bagging_fraction': 0.9870813634920316, 'bagging_freq': 16, 'min_child_samples': 89}. Best is trial 66 with value: 0.822118700807119.
[I 2025-04-08 00:37:35,578] Trial 193 finished with value: 0.8190998680282078 and parameters: {'lambda_l1': 9.425697612244943e-08, 'lambda_l2': 7.803429988732002, 'num_leaves': 73, 'feature_fraction': 0.5844393662958003, 'bagging_fraction': 0.9772083169635767, 'bagging_freq': 16, 'min_child_samples': 96}. Best is trial 66 with value: 0.822118700807119.
[I 2025-04-08 00:37:38,084] Trial 194 finished with value: 0.819812656288166 and parameters: {'lambda_l1': 2.6297326910950707e-08, 'lambda_l2': 15.118378646236708, 'num_leaves': 65, 'feature_fraction': 0.6491836384748491, 'bagging_fraction': 0.9911961749775258, 'bagging_freq': 15, 'min_child_samples': 103}. Best is trial 66 with value: 0.822118700807119.
[I 2025-04-08 00:37:40,439] Trial 195 finished with value: 0.8205257608586777 and parameters: {'lambda_l1': 3.871437873228312e-09, 'lambda_l2': 3.253779851492055, 'num_leaves': 59, 'feature_fraction': 0.5098051143703393, 'bagging_fraction': 0.9645966464463419, 'bagging_freq': 14, 'min_child_samples': 101}. Best is trial 66 with value: 0.822118700807119.
[I 2025-04-08 00:37:42,669] Trial 196 finished with value: 0.8213640365444126 and parameters: {'lambda_l1': 5.025043674799901e-08, 'lambda_l2': 6.4888225130325905, 'num_leaves': 62, 'feature_fraction': 0.6161496837885561, 'bagging_fraction': 0.9990676900132556, 'bagging_freq': 15, 'min_child_samples': 52}. Best is trial 66 with value: 0.822118700807119.
[I 2025-04-08 00:37:45,159] Trial 197 finished with value: 0.8198966191673651 and parameters: {'lambda_l1': 1.1136720888566006e-08, 'lambda_l2': 41.416623066066464, 'num_leaves': 62, 'feature_fraction': 0.6319121579165919, 'bagging_fraction': 0.977356220516625, 'bagging_freq': 15, 'min_child_samples': 55}. Best is trial 66 with value: 0.822118700807119.
[I 2025-04-08 00:37:51,730] Trial 198 finished with value: 0.8201481387759836 and parameters: {'lambda_l1': 1.867669320342362e-09, 'lambda_l2': 6.64525513627903, 'num_leaves': 55, 'feature_fraction': 0.6188632106277242, 'bagging_fraction': 0.9423828436289066, 'bagging_freq': 14, 'min_child_samples': 49}. Best is trial 66 with value: 0.822118700807119.
[I 2025-04-08 00:37:54,379] Trial 199 finished with value: 0.8203159239519138 and parameters: {'lambda_l1': 4.890315888824556e-08, 'lambda_l2': 23.97618775886379, 'num_leaves': 58, 'feature_fraction': 0.5205196610032554, 'bagging_fraction': 0.9249995129590831, 'bagging_freq': 15, 'min_child_samples': 57}. Best is trial 66 with value: 0.822118700807119.
[I 2025-04-08 00:37:56,099] Trial 200 finished with value: 0.8194354910984938 and parameters: {'lambda_l1': 1.6895284808749296e-08, 'lambda_l2': 0.00026865981537838734, 'num_leaves': 50, 'feature_fraction': 0.6716943646478829, 'bagging_fraction': 0.9551542761454395, 'bagging_freq': 12, 'min_child_samples': 51}. Best is trial 66 with value: 0.822118700807119.
[I 2025-04-08 00:37:58,363] Trial 201 finished with value: 0.8209867131994637 and parameters: {'lambda_l1': 1.3887132575355726e-07, 'lambda_l2': 4.316607450845224, 'num_leaves': 70, 'feature_fraction': 0.6094705120219736, 'bagging_fraction': 0.991997199200532, 'bagging_freq': 15, 'min_child_samples': 106}. Best is trial 66 with value: 0.822118700807119.
[I 2025-04-08 00:38:01,085] Trial 202 finished with value: 0.819938477597305 and parameters: {'lambda_l1': 1.946468531209275e-07, 'lambda_l2': 2.684588850647452, 'num_leaves': 74, 'feature_fraction': 0.6122009720054975, 'bagging_fraction': 0.9791993180900056, 'bagging_freq': 4, 'min_child_samples': 106}. Best is trial 66 with value: 0.822118700807119.
[I 2025-04-08 00:38:04,262] Trial 203 finished with value: 0.8211962162228653 and parameters: {'lambda_l1': 1.3365774361889093e-07, 'lambda_l2': 11.847229931185439, 'num_leaves': 65, 'feature_fraction': 0.6361574250784517, 'bagging_fraction': 0.9897520946736457, 'bagging_freq': 15, 'min_child_samples': 53}. Best is trial 66 with value: 0.822118700807119.
[I 2025-04-08 00:38:06,705] Trial 204 finished with value: 0.8205253391112727 and parameters: {'lambda_l1': 3.878650911293299e-07, 'lambda_l2': 10.5007468939445, 'num_leaves': 69, 'feature_fraction': 0.6337488682814988, 'bagging_fraction': 0.9886719638259188, 'bagging_freq': 15, 'min_child_samples': 61}. Best is trial 66 with value: 0.822118700807119.
[I 2025-04-08 00:38:08,948] Trial 205 finished with value: 0.8201899796331149 and parameters: {'lambda_l1': 1.1927577434082278e-07, 'lambda_l2': 12.400191374520984, 'num_leaves': 65, 'feature_fraction': 0.644276826421179, 'bagging_fraction': 0.9672372429641724, 'bagging_freq': 15, 'min_child_samples': 52}. Best is trial 66 with value: 0.822118700807119.
[I 2025-04-08 00:38:11,258] Trial 206 finished with value: 0.8211124290717514 and parameters: {'lambda_l1': 4.093008334813281e-08, 'lambda_l2': 6.020447567916995, 'num_leaves': 70, 'feature_fraction': 0.6572756123262521, 'bagging_fraction': 0.97935809340472, 'bagging_freq': 13, 'min_child_samples': 67}. Best is trial 66 with value: 0.822118700807119.
[I 2025-04-08 00:38:13,778] Trial 207 finished with value: 0.8196448886850444 and parameters: {'lambda_l1': 4.6869731584229956e-08, 'lambda_l2': 6.304051413560441, 'num_leaves': 80, 'feature_fraction': 0.6819142918006815, 'bagging_fraction': 0.9826728341015877, 'bagging_freq': 13, 'min_child_samples': 113}. Best is trial 66 with value: 0.822118700807119.
[I 2025-04-08 00:38:17,084] Trial 208 finished with value: 0.8202740830947824 and parameters: {'lambda_l1': 1.530210553425111e-07, 'lambda_l2': 16.062137429435865, 'num_leaves': 77, 'feature_fraction': 0.6584034424507276, 'bagging_fraction': 0.9995867070420303, 'bagging_freq': 13, 'min_child_samples': 54}. Best is trial 66 with value: 0.822118700807119.
