[I 2025-04-08 01:06:51,477] Trial 217 finished with value: 0.8182619437986437 and parameters: {'lambda_l1': 0.0014276596961952787, 'lambda_l2': 0.07855972959305026, 'num_leaves': 30, 'feature_fraction': 0.4723634695683661, 'bagging_fraction': 0.968774026882864, 'bagging_freq': 1, 'min_child_samples': 60}. Best is trial 187 with value: 0.8214059476927782.
[I 2025-04-08 01:06:52,779] Trial 218 finished with value: 0.8201482442128348 and parameters: {'lambda_l1': 0.00038186040145270553, 'lambda_l2': 0.0020904612152939936, 'num_leaves': 25, 'feature_fraction': 0.49032564392832656, 'bagging_fraction': 0.8585030563522517, 'bagging_freq': 1, 'min_child_samples': 106}. Best is trial 187 with value: 0.8214059476927782.
[I 2025-04-08 01:06:54,595] Trial 219 finished with value: 0.8189325924637252 and parameters: {'lambda_l1': 0.0004680685537158486, 'lambda_l2': 0.0018606815975101983, 'num_leaves': 25, 'feature_fraction': 0.49245448741019116, 'bagging_fraction': 0.93993832059001, 'bagging_freq': 1, 'min_child_samples': 102}. Best is trial 187 with value: 0.8214059476927782.
[I 2025-04-08 01:06:55,843] Trial 220 finished with value: 0.8202321192279914 and parameters: {'lambda_l1': 3.6071017432498995e-06, 'lambda_l2': 0.0002770390145278756, 'num_leaves': 23, 'feature_fraction': 0.478717760269804, 'bagging_fraction': 0.8636502290654121, 'bagging_freq': 1, 'min_child_samples': 105}. Best is trial 187 with value: 0.8214059476927782.
[I 2025-04-08 01:06:56,977] Trial 221 finished with value: 0.8184713062395771 and parameters: {'lambda_l1': 1.6950715879363172e-06, 'lambda_l2': 0.0006540682967046464, 'num_leaves': 19, 'feature_fraction': 0.4839750257117945, 'bagging_fraction': 0.8613019283427731, 'bagging_freq': 1, 'min_child_samples': 105}. Best is trial 187 with value: 0.8214059476927782.
[I 2025-04-08 01:06:58,128] Trial 222 finished with value: 0.8188486471573346 and parameters: {'lambda_l1': 3.6359104899277595e-06, 'lambda_l2': 0.0046206661695561806, 'num_leaves': 21, 'feature_fraction': 0.4764563891713588, 'bagging_fraction': 0.8726339740310122, 'bagging_freq': 1, 'min_child_samples': 99}. Best is trial 187 with value: 0.8214059476927782.
[I 2025-04-08 01:06:59,483] Trial 223 finished with value: 0.8198967948954505 and parameters: {'lambda_l1': 0.005073588358986513, 'lambda_l2': 0.0025640704602246343, 'num_leaves': 26, 'feature_fraction': 0.45841429317932364, 'bagging_fraction': 0.8879042945672247, 'bagging_freq': 1, 'min_child_samples': 106}. Best is trial 187 with value: 0.8214059476927782.
[I 2025-04-08 01:07:00,867] Trial 224 finished with value: 0.8196874148817086 and parameters: {'lambda_l1': 0.004446464894416794, 'lambda_l2': 0.0002707151705046024, 'num_leaves': 23, 'feature_fraction': 0.457996038641359, 'bagging_fraction': 0.8897890534331092, 'bagging_freq': 1, 'min_child_samples': 106}. Best is trial 187 with value: 0.8214059476927782.
[I 2025-04-08 01:07:02,495] Trial 225 finished with value: 0.8194355262441109 and parameters: {'lambda_l1': 0.0041250440929828346, 'lambda_l2': 0.0002494994698928348, 'num_leaves': 22, 'feature_fraction': 0.4532088981733161, 'bagging_fraction': 0.8877729481464657, 'bagging_freq': 1, 'min_child_samples': 106}. Best is trial 187 with value: 0.8214059476927782.
[I 2025-04-08 01:07:04,820] Trial 226 finished with value: 0.819309740080589 and parameters: {'lambda_l1': 0.012494007701857173, 'lambda_l2': 0.001977107172857826, 'num_leaves': 24, 'feature_fraction': 0.4586486746823482, 'bagging_fraction': 0.8931536173445488, 'bagging_freq': 1, 'min_child_samples': 103}. Best is trial 187 with value: 0.8214059476927782.
[I 2025-04-08 01:07:06,160] Trial 227 finished with value: 0.8192259880750921 and parameters: {'lambda_l1': 0.003303238199096938, 'lambda_l2': 0.0003524686342691986, 'num_leaves': 26, 'feature_fraction': 0.4642854222933019, 'bagging_fraction': 0.9110439579714861, 'bagging_freq': 1, 'min_child_samples': 107}. Best is trial 187 with value: 0.8214059476927782.
[I 2025-04-08 01:07:07,312] Trial 228 finished with value: 0.8204419034163297 and parameters: {'lambda_l1': 0.008108371083978536, 'lambda_l2': 0.0023866650407916947, 'num_leaves': 20, 'feature_fraction': 0.44246022156996245, 'bagging_fraction': 0.8763260247419945, 'bagging_freq': 1, 'min_child_samples': 109}. Best is trial 187 with value: 0.8214059476927782.
[I 2025-04-08 01:07:08,403] Trial 229 finished with value: 0.8175071389534688 and parameters: {'lambda_l1': 0.002015851623368104, 'lambda_l2': 0.0007134066153273569, 'num_leaves': 18, 'feature_fraction': 0.44301004662539034, 'bagging_fraction': 0.5366170790032165, 'bagging_freq': 1, 'min_child_samples': 109}. Best is trial 187 with value: 0.8214059476927782.
[I 2025-04-08 01:07:09,527] Trial 230 finished with value: 0.8087453893343597 and parameters: {'lambda_l1': 0.008063650542622447, 'lambda_l2': 0.00237102955940083, 'num_leaves': 16, 'feature_fraction': 0.42266484499432505, 'bagging_fraction': 0.8806522482228301, 'bagging_freq': 1, 'min_child_samples': 105}. Best is trial 187 with value: 0.8214059476927782.
[I 2025-04-08 01:07:10,685] Trial 231 finished with value: 0.8195194188320759 and parameters: {'lambda_l1': 0.03205887436833482, 'lambda_l2': 0.0028530300151152583, 'num_leaves': 20, 'feature_fraction': 0.4663246850663388, 'bagging_fraction': 0.8764420663246606, 'bagging_freq': 1, 'min_child_samples': 108}. Best is trial 187 with value: 0.8214059476927782.
[I 2025-04-08 01:07:12,031] Trial 232 finished with value: 0.8196032587016153 and parameters: {'lambda_l1': 0.006233729675989426, 'lambda_l2': 0.0015654080283705393, 'num_leaves': 23, 'feature_fraction': 0.4517403127259029, 'bagging_fraction': 0.8950436723984584, 'bagging_freq': 1, 'min_child_samples': 102}. Best is trial 187 with value: 0.8214059476927782.
[I 2025-04-08 01:07:13,350] Trial 233 finished with value: 0.8183456079400978 and parameters: {'lambda_l1': 0.008506978327764595, 'lambda_l2': 0.0037029929768705025, 'num_leaves': 23, 'feature_fraction': 0.43978680775591256, 'bagging_fraction': 0.8963752278337208, 'bagging_freq': 1, 'min_child_samples': 102}. Best is trial 187 with value: 0.8214059476927782.
[I 2025-04-08 01:07:15,287] Trial 234 finished with value: 0.8203999746951558 and parameters: {'lambda_l1': 0.004779173571614501, 'lambda_l2': 0.0014006506280683964, 'num_leaves': 21, 'feature_fraction': 0.4489739330241009, 'bagging_fraction': 0.893540458662201, 'bagging_freq': 1, 'min_child_samples': 105}. Best is trial 187 with value: 0.8214059476927782.
[I 2025-04-08 01:07:16,919] Trial 235 finished with value: 0.811679978069135 and parameters: {'lambda_l1': 0.01875481842669797, 'lambda_l2': 0.0009621025727096587, 'num_leaves': 21, 'feature_fraction': 0.43512362363851365, 'bagging_fraction': 0.8739203601565365, 'bagging_freq': 1, 'min_child_samples': 106}. Best is trial 187 with value: 0.8214059476927782.
[I 2025-04-08 01:07:18,245] Trial 236 finished with value: 0.8198966543129822 and parameters: {'lambda_l1': 0.0035963668699905047, 'lambda_l2': 0.00016693581832934211, 'num_leaves': 26, 'feature_fraction': 0.45709647270656306, 'bagging_fraction': 0.8528623211802462, 'bagging_freq': 1, 'min_child_samples': 111}. Best is trial 187 with value: 0.8214059476927782.
[I 2025-04-08 01:07:19,642] Trial 237 finished with value: 0.819267846505032 and parameters: {'lambda_l1': 0.014316737459743708, 'lambda_l2': 0.00014711964629466714, 'num_leaves': 26, 'feature_fraction': 0.4557205716920681, 'bagging_fraction': 0.8564138021362159, 'bagging_freq': 1, 'min_child_samples': 104}. Best is trial 187 with value: 0.8214059476927782.
[I 2025-04-08 01:07:20,795] Trial 238 finished with value: 0.8175491379658771 and parameters: {'lambda_l1': 0.004761810567439168, 'lambda_l2': 0.0004976469788546163, 'num_leaves': 20, 'feature_fraction': 0.46809885526051687, 'bagging_fraction': 0.904848012757234, 'bagging_freq': 1, 'min_child_samples': 109}. Best is trial 187 with value: 0.8214059476927782.
[I 2025-04-08 01:07:22,086] Trial 239 finished with value: 0.8190583083360131 and parameters: {'lambda_l1': 0.004541244228594973, 'lambda_l2': 0.00036529598294216935, 'num_leaves': 25, 'feature_fraction': 0.4459977346833283, 'bagging_fraction': 0.8880756393030762, 'bagging_freq': 2, 'min_child_samples': 99}. Best is trial 187 with value: 0.8214059476927782.
[I 2025-04-08 01:07:23,645] Trial 240 finished with value: 0.8190582556175876 and parameters: {'lambda_l1': 0.003622517321306837, 'lambda_l2': 0.0013032367912653143, 'num_leaves': 28, 'feature_fraction': 0.4913439301941326, 'bagging_fraction': 0.8654338474417659, 'bagging_freq': 1, 'min_child_samples': 112}. Best is trial 187 with value: 0.8214059476927782.
[I 2025-04-08 01:07:25,294] Trial 241 finished with value: 0.81977099115912 and parameters: {'lambda_l1': 0.0025563048396262025, 'lambda_l2': 0.0002573315274271861, 'num_leaves': 24, 'feature_fraction': 0.4732183500588017, 'bagging_fraction': 0.852152089607624, 'bagging_freq': 1, 'min_child_samples': 110}. Best is trial 187 with value: 0.8214059476927782.
[I 2025-04-08 01:07:26,413] Trial 242 finished with value: 0.8199388114806674 and parameters: {'lambda_l1': 0.009709273642561904, 'lambda_l2': 0.0001664137008005812, 'num_leaves': 23, 'feature_fraction': 0.4749829345732184, 'bagging_fraction': 0.8516131304151378, 'bagging_freq': 1, 'min_child_samples': 108}. Best is trial 187 with value: 0.8214059476927782.
[I 2025-04-08 01:07:27,650] Trial 243 finished with value: 0.819183989062684 and parameters: {'lambda_l1': 0.010526041515649889, 'lambda_l2': 0.0001703844395122113, 'num_leaves': 22, 'feature_fraction': 0.4741165159442498, 'bagging_fraction': 0.8746483443427362, 'bagging_freq': 1, 'min_child_samples': 108}. Best is trial 187 with value: 0.8214059476927782.
[I 2025-04-08 01:07:28,772] Trial 244 finished with value: 0.8185972681311846 and parameters: {'lambda_l1': 0.002083016355636989, 'lambda_l2': 8.547212467737519e-05, 'num_leaves': 18, 'feature_fraction': 0.4616268858795694, 'bagging_fraction': 0.8512852424411945, 'bagging_freq': 1, 'min_child_samples': 106}. Best is trial 187 with value: 0.8214059476927782.
[I 2025-04-08 01:07:29,826] Trial 245 finished with value: 0.8167524219723369 and parameters: {'lambda_l1': 0.0029571802205135885, 'lambda_l2': 0.0002474285282954136, 'num_leaves': 15, 'feature_fraction': 0.48051754810773645, 'bagging_fraction': 0.9209946701917499, 'bagging_freq': 1, 'min_child_samples': 111}. Best is trial 187 with value: 0.8214059476927782.
[I 2025-04-08 01:07:31,107] Trial 246 finished with value: 0.8188488756038457 and parameters: {'lambda_l1': 0.005933004509892685, 'lambda_l2': 0.0005605820657150172, 'num_leaves': 23, 'feature_fraction': 0.49666660670790136, 'bagging_fraction': 0.8670877511057553, 'bagging_freq': 2, 'min_child_samples': 115}. Best is trial 187 with value: 0.8214059476927782.
[I 2025-04-08 01:07:32,488] Trial 247 finished with value: 0.8201064033557035 and parameters: {'lambda_l1': 0.011821460165323405, 'lambda_l2': 0.0016222497525680791, 'num_leaves': 25, 'feature_fraction': 0.45585826117225847, 'bagging_fraction': 0.8829990673317327, 'bagging_freq': 1, 'min_child_samples': 109}. Best is trial 187 with value: 0.8214059476927782.
[I 2025-04-08 01:07:33,823] Trial 248 finished with value: 0.8191420779143185 and parameters: {'lambda_l1': 0.011083934934416615, 'lambda_l2': 0.00011800678158317692, 'num_leaves': 24, 'feature_fraction': 0.4698110802239493, 'bagging_fraction': 0.8833898625822725, 'bagging_freq': 1, 'min_child_samples': 110}. Best is trial 187 with value: 0.8214059476927782.
[I 2025-04-08 01:07:34,984] Trial 249 finished with value: 0.8189324870268742 and parameters: {'lambda_l1': 0.024838325363574467, 'lambda_l2': 0.00027089850447297587, 'num_leaves': 20, 'feature_fraction': 0.4861402941825364, 'bagging_fraction': 0.8530664457494717, 'bagging_freq': 1, 'min_child_samples': 112}. Best is trial 187 with value: 0.8214059476927782.
[I 2025-04-08 01:07:37,495] Trial 250 finished with value: 0.8136084707966281 and parameters: {'lambda_l1': 0.05034149753832126, 'lambda_l2': 0.0007467820542785081, 'num_leaves': 26, 'feature_fraction': 0.427425255444902, 'bagging_fraction': 0.8816013564821641, 'bagging_freq': 1, 'min_child_samples': 108}. Best is trial 187 with value: 0.8214059476927782.
[I 2025-04-08 01:07:38,982] Trial 251 finished with value: 0.8196873797360915 and parameters: {'lambda_l1': 0.004491405109674555, 'lambda_l2': 0.0018527108923741121, 'num_leaves': 26, 'feature_fraction': 0.4431704922018282, 'bagging_fraction': 0.8641095710683017, 'bagging_freq': 2, 'min_child_samples': 114}. Best is trial 187 with value: 0.8214059476927782.
[I 2025-04-08 01:07:40,288] Trial 252 finished with value: 0.8194355789625366 and parameters: {'lambda_l1': 0.005172717938161856, 'lambda_l2': 0.0018758999553873828, 'num_leaves': 26, 'feature_fraction': 0.4413794749901218, 'bagging_fraction': 0.8685588397781533, 'bagging_freq': 2, 'min_child_samples': 115}. Best is trial 187 with value: 0.8214059476927782.
[I 2025-04-08 01:07:41,529] Trial 253 finished with value: 0.818261820788984 and parameters: {'lambda_l1': 0.007488637850442276, 'lambda_l2': 0.0015318626918215477, 'num_leaves': 22, 'feature_fraction': 0.4534777013875222, 'bagging_fraction': 0.8596239953855845, 'bagging_freq': 2, 'min_child_samples': 115}. Best is trial 187 with value: 0.8214059476927782.
[I 2025-04-08 01:07:43,027] Trial 254 finished with value: 0.8197709384406944 and parameters: {'lambda_l1': 0.016943512278585867, 'lambda_l2': 0.000197919878953941, 'num_leaves': 27, 'feature_fraction': 0.46394843450728407, 'bagging_fraction': 0.8740845127776908, 'bagging_freq': 12, 'min_child_samples': 113}. Best is trial 187 with value: 0.8214059476927782.
[I 2025-04-08 01:07:44,266] Trial 255 finished with value: 0.8179262152915066 and parameters: {'lambda_l1': 0.0485934434105412, 'lambda_l2': 0.00015788502304907884, 'num_leaves': 24, 'feature_fraction': 0.47201789076313144, 'bagging_fraction': 0.8907502895073316, 'bagging_freq': 12, 'min_child_samples': 110}. Best is trial 187 with value: 0.8214059476927782.
[I 2025-04-08 01:07:45,598] Trial 256 finished with value: 0.8170457648652782 and parameters: {'lambda_l1': 0.011630810735486628, 'lambda_l2': 0.0002367957542125369, 'num_leaves': 27, 'feature_fraction': 0.4605371702099653, 'bagging_fraction': 0.4033162726980864, 'bagging_freq': 1, 'min_child_samples': 118}. Best is trial 187 with value: 0.8214059476927782.
[I 2025-04-08 01:07:47,155] Trial 257 finished with value: 0.8187228258481956 and parameters: {'lambda_l1': 0.01580020774712478, 'lambda_l2': 0.0003617342697752472, 'num_leaves': 21, 'feature_fraction': 0.48259264149140246, 'bagging_fraction': 0.8430143755389357, 'bagging_freq': 13, 'min_child_samples': 112}. Best is trial 187 with value: 0.8214059476927782.
[I 2025-04-08 01:07:48,303] Trial 258 finished with value: 0.8101288965506335 and parameters: {'lambda_l1': 0.0022473883670892226, 'lambda_l2': 0.0008110111170313143, 'num_leaves': 19, 'feature_fraction': 0.4005973944787873, 'bagging_fraction': 0.8810733541624391, 'bagging_freq': 1, 'min_child_samples': 104}. Best is trial 187 with value: 0.8214059476927782.
[I 2025-04-08 01:07:49,655] Trial 259 finished with value: 0.8194776131205618 and parameters: {'lambda_l1': 0.025725216366091132, 'lambda_l2': 0.003164643771743448, 'num_leaves': 30, 'feature_fraction': 0.5026538528235917, 'bagging_fraction': 0.9000657467268729, 'bagging_freq': 1, 'min_child_samples': 107}. Best is trial 187 with value: 0.8214059476927782.
[I 2025-04-08 01:07:51,021] Trial 260 finished with value: 0.8185553921284361 and parameters: {'lambda_l1': 0.00764859544616652, 'lambda_l2': 0.0005016199111605932, 'num_leaves': 28, 'feature_fraction': 0.4672815188724739, 'bagging_fraction': 0.8752276092918764, 'bagging_freq': 14, 'min_child_samples': 109}. Best is trial 187 with value: 0.8214059476927782.
[I 2025-04-08 01:07:52,415] Trial 261 finished with value: 0.8191839714898755 and parameters: {'lambda_l1': 0.001742031104868946, 'lambda_l2': 9.783744347578435e-05, 'num_leaves': 24, 'feature_fraction': 0.45212076837326803, 'bagging_fraction': 0.8500467536860382, 'bagging_freq': 1, 'min_child_samples': 113}. Best is trial 187 with value: 0.8214059476927782.
[I 2025-04-08 01:07:53,727] Trial 262 finished with value: 0.8180102308891314 and parameters: {'lambda_l1': 0.00401730082980845, 'lambda_l2': 5.4863710984667536e-05, 'num_leaves': 17, 'feature_fraction': 0.4718002361165469, 'bagging_fraction': 0.8624547881883637, 'bagging_freq': 1, 'min_child_samples': 106}. Best is trial 187 with value: 0.8214059476927782.
[I 2025-04-08 01:07:55,165] Trial 263 finished with value: 0.8138599201140124 and parameters: {'lambda_l1': 0.018580818499288033, 'lambda_l2': 0.00021203697497396222, 'num_leaves': 29, 'feature_fraction': 0.43132542709505506, 'bagging_fraction': 0.8378696605336308, 'bagging_freq': 1, 'min_child_samples': 110}. Best is trial 187 with value: 0.8214059476927782.
[I 2025-04-08 01:07:56,847] Trial 264 finished with value: 0.8187231070131322 and parameters: {'lambda_l1': 0.002917108514022465, 'lambda_l2': 0.0026521638578407914, 'num_leaves': 23, 'feature_fraction': 0.4907321143888847, 'bagging_fraction': 0.8915398118099372, 'bagging_freq': 16, 'min_child_samples': 104}. Best is trial 187 with value: 0.8214059476927782.
[I 2025-04-08 01:07:58,361] Trial 265 finished with value: 0.8203159415247223 and parameters: {'lambda_l1': 4.038660680966105e-09, 'lambda_l2': 0.006331127259112692, 'num_leaves': 32, 'feature_fraction': 0.46317959785023427, 'bagging_fraction': 0.8732810115729478, 'bagging_freq': 1, 'min_child_samples': 108}. Best is trial 187 with value: 0.8214059476927782.
[I 2025-04-08 01:07:59,765] Trial 266 finished with value: 0.8198968300410676 and parameters: {'lambda_l1': 3.0959368052647512e-09, 'lambda_l2': 0.008177455416800062, 'num_leaves': 32, 'feature_fraction': 0.4835461035793937, 'bagging_fraction': 0.8704811565887255, 'bagging_freq': 1, 'min_child_samples': 111}. Best is trial 187 with value: 0.8214059476927782.
[I 2025-04-08 01:08:00,470] Trial 267 finished with value: 0.80799088322693 and parameters: {'lambda_l1': 2.9696699261287638e-09, 'lambda_l2': 0.006507445226159298, 'num_leaves': 7, 'feature_fraction': 0.4791663992745003, 'bagging_fraction': 0.8733063408835364, 'bagging_freq': 1, 'min_child_samples': 117}. Best is trial 187 with value: 0.8214059476927782.
[I 2025-04-08 01:08:01,848] Trial 268 finished with value: 0.8185133755432193 and parameters: {'lambda_l1': 1.2918858376223541e-08, 'lambda_l2': 0.008351467228218223, 'num_leaves': 32, 'feature_fraction': 0.443743775880256, 'bagging_fraction': 0.8578127373433372, 'bagging_freq': 2, 'min_child_samples': 113}. Best is trial 187 with value: 0.8214059476927782.
[I 2025-04-08 01:08:03,314] Trial 269 finished with value: 0.8196033289928495 and parameters: {'lambda_l1': 6.875055671056026e-09, 'lambda_l2': 0.00564324741657066, 'num_leaves': 33, 'feature_fraction': 0.46876454496821074, 'bagging_fraction': 0.8733216664427396, 'bagging_freq': 1, 'min_child_samples': 111}. Best is trial 187 with value: 0.8214059476927782.
[I 2025-04-08 01:08:04,744] Trial 270 finished with value: 0.8134824210409782 and parameters: {'lambda_l1': 7.246903924846308e-09, 'lambda_l2': 0.010342047931065664, 'num_leaves': 31, 'feature_fraction': 0.4259412688089716, 'bagging_fraction': 0.9092438356129592, 'bagging_freq': 13, 'min_child_samples': 109}. Best is trial 187 with value: 0.8214059476927782.
[I 2025-04-08 01:08:06,328] Trial 271 finished with value: 0.8193097049349719 and parameters: {'lambda_l1': 2.3364426614614053e-09, 'lambda_l2': 0.005002498425439612, 'num_leaves': 28, 'feature_fraction': 0.46015163830417405, 'bagging_fraction': 0.8474982225577492, 'bagging_freq': 1, 'min_child_samples': 113}. Best is trial 187 with value: 0.8214059476927782.
[I 2025-04-08 01:08:08,334] Trial 272 finished with value: 0.8196030829735299 and parameters: {'lambda_l1': 1.320096432681159e-09, 'lambda_l2': 0.0029323983955866955, 'num_leaves': 34, 'feature_fraction': 0.4880948130949707, 'bagging_fraction': 0.8790931091330166, 'bagging_freq': 11, 'min_child_samples': 108}. Best is trial 187 with value: 0.8214059476927782.
[I 2025-04-08 01:08:09,875] Trial 273 finished with value: 0.8183036440733067 and parameters: {'lambda_l1': 4.844884048275155e-09, 'lambda_l2': 0.0011228249363417532, 'num_leaves': 31, 'feature_fraction': 0.4496875049661454, 'bagging_fraction': 0.8637545737078215, 'bagging_freq': 2, 'min_child_samples': 103}. Best is trial 187 with value: 0.8214059476927782.
[I 2025-04-08 01:08:11,507] Trial 274 finished with value: 0.8193936502413625 and parameters: {'lambda_l1': 1.588380552477842e-09, 'lambda_l2': 0.007841067293170823, 'num_leaves': 36, 'feature_fraction': 0.4768772943777994, 'bagging_fraction': 0.8597996401383058, 'bagging_freq': 1, 'min_child_samples': 110}. Best is trial 187 with value: 0.8214059476927782.
[I 2025-04-08 01:08:12,554] Trial 275 finished with value: 0.8167945264215962 and parameters: {'lambda_l1': 0.001124317973002047, 'lambda_l2': 0.004540262669857786, 'num_leaves': 14, 'feature_fraction': 0.4622819194757493, 'bagging_fraction': 0.8737494825267977, 'bagging_freq': 1, 'min_child_samples': 116}. Best is trial 187 with value: 0.8214059476927782.
[I 2025-04-08 01:08:14,036] Trial 276 finished with value: 0.8127697206450627 and parameters: {'lambda_l1': 0.04413604595998603, 'lambda_l2': 0.014319149009548024, 'num_leaves': 28, 'feature_fraction': 0.41599633376255796, 'bagging_fraction': 0.8841348886602571, 'bagging_freq': 1, 'min_child_samples': 108}. Best is trial 187 with value: 0.8214059476927782.
[I 2025-04-08 01:08:15,323] Trial 277 finished with value: 0.81314718457248 and parameters: {'lambda_l1': 2.5215433388148216e-08, 'lambda_l2': 0.001377668585427654, 'num_leaves': 25, 'feature_fraction': 0.43520777719701903, 'bagging_fraction': 0.8485327949593039, 'bagging_freq': 2, 'min_child_samples': 105}. Best is trial 187 with value: 0.8214059476927782.
