[I 2025-04-08 01:54:03,576] Trial 108 finished with value: 0.6852388408272574 and parameters: {'lambda_l1': 4.106994492961243, 'lambda_l2': 0.013770478157930099, 'num_leaves': 46, 'feature_fraction': 0.9011502018396469, 'bagging_fraction': 0.9043327890584889, 'bagging_freq': 6, 'min_child_samples': 11}. Best is trial 75 with value: 0.6890117403933849.
[I 2025-04-08 01:54:06,192] Trial 109 finished with value: 0.6866644700655993 and parameters: {'lambda_l1': 0.15339953905725345, 'lambda_l2': 0.007059623325553123, 'num_leaves': 63, 'feature_fraction': 0.8734812991052721, 'bagging_fraction': 0.9396371782112827, 'bagging_freq': 7, 'min_child_samples': 36}. Best is trial 75 with value: 0.6890117403933849.
[I 2025-04-08 01:54:08,003] Trial 110 finished with value: 0.6868734986231704 and parameters: {'lambda_l1': 1.193450607847142, 'lambda_l2': 0.03765900560982868, 'num_leaves': 48, 'feature_fraction': 0.8445087056570502, 'bagging_fraction': 0.7471448595492478, 'bagging_freq': 6, 'min_child_samples': 5}. Best is trial 75 with value: 0.6890117403933849.
[I 2025-04-08 01:54:09,485] Trial 111 finished with value: 0.6860769935033326 and parameters: {'lambda_l1': 0.0710138855186962, 'lambda_l2': 0.011590822618661218, 'num_leaves': 41, 'feature_fraction': 0.8672351616456715, 'bagging_fraction': 0.9563215544713025, 'bagging_freq': 11, 'min_child_samples': 16}. Best is trial 75 with value: 0.6890117403933849.
[I 2025-04-08 01:54:11,248] Trial 112 finished with value: 0.6885925761913045 and parameters: {'lambda_l1': 0.4130163088734037, 'lambda_l2': 0.023076195422283792, 'num_leaves': 59, 'feature_fraction': 0.8853572058447227, 'bagging_fraction': 0.9256555759968547, 'bagging_freq': 7, 'min_child_samples': 13}. Best is trial 75 with value: 0.6890117403933849.
[I 2025-04-08 01:54:12,877] Trial 113 finished with value: 0.6861608333728721 and parameters: {'lambda_l1': 0.4270906916098468, 'lambda_l2': 0.024497175428020098, 'num_leaves': 52, 'feature_fraction': 0.8831438657665381, 'bagging_fraction': 0.9291170905501327, 'bagging_freq': 7, 'min_child_samples': 10}. Best is trial 75 with value: 0.6890117403933849.
[I 2025-04-08 01:54:14,699] Trial 114 finished with value: 0.6878798582225808 and parameters: {'lambda_l1': 0.13800520071908065, 'lambda_l2': 0.7229437169407171, 'num_leaves': 58, 'feature_fraction': 0.895271140625955, 'bagging_fraction': 0.9166660092431363, 'bagging_freq': 7, 'min_child_samples': 13}. Best is trial 75 with value: 0.6890117403933849.
[I 2025-04-08 01:54:17,320] Trial 115 finished with value: 0.6755958851511525 and parameters: {'lambda_l1': 1.9827832619912376, 'lambda_l2': 0.4246519478618204, 'num_leaves': 58, 'feature_fraction': 0.7959593902196804, 'bagging_fraction': 0.9469411485115088, 'bagging_freq': 6, 'min_child_samples': 14}. Best is trial 75 with value: 0.6890117403933849.
[I 2025-04-08 01:54:19,205] Trial 116 finished with value: 0.6769377623839975 and parameters: {'lambda_l1': 0.4386112890873292, 'lambda_l2': 1.6415954288414898, 'num_leaves': 58, 'feature_fraction': 0.6815983387100557, 'bagging_fraction': 0.9029906433514545, 'bagging_freq': 7, 'min_child_samples': 7}. Best is trial 75 with value: 0.6890117403933849.
[I 2025-04-08 01:54:21,196] Trial 117 finished with value: 0.6869575845120295 and parameters: {'lambda_l1': 0.12971823138886157, 'lambda_l2': 0.08792417740531897, 'num_leaves': 67, 'feature_fraction': 0.850915490634541, 'bagging_fraction': 0.871357286733578, 'bagging_freq': 8, 'min_child_samples': 20}. Best is trial 75 with value: 0.6890117403933849.
[I 2025-04-08 01:54:22,919] Trial 118 finished with value: 0.6877542653599527 and parameters: {'lambda_l1': 0.7267042532354364, 'lambda_l2': 0.003405612002347984, 'num_leaves': 54, 'feature_fraction': 0.9004336742120256, 'bagging_fraction': 0.9657660797510663, 'bagging_freq': 7, 'min_child_samples': 47}. Best is trial 75 with value: 0.6890117403933849.
[I 2025-04-08 01:54:24,941] Trial 119 finished with value: 0.6750509523583588 and parameters: {'lambda_l1': 0.030076397757685853, 'lambda_l2': 9.729432365579747, 'num_leaves': 59, 'feature_fraction': 0.8146685137299121, 'bagging_fraction': 0.4814003253528444, 'bagging_freq': 6, 'min_child_samples': 3}. Best is trial 75 with value: 0.6890117403933849.
[I 2025-04-08 01:54:27,401] Trial 120 finished with value: 0.6847776073215348 and parameters: {'lambda_l1': 0.18870951111066164, 'lambda_l2': 0.0016565484860253908, 'num_leaves': 65, 'feature_fraction': 0.8660816730140688, 'bagging_fraction': 0.936621521139028, 'bagging_freq': 8, 'min_child_samples': 10}. Best is trial 75 with value: 0.6890117403933849.
[I 2025-04-08 01:54:29,140] Trial 121 finished with value: 0.6874603074187127 and parameters: {'lambda_l1': 1.0505681744148339, 'lambda_l2': 0.003332763091699161, 'num_leaves': 54, 'feature_fraction': 0.8952062020563698, 'bagging_fraction': 0.9661564773522722, 'bagging_freq': 7, 'min_child_samples': 45}. Best is trial 75 with value: 0.6890117403933849.
[I 2025-04-08 01:54:31,119] Trial 122 finished with value: 0.687963592655269 and parameters: {'lambda_l1': 0.7642483233107432, 'lambda_l2': 0.03837735899131166, 'num_leaves': 56, 'feature_fraction': 0.9117013024927545, 'bagging_fraction': 0.9736487424805548, 'bagging_freq': 7, 'min_child_samples': 42}. Best is trial 75 with value: 0.6890117403933849.
[I 2025-04-08 01:54:32,932] Trial 123 finished with value: 0.6888022197971746 and parameters: {'lambda_l1': 2.7304600845269764, 'lambda_l2': 0.039460003482401584, 'num_leaves': 56, 'feature_fraction': 0.9124069648471536, 'bagging_fraction': 0.9757996813330757, 'bagging_freq': 6, 'min_child_samples': 40}. Best is trial 75 with value: 0.6890117403933849.
[I 2025-04-08 01:54:34,953] Trial 124 finished with value: 0.6896825472137433 and parameters: {'lambda_l1': 0.398107250818741, 'lambda_l2': 0.04275675053484375, 'num_leaves': 63, 'feature_fraction': 0.8849644551247372, 'bagging_fraction': 0.9469563680744342, 'bagging_freq': 5, 'min_child_samples': 13}. Best is trial 124 with value: 0.6896825472137433.
[I 2025-04-08 01:54:37,727] Trial 125 finished with value: 0.687796598255723 and parameters: {'lambda_l1': 2.5161204631291585, 'lambda_l2': 0.044015687993046254, 'num_leaves': 63, 'feature_fraction': 0.9082095987570369, 'bagging_fraction': 0.9715637597155722, 'bagging_freq': 5, 'min_child_samples': 40}. Best is trial 124 with value: 0.6896825472137433.
[I 2025-04-08 01:54:39,635] Trial 126 finished with value: 0.6888440079358804 and parameters: {'lambda_l1': 0.3217264859474589, 'lambda_l2': 0.9585977203391969, 'num_leaves': 57, 'feature_fraction': 0.8852275367923599, 'bagging_fraction': 0.9497560558424777, 'bagging_freq': 6, 'min_child_samples': 42}. Best is trial 124 with value: 0.6896825472137433.
[I 2025-04-08 01:54:41,494] Trial 127 finished with value: 0.6890119864127044 and parameters: {'lambda_l1': 0.3358092228247003, 'lambda_l2': 0.10704964331434455, 'num_leaves': 56, 'feature_fraction': 0.8819551686982813, 'bagging_fraction': 0.9754747893978379, 'bagging_freq': 4, 'min_child_samples': 42}. Best is trial 124 with value: 0.6896825472137433.
[I 2025-04-08 01:54:43,524] Trial 128 finished with value: 0.6881732011155218 and parameters: {'lambda_l1': 0.33683602892754894, 'lambda_l2': 0.11972717499072139, 'num_leaves': 65, 'feature_fraction': 0.8836305290646267, 'bagging_fraction': 0.9784240684449509, 'bagging_freq': 4, 'min_child_samples': 42}. Best is trial 124 with value: 0.6896825472137433.
[I 2025-04-08 01:54:45,559] Trial 129 finished with value: 0.687376660850067 and parameters: {'lambda_l1': 0.33179831788752545, 'lambda_l2': 0.1099198875982294, 'num_leaves': 67, 'feature_fraction': 0.8810833732620205, 'bagging_fraction': 0.9911186415299102, 'bagging_freq': 5, 'min_child_samples': 38}. Best is trial 124 with value: 0.6896825472137433.
[I 2025-04-08 01:54:48,009] Trial 130 finished with value: 0.6867477124596484 and parameters: {'lambda_l1': 0.29302655314159115, 'lambda_l2': 0.21710140845500286, 'num_leaves': 63, 'feature_fraction': 0.8872936002845204, 'bagging_fraction': 0.9517117796736868, 'bagging_freq': 4, 'min_child_samples': 35}. Best is trial 124 with value: 0.6896825472137433.
[I 2025-04-08 01:54:49,880] Trial 131 finished with value: 0.6867478881877338 and parameters: {'lambda_l1': 0.6195880196605223, 'lambda_l2': 0.08505400785074482, 'num_leaves': 61, 'feature_fraction': 0.911998113132885, 'bagging_fraction': 0.9729909132767878, 'bagging_freq': 4, 'min_child_samples': 43}. Best is trial 124 with value: 0.6896825472137433.
[I 2025-04-08 01:54:51,923] Trial 132 finished with value: 0.688466772454974 and parameters: {'lambda_l1': 1.4875519163227868, 'lambda_l2': 0.020701173859545688, 'num_leaves': 57, 'feature_fraction': 0.8534092897566542, 'bagging_fraction': 0.9997346862247268, 'bagging_freq': 3, 'min_child_samples': 42}. Best is trial 124 with value: 0.6896825472137433.
[I 2025-04-08 01:54:54,178] Trial 133 finished with value: 0.688131500840859 and parameters: {'lambda_l1': 3.660701467076652, 'lambda_l2': 0.022681911834878898, 'num_leaves': 60, 'feature_fraction': 0.8507699411765891, 'bagging_fraction': 0.9992920059687888, 'bagging_freq': 3, 'min_child_samples': 52}. Best is trial 124 with value: 0.6896825472137433.
[I 2025-04-08 01:54:56,316] Trial 134 finished with value: 0.6864966497440521 and parameters: {'lambda_l1': 1.67091173005867, 'lambda_l2': 0.024041397806797093, 'num_leaves': 68, 'feature_fraction': 0.8556329845028203, 'bagging_fraction': 0.9886243980316599, 'bagging_freq': 3, 'min_child_samples': 51}. Best is trial 124 with value: 0.6896825472137433.
[I 2025-04-08 01:54:58,371] Trial 135 finished with value: 0.6621388392457048 and parameters: {'lambda_l1': 3.552884812165008, 'lambda_l2': 0.3301480469347911, 'num_leaves': 65, 'feature_fraction': 0.49659488508775707, 'bagging_fraction': 0.9982501344775964, 'bagging_freq': 4, 'min_child_samples': 48}. Best is trial 124 with value: 0.6896825472137433.
[I 2025-04-08 01:55:00,202] Trial 136 finished with value: 0.6881317468601784 and parameters: {'lambda_l1': 0.09260410643151515, 'lambda_l2': 0.7755858855373426, 'num_leaves': 60, 'feature_fraction': 0.8443916060500354, 'bagging_fraction': 0.9836373832969846, 'bagging_freq': 3, 'min_child_samples': 41}. Best is trial 124 with value: 0.6896825472137433.
[I 2025-04-08 01:55:02,331] Trial 137 finished with value: 0.6767279606228506 and parameters: {'lambda_l1': 0.07210316406991064, 'lambda_l2': 1.9813909435926889, 'num_leaves': 72, 'feature_fraction': 0.8281891395399937, 'bagging_fraction': 0.9823053871522572, 'bagging_freq': 3, 'min_child_samples': 41}. Best is trial 124 with value: 0.6896825472137433.
[I 2025-04-08 01:55:04,154] Trial 138 finished with value: 0.6772312458594071 and parameters: {'lambda_l1': 0.2344771766886851, 'lambda_l2': 0.7393238451541525, 'num_leaves': 61, 'feature_fraction': 0.7760126583435983, 'bagging_fraction': 0.9990688265975691, 'bagging_freq': 4, 'min_child_samples': 37}. Best is trial 124 with value: 0.6896825472137433.
[I 2025-04-08 01:55:06,498] Trial 139 finished with value: 0.6823044278205675 and parameters: {'lambda_l1': 0.46536599653578553, 'lambda_l2': 0.2043245024161588, 'num_leaves': 76, 'feature_fraction': 0.8438662407477467, 'bagging_fraction': 0.6351769267010657, 'bagging_freq': 3, 'min_child_samples': 45}. Best is trial 124 with value: 0.6896825472137433.
[I 2025-04-08 01:55:08,485] Trial 140 finished with value: 0.6859938214005177 and parameters: {'lambda_l1': 0.09766728057694274, 'lambda_l2': 0.06904717683872108, 'num_leaves': 51, 'feature_fraction': 0.853699084981865, 'bagging_fraction': 0.9810116807586683, 'bagging_freq': 3, 'min_child_samples': 51}. Best is trial 124 with value: 0.6896825472137433.
[I 2025-04-08 01:55:10,471] Trial 141 finished with value: 0.6777342499310268 and parameters: {'lambda_l1': 0.40026413605749506, 'lambda_l2': 0.017236010336074494, 'num_leaves': 58, 'feature_fraction': 0.8012719213794584, 'bagging_fraction': 0.9567475556385023, 'bagging_freq': 2, 'min_child_samples': 33}. Best is trial 124 with value: 0.6896825472137433.
[I 2025-04-08 01:55:12,533] Trial 142 finished with value: 0.6865382445818637 and parameters: {'lambda_l1': 1.2818734801752993, 'lambda_l2': 0.15144160676735494, 'num_leaves': 69, 'feature_fraction': 0.8780895093315362, 'bagging_fraction': 0.947302591786772, 'bagging_freq': 5, 'min_child_samples': 39}. Best is trial 124 with value: 0.6896825472137433.
[I 2025-04-08 01:55:14,410] Trial 143 finished with value: 0.686119677855274 and parameters: {'lambda_l1': 0.2115500011034195, 'lambda_l2': 1.4341142807892753, 'num_leaves': 64, 'feature_fraction': 0.8731697192186231, 'bagging_fraction': 0.9802949139618384, 'bagging_freq': 4, 'min_child_samples': 28}. Best is trial 124 with value: 0.6896825472137433.
[I 2025-04-08 01:55:16,724] Trial 144 finished with value: 0.6767275740210628 and parameters: {'lambda_l1': 4.9614262735739505, 'lambda_l2': 0.055767115158449204, 'num_leaves': 60, 'feature_fraction': 0.8243015389354763, 'bagging_fraction': 0.9636239316185256, 'bagging_freq': 4, 'min_child_samples': 43}. Best is trial 124 with value: 0.6896825472137433.
[I 2025-04-08 01:55:18,294] Trial 145 finished with value: 0.6873768014325354 and parameters: {'lambda_l1': 0.5738769532963122, 'lambda_l2': 0.03033732644619047, 'num_leaves': 38, 'feature_fraction': 0.8990354618036706, 'bagging_fraction': 0.9866381060426672, 'bagging_freq': 2, 'min_child_samples': 53}. Best is trial 124 with value: 0.6896825472137433.
[I 2025-04-08 01:55:20,181] Trial 146 finished with value: 0.6806686453649081 and parameters: {'lambda_l1': 0.30100444843686314, 'lambda_l2': 0.5047400766007241, 'num_leaves': 34, 'feature_fraction': 0.7381954168514124, 'bagging_fraction': 0.9990070255500054, 'bagging_freq': 3, 'min_child_samples': 47}. Best is trial 124 with value: 0.6896825472137433.
[I 2025-04-08 01:55:22,215] Trial 147 finished with value: 0.6889699522546792 and parameters: {'lambda_l1': 0.08988092313067714, 'lambda_l2': 27.31665945366185, 'num_leaves': 56, 'feature_fraction': 0.8393866586429816, 'bagging_fraction': 0.9778452802029106, 'bagging_freq': 5, 'min_child_samples': 35}. Best is trial 124 with value: 0.6896825472137433.
[I 2025-04-08 01:55:24,165] Trial 148 finished with value: 0.6858257374868423 and parameters: {'lambda_l1': 0.08853614959923521, 'lambda_l2': 35.90375804753496, 'num_leaves': 57, 'feature_fraction': 0.8536748967123114, 'bagging_fraction': 0.9433917922422203, 'bagging_freq': 5, 'min_child_samples': 35}. Best is trial 124 with value: 0.6896825472137433.
[I 2025-04-08 01:55:26,073] Trial 149 finished with value: 0.679243297291503 and parameters: {'lambda_l1': 0.02741484017870363, 'lambda_l2': 3.6151085076532605, 'num_leaves': 49, 'feature_fraction': 0.8298263042809422, 'bagging_fraction': 0.9771239671260178, 'bagging_freq': 4, 'min_child_samples': 37}. Best is trial 124 with value: 0.6896825472137433.
[I 2025-04-08 01:55:27,736] Trial 150 finished with value: 0.685951383067896 and parameters: {'lambda_l1': 0.03909991689418769, 'lambda_l2': 24.890293325256852, 'num_leaves': 44, 'feature_fraction': 0.8426960608269989, 'bagging_fraction': 0.9575548044923994, 'bagging_freq': 5, 'min_child_samples': 41}. Best is trial 124 with value: 0.6896825472137433.
[I 2025-04-08 01:55:30,144] Trial 151 finished with value: 0.6884672820664217 and parameters: {'lambda_l1': 0.14565736507601693, 'lambda_l2': 0.018485314581270534, 'num_leaves': 60, 'feature_fraction': 0.8884515775803165, 'bagging_fraction': 0.9732692899289493, 'bagging_freq': 3, 'min_child_samples': 31}. Best is trial 124 with value: 0.6896825472137433.
[I 2025-04-08 01:55:32,059] Trial 152 finished with value: 0.6820941340207816 and parameters: {'lambda_l1': 0.18657212778067445, 'lambda_l2': 0.017935149711280036, 'num_leaves': 63, 'feature_fraction': 0.8879589128664441, 'bagging_fraction': 0.6772246129121575, 'bagging_freq': 2, 'min_child_samples': 33}. Best is trial 124 with value: 0.6896825472137433.
[I 2025-04-08 01:55:34,137] Trial 153 finished with value: 0.6867478003236912 and parameters: {'lambda_l1': 0.11194783129421478, 'lambda_l2': 0.046850866650685316, 'num_leaves': 61, 'feature_fraction': 0.9207317370772266, 'bagging_fraction': 0.9878285545232041, 'bagging_freq': 3, 'min_child_samples': 39}. Best is trial 124 with value: 0.6896825472137433.
[I 2025-04-08 01:55:36,014] Trial 154 finished with value: 0.6882993035895976 and parameters: {'lambda_l1': 1.0768184685223965, 'lambda_l2': 0.005738371910782372, 'num_leaves': 56, 'feature_fraction': 0.8651426500282193, 'bagging_fraction': 0.9999511951945262, 'bagging_freq': 3, 'min_child_samples': 43}. Best is trial 124 with value: 0.6896825472137433.
[I 2025-04-08 01:55:37,629] Trial 155 finished with value: 0.6866220844514033 and parameters: {'lambda_l1': 0.8437785981155159, 'lambda_l2': 0.005539768991919221, 'num_leaves': 51, 'feature_fraction': 0.8648590577660543, 'bagging_fraction': 0.9716845933869899, 'bagging_freq': 4, 'min_child_samples': 45}. Best is trial 124 with value: 0.6896825472137433.
[I 2025-04-08 01:55:39,391] Trial 156 finished with value: 0.6767284526614897 and parameters: {'lambda_l1': 0.06449270184044043, 'lambda_l2': 0.13495723324542347, 'num_leaves': 56, 'feature_fraction': 0.8106673796689343, 'bagging_fraction': 0.9597363587993387, 'bagging_freq': 3, 'min_child_samples': 37}. Best is trial 124 with value: 0.6896825472137433.
[I 2025-04-08 01:55:41,548] Trial 157 finished with value: 0.685867683780825 and parameters: {'lambda_l1': 1.4615575819653144, 'lambda_l2': 4.821314294549067, 'num_leaves': 41, 'feature_fraction': 0.8974251801949585, 'bagging_fraction': 0.939922463970309, 'bagging_freq': 6, 'min_child_samples': 42}. Best is trial 124 with value: 0.6896825472137433.
[I 2025-04-08 01:55:43,400] Trial 158 finished with value: 0.6890120742767472 and parameters: {'lambda_l1': 0.301394267595222, 'lambda_l2': 0.013047406279659423, 'num_leaves': 54, 'feature_fraction': 0.8775585941694122, 'bagging_fraction': 0.9774438171841819, 'bagging_freq': 5, 'min_child_samples': 49}. Best is trial 124 with value: 0.6896825472137433.
[I 2025-04-08 01:55:45,135] Trial 159 finished with value: 0.6887603262216178 and parameters: {'lambda_l1': 0.450865586686693, 'lambda_l2': 0.012989213252169075, 'num_leaves': 53, 'feature_fraction': 0.8732793192172451, 'bagging_fraction': 0.966058542262365, 'bagging_freq': 5, 'min_child_samples': 48}. Best is trial 124 with value: 0.6896825472137433.
[I 2025-04-08 01:55:46,788] Trial 160 finished with value: 0.6869157788005152 and parameters: {'lambda_l1': 0.48775108679944973, 'lambda_l2': 0.006801484627101353, 'num_leaves': 52, 'feature_fraction': 0.8765513565898355, 'bagging_fraction': 0.9717851727212747, 'bagging_freq': 5, 'min_child_samples': 49}. Best is trial 124 with value: 0.6896825472137433.
[I 2025-04-08 01:55:48,542] Trial 161 finished with value: 0.6869998646893742 and parameters: {'lambda_l1': 0.34757540216144833, 'lambda_l2': 0.015418688117586104, 'num_leaves': 54, 'feature_fraction': 0.8882932432963049, 'bagging_fraction': 0.9528383159944055, 'bagging_freq': 5, 'min_child_samples': 48}. Best is trial 124 with value: 0.6896825472137433.
[I 2025-04-08 01:55:50,689] Trial 162 finished with value: 0.6890537569786017 and parameters: {'lambda_l1': 0.22695035889588533, 'lambda_l2': 0.01201453145788081, 'num_leaves': 49, 'feature_fraction': 0.9068744242508825, 'bagging_fraction': 0.9633431016348468, 'bagging_freq': 5, 'min_child_samples': 44}. Best is trial 124 with value: 0.6896825472137433.
[I 2025-04-08 01:55:52,508] Trial 163 finished with value: 0.6867062406314963 and parameters: {'lambda_l1': 0.2252389173598771, 'lambda_l2': 0.031544545677139574, 'num_leaves': 49, 'feature_fraction': 0.8630752918253113, 'bagging_fraction': 0.9646526273445958, 'bagging_freq': 5, 'min_child_samples': 44}. Best is trial 124 with value: 0.6896825472137433.
[I 2025-04-08 01:55:54,252] Trial 164 finished with value: 0.6872930669998472 and parameters: {'lambda_l1': 0.7342332789388833, 'lambda_l2': 0.00932699070415282, 'num_leaves': 57, 'feature_fraction': 0.9244091114339229, 'bagging_fraction': 0.9858147520691193, 'bagging_freq': 4, 'min_child_samples': 31}. Best is trial 124 with value: 0.6896825472137433.
[I 2025-04-08 01:55:55,856] Trial 165 finished with value: 0.6883413904660485 and parameters: {'lambda_l1': 1.2721175562545168, 'lambda_l2': 0.004934658364563987, 'num_leaves': 45, 'feature_fraction': 0.9070508235188334, 'bagging_fraction': 0.9752650823242633, 'bagging_freq': 6, 'min_child_samples': 35}. Best is trial 124 with value: 0.6896825472137433.
[I 2025-04-08 01:55:57,518] Trial 166 finished with value: 0.688466772454974 and parameters: {'lambda_l1': 1.6813738252176864, 'lambda_l2': 0.001090988386398857, 'num_leaves': 47, 'feature_fraction': 0.9369898285027283, 'bagging_fraction': 0.9580887336787111, 'bagging_freq': 6, 'min_child_samples': 34}. Best is trial 124 with value: 0.6896825472137433.
[I 2025-04-08 01:55:59,097] Trial 167 finished with value: 0.6894311330419761 and parameters: {'lambda_l1': 1.942097194994365, 'lambda_l2': 0.0009410353305903456, 'num_leaves': 45, 'feature_fraction': 0.9370729506879808, 'bagging_fraction': 0.9515268609263338, 'bagging_freq': 6, 'min_child_samples': 34}. Best is trial 124 with value: 0.6896825472137433.
[I 2025-04-08 01:56:01,381] Trial 168 finished with value: 0.6881315887049017 and parameters: {'lambda_l1': 2.458122370005901, 'lambda_l2': 0.0009717857190630226, 'num_leaves': 48, 'feature_fraction': 0.9469165340561778, 'bagging_fraction': 0.9354348028877235, 'bagging_freq': 6, 'min_child_samples': 29}. Best is trial 124 with value: 0.6896825472137433.
