[I 2025-04-08 00:50:44,075] Trial 5 finished with value: 0.8180517554357092 and parameters: {'lambda_l1': 9.990315682106575e-06, 'lambda_l2': 0.004139094085139867, 'num_leaves': 32, 'feature_fraction': 0.7845539549663973, 'bagging_fraction': 0.7307747223917429, 'bagging_freq': 10, 'min_child_samples': 120}. Best is trial 0 with value: 0.819393404222043.
[I 2025-04-08 00:50:46,882] Trial 6 finished with value: 0.8144046420331037 and parameters: {'lambda_l1': 1.1025458980375254e-05, 'lambda_l2': 0.4963210075869216, 'num_leaves': 84, 'feature_fraction': 0.7843950476317862, 'bagging_fraction': 0.4870314163589371, 'bagging_freq': 11, 'min_child_samples': 16}. Best is trial 0 with value: 0.819393404222043.
[I 2025-04-08 00:50:47,618] Trial 7 finished with value: 0.8138598498227783 and parameters: {'lambda_l1': 5.009561407004145, 'lambda_l2': 1.2860571807786024e-08, 'num_leaves': 10, 'feature_fraction': 0.6443838796216861, 'bagging_fraction': 0.614480773934172, 'bagging_freq': 11, 'min_child_samples': 65}. Best is trial 0 with value: 0.819393404222043.
[I 2025-04-08 00:50:49,147] Trial 8 finished with value: 0.805936516471872 and parameters: {'lambda_l1': 37.88746286293612, 'lambda_l2': 1.1034941363017068e-08, 'num_leaves': 25, 'feature_fraction': 0.49260195558451886, 'bagging_fraction': 0.8171324135674618, 'bagging_freq': 3, 'min_child_samples': 42}. Best is trial 0 with value: 0.819393404222043.
[I 2025-04-08 00:50:51,005] Trial 9 finished with value: 0.816459184516247 and parameters: {'lambda_l1': 0.0007558610144443599, 'lambda_l2': 1.5166262047107451e-06, 'num_leaves': 48, 'feature_fraction': 0.6456358997541976, 'bagging_fraction': 0.6453763739999856, 'bagging_freq': 7, 'min_child_samples': 21}. Best is trial 0 with value: 0.819393404222043.
[I 2025-04-08 00:50:53,619] Trial 10 finished with value: 0.8174650345042096 and parameters: {'lambda_l1': 0.1227416518776096, 'lambda_l2': 76.74190876447682, 'num_leaves': 124, 'feature_fraction': 0.9450719503636101, 'bagging_fraction': 0.9822429647896318, 'bagging_freq': 15, 'min_child_samples': 89}. Best is trial 0 with value: 0.819393404222043.
[I 2025-04-08 00:50:56,162] Trial 11 finished with value: 0.8176746253916539 and parameters: {'lambda_l1': 1.4529800371813865e-09, 'lambda_l2': 0.015341533376345752, 'num_leaves': 68, 'feature_fraction': 0.49325969539230863, 'bagging_fraction': 0.9766652188887452, 'bagging_freq': 1, 'min_child_samples': 121}. Best is trial 0 with value: 0.819393404222043.
[I 2025-04-08 00:50:58,792] Trial 12 finished with value: 0.8180098970057692 and parameters: {'lambda_l1': 0.023146922111487955, 'lambda_l2': 0.7447960592827928, 'num_leaves': 83, 'feature_fraction': 0.4138789976935615, 'bagging_fraction': 0.8516132354574236, 'bagging_freq': 15, 'min_child_samples': 92}. Best is trial 0 with value: 0.819393404222043.
[I 2025-04-08 00:51:00,992] Trial 13 finished with value: 0.8180520366006456 and parameters: {'lambda_l1': 1.9843383951358758e-09, 'lambda_l2': 3.9989549803535245e-05, 'num_leaves': 55, 'feature_fraction': 0.9144990407363266, 'bagging_fraction': 0.8714452406183492, 'bagging_freq': 1, 'min_child_samples': 124}. Best is trial 0 with value: 0.819393404222043.
[I 2025-04-08 00:51:02,616] Trial 14 finished with value: 0.8178424105675841 and parameters: {'lambda_l1': 0.00010184113768710345, 'lambda_l2': 0.025956457698728636, 'num_leaves': 42, 'feature_fraction': 0.8473494691273322, 'bagging_fraction': 0.9156979725866272, 'bagging_freq': 4, 'min_child_samples': 102}. Best is trial 0 with value: 0.819393404222043.
[I 2025-04-08 00:51:04,971] Trial 15 finished with value: 0.8149495045346633 and parameters: {'lambda_l1': 8.710526142173981e-08, 'lambda_l2': 0.00031392915005602637, 'num_leaves': 76, 'feature_fraction': 0.9982891728633865, 'bagging_fraction': 0.7588367732847133, 'bagging_freq': 5, 'min_child_samples': 74}. Best is trial 0 with value: 0.819393404222043.
[I 2025-04-08 00:51:08,520] Trial 16 finished with value: 0.8162071728689895 and parameters: {'lambda_l1': 0.37306415469632165, 'lambda_l2': 0.5878610687084239, 'num_leaves': 119, 'feature_fraction': 0.5029801044806073, 'bagging_fraction': 0.9256497797954348, 'bagging_freq': 12, 'min_child_samples': 107}. Best is trial 0 with value: 0.819393404222043.
[I 2025-04-08 00:51:11,635] Trial 17 finished with value: 0.8172134094587399 and parameters: {'lambda_l1': 0.00021620727068472116, 'lambda_l2': 9.63718699251494, 'num_leaves': 103, 'feature_fraction': 0.7215394206436341, 'bagging_fraction': 0.8024166612818302, 'bagging_freq': 13, 'min_child_samples': 86}. Best is trial 0 with value: 0.819393404222043.
[I 2025-04-08 00:51:13,626] Trial 18 finished with value: 0.8187647897149868 and parameters: {'lambda_l1': 5.398643925749068e-06, 'lambda_l2': 0.0013404820389173642, 'num_leaves': 59, 'feature_fraction': 0.40899445190487077, 'bagging_fraction': 0.9197537023591502, 'bagging_freq': 3, 'min_child_samples': 109}. Best is trial 0 with value: 0.819393404222043.
[I 2025-04-08 00:51:15,201] Trial 19 finished with value: 0.8157043445254549 and parameters: {'lambda_l1': 4.903391609106358e-06, 'lambda_l2': 2.2162620217409798e-05, 'num_leaves': 37, 'feature_fraction': 0.4164610893590992, 'bagging_fraction': 0.40030076864771513, 'bagging_freq': 3, 'min_child_samples': 125}. Best is trial 0 with value: 0.819393404222043.
[I 2025-04-08 00:51:18,433] Trial 20 finished with value: 0.8148660161212945 and parameters: {'lambda_l1': 0.0029208261674025723, 'lambda_l2': 0.0021206476696850564, 'num_leaves': 102, 'feature_fraction': 0.5628181193574926, 'bagging_fraction': 0.9025040460985532, 'bagging_freq': 2, 'min_child_samples': 49}. Best is trial 0 with value: 0.819393404222043.
[I 2025-04-08 00:51:20,850] Trial 21 finished with value: 0.8201478751838556 and parameters: {'lambda_l1': 2.8036511156297227e-08, 'lambda_l2': 0.2584016772616991, 'num_leaves': 59, 'feature_fraction': 0.40093254815514806, 'bagging_fraction': 0.9802740399923393, 'bagging_freq': 6, 'min_child_samples': 111}. Best is trial 21 with value: 0.8201478751838556.
[I 2025-04-08 00:51:22,617] Trial 22 finished with value: 0.8167522286714428 and parameters: {'lambda_l1': 6.546530724245886e-07, 'lambda_l2': 67.9439089285631, 'num_leaves': 50, 'feature_fraction': 0.40470702895215854, 'bagging_fraction': 0.9769714158116849, 'bagging_freq': 5, 'min_child_samples': 97}. Best is trial 21 with value: 0.8201478751838556.
[I 2025-04-08 00:51:24,844] Trial 23 finished with value: 0.8193093359059926 and parameters: {'lambda_l1': 3.6216386398949966e-05, 'lambda_l2': 2.7209322736944217, 'num_leaves': 65, 'feature_fraction': 0.4616824663592669, 'bagging_fraction': 0.9428595021792675, 'bagging_freq': 6, 'min_child_samples': 79}. Best is trial 21 with value: 0.8201478751838556.
[I 2025-04-08 00:51:27,413] Trial 24 finished with value: 0.8180936665840746 and parameters: {'lambda_l1': 7.611662209186842e-05, 'lambda_l2': 5.137726398278594, 'num_leaves': 71, 'feature_fraction': 0.4845324665412981, 'bagging_fraction': 0.9946052052597689, 'bagging_freq': 6, 'min_child_samples': 71}. Best is trial 21 with value: 0.8201478751838556.
[I 2025-04-08 00:51:30,734] Trial 25 finished with value: 0.8166265479447722 and parameters: {'lambda_l1': 1.8352684321537817e-08, 'lambda_l2': 0.2999822100895111, 'num_leaves': 93, 'feature_fraction': 0.4553378307707747, 'bagging_fraction': 0.8735248561858975, 'bagging_freq': 6, 'min_child_samples': 3}. Best is trial 21 with value: 0.8201478751838556.
[I 2025-04-08 00:51:31,996] Trial 26 finished with value: 0.8189743278840055 and parameters: {'lambda_l1': 4.3920468558947317e-07, 'lambda_l2': 2.6999520885408166, 'num_leaves': 30, 'feature_fraction': 0.5522139803288683, 'bagging_fraction': 0.9416039201266134, 'bagging_freq': 9, 'min_child_samples': 80}. Best is trial 21 with value: 0.8201478751838556.
[I 2025-04-08 00:51:33,630] Trial 27 finished with value: 0.8180521244646883 and parameters: {'lambda_l1': 0.019585559500064225, 'lambda_l2': 0.10298168913524615, 'num_leaves': 45, 'feature_fraction': 0.5406914383862323, 'bagging_fraction': 0.9537576436934203, 'bagging_freq': 4, 'min_child_samples': 115}. Best is trial 21 with value: 0.8201478751838556.
[I 2025-04-08 00:51:35,864] Trial 28 finished with value: 0.8180937895937342 and parameters: {'lambda_l1': 3.911247394362029e-05, 'lambda_l2': 26.253123927138812, 'num_leaves': 67, 'feature_fraction': 0.4554607226740667, 'bagging_fraction': 0.8416298414033121, 'bagging_freq': 9, 'min_child_samples': 51}. Best is trial 21 with value: 0.8201478751838556.
[I 2025-04-08 00:51:37,759] Trial 29 finished with value: 0.8183036792189238 and parameters: {'lambda_l1': 0.0009136857862250575, 'lambda_l2': 0.07913579548207063, 'num_leaves': 57, 'feature_fraction': 0.6306316121895482, 'bagging_fraction': 0.8880636200764076, 'bagging_freq': 7, 'min_child_samples': 114}. Best is trial 21 with value: 0.8201478751838556.
[I 2025-04-08 00:51:40,075] Trial 30 finished with value: 0.8183034156267958 and parameters: {'lambda_l1': 1.5653248334785578e-08, 'lambda_l2': 1.8634369347062285, 'num_leaves': 78, 'feature_fraction': 0.4517378943628885, 'bagging_fraction': 0.8100382960620627, 'bagging_freq': 2, 'min_child_samples': 128}. Best is trial 21 with value: 0.8201478751838556.
[I 2025-04-08 00:51:41,061] Trial 31 finished with value: 0.7983063678586304 and parameters: {'lambda_l1': 9.536033545358032e-07, 'lambda_l2': 2.6993166775209914, 'num_leaves': 4, 'feature_fraction': 0.5360153653748461, 'bagging_fraction': 0.9399831257039727, 'bagging_freq': 9, 'min_child_samples': 80}. Best is trial 21 with value: 0.8201478751838556.
[I 2025-04-08 00:51:43,409] Trial 32 finished with value: 0.8179260747090382 and parameters: {'lambda_l1': 2.003060646563348e-07, 'lambda_l2': 10.569327499700089, 'num_leaves': 61, 'feature_fraction': 0.5208285074887955, 'bagging_fraction': 0.9999893037917239, 'bagging_freq': 8, 'min_child_samples': 81}. Best is trial 21 with value: 0.8201478751838556.
[I 2025-04-08 00:51:44,819] Trial 33 finished with value: 0.8177165541128281 and parameters: {'lambda_l1': 1.1885939854326449e-08, 'lambda_l2': 2.101776290000101, 'num_leaves': 30, 'feature_fraction': 0.5796328527531391, 'bagging_fraction': 0.9496887673748691, 'bagging_freq': 10, 'min_child_samples': 56}. Best is trial 21 with value: 0.8201478751838556.
[I 2025-04-08 00:51:46,280] Trial 34 finished with value: 0.81847127109396 and parameters: {'lambda_l1': 1.3921984940476897e-06, 'lambda_l2': 0.1862972147910788, 'num_leaves': 38, 'feature_fraction': 0.45769630676348705, 'bagging_fraction': 0.939684976137124, 'bagging_freq': 8, 'min_child_samples': 100}. Best is trial 21 with value: 0.8201478751838556.
[I 2025-04-08 00:51:47,602] Trial 35 finished with value: 0.8196032235559982 and parameters: {'lambda_l1': 1.9231025667963688e-07, 'lambda_l2': 0.016945928920396224, 'num_leaves': 30, 'feature_fraction': 0.6820957734174815, 'bagging_fraction': 0.7722387106544827, 'bagging_freq': 6, 'min_child_samples': 77}. Best is trial 21 with value: 0.8201478751838556.
[I 2025-04-08 00:51:48,672] Trial 36 finished with value: 0.8169203653035438 and parameters: {'lambda_l1': 2.277479729894555e-05, 'lambda_l2': 0.013183894429250328, 'num_leaves': 24, 'feature_fraction': 0.610561324047207, 'bagging_fraction': 0.7009140192291222, 'bagging_freq': 6, 'min_child_samples': 36}. Best is trial 21 with value: 0.8201478751838556.
[I 2025-04-08 00:51:50,685] Trial 37 finished with value: 0.816416869193285 and parameters: {'lambda_l1': 5.386602648006854e-09, 'lambda_l2': 0.014302104069175417, 'num_leaves': 51, 'feature_fraction': 0.6626589076284809, 'bagging_fraction': 0.7764524288438743, 'bagging_freq': 4, 'min_child_samples': 62}. Best is trial 21 with value: 0.8201478751838556.
[I 2025-04-08 00:51:52,110] Trial 38 finished with value: 0.8161656658952203 and parameters: {'lambda_l1': 4.154143446982725e-06, 'lambda_l2': 0.0002677425572412355, 'num_leaves': 14, 'feature_fraction': 0.6949955399730026, 'bagging_fraction': 0.6992431336652152, 'bagging_freq': 6, 'min_child_samples': 94}. Best is trial 21 with value: 0.8201478751838556.
[I 2025-04-08 00:51:53,217] Trial 39 finished with value: 0.8173812473530957 and parameters: {'lambda_l1': 1.2962362803366246e-07, 'lambda_l2': 0.053770349205280406, 'num_leaves': 22, 'feature_fraction': 0.7799575346674609, 'bagging_fraction': 0.6061896425091364, 'bagging_freq': 5, 'min_child_samples': 116}. Best is trial 21 with value: 0.8201478751838556.
[I 2025-04-08 00:51:54,801] Trial 40 finished with value: 0.8174650696498267 and parameters: {'lambda_l1': 4.7076791908379733e-08, 'lambda_l2': 0.004196098616535392, 'num_leaves': 37, 'feature_fraction': 0.8281519263788505, 'bagging_fraction': 0.5436949678925482, 'bagging_freq': 7, 'min_child_samples': 71}. Best is trial 21 with value: 0.8201478751838556.
[I 2025-04-08 00:51:56,232] Trial 41 finished with value: 0.8193516688017629 and parameters: {'lambda_l1': 3.3938196892509704e-07, 'lambda_l2': 0.9783991693564531, 'num_leaves': 28, 'feature_fraction': 0.5587849011336601, 'bagging_fraction': 0.9626939871655177, 'bagging_freq': 9, 'min_child_samples': 84}. Best is trial 21 with value: 0.8201478751838556.
[I 2025-04-08 00:51:57,341] Trial 42 finished with value: 0.8170039942993809 and parameters: {'lambda_l1': 0.0005674642150796959, 'lambda_l2': 0.738507925904702, 'num_leaves': 18, 'feature_fraction': 0.44124646970460046, 'bagging_fraction': 0.9668465645966436, 'bagging_freq': 8, 'min_child_samples': 85}. Best is trial 21 with value: 0.8201478751838556.
[I 2025-04-08 00:51:58,016] Trial 43 finished with value: 0.8075713851414875 and parameters: {'lambda_l1': 0.003678772584263753, 'lambda_l2': 39.167802452135675, 'num_leaves': 7, 'feature_fraction': 0.6780127136226818, 'bagging_fraction': 0.8475295138980881, 'bagging_freq': 10, 'min_child_samples': 62}. Best is trial 21 with value: 0.8201478751838556.
[I 2025-04-08 00:51:59,592] Trial 44 finished with value: 0.8193932460667662 and parameters: {'lambda_l1': 2.46360364135906e-06, 'lambda_l2': 0.22982666334061114, 'num_leaves': 42, 'feature_fraction': 0.4786731866539978, 'bagging_fraction': 0.8864277140397009, 'bagging_freq': 7, 'min_child_samples': 105}. Best is trial 21 with value: 0.8201478751838556.
[I 2025-04-08 00:52:01,178] Trial 45 finished with value: 0.8185132701063683 and parameters: {'lambda_l1': 2.5284619407072275e-07, 'lambda_l2': 0.15267739746330222, 'num_leaves': 42, 'feature_fraction': 0.608401137358059, 'bagging_fraction': 0.89703658541317, 'bagging_freq': 11, 'min_child_samples': 105}. Best is trial 21 with value: 0.8201478751838556.
[I 2025-04-08 00:52:02,985] Trial 46 finished with value: 0.8193096873621633 and parameters: {'lambda_l1': 5.065946216522912e-09, 'lambda_l2': 1.1380347009589072e-09, 'num_leaves': 32, 'feature_fraction': 0.5048942492264883, 'bagging_fraction': 0.7885177419039369, 'bagging_freq': 7, 'min_child_samples': 119}. Best is trial 21 with value: 0.8201478751838556.
[I 2025-04-08 00:52:04,177] Trial 47 finished with value: 0.8178424281403928 and parameters: {'lambda_l1': 1.6493003629082335e-06, 'lambda_l2': 0.032226824179054814, 'num_leaves': 28, 'feature_fraction': 0.575709352107424, 'bagging_fraction': 0.8306428467622233, 'bagging_freq': 10, 'min_child_samples': 110}. Best is trial 21 with value: 0.8201478751838556.
[I 2025-04-08 00:52:06,069] Trial 48 finished with value: 0.8173391780494533 and parameters: {'lambda_l1': 3.894084633988804e-08, 'lambda_l2': 0.5294030602187333, 'num_leaves': 53, 'feature_fraction': 0.7363244469825289, 'bagging_fraction': 0.8764836854242732, 'bagging_freq': 13, 'min_child_samples': 91}. Best is trial 21 with value: 0.8201478751838556.
[I 2025-04-08 00:52:07,656] Trial 49 finished with value: 0.8188903298591891 and parameters: {'lambda_l1': 1.496346707433268e-05, 'lambda_l2': 0.005592726324485171, 'num_leaves': 44, 'feature_fraction': 0.4346392268125565, 'bagging_fraction': 0.7341160139582009, 'bagging_freq': 8, 'min_child_samples': 104}. Best is trial 21 with value: 0.8201478751838556.
[I 2025-04-08 00:52:08,846] Trial 50 finished with value: 0.8188066305721179 and parameters: {'lambda_l1': 2.8017025854526955e-09, 'lambda_l2': 0.0007165116399519406, 'num_leaves': 21, 'feature_fraction': 0.5168885473673147, 'bagging_fraction': 0.9703360565026773, 'bagging_freq': 4, 'min_child_samples': 96}. Best is trial 21 with value: 0.8201478751838556.
[I 2025-04-08 00:52:10,357] Trial 51 finished with value: 0.8198962325655772 and parameters: {'lambda_l1': 6.007427822266636e-09, 'lambda_l2': 1.383941184762554e-07, 'num_leaves': 34, 'feature_fraction': 0.4797519983263473, 'bagging_fraction': 0.8001543747159376, 'bagging_freq': 7, 'min_child_samples': 120}. Best is trial 21 with value: 0.8201478751838556.
[I 2025-04-08 00:52:11,863] Trial 52 finished with value: 0.819099938319442 and parameters: {'lambda_l1': 1.038257974151094e-09, 'lambda_l2': 2.7255235671981876e-08, 'num_leaves': 34, 'feature_fraction': 0.47469060625976883, 'bagging_fraction': 0.915745022147142, 'bagging_freq': 7, 'min_child_samples': 122}. Best is trial 21 with value: 0.8201478751838556.
[I 2025-04-08 00:52:13,156] Trial 53 finished with value: 0.8118474293617028 and parameters: {'lambda_l1': 3.953410883250449e-08, 'lambda_l2': 3.195548756199947e-07, 'num_leaves': 11, 'feature_fraction': 0.4306048389426632, 'bagging_fraction': 0.7590523733236103, 'bagging_freq': 5, 'min_child_samples': 112}. Best is trial 21 with value: 0.8201478751838556.
[I 2025-04-08 00:52:15,040] Trial 54 finished with value: 0.8186808444085958 and parameters: {'lambda_l1': 9.843230090284188e-08, 'lambda_l2': 1.937519055595237e-06, 'num_leaves': 47, 'feature_fraction': 0.4868224141441669, 'bagging_fraction': 0.854447921516741, 'bagging_freq': 2, 'min_child_samples': 118}. Best is trial 21 with value: 0.8201478751838556.
[I 2025-04-08 00:52:16,721] Trial 55 finished with value: 0.8172134094587399 and parameters: {'lambda_l1': 2.560244527106599e-06, 'lambda_l2': 1.7350036641931232e-07, 'num_leaves': 40, 'feature_fraction': 0.5218124840763665, 'bagging_fraction': 0.7114261073549643, 'bagging_freq': 7, 'min_child_samples': 100}. Best is trial 21 with value: 0.8201478751838556.
[I 2025-04-08 00:52:17,980] Trial 56 finished with value: 0.8179260922818468 and parameters: {'lambda_l1': 4.256540967450714e-07, 'lambda_l2': 0.00011555878247248643, 'num_leaves': 26, 'feature_fraction': 0.47694616728998446, 'bagging_fraction': 0.8217869800598409, 'bagging_freq': 9, 'min_child_samples': 107}. Best is trial 21 with value: 0.8201478751838556.
[I 2025-04-08 00:52:19,612] Trial 57 finished with value: 0.8187224041007907 and parameters: {'lambda_l1': 8.082749462602304e-09, 'lambda_l2': 8.952313498697811e-06, 'num_leaves': 35, 'feature_fraction': 0.40333145959903954, 'bagging_fraction': 0.9107620539945233, 'bagging_freq': 16, 'min_child_samples': 125}. Best is trial 21 with value: 0.8201478751838556.
[I 2025-04-08 00:52:21,591] Trial 58 finished with value: 0.8184712535211516 and parameters: {'lambda_l1': 0.0001821902678841387, 'lambda_l2': 1.1497800540953826, 'num_leaves': 61, 'feature_fraction': 0.5485812186164122, 'bagging_fraction': 0.6691746384530395, 'bagging_freq': 1, 'min_child_samples': 111}. Best is trial 21 with value: 0.8201478751838556.
[I 2025-04-08 00:52:23,220] Trial 59 finished with value: 0.8165428662305094 and parameters: {'lambda_l1': 2.52724409919286e-08, 'lambda_l2': 12.074149155579383, 'num_leaves': 20, 'feature_fraction': 0.4284164452107721, 'bagging_fraction': 0.9839984191878929, 'bagging_freq': 5, 'min_child_samples': 88}. Best is trial 21 with value: 0.8201478751838556.
[I 2025-04-08 00:52:25,149] Trial 60 finished with value: 0.8190159930130513 and parameters: {'lambda_l1': 2.0176380671714185, 'lambda_l2': 0.30256953413995774, 'num_leaves': 48, 'feature_fraction': 0.5973029283804152, 'bagging_fraction': 0.7754931084743291, 'bagging_freq': 6, 'min_child_samples': 128}. Best is trial 21 with value: 0.8201478751838556.
[I 2025-04-08 00:52:26,665] Trial 61 finished with value: 0.8190161863139453 and parameters: {'lambda_l1': 3.0106625916725747e-09, 'lambda_l2': 1.5166737024549542e-09, 'num_leaves': 33, 'feature_fraction': 0.5092519144542883, 'bagging_fraction': 0.7789102982060983, 'bagging_freq': 8, 'min_child_samples': 121}. Best is trial 21 with value: 0.8201478751838556.
[I 2025-04-08 00:52:28,041] Trial 62 finished with value: 0.8189325748909168 and parameters: {'lambda_l1': 4.950098553168542e-09, 'lambda_l2': 1.1253640909847055e-09, 'num_leaves': 28, 'feature_fraction': 0.5068098182320163, 'bagging_fraction': 0.7918450512517242, 'bagging_freq': 7, 'min_child_samples': 121}. Best is trial 21 with value: 0.8201478751838556.
[I 2025-04-08 00:52:28,988] Trial 63 finished with value: 0.8158721121285767 and parameters: {'lambda_l1': 7.267609722947667e-08, 'lambda_l2': 1.3604955045987651e-08, 'num_leaves': 15, 'feature_fraction': 0.49045978199004203, 'bagging_fraction': 0.7491936154742558, 'bagging_freq': 6, 'min_child_samples': 118}. Best is trial 21 with value: 0.8201478751838556.
[I 2025-04-08 00:52:30,632] Trial 64 finished with value: 0.819561048815505 and parameters: {'lambda_l1': 3.272250426170075e-07, 'lambda_l2': 1.6306100821924101e-06, 'num_leaves': 40, 'feature_fraction': 0.5631287315343905, 'bagging_fraction': 0.7948938925699655, 'bagging_freq': 11, 'min_child_samples': 74}. Best is trial 21 with value: 0.8201478751838556.
[I 2025-04-08 00:52:32,338] Trial 65 finished with value: 0.8169202950123097 and parameters: {'lambda_l1': 2.5272318298492886e-07, 'lambda_l2': 1.060290799640718e-06, 'num_leaves': 41, 'feature_fraction': 0.6310998944977544, 'bagging_fraction': 0.8610269115947684, 'bagging_freq': 12, 'min_child_samples': 73}. Best is trial 21 with value: 0.8201478751838556.
