[I 2025-04-08 20:27:15,207] Trial 251 finished with value: 0.8187649478702635 and parameters: {'max_depth': 7, 'learning_rate': 0.07900500238359896, 'n_estimators': 142, 'gamma': 0.5184599775139787, 'min_child_weight': 7, 'subsample': 0.6215873809545756, 'colsample_bytree': 0.7192117561910388}. Best is trial 214 with value: 0.8203162051168504.
[I 2025-04-08 20:27:16,277] Trial 252 finished with value: 0.8134825967690634 and parameters: {'max_depth': 5, 'learning_rate': 0.04567287527476572, 'n_estimators': 156, 'gamma': 0.4603296788078752, 'min_child_weight': 7, 'subsample': 0.612657677385905, 'colsample_bytree': 0.6891199073452823}. Best is trial 214 with value: 0.8203162051168504.
[I 2025-04-08 20:27:18,397] Trial 253 finished with value: 0.8182617680705583 and parameters: {'max_depth': 9, 'learning_rate': 0.06380078130285352, 'n_estimators': 197, 'gamma': 0.44816566144142833, 'min_child_weight': 7, 'subsample': 0.5462647468281284, 'colsample_bytree': 0.7072876400631485}. Best is trial 214 with value: 0.8203162051168504.
[I 2025-04-08 20:27:19,939] Trial 254 finished with value: 0.81750736739998 and parameters: {'max_depth': 8, 'learning_rate': 0.03295092407438764, 'n_estimators': 150, 'gamma': 0.48310389522176483, 'min_child_weight': 7, 'subsample': 0.6016585082410932, 'colsample_bytree': 0.6646650010662752}. Best is trial 214 with value: 0.8203162051168504.
[I 2025-04-08 20:27:21,584] Trial 255 finished with value: 0.8201486308146227 and parameters: {'max_depth': 8, 'learning_rate': 0.050310637886992644, 'n_estimators': 159, 'gamma': 0.4987797813332735, 'min_child_weight': 7, 'subsample': 0.6240694047642328, 'colsample_bytree': 0.6806697870208827}. Best is trial 214 with value: 0.8203162051168504.
[I 2025-04-08 20:27:23,232] Trial 256 finished with value: 0.8180103890444081 and parameters: {'max_depth': 8, 'learning_rate': 0.042896083695624726, 'n_estimators': 168, 'gamma': 0.5001886095023945, 'min_child_weight': 7, 'subsample': 0.854536603690216, 'colsample_bytree': 0.6789160824942856}. Best is trial 214 with value: 0.8203162051168504.
[I 2025-04-08 20:27:24,651] Trial 257 finished with value: 0.8137342042417245 and parameters: {'max_depth': 7, 'learning_rate': 0.023660067080796703, 'n_estimators': 160, 'gamma': 0.5072865416054366, 'min_child_weight': 7, 'subsample': 0.6242073835871951, 'colsample_bytree': 0.6470657743903856}. Best is trial 214 with value: 0.8203162051168504.
[I 2025-04-08 20:27:26,829] Trial 258 finished with value: 0.8178006048560699 and parameters: {'max_depth': 6, 'learning_rate': 0.08616873633635375, 'n_estimators': 241, 'gamma': 0.4929119077227645, 'min_child_weight': 7, 'subsample': 0.6164226091397783, 'colsample_bytree': 0.7301807936208017}. Best is trial 214 with value: 0.8203162051168504.
[I 2025-04-08 20:27:28,428] Trial 259 finished with value: 0.8199388114806674 and parameters: {'max_depth': 8, 'learning_rate': 0.052552987674535166, 'n_estimators': 160, 'gamma': 0.4735578531294822, 'min_child_weight': 7, 'subsample': 0.6087343069978056, 'colsample_bytree': 0.6902159643828772}. Best is trial 214 with value: 0.8203162051168504.
[I 2025-04-08 20:27:29,806] Trial 260 finished with value: 0.8195612421163988 and parameters: {'max_depth': 7, 'learning_rate': 0.05548280009194633, 'n_estimators': 162, 'gamma': 0.4769548100061879, 'min_child_weight': 7, 'subsample': 0.6045338828049953, 'colsample_bytree': 0.9460682612265158}. Best is trial 214 with value: 0.8203162051168504.
[I 2025-04-08 20:27:31,383] Trial 261 finished with value: 0.8195195066961187 and parameters: {'max_depth': 8, 'learning_rate': 0.0521924080762256, 'n_estimators': 165, 'gamma': 0.47997127663322153, 'min_child_weight': 7, 'subsample': 0.6065919153023677, 'colsample_bytree': 0.7023009883258654}. Best is trial 214 with value: 0.8203162051168504.
[I 2025-04-08 20:27:33,203] Trial 262 finished with value: 0.8193936678141711 and parameters: {'max_depth': 8, 'learning_rate': 0.043952296157590776, 'n_estimators': 170, 'gamma': 0.4782978215600678, 'min_child_weight': 7, 'subsample': 0.6098766604120872, 'colsample_bytree': 0.9288527763024896}. Best is trial 214 with value: 0.8203162051168504.
[I 2025-04-08 20:27:35,193] Trial 263 finished with value: 0.8175071213806604 and parameters: {'max_depth': 9, 'learning_rate': 0.07045437249007706, 'n_estimators': 165, 'gamma': 0.471862057588409, 'min_child_weight': 7, 'subsample': 0.5992459393853293, 'colsample_bytree': 0.9640617131081339}. Best is trial 214 with value: 0.8203162051168504.
[I 2025-04-08 20:27:37,184] Trial 264 finished with value: 0.8191002019115701 and parameters: {'max_depth': 7, 'learning_rate': 0.051143714554979215, 'n_estimators': 161, 'gamma': 0.48316808570086545, 'min_child_weight': 7, 'subsample': 0.6214376922801031, 'colsample_bytree': 0.8749756653422226}. Best is trial 214 with value: 0.8203162051168504.
[I 2025-04-08 20:27:40,394] Trial 265 finished with value: 0.8088706834592425 and parameters: {'max_depth': 22, 'learning_rate': 0.10520690503359059, 'n_estimators': 166, 'gamma': 0.4684940225777989, 'min_child_weight': 7, 'subsample': 0.6105406407416356, 'colsample_bytree': 0.6959246486043346}. Best is trial 214 with value: 0.8203162051168504.
[I 2025-04-08 20:27:42,146] Trial 266 finished with value: 0.7743257928411893 and parameters: {'max_depth': 8, 'learning_rate': 0.002898382069968235, 'n_estimators': 172, 'gamma': 0.497182295050954, 'min_child_weight': 7, 'subsample': 0.5910154167236479, 'colsample_bytree': 0.9817937067832596}. Best is trial 214 with value: 0.8203162051168504.
[I 2025-04-08 20:27:43,938] Trial 267 finished with value: 0.8187650005886891 and parameters: {'max_depth': 9, 'learning_rate': 0.03588489838959279, 'n_estimators': 161, 'gamma': 0.45363432936209624, 'min_child_weight': 7, 'subsample': 0.6245014288226519, 'colsample_bytree': 0.9470733681830718}. Best is trial 214 with value: 0.8203162051168504.
[I 2025-04-08 20:27:45,187] Trial 268 finished with value: 0.8178007454385382 and parameters: {'max_depth': 6, 'learning_rate': 0.07313690951593954, 'n_estimators': 158, 'gamma': 0.5142215061282276, 'min_child_weight': 7, 'subsample': 0.6007156429995626, 'colsample_bytree': 0.9081906176029078}. Best is trial 214 with value: 0.8203162051168504.
[I 2025-04-08 20:27:47,266] Trial 269 finished with value: 0.8191839714898753 and parameters: {'max_depth': 8, 'learning_rate': 0.05259783131383286, 'n_estimators': 166, 'gamma': 0.4770159492382925, 'min_child_weight': 7, 'subsample': 0.616060704924161, 'colsample_bytree': 0.6571059779705922}. Best is trial 214 with value: 0.8203162051168504.
[I 2025-04-08 20:27:48,616] Trial 270 finished with value: 0.8179682845951488 and parameters: {'max_depth': 7, 'learning_rate': 0.08947866076736015, 'n_estimators': 155, 'gamma': 0.48857271764527954, 'min_child_weight': 7, 'subsample': 0.6334909670737, 'colsample_bytree': 0.6860523933337701}. Best is trial 214 with value: 0.8203162051168504.
[I 2025-04-08 20:27:50,565] Trial 271 finished with value: 0.8195614002716756 and parameters: {'max_depth': 9, 'learning_rate': 0.04050705323690471, 'n_estimators': 175, 'gamma': 0.4997241097605707, 'min_child_weight': 7, 'subsample': 0.606841847846788, 'colsample_bytree': 0.6700597615100861}. Best is trial 214 with value: 0.8203162051168504.
[I 2025-04-08 20:27:52,558] Trial 272 finished with value: 0.8196453455780663 and parameters: {'max_depth': 9, 'learning_rate': 0.03733591287344489, 'n_estimators': 176, 'gamma': 0.5048171691546484, 'min_child_weight': 7, 'subsample': 0.5948902715917773, 'colsample_bytree': 0.6680373441141106}. Best is trial 214 with value: 0.8203162051168504.
[I 2025-04-08 20:27:54,440] Trial 273 finished with value: 0.8181781390747214 and parameters: {'max_depth': 9, 'learning_rate': 0.030929632541242102, 'n_estimators': 178, 'gamma': 0.5207956206373157, 'min_child_weight': 6, 'subsample': 0.5875793623958768, 'colsample_bytree': 0.6688493714981556}. Best is trial 214 with value: 0.8203162051168504.
[I 2025-04-08 20:27:56,365] Trial 274 finished with value: 0.8193938259694479 and parameters: {'max_depth': 9, 'learning_rate': 0.03788698781465177, 'n_estimators': 178, 'gamma': 0.5051507734718419, 'min_child_weight': 7, 'subsample': 0.6263365890754768, 'colsample_bytree': 0.6744144165931705}. Best is trial 214 with value: 0.8203162051168504.
[I 2025-04-08 20:27:58,452] Trial 275 finished with value: 0.8193517918114226 and parameters: {'max_depth': 10, 'learning_rate': 0.04001297727528141, 'n_estimators': 154, 'gamma': 0.5073495502746739, 'min_child_weight': 7, 'subsample': 0.5944851120690311, 'colsample_bytree': 0.6569046362436627}. Best is trial 214 with value: 0.8203162051168504.
[I 2025-04-08 20:28:00,326] Trial 276 finished with value: 0.8180522826199652 and parameters: {'max_depth': 9, 'learning_rate': 0.025051102977604805, 'n_estimators': 175, 'gamma': 0.49868302249630514, 'min_child_weight': 7, 'subsample': 0.5738222124401093, 'colsample_bytree': 0.6380467992477586}. Best is trial 214 with value: 0.8203162051168504.
[I 2025-04-08 20:28:02,471] Trial 277 finished with value: 0.8200227040686323 and parameters: {'max_depth': 10, 'learning_rate': 0.032041084479761194, 'n_estimators': 175, 'gamma': 0.5235427194198631, 'min_child_weight': 7, 'subsample': 0.6388845852185502, 'colsample_bytree': 0.6674191579853116}. Best is trial 214 with value: 0.8203162051168504.
[I 2025-04-08 20:28:04,558] Trial 278 finished with value: 0.8189327857646193 and parameters: {'max_depth': 10, 'learning_rate': 0.029154250097126997, 'n_estimators': 181, 'gamma': 0.5289085504434256, 'min_child_weight': 7, 'subsample': 0.6391259646865, 'colsample_bytree': 0.6451145635936296}. Best is trial 214 with value: 0.8203162051168504.
[I 2025-04-08 20:28:06,383] Trial 279 finished with value: 0.8170882031978997 and parameters: {'max_depth': 9, 'learning_rate': 0.02123132120521595, 'n_estimators': 170, 'gamma': 0.5186699388638994, 'min_child_weight': 7, 'subsample': 0.642820612430298, 'colsample_bytree': 0.6819040904294911}. Best is trial 214 with value: 0.8203162051168504.
[I 2025-04-08 20:28:08,929] Trial 280 finished with value: 0.8168363321331105 and parameters: {'max_depth': 10, 'learning_rate': 0.06827766026232464, 'n_estimators': 185, 'gamma': 0.41909133002434223, 'min_child_weight': 7, 'subsample': 0.6181433272390854, 'colsample_bytree': 0.6667744936474047}. Best is trial 214 with value: 0.8203162051168504.
[I 2025-04-08 20:28:11,119] Trial 281 finished with value: 0.6377394866279713 and parameters: {'max_depth': 9, 'learning_rate': 0.0002152802280818366, 'n_estimators': 185, 'gamma': 0.5207774492482291, 'min_child_weight': 7, 'subsample': 0.6286892125457899, 'colsample_bytree': 0.6781088496429345}. Best is trial 214 with value: 0.8203162051168504.
[I 2025-04-08 20:28:12,647] Trial 282 finished with value: 0.8185134985528792 and parameters: {'max_depth': 8, 'learning_rate': 0.04387789115570477, 'n_estimators': 157, 'gamma': 0.0757429366797766, 'min_child_weight': 7, 'subsample': 0.6171091780049287, 'colsample_bytree': 0.6946871758004828}. Best is trial 214 with value: 0.8203162051168504.
[I 2025-04-08 20:28:13,791] Trial 283 finished with value: 0.811050994533099 and parameters: {'max_depth': 5, 'learning_rate': 0.03289218058956176, 'n_estimators': 171, 'gamma': 0.5342413955109636, 'min_child_weight': 7, 'subsample': 0.5625688329729951, 'colsample_bytree': 0.6646861563559894}. Best is trial 214 with value: 0.8203162051168504.
[I 2025-04-08 20:28:15,302] Trial 284 finished with value: 0.8187649127246465 and parameters: {'max_depth': 8, 'learning_rate': 0.06434268376053306, 'n_estimators': 153, 'gamma': 0.46408053720330994, 'min_child_weight': 7, 'subsample': 0.6350643641254684, 'colsample_bytree': 0.7166934807587056}. Best is trial 214 with value: 0.8203162051168504.
[I 2025-04-08 20:28:17,041] Trial 285 finished with value: 0.818136069771079 and parameters: {'max_depth': 10, 'learning_rate': 0.04902833629283489, 'n_estimators': 144, 'gamma': 0.5102894995136746, 'min_child_weight': 7, 'subsample': 0.9505414843448678, 'colsample_bytree': 0.6526945271064055}. Best is trial 214 with value: 0.8203162051168504.
[I 2025-04-08 20:28:19,511] Trial 286 finished with value: 0.8129795751246351 and parameters: {'max_depth': 8, 'learning_rate': 0.11978980943436826, 'n_estimators': 192, 'gamma': 0.4879844778327421, 'min_child_weight': 7, 'subsample': 0.5400062041523618, 'colsample_bytree': 0.689055557200622}. Best is trial 214 with value: 0.8203162051168504.
[I 2025-04-08 20:28:21,761] Trial 287 finished with value: 0.8177586058436617 and parameters: {'max_depth': 11, 'learning_rate': 0.035579315762878705, 'n_estimators': 173, 'gamma': 0.44112557744120223, 'min_child_weight': 7, 'subsample': 0.649924010509646, 'colsample_bytree': 0.6750573411790692}. Best is trial 214 with value: 0.8203162051168504.
[I 2025-04-08 20:28:23,354] Trial 288 finished with value: 0.8179683373135745 and parameters: {'max_depth': 9, 'learning_rate': 0.08778487578341396, 'n_estimators': 152, 'gamma': 0.49234529737393545, 'min_child_weight': 7, 'subsample': 0.6247314055397208, 'colsample_bytree': 0.7006908201290495}. Best is trial 214 with value: 0.8203162051168504.
[I 2025-04-08 20:28:26,610] Trial 289 finished with value: 0.8143626957391211 and parameters: {'max_depth': 25, 'learning_rate': 0.05666046367296782, 'n_estimators': 159, 'gamma': 0.20307240697038112, 'min_child_weight': 6, 'subsample': 0.583483325833593, 'colsample_bytree': 0.6840512666833515}. Best is trial 214 with value: 0.8203162051168504.
[I 2025-04-08 20:28:27,740] Trial 290 finished with value: 0.8149079448424686 and parameters: {'max_depth': 6, 'learning_rate': 0.04491009336455383, 'n_estimators': 139, 'gamma': 0.45246911967298126, 'min_child_weight': 7, 'subsample': 0.5965532628740682, 'colsample_bytree': 0.6617071553971786}. Best is trial 214 with value: 0.8203162051168504.
[I 2025-04-08 20:28:29,387] Trial 291 finished with value: 0.819183989062684 and parameters: {'max_depth': 7, 'learning_rate': 0.07398450332937602, 'n_estimators': 148, 'gamma': 0.5116866096300736, 'min_child_weight': 7, 'subsample': 0.6144236682767076, 'colsample_bytree': 0.7255822027619901}. Best is trial 214 with value: 0.8203162051168504.
[I 2025-04-08 20:28:31,238] Trial 292 finished with value: 0.8181781215019127 and parameters: {'max_depth': 9, 'learning_rate': 0.027142244923143433, 'n_estimators': 168, 'gamma': 0.4663382511243801, 'min_child_weight': 7, 'subsample': 0.634030402400031, 'colsample_bytree': 0.7098805473172699}. Best is trial 214 with value: 0.8203162051168504.
[I 2025-04-08 20:28:32,848] Trial 293 finished with value: 0.8193099158086742 and parameters: {'max_depth': 8, 'learning_rate': 0.06149732855614408, 'n_estimators': 158, 'gamma': 0.5353362985456599, 'min_child_weight': 7, 'subsample': 0.6254398096399333, 'colsample_bytree': 0.691912016322828}. Best is trial 214 with value: 0.8203162051168504.
[I 2025-04-08 20:28:34,176] Trial 294 finished with value: 0.8163335389351932 and parameters: {'max_depth': 7, 'learning_rate': 0.03472347525174444, 'n_estimators': 145, 'gamma': 0.32334757799484004, 'min_child_weight': 7, 'subsample': 0.613695420657455, 'colsample_bytree': 0.6772876706304592}. Best is trial 214 with value: 0.8203162051168504.
[I 2025-04-08 20:28:35,850] Trial 295 finished with value: 0.8196452225684066 and parameters: {'max_depth': 8, 'learning_rate': 0.04712127829977977, 'n_estimators': 152, 'gamma': 0.4941778498243863, 'min_child_weight': 7, 'subsample': 0.6409606432076993, 'colsample_bytree': 0.6579348951185019}. Best is trial 214 with value: 0.8203162051168504.
[I 2025-04-08 20:28:37,323] Trial 296 finished with value: 0.8180941410499051 and parameters: {'max_depth': 7, 'learning_rate': 0.10149269853583857, 'n_estimators': 152, 'gamma': 0.49625145427455314, 'min_child_weight': 7, 'subsample': 0.6438764209226623, 'colsample_bytree': 0.6407697181078188}. Best is trial 214 with value: 0.8203162051168504.
[I 2025-04-08 20:28:38,969] Trial 297 finished with value: 0.8143629417584407 and parameters: {'max_depth': 5, 'learning_rate': 0.04741656947543547, 'n_estimators': 164, 'gamma': 0.4817159804645959, 'min_child_weight': 7, 'subsample': 0.5740428032967989, 'colsample_bytree': 0.6541410622701268}. Best is trial 214 with value: 0.8203162051168504.
[I 2025-04-08 20:28:40,577] Trial 298 finished with value: 0.8185970924030992 and parameters: {'max_depth': 8, 'learning_rate': 0.07834845236811204, 'n_estimators': 159, 'gamma': 0.5041116969548832, 'min_child_weight': 7, 'subsample': 0.6553171610778983, 'colsample_bytree': 0.6589275923146383}. Best is trial 214 with value: 0.8203162051168504.
[I 2025-04-08 20:28:42,188] Trial 299 finished with value: 0.8135245957814716 and parameters: {'max_depth': 8, 'learning_rate': 0.13965008118756259, 'n_estimators': 152, 'gamma': 0.47046418743718527, 'min_child_weight': 7, 'subsample': 0.5953819393565264, 'colsample_bytree': 0.6690256796754075}. Best is trial 214 with value: 0.8203162051168504.
[I 2025-04-08 20:28:43,530] Trial 300 finished with value: 0.8183037143645409 and parameters: {'max_depth': 6, 'learning_rate': 0.05705465601418384, 'n_estimators': 182, 'gamma': 0.487303345540572, 'min_child_weight': 7, 'subsample': 0.642732160363882, 'colsample_bytree': 0.6298505371026558}. Best is trial 214 with value: 0.8203162051168504.
[I 2025-04-08 20:28:45,459] Trial 301 finished with value: 0.8183039603838604 and parameters: {'max_depth': 8, 'learning_rate': 0.0349865964297116, 'n_estimators': 204, 'gamma': 0.43343665505784157, 'min_child_weight': 7, 'subsample': 0.9231991397267871, 'colsample_bytree': 0.6483929430569052}. Best is trial 214 with value: 0.8203162051168504.
[I 2025-04-08 20:28:46,785] Trial 302 finished with value: 0.820232365247311 and parameters: {'max_depth': 7, 'learning_rate': 0.06862919572478816, 'n_estimators': 155, 'gamma': 0.4592492117179926, 'min_child_weight': 7, 'subsample': 0.6046021486609661, 'colsample_bytree': 0.6789060025556445}. Best is trial 214 with value: 0.8203162051168504.
[I 2025-04-08 20:28:48,250] Trial 303 finished with value: 0.8195195242689273 and parameters: {'max_depth': 7, 'learning_rate': 0.07227512743448236, 'n_estimators': 174, 'gamma': 0.44716685981240245, 'min_child_weight': 6, 'subsample': 0.611652340082099, 'colsample_bytree': 0.6784398210240495}. Best is trial 214 with value: 0.8203162051168504.
[I 2025-04-08 20:28:50,066] Trial 304 finished with value: 0.8188486823029517 and parameters: {'max_depth': 6, 'learning_rate': 0.09193868271397412, 'n_estimators': 163, 'gamma': 0.45486179627457063, 'min_child_weight': 7, 'subsample': 0.6625725494273438, 'colsample_bytree': 0.6659278489714485}. Best is trial 214 with value: 0.8203162051168504.
[I 2025-04-08 20:28:51,415] Trial 305 finished with value: 0.8125603406313207 and parameters: {'max_depth': 7, 'learning_rate': 0.02103455967184525, 'n_estimators': 147, 'gamma': 0.526210697517916, 'min_child_weight': 7, 'subsample': 0.6310247658611183, 'colsample_bytree': 0.6838083218831691}. Best is trial 214 with value: 0.8203162051168504.
[I 2025-04-08 20:28:52,783] Trial 306 finished with value: 0.8193518445298482 and parameters: {'max_depth': 7, 'learning_rate': 0.06679667309828997, 'n_estimators': 157, 'gamma': 0.46097539931761217, 'min_child_weight': 7, 'subsample': 0.5856028445637487, 'colsample_bytree': 0.6743930277143997}. Best is trial 214 with value: 0.8203162051168504.
[I 2025-04-08 20:28:54,368] Trial 307 finished with value: 0.8186391792795501 and parameters: {'max_depth': 6, 'learning_rate': 0.04085380600342545, 'n_estimators': 212, 'gamma': 0.5155963885117094, 'min_child_weight': 7, 'subsample': 0.620349267172935, 'colsample_bytree': 0.6612385233569714}. Best is trial 214 with value: 0.8203162051168504.
[I 2025-04-08 20:28:56,051] Trial 308 finished with value: 0.8165849003885347 and parameters: {'max_depth': 8, 'learning_rate': 0.02719072386045282, 'n_estimators': 168, 'gamma': 0.49349362437984245, 'min_child_weight': 7, 'subsample': 0.5634764150311732, 'colsample_bytree': 0.6914792252109252}. Best is trial 214 with value: 0.8203162051168504.
[I 2025-04-08 20:28:57,352] Trial 309 finished with value: 0.8189745914761335 and parameters: {'max_depth': 7, 'learning_rate': 0.05270905057588811, 'n_estimators': 143, 'gamma': 0.4983522315679761, 'min_child_weight': 7, 'subsample': 0.6077248512029314, 'colsample_bytree': 0.6720699047880387}. Best is trial 214 with value: 0.8203162051168504.
[I 2025-04-08 20:28:59,034] Trial 310 finished with value: 0.8180943167779905 and parameters: {'max_depth': 8, 'learning_rate': 0.07939979434012986, 'n_estimators': 177, 'gamma': 0.4667112911821344, 'min_child_weight': 7, 'subsample': 0.6186906431028714, 'colsample_bytree': 0.6549702687533844}. Best is trial 214 with value: 0.8203162051168504.
[I 2025-04-08 20:29:00,811] Trial 311 finished with value: 0.8195192079583734 and parameters: {'max_depth': 6, 'learning_rate': 0.10522040842272005, 'n_estimators': 149, 'gamma': 0.4834596116993799, 'min_child_weight': 7, 'subsample': 0.6364121949310425, 'colsample_bytree': 0.6854138250574735}. Best is trial 214 with value: 0.8203162051168504.
[I 2025-04-08 20:29:01,984] Trial 312 finished with value: 0.6377394866279713 and parameters: {'max_depth': 5, 'learning_rate': 8.699102952578115e-05, 'n_estimators': 162, 'gamma': 0.5099968867565302, 'min_child_weight': 7, 'subsample': 0.6034862682452994, 'colsample_bytree': 0.6952137058277514}. Best is trial 214 with value: 0.8203162051168504.
[I 2025-04-08 20:29:03,630] Trial 313 finished with value: 0.8194355438169195 and parameters: {'max_depth': 7, 'learning_rate': 0.06282495477791497, 'n_estimators': 193, 'gamma': 0.47248476049381016, 'min_child_weight': 7, 'subsample': 0.5904457185617856, 'colsample_bytree': 0.6470900837501861}. Best is trial 214 with value: 0.8203162051168504.
