[I 2025-04-08 00:25:56,452] Trial 173 finished with value: 0.8201062452004265 and parameters: {'lambda_l1': 7.694621936868736e-05, 'lambda_l2': 3.935592730692126, 'num_leaves': 36, 'feature_fraction': 0.564686084553486, 'bagging_fraction': 0.9446492868561758, 'bagging_freq': 16, 'min_child_samples': 96}. Best is trial 118 with value: 0.8214058071103099.
[I 2025-04-08 00:25:57,941] Trial 174 finished with value: 0.8185968639565881 and parameters: {'lambda_l1': 1.0181253042254882e-05, 'lambda_l2': 1.744802731213524, 'num_leaves': 32, 'feature_fraction': 0.5808393850972157, 'bagging_fraction': 0.5867171207964316, 'bagging_freq': 15, 'min_child_samples': 115}. Best is trial 118 with value: 0.8214058071103099.
[I 2025-04-08 00:25:59,582] Trial 175 finished with value: 0.8201480333391323 and parameters: {'lambda_l1': 0.0005527697478577473, 'lambda_l2': 19.249255705161232, 'num_leaves': 39, 'feature_fraction': 0.537646564275738, 'bagging_fraction': 0.9685476283823475, 'bagging_freq': 16, 'min_child_samples': 104}. Best is trial 118 with value: 0.8214058071103099.
[I 2025-04-08 00:26:01,854] Trial 176 finished with value: 0.8191002897756128 and parameters: {'lambda_l1': 2.7371453102987712e-06, 'lambda_l2': 5.996846112054824, 'num_leaves': 42, 'feature_fraction': 0.6070039927622091, 'bagging_fraction': 0.956000136439382, 'bagging_freq': 15, 'min_child_samples': 26}. Best is trial 118 with value: 0.8214058071103099.
[I 2025-04-08 00:26:03,972] Trial 177 finished with value: 0.819393404222043 and parameters: {'lambda_l1': 0.00012152035568289041, 'lambda_l2': 12.119295427146245, 'num_leaves': 50, 'feature_fraction': 0.557901595597466, 'bagging_fraction': 0.6219671598091047, 'bagging_freq': 16, 'min_child_samples': 120}. Best is trial 118 with value: 0.8214058071103099.
[I 2025-04-08 00:26:05,619] Trial 178 finished with value: 0.8201060518995329 and parameters: {'lambda_l1': 3.8908030214265505e-06, 'lambda_l2': 1.2401338316855313e-09, 'num_leaves': 36, 'feature_fraction': 0.6260721940301963, 'bagging_fraction': 0.9364889537035416, 'bagging_freq': 7, 'min_child_samples': 98}. Best is trial 118 with value: 0.8214058071103099.
[I 2025-04-08 00:26:07,063] Trial 179 finished with value: 0.8149497681267913 and parameters: {'lambda_l1': 5.476047164160282e-07, 'lambda_l2': 58.975538712146005, 'num_leaves': 30, 'feature_fraction': 0.5934945419747578, 'bagging_fraction': 0.5417859262070989, 'bagging_freq': 16, 'min_child_samples': 111}. Best is trial 118 with value: 0.8214058071103099.
[I 2025-04-08 00:26:08,861] Trial 180 finished with value: 0.8187647545693697 and parameters: {'lambda_l1': 2.1638791282793854e-07, 'lambda_l2': 3.091707795473197, 'num_leaves': 47, 'feature_fraction': 0.5736859766578021, 'bagging_fraction': 0.9808200970993773, 'bagging_freq': 5, 'min_child_samples': 6}. Best is trial 118 with value: 0.8214058071103099.
[I 2025-04-08 00:26:10,152] Trial 181 finished with value: 0.8201061046179584 and parameters: {'lambda_l1': 1.2156347287533198e-07, 'lambda_l2': 33.845464882981005, 'num_leaves': 26, 'feature_fraction': 0.6011602945320494, 'bagging_fraction': 0.9728392175361358, 'bagging_freq': 16, 'min_child_samples': 93}. Best is trial 118 with value: 0.8214058071103099.
[I 2025-04-08 00:26:12,128] Trial 182 finished with value: 0.8201062276276181 and parameters: {'lambda_l1': 2.6789355634881526e-05, 'lambda_l2': 21.16164119990417, 'num_leaves': 28, 'feature_fraction': 0.6132811378305176, 'bagging_fraction': 0.9862410267744663, 'bagging_freq': 16, 'min_child_samples': 100}. Best is trial 118 with value: 0.8214058071103099.
[I 2025-04-08 00:26:13,894] Trial 183 finished with value: 0.8196448183938102 and parameters: {'lambda_l1': 7.388901598026101e-08, 'lambda_l2': 41.98792426409682, 'num_leaves': 34, 'feature_fraction': 0.5879428795545587, 'bagging_fraction': 0.9621048850719826, 'bagging_freq': 15, 'min_child_samples': 94}. Best is trial 118 with value: 0.8214058071103099.
[I 2025-04-08 00:26:15,242] Trial 184 finished with value: 0.8197707802854175 and parameters: {'lambda_l1': 1.6246310154965618e-07, 'lambda_l2': 9.400097137894363, 'num_leaves': 30, 'feature_fraction': 0.6020399175311155, 'bagging_fraction': 0.9985080259071665, 'bagging_freq': 16, 'min_child_samples': 96}. Best is trial 118 with value: 0.8214058071103099.
[I 2025-04-08 00:26:17,062] Trial 185 finished with value: 0.8199386884710076 and parameters: {'lambda_l1': 4.656603713635165e-08, 'lambda_l2': 15.854607663269725, 'num_leaves': 38, 'feature_fraction': 0.5631040193454121, 'bagging_fraction': 0.9494988899543112, 'bagging_freq': 16, 'min_child_samples': 91}. Best is trial 118 with value: 0.8214058071103099.
[I 2025-04-08 00:26:18,365] Trial 186 finished with value: 0.8197709735863116 and parameters: {'lambda_l1': 0.0014619959962896968, 'lambda_l2': 5.324522299867593, 'num_leaves': 23, 'feature_fraction': 0.5832780271500227, 'bagging_fraction': 0.9741472180661509, 'bagging_freq': 15, 'min_child_samples': 102}. Best is trial 118 with value: 0.8214058071103099.
[I 2025-04-08 00:26:19,984] Trial 187 finished with value: 0.8192676356313294 and parameters: {'lambda_l1': 3.519523856477755e-07, 'lambda_l2': 25.349637444001452, 'num_leaves': 32, 'feature_fraction': 0.6445432183380091, 'bagging_fraction': 0.9821588032686327, 'bagging_freq': 16, 'min_child_samples': 105}. Best is trial 118 with value: 0.8214058071103099.
[I 2025-04-08 00:26:22,473] Trial 188 finished with value: 0.8188901892767207 and parameters: {'lambda_l1': 8.251389249816703e-07, 'lambda_l2': 60.014526328411094, 'num_leaves': 44, 'feature_fraction': 0.7126059381347111, 'bagging_fraction': 0.961820859844146, 'bagging_freq': 6, 'min_child_samples': 13}. Best is trial 118 with value: 0.8214058071103099.
[I 2025-04-08 00:26:24,016] Trial 189 finished with value: 0.820274065521974 and parameters: {'lambda_l1': 1.3413294124495464e-06, 'lambda_l2': 10.392971188224623, 'num_leaves': 27, 'feature_fraction': 0.5736581564524049, 'bagging_fraction': 0.9460632136616918, 'bagging_freq': 16, 'min_child_samples': 99}. Best is trial 118 with value: 0.8214058071103099.
[I 2025-04-08 00:26:25,909] Trial 190 finished with value: 0.821154533521011 and parameters: {'lambda_l1': 5.074043604072201e-07, 'lambda_l2': 7.234660064313228, 'num_leaves': 41, 'feature_fraction': 0.5965133459896935, 'bagging_fraction': 0.9065558553481237, 'bagging_freq': 14, 'min_child_samples': 93}. Best is trial 118 with value: 0.8214058071103099.
[I 2025-04-08 00:26:27,523] Trial 191 finished with value: 0.820441587105776 and parameters: {'lambda_l1': 5.103321459432395e-07, 'lambda_l2': 6.197009632723325, 'num_leaves': 41, 'feature_fraction': 0.5951036356971469, 'bagging_fraction': 0.9044809147556707, 'bagging_freq': 14, 'min_child_samples': 92}. Best is trial 118 with value: 0.8214058071103099.
[I 2025-04-08 00:26:29,191] Trial 192 finished with value: 0.8197289394282862 and parameters: {'lambda_l1': 5.788662030521061e-07, 'lambda_l2': 4.664490241399386, 'num_leaves': 40, 'feature_fraction': 0.6130159565475204, 'bagging_fraction': 0.9006336984207332, 'bagging_freq': 14, 'min_child_samples': 97}. Best is trial 118 with value: 0.8214058071103099.
[I 2025-04-08 00:26:31,057] Trial 193 finished with value: 0.8199803360272447 and parameters: {'lambda_l1': 4.3797946652327025e-07, 'lambda_l2': 8.071884168998812, 'num_leaves': 41, 'feature_fraction': 0.5965907330518737, 'bagging_fraction': 0.9163376681076213, 'bagging_freq': 14, 'min_child_samples': 93}. Best is trial 118 with value: 0.8214058071103099.
[I 2025-04-08 00:26:33,243] Trial 194 finished with value: 0.818387150059484 and parameters: {'lambda_l1': 2.786799846128702e-07, 'lambda_l2': 2.1893125229790136, 'num_leaves': 45, 'feature_fraction': 0.5464737405216282, 'bagging_fraction': 0.9277682024854861, 'bagging_freq': 14, 'min_child_samples': 123}. Best is trial 118 with value: 0.8214058071103099.
[I 2025-04-08 00:26:34,795] Trial 195 finished with value: 0.8190159402946258 and parameters: {'lambda_l1': 1.4154426245456443e-06, 'lambda_l2': 13.352514818088954, 'num_leaves': 37, 'feature_fraction': 0.6236037345890864, 'bagging_fraction': 0.8960061105342607, 'bagging_freq': 14, 'min_child_samples': 101}. Best is trial 118 with value: 0.8214058071103099.
[I 2025-04-08 00:26:36,441] Trial 196 finished with value: 0.8197289745739035 and parameters: {'lambda_l1': 8.158725825511434e-07, 'lambda_l2': 6.6498743005196745, 'num_leaves': 42, 'feature_fraction': 0.5827570005351119, 'bagging_fraction': 0.911127120274227, 'bagging_freq': 15, 'min_child_samples': 87}. Best is trial 118 with value: 0.8214058071103099.
[I 2025-04-08 00:26:37,837] Trial 197 finished with value: 0.8205252336744217 and parameters: {'lambda_l1': 1.678260849656957e-06, 'lambda_l2': 2.98604502940755, 'num_leaves': 35, 'feature_fraction': 0.5583235435586298, 'bagging_fraction': 0.6779537018210448, 'bagging_freq': 15, 'min_child_samples': 96}. Best is trial 118 with value: 0.8214058071103099.
[I 2025-04-08 00:26:39,290] Trial 198 finished with value: 0.8197291151563716 and parameters: {'lambda_l1': 2.477246948135556e-06, 'lambda_l2': 3.059451113443378, 'num_leaves': 35, 'feature_fraction': 0.556145785622363, 'bagging_fraction': 0.9346410231373757, 'bagging_freq': 15, 'min_child_samples': 99}. Best is trial 118 with value: 0.8214058071103099.
[I 2025-04-08 00:26:40,850] Trial 199 finished with value: 0.8176747835469309 and parameters: {'lambda_l1': 4.5382126257569e-06, 'lambda_l2': 1.2223282560778368, 'num_leaves': 39, 'feature_fraction': 0.525970811729289, 'bagging_fraction': 0.9505779510022698, 'bagging_freq': 14, 'min_child_samples': 20}. Best is trial 118 with value: 0.8214058071103099.
[I 2025-04-08 00:26:43,052] Trial 200 finished with value: 0.8201480684847496 and parameters: {'lambda_l1': 1.7333852520052307e-06, 'lambda_l2': 0.9185430536428029, 'num_leaves': 46, 'feature_fraction': 0.5681396493832682, 'bagging_fraction': 0.6690511758590854, 'bagging_freq': 15, 'min_child_samples': 94}. Best is trial 118 with value: 0.8214058071103099.
[I 2025-04-08 00:26:44,814] Trial 201 finished with value: 0.8201477697470043 and parameters: {'lambda_l1': 1.0011761462590226e-06, 'lambda_l2': 4.571141941103349, 'num_leaves': 37, 'feature_fraction': 0.5908928799444839, 'bagging_fraction': 0.6510269035669285, 'bagging_freq': 15, 'min_child_samples': 96}. Best is trial 118 with value: 0.8214058071103099.
[I 2025-04-08 00:26:46,422] Trial 202 finished with value: 0.8199385654613476 and parameters: {'lambda_l1': 2.439824282088346e-07, 'lambda_l2': 15.207827676713425, 'num_leaves': 33, 'feature_fraction': 0.572716087618148, 'bagging_fraction': 0.7039705792096791, 'bagging_freq': 13, 'min_child_samples': 84}. Best is trial 118 with value: 0.8214058071103099.
[I 2025-04-08 00:26:48,268] Trial 203 finished with value: 0.8198543741356374 and parameters: {'lambda_l1': 3.8839278736463085e-07, 'lambda_l2': 8.511120094616132, 'num_leaves': 43, 'feature_fraction': 0.6074354502772134, 'bagging_fraction': 0.7187521478828317, 'bagging_freq': 15, 'min_child_samples': 102}. Best is trial 118 with value: 0.8214058071103099.
[I 2025-04-08 00:26:49,731] Trial 204 finished with value: 0.8203158888062966 and parameters: {'lambda_l1': 5.961608669545919e-07, 'lambda_l2': 2.0977923371637552, 'num_leaves': 34, 'feature_fraction': 0.5562209166310703, 'bagging_fraction': 0.6819754645239168, 'bagging_freq': 16, 'min_child_samples': 91}. Best is trial 118 with value: 0.8214058071103099.
[I 2025-04-08 00:26:51,150] Trial 205 finished with value: 0.8190579744526509 and parameters: {'lambda_l1': 6.723343131705777e-07, 'lambda_l2': 2.7451004093379123, 'num_leaves': 35, 'feature_fraction': 0.5395117328447621, 'bagging_fraction': 0.6980522546796527, 'bagging_freq': 16, 'min_child_samples': 91}. Best is trial 118 with value: 0.8214058071103099.
[I 2025-04-08 00:26:53,356] Trial 206 finished with value: 0.8197289921467119 and parameters: {'lambda_l1': 7.767536340092444e-06, 'lambda_l2': 2.1714309011130646, 'num_leaves': 40, 'feature_fraction': 0.554300202721075, 'bagging_fraction': 0.6874648947798498, 'bagging_freq': 14, 'min_child_samples': 89}. Best is trial 118 with value: 0.8214058071103099.
[I 2025-04-08 00:26:55,433] Trial 207 finished with value: 0.8181357358877168 and parameters: {'lambda_l1': 2.0303483314893422e-07, 'lambda_l2': 1.377980768434308, 'num_leaves': 49, 'feature_fraction': 0.6894600061316205, 'bagging_fraction': 0.6716456171759013, 'bagging_freq': 9, 'min_child_samples': 98}. Best is trial 118 with value: 0.8214058071103099.
[I 2025-04-08 00:26:57,078] Trial 208 finished with value: 0.8198125332785061 and parameters: {'lambda_l1': 2.189045044978261e-06, 'lambda_l2': 4.637110905957576, 'num_leaves': 37, 'feature_fraction': 0.5610938011519744, 'bagging_fraction': 0.6824139634004109, 'bagging_freq': 15, 'min_child_samples': 106}. Best is trial 118 with value: 0.8214058071103099.
[I 2025-04-08 00:26:58,652] Trial 209 finished with value: 0.8209864496073356 and parameters: {'lambda_l1': 2.6189913405255792e-05, 'lambda_l2': 6.643563067268651, 'num_leaves': 33, 'feature_fraction': 0.5832410043360878, 'bagging_fraction': 0.8770848605132437, 'bagging_freq': 8, 'min_child_samples': 93}. Best is trial 118 with value: 0.8214058071103099.
[I 2025-04-08 00:27:00,314] Trial 210 finished with value: 0.8201482266400262 and parameters: {'lambda_l1': 2.4836828988312096e-05, 'lambda_l2': 6.7119476269450535, 'num_leaves': 42, 'feature_fraction': 0.5430673081793641, 'bagging_fraction': 0.8883063153618835, 'bagging_freq': 8, 'min_child_samples': 94}. Best is trial 118 with value: 0.8214058071103099.
[I 2025-04-08 00:27:01,746] Trial 211 finished with value: 0.8198127617250173 and parameters: {'lambda_l1': 1.2843301197250372e-05, 'lambda_l2': 10.179535345010096, 'num_leaves': 33, 'feature_fraction': 0.5807419846127047, 'bagging_fraction': 0.8732045613256747, 'bagging_freq': 7, 'min_child_samples': 92}. Best is trial 118 with value: 0.8214058071103099.
[I 2025-04-08 00:27:03,150] Trial 212 finished with value: 0.8194354032344512 and parameters: {'lambda_l1': 0.0002846561172753232, 'lambda_l2': 3.9921211629470377, 'num_leaves': 31, 'feature_fraction': 0.5830553395324535, 'bagging_fraction': 0.9057875300691683, 'bagging_freq': 8, 'min_child_samples': 97}. Best is trial 118 with value: 0.8214058071103099.
[I 2025-04-08 00:27:05,280] Trial 213 finished with value: 0.8190999558922506 and parameters: {'lambda_l1': 3.4791088444522315e-05, 'lambda_l2': 16.41862349079775, 'num_leaves': 35, 'feature_fraction': 0.5694832262392445, 'bagging_fraction': 0.7297664977198356, 'bagging_freq': 8, 'min_child_samples': 88}. Best is trial 118 with value: 0.8214058071103099.
[I 2025-04-08 00:27:07,012] Trial 214 finished with value: 0.8210287122118718 and parameters: {'lambda_l1': 1.1175023337302286e-06, 'lambda_l2': 6.875521544066641, 'num_leaves': 39, 'feature_fraction': 0.5912839703273093, 'bagging_fraction': 0.9217496321499464, 'bagging_freq': 16, 'min_child_samples': 100}. Best is trial 118 with value: 0.8214058071103099.
[I 2025-04-08 00:27:08,794] Trial 215 finished with value: 0.8201062979188523 and parameters: {'lambda_l1': 8.962298704384207e-07, 'lambda_l2': 6.462111558535306, 'num_leaves': 39, 'feature_fraction': 0.552280434676545, 'bagging_fraction': 0.9185219863667384, 'bagging_freq': 16, 'min_child_samples': 104}. Best is trial 118 with value: 0.8214058071103099.
[I 2025-04-08 00:27:10,701] Trial 216 finished with value: 0.8189743454568139 and parameters: {'lambda_l1': 5.548532908301152e-07, 'lambda_l2': 2.7759489058491384, 'num_leaves': 44, 'feature_fraction': 0.5714974575120847, 'bagging_fraction': 0.92192843703752, 'bagging_freq': 15, 'min_child_samples': 100}. Best is trial 118 with value: 0.8214058071103099.
[I 2025-04-08 00:27:12,499] Trial 217 finished with value: 0.8200226337773984 and parameters: {'lambda_l1': 9.211879102031418e-08, 'lambda_l2': 1.7076326258668584, 'num_leaves': 41, 'feature_fraction': 0.6051694822558772, 'bagging_fraction': 0.939408672510019, 'bagging_freq': 9, 'min_child_samples': 103}. Best is trial 118 with value: 0.8214058071103099.
[I 2025-04-08 00:27:14,709] Trial 218 finished with value: 0.8196447656753845 and parameters: {'lambda_l1': 7.975061830814886e-05, 'lambda_l2': 10.22270090198505, 'num_leaves': 38, 'feature_fraction': 0.5890776063146982, 'bagging_fraction': 0.6277889704254322, 'bagging_freq': 16, 'min_child_samples': 109}. Best is trial 118 with value: 0.8214058071103099.
[I 2025-04-08 00:27:16,509] Trial 219 finished with value: 0.8191000613291018 and parameters: {'lambda_l1': 1.2685880197381834e-06, 'lambda_l2': 4.836040117933975, 'num_leaves': 45, 'feature_fraction': 0.618207046156263, 'bagging_fraction': 0.9347553466976759, 'bagging_freq': 15, 'min_child_samples': 94}. Best is trial 118 with value: 0.8214058071103099.
[I 2025-04-08 00:27:19,536] Trial 220 finished with value: 0.8197289745739035 and parameters: {'lambda_l1': 1.6699210486949943e-07, 'lambda_l2': 14.16127778203167, 'num_leaves': 116, 'feature_fraction': 0.5604900095884443, 'bagging_fraction': 0.9011690895012295, 'bagging_freq': 16, 'min_child_samples': 101}. Best is trial 118 with value: 0.8214058071103099.
[I 2025-04-08 00:27:21,008] Trial 221 finished with value: 0.8207769993023595 and parameters: {'lambda_l1': 2.9978364724023238e-06, 'lambda_l2': 21.010249838208576, 'num_leaves': 33, 'feature_fraction': 0.596880527606474, 'bagging_fraction': 0.959216952868987, 'bagging_freq': 16, 'min_child_samples': 99}. Best is trial 118 with value: 0.8214058071103099.
[I 2025-04-08 00:27:22,393] Trial 222 finished with value: 0.8196451171315552 and parameters: {'lambda_l1': 4.339922723589621e-06, 'lambda_l2': 7.364827377427005, 'num_leaves': 34, 'feature_fraction': 0.5998795037346953, 'bagging_fraction': 0.6605748332322401, 'bagging_freq': 16, 'min_child_samples': 96}. Best is trial 118 with value: 0.8214058071103099.
[I 2025-04-08 00:27:24,008] Trial 223 finished with value: 0.8199804063184791 and parameters: {'lambda_l1': 3.099012792423802e-07, 'lambda_l2': 20.133831234266502, 'num_leaves': 37, 'feature_fraction': 0.5781725176790957, 'bagging_fraction': 0.9612109649494228, 'bagging_freq': 16, 'min_child_samples': 99}. Best is trial 118 with value: 0.8214058071103099.
[I 2025-04-08 00:27:25,882] Trial 224 finished with value: 0.8196033465656584 and parameters: {'lambda_l1': 1.4309303400260502e-06, 'lambda_l2': 0.2867561041980756, 'num_leaves': 32, 'feature_fraction': 0.5890690377366736, 'bagging_fraction': 0.9556220364007394, 'bagging_freq': 16, 'min_child_samples': 91}. Best is trial 118 with value: 0.8214058071103099.
[I 2025-04-08 00:27:27,449] Trial 225 finished with value: 0.8198124102688464 and parameters: {'lambda_l1': 5.923631105913754e-07, 'lambda_l2': 10.63715364528028, 'num_leaves': 40, 'feature_fraction': 0.633501011752669, 'bagging_fraction': 0.67757196104557, 'bagging_freq': 15, 'min_child_samples': 119}. Best is trial 118 with value: 0.8214058071103099.
[I 2025-04-08 00:27:29,013] Trial 226 finished with value: 0.8199383897332624 and parameters: {'lambda_l1': 1.8484562870179514e-05, 'lambda_l2': 3.783413570159436, 'num_leaves': 36, 'feature_fraction': 0.5990631718308984, 'bagging_fraction': 0.9348896432088474, 'bagging_freq': 16, 'min_child_samples': 44}. Best is trial 118 with value: 0.8214058071103099.
[I 2025-04-08 00:27:30,810] Trial 227 finished with value: 0.820148156348792 and parameters: {'lambda_l1': 1.984605394319877e-06, 'lambda_l2': 20.353588293109237, 'num_leaves': 47, 'feature_fraction': 0.721490585549795, 'bagging_fraction': 0.8495441385462765, 'bagging_freq': 16, 'min_child_samples': 101}. Best is trial 118 with value: 0.8214058071103099.
[I 2025-04-08 00:27:32,229] Trial 228 finished with value: 0.8201482266400262 and parameters: {'lambda_l1': 6.387820114825775e-06, 'lambda_l2': 7.16492278931222, 'num_leaves': 33, 'feature_fraction': 0.6142677692702074, 'bagging_fraction': 0.9476804990058736, 'bagging_freq': 15, 'min_child_samples': 95}. Best is trial 118 with value: 0.8214058071103099.
[I 2025-04-08 00:27:33,860] Trial 229 finished with value: 0.818764701850944 and parameters: {'lambda_l1': 9.745942462103279e-07, 'lambda_l2': 0.6468152200581013, 'num_leaves': 43, 'feature_fraction': 0.5805759234114221, 'bagging_fraction': 0.9241324050814053, 'bagging_freq': 16, 'min_child_samples': 98}. Best is trial 118 with value: 0.8214058071103099.
[I 2025-04-08 00:27:36,021] Trial 230 finished with value: 0.819058009598268 and parameters: {'lambda_l1': 2.773484890057476e-07, 'lambda_l2': 0.017645517567234394, 'num_leaves': 39, 'feature_fraction': 0.5365851818571838, 'bagging_fraction': 0.9707715040098994, 'bagging_freq': 15, 'min_child_samples': 125}. Best is trial 118 with value: 0.8214058071103099.
[I 2025-04-08 00:27:37,461] Trial 231 finished with value: 0.82006422861521 and parameters: {'lambda_l1': 3.5620054202164433e-06, 'lambda_l2': 25.324327723904, 'num_leaves': 30, 'feature_fraction': 0.5920012129037824, 'bagging_fraction': 0.9897147956115169, 'bagging_freq': 16, 'min_child_samples': 99}. Best is trial 118 with value: 0.8214058071103099.
[I 2025-04-08 00:27:38,964] Trial 232 finished with value: 0.8201063857828949 and parameters: {'lambda_l1': 2.7060292611140205e-06, 'lambda_l2': 0.003993495290342729, 'num_leaves': 35, 'feature_fraction': 0.5669325059887617, 'bagging_fraction': 0.9673809166284852, 'bagging_freq': 16, 'min_child_samples': 104}. Best is trial 118 with value: 0.8214058071103099.
[I 2025-04-08 00:27:40,552] Trial 233 finished with value: 0.8199805820465645 and parameters: {'lambda_l1': 4.7249498323977643e-07, 'lambda_l2': 13.661221813838452, 'num_leaves': 32, 'feature_fraction': 0.5943653823336386, 'bagging_fraction': 0.9550664627043708, 'bagging_freq': 16, 'min_child_samples': 97}. Best is trial 118 with value: 0.8214058071103099.
