[I 2025-04-08 01:27:33,575] Trial 248 finished with value: 0.8196032938472324 and parameters: {'lambda_l1': 0.12428164323433583, 'lambda_l2': 18.017830689463235, 'num_leaves': 42, 'feature_fraction': 0.60302264197045, 'bagging_fraction': 0.6841426740653556, 'bagging_freq': 1, 'min_child_samples': 104}. Best is trial 235 with value: 0.8200227040686323.
[I 2025-04-08 01:27:35,122] Trial 249 finished with value: 0.8175071213806604 and parameters: {'lambda_l1': 0.08677942013967486, 'lambda_l2': 40.83446472011507, 'num_leaves': 45, 'feature_fraction': 0.599965110577545, 'bagging_fraction': 0.6681474743747362, 'bagging_freq': 1, 'min_child_samples': 102}. Best is trial 235 with value: 0.8200227040686323.
[I 2025-04-08 01:27:36,790] Trial 250 finished with value: 0.8189323464444058 and parameters: {'lambda_l1': 0.13478296635341702, 'lambda_l2': 15.687684657235446, 'num_leaves': 48, 'feature_fraction': 0.5947920845700881, 'bagging_fraction': 0.6969613136501842, 'bagging_freq': 1, 'min_child_samples': 104}. Best is trial 235 with value: 0.8200227040686323.
[I 2025-04-08 01:27:38,348] Trial 251 finished with value: 0.8191002370571873 and parameters: {'lambda_l1': 0.2931913963787377, 'lambda_l2': 15.855067759766028, 'num_leaves': 43, 'feature_fraction': 0.6334362837086401, 'bagging_fraction': 0.7075422736963461, 'bagging_freq': 1, 'min_child_samples': 105}. Best is trial 235 with value: 0.8200227040686323.
[I 2025-04-08 01:27:39,874] Trial 252 finished with value: 0.8189323640172145 and parameters: {'lambda_l1': 0.3369136705015945, 'lambda_l2': 14.67314126043483, 'num_leaves': 42, 'feature_fraction': 0.6298577760615399, 'bagging_fraction': 0.7058074478581984, 'bagging_freq': 1, 'min_child_samples': 104}. Best is trial 235 with value: 0.8200227040686323.
[I 2025-04-08 01:27:41,466] Trial 253 finished with value: 0.8182617504977499 and parameters: {'lambda_l1': 0.1602578226885638, 'lambda_l2': 27.35382570149143, 'num_leaves': 46, 'feature_fraction': 0.6199942282764023, 'bagging_fraction': 0.659115403396347, 'bagging_freq': 2, 'min_child_samples': 106}. Best is trial 235 with value: 0.8200227040686323.
[I 2025-04-08 01:27:43,536] Trial 254 finished with value: 0.8161236844556207 and parameters: {'lambda_l1': 0.06266657576978359, 'lambda_l2': 66.53113200659512, 'num_leaves': 43, 'feature_fraction': 0.5954266771727595, 'bagging_fraction': 0.680011836252081, 'bagging_freq': 1, 'min_child_samples': 106}. Best is trial 235 with value: 0.8200227040686323.
[I 2025-04-08 01:27:45,284] Trial 255 finished with value: 0.8159139354128996 and parameters: {'lambda_l1': 0.303759223160634, 'lambda_l2': 19.99113631437582, 'num_leaves': 41, 'feature_fraction': 0.5783234185280092, 'bagging_fraction': 0.7072201846633221, 'bagging_freq': 1, 'min_child_samples': 103}. Best is trial 235 with value: 0.8200227040686323.
[I 2025-04-08 01:27:47,124] Trial 256 finished with value: 0.8184713589580026 and parameters: {'lambda_l1': 0.14708897397061538, 'lambda_l2': 5.90596274561057, 'num_leaves': 45, 'feature_fraction': 0.6337560721389909, 'bagging_fraction': 0.6878927051991809, 'bagging_freq': 2, 'min_child_samples': 110}. Best is trial 235 with value: 0.8200227040686323.
[I 2025-04-08 01:27:48,739] Trial 257 finished with value: 0.8182615571968558 and parameters: {'lambda_l1': 0.07332334932583896, 'lambda_l2': 40.4638801368622, 'num_leaves': 48, 'feature_fraction': 0.6158559474837928, 'bagging_fraction': 0.713830574265583, 'bagging_freq': 1, 'min_child_samples': 101}. Best is trial 235 with value: 0.8200227040686323.
[I 2025-04-08 01:27:50,257] Trial 258 finished with value: 0.8184293775184031 and parameters: {'lambda_l1': 0.5211690756426797, 'lambda_l2': 11.876797830442818, 'num_leaves': 40, 'feature_fraction': 0.5888464829342127, 'bagging_fraction': 0.6718246743613467, 'bagging_freq': 1, 'min_child_samples': 107}. Best is trial 235 with value: 0.8200227040686323.
[I 2025-04-08 01:27:51,874] Trial 259 finished with value: 0.8192259177838579 and parameters: {'lambda_l1': 0.2645343934597258, 'lambda_l2': 7.187132444088659, 'num_leaves': 43, 'feature_fraction': 0.6039466422134755, 'bagging_fraction': 0.705363264624062, 'bagging_freq': 1, 'min_child_samples': 112}. Best is trial 235 with value: 0.8200227040686323.
[I 2025-04-08 01:27:53,812] Trial 260 finished with value: 0.819267881650649 and parameters: {'lambda_l1': 0.26673390671551084, 'lambda_l2': 8.334405473470843, 'num_leaves': 39, 'feature_fraction': 0.6034788776511744, 'bagging_fraction': 0.7026469465990167, 'bagging_freq': 1, 'min_child_samples': 110}. Best is trial 235 with value: 0.8200227040686323.
[I 2025-04-08 01:27:55,263] Trial 261 finished with value: 0.8190163971876478 and parameters: {'lambda_l1': 0.2547941238324526, 'lambda_l2': 5.788291811147139, 'num_leaves': 38, 'feature_fraction': 0.655122671613546, 'bagging_fraction': 0.7167305160562326, 'bagging_freq': 1, 'min_child_samples': 111}. Best is trial 235 with value: 0.8200227040686323.
[I 2025-04-08 01:27:56,841] Trial 262 finished with value: 0.8189744157480481 and parameters: {'lambda_l1': 0.1460007150666767, 'lambda_l2': 9.233518511340543, 'num_leaves': 43, 'feature_fraction': 0.6034155085143713, 'bagging_fraction': 0.7041854639061645, 'bagging_freq': 2, 'min_child_samples': 110}. Best is trial 235 with value: 0.8200227040686323.
[I 2025-04-08 01:27:58,347] Trial 263 finished with value: 0.8141113342857794 and parameters: {'lambda_l1': 0.4608132866619252, 'lambda_l2': 23.284605196016074, 'num_leaves': 39, 'feature_fraction': 0.5511148892835622, 'bagging_fraction': 0.7254216512156053, 'bagging_freq': 1, 'min_child_samples': 113}. Best is trial 235 with value: 0.8200227040686323.
[I 2025-04-08 01:28:00,046] Trial 264 finished with value: 0.8200644570617209 and parameters: {'lambda_l1': 0.09987923251832866, 'lambda_l2': 5.7787707951671585, 'num_leaves': 44, 'feature_fraction': 0.6196084360705653, 'bagging_fraction': 0.6836227899560435, 'bagging_freq': 1, 'min_child_samples': 108}. Best is trial 264 with value: 0.8200644570617209.
[I 2025-04-08 01:28:01,905] Trial 265 finished with value: 0.8196031708375727 and parameters: {'lambda_l1': 0.04808504742304522, 'lambda_l2': 5.516088808114278, 'num_leaves': 44, 'feature_fraction': 0.6176742720146784, 'bagging_fraction': 0.6872541305211676, 'bagging_freq': 1, 'min_child_samples': 107}. Best is trial 264 with value: 0.8200644570617209.
[I 2025-04-08 01:28:04,292] Trial 266 finished with value: 0.819603012682296 and parameters: {'lambda_l1': 0.04327655553631968, 'lambda_l2': 6.759445027752779, 'num_leaves': 45, 'feature_fraction': 0.6163081924989633, 'bagging_fraction': 0.6868950070753636, 'bagging_freq': 1, 'min_child_samples': 107}. Best is trial 264 with value: 0.8200644570617209.
[I 2025-04-08 01:28:05,862] Trial 267 finished with value: 0.8191838836258327 and parameters: {'lambda_l1': 0.03538095249432128, 'lambda_l2': 5.500227641275063, 'num_leaves': 45, 'feature_fraction': 0.6160444144559938, 'bagging_fraction': 0.6869957436254983, 'bagging_freq': 1, 'min_child_samples': 108}. Best is trial 264 with value: 0.8200644570617209.
[I 2025-04-08 01:28:07,727] Trial 268 finished with value: 0.8188486295845261 and parameters: {'lambda_l1': 0.06211119134463113, 'lambda_l2': 4.837516022910372, 'num_leaves': 48, 'feature_fraction': 0.6175623766341277, 'bagging_fraction': 0.6812864270237704, 'bagging_freq': 1, 'min_child_samples': 109}. Best is trial 264 with value: 0.8200644570617209.
[I 2025-04-08 01:28:09,745] Trial 269 finished with value: 0.816920013847373 and parameters: {'lambda_l1': 0.04141588961570795, 'lambda_l2': 6.564932215321421, 'num_leaves': 51, 'feature_fraction': 0.5719109922871606, 'bagging_fraction': 0.6591455688039218, 'bagging_freq': 1, 'min_child_samples': 108}. Best is trial 264 with value: 0.8200644570617209.
[I 2025-04-08 01:28:11,517] Trial 270 finished with value: 0.8195612948348243 and parameters: {'lambda_l1': 0.032015984898466535, 'lambda_l2': 4.127713998183884, 'num_leaves': 44, 'feature_fraction': 0.5881582783395468, 'bagging_fraction': 0.6428527960395368, 'bagging_freq': 2, 'min_child_samples': 111}. Best is trial 264 with value: 0.8200644570617209.
[I 2025-04-08 01:28:13,906] Trial 271 finished with value: 0.8192682155340112 and parameters: {'lambda_l1': 0.02330714451127444, 'lambda_l2': 3.8843299905219557, 'num_leaves': 47, 'feature_fraction': 0.5834728800579119, 'bagging_fraction': 0.6805825291104558, 'bagging_freq': 2, 'min_child_samples': 111}. Best is trial 264 with value: 0.8200644570617209.
[I 2025-04-08 01:28:15,773] Trial 272 finished with value: 0.8169201192842243 and parameters: {'lambda_l1': 0.03185900491314866, 'lambda_l2': 4.720805162230206, 'num_leaves': 48, 'feature_fraction': 0.5824860797849385, 'bagging_fraction': 0.6716141367374556, 'bagging_freq': 2, 'min_child_samples': 111}. Best is trial 264 with value: 0.8200644570617209.
[I 2025-04-08 01:28:17,633] Trial 273 finished with value: 0.8192260583663262 and parameters: {'lambda_l1': 0.044183598002929717, 'lambda_l2': 7.5948044306209965, 'num_leaves': 46, 'feature_fraction': 0.5907074174024937, 'bagging_fraction': 0.6541330187570091, 'bagging_freq': 2, 'min_child_samples': 112}. Best is trial 264 with value: 0.8200644570617209.
[I 2025-04-08 01:28:19,484] Trial 274 finished with value: 0.815997810428056 and parameters: {'lambda_l1': 0.07446820758471992, 'lambda_l2': 9.227431300397392, 'num_leaves': 46, 'feature_fraction': 0.5683842500071126, 'bagging_fraction': 0.6449327872332997, 'bagging_freq': 2, 'min_child_samples': 112}. Best is trial 264 with value: 0.8200644570617209.
[I 2025-04-08 01:28:21,504] Trial 275 finished with value: 0.8190162917507966 and parameters: {'lambda_l1': 0.05342076401327223, 'lambda_l2': 3.2973076801367154, 'num_leaves': 51, 'feature_fraction': 0.5893843096328987, 'bagging_fraction': 0.6446558606431165, 'bagging_freq': 2, 'min_child_samples': 112}. Best is trial 264 with value: 0.8200644570617209.
[I 2025-04-08 01:28:24,460] Trial 276 finished with value: 0.8158721999926193 and parameters: {'lambda_l1': 0.025928127157046583, 'lambda_l2': 8.839511818247196, 'num_leaves': 120, 'feature_fraction': 0.5570667314296885, 'bagging_fraction': 0.6615872415039488, 'bagging_freq': 2, 'min_child_samples': 115}. Best is trial 264 with value: 0.8200644570617209.
[I 2025-04-08 01:28:25,930] Trial 277 finished with value: 0.8190164323332647 and parameters: {'lambda_l1': 0.11096399785147289, 'lambda_l2': 4.571143201003118, 'num_leaves': 41, 'feature_fraction': 0.589891702624139, 'bagging_fraction': 0.6725545507940001, 'bagging_freq': 2, 'min_child_samples': 110}. Best is trial 264 with value: 0.8200644570617209.
[I 2025-04-08 01:28:27,583] Trial 278 finished with value: 0.8192678992234577 and parameters: {'lambda_l1': 0.08449807682750568, 'lambda_l2': 8.377081012399632, 'num_leaves': 48, 'feature_fraction': 0.6453392387993239, 'bagging_fraction': 0.6290267003584535, 'bagging_freq': 2, 'min_child_samples': 113}. Best is trial 264 with value: 0.8200644570617209.
[I 2025-04-08 01:28:29,703] Trial 279 finished with value: 0.8181780160650616 and parameters: {'lambda_l1': 0.05039651764285344, 'lambda_l2': 8.891985313454434, 'num_leaves': 50, 'feature_fraction': 0.6191607637118816, 'bagging_fraction': 0.6311336752622468, 'bagging_freq': 2, 'min_child_samples': 114}. Best is trial 264 with value: 0.8200644570617209.
[I 2025-04-08 01:28:30,461] Trial 280 finished with value: 0.813231077160445 and parameters: {'lambda_l1': 0.10214946684066012, 'lambda_l2': 3.5502013071974248, 'num_leaves': 9, 'feature_fraction': 0.6473264943804581, 'bagging_fraction': 0.6163071900708881, 'bagging_freq': 2, 'min_child_samples': 113}. Best is trial 264 with value: 0.8200644570617209.
[I 2025-04-08 01:28:32,852] Trial 281 finished with value: 0.8174651575138693 and parameters: {'lambda_l1': 0.029254511335879023, 'lambda_l2': 6.384253121793733, 'num_leaves': 74, 'feature_fraction': 0.6668366264133849, 'bagging_fraction': 0.6350006240245367, 'bagging_freq': 2, 'min_child_samples': 108}. Best is trial 264 with value: 0.8200644570617209.
[I 2025-04-08 01:28:35,231] Trial 282 finished with value: 0.8175491379658771 and parameters: {'lambda_l1': 0.078355634364327, 'lambda_l2': 6.611873778605367, 'num_leaves': 59, 'feature_fraction': 0.6365088152755624, 'bagging_fraction': 0.6456025194151984, 'bagging_freq': 2, 'min_child_samples': 107}. Best is trial 264 with value: 0.8200644570617209.
[I 2025-04-08 01:28:36,859] Trial 283 finished with value: 0.8185969869662479 and parameters: {'lambda_l1': 0.10236296938423627, 'lambda_l2': 12.447023313779269, 'num_leaves': 47, 'feature_fraction': 0.6288932852545313, 'bagging_fraction': 0.6969462976542887, 'bagging_freq': 2, 'min_child_samples': 116}. Best is trial 264 with value: 0.8200644570617209.
[I 2025-04-08 01:28:38,490] Trial 284 finished with value: 0.8141113870042052 and parameters: {'lambda_l1': 0.05008185676278602, 'lambda_l2': 33.27975892419117, 'num_leaves': 53, 'feature_fraction': 0.5807908441117631, 'bagging_fraction': 0.6552026276956611, 'bagging_freq': 1, 'min_child_samples': 112}. Best is trial 264 with value: 0.8200644570617209.
[I 2025-04-08 01:28:40,118] Trial 285 finished with value: 0.8183875893796975 and parameters: {'lambda_l1': 0.016495135586532025, 'lambda_l2': 3.039318514871027, 'num_leaves': 47, 'feature_fraction': 0.5950765905867157, 'bagging_fraction': 0.6038459928714838, 'bagging_freq': 2, 'min_child_samples': 114}. Best is trial 264 with value: 0.8200644570617209.
[I 2025-04-08 01:28:41,779] Trial 286 finished with value: 0.8187228785666212 and parameters: {'lambda_l1': 0.021650190900128694, 'lambda_l2': 11.22178046380197, 'num_leaves': 39, 'feature_fraction': 0.6122335372447499, 'bagging_fraction': 0.6232217135665962, 'bagging_freq': 1, 'min_child_samples': 110}. Best is trial 264 with value: 0.8200644570617209.
[I 2025-04-08 01:28:44,263] Trial 287 finished with value: 0.8186390562698902 and parameters: {'lambda_l1': 0.4952954074236808, 'lambda_l2': 3.600873031877386, 'num_leaves': 68, 'feature_fraction': 0.6276647291183869, 'bagging_fraction': 0.6890692306819761, 'bagging_freq': 1, 'min_child_samples': 107}. Best is trial 264 with value: 0.8200644570617209.
[I 2025-04-08 01:28:46,389] Trial 288 finished with value: 0.8191421833511697 and parameters: {'lambda_l1': 0.1044867476539195, 'lambda_l2': 8.172715097822778, 'num_leaves': 49, 'feature_fraction': 0.5943702034312052, 'bagging_fraction': 0.7232290368446829, 'bagging_freq': 1, 'min_child_samples': 117}. Best is trial 264 with value: 0.8200644570617209.
[I 2025-04-08 01:28:47,934] Trial 289 finished with value: 0.8180941410499051 and parameters: {'lambda_l1': 0.04286230800287504, 'lambda_l2': 6.407013400830115, 'num_leaves': 44, 'feature_fraction': 0.6447029705407482, 'bagging_fraction': 0.7139778922937027, 'bagging_freq': 2, 'min_child_samples': 112}. Best is trial 264 with value: 0.8200644570617209.
[I 2025-04-08 01:28:49,387] Trial 290 finished with value: 0.8182616977793241 and parameters: {'lambda_l1': 0.35566177297192064, 'lambda_l2': 32.84500129734562, 'num_leaves': 41, 'feature_fraction': 0.6104524690746655, 'bagging_fraction': 0.6784101931469394, 'bagging_freq': 1, 'min_child_samples': 108}. Best is trial 264 with value: 0.8200644570617209.
[I 2025-04-08 01:28:50,792] Trial 291 finished with value: 0.8154947536380106 and parameters: {'lambda_l1': 0.5772671235585017, 'lambda_l2': 12.158459631514578, 'num_leaves': 37, 'feature_fraction': 0.5782680416552444, 'bagging_fraction': 0.7316168706141832, 'bagging_freq': 1, 'min_child_samples': 100}. Best is trial 264 with value: 0.8200644570617209.
[I 2025-04-08 01:28:52,609] Trial 292 finished with value: 0.8191841999363865 and parameters: {'lambda_l1': 0.09012785467445823, 'lambda_l2': 4.061343096435583, 'num_leaves': 46, 'feature_fraction': 0.5875907750322016, 'bagging_fraction': 0.6926690312321621, 'bagging_freq': 2, 'min_child_samples': 114}. Best is trial 264 with value: 0.8200644570617209.
[I 2025-04-08 01:28:54,976] Trial 293 finished with value: 0.8195613826988671 and parameters: {'lambda_l1': 0.055576965725849095, 'lambda_l2': 11.670712295325476, 'num_leaves': 56, 'feature_fraction': 0.6205492412575927, 'bagging_fraction': 0.7092541748956365, 'bagging_freq': 1, 'min_child_samples': 110}. Best is trial 264 with value: 0.8200644570617209.
[I 2025-04-08 01:28:57,601] Trial 294 finished with value: 0.8196871337167722 and parameters: {'lambda_l1': 0.023110247223937213, 'lambda_l2': 19.856307221033582, 'num_leaves': 54, 'feature_fraction': 0.6259926888951233, 'bagging_fraction': 0.9837945595693633, 'bagging_freq': 2, 'min_child_samples': 106}. Best is trial 264 with value: 0.8200644570617209.
[I 2025-04-08 01:28:59,738] Trial 295 finished with value: 0.8201902607980516 and parameters: {'lambda_l1': 0.06284930740762527, 'lambda_l2': 23.416935183955154, 'num_leaves': 51, 'feature_fraction': 0.6291053742902287, 'bagging_fraction': 0.9327845351662117, 'bagging_freq': 1, 'min_child_samples': 107}. Best is trial 295 with value: 0.8201902607980516.
[I 2025-04-08 01:29:01,496] Trial 296 finished with value: 0.8184713238123855 and parameters: {'lambda_l1': 0.06269839071892877, 'lambda_l2': 49.71050303091437, 'num_leaves': 52, 'feature_fraction': 0.624653998637535, 'bagging_fraction': 0.9530903583113637, 'bagging_freq': 1, 'min_child_samples': 105}. Best is trial 295 with value: 0.8201902607980516.
[I 2025-04-08 01:29:03,401] Trial 297 finished with value: 0.8172135148955911 and parameters: {'lambda_l1': 0.022488433547522897, 'lambda_l2': 80.38202619562033, 'num_leaves': 60, 'feature_fraction': 0.6537882007592003, 'bagging_fraction': 0.9808273354722608, 'bagging_freq': 1, 'min_child_samples': 106}. Best is trial 295 with value: 0.8201902607980516.
[I 2025-04-08 01:29:05,248] Trial 298 finished with value: 0.8187227907025785 and parameters: {'lambda_l1': 0.03045377524398246, 'lambda_l2': 27.33424025758618, 'num_leaves': 55, 'feature_fraction': 0.6381136281255865, 'bagging_fraction': 0.9274615360596806, 'bagging_freq': 1, 'min_child_samples': 101}. Best is trial 295 with value: 0.8201902607980516.
[I 2025-04-08 01:29:07,885] Trial 299 finished with value: 0.8186810552822983 and parameters: {'lambda_l1': 0.011054763056890585, 'lambda_l2': 20.035923891626854, 'num_leaves': 56, 'feature_fraction': 0.6249394731880918, 'bagging_fraction': 0.9088948191424213, 'bagging_freq': 2, 'min_child_samples': 103}. Best is trial 295 with value: 0.8201902607980516.
[I 2025-04-08 01:29:09,879] Trial 300 finished with value: 0.818345520076055 and parameters: {'lambda_l1': 0.06486247838956131, 'lambda_l2': 44.07022682351408, 'num_leaves': 57, 'feature_fraction': 0.6157847656687083, 'bagging_fraction': 0.9400779393911766, 'bagging_freq': 1, 'min_child_samples': 106}. Best is trial 295 with value: 0.8201902607980516.
[I 2025-04-08 01:29:11,559] Trial 301 finished with value: 0.8179683900320001 and parameters: {'lambda_l1': 0.018471632690080897, 'lambda_l2': 12.21805537231472, 'num_leaves': 49, 'feature_fraction': 0.6350383419041883, 'bagging_fraction': 0.7222395791337054, 'bagging_freq': 2, 'min_child_samples': 118}. Best is trial 295 with value: 0.8201902607980516.
[I 2025-04-08 01:29:13,376] Trial 302 finished with value: 0.8183455552216721 and parameters: {'lambda_l1': 1.4794767873194752e-08, 'lambda_l2': 28.399649212753886, 'num_leaves': 54, 'feature_fraction': 0.6598722864001333, 'bagging_fraction': 0.7144088002175389, 'bagging_freq': 1, 'min_child_samples': 109}. Best is trial 295 with value: 0.8201902607980516.
[I 2025-04-08 01:29:15,141] Trial 303 finished with value: 0.8182197339125331 and parameters: {'lambda_l1': 0.03651779808942981, 'lambda_l2': 1.780263291540922, 'num_leaves': 53, 'feature_fraction': 0.6473128971437808, 'bagging_fraction': 0.8986486658600772, 'bagging_freq': 1, 'min_child_samples': 72}. Best is trial 295 with value: 0.8201902607980516.
[I 2025-04-08 01:29:17,466] Trial 304 finished with value: 0.8187648424334121 and parameters: {'lambda_l1': 0.12861763559699604, 'lambda_l2': 12.110563177750794, 'num_leaves': 49, 'feature_fraction': 0.6251197292851683, 'bagging_fraction': 0.9735536956155657, 'bagging_freq': 1, 'min_child_samples': 107}. Best is trial 295 with value: 0.8201902607980516.
[I 2025-04-08 01:29:19,476] Trial 305 finished with value: 0.818051755435709 and parameters: {'lambda_l1': 0.6834545017895373, 'lambda_l2': 4.48615494122144, 'num_leaves': 49, 'feature_fraction': 0.9578727116472906, 'bagging_fraction': 0.9589197739470641, 'bagging_freq': 2, 'min_child_samples': 110}. Best is trial 295 with value: 0.8201902607980516.
[I 2025-04-08 01:29:21,438] Trial 306 finished with value: 0.8195612948348245 and parameters: {'lambda_l1': 0.07006552199477349, 'lambda_l2': 19.645179152674103, 'num_leaves': 51, 'feature_fraction': 0.6145288194112734, 'bagging_fraction': 0.9866244532016087, 'bagging_freq': 1, 'min_child_samples': 115}. Best is trial 295 with value: 0.8201902607980516.
[I 2025-04-08 01:29:23,472] Trial 307 finished with value: 0.8191002019115701 and parameters: {'lambda_l1': 0.09029012747802019, 'lambda_l2': 21.95259290207416, 'num_leaves': 57, 'feature_fraction': 0.6112906114690615, 'bagging_fraction': 0.9207109276551416, 'bagging_freq': 1, 'min_child_samples': 103}. Best is trial 295 with value: 0.8201902607980516.
[I 2025-04-08 01:29:25,353] Trial 308 finished with value: 0.8180941234770966 and parameters: {'lambda_l1': 0.05523494058560716, 'lambda_l2': 48.00458466576389, 'num_leaves': 62, 'feature_fraction': 0.6377116773019119, 'bagging_fraction': 0.9707182441022191, 'bagging_freq': 1, 'min_child_samples': 116}. Best is trial 295 with value: 0.8201902607980516.
