[I 2025-04-08 20:29:05,445] Trial 314 finished with value: 0.8192259529294752 and parameters: {'max_depth': 8, 'learning_rate': 0.04663264076054097, 'n_estimators': 186, 'gamma': 0.4492127564803998, 'min_child_weight': 7, 'subsample': 0.6291303041622797, 'colsample_bytree': 0.667069837438224}. Best is trial 214 with value: 0.8203162051168504.
[I 2025-04-08 20:29:07,351] Trial 315 finished with value: 0.8183037495101579 and parameters: {'max_depth': 10, 'learning_rate': 0.038034320084001094, 'n_estimators': 155, 'gamma': 0.4286406515407713, 'min_child_weight': 7, 'subsample': 0.6425720771481079, 'colsample_bytree': 0.6803248624967784}. Best is trial 214 with value: 0.8203162051168504.
[I 2025-04-08 20:29:09,010] Trial 316 finished with value: 0.8183874487972291 and parameters: {'max_depth': 9, 'learning_rate': 0.057629591196280104, 'n_estimators': 151, 'gamma': 0.02836472376127802, 'min_child_weight': 7, 'subsample': 0.6091434339473866, 'colsample_bytree': 0.6987520610852619}. Best is trial 214 with value: 0.8203162051168504.
[I 2025-04-08 20:29:11,274] Trial 317 finished with value: 0.8182200326502782 and parameters: {'max_depth': 8, 'learning_rate': 0.03185101144400881, 'n_estimators': 170, 'gamma': 0.5202273718196999, 'min_child_weight': 7, 'subsample': 0.6195512030245715, 'colsample_bytree': 0.6759800445965383}. Best is trial 214 with value: 0.8203162051168504.
[I 2025-04-08 20:29:13,105] Trial 318 finished with value: 0.8165428838033181 and parameters: {'max_depth': 9, 'learning_rate': 0.08604286176294608, 'n_estimators': 159, 'gamma': 0.5024434275043601, 'min_child_weight': 7, 'subsample': 0.5500009615536842, 'colsample_bytree': 0.6581234226920537}. Best is trial 214 with value: 0.8203162051168504.
[I 2025-04-08 20:29:14,439] Trial 319 finished with value: 0.8176329426897995 and parameters: {'max_depth': 7, 'learning_rate': 0.0460804688948899, 'n_estimators': 145, 'gamma': 0.4857755186631893, 'min_child_weight': 6, 'subsample': 0.5805347830666724, 'colsample_bytree': 0.688663765890507}. Best is trial 214 with value: 0.8203162051168504.
[I 2025-04-08 20:29:16,020] Trial 320 finished with value: 0.8194774549652848 and parameters: {'max_depth': 8, 'learning_rate': 0.06901664073633508, 'n_estimators': 165, 'gamma': 0.4601741809512925, 'min_child_weight': 7, 'subsample': 0.5980363479940821, 'colsample_bytree': 0.6668529413334274}. Best is trial 214 with value: 0.8203162051168504.
[I 2025-04-08 20:29:17,182] Trial 321 finished with value: 0.8138180089656469 and parameters: {'max_depth': 6, 'learning_rate': 0.04234999970801246, 'n_estimators': 142, 'gamma': 0.47440925157516733, 'min_child_weight': 7, 'subsample': 0.6272531421857499, 'colsample_bytree': 0.6330799815229817}. Best is trial 214 with value: 0.8203162051168504.
[I 2025-04-08 20:29:18,880] Trial 322 finished with value: 0.8161656307496032 and parameters: {'max_depth': 8, 'learning_rate': 0.1223785326254949, 'n_estimators': 155, 'gamma': 0.4920241629951459, 'min_child_weight': 7, 'subsample': 0.6514451316808503, 'colsample_bytree': 0.6205804806398374}. Best is trial 214 with value: 0.8203162051168504.
[I 2025-04-08 20:29:20,999] Trial 323 finished with value: 0.8199806171921814 and parameters: {'max_depth': 7, 'learning_rate': 0.05798999828308725, 'n_estimators': 175, 'gamma': 0.5084364751997499, 'min_child_weight': 7, 'subsample': 0.6111807480124554, 'colsample_bytree': 0.6759607850125352}. Best is trial 214 with value: 0.8203162051168504.
[I 2025-04-08 20:29:23,116] Trial 324 finished with value: 0.8187231773043664 and parameters: {'max_depth': 10, 'learning_rate': 0.02853386705926377, 'n_estimators': 177, 'gamma': 0.5303700891774239, 'min_child_weight': 7, 'subsample': 0.8854705148148556, 'colsample_bytree': 0.6772276074671489}. Best is trial 214 with value: 0.8203162051168504.
[I 2025-04-08 20:29:24,623] Trial 325 finished with value: 0.8197710263047371 and parameters: {'max_depth': 7, 'learning_rate': 0.052691692495557, 'n_estimators': 182, 'gamma': 0.507128099519419, 'min_child_weight': 7, 'subsample': 0.6089599553761486, 'colsample_bytree': 0.6459767422905925}. Best is trial 214 with value: 0.8203162051168504.
[I 2025-04-08 20:29:26,154] Trial 326 finished with value: 0.8193519148210825 and parameters: {'max_depth': 7, 'learning_rate': 0.05293330397490911, 'n_estimators': 183, 'gamma': 0.5115563439881333, 'min_child_weight': 7, 'subsample': 0.608209621587543, 'colsample_bytree': 0.6388537502741467}. Best is trial 214 with value: 0.8203162051168504.
[I 2025-04-08 20:29:27,670] Trial 327 finished with value: 0.8177168177049561 and parameters: {'max_depth': 7, 'learning_rate': 0.08877575753949653, 'n_estimators': 183, 'gamma': 0.513981470903428, 'min_child_weight': 7, 'subsample': 0.5993504705035153, 'colsample_bytree': 0.6458277304223801}. Best is trial 214 with value: 0.8203162051168504.
[I 2025-04-08 20:29:31,466] Trial 328 finished with value: 0.8139016731071009 and parameters: {'max_depth': 21, 'learning_rate': 0.05890990328590751, 'n_estimators': 188, 'gamma': 0.5423933180885772, 'min_child_weight': 7, 'subsample': 0.6165884412580052, 'colsample_bytree': 0.6550041627112805}. Best is trial 214 with value: 0.8203162051168504.
[I 2025-04-08 20:29:33,131] Trial 329 finished with value: 0.8190163971876476 and parameters: {'max_depth': 7, 'learning_rate': 0.07397801312357975, 'n_estimators': 180, 'gamma': 0.524306549466686, 'min_child_weight': 7, 'subsample': 0.6064130871344741, 'colsample_bytree': 0.6620797202592108}. Best is trial 214 with value: 0.8203162051168504.
[I 2025-04-08 20:29:35,160] Trial 330 finished with value: 0.8187227907025785 and parameters: {'max_depth': 9, 'learning_rate': 0.04996279297400106, 'n_estimators': 187, 'gamma': 0.5038794720883922, 'min_child_weight': 7, 'subsample': 0.5933680259061125, 'colsample_bytree': 0.6482539895526067}. Best is trial 214 with value: 0.8203162051168504.
[I 2025-04-08 20:29:36,983] Trial 331 finished with value: 0.8196872040080061 and parameters: {'max_depth': 8, 'learning_rate': 0.037588708119955454, 'n_estimators': 200, 'gamma': 0.5012244756620153, 'min_child_weight': 7, 'subsample': 0.6163699861052582, 'colsample_bytree': 0.7114723182652317}. Best is trial 214 with value: 0.8203162051168504.
[I 2025-04-08 20:29:37,179] A new study created in RDB with name: xgboost-num_features-7
[I 2025-04-08 20:29:38,566] Trial 0 finished with value: 0.8189326276093425 and parameters: {'max_depth': 7, 'learning_rate': 0.050090151582267664, 'n_estimators': 164, 'gamma': 0.4979735737693695, 'min_child_weight': 7, 'subsample': 0.6152821045419017, 'colsample_bytree': 0.6763123948843919}. Best is trial 0 with value: 0.8189326276093425.
[I 2025-04-08 20:29:40,016] Trial 1 finished with value: 0.6377394866279713 and parameters: {'max_depth': 11, 'learning_rate': 0.0011263360764784873, 'n_estimators': 92, 'gamma': 0.04663010641066427, 'min_child_weight': 4, 'subsample': 0.7308913919791179, 'colsample_bytree': 0.5023457997540441}. Best is trial 0 with value: 0.8189326276093425.
[I 2025-04-08 20:29:43,651] Trial 2 finished with value: 0.8093322157027101 and parameters: {'max_depth': 15, 'learning_rate': 0.10779374153057762, 'n_estimators': 247, 'gamma': 0.3591148679400457, 'min_child_weight': 5, 'subsample': 0.8979999150913252, 'colsample_bytree': 0.5589367745509647}. Best is trial 0 with value: 0.8189326276093425.
[I 2025-04-08 20:29:45,880] Trial 3 finished with value: 0.7829622131897986 and parameters: {'max_depth': 30, 'learning_rate': 0.4815946933819047, 'n_estimators': 110, 'gamma': 0.3779486966911528, 'min_child_weight': 5, 'subsample': 0.6384722214498486, 'colsample_bytree': 0.8425770909828016}. Best is trial 0 with value: 0.8189326276093425.
[I 2025-04-08 20:29:46,830] Trial 4 finished with value: 0.7868613382396614 and parameters: {'max_depth': 14, 'learning_rate': 0.8724632337617467, 'n_estimators': 56, 'gamma': 0.5138082720642049, 'min_child_weight': 3, 'subsample': 0.9054495031330412, 'colsample_bytree': 0.5069844580623221}. Best is trial 0 with value: 0.8189326276093425.
[I 2025-04-08 20:29:48,498] Trial 5 finished with value: 0.8043431899216429 and parameters: {'max_depth': 7, 'learning_rate': 0.33934194468842016, 'n_estimators': 229, 'gamma': 0.15570599330981846, 'min_child_weight': 2, 'subsample': 0.9347028178393568, 'colsample_bytree': 0.7365243275143478}. Best is trial 0 with value: 0.8189326276093425.
[I 2025-04-08 20:29:50,408] Trial 6 finished with value: 0.6377394866279713 and parameters: {'max_depth': 9, 'learning_rate': 0.0001939868328843875, 'n_estimators': 162, 'gamma': 0.055468794663906286, 'min_child_weight': 5, 'subsample': 0.8881699055172415, 'colsample_bytree': 0.6047680772579007}. Best is trial 0 with value: 0.8189326276093425.
[I 2025-04-08 20:29:52,446] Trial 7 finished with value: 0.8096256288868856 and parameters: {'max_depth': 26, 'learning_rate': 0.1621406735767232, 'n_estimators': 67, 'gamma': 0.3507201710368775, 'min_child_weight': 6, 'subsample': 0.823059843354191, 'colsample_bytree': 0.6664608447891716}. Best is trial 0 with value: 0.8189326276093425.
[I 2025-04-08 20:29:59,136] Trial 8 finished with value: 0.7998993429526887 and parameters: {'max_depth': 30, 'learning_rate': 0.00275053872840952, 'n_estimators': 246, 'gamma': 0.3983417041085363, 'min_child_weight': 2, 'subsample': 0.6142241418668493, 'colsample_bytree': 0.8584091660164557}. Best is trial 0 with value: 0.8189326276093425.
[I 2025-04-08 20:30:01,544] Trial 9 finished with value: 0.8021212488643572 and parameters: {'max_depth': 10, 'learning_rate': 0.17237767154972414, 'n_estimators': 201, 'gamma': 0.2367481407694976, 'min_child_weight': 2, 'subsample': 0.609022346308965, 'colsample_bytree': 0.9268398174056554}. Best is trial 0 with value: 0.8189326276093425.
[I 2025-04-08 20:30:03,206] Trial 10 finished with value: 0.6377394866279713 and parameters: {'max_depth': 3, 'learning_rate': 1.8333790021262932e-05, 'n_estimators': 291, 'gamma': 0.5518473912183343, 'min_child_weight': 7, 'subsample': 0.5053520271483102, 'colsample_bytree': 0.6966248561145391}. Best is trial 0 with value: 0.8189326276093425.
[I 2025-04-08 20:30:06,313] Trial 11 finished with value: 0.8181358940429936 and parameters: {'max_depth': 22, 'learning_rate': 0.026824265197872985, 'n_estimators': 160, 'gamma': 0.449113997144051, 'min_child_weight': 7, 'subsample': 0.7860800328834372, 'colsample_bytree': 0.6437767235318363}. Best is trial 0 with value: 0.8189326276093425.
[I 2025-04-08 20:30:09,165] Trial 12 finished with value: 0.8080324780647418 and parameters: {'max_depth': 21, 'learning_rate': 0.01079417678489801, 'n_estimators': 150, 'gamma': 0.47740055888304583, 'min_child_weight': 7, 'subsample': 0.7519232373778225, 'colsample_bytree': 0.6448505210242357}. Best is trial 0 with value: 0.8189326276093425.
[I 2025-04-08 20:30:11,812] Trial 13 finished with value: 0.8185970045390565 and parameters: {'max_depth': 21, 'learning_rate': 0.016502554369819032, 'n_estimators': 131, 'gamma': 0.5965626853504404, 'min_child_weight': 7, 'subsample': 0.717981363452728, 'colsample_bytree': 0.7934920288522229}. Best is trial 0 with value: 0.8189326276093425.
[I 2025-04-08 20:30:14,941] Trial 14 finished with value: 0.8200223701852701 and parameters: {'max_depth': 20, 'learning_rate': 0.02163792034920755, 'n_estimators': 128, 'gamma': 0.5933121496832634, 'min_child_weight': 6, 'subsample': 0.6777934272295757, 'colsample_bytree': 0.7914267549149832}. Best is trial 14 with value: 0.8200223701852701.
[I 2025-04-08 20:30:18,071] Trial 15 finished with value: 0.8172974602019819 and parameters: {'max_depth': 17, 'learning_rate': 0.0409733523597665, 'n_estimators': 193, 'gamma': 0.5986967401776344, 'min_child_weight': 6, 'subsample': 0.5359669167531671, 'colsample_bytree': 0.7784769127893076}. Best is trial 14 with value: 0.8200223701852701.
[I 2025-04-08 20:30:20,741] Trial 16 finished with value: 0.6377394866279713 and parameters: {'max_depth': 24, 'learning_rate': 0.0009105769185894277, 'n_estimators': 122, 'gamma': 0.2544390205155576, 'min_child_weight': 6, 'subsample': 0.6634687696226383, 'colsample_bytree': 0.9095558049714693}. Best is trial 14 with value: 0.8200223701852701.
[I 2025-04-08 20:30:21,302] Trial 17 finished with value: 0.7542020978418835 and parameters: {'max_depth': 3, 'learning_rate': 0.007844884729433618, 'n_estimators': 93, 'gamma': 0.448444912674773, 'min_child_weight': 4, 'subsample': 0.5644606569778148, 'colsample_bytree': 0.9840340689537471}. Best is trial 14 with value: 0.8200223701852701.
[I 2025-04-08 20:30:24,701] Trial 18 finished with value: 0.6377394866279713 and parameters: {'max_depth': 13, 'learning_rate': 0.00017201952460496568, 'n_estimators': 188, 'gamma': 0.5197278165102999, 'min_child_weight': 6, 'subsample': 0.6783113054750105, 'colsample_bytree': 0.7078579866629724}. Best is trial 14 with value: 0.8200223701852701.
[I 2025-04-08 20:30:28,560] Trial 19 finished with value: 0.6883413553204314 and parameters: {'max_depth': 19, 'learning_rate': 0.003027299872758532, 'n_estimators': 137, 'gamma': 0.5534779023182617, 'min_child_weight': 1, 'subsample': 0.568637205940206, 'colsample_bytree': 0.7851088570392079}. Best is trial 14 with value: 0.8200223701852701.
[I 2025-04-08 20:30:30,053] Trial 20 finished with value: 0.8179683724591916 and parameters: {'max_depth': 6, 'learning_rate': 0.032210825666674665, 'n_estimators': 208, 'gamma': 0.2736662681504829, 'min_child_weight': 5, 'subsample': 0.8254345394260348, 'colsample_bytree': 0.8393818983259247}. Best is trial 14 with value: 0.8200223701852701.
[I 2025-04-08 20:30:32,478] Trial 21 finished with value: 0.8128536659514534 and parameters: {'max_depth': 26, 'learning_rate': 0.011038928972967795, 'n_estimators': 120, 'gamma': 0.5999443802370874, 'min_child_weight': 7, 'subsample': 0.712485054266696, 'colsample_bytree': 0.7848256006884223}. Best is trial 14 with value: 0.8200223701852701.
[I 2025-04-08 20:30:35,250] Trial 22 finished with value: 0.815746659848417 and parameters: {'max_depth': 18, 'learning_rate': 0.07471326327470408, 'n_estimators': 141, 'gamma': 0.5567458982895163, 'min_child_weight': 7, 'subsample': 0.6970781165289208, 'colsample_bytree': 0.74151568186151}. Best is trial 14 with value: 0.8200223701852701.
[I 2025-04-08 20:30:39,175] Trial 23 finished with value: 0.8191838484802156 and parameters: {'max_depth': 20, 'learning_rate': 0.016061865894283323, 'n_estimators': 171, 'gamma': 0.484345763285229, 'min_child_weight': 6, 'subsample': 0.768052587464414, 'colsample_bytree': 0.8200640904690192}. Best is trial 14 with value: 0.8200223701852701.
[I 2025-04-08 20:30:42,734] Trial 24 finished with value: 0.81486619184938 and parameters: {'max_depth': 17, 'learning_rate': 0.047544755198439294, 'n_estimators': 176, 'gamma': 0.48258357805355523, 'min_child_weight': 6, 'subsample': 0.7747766703645778, 'colsample_bytree': 0.8900295483012683}. Best is trial 14 with value: 0.8200223701852701.
[I 2025-04-08 20:30:47,211] Trial 25 finished with value: 0.8017438376553656 and parameters: {'max_depth': 25, 'learning_rate': 0.005367171680061859, 'n_estimators': 170, 'gamma': 0.4099984150125736, 'min_child_weight': 6, 'subsample': 0.9879171590717792, 'colsample_bytree': 0.8197241319901704}. Best is trial 14 with value: 0.8200223701852701.
[I 2025-04-08 20:30:52,087] Trial 26 finished with value: 0.6607556659127931 and parameters: {'max_depth': 23, 'learning_rate': 0.0014992467968286498, 'n_estimators': 216, 'gamma': 0.3254362661958313, 'min_child_weight': 5, 'subsample': 0.6268272686335299, 'colsample_bytree': 0.9524193490480737}. Best is trial 14 with value: 0.8200223701852701.
[I 2025-04-08 20:30:54,850] Trial 27 finished with value: 0.6377394866279713 and parameters: {'max_depth': 20, 'learning_rate': 0.0004306838510386253, 'n_estimators': 99, 'gamma': 0.4309045934057312, 'min_child_weight': 4, 'subsample': 0.8273007493163966, 'colsample_bytree': 0.8756136354933514}. Best is trial 14 with value: 0.8200223701852701.
[I 2025-04-08 20:30:58,177] Trial 28 finished with value: 0.8177586058436617 and parameters: {'max_depth': 28, 'learning_rate': 0.0244655404436678, 'n_estimators': 175, 'gamma': 0.4984603979609669, 'min_child_weight': 6, 'subsample': 0.5951762703833022, 'colsample_bytree': 0.7077004225167005}. Best is trial 14 with value: 0.8200223701852701.
[I 2025-04-08 20:30:59,636] Trial 29 finished with value: 0.6386617779113312 and parameters: {'max_depth': 13, 'learning_rate': 0.004738911822279396, 'n_estimators': 75, 'gamma': 0.2004386536233539, 'min_child_weight': 3, 'subsample': 0.6517983458521027, 'colsample_bytree': 0.6053563892588425}. Best is trial 14 with value: 0.8200223701852701.
[I 2025-04-08 20:31:02,186] Trial 30 finished with value: 0.8123504861517483 and parameters: {'max_depth': 16, 'learning_rate': 0.08155712766511407, 'n_estimators': 151, 'gamma': 0.5339754481901767, 'min_child_weight': 5, 'subsample': 0.7485662971065635, 'colsample_bytree': 0.8195099783585288}. Best is trial 14 with value: 0.8200223701852701.
[I 2025-04-08 20:31:05,155] Trial 31 finished with value: 0.8192260056479006 and parameters: {'max_depth': 20, 'learning_rate': 0.016052226920575403, 'n_estimators': 130, 'gamma': 0.5796744226461001, 'min_child_weight': 7, 'subsample': 0.6850019842480899, 'colsample_bytree': 0.7666639277159417}. Best is trial 14 with value: 0.8200223701852701.
[I 2025-04-08 20:31:07,284] Trial 32 finished with value: 0.8166685645299889 and parameters: {'max_depth': 20, 'learning_rate': 0.016609869188677854, 'n_estimators': 108, 'gamma': 0.5650454365897803, 'min_child_weight': 7, 'subsample': 0.6723030421783096, 'colsample_bytree': 0.756306991820377}. Best is trial 14 with value: 0.8200223701852701.
[I 2025-04-08 20:31:09,195] Trial 33 finished with value: 0.8062717002219447 and parameters: {'max_depth': 15, 'learning_rate': 0.19634492842575207, 'n_estimators': 122, 'gamma': 0.47307524925452166, 'min_child_weight': 7, 'subsample': 0.6926120601733157, 'colsample_bytree': 0.7376350851871094}. Best is trial 14 with value: 0.8200223701852701.
[I 2025-04-08 20:31:11,004] Trial 34 finished with value: 0.8179262328643151 and parameters: {'max_depth': 23, 'learning_rate': 0.06608064277226934, 'n_estimators': 79, 'gamma': 0.5166778291521403, 'min_child_weight': 6, 'subsample': 0.7422941971171013, 'colsample_bytree': 0.6830939064645178}. Best is trial 14 with value: 0.8200223701852701.
[I 2025-04-08 20:31:13,266] Trial 35 finished with value: 0.7981386881195512 and parameters: {'max_depth': 19, 'learning_rate': 0.2877340594828089, 'n_estimators': 184, 'gamma': 0.5766393114215869, 'min_child_weight': 5, 'subsample': 0.7851916793989371, 'colsample_bytree': 0.7555889601718787}. Best is trial 14 with value: 0.8200223701852701.
[I 2025-04-08 20:31:15,901] Trial 36 finished with value: 0.6377394866279713 and parameters: {'max_depth': 12, 'learning_rate': 0.0017061003714737167, 'n_estimators': 149, 'gamma': 0.11286616240502956, 'min_child_weight': 7, 'subsample': 0.5756528620908303, 'colsample_bytree': 0.8170760397448182}. Best is trial 14 with value: 0.8200223701852701.
[I 2025-04-08 20:31:16,999] Trial 37 finished with value: 0.7897538752436031 and parameters: {'max_depth': 8, 'learning_rate': 0.01619307349479157, 'n_estimators': 106, 'gamma': 0.3639197497119241, 'min_child_weight': 6, 'subsample': 0.6407561974565799, 'colsample_bytree': 0.5553079868558072}. Best is trial 14 with value: 0.8200223701852701.
[I 2025-04-08 20:31:19,394] Trial 38 finished with value: 0.8120988786790871 and parameters: {'max_depth': 15, 'learning_rate': 0.11640175948848759, 'n_estimators': 159, 'gamma': 0.5145436265873211, 'min_child_weight': 5, 'subsample': 0.8541749570089524, 'colsample_bytree': 0.7244714033424603}. Best is trial 14 with value: 0.8200223701852701.
[I 2025-04-08 20:31:24,469] Trial 39 finished with value: 0.8114703168904563 and parameters: {'max_depth': 28, 'learning_rate': 0.00551495477417527, 'n_estimators': 236, 'gamma': 0.01813036976060345, 'min_child_weight': 7, 'subsample': 0.726622940436595, 'colsample_bytree': 0.8484313937696258}. Best is trial 14 with value: 0.8200223701852701.
[I 2025-04-08 20:31:25,330] Trial 40 finished with value: 0.7907183061218392 and parameters: {'max_depth': 5, 'learning_rate': 0.9835151464812278, 'n_estimators': 131, 'gamma': 0.38500999689206666, 'min_child_weight': 6, 'subsample': 0.6356736246531276, 'colsample_bytree': 0.6656625763172012}. Best is trial 14 with value: 0.8200223701852701.
[I 2025-04-08 20:31:28,275] Trial 41 finished with value: 0.8158301482617857 and parameters: {'max_depth': 22, 'learning_rate': 0.012917847510829665, 'n_estimators': 131, 'gamma': 0.5992234172592966, 'min_child_weight': 7, 'subsample': 0.7152902537735879, 'colsample_bytree': 0.79163849551152}. Best is trial 14 with value: 0.8200223701852701.
[I 2025-04-08 20:31:33,309] Trial 42 finished with value: 0.8180941410499051 and parameters: {'max_depth': 21, 'learning_rate': 0.023018794971483368, 'n_estimators': 269, 'gamma': 0.5373019143062464, 'min_child_weight': 7, 'subsample': 0.7622168660259295, 'colsample_bytree': 0.8042058791992757}. Best is trial 14 with value: 0.8200223701852701.
[I 2025-04-08 20:31:35,389] Trial 43 finished with value: 0.8189745563305163 and parameters: {'max_depth': 18, 'learning_rate': 0.04974353715333255, 'n_estimators': 115, 'gamma': 0.5723361040493546, 'min_child_weight': 7, 'subsample': 0.6961601587806211, 'colsample_bytree': 0.7644147935244532}. Best is trial 14 with value: 0.8200223701852701.
[I 2025-04-08 20:31:37,240] Trial 44 finished with value: 0.8185133403976023 and parameters: {'max_depth': 10, 'learning_rate': 0.04563678821003493, 'n_estimators': 115, 'gamma': 0.5639423088593345, 'min_child_weight': 3, 'subsample': 0.6869442918563846, 'colsample_bytree': 0.7634731333539331}. Best is trial 14 with value: 0.8200223701852701.
