[I 2025-04-08 00:54:25,118] Trial 127 finished with value: 0.8187230542947065 and parameters: {'lambda_l1': 6.948155960030021e-09, 'lambda_l2': 3.915109527401687e-09, 'num_leaves': 34, 'feature_fraction': 0.6968737398099714, 'bagging_fraction': 0.7857581627008136, 'bagging_freq': 8, 'min_child_samples': 124}. Best is trial 21 with value: 0.8201478751838556.
[I 2025-04-08 00:54:26,558] Trial 128 finished with value: 0.8172555139079993 and parameters: {'lambda_l1': 0.00038376045781193433, 'lambda_l2': 1.583047877788609e-08, 'num_leaves': 27, 'feature_fraction': 0.5529081277846346, 'bagging_fraction': 0.9488157299990341, 'bagging_freq': 5, 'min_child_samples': 119}. Best is trial 21 with value: 0.8201478751838556.
[I 2025-04-08 00:54:28,102] Trial 129 finished with value: 0.8180099321513863 and parameters: {'lambda_l1': 3.360403376284448e-06, 'lambda_l2': 4.270917593625773, 'num_leaves': 38, 'feature_fraction': 0.6203146615087092, 'bagging_fraction': 0.7186810122795871, 'bagging_freq': 7, 'min_child_samples': 113}. Best is trial 21 with value: 0.8201478751838556.
[I 2025-04-08 00:54:29,765] Trial 130 finished with value: 0.8176747835469309 and parameters: {'lambda_l1': 0.013678826292979847, 'lambda_l2': 0.046161371319000555, 'num_leaves': 24, 'feature_fraction': 0.5894383243725013, 'bagging_fraction': 0.8003782495864191, 'bagging_freq': 6, 'min_child_samples': 72}. Best is trial 21 with value: 0.8201478751838556.
[I 2025-04-08 00:54:31,335] Trial 131 finished with value: 0.8188486647301433 and parameters: {'lambda_l1': 0.0013127100282086183, 'lambda_l2': 8.761285051799363e-09, 'num_leaves': 36, 'feature_fraction': 0.4643051786119679, 'bagging_fraction': 0.9547825619675587, 'bagging_freq': 11, 'min_child_samples': 78}. Best is trial 21 with value: 0.8201478751838556.
[I 2025-04-08 00:54:33,063] Trial 132 finished with value: 0.818596863956588 and parameters: {'lambda_l1': 1.0436626714902242e-09, 'lambda_l2': 0.12141445169567479, 'num_leaves': 42, 'feature_fraction': 0.4896909953995512, 'bagging_fraction': 0.9635480856120225, 'bagging_freq': 3, 'min_child_samples': 77}. Best is trial 21 with value: 0.8201478751838556.
[I 2025-04-08 00:54:34,545] Trial 133 finished with value: 0.8192257596285811 and parameters: {'lambda_l1': 0.006748894924043531, 'lambda_l2': 7.60927330077853e-08, 'num_leaves': 33, 'feature_fraction': 0.4764123450696274, 'bagging_fraction': 0.9813314104245858, 'bagging_freq': 10, 'min_child_samples': 87}. Best is trial 21 with value: 0.8201478751838556.
[I 2025-04-08 00:54:36,212] Trial 134 finished with value: 0.819770762712609 and parameters: {'lambda_l1': 0.0007272103068165503, 'lambda_l2': 3.400646532961687e-09, 'num_leaves': 40, 'feature_fraction': 0.4054722281711006, 'bagging_fraction': 0.9758158510616127, 'bagging_freq': 10, 'min_child_samples': 81}. Best is trial 21 with value: 0.8201478751838556.
[I 2025-04-08 00:54:37,539] Trial 135 finished with value: 0.8190999031738249 and parameters: {'lambda_l1': 1.856649567284901e-06, 'lambda_l2': 3.2775390073331538e-09, 'num_leaves': 30, 'feature_fraction': 0.4074209111901629, 'bagging_fraction': 0.9753885182246169, 'bagging_freq': 9, 'min_child_samples': 66}. Best is trial 21 with value: 0.8201478751838556.
[I 2025-04-08 00:54:38,733] Trial 136 finished with value: 0.8184292369359347 and parameters: {'lambda_l1': 3.2733924518567437e-09, 'lambda_l2': 5.398224512046036e-09, 'num_leaves': 28, 'feature_fraction': 0.40600402957170467, 'bagging_fraction': 0.9937436351832135, 'bagging_freq': 7, 'min_child_samples': 84}. Best is trial 21 with value: 0.8201478751838556.
[I 2025-04-08 00:54:40,890] Trial 137 finished with value: 0.819686905270261 and parameters: {'lambda_l1': 5.2947393883080984e-05, 'lambda_l2': 0.2380672453304944, 'num_leaves': 40, 'feature_fraction': 0.436998392330348, 'bagging_fraction': 0.9386123264214072, 'bagging_freq': 9, 'min_child_samples': 81}. Best is trial 21 with value: 0.8201478751838556.
[I 2025-04-08 00:54:42,569] Trial 138 finished with value: 0.8176328196801398 and parameters: {'lambda_l1': 6.804059008224798e-05, 'lambda_l2': 2.5965339861437113e-06, 'num_leaves': 40, 'feature_fraction': 0.42182046215807345, 'bagging_fraction': 0.9419730214950286, 'bagging_freq': 12, 'min_child_samples': 81}. Best is trial 21 with value: 0.8201478751838556.
[I 2025-04-08 00:54:44,038] Trial 139 finished with value: 0.8131053612881572 and parameters: {'lambda_l1': 7.536859830100564e-06, 'lambda_l2': 63.13361597290964, 'num_leaves': 36, 'feature_fraction': 0.4502914035334325, 'bagging_fraction': 0.5289846924557112, 'bagging_freq': 9, 'min_child_samples': 106}. Best is trial 21 with value: 0.8201478751838556.
[I 2025-04-08 00:54:45,877] Trial 140 finished with value: 0.8185130943782829 and parameters: {'lambda_l1': 2.7420192281523828e-05, 'lambda_l2': 2.2033232859255773e-09, 'num_leaves': 47, 'feature_fraction': 0.43127801908580743, 'bagging_fraction': 0.6608069903130058, 'bagging_freq': 11, 'min_child_samples': 45}. Best is trial 21 with value: 0.8201478751838556.
[I 2025-04-08 00:54:47,627] Trial 141 finished with value: 0.8201900674971576 and parameters: {'lambda_l1': 0.0001333785540738901, 'lambda_l2': 0.19270512820402338, 'num_leaves': 40, 'feature_fraction': 0.41717984079961257, 'bagging_fraction': 0.9714523842782766, 'bagging_freq': 8, 'min_child_samples': 89}. Best is trial 141 with value: 0.8201900674971576.
[I 2025-04-08 00:54:49,287] Trial 142 finished with value: 0.8204417101154358 and parameters: {'lambda_l1': 9.611031286062127e-05, 'lambda_l2': 0.2708487696564293, 'num_leaves': 39, 'feature_fraction': 0.4414968945315177, 'bagging_fraction': 0.975186001621835, 'bagging_freq': 8, 'min_child_samples': 72}. Best is trial 142 with value: 0.8204417101154358.
[I 2025-04-08 00:54:51,260] Trial 143 finished with value: 0.8193935448045113 and parameters: {'lambda_l1': 0.0001768864531910841, 'lambda_l2': 0.5723816505296055, 'num_leaves': 38, 'feature_fraction': 0.4167665270905773, 'bagging_fraction': 0.973929865875385, 'bagging_freq': 8, 'min_child_samples': 89}. Best is trial 142 with value: 0.8204417101154358.
[I 2025-04-08 00:54:52,835] Trial 144 finished with value: 0.819896584021748 and parameters: {'lambda_l1': 0.00011585112434507745, 'lambda_l2': 0.621223761755422, 'num_leaves': 39, 'feature_fraction': 0.4029472815667568, 'bagging_fraction': 0.9866031103194045, 'bagging_freq': 8, 'min_child_samples': 75}. Best is trial 142 with value: 0.8204417101154358.
[I 2025-04-08 00:54:54,346] Trial 145 finished with value: 0.8198546904461912 and parameters: {'lambda_l1': 0.00010491620638081134, 'lambda_l2': 0.4704989514712597, 'num_leaves': 39, 'feature_fraction': 0.4019447929512167, 'bagging_fraction': 0.9752082351650502, 'bagging_freq': 8, 'min_child_samples': 73}. Best is trial 142 with value: 0.8204417101154358.
[I 2025-04-08 00:54:56,271] Trial 146 finished with value: 0.8182616802065157 and parameters: {'lambda_l1': 5.148639201834072e-05, 'lambda_l2': 0.2691062178936547, 'num_leaves': 51, 'feature_fraction': 0.43864787969161295, 'bagging_fraction': 0.9898924505732014, 'bagging_freq': 8, 'min_child_samples': 75}. Best is trial 142 with value: 0.8204417101154358.
[I 2025-04-08 00:54:58,012] Trial 147 finished with value: 0.8194353680888341 and parameters: {'lambda_l1': 0.00010612901915351242, 'lambda_l2': 0.4271256248534415, 'num_leaves': 40, 'feature_fraction': 0.40444787677519084, 'bagging_fraction': 0.9763872641876801, 'bagging_freq': 8, 'min_child_samples': 72}. Best is trial 142 with value: 0.8204417101154358.
[I 2025-04-08 00:54:59,845] Trial 148 finished with value: 0.8196450644131297 and parameters: {'lambda_l1': 2.2304270279747248e-05, 'lambda_l2': 0.09103813722530606, 'num_leaves': 45, 'feature_fraction': 0.4006891904064124, 'bagging_fraction': 0.9969994332488838, 'bagging_freq': 8, 'min_child_samples': 76}. Best is trial 142 with value: 0.8204417101154358.
[I 2025-04-08 00:55:02,139] Trial 149 finished with value: 0.8183872027779096 and parameters: {'lambda_l1': 2.5620348020338017e-05, 'lambda_l2': 0.06970028808485161, 'num_leaves': 44, 'feature_fraction': 0.40042278870687176, 'bagging_fraction': 0.9996428155799666, 'bagging_freq': 8, 'min_child_samples': 82}. Best is trial 142 with value: 0.8204417101154358.
[I 2025-04-08 00:55:03,493] Trial 150 finished with value: 0.81830336290837 and parameters: {'lambda_l1': 1.6338809187375826e-05, 'lambda_l2': 0.19399301037992353, 'num_leaves': 35, 'feature_fraction': 0.41903139458289024, 'bagging_fraction': 0.9548091870103002, 'bagging_freq': 8, 'min_child_samples': 76}. Best is trial 142 with value: 0.8204417101154358.
[I 2025-04-08 00:55:05,128] Trial 151 finished with value: 0.8187226676929187 and parameters: {'lambda_l1': 4.21803807632847e-05, 'lambda_l2': 0.10385514592682141, 'num_leaves': 46, 'feature_fraction': 0.4366084313523403, 'bagging_fraction': 0.9878791077246438, 'bagging_freq': 7, 'min_child_samples': 70}. Best is trial 142 with value: 0.8204417101154358.
[I 2025-04-08 00:55:06,773] Trial 152 finished with value: 0.8175908382405401 and parameters: {'lambda_l1': 0.0001891340932650988, 'lambda_l2': 1.2016965241503195, 'num_leaves': 41, 'feature_fraction': 0.4003363793679945, 'bagging_fraction': 0.9716222469732622, 'bagging_freq': 8, 'min_child_samples': 80}. Best is trial 142 with value: 0.8204417101154358.
[I 2025-04-08 00:55:08,237] Trial 153 finished with value: 0.8196870107071123 and parameters: {'lambda_l1': 0.0001263047702467038, 'lambda_l2': 0.34218088252491935, 'num_leaves': 38, 'feature_fraction': 0.42466567566454305, 'bagging_fraction': 0.9996415294055334, 'bagging_freq': 8, 'min_child_samples': 72}. Best is trial 142 with value: 0.8204417101154358.
[I 2025-04-08 00:55:09,582] Trial 154 finished with value: 0.818848594438909 and parameters: {'lambda_l1': 0.00010430947716993293, 'lambda_l2': 0.7534317029291077, 'num_leaves': 33, 'feature_fraction': 0.42624345995193075, 'bagging_fraction': 0.9643505881215304, 'bagging_freq': 9, 'min_child_samples': 74}. Best is trial 142 with value: 0.8204417101154358.
[I 2025-04-08 00:55:11,515] Trial 155 finished with value: 0.8191001140475274 and parameters: {'lambda_l1': 0.00037349937043606535, 'lambda_l2': 0.4545065603030168, 'num_leaves': 36, 'feature_fraction': 0.41461012344833453, 'bagging_fraction': 0.9997644032771944, 'bagging_freq': 7, 'min_child_samples': 78}. Best is trial 142 with value: 0.8204417101154358.
[I 2025-04-08 00:55:12,993] Trial 156 finished with value: 0.8188486120117175 and parameters: {'lambda_l1': 0.00013227155905309827, 'lambda_l2': 0.1213750757836556, 'num_leaves': 38, 'feature_fraction': 0.4439600680510224, 'bagging_fraction': 0.9817878299145356, 'bagging_freq': 6, 'min_child_samples': 69}. Best is trial 142 with value: 0.8204417101154358.
[I 2025-04-08 00:55:14,562] Trial 157 finished with value: 0.8188064724168411 and parameters: {'lambda_l1': 6.826835245130519e-05, 'lambda_l2': 0.23491172545547193, 'num_leaves': 42, 'feature_fraction': 0.4133878917384816, 'bagging_fraction': 0.9368016349309933, 'bagging_freq': 8, 'min_child_samples': 75}. Best is trial 142 with value: 0.8204417101154358.
[I 2025-04-08 00:55:16,192] Trial 158 finished with value: 0.8191001140475274 and parameters: {'lambda_l1': 0.00032674271332695386, 'lambda_l2': 0.037538284686562326, 'num_leaves': 45, 'feature_fraction': 0.4364656654717434, 'bagging_fraction': 0.9669802306648333, 'bagging_freq': 9, 'min_child_samples': 85}. Best is trial 142 with value: 0.8204417101154358.
[I 2025-04-08 00:55:17,837] Trial 159 finished with value: 0.8194354910984938 and parameters: {'lambda_l1': 3.216890667327795e-05, 'lambda_l2': 0.29267170834078443, 'num_leaves': 33, 'feature_fraction': 0.42426108707784893, 'bagging_fraction': 0.9499786674847887, 'bagging_freq': 8, 'min_child_samples': 81}. Best is trial 142 with value: 0.8204417101154358.
[I 2025-04-08 00:55:19,844] Trial 160 finished with value: 0.8201481212031749 and parameters: {'lambda_l1': 1.2253832991550678e-05, 'lambda_l2': 1.6335097530774152, 'num_leaves': 49, 'feature_fraction': 0.4002075422530724, 'bagging_fraction': 0.9758829557990013, 'bagging_freq': 6, 'min_child_samples': 73}. Best is trial 142 with value: 0.8204417101154358.
[I 2025-04-08 00:55:22,417] Trial 161 finished with value: 0.8200222471756102 and parameters: {'lambda_l1': 6.16805784337653e-05, 'lambda_l2': 1.8080913265745522, 'num_leaves': 49, 'feature_fraction': 0.40083929635442483, 'bagging_fraction': 0.9797308819594748, 'bagging_freq': 6, 'min_child_samples': 77}. Best is trial 142 with value: 0.8204417101154358.
[I 2025-04-08 00:55:24,297] Trial 162 finished with value: 0.8193935272317028 and parameters: {'lambda_l1': 1.0593795729160845e-05, 'lambda_l2': 1.7574942656388624, 'num_leaves': 52, 'feature_fraction': 0.4011072879581821, 'bagging_fraction': 0.9796048954454071, 'bagging_freq': 5, 'min_child_samples': 72}. Best is trial 142 with value: 0.8204417101154358.
[I 2025-04-08 00:55:26,031] Trial 163 finished with value: 0.8182195054660222 and parameters: {'lambda_l1': 5.777290511654981e-05, 'lambda_l2': 0.7826883221631125, 'num_leaves': 50, 'feature_fraction': 0.4132733934683049, 'bagging_fraction': 0.989313842368711, 'bagging_freq': 6, 'min_child_samples': 77}. Best is trial 142 with value: 0.8204417101154358.
[I 2025-04-08 00:55:27,897] Trial 164 finished with value: 0.8188904001504232 and parameters: {'lambda_l1': 2.1470305771160612e-05, 'lambda_l2': 1.591558905427257, 'num_leaves': 55, 'feature_fraction': 0.4184794532329817, 'bagging_fraction': 0.9633042567166844, 'bagging_freq': 6, 'min_child_samples': 68}. Best is trial 142 with value: 0.8204417101154358.
[I 2025-04-08 00:55:29,636] Trial 165 finished with value: 0.8192257069101554 and parameters: {'lambda_l1': 0.0001615400541979706, 'lambda_l2': 0.16606764367092267, 'num_leaves': 49, 'feature_fraction': 0.42943664201325304, 'bagging_fraction': 0.976879869924314, 'bagging_freq': 6, 'min_child_samples': 73}. Best is trial 142 with value: 0.8204417101154358.
[I 2025-04-08 00:55:31,233] Trial 166 finished with value: 0.8190579217342252 and parameters: {'lambda_l1': 0.0006140283714482393, 'lambda_l2': 0.7098019287248621, 'num_leaves': 43, 'feature_fraction': 0.4559328309371856, 'bagging_fraction': 0.949242721022349, 'bagging_freq': 7, 'min_child_samples': 79}. Best is trial 142 with value: 0.8204417101154358.
[I 2025-04-08 00:55:33,338] Trial 167 finished with value: 0.8188065251352669 and parameters: {'lambda_l1': 8.113645476126024e-05, 'lambda_l2': 0.3814930122549885, 'num_leaves': 46, 'feature_fraction': 0.44185053112403017, 'bagging_fraction': 0.9995352980141071, 'bagging_freq': 8, 'min_child_samples': 76}. Best is trial 142 with value: 0.8204417101154358.
[I 2025-04-08 00:55:34,849] Trial 168 finished with value: 0.819393597522937 and parameters: {'lambda_l1': 1.3023972455292236e-05, 'lambda_l2': 3.1579307321152412, 'num_leaves': 39, 'feature_fraction': 0.41155545294342283, 'bagging_fraction': 0.9287828792575746, 'bagging_freq': 5, 'min_child_samples': 63}. Best is trial 142 with value: 0.8204417101154358.
[I 2025-04-08 00:55:36,890] Trial 169 finished with value: 0.8174650345042096 and parameters: {'lambda_l1': 4.584842972310104e-05, 'lambda_l2': 0.0736363011888489, 'num_leaves': 60, 'feature_fraction': 0.4268158013996488, 'bagging_fraction': 0.9866362967003472, 'bagging_freq': 7, 'min_child_samples': 71}. Best is trial 142 with value: 0.8204417101154358.
[I 2025-04-08 00:55:38,297] Trial 170 finished with value: 0.817674818692548 and parameters: {'lambda_l1': 0.0002317408132169264, 'lambda_l2': 6.065971337160492e-07, 'num_leaves': 37, 'feature_fraction': 0.40120070333495644, 'bagging_fraction': 0.961097002773325, 'bagging_freq': 9, 'min_child_samples': 69}. Best is trial 142 with value: 0.8204417101154358.
[I 2025-04-08 00:55:40,037] Trial 171 finished with value: 0.8195610312426963 and parameters: {'lambda_l1': 8.666458534876927e-05, 'lambda_l2': 2.4504209729109365, 'num_leaves': 40, 'feature_fraction': 0.42119198761337306, 'bagging_fraction': 0.8198567215839762, 'bagging_freq': 8, 'min_child_samples': 83}. Best is trial 142 with value: 0.8204417101154358.
[I 2025-04-08 00:55:42,618] Trial 172 finished with value: 0.8186388278233793 and parameters: {'lambda_l1': 3.203219711354976e-05, 'lambda_l2': 3.0178257482700475, 'num_leaves': 48, 'feature_fraction': 0.4237514697647567, 'bagging_fraction': 0.971308244948142, 'bagging_freq': 8, 'min_child_samples': 74}. Best is trial 142 with value: 0.8204417101154358.
[I 2025-04-08 00:55:44,351] Trial 173 finished with value: 0.8185129537958146 and parameters: {'lambda_l1': 9.485200675082802e-05, 'lambda_l2': 1.0521640117210096, 'num_leaves': 43, 'feature_fraction': 0.4120675496816568, 'bagging_fraction': 0.8196799926236211, 'bagging_freq': 8, 'min_child_samples': 78}. Best is trial 142 with value: 0.8204417101154358.
[I 2025-04-08 00:55:45,819] Trial 174 finished with value: 0.8191420076230844 and parameters: {'lambda_l1': 0.0001245703732296163, 'lambda_l2': 1.6317888078200278, 'num_leaves': 39, 'feature_fraction': 0.44536100543242585, 'bagging_fraction': 0.9844871563226376, 'bagging_freq': 9, 'min_child_samples': 80}. Best is trial 142 with value: 0.8204417101154358.
[I 2025-04-08 00:55:47,451] Trial 175 finished with value: 0.8175067874972981 and parameters: {'lambda_l1': 0.00025912497347480837, 'lambda_l2': 0.5974232330666155, 'num_leaves': 41, 'feature_fraction': 0.43152472053885527, 'bagging_fraction': 0.9986215625689773, 'bagging_freq': 6, 'min_child_samples': 75}. Best is trial 142 with value: 0.8204417101154358.
[I 2025-04-08 00:55:48,949] Trial 176 finished with value: 0.8194354735256854 and parameters: {'lambda_l1': 5.832376816036253e-05, 'lambda_l2': 0.16230859851258814, 'num_leaves': 36, 'feature_fraction': 0.40143852317862067, 'bagging_fraction': 0.9747760281677812, 'bagging_freq': 8, 'min_child_samples': 83}. Best is trial 142 with value: 0.8204417101154358.
[I 2025-04-08 00:55:50,928] Trial 177 finished with value: 0.8183032574715188 and parameters: {'lambda_l1': 1.1550350300691377, 'lambda_l2': 0.2795162218023469, 'num_leaves': 44, 'feature_fraction': 0.4567654864785413, 'bagging_fraction': 0.9591695913134728, 'bagging_freq': 7, 'min_child_samples': 86}. Best is trial 142 with value: 0.8204417101154358.
[I 2025-04-08 00:55:53,041] Trial 178 finished with value: 0.8187227555569614 and parameters: {'lambda_l1': 1.742079726120457e-05, 'lambda_l2': 7.670237021837164, 'num_leaves': 34, 'feature_fraction': 0.4137223959980795, 'bagging_fraction': 0.9869968410493074, 'bagging_freq': 7, 'min_child_samples': 71}. Best is trial 142 with value: 0.8204417101154358.
[I 2025-04-08 00:55:54,706] Trial 179 finished with value: 0.8198126211425489 and parameters: {'lambda_l1': 3.754976920646475e-05, 'lambda_l2': 2.9293008021448577, 'num_leaves': 39, 'feature_fraction': 0.4348493053984281, 'bagging_fraction': 0.9720027419997214, 'bagging_freq': 8, 'min_child_samples': 67}. Best is trial 142 with value: 0.8204417101154358.
[I 2025-04-08 00:55:57,220] Trial 180 finished with value: 0.8177583773971507 and parameters: {'lambda_l1': 3.0752794816362824e-05, 'lambda_l2': 0.44408760273728054, 'num_leaves': 73, 'feature_fraction': 0.4400693125646534, 'bagging_fraction': 0.9462439705428185, 'bagging_freq': 9, 'min_child_samples': 67}. Best is trial 142 with value: 0.8204417101154358.
[I 2025-04-08 00:55:58,680] Trial 181 finished with value: 0.8189741873015371 and parameters: {'lambda_l1': 7.487132338457661e-05, 'lambda_l2': 2.254502170419369, 'num_leaves': 39, 'feature_fraction': 0.4277288459215313, 'bagging_fraction': 0.971673160788007, 'bagging_freq': 8, 'min_child_samples': 74}. Best is trial 142 with value: 0.8204417101154358.
[I 2025-04-08 00:56:00,526] Trial 182 finished with value: 0.8196869404158781 and parameters: {'lambda_l1': 3.9011591229594657e-05, 'lambda_l2': 4.11365439572971, 'num_leaves': 41, 'feature_fraction': 0.41386871492161775, 'bagging_fraction': 0.9872077490965462, 'bagging_freq': 8, 'min_child_samples': 66}. Best is trial 142 with value: 0.8204417101154358.
[I 2025-04-08 00:56:02,504] Trial 183 finished with value: 0.8195192079583734 and parameters: {'lambda_l1': 8.631185504703494e-06, 'lambda_l2': 5.934842495993416, 'num_leaves': 46, 'feature_fraction': 0.40033279468481325, 'bagging_fraction': 0.9858689968372815, 'bagging_freq': 8, 'min_child_samples': 66}. Best is trial 142 with value: 0.8204417101154358.
[I 2025-04-08 00:56:04,764] Trial 184 finished with value: 0.8195611191067391 and parameters: {'lambda_l1': 4.447455230120986e-06, 'lambda_l2': 1.0570590160616484, 'num_leaves': 42, 'feature_fraction': 0.413076370174824, 'bagging_fraction': 0.9620996718290769, 'bagging_freq': 9, 'min_child_samples': 62}. Best is trial 142 with value: 0.8204417101154358.
[I 2025-04-08 00:56:06,514] Trial 185 finished with value: 0.8199385127429222 and parameters: {'lambda_l1': 4.098734424131923e-06, 'lambda_l2': 0.9252644508988876, 'num_leaves': 42, 'feature_fraction': 0.4129640542658345, 'bagging_fraction': 0.9580033668399545, 'bagging_freq': 9, 'min_child_samples': 59}. Best is trial 142 with value: 0.8204417101154358.
[I 2025-04-08 00:56:08,229] Trial 186 finished with value: 0.8189741873015371 and parameters: {'lambda_l1': 1.5177346479876823e-05, 'lambda_l2': 10.22137258759803, 'num_leaves': 36, 'feature_fraction': 0.4355647321879745, 'bagging_fraction': 0.9766171690680904, 'bagging_freq': 9, 'min_child_samples': 58}. Best is trial 142 with value: 0.8204417101154358.
[I 2025-04-08 00:56:10,062] Trial 187 finished with value: 0.8183872906419524 and parameters: {'lambda_l1': 3.254238818260048e-05, 'lambda_l2': 4.655935288149988, 'num_leaves': 48, 'feature_fraction': 0.45091581120644414, 'bagging_fraction': 0.9506146988504469, 'bagging_freq': 8, 'min_child_samples': 70}. Best is trial 142 with value: 0.8204417101154358.
