[I 2025-04-08 21:02:35,354] Trial 90 finished with value: 0.8151176235939556 and parameters: {'max_depth': 5, 'learning_rate': 0.1124725705078986, 'n_estimators': 212, 'gamma': 0.026792093340303816, 'min_child_weight': 5, 'subsample': 0.8098887640582527, 'colsample_bytree': 0.9800123459699208}. Best is trial 42 with value: 0.8156625563867493.
[I 2025-04-08 21:02:38,191] Trial 91 finished with value: 0.8145725150730765 and parameters: {'max_depth': 12, 'learning_rate': 0.03211630660008055, 'n_estimators': 235, 'gamma': 0.07540028589386001, 'min_child_weight': 4, 'subsample': 0.5369045616416246, 'colsample_bytree': 0.9217952453405193}. Best is trial 42 with value: 0.8156625563867493.
[I 2025-04-08 21:02:40,127] Trial 92 finished with value: 0.8141533332981877 and parameters: {'max_depth': 9, 'learning_rate': 0.044488903809412964, 'n_estimators': 206, 'gamma': 0.09120753953515359, 'min_child_weight': 4, 'subsample': 0.8423419024751966, 'colsample_bytree': 0.9064528981754182}. Best is trial 42 with value: 0.8156625563867493.
[I 2025-04-08 21:02:41,615] Trial 93 finished with value: 0.8105062023227738 and parameters: {'max_depth': 8, 'learning_rate': 0.15385659239312927, 'n_estimators': 196, 'gamma': 0.17719590216693398, 'min_child_weight': 5, 'subsample': 0.7923590149274801, 'colsample_bytree': 0.882631277187631}. Best is trial 42 with value: 0.8156625563867493.
[I 2025-04-08 21:02:43,120] Trial 94 finished with value: 0.8148662445678057 and parameters: {'max_depth': 11, 'learning_rate': 0.07749699379557158, 'n_estimators': 175, 'gamma': 0.1399993438860796, 'min_child_weight': 6, 'subsample': 0.9806401383191353, 'colsample_bytree': 0.9488687277721873}. Best is trial 42 with value: 0.8156625563867493.
[I 2025-04-08 21:02:45,777] Trial 95 finished with value: 0.814614391075825 and parameters: {'max_depth': 9, 'learning_rate': 0.03271168720667285, 'n_estimators': 261, 'gamma': 0.011614336978928164, 'min_child_weight': 7, 'subsample': 0.6958651151115562, 'colsample_bytree': 0.8126379127822821}. Best is trial 42 with value: 0.8156625563867493.
[I 2025-04-08 21:02:48,125] Trial 96 finished with value: 0.8150338012972247 and parameters: {'max_depth': 10, 'learning_rate': 0.017359064144614803, 'n_estimators': 229, 'gamma': 0.06138529597564185, 'min_child_weight': 4, 'subsample': 0.8177106762770335, 'colsample_bytree': 0.9311181738108453}. Best is trial 42 with value: 0.8156625563867493.
[I 2025-04-08 21:02:49,582] Trial 97 finished with value: 0.8151176235939556 and parameters: {'max_depth': 7, 'learning_rate': 0.052548773436702605, 'n_estimators': 223, 'gamma': 0.11714903853742975, 'min_child_weight': 6, 'subsample': 0.9634260152661437, 'colsample_bytree': 0.8988862526795605}. Best is trial 42 with value: 0.8156625563867493.
[I 2025-04-08 21:02:51,024] Trial 98 finished with value: 0.6377394866279713 and parameters: {'max_depth': 13, 'learning_rate': 0.0012289203403415786, 'n_estimators': 84, 'gamma': 0.03728944372619046, 'min_child_weight': 5, 'subsample': 0.9209024342498577, 'colsample_bytree': 0.9141213811109278}. Best is trial 42 with value: 0.8156625563867493.
[I 2025-04-08 21:02:51,968] Trial 99 finished with value: 0.8134405450382296 and parameters: {'max_depth': 11, 'learning_rate': 0.12537804706187783, 'n_estimators': 55, 'gamma': 0.044333941908908193, 'min_child_weight': 3, 'subsample': 0.7328892320070236, 'colsample_bytree': 0.9669390507245752}. Best is trial 42 with value: 0.8156625563867493.
[I 2025-04-08 21:02:53,206] Trial 100 finished with value: 0.8129793993965497 and parameters: {'max_depth': 12, 'learning_rate': 0.026338923216412152, 'n_estimators': 64, 'gamma': 0.0010579258213918377, 'min_child_weight': 5, 'subsample': 0.9316975224371407, 'colsample_bytree': 0.9435823212612221}. Best is trial 42 with value: 0.8156625563867493.
[I 2025-04-08 21:02:54,465] Trial 101 finished with value: 0.8138598322499696 and parameters: {'max_depth': 5, 'learning_rate': 0.10328264801740654, 'n_estimators': 209, 'gamma': 0.024760160351877208, 'min_child_weight': 5, 'subsample': 0.8178538182467565, 'colsample_bytree': 0.9770153808583205}. Best is trial 42 with value: 0.8156625563867493.
[I 2025-04-08 21:02:56,310] Trial 102 finished with value: 0.8128956649638616 and parameters: {'max_depth': 6, 'learning_rate': 0.18562972168935515, 'n_estimators': 204, 'gamma': 0.025241290606506157, 'min_child_weight': 5, 'subsample': 0.8104786282373733, 'colsample_bytree': 0.9853883602091668}. Best is trial 42 with value: 0.8156625563867493.
[I 2025-04-08 21:02:57,290] Trial 103 finished with value: 0.8083258736761085 and parameters: {'max_depth': 3, 'learning_rate': 0.08325401151675191, 'n_estimators': 211, 'gamma': 0.3547918013610955, 'min_child_weight': 4, 'subsample': 0.7775579253341041, 'colsample_bytree': 0.7235960314299705}. Best is trial 42 with value: 0.8156625563867493.
[I 2025-04-08 21:02:58,203] Trial 104 finished with value: 0.8143632580689945 and parameters: {'max_depth': 8, 'learning_rate': 0.06509005193455764, 'n_estimators': 96, 'gamma': 0.244666181269352, 'min_child_weight': 6, 'subsample': 0.8368638032477121, 'colsample_bytree': 0.9890175365164964}. Best is trial 42 with value: 0.8156625563867493.
[I 2025-04-08 21:02:59,564] Trial 105 finished with value: 0.8144049231980401 and parameters: {'max_depth': 6, 'learning_rate': 0.04061819579956632, 'n_estimators': 213, 'gamma': 0.05887386689026844, 'min_child_weight': 5, 'subsample': 0.7922717894995717, 'colsample_bytree': 0.9557509995091865}. Best is trial 42 with value: 0.8156625563867493.
[I 2025-04-08 21:03:00,502] Trial 106 finished with value: 0.8140277052899425 and parameters: {'max_depth': 9, 'learning_rate': 0.11672473648073738, 'n_estimators': 74, 'gamma': 0.07889355281755271, 'min_child_weight': 4, 'subsample': 0.7594744790434388, 'colsample_bytree': 0.9748141204143467}. Best is trial 42 with value: 0.8156625563867493.
[I 2025-04-08 21:03:01,618] Trial 107 finished with value: 0.8136505401002705 and parameters: {'max_depth': 5, 'learning_rate': 0.24718625483696044, 'n_estimators': 182, 'gamma': 0.20997359369469737, 'min_child_weight': 5, 'subsample': 0.8542749283870337, 'colsample_bytree': 0.7101992889184402}. Best is trial 42 with value: 0.8156625563867493.
[I 2025-04-08 21:03:03,050] Trial 108 finished with value: 0.8161655956039862 and parameters: {'max_depth': 10, 'learning_rate': 0.0613838165225061, 'n_estimators': 187, 'gamma': 0.28267125332740184, 'min_child_weight': 6, 'subsample': 0.9994651565834318, 'colsample_bytree': 0.7782896536211026}. Best is trial 108 with value: 0.8161655956039862.
[I 2025-04-08 21:03:04,431] Trial 109 finished with value: 0.8149500668645364 and parameters: {'max_depth': 10, 'learning_rate': 0.058045112047305426, 'n_estimators': 160, 'gamma': 0.3108157362725054, 'min_child_weight': 6, 'subsample': 0.9909033633378936, 'colsample_bytree': 0.7489805611323259}. Best is trial 108 with value: 0.8161655956039862.
[I 2025-04-08 21:03:07,207] Trial 110 finished with value: 0.8156207331024268 and parameters: {'max_depth': 18, 'learning_rate': 0.03094671851856843, 'n_estimators': 142, 'gamma': 0.2780332178659849, 'min_child_weight': 7, 'subsample': 0.9478701193058616, 'colsample_bytree': 0.7725355434629556}. Best is trial 108 with value: 0.8161655956039862.
[I 2025-04-08 21:03:09,303] Trial 111 finished with value: 0.8149919252944764 and parameters: {'max_depth': 18, 'learning_rate': 0.031054259717221783, 'n_estimators': 119, 'gamma': 0.2784156436106988, 'min_child_weight': 7, 'subsample': 0.9984004968712726, 'colsample_bytree': 0.7665368488533854}. Best is trial 108 with value: 0.8161655956039862.
[I 2025-04-08 21:03:12,064] Trial 112 finished with value: 0.815494929366096 and parameters: {'max_depth': 20, 'learning_rate': 0.03860291424437604, 'n_estimators': 169, 'gamma': 0.3794797775400841, 'min_child_weight': 7, 'subsample': 0.9442339486189087, 'colsample_bytree': 0.7851773465931063}. Best is trial 108 with value: 0.8161655956039862.
[I 2025-04-08 21:03:14,523] Trial 113 finished with value: 0.8121829469951376 and parameters: {'max_depth': 19, 'learning_rate': 0.013251644703048765, 'n_estimators': 146, 'gamma': 0.28478316469192905, 'min_child_weight': 7, 'subsample': 0.976609926773257, 'colsample_bytree': 0.785559097916983}. Best is trial 108 with value: 0.8161655956039862.
[I 2025-04-08 21:03:18,915] Trial 114 finished with value: 0.8152433746118606 and parameters: {'max_depth': 23, 'learning_rate': 0.02009245968365123, 'n_estimators': 240, 'gamma': 0.24267196474633754, 'min_child_weight': 7, 'subsample': 0.9636173660525945, 'colsample_bytree': 0.7715232616204699}. Best is trial 108 with value: 0.8161655956039862.
[I 2025-04-08 21:03:21,334] Trial 115 finished with value: 0.8144467289095545 and parameters: {'max_depth': 21, 'learning_rate': 0.02048857052348825, 'n_estimators': 138, 'gamma': 0.24579371483970242, 'min_child_weight': 7, 'subsample': 0.9431199665450318, 'colsample_bytree': 0.7955851746196912}. Best is trial 108 with value: 0.8161655956039862.
[I 2025-04-08 21:03:22,986] Trial 116 finished with value: 0.8148241928369717 and parameters: {'max_depth': 24, 'learning_rate': 0.08546306048100258, 'n_estimators': 159, 'gamma': 0.2947603770021223, 'min_child_weight': 7, 'subsample': 0.9536752665951348, 'colsample_bytree': 0.7570806051564943}. Best is trial 108 with value: 0.8161655956039862.
[I 2025-04-08 21:03:24,305] Trial 117 finished with value: 0.7965035910034249 and parameters: {'max_depth': 22, 'learning_rate': 0.010807008863711621, 'n_estimators': 69, 'gamma': 0.3362076815368962, 'min_child_weight': 7, 'subsample': 0.965778585530655, 'colsample_bytree': 0.7817468561359574}. Best is trial 108 with value: 0.8161655956039862.
[I 2025-04-08 21:03:27,832] Trial 118 finished with value: 0.8144050286348916 and parameters: {'max_depth': 27, 'learning_rate': 0.03673784847206921, 'n_estimators': 177, 'gamma': 0.23318160079657402, 'min_child_weight': 7, 'subsample': 0.8935413141752946, 'colsample_bytree': 0.8084990440761759}. Best is trial 108 with value: 0.8161655956039862.
[I 2025-04-08 21:03:29,305] Trial 119 finished with value: 0.8130630459651954 and parameters: {'max_depth': 20, 'learning_rate': 0.02547743689155297, 'n_estimators': 82, 'gamma': 0.3229337755290498, 'min_child_weight': 6, 'subsample': 0.7123447315922162, 'colsample_bytree': 0.7753738566656126}. Best is trial 108 with value: 0.8161655956039862.
[I 2025-04-08 21:03:30,990] Trial 120 finished with value: 0.8155786286531672 and parameters: {'max_depth': 17, 'learning_rate': 0.05446061286753313, 'n_estimators': 126, 'gamma': 0.38135629630326423, 'min_child_weight': 7, 'subsample': 0.9266835139947942, 'colsample_bytree': 0.7548532223225547}. Best is trial 108 with value: 0.8161655956039862.
[I 2025-04-08 21:03:32,617] Trial 121 finished with value: 0.8137759923804302 and parameters: {'max_depth': 17, 'learning_rate': 0.04430937779318805, 'n_estimators': 131, 'gamma': 0.36556333553578163, 'min_child_weight': 7, 'subsample': 0.9294460605053642, 'colsample_bytree': 0.7497773019836491}. Best is trial 108 with value: 0.8161655956039862.
[I 2025-04-08 21:03:34,566] Trial 122 finished with value: 0.816249576055994 and parameters: {'max_depth': 26, 'learning_rate': 0.07198088919354943, 'n_estimators': 172, 'gamma': 0.4089605182535494, 'min_child_weight': 7, 'subsample': 0.9393463023655687, 'colsample_bytree': 0.7672949914921454}. Best is trial 122 with value: 0.816249576055994.
[I 2025-04-08 21:03:36,720] Trial 123 finished with value: 0.8155788219540611 and parameters: {'max_depth': 27, 'learning_rate': 0.05682666392505967, 'n_estimators': 186, 'gamma': 0.39754435106772223, 'min_child_weight': 7, 'subsample': 0.941550980114945, 'colsample_bytree': 0.7391140159793265}. Best is trial 122 with value: 0.816249576055994.
[I 2025-04-08 21:03:38,921] Trial 124 finished with value: 0.8149078745512345 and parameters: {'max_depth': 27, 'learning_rate': 0.06723665070377856, 'n_estimators': 174, 'gamma': 0.4045791026300931, 'min_child_weight': 7, 'subsample': 0.9154777075104189, 'colsample_bytree': 0.698667182779187}. Best is trial 122 with value: 0.816249576055994.
[I 2025-04-08 21:03:41,140] Trial 125 finished with value: 0.8153691432025741 and parameters: {'max_depth': 30, 'learning_rate': 0.06085709497182355, 'n_estimators': 168, 'gamma': 0.44371652239480963, 'min_child_weight': 7, 'subsample': 0.9412156829712897, 'colsample_bytree': 0.7288048714326183}. Best is trial 122 with value: 0.816249576055994.
[I 2025-04-08 21:03:43,299] Trial 126 finished with value: 0.8152433921846691 and parameters: {'max_depth': 32, 'learning_rate': 0.05407092593555535, 'n_estimators': 167, 'gamma': 0.43564107907721894, 'min_child_weight': 7, 'subsample': 0.9445741409782653, 'colsample_bytree': 0.7301842347365244}. Best is trial 122 with value: 0.816249576055994.
[I 2025-04-08 21:03:45,282] Trial 127 finished with value: 0.8135244376261946 and parameters: {'max_depth': 29, 'learning_rate': 0.07635530343076002, 'n_estimators': 186, 'gamma': 0.3949943425421584, 'min_child_weight': 7, 'subsample': 0.9373118622938219, 'colsample_bytree': 0.6753347469935873}. Best is trial 122 with value: 0.816249576055994.
[I 2025-04-08 21:03:46,435] Trial 128 finished with value: 0.8156625915323665 and parameters: {'max_depth': 29, 'learning_rate': 0.15214567051300684, 'n_estimators': 169, 'gamma': 0.4533314698422399, 'min_child_weight': 7, 'subsample': 0.9816453424194377, 'colsample_bytree': 0.742912537386416}. Best is trial 122 with value: 0.816249576055994.
[I 2025-04-08 21:03:47,493] Trial 129 finished with value: 0.8152013755994524 and parameters: {'max_depth': 29, 'learning_rate': 0.1677410022892063, 'n_estimators': 148, 'gamma': 0.42051578999672945, 'min_child_weight': 7, 'subsample': 0.956455661765518, 'colsample_bytree': 0.7419543253569387}. Best is trial 122 with value: 0.816249576055994.
[I 2025-04-08 21:03:48,972] Trial 130 finished with value: 0.8154110894965566 and parameters: {'max_depth': 30, 'learning_rate': 0.1289483115628674, 'n_estimators': 163, 'gamma': 0.45276383889319066, 'min_child_weight': 7, 'subsample': 0.9713548789468223, 'colsample_bytree': 0.7085567738025187}. Best is trial 122 with value: 0.816249576055994.
[I 2025-04-08 21:03:49,828] Trial 131 finished with value: 0.8154110719237482 and parameters: {'max_depth': 30, 'learning_rate': 0.21058223263176348, 'n_estimators': 171, 'gamma': 0.447956730235801, 'min_child_weight': 7, 'subsample': 0.9841343128857538, 'colsample_bytree': 0.7126847086244076}. Best is trial 122 with value: 0.816249576055994.
[I 2025-04-08 21:03:50,565] Trial 132 finished with value: 0.8144469749288741 and parameters: {'max_depth': 30, 'learning_rate': 0.3200527858029779, 'n_estimators': 170, 'gamma': 0.47019289564052696, 'min_child_weight': 7, 'subsample': 0.9725725222917607, 'colsample_bytree': 0.7183633901966733}. Best is trial 122 with value: 0.816249576055994.
[I 2025-04-08 21:03:51,618] Trial 133 finished with value: 0.815997810428056 and parameters: {'max_depth': 30, 'learning_rate': 0.13895801609070554, 'n_estimators': 159, 'gamma': 0.44847109549041353, 'min_child_weight': 7, 'subsample': 0.9809026908735871, 'colsample_bytree': 0.742987448535465}. Best is trial 122 with value: 0.816249576055994.
[I 2025-04-08 21:03:52,636] Trial 134 finished with value: 0.8151595523151297 and parameters: {'max_depth': 27, 'learning_rate': 0.14297430539086833, 'n_estimators': 158, 'gamma': 0.4518980642064935, 'min_child_weight': 7, 'subsample': 0.986243888962806, 'colsample_bytree': 0.7102721941713547}. Best is trial 122 with value: 0.816249576055994.
[I 2025-04-08 21:03:53,396] Trial 135 finished with value: 0.8146565130978928 and parameters: {'max_depth': 26, 'learning_rate': 0.27785725756815655, 'n_estimators': 151, 'gamma': 0.5016374584699549, 'min_child_weight': 7, 'subsample': 0.9747315367140212, 'colsample_bytree': 0.7576847336939659}. Best is trial 122 with value: 0.816249576055994.
[I 2025-04-08 21:03:54,070] Trial 136 finished with value: 0.8152434449030947 and parameters: {'max_depth': 30, 'learning_rate': 0.3718690408868837, 'n_estimators': 142, 'gamma': 0.38660500102908296, 'min_child_weight': 7, 'subsample': 0.9861572343480529, 'colsample_bytree': 0.6918711016053098}. Best is trial 122 with value: 0.816249576055994.
[I 2025-04-08 21:03:55,093] Trial 137 finished with value: 0.8145308850896477 and parameters: {'max_depth': 29, 'learning_rate': 0.21802593274483015, 'n_estimators': 172, 'gamma': 0.40953151456753994, 'min_child_weight': 7, 'subsample': 0.9499946322602641, 'colsample_bytree': 0.7407249513373101}. Best is trial 122 with value: 0.816249576055994.
[I 2025-04-08 21:03:55,972] Trial 138 finished with value: 0.816081861171298 and parameters: {'max_depth': 28, 'learning_rate': 0.18861925896006698, 'n_estimators': 163, 'gamma': 0.49249281707753456, 'min_child_weight': 7, 'subsample': 0.9794585036957458, 'colsample_bytree': 0.7137365912451876}. Best is trial 122 with value: 0.816249576055994.
[I 2025-04-08 21:03:57,198] Trial 139 finished with value: 0.8156205398015327 and parameters: {'max_depth': 28, 'learning_rate': 0.10011109640093989, 'n_estimators': 163, 'gamma': 0.4969476069464568, 'min_child_weight': 7, 'subsample': 0.9562735825105674, 'colsample_bytree': 0.7604910091244178}. Best is trial 122 with value: 0.816249576055994.
[I 2025-04-08 21:03:58,660] Trial 140 finished with value: 0.8159560925805845 and parameters: {'max_depth': 28, 'learning_rate': 0.14272482933703018, 'n_estimators': 161, 'gamma': 0.49600230980290866, 'min_child_weight': 7, 'subsample': 0.9982259108184351, 'colsample_bytree': 0.6783090121158171}. Best is trial 122 with value: 0.816249576055994.
[I 2025-04-08 21:03:59,653] Trial 141 finished with value: 0.8154530533633476 and parameters: {'max_depth': 28, 'learning_rate': 0.14038229103526276, 'n_estimators': 163, 'gamma': 0.4928852665546169, 'min_child_weight': 7, 'subsample': 0.9936741737040904, 'colsample_bytree': 0.677970152791221}. Best is trial 122 with value: 0.816249576055994.
[I 2025-04-08 21:04:00,824] Trial 142 finished with value: 0.8154110894965566 and parameters: {'max_depth': 28, 'learning_rate': 0.09717091560896968, 'n_estimators': 155, 'gamma': 0.5103608841104871, 'min_child_weight': 7, 'subsample': 0.9953082287640278, 'colsample_bytree': 0.6741286748556894}. Best is trial 122 with value: 0.816249576055994.
[I 2025-04-08 21:04:01,783] Trial 143 finished with value: 0.8155786286531672 and parameters: {'max_depth': 28, 'learning_rate': 0.17438193624708528, 'n_estimators': 162, 'gamma': 0.5322192283507962, 'min_child_weight': 7, 'subsample': 0.9986401455451107, 'colsample_bytree': 0.764437661330832}. Best is trial 122 with value: 0.816249576055994.
[I 2025-04-08 21:04:02,855] Trial 144 finished with value: 0.8153690904841484 and parameters: {'max_depth': 28, 'learning_rate': 0.17394385285317826, 'n_estimators': 164, 'gamma': 0.5480254138265752, 'min_child_weight': 7, 'subsample': 0.961796968538053, 'colsample_bytree': 0.6450984386965763}. Best is trial 122 with value: 0.816249576055994.
[I 2025-04-08 21:04:03,574] Trial 145 finished with value: 0.8148658579660177 and parameters: {'max_depth': 26, 'learning_rate': 0.5653753240929946, 'n_estimators': 138, 'gamma': 0.5318485654719503, 'min_child_weight': 7, 'subsample': 0.9983164688944226, 'colsample_bytree': 0.760299039258801}. Best is trial 122 with value: 0.816249576055994.
[I 2025-04-08 21:04:04,782] Trial 146 finished with value: 0.8148659458300604 and parameters: {'max_depth': 28, 'learning_rate': 0.14146966602202582, 'n_estimators': 180, 'gamma': 0.48182375785594167, 'min_child_weight': 7, 'subsample': 0.9808676020289573, 'colsample_bytree': 0.6617641967343281}. Best is trial 122 with value: 0.816249576055994.
[I 2025-04-08 21:04:05,582] Trial 147 finished with value: 0.8128955946726274 and parameters: {'max_depth': 26, 'learning_rate': 0.4234424605618111, 'n_estimators': 151, 'gamma': 0.493689698750784, 'min_child_weight': 7, 'subsample': 0.9568656849255097, 'colsample_bytree': 0.7486082602526078}. Best is trial 122 with value: 0.816249576055994.
[I 2025-04-08 21:04:06,843] Trial 148 finished with value: 0.8157882546862287 and parameters: {'max_depth': 25, 'learning_rate': 0.10338497372489504, 'n_estimators': 126, 'gamma': 0.46967462871311016, 'min_child_weight': 7, 'subsample': 0.9904742551939428, 'colsample_bytree': 0.7657691860067534}. Best is trial 122 with value: 0.816249576055994.
[I 2025-04-08 21:04:08,128] Trial 149 finished with value: 0.8153271266173574 and parameters: {'max_depth': 25, 'learning_rate': 0.10200088860880839, 'n_estimators': 138, 'gamma': 0.46953562511207825, 'min_child_weight': 7, 'subsample': 0.9709450827508038, 'colsample_bytree': 0.7957807808493277}. Best is trial 122 with value: 0.816249576055994.
[I 2025-04-08 21:04:09,479] Trial 150 finished with value: 0.8155368053688445 and parameters: {'max_depth': 27, 'learning_rate': 0.2663167471444179, 'n_estimators': 185, 'gamma': 0.5272886302841615, 'min_child_weight': 7, 'subsample': 0.9776074545125633, 'colsample_bytree': 0.7651042127838553}. Best is trial 122 with value: 0.816249576055994.
[I 2025-04-08 21:04:10,267] Trial 151 finished with value: 0.8153690377657229 and parameters: {'max_depth': 27, 'learning_rate': 0.2769009467788297, 'n_estimators': 126, 'gamma': 0.5247868874149931, 'min_child_weight': 7, 'subsample': 0.9798844471539354, 'colsample_bytree': 0.7777215610162456}. Best is trial 122 with value: 0.816249576055994.
[I 2025-04-08 21:04:11,173] Trial 152 finished with value: 0.8166268115369002 and parameters: {'max_depth': 25, 'learning_rate': 0.1805943911076233, 'n_estimators': 187, 'gamma': 0.5693231256839758, 'min_child_weight': 7, 'subsample': 0.9516311707324923, 'colsample_bytree': 0.7669841915156718}. Best is trial 152 with value: 0.8166268115369002.
