[I 2025-04-08 02:04:09,026] Trial 133 finished with value: 0.6668343815513628 and parameters: {'lambda_l1': 0.0001378845534726889, 'lambda_l2': 1.1913795026609055, 'num_leaves': 29, 'feature_fraction': 0.9518737864994496, 'bagging_fraction': 0.9075891095772741, 'bagging_freq': 4, 'min_child_samples': 12}. Best is trial 115 with value: 0.6689723245838319.
[I 2025-04-08 02:04:10,070] Trial 134 finished with value: 0.6665408277847191 and parameters: {'lambda_l1': 0.0005107515696877794, 'lambda_l2': 1.9820625407836934, 'num_leaves': 27, 'feature_fraction': 0.9293082191229681, 'bagging_fraction': 0.931782381500199, 'bagging_freq': 4, 'min_child_samples': 5}. Best is trial 115 with value: 0.6689723245838319.
[I 2025-04-08 02:04:11,361] Trial 135 finished with value: 0.6679243174281843 and parameters: {'lambda_l1': 5.7730966542798696e-05, 'lambda_l2': 3.023035238873051, 'num_leaves': 30, 'feature_fraction': 0.9618592092494753, 'bagging_fraction': 0.9172104359805934, 'bagging_freq': 5, 'min_child_samples': 14}. Best is trial 115 with value: 0.6689723245838319.
[I 2025-04-08 02:04:12,807] Trial 136 finished with value: 0.6679658244019534 and parameters: {'lambda_l1': 6.134222467109379e-05, 'lambda_l2': 2.997543256534663, 'num_leaves': 34, 'feature_fraction': 0.9603753166997501, 'bagging_fraction': 0.942696987614958, 'bagging_freq': 5, 'min_child_samples': 14}. Best is trial 115 with value: 0.6689723245838319.
[I 2025-04-08 02:04:14,619] Trial 137 finished with value: 0.6667082087860527 and parameters: {'lambda_l1': 1.9334736142022033e-05, 'lambda_l2': 3.6029772643291773, 'num_leaves': 30, 'feature_fraction': 0.9598109742375599, 'bagging_fraction': 0.944568470983175, 'bagging_freq': 5, 'min_child_samples': 14}. Best is trial 115 with value: 0.6689723245838319.
[I 2025-04-08 02:04:15,624] Trial 138 finished with value: 0.6688045042622847 and parameters: {'lambda_l1': 8.918098583824005e-05, 'lambda_l2': 0.9173344586049149, 'num_leaves': 21, 'feature_fraction': 0.9401957725552249, 'bagging_fraction': 0.9256315921258012, 'bagging_freq': 5, 'min_child_samples': 19}. Best is trial 115 with value: 0.6689723245838319.
[I 2025-04-08 02:04:16,549] Trial 139 finished with value: 0.6676305000694125 and parameters: {'lambda_l1': 0.0002158952524556031, 'lambda_l2': 1.0274756983712026, 'num_leaves': 21, 'feature_fraction': 0.9421174219665225, 'bagging_fraction': 0.9349433515785585, 'bagging_freq': 6, 'min_child_samples': 20}. Best is trial 115 with value: 0.6689723245838319.
[I 2025-04-08 02:04:17,383] Trial 140 finished with value: 0.6649895529653237 and parameters: {'lambda_l1': 4.903098334344431e-05, 'lambda_l2': 1.160635626186218, 'num_leaves': 13, 'feature_fraction': 0.9285185218793621, 'bagging_fraction': 0.6032754625312319, 'bagging_freq': 5, 'min_child_samples': 26}. Best is trial 115 with value: 0.6689723245838319.
[I 2025-04-08 02:04:18,541] Trial 141 finished with value: 0.6661635220125787 and parameters: {'lambda_l1': 5.789450265706777e-05, 'lambda_l2': 2.767197425714938, 'num_leaves': 24, 'feature_fraction': 0.9605358803732253, 'bagging_fraction': 0.922419363709785, 'bagging_freq': 5, 'min_child_samples': 62}. Best is trial 115 with value: 0.6689723245838319.
[I 2025-04-08 02:04:19,771] Trial 142 finished with value: 0.6670856551406615 and parameters: {'lambda_l1': 9.798576465422655e-05, 'lambda_l2': 5.563840788023798, 'num_leaves': 33, 'feature_fraction': 0.9449877094796927, 'bagging_fraction': 0.9528224253508599, 'bagging_freq': 6, 'min_child_samples': 17}. Best is trial 115 with value: 0.6689723245838319.
[I 2025-04-08 02:04:20,623] Trial 143 finished with value: 0.6683854630698641 and parameters: {'lambda_l1': 1.7858763748884734e-05, 'lambda_l2': 0.8204831981390973, 'num_leaves': 19, 'feature_fraction': 0.9712035850913895, 'bagging_fraction': 0.9200638913178224, 'bagging_freq': 5, 'min_child_samples': 14}. Best is trial 115 with value: 0.6689723245838319.
[I 2025-04-08 02:04:21,471] Trial 144 finished with value: 0.6680916281382838 and parameters: {'lambda_l1': 2.2584625958475738e-06, 'lambda_l2': 0.2288526987572302, 'num_leaves': 19, 'feature_fraction': 0.9998344124036656, 'bagging_fraction': 0.9334984378241469, 'bagging_freq': 4, 'min_child_samples': 22}. Best is trial 115 with value: 0.6689723245838319.
[I 2025-04-08 02:04:22,224] Trial 145 finished with value: 0.6669599392683737 and parameters: {'lambda_l1': 3.0267429744776423e-06, 'lambda_l2': 0.7247503560035704, 'num_leaves': 15, 'feature_fraction': 0.9863978035921069, 'bagging_fraction': 0.901828600233249, 'bagging_freq': 4, 'min_child_samples': 22}. Best is trial 115 with value: 0.6689723245838319.
[I 2025-04-08 02:04:23,089] Trial 146 finished with value: 0.6524128696220617 and parameters: {'lambda_l1': 1.1365514238183601e-05, 'lambda_l2': 0.19043954904668162, 'num_leaves': 19, 'feature_fraction': 0.5999131854636122, 'bagging_fraction': 0.9274365376237423, 'bagging_freq': 4, 'min_child_samples': 18}. Best is trial 115 with value: 0.6689723245838319.
[I 2025-04-08 02:04:23,973] Trial 147 finished with value: 0.6687206116743196 and parameters: {'lambda_l1': 5.771377664851013e-07, 'lambda_l2': 0.37028147099930275, 'num_leaves': 21, 'feature_fraction': 0.9979359346435661, 'bagging_fraction': 0.9667995538246196, 'bagging_freq': 4, 'min_child_samples': 29}. Best is trial 115 with value: 0.6689723245838319.
[I 2025-04-08 02:04:25,302] Trial 148 finished with value: 0.6670858132959383 and parameters: {'lambda_l1': 2.959332364404745e-06, 'lambda_l2': 2.4203142983700245e-09, 'num_leaves': 21, 'feature_fraction': 0.9997099754158796, 'bagging_fraction': 0.9535582983046975, 'bagging_freq': 4, 'min_child_samples': 27}. Best is trial 115 with value: 0.6689723245838319.
[I 2025-04-08 02:04:25,943] Trial 149 finished with value: 0.665199143852768 and parameters: {'lambda_l1': 7.949551312086617e-07, 'lambda_l2': 0.6999617744062929, 'num_leaves': 7, 'feature_fraction': 0.9853538125446262, 'bagging_fraction': 0.9672714993771891, 'bagging_freq': 3, 'min_child_samples': 24}. Best is trial 115 with value: 0.6689723245838319.
[I 2025-04-08 02:04:26,925] Trial 150 finished with value: 0.6669598514043311 and parameters: {'lambda_l1': 4.6860614229621896e-07, 'lambda_l2': 1.5621662299687702, 'num_leaves': 16, 'feature_fraction': 0.9735726828166124, 'bagging_fraction': 0.9102281092395041, 'bagging_freq': 4, 'min_child_samples': 11}. Best is trial 115 with value: 0.6689723245838319.
[I 2025-04-08 02:04:27,860] Trial 151 finished with value: 0.6678821426876906 and parameters: {'lambda_l1': 1.6954331844189596e-07, 'lambda_l2': 0.26100439010338744, 'num_leaves': 23, 'feature_fraction': 0.9995563054858569, 'bagging_fraction': 0.970132886321616, 'bagging_freq': 3, 'min_child_samples': 19}. Best is trial 115 with value: 0.6689723245838319.
[I 2025-04-08 02:04:28,784] Trial 152 finished with value: 0.6681335041410323 and parameters: {'lambda_l1': 0.00023100391948750488, 'lambda_l2': 0.3105367178405205, 'num_leaves': 19, 'feature_fraction': 0.9711180353730855, 'bagging_fraction': 0.9519959700846364, 'bagging_freq': 4, 'min_child_samples': 21}. Best is trial 115 with value: 0.6689723245838319.
[I 2025-04-08 02:04:29,633] Trial 153 finished with value: 0.6664568473327112 and parameters: {'lambda_l1': 0.00020669040553489182, 'lambda_l2': 0.3179286525482417, 'num_leaves': 19, 'feature_fraction': 0.9685515175456102, 'bagging_fraction': 0.9390006317737828, 'bagging_freq': 5, 'min_child_samples': 29}. Best is trial 115 with value: 0.6689723245838319.
[I 2025-04-08 02:04:30,325] Trial 154 finished with value: 0.6666665963754326 and parameters: {'lambda_l1': 0.0002963113738002906, 'lambda_l2': 0.7189929933686858, 'num_leaves': 12, 'feature_fraction': 0.9878368841322134, 'bagging_fraction': 0.950557722476845, 'bagging_freq': 4, 'min_child_samples': 10}. Best is trial 115 with value: 0.6689723245838319.
[I 2025-04-08 02:04:31,129] Trial 155 finished with value: 0.6521192455641838 and parameters: {'lambda_l1': 1.527563709980667e-06, 'lambda_l2': 0.17265089869349223, 'num_leaves': 17, 'feature_fraction': 0.4028743406518131, 'bagging_fraction': 0.9222494964393699, 'bagging_freq': 4, 'min_child_samples': 23}. Best is trial 115 with value: 0.6689723245838319.
[I 2025-04-08 02:04:32,322] Trial 156 finished with value: 0.6676304473509871 and parameters: {'lambda_l1': 1.3986420689741623e-05, 'lambda_l2': 0.09211852830632583, 'num_leaves': 25, 'feature_fraction': 0.9507021959981502, 'bagging_fraction': 0.9330640543169603, 'bagging_freq': 3, 'min_child_samples': 44}. Best is trial 115 with value: 0.6689723245838319.
[I 2025-04-08 02:04:33,405] Trial 157 finished with value: 0.6514065100226513 and parameters: {'lambda_l1': 0.0004704171253581617, 'lambda_l2': 0.34707614281565985, 'num_leaves': 22, 'feature_fraction': 0.6712247986134582, 'bagging_fraction': 0.9587108121503053, 'bagging_freq': 3, 'min_child_samples': 21}. Best is trial 115 with value: 0.6689723245838319.
[I 2025-04-08 02:04:34,095] Trial 158 finished with value: 0.666079576706188 and parameters: {'lambda_l1': 3.197927532483212e-05, 'lambda_l2': 1.535858627494151, 'num_leaves': 10, 'feature_fraction': 0.9796614577840562, 'bagging_fraction': 0.8999569412293047, 'bagging_freq': 4, 'min_child_samples': 16}. Best is trial 115 with value: 0.6689723245838319.
[I 2025-04-08 02:04:35,324] Trial 159 finished with value: 0.6664151294852398 and parameters: {'lambda_l1': 0.00014162776977360683, 'lambda_l2': 0.7651493820869699, 'num_leaves': 15, 'feature_fraction': 0.9736974376610206, 'bagging_fraction': 0.9722982972682093, 'bagging_freq': 4, 'min_child_samples': 12}. Best is trial 115 with value: 0.6689723245838319.
[I 2025-04-08 02:04:36,229] Trial 160 finished with value: 0.668049734562727 and parameters: {'lambda_l1': 0.0006440560945239266, 'lambda_l2': 7.525137586876598, 'num_leaves': 20, 'feature_fraction': 0.9332689839759445, 'bagging_fraction': 0.9468535780163965, 'bagging_freq': 5, 'min_child_samples': 7}. Best is trial 115 with value: 0.6689723245838319.
[I 2025-04-08 02:04:37,190] Trial 161 finished with value: 0.667421295783756 and parameters: {'lambda_l1': 0.00067471367943777, 'lambda_l2': 5.816186546504088, 'num_leaves': 20, 'feature_fraction': 0.9387990172114365, 'bagging_fraction': 0.9468333611336134, 'bagging_freq': 5, 'min_child_samples': 7}. Best is trial 115 with value: 0.6689723245838319.
[I 2025-04-08 02:04:38,632] Trial 162 finished with value: 0.6681758194639942 and parameters: {'lambda_l1': 6.555022538622451e-06, 'lambda_l2': 9.944193840351879, 'num_leaves': 24, 'feature_fraction': 0.9533717226255947, 'bagging_fraction': 0.9233349272150645, 'bagging_freq': 5, 'min_child_samples': 9}. Best is trial 115 with value: 0.6689723245838319.
[I 2025-04-08 02:04:39,797] Trial 163 finished with value: 0.6677149022688253 and parameters: {'lambda_l1': 1.7961022405020814e-06, 'lambda_l2': 12.467011651152188, 'num_leaves': 24, 'feature_fraction': 0.991808187403694, 'bagging_fraction': 0.9335887816032287, 'bagging_freq': 5, 'min_child_samples': 9}. Best is trial 115 with value: 0.6689723245838319.
[I 2025-04-08 02:04:40,682] Trial 164 finished with value: 0.666373112900023 and parameters: {'lambda_l1': 4.550824467554595e-06, 'lambda_l2': 23.068162947987517, 'num_leaves': 19, 'feature_fraction': 0.969764938717575, 'bagging_fraction': 0.9531786622497611, 'bagging_freq': 6, 'min_child_samples': 14}. Best is trial 115 with value: 0.6689723245838319.
[I 2025-04-08 02:04:41,599] Trial 165 finished with value: 0.667295509620234 and parameters: {'lambda_l1': 6.22875236245659e-06, 'lambda_l2': 1.752761218055588, 'num_leaves': 22, 'feature_fraction': 0.9481224119213986, 'bagging_fraction': 0.9790608107472489, 'bagging_freq': 5, 'min_child_samples': 19}. Best is trial 115 with value: 0.6689723245838319.
[I 2025-04-08 02:04:42,821] Trial 166 finished with value: 0.6687208928392562 and parameters: {'lambda_l1': 0.000778217918356568, 'lambda_l2': 7.158895284577328, 'num_leaves': 26, 'feature_fraction': 0.9301692067818019, 'bagging_fraction': 0.9615973195691938, 'bagging_freq': 5, 'min_child_samples': 4}. Best is trial 115 with value: 0.6689723245838319.
[I 2025-04-08 02:04:44,064] Trial 167 finished with value: 0.6664568121870942 and parameters: {'lambda_l1': 0.0024692752855808965, 'lambda_l2': 4.808007268013246, 'num_leaves': 26, 'feature_fraction': 0.9331921845001716, 'bagging_fraction': 0.9597767582112297, 'bagging_freq': 6, 'min_child_samples': 3}. Best is trial 115 with value: 0.6689723245838319.
[I 2025-04-08 02:04:45,299] Trial 168 finished with value: 0.667714761686357 and parameters: {'lambda_l1': 0.0007744060481391993, 'lambda_l2': 8.40866985791757, 'num_leaves': 27, 'feature_fraction': 0.9496183411758984, 'bagging_fraction': 0.969556164123234, 'bagging_freq': 7, 'min_child_samples': 7}. Best is trial 115 with value: 0.6689723245838319.
[I 2025-04-08 02:04:46,724] Trial 169 finished with value: 0.6667082263588614 and parameters: {'lambda_l1': 0.0014773943779520426, 'lambda_l2': 0.47151102123781086, 'num_leaves': 24, 'feature_fraction': 0.922531465505084, 'bagging_fraction': 0.9865239005199956, 'bagging_freq': 5, 'min_child_samples': 2}. Best is trial 115 with value: 0.6689723245838319.
[I 2025-04-08 02:04:47,772] Trial 170 finished with value: 0.6678401963937082 and parameters: {'lambda_l1': 0.0004240416612500547, 'lambda_l2': 9.370471312240491, 'num_leaves': 21, 'feature_fraction': 0.9676394795429973, 'bagging_fraction': 0.9392201606246486, 'bagging_freq': 6, 'min_child_samples': 8}. Best is trial 115 with value: 0.6689723245838319.
[I 2025-04-08 02:04:48,693] Trial 171 finished with value: 0.6672114764498007 and parameters: {'lambda_l1': 0.0003064944238409929, 'lambda_l2': 2.39222587222262, 'num_leaves': 17, 'feature_fraction': 0.9878451316178588, 'bagging_fraction': 0.9236108563650847, 'bagging_freq': 5, 'min_child_samples': 5}. Best is trial 115 with value: 0.6689723245838319.
[I 2025-04-08 02:04:49,651] Trial 172 finished with value: 0.6659537905426659 and parameters: {'lambda_l1': 0.0008762471112846501, 'lambda_l2': 55.63030432238165, 'num_leaves': 19, 'feature_fraction': 0.9795309582624002, 'bagging_fraction': 0.9606536157343639, 'bagging_freq': 4, 'min_child_samples': 12}. Best is trial 115 with value: 0.6689723245838319.
[I 2025-04-08 02:04:50,895] Trial 173 finished with value: 0.6670019909992074 and parameters: {'lambda_l1': 0.00045837500256288606, 'lambda_l2': 5.064119783727725, 'num_leaves': 28, 'feature_fraction': 0.9364612673435474, 'bagging_fraction': 0.945407297312669, 'bagging_freq': 4, 'min_child_samples': 16}. Best is trial 115 with value: 0.6689723245838319.
[I 2025-04-08 02:04:51,730] Trial 174 finished with value: 0.650861366356155 and parameters: {'lambda_l1': 0.0017912307483074253, 'lambda_l2': 1.4592178304127406, 'num_leaves': 14, 'feature_fraction': 0.7280934540309103, 'bagging_fraction': 0.9257192693654467, 'bagging_freq': 5, 'min_child_samples': 10}. Best is trial 115 with value: 0.6689723245838319.
[I 2025-04-08 02:04:52,930] Trial 175 finished with value: 0.6672954569018084 and parameters: {'lambda_l1': 0.0001689568857867775, 'lambda_l2': 15.891065228995217, 'num_leaves': 23, 'feature_fraction': 0.9615887665603362, 'bagging_fraction': 0.9759588785356157, 'bagging_freq': 3, 'min_child_samples': 5}. Best is trial 115 with value: 0.6689723245838319.
[I 2025-04-08 02:04:54,113] Trial 176 finished with value: 0.6672536511902941 and parameters: {'lambda_l1': 0.003458642277294208, 'lambda_l2': 3.8135830471909764, 'num_leaves': 26, 'feature_fraction': 0.9063596724973071, 'bagging_fraction': 0.9896632555574649, 'bagging_freq': 5, 'min_child_samples': 13}. Best is trial 115 with value: 0.6689723245838319.
[I 2025-04-08 02:04:55,380] Trial 177 finished with value: 0.6666663327833043 and parameters: {'lambda_l1': 0.0006842642648923282, 'lambda_l2': 0.5450883671472483, 'num_leaves': 31, 'feature_fraction': 0.9998505629067883, 'bagging_fraction': 0.9633712571480784, 'bagging_freq': 3, 'min_child_samples': 8}. Best is trial 115 with value: 0.6689723245838319.
[I 2025-04-08 02:04:57,023] Trial 178 finished with value: 0.6515742951985816 and parameters: {'lambda_l1': 0.00010018687468546468, 'lambda_l2': 2.244480249615499, 'num_leaves': 22, 'feature_fraction': 0.7486802317647976, 'bagging_fraction': 0.9364176295310014, 'bagging_freq': 4, 'min_child_samples': 16}. Best is trial 115 with value: 0.6689723245838319.
[I 2025-04-08 02:04:58,011] Trial 179 finished with value: 0.6667078397570735 and parameters: {'lambda_l1': 0.0002352879190816424, 'lambda_l2': 1.0394894731188284, 'num_leaves': 18, 'feature_fraction': 0.9780098632548545, 'bagging_fraction': 0.9124207552342272, 'bagging_freq': 2, 'min_child_samples': 25}. Best is trial 115 with value: 0.6689723245838319.
[I 2025-04-08 02:04:59,274] Trial 180 finished with value: 0.6675889403772179 and parameters: {'lambda_l1': 0.0010801783870890334, 'lambda_l2': 0.32984243186547235, 'num_leaves': 25, 'feature_fraction': 0.9528028296230043, 'bagging_fraction': 0.8920978107039453, 'bagging_freq': 5, 'min_child_samples': 21}. Best is trial 115 with value: 0.6689723245838319.
[I 2025-04-08 02:05:00,510] Trial 181 finished with value: 0.6683016583459419 and parameters: {'lambda_l1': 2.3448551602552043e-05, 'lambda_l2': 0.9750894846789512, 'num_leaves': 29, 'feature_fraction': 0.9594080998808151, 'bagging_fraction': 0.9158549929727233, 'bagging_freq': 4, 'min_child_samples': 11}. Best is trial 115 with value: 0.6689723245838319.
[I 2025-04-08 02:05:01,933] Trial 182 finished with value: 0.665618202617997 and parameters: {'lambda_l1': 2.1992085029400037e-05, 'lambda_l2': 1.1051310671477725, 'num_leaves': 28, 'feature_fraction': 0.9701650867815143, 'bagging_fraction': 0.7519908408838526, 'bagging_freq': 4, 'min_child_samples': 9}. Best is trial 115 with value: 0.6689723245838319.
[I 2025-04-08 02:05:03,814] Trial 183 finished with value: 0.6675467656367244 and parameters: {'lambda_l1': 8.258112333268392e-06, 'lambda_l2': 7.72973099604807, 'num_leaves': 30, 'feature_fraction': 0.9872316645710397, 'bagging_fraction': 0.9461266983708918, 'bagging_freq': 4, 'min_child_samples': 13}. Best is trial 115 with value: 0.6689723245838319.
[I 2025-04-08 02:05:05,207] Trial 184 finished with value: 0.6688045394079017 and parameters: {'lambda_l1': 0.0003503258665855036, 'lambda_l2': 0.16047126975599849, 'num_leaves': 21, 'feature_fraction': 0.813246427227776, 'bagging_fraction': 0.9183031186334675, 'bagging_freq': 3, 'min_child_samples': 6}. Best is trial 115 with value: 0.6689723245838319.
[I 2025-04-08 02:05:07,214] Trial 185 finished with value: 0.6667502956625037 and parameters: {'lambda_l1': 1.616008716318419e-05, 'lambda_l2': 0.14643029102253965, 'num_leaves': 21, 'feature_fraction': 0.9391391355868524, 'bagging_fraction': 0.9033104897554523, 'bagging_freq': 3, 'min_child_samples': 6}. Best is trial 115 with value: 0.6689723245838319.
[I 2025-04-08 02:05:08,947] Trial 186 finished with value: 0.6663309205867209 and parameters: {'lambda_l1': 0.000541326631637635, 'lambda_l2': 0.2768985977512168, 'num_leaves': 25, 'feature_fraction': 0.8196047052723825, 'bagging_fraction': 0.9284080344425905, 'bagging_freq': 9, 'min_child_samples': 10}. Best is trial 115 with value: 0.6689723245838319.
[I 2025-04-08 02:05:10,804] Trial 187 finished with value: 0.6677983555365768 and parameters: {'lambda_l1': 4.18506753243414e-07, 'lambda_l2': 0.5484708137545699, 'num_leaves': 33, 'feature_fraction': 0.8090882002155828, 'bagging_fraction': 0.9529856565759437, 'bagging_freq': 3, 'min_child_samples': 6}. Best is trial 115 with value: 0.6689723245838319.
[I 2025-04-08 02:05:12,334] Trial 188 finished with value: 0.6666664030745386 and parameters: {'lambda_l1': 0.0023568723695691547, 'lambda_l2': 0.059481978280703444, 'num_leaves': 23, 'feature_fraction': 0.9580984843882571, 'bagging_fraction': 0.9997215774109544, 'bagging_freq': 3, 'min_child_samples': 2}. Best is trial 115 with value: 0.6689723245838319.
[I 2025-04-08 02:05:14,362] Trial 189 finished with value: 0.6649895529653236 and parameters: {'lambda_l1': 0.001281968028296941, 'lambda_l2': 0.18032412471567447, 'num_leaves': 36, 'feature_fraction': 0.7999387595291998, 'bagging_fraction': 0.8669643624856532, 'bagging_freq': 2, 'min_child_samples': 11}. Best is trial 115 with value: 0.6689723245838319.
[I 2025-04-08 02:05:15,684] Trial 190 finished with value: 0.668008192443341 and parameters: {'lambda_l1': 2.344203485308235e-06, 'lambda_l2': 0.3617351753636456, 'num_leaves': 28, 'feature_fraction': 0.9271670809048834, 'bagging_fraction': 0.9706729473958715, 'bagging_freq': 6, 'min_child_samples': 4}. Best is trial 115 with value: 0.6689723245838319.
[I 2025-04-08 02:05:16,690] Trial 191 finished with value: 0.6664990396460133 and parameters: {'lambda_l1': 3.375214223240575e-06, 'lambda_l2': 0.42322405799660673, 'num_leaves': 27, 'feature_fraction': 0.7905696002958048, 'bagging_fraction': 0.9784868119130571, 'bagging_freq': 6, 'min_child_samples': 4}. Best is trial 115 with value: 0.6689723245838319.
[I 2025-04-08 02:05:18,417] Trial 192 finished with value: 0.6699368433261108 and parameters: {'lambda_l1': 8.038616500588641e-07, 'lambda_l2': 0.8374520192570377, 'num_leaves': 31, 'feature_fraction': 0.9285726506775847, 'bagging_fraction': 0.9694511398880733, 'bagging_freq': 5, 'min_child_samples': 8}. Best is trial 192 with value: 0.6699368433261108.
[I 2025-04-08 02:05:19,781] Trial 193 finished with value: 0.6667923473933375 and parameters: {'lambda_l1': 1.103613454866348e-06, 'lambda_l2': 0.885864339862199, 'num_leaves': 32, 'feature_fraction': 0.947413593241907, 'bagging_fraction': 0.9387898316136928, 'bagging_freq': 5, 'min_child_samples': 7}. Best is trial 192 with value: 0.6699368433261108.
