[I 2025-04-08 19:29:23,868] A new study created in RDB with name: xgboost-num_features-13
[I 2025-04-08 19:29:32,426] Trial 0 finished with value: 0.8209028733299242 and parameters: {'max_depth': 29, 'learning_rate': 0.012907717902043009, 'n_estimators': 249, 'gamma': 0.17005844388437233, 'min_child_weight': 5, 'subsample': 0.5885824092281986, 'colsample_bytree': 0.8185788349858113}. Best is trial 0 with value: 0.8209028733299242.
[I 2025-04-08 19:29:33,484] Trial 1 finished with value: 0.8059363231709782 and parameters: {'max_depth': 5, 'learning_rate': 0.025536365462166113, 'n_estimators': 133, 'gamma': 0.43292191730098406, 'min_child_weight': 3, 'subsample': 0.6355169862859636, 'colsample_bytree': 0.7677946686135926}. Best is trial 0 with value: 0.8209028733299242.
[I 2025-04-08 19:29:35,710] Trial 2 finished with value: 0.7888727394778415 and parameters: {'max_depth': 21, 'learning_rate': 0.5272244863948141, 'n_estimators': 92, 'gamma': 0.18056511604684392, 'min_child_weight': 5, 'subsample': 0.7060619999952129, 'colsample_bytree': 0.7779361631080759}. Best is trial 0 with value: 0.8209028733299242.
[I 2025-04-08 19:29:41,545] Trial 3 finished with value: 0.7300547744442161 and parameters: {'max_depth': 30, 'learning_rate': 0.0028138877008610013, 'n_estimators': 194, 'gamma': 0.2805095317332064, 'min_child_weight': 6, 'subsample': 0.7024663377657328, 'colsample_bytree': 0.6852832963037867}. Best is trial 0 with value: 0.8209028733299242.
[I 2025-04-08 19:29:46,879] Trial 4 finished with value: 0.6377394866279713 and parameters: {'max_depth': 19, 'learning_rate': 7.575476910134325e-05, 'n_estimators': 69, 'gamma': 0.20532169627652647, 'min_child_weight': 1, 'subsample': 0.9418977748651132, 'colsample_bytree': 0.6500189036731718}. Best is trial 0 with value: 0.8209028733299242.
[I 2025-04-08 19:29:52,667] Trial 5 finished with value: 0.6377394866279713 and parameters: {'max_depth': 21, 'learning_rate': 0.00017677710444563373, 'n_estimators': 123, 'gamma': 0.33458173741118696, 'min_child_weight': 2, 'subsample': 0.7386326529776484, 'colsample_bytree': 0.9103554253927909}. Best is trial 0 with value: 0.8209028733299242.
[I 2025-04-08 19:29:56,866] Trial 6 finished with value: 0.6377394866279713 and parameters: {'max_depth': 26, 'learning_rate': 4.39828611664298e-05, 'n_estimators': 186, 'gamma': 0.2743311930859533, 'min_child_weight': 7, 'subsample': 0.5884774918869997, 'colsample_bytree': 0.7458750524397051}. Best is trial 0 with value: 0.8209028733299242.
[I 2025-04-08 19:30:04,717] Trial 7 finished with value: 0.6874188004449435 and parameters: {'max_depth': 15, 'learning_rate': 0.0014555212658688482, 'n_estimators': 268, 'gamma': 0.4921036655868362, 'min_child_weight': 3, 'subsample': 0.7839186057375898, 'colsample_bytree': 0.783640195561284}. Best is trial 0 with value: 0.8209028733299242.
[I 2025-04-08 19:30:08,940] Trial 8 finished with value: 0.8122242782408213 and parameters: {'max_depth': 13, 'learning_rate': 0.06802540543408513, 'n_estimators': 212, 'gamma': 0.21222269091697385, 'min_child_weight': 2, 'subsample': 0.5534469155792366, 'colsample_bytree': 0.6074651347688156}. Best is trial 0 with value: 0.8209028733299242.
[I 2025-04-08 19:30:23,318] Trial 9 finished with value: 0.8153684754358496 and parameters: {'max_depth': 25, 'learning_rate': 0.03131523043039427, 'n_estimators': 226, 'gamma': 0.20418091608731995, 'min_child_weight': 1, 'subsample': 0.8582630374462392, 'colsample_bytree': 0.8003763252031335}. Best is trial 0 with value: 0.8209028733299242.
[I 2025-04-08 19:30:27,877] Trial 10 finished with value: 0.7520648577217556 and parameters: {'max_depth': 32, 'learning_rate': 0.9283022174920275, 'n_estimators': 283, 'gamma': 0.004056961778939938, 'min_child_weight': 5, 'subsample': 0.5059772932065606, 'colsample_bytree': 0.5123381558608104}. Best is trial 0 with value: 0.8209028733299242.
[I 2025-04-08 19:30:36,716] Trial 11 finished with value: 0.8159139178400909 and parameters: {'max_depth': 27, 'learning_rate': 0.02922571936844322, 'n_estimators': 240, 'gamma': 0.06586742052773256, 'min_child_weight': 4, 'subsample': 0.8796498505226447, 'colsample_bytree': 0.8981760928870055}. Best is trial 0 with value: 0.8209028733299242.
[I 2025-04-08 19:30:46,516] Trial 12 finished with value: 0.8162491367357806 and parameters: {'max_depth': 27, 'learning_rate': 0.012524560578350417, 'n_estimators': 248, 'gamma': 0.04374981782546711, 'min_child_weight': 4, 'subsample': 0.9398744978226832, 'colsample_bytree': 0.9615016791627463}. Best is trial 0 with value: 0.8209028733299242.
[I 2025-04-08 19:30:57,274] Trial 13 finished with value: 0.6441117911788016 and parameters: {'max_depth': 32, 'learning_rate': 0.0011210410324720276, 'n_estimators': 257, 'gamma': 0.09561513420740758, 'min_child_weight': 5, 'subsample': 0.9721643385103443, 'colsample_bytree': 0.9948631098536409}. Best is trial 0 with value: 0.8209028733299242.
[I 2025-04-08 19:31:01,786] Trial 14 finished with value: 0.8171298858997542 and parameters: {'max_depth': 9, 'learning_rate': 0.008228744934220078, 'n_estimators': 300, 'gamma': 0.11022891586864295, 'min_child_weight': 4, 'subsample': 0.8574307722125217, 'colsample_bytree': 0.9071253922886936}. Best is trial 0 with value: 0.8209028733299242.
[I 2025-04-08 19:31:04,653] Trial 15 finished with value: 0.8112603218284156 and parameters: {'max_depth': 8, 'learning_rate': 0.14308797275634083, 'n_estimators': 286, 'gamma': 0.1134396041450487, 'min_child_weight': 7, 'subsample': 0.8133421478155135, 'colsample_bytree': 0.8630616208581383}. Best is trial 0 with value: 0.8209028733299242.
[I 2025-04-08 19:31:09,609] Trial 16 finished with value: 0.816375168918622 and parameters: {'max_depth': 11, 'learning_rate': 0.00619337456881458, 'n_estimators': 297, 'gamma': 0.34853569854694894, 'min_child_weight': 6, 'subsample': 0.652575499746286, 'colsample_bytree': 0.8667473290469607}. Best is trial 0 with value: 0.8209028733299242.
[I 2025-04-08 19:31:10,613] Trial 17 finished with value: 0.6377394866279713 and parameters: {'max_depth': 4, 'learning_rate': 0.00030432636140048777, 'n_estimators': 153, 'gamma': 0.1570072809290979, 'min_child_weight': 3, 'subsample': 0.8659207982678931, 'colsample_bytree': 0.8389812818574972}. Best is trial 0 with value: 0.8209028733299242.
[I 2025-04-08 19:31:13,669] Trial 18 finished with value: 0.6377394866279713 and parameters: {'max_depth': 8, 'learning_rate': 0.0005442253348957119, 'n_estimators': 207, 'gamma': 0.1214498600610516, 'min_child_weight': 4, 'subsample': 0.810316802279442, 'colsample_bytree': 0.9373593568589556}. Best is trial 0 with value: 0.8209028733299242.
[I 2025-04-08 19:31:19,823] Trial 19 finished with value: 0.6377394866279713 and parameters: {'max_depth': 15, 'learning_rate': 1.7492065654610086e-05, 'n_estimators': 268, 'gamma': 0.5790769689688609, 'min_child_weight': 6, 'subsample': 0.6535074354505919, 'colsample_bytree': 0.7085470372555176}. Best is trial 0 with value: 0.8209028733299242.
[I 2025-04-08 19:31:23,434] Trial 20 finished with value: 0.800276349987084 and parameters: {'max_depth': 9, 'learning_rate': 0.19999973735403329, 'n_estimators': 300, 'gamma': 0.0005541087182580617, 'min_child_weight': 5, 'subsample': 0.5102904951464691, 'colsample_bytree': 0.8217493825394458}. Best is trial 0 with value: 0.8209028733299242.
[I 2025-04-08 19:31:28,270] Trial 21 finished with value: 0.8168782784270932 and parameters: {'max_depth': 11, 'learning_rate': 0.006582619815099508, 'n_estimators': 292, 'gamma': 0.3654983675993392, 'min_child_weight': 6, 'subsample': 0.6397644613090577, 'colsample_bytree': 0.8798220185227097}. Best is trial 0 with value: 0.8209028733299242.
[I 2025-04-08 19:31:33,116] Trial 22 finished with value: 0.8144047123243379 and parameters: {'max_depth': 12, 'learning_rate': 0.005034884558845963, 'n_estimators': 270, 'gamma': 0.40788146950482007, 'min_child_weight': 6, 'subsample': 0.5961822739665347, 'colsample_bytree': 0.9073781803729691}. Best is trial 0 with value: 0.8209028733299242.
[I 2025-04-08 19:31:38,376] Trial 23 finished with value: 0.8199806523377987 and parameters: {'max_depth': 16, 'learning_rate': 0.009848319707850125, 'n_estimators': 235, 'gamma': 0.23753107772641524, 'min_child_weight': 5, 'subsample': 0.5664409901123157, 'colsample_bytree': 0.8653896230696608}. Best is trial 0 with value: 0.8209028733299242.
[I 2025-04-08 19:31:44,143] Trial 24 finished with value: 0.8196031884103814 and parameters: {'max_depth': 17, 'learning_rate': 0.014855758525736906, 'n_estimators': 238, 'gamma': 0.2501276912799002, 'min_child_weight': 5, 'subsample': 0.5550306905790794, 'colsample_bytree': 0.9499671252642999}. Best is trial 0 with value: 0.8209028733299242.
[I 2025-04-08 19:31:48,779] Trial 25 finished with value: 0.8119726883409688 and parameters: {'max_depth': 17, 'learning_rate': 0.07462872573716192, 'n_estimators': 230, 'gamma': 0.2410845834926525, 'min_child_weight': 5, 'subsample': 0.5542521339455896, 'colsample_bytree': 0.9978785623780562}. Best is trial 0 with value: 0.8209028733299242.
[I 2025-04-08 19:31:52,994] Trial 26 finished with value: 0.6784051621882364 and parameters: {'max_depth': 22, 'learning_rate': 0.0019861139089871315, 'n_estimators': 165, 'gamma': 0.2450198651969396, 'min_child_weight': 5, 'subsample': 0.5662003138842568, 'colsample_bytree': 0.9464858526094535}. Best is trial 0 with value: 0.8209028733299242.
[I 2025-04-08 19:31:58,751] Trial 27 finished with value: 0.819980371172862 and parameters: {'max_depth': 17, 'learning_rate': 0.016919515911796888, 'n_estimators': 217, 'gamma': 0.2944062572573053, 'min_child_weight': 4, 'subsample': 0.6052517571323434, 'colsample_bytree': 0.8350328461907558}. Best is trial 0 with value: 0.8209028733299242.
[I 2025-04-08 19:32:05,116] Trial 28 finished with value: 0.8128955595270103 and parameters: {'max_depth': 23, 'learning_rate': 0.06873374713830621, 'n_estimators': 216, 'gamma': 0.3185638382004246, 'min_child_weight': 4, 'subsample': 0.6127379276787895, 'colsample_bytree': 0.8137224455184672}. Best is trial 0 with value: 0.8209028733299242.
[I 2025-04-08 19:32:10,585] Trial 29 finished with value: 0.8176328548257568 and parameters: {'max_depth': 18, 'learning_rate': 0.015608385488762885, 'n_estimators': 189, 'gamma': 0.4538279573142084, 'min_child_weight': 3, 'subsample': 0.6759170582455256, 'colsample_bytree': 0.7367884580074028}. Best is trial 0 with value: 0.8209028733299242.
[I 2025-04-08 19:32:14,375] Trial 30 finished with value: 0.6377394866279713 and parameters: {'max_depth': 15, 'learning_rate': 0.0007803794259488408, 'n_estimators': 133, 'gamma': 0.15112540401208754, 'min_child_weight': 2, 'subsample': 0.5257076490471115, 'colsample_bytree': 0.8434070863888214}. Best is trial 0 with value: 0.8209028733299242.
[I 2025-04-08 19:32:20,732] Trial 31 finished with value: 0.8199387236166246 and parameters: {'max_depth': 19, 'learning_rate': 0.018397019209011406, 'n_estimators': 246, 'gamma': 0.2591408056059127, 'min_child_weight': 5, 'subsample': 0.6136327557353405, 'colsample_bytree': 0.8454510432380679}. Best is trial 0 with value: 0.8209028733299242.
[I 2025-04-08 19:32:27,397] Trial 32 finished with value: 0.8163329238868944 and parameters: {'max_depth': 20, 'learning_rate': 0.0328741069806708, 'n_estimators': 247, 'gamma': 0.29099807951505746, 'min_child_weight': 4, 'subsample': 0.6106919608329759, 'colsample_bytree': 0.7753071422923858}. Best is trial 0 with value: 0.8209028733299242.
[I 2025-04-08 19:32:32,800] Trial 33 finished with value: 0.806062074188883 and parameters: {'max_depth': 29, 'learning_rate': 0.004158892812815522, 'n_estimators': 205, 'gamma': 0.38725226191544493, 'min_child_weight': 5, 'subsample': 0.6903861142909629, 'colsample_bytree': 0.8477606849006163}. Best is trial 0 with value: 0.8209028733299242.
[I 2025-04-08 19:32:37,246] Trial 34 finished with value: 0.7981383190905721 and parameters: {'max_depth': 23, 'learning_rate': 0.34631844844507353, 'n_estimators': 222, 'gamma': 0.17762052383578153, 'min_child_weight': 4, 'subsample': 0.7216134603908353, 'colsample_bytree': 0.8076804212025388}. Best is trial 0 with value: 0.8209028733299242.
[I 2025-04-08 19:32:42,331] Trial 35 finished with value: 0.7622521487151641 and parameters: {'max_depth': 14, 'learning_rate': 0.002322551787334919, 'n_estimators': 253, 'gamma': 0.31308339109226413, 'min_child_weight': 6, 'subsample': 0.6261131091286454, 'colsample_bytree': 0.7103432848432347}. Best is trial 0 with value: 0.8209028733299242.
[I 2025-04-08 19:32:46,640] Trial 36 finished with value: 0.8175909261045827 and parameters: {'max_depth': 19, 'learning_rate': 0.04787195147327455, 'n_estimators': 174, 'gamma': 0.27187534151892867, 'min_child_weight': 5, 'subsample': 0.5909914534197879, 'colsample_bytree': 0.7558439914778139}. Best is trial 0 with value: 0.8209028733299242.
[I 2025-04-08 19:32:50,979] Trial 37 finished with value: 0.8184294302368287 and parameters: {'max_depth': 17, 'learning_rate': 0.016077557914389046, 'n_estimators': 198, 'gamma': 0.20765374736788555, 'min_child_weight': 7, 'subsample': 0.5347273299443377, 'colsample_bytree': 0.6459528330430779}. Best is trial 0 with value: 0.8209028733299242.
[I 2025-04-08 19:32:57,387] Trial 38 finished with value: 0.8058941132848675 and parameters: {'max_depth': 24, 'learning_rate': 0.15187056438388793, 'n_estimators': 259, 'gamma': 0.1706164766292613, 'min_child_weight': 3, 'subsample': 0.5754096150456671, 'colsample_bytree': 0.8819361046644427}. Best is trial 0 with value: 0.8209028733299242.
[I 2025-04-08 19:32:59,261] Trial 39 finished with value: 0.6377394866279713 and parameters: {'max_depth': 21, 'learning_rate': 0.002783582415341358, 'n_estimators': 61, 'gamma': 0.22871066820639976, 'min_child_weight': 6, 'subsample': 0.6694029441856206, 'colsample_bytree': 0.7821655401653732}. Best is trial 0 with value: 0.8209028733299242.
[I 2025-04-08 19:33:07,050] Trial 40 finished with value: 0.8175068929341494 and parameters: {'max_depth': 29, 'learning_rate': 0.008573419428531865, 'n_estimators': 228, 'gamma': 0.278390389294671, 'min_child_weight': 4, 'subsample': 0.6972766699089591, 'colsample_bytree': 0.8315096333540357}. Best is trial 0 with value: 0.8209028733299242.
[I 2025-04-08 19:33:12,062] Trial 41 finished with value: 0.8192679870875003 and parameters: {'max_depth': 16, 'learning_rate': 0.018956500736277058, 'n_estimators': 235, 'gamma': 0.2533207817406931, 'min_child_weight': 5, 'subsample': 0.5449024328015475, 'colsample_bytree': 0.9315850770089373}. Best is trial 0 with value: 0.8209028733299242.
[I 2025-04-08 19:33:18,133] Trial 42 finished with value: 0.8201902783708601 and parameters: {'max_depth': 18, 'learning_rate': 0.010862856692920489, 'n_estimators': 239, 'gamma': 0.2023550622877375, 'min_child_weight': 5, 'subsample': 0.5748687964632164, 'colsample_bytree': 0.8794426415350008}. Best is trial 0 with value: 0.8209028733299242.
[I 2025-04-08 19:33:23,978] Trial 43 finished with value: 0.8155785935075501 and parameters: {'max_depth': 19, 'learning_rate': 0.03918417612503705, 'n_estimators': 272, 'gamma': 0.20456578937615338, 'min_child_weight': 6, 'subsample': 0.616633354639936, 'colsample_bytree': 0.7986080360672686}. Best is trial 0 with value: 0.8209028733299242.
[I 2025-04-08 19:33:29,137] Trial 44 finished with value: 0.806062039043266 and parameters: {'max_depth': 13, 'learning_rate': 0.0036292257904145964, 'n_estimators': 243, 'gamma': 0.1492119869680959, 'min_child_weight': 5, 'subsample': 0.5821281435309107, 'colsample_bytree': 0.8591017356706016}. Best is trial 0 with value: 0.8209028733299242.
[I 2025-04-08 19:33:31,300] Trial 45 finished with value: 0.8010313657059612 and parameters: {'max_depth': 20, 'learning_rate': 0.009862007505278025, 'n_estimators': 78, 'gamma': 0.3194986691908218, 'min_child_weight': 4, 'subsample': 0.5265311577084667, 'colsample_bytree': 0.8878639051240641}. Best is trial 0 with value: 0.8209028733299242.
[I 2025-04-08 19:33:36,980] Trial 46 finished with value: 0.8145723217721826 and parameters: {'max_depth': 25, 'learning_rate': 0.025671984441194968, 'n_estimators': 213, 'gamma': 0.21596727054800902, 'min_child_weight': 5, 'subsample': 0.752695331567445, 'colsample_bytree': 0.5018511737308434}. Best is trial 0 with value: 0.8209028733299242.
[I 2025-04-08 19:33:42,780] Trial 47 finished with value: 0.814153016987634 and parameters: {'max_depth': 15, 'learning_rate': 0.04916209567211756, 'n_estimators': 282, 'gamma': 0.19236683982837288, 'min_child_weight': 5, 'subsample': 0.6002417309314407, 'colsample_bytree': 0.9742709457071392}. Best is trial 0 with value: 0.8209028733299242.
[I 2025-04-08 19:33:48,881] Trial 48 finished with value: 0.8062715596394764 and parameters: {'max_depth': 18, 'learning_rate': 0.11488717043587085, 'n_estimators': 262, 'gamma': 0.3434970880878478, 'min_child_weight': 4, 'subsample': 0.6347546080282231, 'colsample_bytree': 0.9254044599187367}. Best is trial 0 with value: 0.8209028733299242.
[I 2025-04-08 19:33:50,983] Trial 49 finished with value: 0.6377394866279713 and parameters: {'max_depth': 6, 'learning_rate': 0.0013963957620989561, 'n_estimators': 196, 'gamma': 0.1340331114104533, 'min_child_weight': 3, 'subsample': 0.5684028299410725, 'colsample_bytree': 0.7971466849488665}. Best is trial 0 with value: 0.8209028733299242.
[I 2025-04-08 19:33:56,187] Trial 50 finished with value: 0.8196032411288069 and parameters: {'max_depth': 31, 'learning_rate': 0.019925755697230766, 'n_estimators': 223, 'gamma': 0.08909528866423208, 'min_child_weight': 7, 'subsample': 0.5146082979394503, 'colsample_bytree': 0.8688043090155608}. Best is trial 0 with value: 0.8209028733299242.
[I 2025-04-08 19:34:01,858] Trial 51 finished with value: 0.8194774022468593 and parameters: {'max_depth': 30, 'learning_rate': 0.022086019506864323, 'n_estimators': 226, 'gamma': 0.07415085961061937, 'min_child_weight': 7, 'subsample': 0.5052432269196431, 'colsample_bytree': 0.8760516027876364}. Best is trial 0 with value: 0.8209028733299242.
[I 2025-04-08 19:34:07,237] Trial 52 finished with value: 0.8199806699106071 and parameters: {'max_depth': 31, 'learning_rate': 0.010327472650385219, 'n_estimators': 251, 'gamma': 0.07641788705387723, 'min_child_weight': 7, 'subsample': 0.527063205597941, 'colsample_bytree': 0.8541844000653499}. Best is trial 0 with value: 0.8209028733299242.
[I 2025-04-08 19:34:13,563] Trial 53 finished with value: 0.8201482090672177 and parameters: {'max_depth': 28, 'learning_rate': 0.010416298080349709, 'n_estimators': 250, 'gamma': 0.030849499643196387, 'min_child_weight': 6, 'subsample': 0.5395931345015323, 'colsample_bytree': 0.8280620493129067}. Best is trial 0 with value: 0.8209028733299242.
[I 2025-04-08 19:34:19,353] Trial 54 finished with value: 0.8153271617629745 and parameters: {'max_depth': 27, 'learning_rate': 0.010068846546643662, 'n_estimators': 256, 'gamma': 0.027138885934409107, 'min_child_weight': 7, 'subsample': 0.5405242108927394, 'colsample_bytree': 0.5450991412202071}. Best is trial 0 with value: 0.8209028733299242.
[I 2025-04-08 19:34:26,900] Trial 55 finished with value: 0.8158720769829596 and parameters: {'max_depth': 28, 'learning_rate': 0.005589087419786658, 'n_estimators': 274, 'gamma': 0.03550728484319443, 'min_child_weight': 6, 'subsample': 0.5715446677976583, 'colsample_bytree': 0.8238738837143061}. Best is trial 0 with value: 0.8209028733299242.
[I 2025-04-08 19:34:32,870] Trial 56 finished with value: 0.8201481914944093 and parameters: {'max_depth': 32, 'learning_rate': 0.010468556278877474, 'n_estimators': 237, 'gamma': 0.07206066815160342, 'min_child_weight': 6, 'subsample': 0.5494721509686901, 'colsample_bytree': 0.898350959194883}. Best is trial 0 with value: 0.8209028733299242.
[I 2025-04-08 19:34:38,539] Trial 57 finished with value: 0.8175909963958169 and parameters: {'max_depth': 31, 'learning_rate': 0.006671058822904986, 'n_estimators': 236, 'gamma': 0.06631921124945755, 'min_child_weight': 6, 'subsample': 0.5026324239269963, 'colsample_bytree': 0.9139707085252422}. Best is trial 0 with value: 0.8209028733299242.
[I 2025-04-08 19:34:45,088] Trial 58 finished with value: 0.8119731628067994 and parameters: {'max_depth': 32, 'learning_rate': 0.00394308657240293, 'n_estimators': 281, 'gamma': 0.04645800858696256, 'min_child_weight': 7, 'subsample': 0.5480191631683656, 'colsample_bytree': 0.9034135378986197}. Best is trial 0 with value: 0.8209028733299242.
[I 2025-04-08 19:34:51,598] Trial 59 finished with value: 0.8206931770056286 and parameters: {'max_depth': 30, 'learning_rate': 0.010446009562801405, 'n_estimators': 261, 'gamma': 0.09572258212863544, 'min_child_weight': 6, 'subsample': 0.5303416285837457, 'colsample_bytree': 0.8906571386022281}. Best is trial 0 with value: 0.8209028733299242.
[I 2025-04-08 19:34:57,281] Trial 60 finished with value: 0.7495073638854183 and parameters: {'max_depth': 29, 'learning_rate': 0.0017540702485062596, 'n_estimators': 262, 'gamma': 0.08926079451588179, 'min_child_weight': 6, 'subsample': 0.5242393543308945, 'colsample_bytree': 0.8927698933023174}. Best is trial 0 with value: 0.8209028733299242.
[I 2025-04-08 19:35:03,560] Trial 61 finished with value: 0.8199387411894332 and parameters: {'max_depth': 31, 'learning_rate': 0.012357971737448242, 'n_estimators': 251, 'gamma': 0.12471960265977047, 'min_child_weight': 6, 'subsample': 0.5498846044966637, 'colsample_bytree': 0.8595161974354714}. Best is trial 0 with value: 0.8209028733299242.
[I 2025-04-08 19:35:09,414] Trial 62 finished with value: 0.8195614881357182 and parameters: {'max_depth': 26, 'learning_rate': 0.007999047403521795, 'n_estimators': 239, 'gamma': 0.015021148681208657, 'min_child_weight': 6, 'subsample': 0.5659061524306499, 'colsample_bytree': 0.9184629803421577}. Best is trial 0 with value: 0.8209028733299242.
