[I 2025-04-08 01:29:27,644] Trial 309 finished with value: 0.8185552339731593 and parameters: {'lambda_l1': 0.02859466294131192, 'lambda_l2': 12.004412600382361, 'num_leaves': 53, 'feature_fraction': 0.6225733507105964, 'bagging_fraction': 0.9915864632555402, 'bagging_freq': 2, 'min_child_samples': 110}. Best is trial 295 with value: 0.8201902607980516.
[I 2025-04-08 01:29:29,898] Trial 310 finished with value: 0.8183036265004981 and parameters: {'lambda_l1': 0.10896975069290393, 'lambda_l2': 20.067294304577516, 'num_leaves': 52, 'feature_fraction': 0.6125595642625455, 'bagging_fraction': 0.9848506613238756, 'bagging_freq': 1, 'min_child_samples': 119}. Best is trial 295 with value: 0.8201902607980516.
[I 2025-04-08 01:29:31,634] Trial 311 finished with value: 0.8171297453172859 and parameters: {'lambda_l1': 0.019775497127549523, 'lambda_l2': 2.4583333376635803, 'num_leaves': 52, 'feature_fraction': 0.9168509573029744, 'bagging_fraction': 0.9964337465990052, 'bagging_freq': 1, 'min_child_samples': 107}. Best is trial 295 with value: 0.8201902607980516.
[I 2025-04-08 01:29:33,543] Trial 312 finished with value: 0.8183873257875695 and parameters: {'lambda_l1': 0.04664008916593964, 'lambda_l2': 7.263495787913303, 'num_leaves': 55, 'feature_fraction': 0.6307412923846721, 'bagging_fraction': 0.6799560703238512, 'bagging_freq': 2, 'min_child_samples': 114}. Best is trial 295 with value: 0.8201902607980516.
[I 2025-04-08 01:29:35,495] Trial 313 finished with value: 0.8170879396057718 and parameters: {'lambda_l1': 0.17392298628599387, 'lambda_l2': 4.026602937114933, 'num_leaves': 50, 'feature_fraction': 0.5650943885694529, 'bagging_fraction': 0.6810554969956379, 'bagging_freq': 1, 'min_child_samples': 105}. Best is trial 295 with value: 0.8201902607980516.
[I 2025-04-08 01:29:37,657] Trial 314 finished with value: 0.8181778930554018 and parameters: {'lambda_l1': 0.29741709823799894, 'lambda_l2': 35.34763092446535, 'num_leaves': 45, 'feature_fraction': 0.601634183467784, 'bagging_fraction': 0.7362787014234914, 'bagging_freq': 1, 'min_child_samples': 65}. Best is trial 295 with value: 0.8201902607980516.
[I 2025-04-08 01:29:39,082] Trial 315 finished with value: 0.8183454322120124 and parameters: {'lambda_l1': 1.281819312722894e-09, 'lambda_l2': 11.112651419788032, 'num_leaves': 36, 'feature_fraction': 0.6082448067554866, 'bagging_fraction': 0.9835734658449192, 'bagging_freq': 2, 'min_child_samples': 111}. Best is trial 295 with value: 0.8201902607980516.
[I 2025-04-08 01:29:40,686] Trial 316 finished with value: 0.8185971099759076 and parameters: {'lambda_l1': 0.07152563968353579, 'lambda_l2': 20.221562362435716, 'num_leaves': 42, 'feature_fraction': 0.6192291675002274, 'bagging_fraction': 0.9612319550519104, 'bagging_freq': 1, 'min_child_samples': 108}. Best is trial 295 with value: 0.8201902607980516.
[I 2025-04-08 01:29:42,366] Trial 317 finished with value: 0.8196451874227895 and parameters: {'lambda_l1': 0.42492047533601246, 'lambda_l2': 5.86648521390116, 'num_leaves': 50, 'feature_fraction': 0.6835391156504496, 'bagging_fraction': 0.6651746058546586, 'bagging_freq': 1, 'min_child_samples': 115}. Best is trial 295 with value: 0.8201902607980516.
[I 2025-04-08 01:29:43,257] Trial 318 finished with value: 0.8157882019678031 and parameters: {'lambda_l1': 0.639135392221935, 'lambda_l2': 3.0222299079928425, 'num_leaves': 13, 'feature_fraction': 0.6850312466473782, 'bagging_fraction': 0.6684380598145605, 'bagging_freq': 1, 'min_child_samples': 121}. Best is trial 295 with value: 0.8201902607980516.
[I 2025-04-08 01:29:44,959] Trial 319 finished with value: 0.8184294478096372 and parameters: {'lambda_l1': 0.007956769599140705, 'lambda_l2': 1.3308673950288359, 'num_leaves': 50, 'feature_fraction': 0.6805204640737952, 'bagging_fraction': 0.6618612370331731, 'bagging_freq': 2, 'min_child_samples': 116}. Best is trial 295 with value: 0.8201902607980516.
[I 2025-04-08 01:29:49,209] Trial 320 finished with value: 0.8186390562698902 and parameters: {'lambda_l1': 0.4031973713761977, 'lambda_l2': 5.0337943721290905, 'num_leaves': 48, 'feature_fraction': 0.6507242704740382, 'bagging_fraction': 0.6405299269680685, 'bagging_freq': 1, 'min_child_samples': 119}. Best is trial 295 with value: 0.8201902607980516.
[I 2025-04-08 01:29:52,980] Trial 321 finished with value: 0.8186390211242731 and parameters: {'lambda_l1': 0.13372878801320015, 'lambda_l2': 15.279150980094899, 'num_leaves': 53, 'feature_fraction': 0.6676869258942594, 'bagging_fraction': 0.939073398053829, 'bagging_freq': 1, 'min_child_samples': 115}. Best is trial 295 with value: 0.8201902607980516.
[I 2025-04-08 01:29:55,016] Trial 322 finished with value: 0.8175069280797667 and parameters: {'lambda_l1': 0.035678680635839406, 'lambda_l2': 6.164269574522146, 'num_leaves': 58, 'feature_fraction': 0.9275420556472369, 'bagging_fraction': 0.6884434902009252, 'bagging_freq': 2, 'min_child_samples': 101}. Best is trial 295 with value: 0.8201902607980516.
[I 2025-04-08 01:29:56,669] Trial 323 finished with value: 0.8191000261834848 and parameters: {'lambda_l1': 0.013933274488474954, 'lambda_l2': 26.502925396414938, 'num_leaves': 50, 'feature_fraction': 0.8741123533491423, 'bagging_fraction': 0.6737392557817415, 'bagging_freq': 1, 'min_child_samples': 112}. Best is trial 295 with value: 0.8201902607980516.
[I 2025-04-08 01:29:58,893] Trial 324 finished with value: 0.8183034859180299 and parameters: {'lambda_l1': 0.07355141507765037, 'lambda_l2': 9.843375631330385, 'num_leaves': 47, 'feature_fraction': 0.9128163719671927, 'bagging_fraction': 0.8735624360339428, 'bagging_freq': 1, 'min_child_samples': 113}. Best is trial 295 with value: 0.8201902607980516.
[I 2025-04-08 01:30:00,643] Trial 325 finished with value: 0.8198548486014682 and parameters: {'lambda_l1': 0.9247954544531906, 'lambda_l2': 2.6513301758544623, 'num_leaves': 45, 'feature_fraction': 0.6408155739552556, 'bagging_fraction': 0.6527189531635795, 'bagging_freq': 1, 'min_child_samples': 117}. Best is trial 295 with value: 0.8201902607980516.
[I 2025-04-08 01:30:02,369] Trial 326 finished with value: 0.818680949845447 and parameters: {'lambda_l1': 0.92736862669658, 'lambda_l2': 1.806697176918209, 'num_leaves': 44, 'feature_fraction': 0.6935809186768367, 'bagging_fraction': 0.6592635703486347, 'bagging_freq': 1, 'min_child_samples': 121}. Best is trial 295 with value: 0.8201902607980516.
[I 2025-04-08 01:30:04,348] Trial 327 finished with value: 0.818387378505995 and parameters: {'lambda_l1': 0.8370790809823404, 'lambda_l2': 2.8520488959524646, 'num_leaves': 45, 'feature_fraction': 0.8966823230656755, 'bagging_fraction': 0.6538097720180067, 'bagging_freq': 1, 'min_child_samples': 2}. Best is trial 295 with value: 0.8201902607980516.
[I 2025-04-08 01:30:05,977] Trial 328 finished with value: 0.8183037319373494 and parameters: {'lambda_l1': 0.5009141160659095, 'lambda_l2': 3.412845927338931, 'num_leaves': 43, 'feature_fraction': 0.6376492005675763, 'bagging_fraction': 0.8881279818089085, 'bagging_freq': 1, 'min_child_samples': 117}. Best is trial 295 with value: 0.8201902607980516.
[I 2025-04-08 01:30:07,431] Trial 329 finished with value: 0.8167945439944049 and parameters: {'lambda_l1': 1.040810804838619, 'lambda_l2': 62.35950447586446, 'num_leaves': 41, 'feature_fraction': 0.6242791104955644, 'bagging_fraction': 0.669167767158095, 'bagging_freq': 1, 'min_child_samples': 104}. Best is trial 295 with value: 0.8201902607980516.
[I 2025-04-08 01:30:09,713] Trial 330 finished with value: 0.8182197690581502 and parameters: {'lambda_l1': 0.40591594153222044, 'lambda_l2': 1.5720267006940873, 'num_leaves': 55, 'feature_fraction': 0.8842425680655596, 'bagging_fraction': 0.6851968335691699, 'bagging_freq': 1, 'min_child_samples': 118}. Best is trial 295 with value: 0.8201902607980516.
[I 2025-04-08 01:30:11,278] Trial 331 finished with value: 0.8155368405144616 and parameters: {'lambda_l1': 0.6538334698572378, 'lambda_l2': 13.029291965260205, 'num_leaves': 46, 'feature_fraction': 0.5396309652418894, 'bagging_fraction': 0.999964416232366, 'bagging_freq': 1, 'min_child_samples': 107}. Best is trial 295 with value: 0.8201902607980516.
[I 2025-04-08 01:30:12,728] Trial 332 finished with value: 0.8171717970481197 and parameters: {'lambda_l1': 0.2547199632133641, 'lambda_l2': 32.85807286493976, 'num_leaves': 38, 'feature_fraction': 0.9393094829147657, 'bagging_fraction': 0.7058607205044103, 'bagging_freq': 1, 'min_child_samples': 115}. Best is trial 295 with value: 0.8201902607980516.
[I 2025-04-08 01:30:14,519] Trial 333 finished with value: 0.8167525098363797 and parameters: {'lambda_l1': 0.02433697375731015, 'lambda_l2': 4.810073487054406, 'num_leaves': 51, 'feature_fraction': 0.5806398726957672, 'bagging_fraction': 0.6968550888191629, 'bagging_freq': 1, 'min_child_samples': 109}. Best is trial 295 with value: 0.8201902607980516.
[I 2025-04-08 01:30:16,078] Trial 334 finished with value: 0.818806700863352 and parameters: {'lambda_l1': 0.17266000813922588, 'lambda_l2': 19.045192375894953, 'num_leaves': 42, 'feature_fraction': 0.9245946962205122, 'bagging_fraction': 0.7289211618788982, 'bagging_freq': 1, 'min_child_samples': 120}. Best is trial 295 with value: 0.8201902607980516.
[I 2025-04-08 01:30:18,747] Trial 335 finished with value: 0.8182616802065157 and parameters: {'lambda_l1': 1.5656038058420982, 'lambda_l2': 5.9438171945738585, 'num_leaves': 85, 'feature_fraction': 0.9060345911959198, 'bagging_fraction': 0.6516443064743069, 'bagging_freq': 1, 'min_child_samples': 103}. Best is trial 295 with value: 0.8201902607980516.
[I 2025-04-08 01:30:20,818] Trial 336 finished with value: 0.8176749768478248 and parameters: {'lambda_l1': 0.0407650213149191, 'lambda_l2': 2.645636886062268, 'num_leaves': 44, 'feature_fraction': 0.6665739110127606, 'bagging_fraction': 0.7164059445308257, 'bagging_freq': 2, 'min_child_samples': 100}. Best is trial 295 with value: 0.8201902607980516.
[I 2025-04-08 01:30:22,311] Trial 337 finished with value: 0.8179682318767233 and parameters: {'lambda_l1': 0.14539897775262065, 'lambda_l2': 12.365028484013504, 'num_leaves': 40, 'feature_fraction': 0.6149894603110156, 'bagging_fraction': 0.9687461068404695, 'bagging_freq': 1, 'min_child_samples': 123}. Best is trial 295 with value: 0.8201902607980516.
[I 2025-04-08 01:30:24,018] Trial 338 finished with value: 0.8175487689368979 and parameters: {'lambda_l1': 0.4014023298296726, 'lambda_l2': 1.155821748327631e-06, 'num_leaves': 47, 'feature_fraction': 0.4262675653918658, 'bagging_fraction': 0.6667877356329653, 'bagging_freq': 2, 'min_child_samples': 106}. Best is trial 295 with value: 0.8201902607980516.
[I 2025-04-08 01:30:25,558] Trial 339 finished with value: 0.8178844974440349 and parameters: {'lambda_l1': 0.015082348096806837, 'lambda_l2': 20.093344264471384, 'num_leaves': 35, 'feature_fraction': 0.8658761835206411, 'bagging_fraction': 0.6831686695336787, 'bagging_freq': 1, 'min_child_samples': 111}. Best is trial 295 with value: 0.8201902607980516.
[I 2025-04-08 01:30:27,272] Trial 340 finished with value: 0.8170039415809554 and parameters: {'lambda_l1': 0.9262463778539026, 'lambda_l2': 41.591184763286456, 'num_leaves': 51, 'feature_fraction': 0.8931762312821128, 'bagging_fraction': 0.7383347357237842, 'bagging_freq': 1, 'min_child_samples': 77}. Best is trial 295 with value: 0.8201902607980516.
[I 2025-04-08 01:30:28,715] Trial 341 finished with value: 0.8191841296451523 and parameters: {'lambda_l1': 0.055642591356800046, 'lambda_l2': 6.983164128948021, 'num_leaves': 39, 'feature_fraction': 0.6404492755332848, 'bagging_fraction': 0.6899718768773158, 'bagging_freq': 1, 'min_child_samples': 116}. Best is trial 295 with value: 0.8201902607980516.
[I 2025-04-08 01:30:30,937] Trial 342 finished with value: 0.8175911545510939 and parameters: {'lambda_l1': 0.21530005288743612, 'lambda_l2': 4.667489672357707, 'num_leaves': 44, 'feature_fraction': 0.596003638979323, 'bagging_fraction': 0.8514805860796905, 'bagging_freq': 2, 'min_child_samples': 109}. Best is trial 295 with value: 0.8201902607980516.
[I 2025-04-08 01:30:32,892] Trial 343 finished with value: 0.819183989062684 and parameters: {'lambda_l1': 2.194833913136447, 'lambda_l2': 10.656410843064076, 'num_leaves': 47, 'feature_fraction': 0.6297746305798236, 'bagging_fraction': 0.7204973659443241, 'bagging_freq': 1, 'min_child_samples': 105}. Best is trial 295 with value: 0.8201902607980516.
[I 2025-04-08 01:30:34,692] Trial 344 finished with value: 0.8175491379658771 and parameters: {'lambda_l1': 0.1172065219284372, 'lambda_l2': 1.390835045783337, 'num_leaves': 42, 'feature_fraction': 0.6579694623414871, 'bagging_fraction': 0.6791000430840112, 'bagging_freq': 1, 'min_child_samples': 114}. Best is trial 295 with value: 0.8201902607980516.
[I 2025-04-08 01:30:36,455] Trial 345 finished with value: 0.8188067887273947 and parameters: {'lambda_l1': 0.6127429454814516, 'lambda_l2': 24.060879613564662, 'num_leaves': 37, 'feature_fraction': 0.5915393773755024, 'bagging_fraction': 0.9878835917890956, 'bagging_freq': 1, 'min_child_samples': 111}. Best is trial 295 with value: 0.8201902607980516.
[I 2025-04-08 01:30:38,078] Trial 346 finished with value: 0.8151595698879384 and parameters: {'lambda_l1': 0.025308444035090166, 'lambda_l2': 95.45533156015166, 'num_leaves': 45, 'feature_fraction': 0.8766604673264097, 'bagging_fraction': 0.644931606817515, 'bagging_freq': 2, 'min_child_samples': 119}. Best is trial 295 with value: 0.8201902607980516.
[I 2025-04-08 01:30:40,017] Trial 347 finished with value: 0.8172137784877194 and parameters: {'lambda_l1': 0.33777056995682153, 'lambda_l2': 2.414284487883575, 'num_leaves': 54, 'feature_fraction': 0.6091444686289613, 'bagging_fraction': 0.9331890153533746, 'bagging_freq': 1, 'min_child_samples': 94}. Best is trial 295 with value: 0.8201902607980516.
[I 2025-04-08 01:30:40,819] A new study created in RDB with name: lightgbm-num_features-5
[I 2025-04-08 01:30:42,835] Trial 0 finished with value: 0.8183876596709316 and parameters: {'lambda_l1': 0.06284930740762527, 'lambda_l2': 23.416935183955154, 'num_leaves': 51, 'feature_fraction': 0.6291053742902287, 'bagging_fraction': 0.9327845351662117, 'bagging_freq': 1, 'min_child_samples': 107}. Best is trial 0 with value: 0.8183876596709316.
[I 2025-04-08 01:30:44,863] Trial 1 finished with value: 0.8152854263426944 and parameters: {'lambda_l1': 1.9940426371487032e-07, 'lambda_l2': 4.1552365683416427e-07, 'num_leaves': 56, 'feature_fraction': 0.9854769113815306, 'bagging_fraction': 0.5790355468961431, 'bagging_freq': 8, 'min_child_samples': 124}. Best is trial 0 with value: 0.8183876596709316.
[I 2025-04-08 01:30:45,281] Trial 2 finished with value: 0.7674073956922018 and parameters: {'lambda_l1': 12.686884472981802, 'lambda_l2': 0.0003765675244191225, 'num_leaves': 2, 'feature_fraction': 0.6623936049283807, 'bagging_fraction': 0.6158344687311358, 'bagging_freq': 9, 'min_child_samples': 118}. Best is trial 0 with value: 0.8183876596709316.
[I 2025-04-08 01:30:47,186] Trial 3 finished with value: 0.8125181834636358 and parameters: {'lambda_l1': 0.37063320438470715, 'lambda_l2': 1.612446951266513e-06, 'num_leaves': 53, 'feature_fraction': 0.8261405476032448, 'bagging_fraction': 0.5690590629802449, 'bagging_freq': 12, 'min_child_samples': 19}. Best is trial 0 with value: 0.8183876596709316.
[I 2025-04-08 01:30:49,893] Trial 4 finished with value: 0.817884761036163 and parameters: {'lambda_l1': 1.3154643477386751e-05, 'lambda_l2': 69.66244610502285, 'num_leaves': 80, 'feature_fraction': 0.6331298480959193, 'bagging_fraction': 0.8998293462820552, 'bagging_freq': 11, 'min_child_samples': 5}. Best is trial 0 with value: 0.8183876596709316.
[I 2025-04-08 01:30:53,034] Trial 5 finished with value: 0.8140273186881547 and parameters: {'lambda_l1': 0.5208402442911434, 'lambda_l2': 2.7030193858915204e-07, 'num_leaves': 83, 'feature_fraction': 0.7290292058861679, 'bagging_fraction': 0.7716002157383399, 'bagging_freq': 10, 'min_child_samples': 18}. Best is trial 0 with value: 0.8183876596709316.
[I 2025-04-08 01:30:55,561] Trial 6 finished with value: 0.8160817557344467 and parameters: {'lambda_l1': 3.952953732153006e-08, 'lambda_l2': 0.1582185654156422, 'num_leaves': 90, 'feature_fraction': 0.5502771541596305, 'bagging_fraction': 0.9269483660632685, 'bagging_freq': 13, 'min_child_samples': 102}. Best is trial 0 with value: 0.8183876596709316.
[I 2025-04-08 01:30:56,476] Trial 7 finished with value: 0.8110093469768618 and parameters: {'lambda_l1': 1.0983665387803779e-07, 'lambda_l2': 0.0023789268406558066, 'num_leaves': 15, 'feature_fraction': 0.46525929551153467, 'bagging_fraction': 0.7968759024555302, 'bagging_freq': 16, 'min_child_samples': 99}. Best is trial 0 with value: 0.8183876596709316.
[I 2025-04-08 01:30:59,796] Trial 8 finished with value: 0.8095412442602814 and parameters: {'lambda_l1': 0.027865687310729286, 'lambda_l2': 0.028037065558092173, 'num_leaves': 104, 'feature_fraction': 0.9106624482442944, 'bagging_fraction': 0.5262264767286668, 'bagging_freq': 9, 'min_child_samples': 63}. Best is trial 0 with value: 0.8183876596709316.
[I 2025-04-08 01:31:02,966] Trial 9 finished with value: 0.8124343611669047 and parameters: {'lambda_l1': 6.128387111778304e-07, 'lambda_l2': 1.756752052989031e-08, 'num_leaves': 91, 'feature_fraction': 0.5962400451417658, 'bagging_fraction': 0.7365127099975048, 'bagging_freq': 4, 'min_child_samples': 17}. Best is trial 0 with value: 0.8183876596709316.
[I 2025-04-08 01:31:04,275] Trial 10 finished with value: 0.8129798211439547 and parameters: {'lambda_l1': 0.0008754214651408068, 'lambda_l2': 27.97890435987314, 'num_leaves': 31, 'feature_fraction': 0.44074892160604273, 'bagging_fraction': 0.9977072454802356, 'bagging_freq': 1, 'min_child_samples': 66}. Best is trial 0 with value: 0.8183876596709316.
[I 2025-04-08 01:31:06,781] Trial 11 finished with value: 0.8167527558556991 and parameters: {'lambda_l1': 4.4149517450781395e-05, 'lambda_l2': 79.20632736944897, 'num_leaves': 121, 'feature_fraction': 0.7259928636749265, 'bagging_fraction': 0.8808162419953895, 'bagging_freq': 5, 'min_child_samples': 52}. Best is trial 0 with value: 0.8183876596709316.
[I 2025-04-08 01:31:08,834] Trial 12 finished with value: 0.8158723932935134 and parameters: {'lambda_l1': 3.882321337048099e-05, 'lambda_l2': 1.1451595609182075, 'num_leaves': 67, 'feature_fraction': 0.5759999311818399, 'bagging_fraction': 0.8778737458591905, 'bagging_freq': 6, 'min_child_samples': 41}. Best is trial 0 with value: 0.8183876596709316.
[I 2025-04-08 01:31:10,300] Trial 13 finished with value: 0.816962364315952 and parameters: {'lambda_l1': 1.2033214059276087e-09, 'lambda_l2': 1.9158631324275752, 'num_leaves': 39, 'feature_fraction': 0.652342433382827, 'bagging_fraction': 0.411398535155516, 'bagging_freq': 1, 'min_child_samples': 84}. Best is trial 0 with value: 0.8183876596709316.
[I 2025-04-08 01:31:12,851] Trial 14 finished with value: 0.8170461690398744 and parameters: {'lambda_l1': 0.003375249543378662, 'lambda_l2': 99.59165296868194, 'num_leaves': 74, 'feature_fraction': 0.8004785919439392, 'bagging_fraction': 0.9993702409790373, 'bagging_freq': 13, 'min_child_samples': 39}. Best is trial 0 with value: 0.8183876596709316.
[I 2025-04-08 01:31:13,537] Trial 15 finished with value: 0.7938203988676082 and parameters: {'lambda_l1': 80.52728169816952, 'lambda_l2': 1.404309351771956e-05, 'num_leaves': 35, 'feature_fraction': 0.5670157604377031, 'bagging_fraction': 0.8393742335804151, 'bagging_freq': 16, 'min_child_samples': 83}. Best is trial 0 with value: 0.8183876596709316.
[I 2025-04-08 01:31:16,746] Trial 16 finished with value: 0.8158303064170624 and parameters: {'lambda_l1': 2.3229828312602638e-05, 'lambda_l2': 3.9635055104302905, 'num_leaves': 113, 'feature_fraction': 0.781704310967803, 'bagging_fraction': 0.6609416544134653, 'bagging_freq': 3, 'min_child_samples': 2}. Best is trial 0 with value: 0.8183876596709316.
[I 2025-04-08 01:31:18,658] Trial 17 finished with value: 0.8116798550594752 and parameters: {'lambda_l1': 0.026018786875319107, 'lambda_l2': 0.022546056606627132, 'num_leaves': 57, 'feature_fraction': 0.4826942042188397, 'bagging_fraction': 0.9314229808814914, 'bagging_freq': 7, 'min_child_samples': 107}. Best is trial 0 with value: 0.8183876596709316.
[I 2025-04-08 01:31:21,376] Trial 18 finished with value: 0.8144465707542776 and parameters: {'lambda_l1': 3.653379641544802e-06, 'lambda_l2': 0.214213330349565, 'num_leaves': 101, 'feature_fraction': 0.6408750184761546, 'bagging_fraction': 0.6989426727781481, 'bagging_freq': 11, 'min_child_samples': 84}. Best is trial 0 with value: 0.8183876596709316.
[I 2025-04-08 01:31:24,041] Trial 19 finished with value: 0.8100871962759705 and parameters: {'lambda_l1': 0.9538522814104483, 'lambda_l2': 1.2664659453837406e-09, 'num_leaves': 76, 'feature_fraction': 0.40153836820853955, 'bagging_fraction': 0.9116084944134007, 'bagging_freq': 14, 'min_child_samples': 67}. Best is trial 0 with value: 0.8183876596709316.
[I 2025-04-08 01:31:25,655] Trial 20 finished with value: 0.8183456255129065 and parameters: {'lambda_l1': 0.01675678199000475, 'lambda_l2': 8.704428075951839, 'num_leaves': 46, 'feature_fraction': 0.5225608210486626, 'bagging_fraction': 0.7979737626154537, 'bagging_freq': 3, 'min_child_samples': 38}. Best is trial 0 with value: 0.8183876596709316.
[I 2025-04-08 01:31:27,331] Trial 21 finished with value: 0.8175490676746431 and parameters: {'lambda_l1': 0.006749232981707313, 'lambda_l2': 10.343918365374975, 'num_leaves': 48, 'feature_fraction': 0.5184399942938036, 'bagging_fraction': 0.8217370845963329, 'bagging_freq': 3, 'min_child_samples': 4}. Best is trial 0 with value: 0.8183876596709316.
