[I 2025-04-08 01:50:23,955] Trial 358 finished with value: 0.8153273374910599 and parameters: {'lambda_l1': 1.4070903320432163e-05, 'lambda_l2': 4.400633493772987e-08, 'num_leaves': 49, 'feature_fraction': 0.8197590651638572, 'bagging_fraction': 0.8533999285854319, 'bagging_freq': 9, 'min_child_samples': 100}. Best is trial 213 with value: 0.8175071389534689.
[I 2025-04-08 01:50:24,987] Trial 359 finished with value: 0.8155366999319933 and parameters: {'lambda_l1': 0.0002684070486234728, 'lambda_l2': 1.9657605235926637e-08, 'num_leaves': 24, 'feature_fraction': 0.7623331679960532, 'bagging_fraction': 0.8302693425899805, 'bagging_freq': 8, 'min_child_samples': 103}. Best is trial 213 with value: 0.8175071389534689.
[I 2025-04-08 01:50:27,242] Trial 360 finished with value: 0.816249154308589 and parameters: {'lambda_l1': 2.462028989348159e-06, 'lambda_l2': 2.897934395410092e-08, 'num_leaves': 46, 'feature_fraction': 0.8039827256280231, 'bagging_fraction': 0.8002995363421681, 'bagging_freq': 9, 'min_child_samples': 94}. Best is trial 213 with value: 0.8175071389534689.
[I 2025-04-08 01:50:28,866] Trial 361 finished with value: 0.8160814921423187 and parameters: {'lambda_l1': 6.535357749680757e-06, 'lambda_l2': 4.807085566015693e-05, 'num_leaves': 40, 'feature_fraction': 0.712217314416555, 'bagging_fraction': 0.9640134079335722, 'bagging_freq': 9, 'min_child_samples': 99}. Best is trial 213 with value: 0.8175071389534689.
[I 2025-04-08 01:50:30,301] Trial 362 finished with value: 0.8165847598060665 and parameters: {'lambda_l1': 2.2382966643228153e-05, 'lambda_l2': 5.817132897941161e-08, 'num_leaves': 34, 'feature_fraction': 0.7795762428258113, 'bagging_fraction': 0.8076512546997805, 'bagging_freq': 10, 'min_child_samples': 90}. Best is trial 213 with value: 0.8175071389534689.
[I 2025-04-08 01:50:31,421] Trial 363 finished with value: 0.8157044499623064 and parameters: {'lambda_l1': 0.0005526320478014127, 'lambda_l2': 1.2497799340389427e-08, 'num_leaves': 26, 'feature_fraction': 0.6791752516841626, 'bagging_fraction': 0.919349758651315, 'bagging_freq': 8, 'min_child_samples': 105}. Best is trial 213 with value: 0.8175071389534689.
[I 2025-04-08 01:50:32,970] Trial 364 finished with value: 0.8146142856389738 and parameters: {'lambda_l1': 5.8772818652026854e-09, 'lambda_l2': 8.59974564889108e-09, 'num_leaves': 43, 'feature_fraction': 0.7400798066468114, 'bagging_fraction': 0.8985265925971527, 'bagging_freq': 11, 'min_child_samples': 97}. Best is trial 213 with value: 0.8175071389534689.
[I 2025-04-08 01:50:34,387] Trial 365 finished with value: 0.8146561264961051 and parameters: {'lambda_l1': 3.40083632460378e-05, 'lambda_l2': 2.005662155332431e-08, 'num_leaves': 36, 'feature_fraction': 0.792842286452211, 'bagging_fraction': 0.7758651396950952, 'bagging_freq': 13, 'min_child_samples': 102}. Best is trial 213 with value: 0.8175071389534689.
[I 2025-04-08 01:50:35,632] Trial 366 finished with value: 0.8158302536986369 and parameters: {'lambda_l1': 3.435501724354182e-06, 'lambda_l2': 0.5571573679175449, 'num_leaves': 31, 'feature_fraction': 0.7264974123103366, 'bagging_fraction': 0.8245111888695599, 'bagging_freq': 15, 'min_child_samples': 95}. Best is trial 213 with value: 0.8175071389534689.
[I 2025-04-08 01:50:37,544] Trial 367 finished with value: 0.8151174127202532 and parameters: {'lambda_l1': 1.8569089353643155e-07, 'lambda_l2': 3.074008859168571e-09, 'num_leaves': 39, 'feature_fraction': 0.7557572255555061, 'bagging_fraction': 0.8624071962773964, 'bagging_freq': 9, 'min_child_samples': 92}. Best is trial 213 with value: 0.8175071389534689.
[I 2025-04-08 01:50:38,788] Trial 368 finished with value: 0.816458991215353 and parameters: {'lambda_l1': 1.968905782080243e-09, 'lambda_l2': 3.461455854787117e-08, 'num_leaves': 33, 'feature_fraction': 0.693854614780986, 'bagging_fraction': 0.7921530219329005, 'bagging_freq': 10, 'min_child_samples': 100}. Best is trial 213 with value: 0.8175071389534689.
[I 2025-04-08 01:50:39,930] Trial 369 finished with value: 0.8161653671574752 and parameters: {'lambda_l1': 0.00017098763438238584, 'lambda_l2': 0.00024098086685087506, 'num_leaves': 28, 'feature_fraction': 0.8145273302301358, 'bagging_fraction': 0.8162112675284537, 'bagging_freq': 9, 'min_child_samples': 107}. Best is trial 213 with value: 0.8175071389534689.
[I 2025-04-08 01:50:41,354] Trial 370 finished with value: 0.81612345600911 and parameters: {'lambda_l1': 0.00043079492249658137, 'lambda_l2': 5.039725543888351e-09, 'num_leaves': 41, 'feature_fraction': 0.771278777273193, 'bagging_fraction': 0.8375775697984975, 'bagging_freq': 14, 'min_child_samples': 97}. Best is trial 213 with value: 0.8175071389534689.
[I 2025-04-08 01:50:42,752] Trial 371 finished with value: 0.8162074364611176 and parameters: {'lambda_l1': 1.2099444230789309e-05, 'lambda_l2': 8.56951447451785e-06, 'num_leaves': 37, 'feature_fraction': 0.7112629518196114, 'bagging_fraction': 0.8080623885671785, 'bagging_freq': 8, 'min_child_samples': 103}. Best is trial 213 with value: 0.8175071389534689.
[I 2025-04-08 01:50:42,938] A new study created in RDB with name: lightgbm-num_features-3
[I 2025-04-08 01:50:44,287] Trial 0 finished with value: 0.6749674112265645 and parameters: {'lambda_l1': 0.00010703811214226023, 'lambda_l2': 3.037262913296808e-08, 'num_leaves': 39, 'feature_fraction': 0.7197096979168757, 'bagging_fraction': 0.8171012650367273, 'bagging_freq': 9, 'min_child_samples': 98}. Best is trial 0 with value: 0.6749674112265645.
[I 2025-04-08 01:50:45,906] Trial 1 finished with value: 0.6705232128014394 and parameters: {'lambda_l1': 2.3626186220235707e-07, 'lambda_l2': 0.033735333009162156, 'num_leaves': 57, 'feature_fraction': 0.7379102863735358, 'bagging_fraction': 0.41605932505986487, 'bagging_freq': 13, 'min_child_samples': 99}. Best is trial 0 with value: 0.6749674112265645.
[I 2025-04-08 01:50:47,016] Trial 2 finished with value: 0.6530411326729472 and parameters: {'lambda_l1': 24.024496209431327, 'lambda_l2': 1.4820450173312886e-08, 'num_leaves': 99, 'feature_fraction': 0.4574845281333178, 'bagging_fraction': 0.5190794214864816, 'bagging_freq': 6, 'min_child_samples': 38}. Best is trial 0 with value: 0.6749674112265645.
[I 2025-04-08 01:50:50,273] Trial 3 finished with value: 0.6568142958312027 and parameters: {'lambda_l1': 0.15082150014204446, 'lambda_l2': 1.5272887043045532e-05, 'num_leaves': 108, 'feature_fraction': 0.47711199260637893, 'bagging_fraction': 0.9365951650090473, 'bagging_freq': 14, 'min_child_samples': 68}. Best is trial 0 with value: 0.6749674112265645.
[I 2025-04-08 01:50:51,562] Trial 4 finished with value: 0.678782081358589 and parameters: {'lambda_l1': 0.001783182429854919, 'lambda_l2': 0.009796851210452887, 'num_leaves': 36, 'feature_fraction': 0.7505894519715959, 'bagging_fraction': 0.9994738700704975, 'bagging_freq': 8, 'min_child_samples': 33}. Best is trial 4 with value: 0.678782081358589.
[I 2025-04-08 01:50:52,131] Trial 5 finished with value: 0.6582822052468892 and parameters: {'lambda_l1': 94.51870182231549, 'lambda_l2': 0.01090415488018325, 'num_leaves': 73, 'feature_fraction': 0.8564379388878884, 'bagging_fraction': 0.8703490146748617, 'bagging_freq': 12, 'min_child_samples': 17}. Best is trial 4 with value: 0.678782081358589.
[I 2025-04-08 01:50:54,611] Trial 6 finished with value: 0.6738768075830184 and parameters: {'lambda_l1': 1.5916746996411639e-09, 'lambda_l2': 49.65918877057679, 'num_leaves': 93, 'feature_fraction': 0.7316206948765647, 'bagging_fraction': 0.947325172540942, 'bagging_freq': 5, 'min_child_samples': 104}. Best is trial 4 with value: 0.678782081358589.
[I 2025-04-08 01:50:55,193] Trial 7 finished with value: 0.6655767835082707 and parameters: {'lambda_l1': 73.85079121180121, 'lambda_l2': 0.0004985105819259954, 'num_leaves': 19, 'feature_fraction': 0.9053368477125778, 'bagging_fraction': 0.8580331701190739, 'bagging_freq': 7, 'min_child_samples': 20}. Best is trial 4 with value: 0.678782081358589.
[I 2025-04-08 01:50:58,037] Trial 8 finished with value: 0.681968752031856 and parameters: {'lambda_l1': 7.35227866391474e-06, 'lambda_l2': 0.0018974439006243736, 'num_leaves': 88, 'feature_fraction': 0.8457723442561137, 'bagging_fraction': 0.9954716436614147, 'bagging_freq': 16, 'min_child_samples': 88}. Best is trial 8 with value: 0.681968752031856.
[I 2025-04-08 01:50:59,104] Trial 9 finished with value: 0.6825974895485721 and parameters: {'lambda_l1': 4.662406151977004e-05, 'lambda_l2': 1.9602395541401822, 'num_leaves': 29, 'feature_fraction': 0.8556697151865575, 'bagging_fraction': 0.517067737190217, 'bagging_freq': 12, 'min_child_samples': 34}. Best is trial 9 with value: 0.6825974895485721.
[I 2025-04-08 01:50:59,575] Trial 10 finished with value: 0.6694755395291542 and parameters: {'lambda_l1': 6.919192308984633e-08, 'lambda_l2': 43.00334152252008, 'num_leaves': 4, 'feature_fraction': 0.9975011154251705, 'bagging_fraction': 0.590619425095604, 'bagging_freq': 2, 'min_child_samples': 57}. Best is trial 9 with value: 0.6825974895485721.
[I 2025-04-08 01:51:02,491] Trial 11 finished with value: 0.6804178638142484 and parameters: {'lambda_l1': 7.755282045867718e-06, 'lambda_l2': 0.8986660963074571, 'num_leaves': 122, 'feature_fraction': 0.8664722831230053, 'bagging_fraction': 0.7235427335167903, 'bagging_freq': 16, 'min_child_samples': 127}. Best is trial 9 with value: 0.6825974895485721.
[I 2025-04-08 01:51:04,898] Trial 12 finished with value: 0.6718647561509223 and parameters: {'lambda_l1': 0.0026759969064183496, 'lambda_l2': 6.524305607358418e-06, 'num_leaves': 73, 'feature_fraction': 0.6283591692552848, 'bagging_fraction': 0.661076147938808, 'bagging_freq': 16, 'min_child_samples': 68}. Best is trial 9 with value: 0.6825974895485721.
[I 2025-04-08 01:51:06,458] Trial 13 finished with value: 0.6771477574460383 and parameters: {'lambda_l1': 1.703456033656969e-06, 'lambda_l2': 0.48523017446005673, 'num_leaves': 51, 'feature_fraction': 0.9962242811680408, 'bagging_fraction': 0.46468579717408076, 'bagging_freq': 11, 'min_child_samples': 49}. Best is trial 9 with value: 0.6825974895485721.
[I 2025-04-08 01:51:08,906] Trial 14 finished with value: 0.6733322613920124 and parameters: {'lambda_l1': 6.013961956914424e-05, 'lambda_l2': 9.216298714658388e-05, 'num_leaves': 74, 'feature_fraction': 0.6259619378595929, 'bagging_fraction': 0.7260266062915242, 'bagging_freq': 10, 'min_child_samples': 85}. Best is trial 9 with value: 0.6825974895485721.
[I 2025-04-08 01:51:11,272] Trial 15 finished with value: 0.6671272148328563 and parameters: {'lambda_l1': 0.035048838064574137, 'lambda_l2': 6.025842640661203e-07, 'num_leaves': 88, 'feature_fraction': 0.8131038642166133, 'bagging_fraction': 0.5742710568659741, 'bagging_freq': 14, 'min_child_samples': 4}. Best is trial 9 with value: 0.6825974895485721.
[I 2025-04-08 01:51:12,276] Trial 16 finished with value: 0.6848202038094334 and parameters: {'lambda_l1': 1.2417038886747674e-08, 'lambda_l2': 1.9449481156435853, 'num_leaves': 25, 'feature_fraction': 0.9235201171073381, 'bagging_fraction': 0.6474588546920983, 'bagging_freq': 16, 'min_child_samples': 81}. Best is trial 16 with value: 0.6848202038094334.
[I 2025-04-08 01:51:13,214] Trial 17 finished with value: 0.6829752873593515 and parameters: {'lambda_l1': 1.149779399974333e-09, 'lambda_l2': 0.15409106852371984, 'num_leaves': 21, 'feature_fraction': 0.9329144590026004, 'bagging_fraction': 0.6515010891565977, 'bagging_freq': 14, 'min_child_samples': 76}. Best is trial 16 with value: 0.6848202038094334.
[I 2025-04-08 01:51:13,601] Trial 18 finished with value: 0.6647381563663649 and parameters: {'lambda_l1': 1.1742321830584715e-09, 'lambda_l2': 0.28086724886310777, 'num_leaves': 3, 'feature_fraction': 0.9394391518401468, 'bagging_fraction': 0.6427634934369972, 'bagging_freq': 14, 'min_child_samples': 122}. Best is trial 16 with value: 0.6848202038094334.
[I 2025-04-08 01:51:14,603] Trial 19 finished with value: 0.6860357676945001 and parameters: {'lambda_l1': 2.5956663959369544e-08, 'lambda_l2': 6.430562562887949, 'num_leaves': 18, 'feature_fraction': 0.9338466306250908, 'bagging_fraction': 0.7915901156981524, 'bagging_freq': 2, 'min_child_samples': 80}. Best is trial 19 with value: 0.6860357676945001.
[I 2025-04-08 01:51:15,587] Trial 20 finished with value: 0.6815491133639451 and parameters: {'lambda_l1': 2.821155343702652e-08, 'lambda_l2': 5.6985874909429395, 'num_leaves': 16, 'feature_fraction': 0.6427291347373325, 'bagging_fraction': 0.7687437925324749, 'bagging_freq': 1, 'min_child_samples': 109}. Best is trial 19 with value: 0.6860357676945001.
[I 2025-04-08 01:51:16,590] Trial 21 finished with value: 0.6847360652021488 and parameters: {'lambda_l1': 1.0096938273120256e-08, 'lambda_l2': 0.05576383462692111, 'num_leaves': 20, 'feature_fraction': 0.9337080424956906, 'bagging_fraction': 0.6554463138335556, 'bagging_freq': 3, 'min_child_samples': 79}. Best is trial 19 with value: 0.6860357676945001.
[I 2025-04-08 01:51:18,880] Trial 22 finished with value: 0.676853694067947 and parameters: {'lambda_l1': 1.2904480538247004e-08, 'lambda_l2': 14.15914988272218, 'num_leaves': 46, 'feature_fraction': 0.7963435606961011, 'bagging_fraction': 0.7740872930188593, 'bagging_freq': 4, 'min_child_samples': 84}. Best is trial 19 with value: 0.6860357676945001.
[I 2025-04-08 01:51:20,156] Trial 23 finished with value: 0.6838134048898097 and parameters: {'lambda_l1': 3.6808211819125936e-07, 'lambda_l2': 0.061691582285164415, 'num_leaves': 29, 'feature_fraction': 0.9427675367360246, 'bagging_fraction': 0.6069780045302626, 'bagging_freq': 3, 'min_child_samples': 77}. Best is trial 19 with value: 0.6860357676945001.
[I 2025-04-08 01:51:20,965] Trial 24 finished with value: 0.6838974556330516 and parameters: {'lambda_l1': 1.350399458097081e-08, 'lambda_l2': 3.2305201759466766, 'num_leaves': 11, 'feature_fraction': 0.894554705135337, 'bagging_fraction': 0.6976330362481239, 'bagging_freq': 1, 'min_child_samples': 54}. Best is trial 19 with value: 0.6860357676945001.
[I 2025-04-08 01:51:22,289] Trial 25 finished with value: 0.6850710205057103 and parameters: {'lambda_l1': 2.071391947935569e-06, 'lambda_l2': 0.0017199680208774735, 'num_leaves': 31, 'feature_fraction': 0.9564877639872388, 'bagging_fraction': 0.7820911284197322, 'bagging_freq': 3, 'min_child_samples': 113}. Best is trial 19 with value: 0.6860357676945001.
[I 2025-04-08 01:51:23,823] Trial 26 finished with value: 0.6842746559683408 and parameters: {'lambda_l1': 7.592352616698145e-07, 'lambda_l2': 91.90790256151124, 'num_leaves': 33, 'feature_fraction': 0.9769665614566264, 'bagging_fraction': 0.7918778336336473, 'bagging_freq': 5, 'min_child_samples': 117}. Best is trial 19 with value: 0.6860357676945001.
[I 2025-04-08 01:51:25,835] Trial 27 finished with value: 0.6750089709187591 and parameters: {'lambda_l1': 4.786969684047802e-06, 'lambda_l2': 0.004690990664110892, 'num_leaves': 60, 'feature_fraction': 0.5524014753089432, 'bagging_fraction': 0.8776748872317458, 'bagging_freq': 3, 'min_child_samples': 112}. Best is trial 19 with value: 0.6860357676945001.
[I 2025-04-08 01:51:27,270] Trial 28 finished with value: 0.6753867863023472 and parameters: {'lambda_l1': 2.966544796815374e-07, 'lambda_l2': 0.0004648567696480876, 'num_leaves': 43, 'feature_fraction': 0.7857206196505819, 'bagging_fraction': 0.826480639469566, 'bagging_freq': 6, 'min_child_samples': 95}. Best is trial 19 with value: 0.6860357676945001.
[I 2025-04-08 01:51:27,883] Trial 29 finished with value: 0.67853093077895 and parameters: {'lambda_l1': 1.1076862793188331e-07, 'lambda_l2': 7.900912339643103e-08, 'num_leaves': 10, 'feature_fraction': 0.6770665270777981, 'bagging_fraction': 0.7449869186207659, 'bagging_freq': 9, 'min_child_samples': 95}. Best is trial 19 with value: 0.6860357676945001.
[I 2025-04-08 01:51:29,925] Trial 30 finished with value: 0.6847776248943436 and parameters: {'lambda_l1': 0.00023231713299512653, 'lambda_l2': 3.743081593402529e-09, 'num_leaves': 39, 'feature_fraction': 0.8966691975712255, 'bagging_fraction': 0.8162967067029437, 'bagging_freq': 2, 'min_child_samples': 62}. Best is trial 19 with value: 0.6860357676945001.
[I 2025-04-08 01:51:31,099] Trial 31 finished with value: 0.6844841589917425 and parameters: {'lambda_l1': 0.0004822313982479338, 'lambda_l2': 1.7746923531495387e-09, 'num_leaves': 26, 'feature_fraction': 0.9006373262064012, 'bagging_fraction': 0.8381674496169228, 'bagging_freq': 2, 'min_child_samples': 62}. Best is trial 19 with value: 0.6860357676945001.
[I 2025-04-08 01:51:32,669] Trial 32 finished with value: 0.6859513479222791 and parameters: {'lambda_l1': 2.1727921754183997e-05, 'lambda_l2': 1.1548796529078358e-06, 'num_leaves': 40, 'feature_fraction': 0.9684707584512676, 'bagging_fraction': 0.8011914368550231, 'bagging_freq': 2, 'min_child_samples': 44}. Best is trial 19 with value: 0.6860357676945001.
[I 2025-04-08 01:51:34,831] Trial 33 finished with value: 0.68423256909189 and parameters: {'lambda_l1': 2.013601640827479e-05, 'lambda_l2': 6.146307033490737e-07, 'num_leaves': 53, 'feature_fraction': 0.9659916764114389, 'bagging_fraction': 0.6909532556189784, 'bagging_freq': 4, 'min_child_samples': 101}. Best is trial 19 with value: 0.6860357676945001.
[I 2025-04-08 01:51:36,506] Trial 34 finished with value: 0.6859094192011049 and parameters: {'lambda_l1': 2.0814996600577057e-06, 'lambda_l2': 6.310973917461971e-05, 'num_leaves': 42, 'feature_fraction': 0.9678524379232849, 'bagging_fraction': 0.9041814916501353, 'bagging_freq': 1, 'min_child_samples': 73}. Best is trial 19 with value: 0.6860357676945001.
[I 2025-04-08 01:51:38,350] Trial 35 finished with value: 0.6873346794104673 and parameters: {'lambda_l1': 3.7424512600782137e-06, 'lambda_l2': 7.960912760434108e-06, 'num_leaves': 47, 'feature_fraction': 0.9644325040769895, 'bagging_fraction': 0.9123317944793766, 'bagging_freq': 1, 'min_child_samples': 45}. Best is trial 35 with value: 0.6873346794104673.
[I 2025-04-08 01:51:40,889] Trial 36 finished with value: 0.686747765178074 and parameters: {'lambda_l1': 2.0594058948806997, 'lambda_l2': 2.4751475951487678e-05, 'num_leaves': 60, 'feature_fraction': 0.9961079340746167, 'bagging_fraction': 0.9122408560529546, 'bagging_freq': 1, 'min_child_samples': 47}. Best is trial 35 with value: 0.6873346794104673.
[I 2025-04-08 01:51:43,026] Trial 37 finished with value: 0.6755123967377838 and parameters: {'lambda_l1': 2.732660403297318, 'lambda_l2': 9.022658413010698e-06, 'num_leaves': 64, 'feature_fraction': 0.8220748024691366, 'bagging_fraction': 0.9168971238404742, 'bagging_freq': 1, 'min_child_samples': 42}. Best is trial 35 with value: 0.6873346794104673.
[I 2025-04-08 01:51:44,635] Trial 38 finished with value: 0.6615518547220772 and parameters: {'lambda_l1': 1.9016605161899058, 'lambda_l2': 1.0613437879759588e-06, 'num_leaves': 49, 'feature_fraction': 0.4113340841654359, 'bagging_fraction': 0.9592817044070854, 'bagging_freq': 4, 'min_child_samples': 43}. Best is trial 35 with value: 0.6873346794104673.
[I 2025-04-08 01:51:47,182] Trial 39 finished with value: 0.684651364264991 and parameters: {'lambda_l1': 0.008533865173182649, 'lambda_l2': 1.1572007664412474e-07, 'num_leaves': 80, 'feature_fraction': 0.993260324269017, 'bagging_fraction': 0.8959222499627348, 'bagging_freq': 2, 'min_child_samples': 23}. Best is trial 35 with value: 0.6873346794104673.
[I 2025-04-08 01:51:49,707] Trial 40 finished with value: 0.6869996538156717 and parameters: {'lambda_l1': 0.3660978384849862, 'lambda_l2': 1.9341479499928946e-06, 'num_leaves': 60, 'feature_fraction': 0.8773488693213487, 'bagging_fraction': 0.9697090733632632, 'bagging_freq': 5, 'min_child_samples': 29}. Best is trial 35 with value: 0.6873346794104673.
[I 2025-04-08 01:51:51,500] Trial 41 finished with value: 0.688005784968571 and parameters: {'lambda_l1': 0.3852574847455017, 'lambda_l2': 2.142984248386603e-06, 'num_leaves': 60, 'feature_fraction': 0.8763161110908692, 'bagging_fraction': 0.9740224064146125, 'bagging_freq': 7, 'min_child_samples': 30}. Best is trial 41 with value: 0.688005784968571.
[I 2025-04-08 01:51:53,523] Trial 42 finished with value: 0.6865383675915235 and parameters: {'lambda_l1': 0.5342302804636874, 'lambda_l2': 5.264598920817554e-05, 'num_leaves': 66, 'feature_fraction': 0.8789152074323157, 'bagging_fraction': 0.9762356376221003, 'bagging_freq': 7, 'min_child_samples': 28}. Best is trial 41 with value: 0.688005784968571.
[I 2025-04-08 01:51:55,485] Trial 43 finished with value: 0.6779019472429142 and parameters: {'lambda_l1': 0.5052795472724518, 'lambda_l2': 4.160055230088554e-05, 'num_leaves': 66, 'feature_fraction': 0.7583807397716631, 'bagging_fraction': 0.9725492547533482, 'bagging_freq': 8, 'min_child_samples': 28}. Best is trial 41 with value: 0.688005784968571.
[I 2025-04-08 01:51:57,456] Trial 44 finished with value: 0.6858675256255482 and parameters: {'lambda_l1': 15.490686741864808, 'lambda_l2': 3.4015404027663986e-06, 'num_leaves': 55, 'feature_fraction': 0.8730857402313102, 'bagging_fraction': 0.9277473774336146, 'bagging_freq': 7, 'min_child_samples': 12}. Best is trial 41 with value: 0.688005784968571.
[I 2025-04-08 01:52:00,150] Trial 45 finished with value: 0.6782373418666892 and parameters: {'lambda_l1': 0.09830706578062406, 'lambda_l2': 1.790969893149838e-05, 'num_leaves': 67, 'feature_fraction': 0.8319095720419892, 'bagging_fraction': 0.9950386252424122, 'bagging_freq': 7, 'min_child_samples': 33}. Best is trial 41 with value: 0.688005784968571.
[I 2025-04-08 01:52:01,890] Trial 46 finished with value: 0.6835203255889966 and parameters: {'lambda_l1': 0.5891882001841174, 'lambda_l2': 0.00019466574137356362, 'num_leaves': 58, 'feature_fraction': 0.87665137138689, 'bagging_fraction': 0.94209312055224, 'bagging_freq': 6, 'min_child_samples': 26}. Best is trial 41 with value: 0.688005784968571.
