[I 2025-04-08 20:42:53,727] Trial 74 finished with value: 0.8196452225684066 and parameters: {'max_depth': 8, 'learning_rate': 0.04472046393469827, 'n_estimators': 230, 'gamma': 0.06665254168324179, 'min_child_weight': 5, 'subsample': 0.9606599947834951, 'colsample_bytree': 0.9827363090046941}. Best is trial 74 with value: 0.8196452225684066.
[I 2025-04-08 20:42:55,925] Trial 75 finished with value: 0.820064492207338 and parameters: {'max_depth': 8, 'learning_rate': 0.07108373128151316, 'n_estimators': 212, 'gamma': 0.15251764828270153, 'min_child_weight': 5, 'subsample': 0.9607301044694283, 'colsample_bytree': 0.9810288965154194}. Best is trial 75 with value: 0.820064492207338.
[I 2025-04-08 20:42:58,226] Trial 76 finished with value: 0.8175909612502 and parameters: {'max_depth': 10, 'learning_rate': 0.06656347157233206, 'n_estimators': 229, 'gamma': 0.15387246316064118, 'min_child_weight': 5, 'subsample': 0.9553330496359546, 'colsample_bytree': 0.979058760746148}. Best is trial 75 with value: 0.820064492207338.
[I 2025-04-08 20:43:01,045] Trial 77 finished with value: 0.8052234294741689 and parameters: {'max_depth': 12, 'learning_rate': 0.17479933231291336, 'n_estimators': 270, 'gamma': 0.07664100089191642, 'min_child_weight': 5, 'subsample': 0.9816835643334252, 'colsample_bytree': 0.955325773371872}. Best is trial 75 with value: 0.820064492207338.
[I 2025-04-08 20:43:02,195] Trial 78 finished with value: 0.8061461776505506 and parameters: {'max_depth': 5, 'learning_rate': 0.5382691420257628, 'n_estimators': 209, 'gamma': 0.11372599526222082, 'min_child_weight': 5, 'subsample': 0.9648535726993285, 'colsample_bytree': 0.9843686549461367}. Best is trial 75 with value: 0.820064492207338.
[I 2025-04-08 20:43:04,069] Trial 79 finished with value: 0.8186388805418048 and parameters: {'max_depth': 7, 'learning_rate': 0.10548867666358105, 'n_estimators': 239, 'gamma': 0.05879043391705125, 'min_child_weight': 5, 'subsample': 0.9991332126194536, 'colsample_bytree': 0.9668803462513662}. Best is trial 75 with value: 0.820064492207338.
[I 2025-04-08 20:43:06,728] Trial 80 finished with value: 0.8194774901109021 and parameters: {'max_depth': 6, 'learning_rate': 0.04131741342624738, 'n_estimators': 290, 'gamma': 0.2353986004920477, 'min_child_weight': 5, 'subsample': 0.8972465839876239, 'colsample_bytree': 0.9238526937379808}. Best is trial 75 with value: 0.820064492207338.
[I 2025-04-08 20:43:08,643] Trial 81 finished with value: 0.8193936502413625 and parameters: {'max_depth': 6, 'learning_rate': 0.054761535444386486, 'n_estimators': 292, 'gamma': 0.23196166204195315, 'min_child_weight': 5, 'subsample': 0.9113370091064091, 'colsample_bytree': 0.9543393030853133}. Best is trial 75 with value: 0.820064492207338.
[I 2025-04-08 20:43:09,954] Trial 82 finished with value: 0.8173394064959645 and parameters: {'max_depth': 4, 'learning_rate': 0.05844347074867913, 'n_estimators': 291, 'gamma': 0.22831519034900455, 'min_child_weight': 5, 'subsample': 0.9163843133959737, 'colsample_bytree': 0.947644308370741}. Best is trial 75 with value: 0.820064492207338.
[I 2025-04-08 20:43:11,680] Trial 83 finished with value: 0.8187226676929187 and parameters: {'max_depth': 6, 'learning_rate': 0.09029447240459572, 'n_estimators': 283, 'gamma': 0.24128430269695322, 'min_child_weight': 5, 'subsample': 0.9504507442811733, 'colsample_bytree': 0.9238435818867377}. Best is trial 75 with value: 0.820064492207338.
[I 2025-04-08 20:43:13,408] Trial 84 finished with value: 0.8130634852854086 and parameters: {'max_depth': 5, 'learning_rate': 0.01942954972865939, 'n_estimators': 298, 'gamma': 0.2530035433324427, 'min_child_weight': 5, 'subsample': 0.8608802473600362, 'colsample_bytree': 0.9323032482976656}. Best is trial 75 with value: 0.820064492207338.
[I 2025-04-08 20:43:16,185] Trial 85 finished with value: 0.8196032235559982 and parameters: {'max_depth': 8, 'learning_rate': 0.03643712039492425, 'n_estimators': 270, 'gamma': 0.1845545103632169, 'min_child_weight': 5, 'subsample': 0.8311552949667478, 'colsample_bytree': 0.9124350648774804}. Best is trial 75 with value: 0.820064492207338.
[I 2025-04-08 20:43:17,867] Trial 86 finished with value: 0.809331916964965 and parameters: {'max_depth': 6, 'learning_rate': 0.24960117078704153, 'n_estimators': 273, 'gamma': 0.22014348172388357, 'min_child_weight': 5, 'subsample': 0.874417878170836, 'colsample_bytree': 0.9142559182954387}. Best is trial 75 with value: 0.820064492207338.
[I 2025-04-08 20:43:19,055] Trial 87 finished with value: 0.8103804337320604 and parameters: {'max_depth': 3, 'learning_rate': 0.03933413660979357, 'n_estimators': 289, 'gamma': 0.17955974851714623, 'min_child_weight': 5, 'subsample': 0.7678107393407957, 'colsample_bytree': 0.9656885504444612}. Best is trial 75 with value: 0.820064492207338.
[I 2025-04-08 20:43:21,307] Trial 88 finished with value: 0.811344319853232 and parameters: {'max_depth': 8, 'learning_rate': 0.14469546589768864, 'n_estimators': 269, 'gamma': 0.15634717605938417, 'min_child_weight': 5, 'subsample': 0.8270721072560445, 'colsample_bytree': 0.9069378433901607}. Best is trial 75 with value: 0.820064492207338.
[I 2025-04-08 20:43:23,350] Trial 89 finished with value: 0.8186810201366814 and parameters: {'max_depth': 7, 'learning_rate': 0.06533914885484476, 'n_estimators': 291, 'gamma': 0.2852241026172714, 'min_child_weight': 6, 'subsample': 0.9105511668970525, 'colsample_bytree': 0.8682291515077744}. Best is trial 75 with value: 0.820064492207338.
[I 2025-04-08 20:43:24,941] Trial 90 finished with value: 0.8193097927990145 and parameters: {'max_depth': 5, 'learning_rate': 0.049774974629018, 'n_estimators': 278, 'gamma': 0.20928648290346252, 'min_child_weight': 5, 'subsample': 0.8016871844254354, 'colsample_bytree': 0.9895147001997053}. Best is trial 75 with value: 0.820064492207338.
[I 2025-04-08 20:43:27,024] Trial 91 finished with value: 0.8175492082571113 and parameters: {'max_depth': 5, 'learning_rate': 0.03394198509245285, 'n_estimators': 278, 'gamma': 0.2137585539659127, 'min_child_weight': 5, 'subsample': 0.8289147440794422, 'colsample_bytree': 0.9756861971934195}. Best is trial 75 with value: 0.820064492207338.
[I 2025-04-08 20:43:28,280] Trial 92 finished with value: 0.8161655428855606 and parameters: {'max_depth': 4, 'learning_rate': 0.04848798136647106, 'n_estimators': 256, 'gamma': 0.18445727367247575, 'min_child_weight': 5, 'subsample': 0.7924833287191324, 'colsample_bytree': 0.9958181510162791}. Best is trial 75 with value: 0.820064492207338.
[I 2025-04-08 20:43:30,328] Trial 93 finished with value: 0.8160397918676556 and parameters: {'max_depth': 7, 'learning_rate': 0.11598278612387677, 'n_estimators': 275, 'gamma': 0.26853169468557614, 'min_child_weight': 5, 'subsample': 0.7583896245859957, 'colsample_bytree': 0.9575009507248946}. Best is trial 75 with value: 0.820064492207338.
[I 2025-04-08 20:43:33,280] Trial 94 finished with value: 0.816878471727987 and parameters: {'max_depth': 8, 'learning_rate': 0.013297144245843254, 'n_estimators': 300, 'gamma': 0.24371598252641763, 'min_child_weight': 5, 'subsample': 0.8965412128360134, 'colsample_bytree': 0.6877553835515693}. Best is trial 75 with value: 0.820064492207338.
[I 2025-04-08 20:43:35,694] Trial 95 finished with value: 0.8191000613291018 and parameters: {'max_depth': 8, 'learning_rate': 0.024499780958655397, 'n_estimators': 267, 'gamma': 0.2103815188106498, 'min_child_weight': 5, 'subsample': 0.7982649947044022, 'colsample_bytree': 0.942081690009428}. Best is trial 75 with value: 0.820064492207338.
[I 2025-04-08 20:43:38,084] Trial 96 finished with value: 0.6377394866279713 and parameters: {'max_depth': 6, 'learning_rate': 1.1250774566375146e-05, 'n_estimators': 248, 'gamma': 0.1408381277684315, 'min_child_weight': 6, 'subsample': 0.9732483813011246, 'colsample_bytree': 0.9874595618933962}. Best is trial 75 with value: 0.820064492207338.
[I 2025-04-08 20:43:39,287] Trial 97 finished with value: 0.8160814745695101 and parameters: {'max_depth': 3, 'learning_rate': 0.08990232225916453, 'n_estimators': 285, 'gamma': 0.163935838913582, 'min_child_weight': 4, 'subsample': 0.7772575578659612, 'colsample_bytree': 0.972594362814092}. Best is trial 75 with value: 0.820064492207338.
[I 2025-04-08 20:43:40,893] Trial 98 finished with value: 0.8197708505766517 and parameters: {'max_depth': 5, 'learning_rate': 0.060119524449496455, 'n_estimators': 287, 'gamma': 0.225346661609228, 'min_child_weight': 6, 'subsample': 0.7504257330433797, 'colsample_bytree': 0.8892448129107309}. Best is trial 75 with value: 0.820064492207338.
[I 2025-04-08 20:43:42,443] Trial 99 finished with value: 0.81939356237732 and parameters: {'max_depth': 5, 'learning_rate': 0.06235143885476056, 'n_estimators': 280, 'gamma': 0.24774514186305593, 'min_child_weight': 5, 'subsample': 0.7341275309197479, 'colsample_bytree': 0.8892971712420903}. Best is trial 75 with value: 0.820064492207338.
[I 2025-04-08 20:43:43,714] Trial 100 finished with value: 0.818387378505995 and parameters: {'max_depth': 4, 'learning_rate': 0.07800421157940406, 'n_estimators': 264, 'gamma': 0.22795433750772975, 'min_child_weight': 5, 'subsample': 0.7128484557351249, 'colsample_bytree': 0.8777104026189193}. Best is trial 75 with value: 0.820064492207338.
[I 2025-04-08 20:43:45,354] Trial 101 finished with value: 0.8193935799501283 and parameters: {'max_depth': 5, 'learning_rate': 0.05377484077268692, 'n_estimators': 279, 'gamma': 0.27088762522906124, 'min_child_weight': 5, 'subsample': 0.7385977418069222, 'colsample_bytree': 0.917569595930612}. Best is trial 75 with value: 0.820064492207338.
[I 2025-04-08 20:43:48,045] Trial 102 finished with value: 0.8206513010028802 and parameters: {'max_depth': 6, 'learning_rate': 0.06156983006432359, 'n_estimators': 296, 'gamma': 0.25711209705610816, 'min_child_weight': 5, 'subsample': 0.756383929221339, 'colsample_bytree': 0.8937623988352038}. Best is trial 102 with value: 0.8206513010028802.
[I 2025-04-08 20:43:49,813] Trial 103 finished with value: 0.8193935272317028 and parameters: {'max_depth': 5, 'learning_rate': 0.0629592535899187, 'n_estimators': 294, 'gamma': 0.26586833470956894, 'min_child_weight': 5, 'subsample': 0.7405325375059765, 'colsample_bytree': 0.9006928995844606}. Best is trial 102 with value: 0.8206513010028802.
[I 2025-04-08 20:43:51,737] Trial 104 finished with value: 0.8189322410075546 and parameters: {'max_depth': 6, 'learning_rate': 0.03568128238217501, 'n_estimators': 289, 'gamma': 0.3082731240054461, 'min_child_weight': 5, 'subsample': 0.7176564619588858, 'colsample_bytree': 0.8899304309723862}. Best is trial 102 with value: 0.8206513010028802.
[I 2025-04-08 20:43:53,260] Trial 105 finished with value: 0.8181778930554018 and parameters: {'max_depth': 5, 'learning_rate': 0.10853733925700702, 'n_estimators': 285, 'gamma': 0.3518885811708144, 'min_child_weight': 4, 'subsample': 0.7481926227758096, 'colsample_bytree': 0.916437458247708}. Best is trial 102 with value: 0.8206513010028802.
[I 2025-04-08 20:43:58,981] Trial 106 finished with value: 0.7910539291921252 and parameters: {'max_depth': 24, 'learning_rate': 0.18943402750961943, 'n_estimators': 278, 'gamma': 0.2539598703209968, 'min_child_weight': 5, 'subsample': 0.7265665767669967, 'colsample_bytree': 0.8901593769890848}. Best is trial 102 with value: 0.8206513010028802.
[I 2025-04-08 20:44:01,204] Trial 107 finished with value: 0.8196872040080061 and parameters: {'max_depth': 7, 'learning_rate': 0.04512548963780871, 'n_estimators': 293, 'gamma': 0.28708475739650746, 'min_child_weight': 5, 'subsample': 0.703014785258827, 'colsample_bytree': 0.8646360417687757}. Best is trial 102 with value: 0.8206513010028802.
[I 2025-04-08 20:44:03,491] Trial 108 finished with value: 0.6377394866279713 and parameters: {'max_depth': 7, 'learning_rate': 0.0004446261972712576, 'n_estimators': 295, 'gamma': 0.2843575719628088, 'min_child_weight': 6, 'subsample': 0.695208034764409, 'colsample_bytree': 0.8709153022021872}. Best is trial 102 with value: 0.8206513010028802.
[I 2025-04-08 20:44:05,484] Trial 109 finished with value: 0.8196870282799209 and parameters: {'max_depth': 6, 'learning_rate': 0.045462599831757, 'n_estimators': 300, 'gamma': 0.3286411019645672, 'min_child_weight': 4, 'subsample': 0.6834204469994778, 'colsample_bytree': 0.8381991891815264}. Best is trial 102 with value: 0.8206513010028802.
[I 2025-04-08 20:44:07,331] Trial 110 finished with value: 0.8006120082029871 and parameters: {'max_depth': 6, 'learning_rate': 0.34727308211477054, 'n_estimators': 299, 'gamma': 0.3230259299161198, 'min_child_weight': 4, 'subsample': 0.6718072684245154, 'colsample_bytree': 0.8162970660248903}. Best is trial 102 with value: 0.8206513010028802.
[I 2025-04-08 20:44:10,402] Trial 111 finished with value: 0.8180939301762026 and parameters: {'max_depth': 9, 'learning_rate': 0.046248062789428356, 'n_estimators': 288, 'gamma': 0.3429546247067704, 'min_child_weight': 4, 'subsample': 0.6447523693161955, 'colsample_bytree': 0.8298339079253141}. Best is trial 102 with value: 0.8206513010028802.
[I 2025-04-08 20:44:12,563] Trial 112 finished with value: 0.8184293599455946 and parameters: {'max_depth': 6, 'learning_rate': 0.03207458198381501, 'n_estimators': 294, 'gamma': 0.3878850515873077, 'min_child_weight': 4, 'subsample': 0.6974396304612882, 'colsample_bytree': 0.8615412312999706}. Best is trial 102 with value: 0.8206513010028802.
[I 2025-04-08 20:44:14,808] Trial 113 finished with value: 0.8175910666870511 and parameters: {'max_depth': 7, 'learning_rate': 0.07378090106337298, 'n_estimators': 272, 'gamma': 0.30164056263268785, 'min_child_weight': 5, 'subsample': 0.6575819254733911, 'colsample_bytree': 0.7827124961709787}. Best is trial 102 with value: 0.8206513010028802.
[I 2025-04-08 20:44:16,276] Trial 114 finished with value: 0.8156205398015327 and parameters: {'max_depth': 4, 'learning_rate': 0.039444382179365835, 'n_estimators': 300, 'gamma': 0.28002159504845003, 'min_child_weight': 4, 'subsample': 0.6869805003887162, 'colsample_bytree': 0.7956617473949179}. Best is trial 102 with value: 0.8206513010028802.
[I 2025-04-08 20:44:17,325] Trial 115 finished with value: 0.8105898840370365 and parameters: {'max_depth': 3, 'learning_rate': 0.050645497521889904, 'n_estimators': 258, 'gamma': 0.37368756426059574, 'min_child_weight': 5, 'subsample': 0.7521591668679959, 'colsample_bytree': 0.9226351275971328}. Best is trial 102 with value: 0.8206513010028802.
[I 2025-04-08 20:44:20,768] Trial 116 finished with value: 0.8071101867813819 and parameters: {'max_depth': 9, 'learning_rate': 0.1369669165952661, 'n_estimators': 286, 'gamma': 0.3308469648699875, 'min_child_weight': 4, 'subsample': 0.7217743903799612, 'colsample_bytree': 0.8761194903675766}. Best is trial 102 with value: 0.8206513010028802.
[I 2025-04-08 20:44:23,042] Trial 117 finished with value: 0.8201900850699662 and parameters: {'max_depth': 7, 'learning_rate': 0.027438965752967677, 'n_estimators': 293, 'gamma': 0.23386645045097143, 'min_child_weight': 5, 'subsample': 0.7035944491496252, 'colsample_bytree': 0.8455613047432218}. Best is trial 102 with value: 0.8206513010028802.
[I 2025-04-08 20:44:25,405] Trial 118 finished with value: 0.8176330305538422 and parameters: {'max_depth': 7, 'learning_rate': 0.016156334723407977, 'n_estimators': 292, 'gamma': 0.23039817752159436, 'min_child_weight': 4, 'subsample': 0.7053278716368866, 'colsample_bytree': 0.8383746389590863}. Best is trial 102 with value: 0.8206513010028802.
[I 2025-04-08 20:44:27,960] Trial 119 finished with value: 0.8189323640172143 and parameters: {'max_depth': 8, 'learning_rate': 0.025569342594032523, 'n_estimators': 294, 'gamma': 0.1878255090108043, 'min_child_weight': 3, 'subsample': 0.6144131074664824, 'colsample_bytree': 0.8088732620716395}. Best is trial 102 with value: 0.8206513010028802.
[I 2025-04-08 20:44:31,609] Trial 120 finished with value: 0.8185132876791767 and parameters: {'max_depth': 10, 'learning_rate': 0.03101254594498286, 'n_estimators': 284, 'gamma': 0.29053292430335786, 'min_child_weight': 5, 'subsample': 0.677550333697288, 'colsample_bytree': 0.8523299274458094}. Best is trial 102 with value: 0.8206513010028802.
[I 2025-04-08 20:44:33,346] Trial 121 finished with value: 0.819770797858226 and parameters: {'max_depth': 6, 'learning_rate': 0.04116137742204024, 'n_estimators': 277, 'gamma': 0.260780020228412, 'min_child_weight': 5, 'subsample': 0.7746116668305896, 'colsample_bytree': 0.8625361427172795}. Best is trial 102 with value: 0.8206513010028802.
[I 2025-04-08 20:44:38,608] Trial 122 finished with value: 0.8021628964205947 and parameters: {'max_depth': 21, 'learning_rate': 0.08287541508225905, 'n_estimators': 267, 'gamma': 0.2414372650279365, 'min_child_weight': 5, 'subsample': 0.7830084917400655, 'colsample_bytree': 0.8595721758557077}. Best is trial 102 with value: 0.8206513010028802.
[I 2025-04-08 20:44:40,787] Trial 123 finished with value: 0.8184712535211516 and parameters: {'max_depth': 6, 'learning_rate': 0.0391046860540169, 'n_estimators': 274, 'gamma': 0.3053324639855726, 'min_child_weight': 5, 'subsample': 0.7096942765435104, 'colsample_bytree': 0.8427873309237506}. Best is trial 102 with value: 0.8206513010028802.
[I 2025-04-08 20:44:42,957] Trial 124 finished with value: 0.8183876596709314 and parameters: {'max_depth': 7, 'learning_rate': 0.021757202144224205, 'n_estimators': 289, 'gamma': 0.26150238463566167, 'min_child_weight': 5, 'subsample': 0.7629189826831797, 'colsample_bytree': 0.8266261874554677}. Best is trial 102 with value: 0.8206513010028802.
[I 2025-04-08 20:44:45,623] Trial 125 finished with value: 0.8133989502004179 and parameters: {'max_depth': 8, 'learning_rate': 0.09992042707500529, 'n_estimators': 300, 'gamma': 0.22923708942685345, 'min_child_weight': 5, 'subsample': 0.7752938334256765, 'colsample_bytree': 0.9006349505889958}. Best is trial 102 with value: 0.8206513010028802.
[I 2025-04-08 20:44:47,415] Trial 126 finished with value: 0.8198127090065916 and parameters: {'max_depth': 6, 'learning_rate': 0.06133023254187497, 'n_estimators': 282, 'gamma': 0.20740379159545813, 'min_child_weight': 5, 'subsample': 0.7491581726951372, 'colsample_bytree': 0.8687048104156155}. Best is trial 102 with value: 0.8206513010028802.
[I 2025-04-08 20:44:49,388] Trial 127 finished with value: 0.8180940883314796 and parameters: {'max_depth': 7, 'learning_rate': 0.06349850701471865, 'n_estimators': 281, 'gamma': 0.5161714909018189, 'min_child_weight': 6, 'subsample': 0.7510026164720489, 'colsample_bytree': 0.868101622697835}. Best is trial 102 with value: 0.8206513010028802.
[I 2025-04-08 20:44:52,309] Trial 128 finished with value: 0.8194777888486471 and parameters: {'max_depth': 9, 'learning_rate': 0.04250146645568515, 'n_estimators': 266, 'gamma': 0.2575248736264324, 'min_child_weight': 4, 'subsample': 0.7455535940256218, 'colsample_bytree': 0.8568821822182022}. Best is trial 102 with value: 0.8206513010028802.
[I 2025-04-08 20:44:54,888] Trial 129 finished with value: 0.8193517566658057 and parameters: {'max_depth': 9, 'learning_rate': 0.028000357863615915, 'n_estimators': 274, 'gamma': 0.21738170531280104, 'min_child_weight': 5, 'subsample': 0.7711226811361066, 'colsample_bytree': 0.8506518512326494}. Best is trial 102 with value: 0.8206513010028802.
[I 2025-04-08 20:44:57,102] Trial 130 finished with value: 0.8198127617250173 and parameters: {'max_depth': 8, 'learning_rate': 0.0387332524921492, 'n_estimators': 252, 'gamma': 0.2567517109340487, 'min_child_weight': 5, 'subsample': 0.7434881119718874, 'colsample_bytree': 0.8607533088873398}. Best is trial 102 with value: 0.8206513010028802.
[I 2025-04-08 20:44:59,339] Trial 131 finished with value: 0.8203159942431479 and parameters: {'max_depth': 8, 'learning_rate': 0.04336494247367068, 'n_estimators': 265, 'gamma': 0.20251048765586235, 'min_child_weight': 5, 'subsample': 0.7435978906310614, 'colsample_bytree': 0.8820281564733123}. Best is trial 102 with value: 0.8206513010028802.
[I 2025-04-08 20:45:02,088] Trial 132 finished with value: 0.8203997989670704 and parameters: {'max_depth': 8, 'learning_rate': 0.042816141476264655, 'n_estimators': 251, 'gamma': 0.2519330945558777, 'min_child_weight': 5, 'subsample': 0.7497711098389684, 'colsample_bytree': 0.8763112551169212}. Best is trial 102 with value: 0.8206513010028802.
[I 2025-04-08 20:45:04,282] Trial 133 finished with value: 0.817842902606223 and parameters: {'max_depth': 8, 'learning_rate': 0.07458498560862206, 'n_estimators': 251, 'gamma': 0.20015673875140924, 'min_child_weight': 5, 'subsample': 0.7288488082638741, 'colsample_bytree': 0.881264222358117}. Best is trial 102 with value: 0.8206513010028802.
[I 2025-04-08 20:45:06,266] Trial 134 finished with value: 0.8195615408541439 and parameters: {'max_depth': 7, 'learning_rate': 0.031984277723884375, 'n_estimators': 243, 'gamma': 0.21993909732895517, 'min_child_weight': 5, 'subsample': 0.7583413580200156, 'colsample_bytree': 0.8656363868574918}. Best is trial 102 with value: 0.8206513010028802.
[I 2025-04-08 20:45:08,297] Trial 135 finished with value: 0.8165012362470808 and parameters: {'max_depth': 7, 'learning_rate': 0.019569587418200064, 'n_estimators': 240, 'gamma': 0.22005737780157775, 'min_child_weight': 5, 'subsample': 0.7630933868030384, 'colsample_bytree': 0.8680980380604417}. Best is trial 102 with value: 0.8206513010028802.
[I 2025-04-08 20:45:10,170] Trial 136 finished with value: 0.8201062627732352 and parameters: {'max_depth': 7, 'learning_rate': 0.05660528467172371, 'n_estimators': 246, 'gamma': 0.1760741762448587, 'min_child_weight': 5, 'subsample': 0.7566343241605189, 'colsample_bytree': 0.8387714240901258}. Best is trial 102 with value: 0.8206513010028802.
