[I 2025-04-08 00:24:08,945] Trial 112 finished with value: 0.8182614341871961 and parameters: {'lambda_l1': 8.780925293743656e-07, 'lambda_l2': 52.285853868079535, 'num_leaves': 40, 'feature_fraction': 0.46375621167681785, 'bagging_fraction': 0.9521822982538322, 'bagging_freq': 15, 'min_child_samples': 105}. Best is trial 82 with value: 0.8210704476321519.
[I 2025-04-08 00:24:10,635] Trial 113 finished with value: 0.8197708330038432 and parameters: {'lambda_l1': 2.1783194271204026e-06, 'lambda_l2': 15.571372999511713, 'num_leaves': 45, 'feature_fraction': 0.4010800501261478, 'bagging_fraction': 0.9757926480111994, 'bagging_freq': 16, 'min_child_samples': 121}. Best is trial 82 with value: 0.8210704476321519.
[I 2025-04-08 00:24:12,110] Trial 114 finished with value: 0.8191420954871269 and parameters: {'lambda_l1': 1.4457579892683512e-07, 'lambda_l2': 0.0011895181112998613, 'num_leaves': 37, 'feature_fraction': 0.5669175471128471, 'bagging_fraction': 0.9831371026551362, 'bagging_freq': 15, 'min_child_samples': 109}. Best is trial 82 with value: 0.8210704476321519.
[I 2025-04-08 00:24:14,080] Trial 115 finished with value: 0.8194354032344512 and parameters: {'lambda_l1': 6.71258827002129e-07, 'lambda_l2': 29.12807061289319, 'num_leaves': 48, 'feature_fraction': 0.5917844896546829, 'bagging_fraction': 0.9477063877211208, 'bagging_freq': 14, 'min_child_samples': 114}. Best is trial 82 with value: 0.8210704476321519.
[I 2025-04-08 00:24:16,052] Trial 116 finished with value: 0.8193933866492346 and parameters: {'lambda_l1': 1.4563908535623224e-06, 'lambda_l2': 6.452857434334637, 'num_leaves': 35, 'feature_fraction': 0.48704958336041865, 'bagging_fraction': 0.9204009722013184, 'bagging_freq': 6, 'min_child_samples': 97}. Best is trial 82 with value: 0.8210704476321519.
[I 2025-04-08 00:24:17,959] Trial 117 finished with value: 0.8197288164186265 and parameters: {'lambda_l1': 3.37077032787952e-05, 'lambda_l2': 2.166138950478738, 'num_leaves': 43, 'feature_fraction': 0.5169604929053755, 'bagging_fraction': 0.9654123578830829, 'bagging_freq': 7, 'min_child_samples': 117}. Best is trial 82 with value: 0.8210704476321519.
[I 2025-04-08 00:24:19,479] Trial 118 finished with value: 0.8214058071103099 and parameters: {'lambda_l1': 8.544484129352365e-08, 'lambda_l2': 8.197247094826386, 'num_leaves': 30, 'feature_fraction': 0.6336882586494738, 'bagging_fraction': 0.9999987147736018, 'bagging_freq': 16, 'min_child_samples': 94}. Best is trial 118 with value: 0.8214058071103099.
[I 2025-04-08 00:24:21,001] Trial 119 finished with value: 0.819435596535345 and parameters: {'lambda_l1': 3.0856936252898835e-08, 'lambda_l2': 10.91624547063595, 'num_leaves': 28, 'feature_fraction': 0.6255200204524959, 'bagging_fraction': 0.9887233335086509, 'bagging_freq': 15, 'min_child_samples': 92}. Best is trial 118 with value: 0.8214058071103099.
[I 2025-04-08 00:24:22,261] Trial 120 finished with value: 0.8185552339731593 and parameters: {'lambda_l1': 7.184154044386307e-08, 'lambda_l2': 0.1507500294812147, 'num_leaves': 21, 'feature_fraction': 0.6354729114317114, 'bagging_fraction': 0.971982851488069, 'bagging_freq': 15, 'min_child_samples': 2}. Best is trial 118 with value: 0.8214058071103099.
[I 2025-04-08 00:24:23,879] Trial 121 finished with value: 0.8199384248788795 and parameters: {'lambda_l1': 2.631627439167781e-07, 'lambda_l2': 19.140825952520718, 'num_leaves': 31, 'feature_fraction': 0.5825822927186906, 'bagging_fraction': 0.9992194142766699, 'bagging_freq': 16, 'min_child_samples': 101}. Best is trial 118 with value: 0.8214058071103099.
[I 2025-04-08 00:24:25,439] Trial 122 finished with value: 0.8205254972665494 and parameters: {'lambda_l1': 1.2609122097952917e-07, 'lambda_l2': 4.184194296251069, 'num_leaves': 39, 'feature_fraction': 0.5729075280627618, 'bagging_fraction': 0.9461540986034201, 'bagging_freq': 16, 'min_child_samples': 96}. Best is trial 118 with value: 0.8214058071103099.
[I 2025-04-08 00:24:27,194] Trial 123 finished with value: 0.819645169849981 and parameters: {'lambda_l1': 1.830823690989559e-07, 'lambda_l2': 4.295204222469964, 'num_leaves': 25, 'feature_fraction': 0.5725128684426214, 'bagging_fraction': 0.987656786424769, 'bagging_freq': 16, 'min_child_samples': 94}. Best is trial 118 with value: 0.8214058071103099.
[I 2025-04-08 00:24:28,815] Trial 124 finished with value: 0.8196450995587468 and parameters: {'lambda_l1': 1.0475432478625919e-07, 'lambda_l2': 1.0996048444688824, 'num_leaves': 40, 'feature_fraction': 0.5508584117594818, 'bagging_fraction': 0.9307947893160549, 'bagging_freq': 9, 'min_child_samples': 96}. Best is trial 118 with value: 0.8214058071103099.
[I 2025-04-08 00:24:30,311] Trial 125 finished with value: 0.8205672854052553 and parameters: {'lambda_l1': 3.2013039777753464e-07, 'lambda_l2': 8.185578626352745, 'num_leaves': 34, 'feature_fraction': 0.6037091781188254, 'bagging_fraction': 0.9604662042455979, 'bagging_freq': 16, 'min_child_samples': 100}. Best is trial 118 with value: 0.8214058071103099.
[I 2025-04-08 00:24:31,776] Trial 126 finished with value: 0.8193096522165462 and parameters: {'lambda_l1': 3.712848166637325e-07, 'lambda_l2': 9.590782708791897, 'num_leaves': 34, 'feature_fraction': 0.6094337084602622, 'bagging_fraction': 0.9611942040358556, 'bagging_freq': 15, 'min_child_samples': 104}. Best is trial 118 with value: 0.8214058071103099.
[I 2025-04-08 00:24:33,242] Trial 127 finished with value: 0.8186810201366814 and parameters: {'lambda_l1': 6.174734341787623e-08, 'lambda_l2': 3.432845919693627, 'num_leaves': 31, 'feature_fraction': 0.6444795944353381, 'bagging_fraction': 0.9431616234359395, 'bagging_freq': 16, 'min_child_samples': 99}. Best is trial 118 with value: 0.8214058071103099.
[I 2025-04-08 00:24:34,564] Trial 128 finished with value: 0.820274065521974 and parameters: {'lambda_l1': 1.344448203622874e-07, 'lambda_l2': 37.3266005646868, 'num_leaves': 27, 'feature_fraction': 0.5971779206910061, 'bagging_fraction': 0.9784240897112546, 'bagging_freq': 16, 'min_child_samples': 90}. Best is trial 118 with value: 0.8214058071103099.
[I 2025-04-08 00:24:35,737] Trial 129 finished with value: 0.8154108786228541 and parameters: {'lambda_l1': 1.469733147325346e-07, 'lambda_l2': 64.9053805734478, 'num_leaves': 16, 'feature_fraction': 0.597014229951874, 'bagging_fraction': 0.9743213454537546, 'bagging_freq': 16, 'min_child_samples': 92}. Best is trial 118 with value: 0.8214058071103099.
[I 2025-04-08 00:24:37,710] Trial 130 finished with value: 0.8198129725987198 and parameters: {'lambda_l1': 3.895206172232095e-08, 'lambda_l2': 7.383974475125654, 'num_leaves': 27, 'feature_fraction': 0.6268791577540826, 'bagging_fraction': 0.8838651527646979, 'bagging_freq': 16, 'min_child_samples': 90}. Best is trial 118 with value: 0.8214058071103099.
[I 2025-04-08 00:24:39,467] Trial 131 finished with value: 0.8192677586409893 and parameters: {'lambda_l1': 2.036321717338187e-08, 'lambda_l2': 51.57089362714937, 'num_leaves': 37, 'feature_fraction': 0.5752314822014307, 'bagging_fraction': 0.9823361226004187, 'bagging_freq': 15, 'min_child_samples': 101}. Best is trial 118 with value: 0.8214058071103099.
[I 2025-04-08 00:24:41,414] Trial 132 finished with value: 0.8203156779325942 and parameters: {'lambda_l1': 4.293107911899548e-07, 'lambda_l2': 29.799273687763844, 'num_leaves': 29, 'feature_fraction': 0.5955403549886681, 'bagging_fraction': 0.9998403313521042, 'bagging_freq': 16, 'min_child_samples': 96}. Best is trial 118 with value: 0.8214058071103099.
[I 2025-04-08 00:24:43,510] Trial 133 finished with value: 0.819645011694704 and parameters: {'lambda_l1': 1.1611137928115497e-06, 'lambda_l2': 36.71930018357574, 'num_leaves': 24, 'feature_fraction': 0.6162278679738118, 'bagging_fraction': 0.963327522503703, 'bagging_freq': 16, 'min_child_samples': 95}. Best is trial 118 with value: 0.8214058071103099.
[I 2025-04-08 00:24:45,102] Trial 134 finished with value: 0.8203158536606796 and parameters: {'lambda_l1': 2.856248718789396e-06, 'lambda_l2': 34.645868029875665, 'num_leaves': 30, 'feature_fraction': 0.5941633173978631, 'bagging_fraction': 0.9745560435347438, 'bagging_freq': 16, 'min_child_samples': 98}. Best is trial 118 with value: 0.8214058071103099.
[I 2025-04-08 00:24:46,634] Trial 135 finished with value: 0.8198966015945567 and parameters: {'lambda_l1': 4.27799768955883e-06, 'lambda_l2': 35.14824232760467, 'num_leaves': 29, 'feature_fraction': 0.5963371481645894, 'bagging_fraction': 0.9773854316469802, 'bagging_freq': 15, 'min_child_samples': 101}. Best is trial 118 with value: 0.8214058071103099.
[I 2025-04-08 00:24:48,747] Trial 136 finished with value: 0.8180518608725602 and parameters: {'lambda_l1': 3.1910372889403482e-06, 'lambda_l2': 84.41291004298756, 'num_leaves': 34, 'feature_fraction': 0.6510522646482007, 'bagging_fraction': 0.990498072738276, 'bagging_freq': 16, 'min_child_samples': 97}. Best is trial 118 with value: 0.8214058071103099.
[I 2025-04-08 00:24:49,943] Trial 137 finished with value: 0.8200225459133555 and parameters: {'lambda_l1': 1.4446541960677693e-05, 'lambda_l2': 5.51701947117579, 'num_leaves': 19, 'feature_fraction': 0.6043933808350591, 'bagging_fraction': 0.9616537284477803, 'bagging_freq': 15, 'min_child_samples': 110}. Best is trial 118 with value: 0.8214058071103099.
[I 2025-04-08 00:24:51,260] Trial 138 finished with value: 0.8196868701246439 and parameters: {'lambda_l1': 4.6652795411103853e-07, 'lambda_l2': 14.870348123156372, 'num_leaves': 26, 'feature_fraction': 0.563328314773097, 'bagging_fraction': 0.9359943840510152, 'bagging_freq': 16, 'min_child_samples': 99}. Best is trial 118 with value: 0.8214058071103099.
[I 2025-04-08 00:24:52,422] Trial 139 finished with value: 0.8189324518812571 and parameters: {'lambda_l1': 7.1485976532140345e-06, 'lambda_l2': 2.4601044799776286, 'num_leaves': 22, 'feature_fraction': 0.5901383142124829, 'bagging_fraction': 0.9130862313636351, 'bagging_freq': 16, 'min_child_samples': 94}. Best is trial 118 with value: 0.8214058071103099.
[I 2025-04-08 00:24:53,833] Trial 140 finished with value: 0.8167942804022766 and parameters: {'lambda_l1': 2.2364847841466464e-07, 'lambda_l2': 29.876096210468024, 'num_leaves': 33, 'feature_fraction': 0.6143554635924215, 'bagging_fraction': 0.45703367727801436, 'bagging_freq': 15, 'min_child_samples': 90}. Best is trial 118 with value: 0.8214058071103099.
[I 2025-04-08 00:24:55,397] Trial 141 finished with value: 0.8197289921467119 and parameters: {'lambda_l1': 9.752880313575533e-08, 'lambda_l2': 17.985079637739865, 'num_leaves': 31, 'feature_fraction': 0.5554686448022105, 'bagging_fraction': 0.9496420481616213, 'bagging_freq': 16, 'min_child_samples': 106}. Best is trial 118 with value: 0.8214058071103099.
[I 2025-04-08 00:24:56,873] Trial 142 finished with value: 0.8209869240731662 and parameters: {'lambda_l1': 2.080201908494223e-06, 'lambda_l2': 8.05629037999721, 'num_leaves': 28, 'feature_fraction': 0.5882945888408504, 'bagging_fraction': 0.9721859333126828, 'bagging_freq': 16, 'min_child_samples': 15}. Best is trial 118 with value: 0.8214058071103099.
[I 2025-04-08 00:24:59,135] Trial 143 finished with value: 0.8202320840823744 and parameters: {'lambda_l1': 2.3137292448099496e-06, 'lambda_l2': 8.336105945062592, 'num_leaves': 27, 'feature_fraction': 0.637319088456025, 'bagging_fraction': 0.9731760750870252, 'bagging_freq': 16, 'min_child_samples': 103}. Best is trial 118 with value: 0.8214058071103099.
[I 2025-04-08 00:25:00,991] Trial 144 finished with value: 0.8202740655219738 and parameters: {'lambda_l1': 1.299071564255398e-06, 'lambda_l2': 4.4198940082307665, 'num_leaves': 38, 'feature_fraction': 0.5891213086609095, 'bagging_fraction': 0.9869807523179445, 'bagging_freq': 15, 'min_child_samples': 8}. Best is trial 118 with value: 0.8214058071103099.
[I 2025-04-08 00:25:02,581] Trial 145 finished with value: 0.8184710777930662 and parameters: {'lambda_l1': 7.444675354176321e-07, 'lambda_l2': 9.838981371007398, 'num_leaves': 29, 'feature_fraction': 0.6058256657045982, 'bagging_fraction': 0.9988650268503236, 'bagging_freq': 16, 'min_child_samples': 15}. Best is trial 118 with value: 0.8214058071103099.
[I 2025-04-08 00:25:04,602] Trial 146 finished with value: 0.8197288867098607 and parameters: {'lambda_l1': 5.226037523932222e-07, 'lambda_l2': 53.0357849358449, 'num_leaves': 44, 'feature_fraction': 0.5739183194901089, 'bagging_fraction': 0.9647466030387178, 'bagging_freq': 8, 'min_child_samples': 98}. Best is trial 118 with value: 0.8214058071103099.
[I 2025-04-08 00:25:06,272] Trial 147 finished with value: 0.8195611718251646 and parameters: {'lambda_l1': 1.8628483682722227e-06, 'lambda_l2': 30.962570105029677, 'num_leaves': 36, 'feature_fraction': 0.6188168059541641, 'bagging_fraction': 0.9767846565666647, 'bagging_freq': 16, 'min_child_samples': 88}. Best is trial 118 with value: 0.8214058071103099.
[I 2025-04-08 00:25:08,526] Trial 148 finished with value: 0.8205677422982773 and parameters: {'lambda_l1': 2.6363416069996065e-07, 'lambda_l2': 1.4425534782860379, 'num_leaves': 47, 'feature_fraction': 0.7108928926185613, 'bagging_fraction': 0.9245649276192912, 'bagging_freq': 15, 'min_child_samples': 21}. Best is trial 118 with value: 0.8214058071103099.
[I 2025-04-08 00:25:10,358] Trial 149 finished with value: 0.818764860006221 and parameters: {'lambda_l1': 3.34304470365279e-07, 'lambda_l2': 2.55897086477184, 'num_leaves': 48, 'feature_fraction': 0.7261258583027698, 'bagging_fraction': 0.9288755202011053, 'bagging_freq': 14, 'min_child_samples': 24}. Best is trial 118 with value: 0.8214058071103099.
[I 2025-04-08 00:25:11,999] Trial 150 finished with value: 0.818806823873012 and parameters: {'lambda_l1': 7.452812880555127e-07, 'lambda_l2': 1.1874503333125157, 'num_leaves': 42, 'feature_fraction': 0.5401706547463462, 'bagging_fraction': 0.9539429724936843, 'bagging_freq': 15, 'min_child_samples': 12}. Best is trial 118 with value: 0.8214058071103099.
[I 2025-04-08 00:25:13,788] Trial 151 finished with value: 0.8196869755614952 and parameters: {'lambda_l1': 1.9777549702740505e-07, 'lambda_l2': 6.079113574721193, 'num_leaves': 39, 'feature_fraction': 0.6814812979628464, 'bagging_fraction': 0.9405536088155669, 'bagging_freq': 15, 'min_child_samples': 16}. Best is trial 118 with value: 0.8214058071103099.
[I 2025-04-08 00:25:15,582] Trial 152 finished with value: 0.8197289042826691 and parameters: {'lambda_l1': 5.574763939580269e-06, 'lambda_l2': 15.902159662935219, 'num_leaves': 45, 'feature_fraction': 0.7052419551317916, 'bagging_fraction': 0.9865012050411215, 'bagging_freq': 16, 'min_child_samples': 33}. Best is trial 118 with value: 0.8214058071103099.
[I 2025-04-08 00:25:17,119] Trial 153 finished with value: 0.8199807050562242 and parameters: {'lambda_l1': 6.812900765207648e-08, 'lambda_l2': 12.09470891197282, 'num_leaves': 35, 'feature_fraction': 0.5852792713678913, 'bagging_fraction': 0.9656259810299932, 'bagging_freq': 16, 'min_child_samples': 95}. Best is trial 118 with value: 0.8214058071103099.
[I 2025-04-08 00:25:19,337] Trial 154 finished with value: 0.8176748011197394 and parameters: {'lambda_l1': 2.618444729039473e-07, 'lambda_l2': 99.1018549414744, 'num_leaves': 41, 'feature_fraction': 0.5996190036154073, 'bagging_fraction': 0.9768931843316366, 'bagging_freq': 15, 'min_child_samples': 17}. Best is trial 118 with value: 0.8214058071103099.
[I 2025-04-08 00:25:20,538] Trial 155 finished with value: 0.8194354032344512 and parameters: {'lambda_l1': 1.1514079613250426e-06, 'lambda_l2': 1.7939388290203424, 'num_leaves': 24, 'feature_fraction': 0.6654358010076235, 'bagging_fraction': 0.9567846737119459, 'bagging_freq': 14, 'min_child_samples': 103}. Best is trial 118 with value: 0.8214058071103099.
[I 2025-04-08 00:25:21,867] Trial 156 finished with value: 0.8202321895192256 and parameters: {'lambda_l1': 1.376874910124988e-07, 'lambda_l2': 3.817105812557826, 'num_leaves': 29, 'feature_fraction': 0.5666328598735564, 'bagging_fraction': 0.9904944415943445, 'bagging_freq': 16, 'min_child_samples': 108}. Best is trial 118 with value: 0.8214058071103099.
[I 2025-04-08 00:25:23,468] Trial 157 finished with value: 0.8196870107071123 and parameters: {'lambda_l1': 4.864147214928591e-07, 'lambda_l2': 7.473729552386619, 'num_leaves': 32, 'feature_fraction': 0.5803648623326374, 'bagging_fraction': 0.9238321175349679, 'bagging_freq': 16, 'min_child_samples': 92}. Best is trial 118 with value: 0.8214058071103099.
[I 2025-04-08 00:25:25,395] Trial 158 finished with value: 0.8196449414034699 and parameters: {'lambda_l1': 9.93751329787701e-06, 'lambda_l2': 25.521292587953308, 'num_leaves': 49, 'feature_fraction': 0.7059685074595824, 'bagging_fraction': 0.9983390087759695, 'bagging_freq': 7, 'min_child_samples': 98}. Best is trial 118 with value: 0.8214058071103099.
[I 2025-04-08 00:25:27,092] Trial 159 finished with value: 0.8213637202338591 and parameters: {'lambda_l1': 2.6844046716360326e-05, 'lambda_l2': 14.064999497432396, 'num_leaves': 46, 'feature_fraction': 0.6274349522189124, 'bagging_fraction': 0.6496634637331615, 'bagging_freq': 15, 'min_child_samples': 101}. Best is trial 118 with value: 0.8214058071103099.
[I 2025-04-08 00:25:29,023] Trial 160 finished with value: 0.8199383897332624 and parameters: {'lambda_l1': 2.051672648513082e-05, 'lambda_l2': 13.54366099408014, 'num_leaves': 52, 'feature_fraction': 0.6325072149430472, 'bagging_fraction': 0.6447389080819679, 'bagging_freq': 15, 'min_child_samples': 105}. Best is trial 118 with value: 0.8214058071103099.
[I 2025-04-08 00:25:31,171] Trial 161 finished with value: 0.8187227379841527 and parameters: {'lambda_l1': 2.7832845479278704e-06, 'lambda_l2': 40.005243595501504, 'num_leaves': 46, 'feature_fraction': 0.7462211072129341, 'bagging_fraction': 0.6580217029008741, 'bagging_freq': 15, 'min_child_samples': 19}. Best is trial 118 with value: 0.8214058071103099.
[I 2025-04-08 00:25:34,016] Trial 162 finished with value: 0.816500463043505 and parameters: {'lambda_l1': 9.251929912932574e-07, 'lambda_l2': 0.5278226736075328, 'num_leaves': 98, 'feature_fraction': 0.6081220265696815, 'bagging_fraction': 0.6046945491452297, 'bagging_freq': 14, 'min_child_samples': 100}. Best is trial 118 with value: 0.8214058071103099.
[I 2025-04-08 00:25:35,527] Trial 163 finished with value: 0.8201481212031749 and parameters: {'lambda_l1': 3.2966930964417173e-07, 'lambda_l2': 5.864950512740653, 'num_leaves': 38, 'feature_fraction': 0.5945010323252204, 'bagging_fraction': 0.6308092803654989, 'bagging_freq': 16, 'min_child_samples': 96}. Best is trial 118 with value: 0.8214058071103099.
[I 2025-04-08 00:25:37,105] Trial 164 finished with value: 0.8193515282192946 and parameters: {'lambda_l1': 1.7554847362469201e-06, 'lambda_l2': 24.795744047208416, 'num_leaves': 43, 'feature_fraction': 0.6208674321840328, 'bagging_fraction': 0.6925853402982108, 'bagging_freq': 15, 'min_child_samples': 103}. Best is trial 118 with value: 0.8214058071103099.
[I 2025-04-08 00:25:38,429] Trial 165 finished with value: 0.8211544105113513 and parameters: {'lambda_l1': 3.353547904510382e-05, 'lambda_l2': 10.036123926011587, 'num_leaves': 34, 'feature_fraction': 0.5611326544906166, 'bagging_fraction': 0.5626697575243286, 'bagging_freq': 16, 'min_child_samples': 101}. Best is trial 118 with value: 0.8214058071103099.
[I 2025-04-08 00:25:40,209] Trial 166 finished with value: 0.8194353505160255 and parameters: {'lambda_l1': 0.0002070483705890859, 'lambda_l2': 3.4637425944057694, 'num_leaves': 35, 'feature_fraction': 0.5676165828050589, 'bagging_fraction': 0.5651242632966363, 'bagging_freq': 16, 'min_child_samples': 113}. Best is trial 118 with value: 0.8214058071103099.
[I 2025-04-08 00:25:41,810] Trial 167 finished with value: 0.820735246309271 and parameters: {'lambda_l1': 4.8791014871730056e-05, 'lambda_l2': 7.844131952194231, 'num_leaves': 40, 'feature_fraction': 0.5601012579526132, 'bagging_fraction': 0.9657381114464221, 'bagging_freq': 14, 'min_child_samples': 100}. Best is trial 118 with value: 0.8214058071103099.
[I 2025-04-08 00:25:43,530] Trial 168 finished with value: 0.8180094401127471 and parameters: {'lambda_l1': 5.7021942376725356e-05, 'lambda_l2': 0.059423261390171185, 'num_leaves': 41, 'feature_fraction': 0.5558040101153446, 'bagging_fraction': 0.5781838077808907, 'bagging_freq': 14, 'min_child_samples': 101}. Best is trial 118 with value: 0.8214058071103099.
[I 2025-04-08 00:25:45,199] Trial 169 finished with value: 0.8188901189854867 and parameters: {'lambda_l1': 5.9415096996744214e-05, 'lambda_l2': 6.875732416659542, 'num_leaves': 47, 'feature_fraction': 0.5469778685241091, 'bagging_fraction': 0.5109953344883753, 'bagging_freq': 15, 'min_child_samples': 108}. Best is trial 118 with value: 0.8214058071103099.
[I 2025-04-08 00:25:48,454] Trial 170 finished with value: 0.8187644206860073 and parameters: {'lambda_l1': 4.1117571556115065e-05, 'lambda_l2': 11.161994819276027, 'num_leaves': 44, 'feature_fraction': 0.528522453040162, 'bagging_fraction': 0.45007656420519093, 'bagging_freq': 8, 'min_child_samples': 106}. Best is trial 118 with value: 0.8214058071103099.
[I 2025-04-08 00:25:53,033] Trial 171 finished with value: 0.818345414639204 and parameters: {'lambda_l1': 5.822103118874406e-06, 'lambda_l2': 17.329465994014317, 'num_leaves': 33, 'feature_fraction': 0.5757590319623058, 'bagging_fraction': 0.4869696334988909, 'bagging_freq': 16, 'min_child_samples': 99}. Best is trial 118 with value: 0.8214058071103099.
[I 2025-04-08 00:25:54,721] Trial 172 finished with value: 0.8195191025215223 and parameters: {'lambda_l1': 1.8556577425691093e-05, 'lambda_l2': 9.140424912032929, 'num_leaves': 39, 'feature_fraction': 0.5870514263276854, 'bagging_fraction': 0.5263157782055147, 'bagging_freq': 15, 'min_child_samples': 102}. Best is trial 118 with value: 0.8214058071103099.
