[I 2025-04-08 02:05:20,935] Trial 194 finished with value: 0.6684693205122123 and parameters: {'lambda_l1': 4.761294360239936e-07, 'lambda_l2': 1.4684577716632998, 'num_leaves': 30, 'feature_fraction': 0.7787922729229745, 'bagging_fraction': 0.9603629067864133, 'bagging_freq': 5, 'min_child_samples': 14}. Best is trial 192 with value: 0.6699368433261108.
[I 2025-04-08 02:05:22,177] Trial 195 finished with value: 0.6676727099555232 and parameters: {'lambda_l1': 7.64512834936094e-07, 'lambda_l2': 1.558243654853433, 'num_leaves': 30, 'feature_fraction': 0.7770544217899457, 'bagging_fraction': 0.9577478022262567, 'bagging_freq': 5, 'min_child_samples': 14}. Best is trial 192 with value: 0.6699368433261108.
[I 2025-04-08 02:05:23,591] Trial 196 finished with value: 0.6671276365802611 and parameters: {'lambda_l1': 3.4778409092215087e-07, 'lambda_l2': 3.415024175924095, 'num_leaves': 35, 'feature_fraction': 0.7886799836706282, 'bagging_fraction': 0.9205753625696415, 'bagging_freq': 5, 'min_child_samples': 10}. Best is trial 192 with value: 0.6699368433261108.
[I 2025-04-08 02:05:24,861] Trial 197 finished with value: 0.6670855321310017 and parameters: {'lambda_l1': 1.892977638652911e-07, 'lambda_l2': 0.6537715240623551, 'num_leaves': 31, 'feature_fraction': 0.802748941334492, 'bagging_fraction': 0.9487968099703378, 'bagging_freq': 5, 'min_child_samples': 17}. Best is trial 192 with value: 0.6699368433261108.
[I 2025-04-08 02:05:26,083] Trial 198 finished with value: 0.6501907704094992 and parameters: {'lambda_l1': 1.70547843446778e-06, 'lambda_l2': 1.9982843394570624, 'num_leaves': 26, 'feature_fraction': 0.5001955344221418, 'bagging_fraction': 0.7221530477746761, 'bagging_freq': 4, 'min_child_samples': 8}. Best is trial 192 with value: 0.6699368433261108.
[I 2025-04-08 02:05:29,636] Trial 199 finished with value: 0.6581140686147883 and parameters: {'lambda_l1': 4.047840332583053e-06, 'lambda_l2': 0.2229012530576527, 'num_leaves': 106, 'feature_fraction': 0.7671847594868088, 'bagging_fraction': 0.933211336338021, 'bagging_freq': 10, 'min_child_samples': 15}. Best is trial 192 with value: 0.6699368433261108.
[I 2025-04-08 02:05:30,416] Trial 200 finished with value: 0.6654088577498721 and parameters: {'lambda_l1': 7.440280569073904e-07, 'lambda_l2': 0.07935259798175107, 'num_leaves': 16, 'feature_fraction': 0.8967018600439061, 'bagging_fraction': 0.8844498238635647, 'bagging_freq': 4, 'min_child_samples': 12}. Best is trial 192 with value: 0.6699368433261108.
[I 2025-04-08 02:05:31,257] Trial 201 finished with value: 0.666624491926173 and parameters: {'lambda_l1': 4.936620195681303e-07, 'lambda_l2': 0.965781221783853, 'num_leaves': 20, 'feature_fraction': 0.818185132173917, 'bagging_fraction': 0.9676919851718119, 'bagging_freq': 4, 'min_child_samples': 10}. Best is trial 192 with value: 0.6699368433261108.
[I 2025-04-08 02:05:32,183] Trial 202 finished with value: 0.6678821602604993 and parameters: {'lambda_l1': 0.00035060692971615264, 'lambda_l2': 1.313240136398836, 'num_leaves': 23, 'feature_fraction': 0.9667816389650365, 'bagging_fraction': 0.9854896252266587, 'bagging_freq': 5, 'min_child_samples': 12}. Best is trial 192 with value: 0.6699368433261108.
[I 2025-04-08 02:05:33,223] Trial 203 finished with value: 0.6676306055062637 and parameters: {'lambda_l1': 0.0007580579946722934, 'lambda_l2': 0.6088710795955784, 'num_leaves': 28, 'feature_fraction': 0.830537071118712, 'bagging_fraction': 0.9622373431702607, 'bagging_freq': 3, 'min_child_samples': 7}. Best is trial 192 with value: 0.6699368433261108.
[I 2025-04-08 02:05:34,201] Trial 204 finished with value: 0.6677146035310801 and parameters: {'lambda_l1': 6.64835281378112e-06, 'lambda_l2': 1.8077734770871807, 'num_leaves': 25, 'feature_fraction': 0.9538776932706226, 'bagging_fraction': 0.9440517897853363, 'bagging_freq': 5, 'min_child_samples': 18}. Best is trial 192 with value: 0.6699368433261108.
[I 2025-04-08 02:05:35,096] Trial 205 finished with value: 0.6670856902862786 and parameters: {'lambda_l1': 1.1511575643564737e-06, 'lambda_l2': 0.7533128300385369, 'num_leaves': 20, 'feature_fraction': 0.9353622892549441, 'bagging_fraction': 0.9725187555805924, 'bagging_freq': 4, 'min_child_samples': 14}. Best is trial 192 with value: 0.6699368433261108.
[I 2025-04-08 02:05:36,311] Trial 206 finished with value: 0.667672604518672 and parameters: {'lambda_l1': 0.0005533589366275045, 'lambda_l2': 4.197649232613242, 'num_leaves': 33, 'feature_fraction': 0.9755545605313042, 'bagging_fraction': 0.9130649121051605, 'bagging_freq': 3, 'min_child_samples': 9}. Best is trial 192 with value: 0.6699368433261108.
[I 2025-04-08 02:05:37,269] Trial 207 finished with value: 0.6694334702255118 and parameters: {'lambda_l1': 2.8830208070928e-07, 'lambda_l2': 0.2882665539778824, 'num_leaves': 23, 'feature_fraction': 0.9467172173660507, 'bagging_fraction': 0.9860073549920308, 'bagging_freq': 5, 'min_child_samples': 5}. Best is trial 192 with value: 0.6699368433261108.
[I 2025-04-08 02:05:38,967] Trial 208 finished with value: 0.6662053804425184 and parameters: {'lambda_l1': 2.255997837902839e-07, 'lambda_l2': 0.1279677270787159, 'num_leaves': 29, 'feature_fraction': 0.9251194747986823, 'bagging_fraction': 0.9869681625427918, 'bagging_freq': 5, 'min_child_samples': 4}. Best is trial 192 with value: 0.6699368433261108.
[I 2025-04-08 02:05:40,025] Trial 209 finished with value: 0.6670432343808484 and parameters: {'lambda_l1': 0.03237221424997573, 'lambda_l2': 0.319694031423554, 'num_leaves': 24, 'feature_fraction': 0.9115140543858274, 'bagging_fraction': 0.9259991742965935, 'bagging_freq': 5, 'min_child_samples': 6}. Best is trial 192 with value: 0.6699368433261108.
[I 2025-04-08 02:05:40,726] Trial 210 finished with value: 0.6656604125041077 and parameters: {'lambda_l1': 2.2561729483590038e-07, 'lambda_l2': 0.41867870892165393, 'num_leaves': 13, 'feature_fraction': 0.9456359050705166, 'bagging_fraction': 0.9541917694242016, 'bagging_freq': 6, 'min_child_samples': 79}. Best is trial 192 with value: 0.6699368433261108.
[I 2025-04-08 02:05:41,652] Trial 211 finished with value: 0.667714533239846 and parameters: {'lambda_l1': 1.0327461277362437e-07, 'lambda_l2': 0.9916658428383184, 'num_leaves': 22, 'feature_fraction': 0.9619923907867933, 'bagging_fraction': 0.977223509979583, 'bagging_freq': 4, 'min_child_samples': 8}. Best is trial 192 with value: 0.6699368433261108.
[I 2025-04-08 02:05:42,544] Trial 212 finished with value: 0.6664987409082681 and parameters: {'lambda_l1': 0.0011002642419226198, 'lambda_l2': 2.426612387124932, 'num_leaves': 18, 'feature_fraction': 0.8362671835857677, 'bagging_fraction': 0.9923146856440367, 'bagging_freq': 4, 'min_child_samples': 12}. Best is trial 192 with value: 0.6699368433261108.
[I 2025-04-08 02:05:43,611] Trial 213 finished with value: 0.6667501902256525 and parameters: {'lambda_l1': 6.137694709616533e-07, 'lambda_l2': 0.20297324178620565, 'num_leaves': 26, 'feature_fraction': 0.9800068547362139, 'bagging_fraction': 0.9647813249321581, 'bagging_freq': 3, 'min_child_samples': 10}. Best is trial 192 with value: 0.6699368433261108.
[I 2025-04-08 02:05:44,683] Trial 214 finished with value: 0.6678401612480911 and parameters: {'lambda_l1': 0.00022521922299281204, 'lambda_l2': 0.5070179000815551, 'num_leaves': 21, 'feature_fraction': 0.9549343492839995, 'bagging_fraction': 0.9520418058240098, 'bagging_freq': 5, 'min_child_samples': 2}. Best is trial 192 with value: 0.6699368433261108.
[I 2025-04-08 02:05:45,849] Trial 215 finished with value: 0.6680498224267698 and parameters: {'lambda_l1': 3.4839046438446157e-05, 'lambda_l2': 7.882910092977164, 'num_leaves': 24, 'feature_fraction': 0.9387918572218804, 'bagging_fraction': 0.9812635356340574, 'bagging_freq': 6, 'min_child_samples': 15}. Best is trial 192 with value: 0.6699368433261108.
[I 2025-04-08 02:05:51,541] Trial 216 finished with value: 0.667001973426399 and parameters: {'lambda_l1': 3.181886669804528e-05, 'lambda_l2': 8.23181147630895, 'num_leaves': 30, 'feature_fraction': 0.9392349256661909, 'bagging_fraction': 0.9981490500701955, 'bagging_freq': 6, 'min_child_samples': 15}. Best is trial 192 with value: 0.6699368433261108.
[I 2025-04-08 02:05:52,813] Trial 217 finished with value: 0.6672113534401409 and parameters: {'lambda_l1': 1.1176997502792152e-05, 'lambda_l2': 10.455361237618659, 'num_leaves': 27, 'feature_fraction': 0.9224055625959487, 'bagging_fraction': 0.9882793238636629, 'bagging_freq': 5, 'min_child_samples': 48}. Best is trial 192 with value: 0.6699368433261108.
[I 2025-04-08 02:05:53,879] Trial 218 finished with value: 0.6674629433399935 and parameters: {'lambda_l1': 2.814166302909319e-07, 'lambda_l2': 6.414372702501696, 'num_leaves': 24, 'feature_fraction': 0.9347389147139512, 'bagging_fraction': 0.9391130917097037, 'bagging_freq': 5, 'min_child_samples': 19}. Best is trial 192 with value: 0.6699368433261108.
[I 2025-04-08 02:05:54,683] Trial 219 finished with value: 0.6673372801861311 and parameters: {'lambda_l1': 0.00012166153109199864, 'lambda_l2': 3.8810933108668855, 'num_leaves': 16, 'feature_fraction': 0.9908793708167225, 'bagging_fraction': 0.9802511319246123, 'bagging_freq': 4, 'min_child_samples': 6}. Best is trial 192 with value: 0.6699368433261108.
[I 2025-04-08 02:05:55,622] Trial 220 finished with value: 0.6680921728953486 and parameters: {'lambda_l1': 3.1452279641645164e-05, 'lambda_l2': 13.678924026518882, 'num_leaves': 20, 'feature_fraction': 0.951976579355955, 'bagging_fraction': 0.8998868463295542, 'bagging_freq': 4, 'min_child_samples': 16}. Best is trial 192 with value: 0.6699368433261108.
[I 2025-04-08 02:05:56,549] Trial 221 finished with value: 0.6664150240483885 and parameters: {'lambda_l1': 2.0934782424430164e-05, 'lambda_l2': 27.220401075968255, 'num_leaves': 19, 'feature_fraction': 0.9446664010938445, 'bagging_fraction': 0.9019261165194224, 'bagging_freq': 4, 'min_child_samples': 17}. Best is trial 192 with value: 0.6699368433261108.
[I 2025-04-08 02:05:57,485] Trial 222 finished with value: 0.6676307460887322 and parameters: {'lambda_l1': 3.2015899284402374e-05, 'lambda_l2': 16.038644463369437, 'num_leaves': 21, 'feature_fraction': 0.9571472958323798, 'bagging_fraction': 0.9187694419436563, 'bagging_freq': 4, 'min_child_samples': 14}. Best is trial 192 with value: 0.6699368433261108.
[I 2025-04-08 02:05:58,498] Trial 223 finished with value: 0.6677564619610201 and parameters: {'lambda_l1': 8.352221488102307e-05, 'lambda_l2': 12.074810506789943, 'num_leaves': 24, 'feature_fraction': 0.9689527557940125, 'bagging_fraction': 0.9320284211605501, 'bagging_freq': 7, 'min_child_samples': 9}. Best is trial 192 with value: 0.6699368433261108.
[I 2025-04-08 02:06:00,295] Trial 224 finished with value: 0.6676727451011404 and parameters: {'lambda_l1': 4.20687940637674e-05, 'lambda_l2': 32.30067019888446, 'num_leaves': 28, 'feature_fraction': 0.9477055828061626, 'bagging_fraction': 0.9617260523894211, 'bagging_freq': 5, 'min_child_samples': 12}. Best is trial 192 with value: 0.6699368433261108.
[I 2025-04-08 02:06:01,255] Trial 225 finished with value: 0.6651991614255766 and parameters: {'lambda_l1': 1.422578245829864e-05, 'lambda_l2': 2.6739621894781807, 'num_leaves': 18, 'feature_fraction': 0.9281500924418344, 'bagging_fraction': 0.8949056613402878, 'bagging_freq': 4, 'min_child_samples': 112}. Best is trial 192 with value: 0.6699368433261108.
[I 2025-04-08 02:06:02,355] Trial 226 finished with value: 0.6523288364516282 and parameters: {'lambda_l1': 8.460319329995032e-05, 'lambda_l2': 6.9513687812295135, 'num_leaves': 22, 'feature_fraction': 0.6848637215970024, 'bagging_fraction': 0.910749458384154, 'bagging_freq': 5, 'min_child_samples': 16}. Best is trial 192 with value: 0.6699368433261108.
[I 2025-04-08 02:06:03,569] Trial 227 finished with value: 0.6676306406518808 and parameters: {'lambda_l1': 1.978596894704148e-05, 'lambda_l2': 18.47629698970606, 'num_leaves': 26, 'feature_fraction': 0.8119608151053778, 'bagging_fraction': 0.9465964846069274, 'bagging_freq': 4, 'min_child_samples': 20}. Best is trial 192 with value: 0.6699368433261108.
[I 2025-04-08 02:06:04,890] Trial 228 finished with value: 0.6671698464663718 and parameters: {'lambda_l1': 0.0004281119968224055, 'lambda_l2': 1.3914777881695384, 'num_leaves': 32, 'feature_fraction': 0.9996972592888829, 'bagging_fraction': 0.9765495267169799, 'bagging_freq': 6, 'min_child_samples': 8}. Best is trial 192 with value: 0.6699368433261108.
[I 2025-04-08 02:06:05,908] Trial 229 finished with value: 0.6518258850984341 and parameters: {'lambda_l1': 0.00017247050446677134, 'lambda_l2': 0.24650840681696726, 'num_leaves': 20, 'feature_fraction': 0.6257063677434822, 'bagging_fraction': 0.923142735137491, 'bagging_freq': 5, 'min_child_samples': 5}. Best is trial 192 with value: 0.6699368433261108.
[I 2025-04-08 02:06:06,862] Trial 230 finished with value: 0.6675889403772179 and parameters: {'lambda_l1': 1.1671301958191956e-06, 'lambda_l2': 4.053470979981114, 'num_leaves': 16, 'feature_fraction': 0.9603898199773244, 'bagging_fraction': 0.9629280974183129, 'bagging_freq': 4, 'min_child_samples': 13}. Best is trial 192 with value: 0.6699368433261108.
[I 2025-04-08 02:06:07,948] Trial 231 finished with value: 0.6676724815090123 and parameters: {'lambda_l1': 0.000947328765183499, 'lambda_l2': 0.9704551887316849, 'num_leaves': 23, 'feature_fraction': 0.9741985000800981, 'bagging_fraction': 0.9715892416477162, 'bagging_freq': 3, 'min_child_samples': 11}. Best is trial 192 with value: 0.6699368433261108.
[I 2025-04-08 02:06:09,253] Trial 232 finished with value: 0.6672115467410348 and parameters: {'lambda_l1': 0.0018097398920244292, 'lambda_l2': 0.5992026121858359, 'num_leaves': 25, 'feature_fraction': 0.9842300537137992, 'bagging_fraction': 0.9997317239454411, 'bagging_freq': 3, 'min_child_samples': 14}. Best is trial 192 with value: 0.6699368433261108.
[I 2025-04-08 02:06:11,064] Trial 233 finished with value: 0.6682594660326397 and parameters: {'lambda_l1': 0.0004951809483662358, 'lambda_l2': 1.7009448523530737, 'num_leaves': 30, 'feature_fraction': 0.9711856810669389, 'bagging_fraction': 0.9553080768718983, 'bagging_freq': 4, 'min_child_samples': 11}. Best is trial 192 with value: 0.6699368433261108.
[I 2025-04-08 02:06:12,442] Trial 234 finished with value: 0.6672117048963118 and parameters: {'lambda_l1': 0.000377703882520341, 'lambda_l2': 1.4832122122534412, 'num_leaves': 29, 'feature_fraction': 0.9656123180965785, 'bagging_fraction': 0.9377275066145233, 'bagging_freq': 4, 'min_child_samples': 10}. Best is trial 192 with value: 0.6699368433261108.
[I 2025-04-08 02:06:14,090] Trial 235 finished with value: 0.6687626282595364 and parameters: {'lambda_l1': 0.0006096412561321802, 'lambda_l2': 2.68751708746624, 'num_leaves': 35, 'feature_fraction': 0.9409165564464433, 'bagging_fraction': 0.9485464189035907, 'bagging_freq': 5, 'min_child_samples': 7}. Best is trial 192 with value: 0.6699368433261108.
[I 2025-04-08 02:06:15,480] Trial 236 finished with value: 0.6677982852453428 and parameters: {'lambda_l1': 0.0002871872018133407, 'lambda_l2': 2.395571813513442, 'num_leaves': 36, 'feature_fraction': 0.9506482046290231, 'bagging_fraction': 0.9556087176350602, 'bagging_freq': 4, 'min_child_samples': 17}. Best is trial 192 with value: 0.6699368433261108.
[I 2025-04-08 02:06:16,986] Trial 237 finished with value: 0.6678822656973507 and parameters: {'lambda_l1': 0.007068742240834119, 'lambda_l2': 0.33827403176922965, 'num_leaves': 34, 'feature_fraction': 0.9826164135554726, 'bagging_fraction': 0.9322606814110403, 'bagging_freq': 4, 'min_child_samples': 4}. Best is trial 192 with value: 0.6699368433261108.
[I 2025-04-08 02:06:18,375] Trial 238 finished with value: 0.6682174318746146 and parameters: {'lambda_l1': 4.087891340614188e-05, 'lambda_l2': 1.834288707604897, 'num_leaves': 33, 'feature_fraction': 0.9685556155284264, 'bagging_fraction': 0.9058119719987725, 'bagging_freq': 4, 'min_child_samples': 10}. Best is trial 192 with value: 0.6699368433261108.
[I 2025-04-08 02:06:19,971] Trial 239 finished with value: 0.668091698429518 and parameters: {'lambda_l1': 0.0005144322804231185, 'lambda_l2': 1.5886190241814435, 'num_leaves': 38, 'feature_fraction': 0.9695504993457726, 'bagging_fraction': 0.9040177390347752, 'bagging_freq': 4, 'min_child_samples': 8}. Best is trial 192 with value: 0.6699368433261108.
[I 2025-04-08 02:06:21,959] Trial 240 finished with value: 0.6687206292471283 and parameters: {'lambda_l1': 0.0005243697281490669, 'lambda_l2': 1.6819642760029951, 'num_leaves': 39, 'feature_fraction': 0.9676454300686289, 'bagging_fraction': 0.8997966915898443, 'bagging_freq': 4, 'min_child_samples': 8}. Best is trial 192 with value: 0.6699368433261108.
[I 2025-04-08 02:06:23,277] Trial 241 finished with value: 0.6684273039269956 and parameters: {'lambda_l1': 0.0005472360605796149, 'lambda_l2': 1.7201131351927321, 'num_leaves': 39, 'feature_fraction': 0.9664290776520663, 'bagging_fraction': 0.8859915516191272, 'bagging_freq': 4, 'min_child_samples': 8}. Best is trial 192 with value: 0.6699368433261108.
[I 2025-04-08 02:06:24,702] Trial 242 finished with value: 0.6660794536965282 and parameters: {'lambda_l1': 0.0009579635845709299, 'lambda_l2': 2.4939164449413616, 'num_leaves': 43, 'feature_fraction': 0.959663365712017, 'bagging_fraction': 0.8717700089696155, 'bagging_freq': 4, 'min_child_samples': 10}. Best is trial 192 with value: 0.6699368433261108.
[I 2025-04-08 02:06:26,211] Trial 243 finished with value: 0.6661631529835992 and parameters: {'lambda_l1': 0.00020117545309199431, 'lambda_l2': 1.06145510721338, 'num_leaves': 40, 'feature_fraction': 0.9536057983394235, 'bagging_fraction': 0.884499979565316, 'bagging_freq': 4, 'min_child_samples': 6}. Best is trial 192 with value: 0.6699368433261108.
[I 2025-04-08 02:06:27,712] Trial 244 finished with value: 0.6690143235962401 and parameters: {'lambda_l1': 0.001513778891197927, 'lambda_l2': 1.8615916865170377, 'num_leaves': 39, 'feature_fraction': 0.9795968471246805, 'bagging_fraction': 0.8856435023559464, 'bagging_freq': 4, 'min_child_samples': 8}. Best is trial 192 with value: 0.6699368433261108.
[I 2025-04-08 02:06:29,005] Trial 245 finished with value: 0.6675890633868777 and parameters: {'lambda_l1': 0.0016989932111838757, 'lambda_l2': 0.7719476087011844, 'num_leaves': 38, 'feature_fraction': 0.9708118760344796, 'bagging_fraction': 0.8955562040286211, 'bagging_freq': 5, 'min_child_samples': 7}. Best is trial 192 with value: 0.6699368433261108.
[I 2025-04-08 02:06:30,551] Trial 246 finished with value: 0.6683432180381366 and parameters: {'lambda_l1': 0.00039137667157473975, 'lambda_l2': 1.3468493819534741, 'num_leaves': 37, 'feature_fraction': 0.9628815133680942, 'bagging_fraction': 0.8960190334359757, 'bagging_freq': 4, 'min_child_samples': 4}. Best is trial 192 with value: 0.6699368433261108.
[I 2025-04-08 02:06:32,576] Trial 247 finished with value: 0.6651573557140622 and parameters: {'lambda_l1': 0.0005714851679071942, 'lambda_l2': 1.4709504470262524, 'num_leaves': 40, 'feature_fraction': 0.9745193685355016, 'bagging_fraction': 0.8789214875947693, 'bagging_freq': 3, 'min_child_samples': 4}. Best is trial 192 with value: 0.6699368433261108.
[I 2025-04-08 02:06:33,959] Trial 248 finished with value: 0.6680077882687445 and parameters: {'lambda_l1': 0.00028485197841491595, 'lambda_l2': 2.079951574506189, 'num_leaves': 37, 'feature_fraction': 0.9637064389979871, 'bagging_fraction': 0.8609169373557936, 'bagging_freq': 4, 'min_child_samples': 2}. Best is trial 192 with value: 0.6699368433261108.
[I 2025-04-08 02:06:35,328] Trial 249 finished with value: 0.6641927666805493 and parameters: {'lambda_l1': 0.016802168246287975, 'lambda_l2': 0.7031818026642909, 'num_leaves': 42, 'feature_fraction': 0.9772835342542978, 'bagging_fraction': 0.8857953416438086, 'bagging_freq': 5, 'min_child_samples': 6}. Best is trial 192 with value: 0.6699368433261108.
[I 2025-04-08 02:06:36,539] Trial 250 finished with value: 0.6685949660932659 and parameters: {'lambda_l1': 0.00039316641526222513, 'lambda_l2': 1.1806181583342017, 'num_leaves': 35, 'feature_fraction': 0.9600700904280138, 'bagging_fraction': 0.912355881977566, 'bagging_freq': 4, 'min_child_samples': 9}. Best is trial 192 with value: 0.6699368433261108.
[I 2025-04-08 02:06:37,799] Trial 251 finished with value: 0.6680501738829405 and parameters: {'lambda_l1': 0.0005725501806329219, 'lambda_l2': 1.1894380941652378, 'num_leaves': 37, 'feature_fraction': 0.793207114396667, 'bagging_fraction': 0.9099380402554906, 'bagging_freq': 4, 'min_child_samples': 8}. Best is trial 192 with value: 0.6699368433261108.
[I 2025-04-08 02:06:39,233] Trial 252 finished with value: 0.66754681835515 and parameters: {'lambda_l1': 0.0012308534245146616, 'lambda_l2': 3.187738296525873, 'num_leaves': 34, 'feature_fraction': 0.9433608114521839, 'bagging_fraction': 0.8890906641602927, 'bagging_freq': 5, 'min_child_samples': 5}. Best is trial 192 with value: 0.6699368433261108.
[I 2025-04-08 02:06:40,561] Trial 253 finished with value: 0.6683433937662219 and parameters: {'lambda_l1': 0.00037318797072958474, 'lambda_l2': 1.5708545267285543, 'num_leaves': 34, 'feature_fraction': 0.9591754400543204, 'bagging_fraction': 0.9122739751825697, 'bagging_freq': 3, 'min_child_samples': 9}. Best is trial 192 with value: 0.6699368433261108.
[I 2025-04-08 02:06:42,467] Trial 254 finished with value: 0.6687628391332388 and parameters: {'lambda_l1': 0.0003364086211254009, 'lambda_l2': 1.9676236681154748, 'num_leaves': 35, 'feature_fraction': 0.9559164600038612, 'bagging_fraction': 0.9066522901530241, 'bagging_freq': 5, 'min_child_samples': 8}. Best is trial 192 with value: 0.6699368433261108.
