[I 2025-04-08 01:14:41,696] Trial 151 finished with value: 0.8190164323332647 and parameters: {'lambda_l1': 0.0003273576941128667, 'lambda_l2': 0.00021732897160515994, 'num_leaves': 29, 'feature_fraction': 0.4102359509027556, 'bagging_fraction': 0.8726804623360422, 'bagging_freq': 14, 'min_child_samples': 124}. Best is trial 97 with value: 0.8196452401412151.
[I 2025-04-08 01:14:42,891] Trial 152 finished with value: 0.8193098806630573 and parameters: {'lambda_l1': 0.00023696579998738922, 'lambda_l2': 0.0001850733487744157, 'num_leaves': 29, 'feature_fraction': 0.40799714866626746, 'bagging_fraction': 0.8705692861755019, 'bagging_freq': 14, 'min_child_samples': 123}. Best is trial 97 with value: 0.8196452401412151.
[I 2025-04-08 01:14:44,044] Trial 153 finished with value: 0.8180940004674365 and parameters: {'lambda_l1': 0.00020166912299570273, 'lambda_l2': 0.00020142669493523777, 'num_leaves': 27, 'feature_fraction': 0.4112268012177542, 'bagging_fraction': 0.8716411927232152, 'bagging_freq': 14, 'min_child_samples': 122}. Best is trial 97 with value: 0.8196452401412151.
[I 2025-04-08 01:14:45,291] Trial 154 finished with value: 0.8185553394100106 and parameters: {'lambda_l1': 0.0005597921923534998, 'lambda_l2': 2.7205164759360717e-05, 'num_leaves': 30, 'feature_fraction': 0.40179596845427756, 'bagging_fraction': 0.8442305654150545, 'bagging_freq': 14, 'min_child_samples': 128}. Best is trial 97 with value: 0.8196452401412151.
[I 2025-04-08 01:14:46,894] Trial 155 finished with value: 0.8180521068918798 and parameters: {'lambda_l1': 0.000250746768611476, 'lambda_l2': 0.0002787448129652894, 'num_leaves': 22, 'feature_fraction': 0.41920276066836154, 'bagging_fraction': 0.8605102046339848, 'bagging_freq': 15, 'min_child_samples': 123}. Best is trial 97 with value: 0.8196452401412151.
[I 2025-04-08 01:14:48,387] Trial 156 finished with value: 0.8179680034302124 and parameters: {'lambda_l1': 0.0008829919015586013, 'lambda_l2': 9.503217392277932e-05, 'num_leaves': 33, 'feature_fraction': 0.4254652893037738, 'bagging_fraction': 0.8244371475815548, 'bagging_freq': 13, 'min_child_samples': 125}. Best is trial 97 with value: 0.8196452401412151.
[I 2025-04-08 01:14:49,916] Trial 157 finished with value: 0.8187229664306639 and parameters: {'lambda_l1': 0.0019057453066970177, 'lambda_l2': 0.00043149564997430187, 'num_leaves': 29, 'feature_fraction': 0.41194148491796745, 'bagging_fraction': 0.8340055810731231, 'bagging_freq': 14, 'min_child_samples': 100}. Best is trial 97 with value: 0.8196452401412151.
[I 2025-04-08 01:14:51,331] Trial 158 finished with value: 0.8166686875396486 and parameters: {'lambda_l1': 0.00011243343142655817, 'lambda_l2': 0.0001705649342962015, 'num_leaves': 25, 'feature_fraction': 0.44577642248657273, 'bagging_fraction': 0.8777144692540871, 'bagging_freq': 12, 'min_child_samples': 119}. Best is trial 97 with value: 0.8196452401412151.
[I 2025-04-08 01:14:53,414] Trial 159 finished with value: 0.819561312407633 and parameters: {'lambda_l1': 0.00571119907571716, 'lambda_l2': 4.690142865147029e-09, 'num_leaves': 42, 'feature_fraction': 0.4004974914637009, 'bagging_fraction': 0.8507578190100502, 'bagging_freq': 13, 'min_child_samples': 109}. Best is trial 97 with value: 0.8196452401412151.
[I 2025-04-08 01:14:55,310] Trial 160 finished with value: 0.8175489270921746 and parameters: {'lambda_l1': 0.0035440256873909195, 'lambda_l2': 5.3722650332609065e-05, 'num_leaves': 44, 'feature_fraction': 0.4080692555637948, 'bagging_fraction': 0.7859720656474509, 'bagging_freq': 15, 'min_child_samples': 109}. Best is trial 97 with value: 0.8196452401412151.
[I 2025-04-08 01:14:57,471] Trial 161 finished with value: 0.8194356141081535 and parameters: {'lambda_l1': 0.0060883185146416935, 'lambda_l2': 2.5435899857643665e-07, 'num_leaves': 41, 'feature_fraction': 0.4337615715520695, 'bagging_fraction': 0.8509121908097617, 'bagging_freq': 13, 'min_child_samples': 105}. Best is trial 97 with value: 0.8196452401412151.
[I 2025-04-08 01:14:59,141] Trial 162 finished with value: 0.8180103011803656 and parameters: {'lambda_l1': 0.005290655685075144, 'lambda_l2': 1.687056723919433e-08, 'num_leaves': 41, 'feature_fraction': 0.4358711050816453, 'bagging_fraction': 0.8509433857193897, 'bagging_freq': 13, 'min_child_samples': 106}. Best is trial 97 with value: 0.8196452401412151.
[I 2025-04-08 01:15:01,006] Trial 163 finished with value: 0.818177770045742 and parameters: {'lambda_l1': 0.0013081960955792392, 'lambda_l2': 5.236160203599031e-09, 'num_leaves': 49, 'feature_fraction': 0.4220323690996243, 'bagging_fraction': 0.8011587640872722, 'bagging_freq': 11, 'min_child_samples': 103}. Best is trial 97 with value: 0.8196452401412151.
[I 2025-04-08 01:15:02,475] Trial 164 finished with value: 0.8190162038867539 and parameters: {'lambda_l1': 0.023282843511324525, 'lambda_l2': 3.7030462813310047e-09, 'num_leaves': 37, 'feature_fraction': 0.40246595792101286, 'bagging_fraction': 0.8655435584158342, 'bagging_freq': 13, 'min_child_samples': 111}. Best is trial 97 with value: 0.8196452401412151.
[I 2025-04-08 01:15:03,878] Trial 165 finished with value: 0.8187228434210041 and parameters: {'lambda_l1': 0.008922938561291368, 'lambda_l2': 6.0325706076195665e-09, 'num_leaves': 38, 'feature_fraction': 0.4038225037087257, 'bagging_fraction': 0.8649745618294915, 'bagging_freq': 12, 'min_child_samples': 112}. Best is trial 97 with value: 0.8196452401412151.
[I 2025-04-08 01:15:05,262] Trial 166 finished with value: 0.818680949845447 and parameters: {'lambda_l1': 0.004621129769851916, 'lambda_l2': 1.7028246642463575e-06, 'num_leaves': 37, 'feature_fraction': 0.4368017531579296, 'bagging_fraction': 0.8344369258084067, 'bagging_freq': 13, 'min_child_samples': 109}. Best is trial 97 with value: 0.8196452401412151.
[I 2025-04-08 01:15:06,500] Trial 167 finished with value: 0.8183036967917324 and parameters: {'lambda_l1': 0.0029763430017243535, 'lambda_l2': 2.147055524219194e-09, 'num_leaves': 28, 'feature_fraction': 0.40015122817049875, 'bagging_fraction': 0.8489012155412701, 'bagging_freq': 13, 'min_child_samples': 50}. Best is trial 97 with value: 0.8196452401412151.
[I 2025-04-08 01:15:07,963] Trial 168 finished with value: 0.8175908558133486 and parameters: {'lambda_l1': 0.006539143916127618, 'lambda_l2': 3.589874430946156e-09, 'num_leaves': 23, 'feature_fraction': 0.42511700192236485, 'bagging_fraction': 0.8169769883388199, 'bagging_freq': 12, 'min_child_samples': 114}. Best is trial 97 with value: 0.8196452401412151.
[I 2025-04-08 01:15:09,339] Trial 169 finished with value: 0.8198966367401738 and parameters: {'lambda_l1': 0.011713516608613816, 'lambda_l2': 1.829551076735739e-09, 'num_leaves': 32, 'feature_fraction': 0.4147043765563894, 'bagging_fraction': 0.8592505730425202, 'bagging_freq': 14, 'min_child_samples': 105}. Best is trial 169 with value: 0.8198966367401738.
[I 2025-04-08 01:15:10,838] Trial 170 finished with value: 0.8182199975046611 and parameters: {'lambda_l1': 0.02031949447504828, 'lambda_l2': 3.8625927313917204e-08, 'num_leaves': 42, 'feature_fraction': 0.4115359011267112, 'bagging_fraction': 0.86671097771995, 'bagging_freq': 14, 'min_child_samples': 108}. Best is trial 169 with value: 0.8198966367401738.
[I 2025-04-08 01:15:12,127] Trial 171 finished with value: 0.8182198920678099 and parameters: {'lambda_l1': 0.0352360639775809, 'lambda_l2': 1.0497189476187013e-09, 'num_leaves': 33, 'feature_fraction': 0.4297950956828715, 'bagging_fraction': 0.846260254825815, 'bagging_freq': 13, 'min_child_samples': 105}. Best is trial 169 with value: 0.8198966367401738.
[I 2025-04-08 01:15:13,465] Trial 172 finished with value: 0.8188905934513173 and parameters: {'lambda_l1': 0.016679884473485136, 'lambda_l2': 9.375902323599557e-09, 'num_leaves': 30, 'feature_fraction': 0.4156886155935725, 'bagging_fraction': 0.8567932330807424, 'bagging_freq': 14, 'min_child_samples': 99}. Best is trial 169 with value: 0.8198966367401738.
[I 2025-04-08 01:15:14,795] Trial 173 finished with value: 0.8177585706980446 and parameters: {'lambda_l1': 0.0022731409723055185, 'lambda_l2': 8.467176066274212e-07, 'num_leaves': 27, 'feature_fraction': 0.44167861210472226, 'bagging_fraction': 0.8327342871603816, 'bagging_freq': 13, 'min_child_samples': 111}. Best is trial 169 with value: 0.8198966367401738.
[I 2025-04-08 01:15:16,360] Trial 174 finished with value: 0.819100166765953 and parameters: {'lambda_l1': 0.000697505973519592, 'lambda_l2': 8.018721666772328e-09, 'num_leaves': 32, 'feature_fraction': 0.4224920804538014, 'bagging_fraction': 0.8744076293875507, 'bagging_freq': 14, 'min_child_samples': 125}. Best is trial 169 with value: 0.8198966367401738.
[I 2025-04-08 01:15:18,425] Trial 175 finished with value: 0.8184713589580028 and parameters: {'lambda_l1': 0.0008194663317051123, 'lambda_l2': 5.5677451683274676e-08, 'num_leaves': 36, 'feature_fraction': 0.4215095090194365, 'bagging_fraction': 0.8760098338245059, 'bagging_freq': 14, 'min_child_samples': 124}. Best is trial 169 with value: 0.8198966367401738.
[I 2025-04-08 01:15:21,494] Trial 176 finished with value: 0.8152013580266437 and parameters: {'lambda_l1': 0.0014449033250885227, 'lambda_l2': 4.3043025639692695e-09, 'num_leaves': 128, 'feature_fraction': 0.41230078758766775, 'bagging_fraction': 0.8617862186978588, 'bagging_freq': 15, 'min_child_samples': 126}. Best is trial 169 with value: 0.8198966367401738.
[I 2025-04-08 01:15:22,735] Trial 177 finished with value: 0.8191839539170669 and parameters: {'lambda_l1': 0.00521165797906031, 'lambda_l2': 1.6951536585702444e-07, 'num_leaves': 32, 'feature_fraction': 0.401653633317639, 'bagging_fraction': 0.8794033929561549, 'bagging_freq': 14, 'min_child_samples': 121}. Best is trial 169 with value: 0.8198966367401738.
[I 2025-04-08 01:15:23,961] Trial 178 finished with value: 0.8186811431463411 and parameters: {'lambda_l1': 0.01004973987814275, 'lambda_l2': 1.9664514619010553e-09, 'num_leaves': 32, 'feature_fraction': 0.4360568416219781, 'bagging_fraction': 0.8794642438659677, 'bagging_freq': 14, 'min_child_samples': 120}. Best is trial 169 with value: 0.8198966367401738.
[I 2025-04-08 01:15:25,204] Trial 179 finished with value: 0.8209027854658816 and parameters: {'lambda_l1': 0.0004956767041191378, 'lambda_l2': 1.0605851451259504e-08, 'num_leaves': 26, 'feature_fraction': 0.45570408510050464, 'bagging_fraction': 0.825741282167063, 'bagging_freq': 15, 'min_child_samples': 128}. Best is trial 179 with value: 0.8209027854658816.
[I 2025-04-08 01:15:26,238] Trial 180 finished with value: 0.8171298683269456 and parameters: {'lambda_l1': 0.005144211686369774, 'lambda_l2': 1.565479527326058e-07, 'num_leaves': 19, 'feature_fraction': 0.42747956154321815, 'bagging_fraction': 0.8410567899183212, 'bagging_freq': 15, 'min_child_samples': 128}. Best is trial 179 with value: 0.8209027854658816.
[I 2025-04-08 01:15:27,345] Trial 181 finished with value: 0.8195192606767993 and parameters: {'lambda_l1': 0.0005320005624086703, 'lambda_l2': 9.96880727707503e-09, 'num_leaves': 26, 'feature_fraction': 0.45606688118704486, 'bagging_fraction': 0.824332280900108, 'bagging_freq': 15, 'min_child_samples': 125}. Best is trial 179 with value: 0.8209027854658816.
[I 2025-04-08 01:15:28,832] Trial 182 finished with value: 0.8181777173273165 and parameters: {'lambda_l1': 0.00046594866073673447, 'lambda_l2': 1.355038837268537e-08, 'num_leaves': 25, 'feature_fraction': 0.45386190167880186, 'bagging_fraction': 0.8293132340078114, 'bagging_freq': 15, 'min_child_samples': 124}. Best is trial 179 with value: 0.8209027854658816.
[I 2025-04-08 01:15:29,845] Trial 183 finished with value: 0.8175069105069579 and parameters: {'lambda_l1': 0.0007005905226386588, 'lambda_l2': 7.781447411165071e-09, 'num_leaves': 22, 'feature_fraction': 0.40065028890991816, 'bagging_fraction': 0.820335609781854, 'bagging_freq': 16, 'min_child_samples': 125}. Best is trial 179 with value: 0.8209027854658816.
[I 2025-04-08 01:15:30,956] Trial 184 finished with value: 0.8190582028991621 and parameters: {'lambda_l1': 0.0012206375346627443, 'lambda_l2': 1.3037567316395086e-07, 'num_leaves': 27, 'feature_fraction': 0.4183671167298221, 'bagging_fraction': 0.850312079232928, 'bagging_freq': 14, 'min_child_samples': 128}. Best is trial 179 with value: 0.8209027854658816.
[I 2025-04-08 01:15:32,338] Trial 185 finished with value: 0.819099973465059 and parameters: {'lambda_l1': 0.0025494397493836833, 'lambda_l2': 2.4529940765136736e-07, 'num_leaves': 29, 'feature_fraction': 0.41385922348169735, 'bagging_fraction': 0.850757057391475, 'bagging_freq': 15, 'min_child_samples': 128}. Best is trial 179 with value: 0.8209027854658816.
[I 2025-04-08 01:15:33,534] Trial 186 finished with value: 0.8186390386970818 and parameters: {'lambda_l1': 0.0025647948149965147, 'lambda_l2': 1.503807968289921e-07, 'num_leaves': 24, 'feature_fraction': 0.4442387368898281, 'bagging_fraction': 0.844726354611403, 'bagging_freq': 15, 'min_child_samples': 128}. Best is trial 179 with value: 0.8209027854658816.
[I 2025-04-08 01:15:35,803] Trial 187 finished with value: 0.8167107744160995 and parameters: {'lambda_l1': 0.001956596039810401, 'lambda_l2': 9.667211448380519e-08, 'num_leaves': 62, 'feature_fraction': 0.4718595096344395, 'bagging_fraction': 0.8533713832390767, 'bagging_freq': 15, 'min_child_samples': 128}. Best is trial 179 with value: 0.8209027854658816.
[I 2025-04-08 01:15:37,163] Trial 188 finished with value: 0.8184293775184031 and parameters: {'lambda_l1': 0.003642187001060841, 'lambda_l2': 3.4257173796676733e-07, 'num_leaves': 26, 'feature_fraction': 0.434741461765858, 'bagging_fraction': 0.8366233217147517, 'bagging_freq': 16, 'min_child_samples': 122}. Best is trial 179 with value: 0.8209027854658816.
[I 2025-04-08 01:15:39,006] Trial 189 finished with value: 0.8180102660347485 and parameters: {'lambda_l1': 0.0012024526153020798, 'lambda_l2': 2.463945457231367e-08, 'num_leaves': 31, 'feature_fraction': 0.4183917498787285, 'bagging_fraction': 0.8101118675321652, 'bagging_freq': 15, 'min_child_samples': 126}. Best is trial 179 with value: 0.8209027854658816.
[I 2025-04-08 01:15:40,009] Trial 190 finished with value: 0.8174231233558441 and parameters: {'lambda_l1': 0.008314447399705997, 'lambda_l2': 2.649331718250726e-07, 'num_leaves': 21, 'feature_fraction': 0.44611049388669866, 'bagging_fraction': 0.8562096569151278, 'bagging_freq': 15, 'min_child_samples': 121}. Best is trial 179 with value: 0.8209027854658816.
[I 2025-04-08 01:15:41,299] Trial 191 finished with value: 0.818764701850944 and parameters: {'lambda_l1': 0.000362908815813922, 'lambda_l2': 2.5052702701480646e-09, 'num_leaves': 29, 'feature_fraction': 0.4118893475606874, 'bagging_fraction': 0.873646913570991, 'bagging_freq': 14, 'min_child_samples': 124}. Best is trial 179 with value: 0.8209027854658816.
[I 2025-04-08 01:15:42,611] Trial 192 finished with value: 0.818974573903325 and parameters: {'lambda_l1': 0.000734612942107675, 'lambda_l2': 3.152550719476589e-08, 'num_leaves': 28, 'feature_fraction': 0.4124694948452124, 'bagging_fraction': 0.8858430469131178, 'bagging_freq': 14, 'min_child_samples': 126}. Best is trial 179 with value: 0.8209027854658816.
[I 2025-04-08 01:15:43,977] Trial 193 finished with value: 0.8185552164003507 and parameters: {'lambda_l1': 0.0002955220265909142, 'lambda_l2': 1.0287463293943657e-07, 'num_leaves': 30, 'feature_fraction': 0.42655422783535396, 'bagging_fraction': 0.8231076927113087, 'bagging_freq': 14, 'min_child_samples': 123}. Best is trial 179 with value: 0.8209027854658816.
[I 2025-04-08 01:15:45,176] Trial 194 finished with value: 0.8191421482055526 and parameters: {'lambda_l1': 0.000604881816812179, 'lambda_l2': 1.0638019603398925e-08, 'num_leaves': 26, 'feature_fraction': 0.4006891592271756, 'bagging_fraction': 0.8403952604118405, 'bagging_freq': 15, 'min_child_samples': 128}. Best is trial 179 with value: 0.8209027854658816.
[I 2025-04-08 01:15:46,532] Trial 195 finished with value: 0.8186807389717445 and parameters: {'lambda_l1': 0.0018806821450302851, 'lambda_l2': 7.851345204895486e-09, 'num_leaves': 25, 'feature_fraction': 0.462258233787717, 'bagging_fraction': 0.8386786046182968, 'bagging_freq': 15, 'min_child_samples': 128}. Best is trial 179 with value: 0.8209027854658816.
[I 2025-04-08 01:15:48,053] Trial 196 finished with value: 0.8187648951518378 and parameters: {'lambda_l1': 0.0005337784366761093, 'lambda_l2': 1.4565741678605225e-08, 'num_leaves': 34, 'feature_fraction': 0.43127142455711004, 'bagging_fraction': 0.8254340160733113, 'bagging_freq': 16, 'min_child_samples': 120}. Best is trial 179 with value: 0.8209027854658816.
[I 2025-04-08 01:15:49,738] Trial 197 finished with value: 0.8163754325107501 and parameters: {'lambda_l1': 0.06867132865768459, 'lambda_l2': 1.8313299197904893e-07, 'num_leaves': 22, 'feature_fraction': 0.4198359284094865, 'bagging_fraction': 0.8521819593719361, 'bagging_freq': 15, 'min_child_samples': 11}. Best is trial 179 with value: 0.8209027854658816.
[I 2025-04-08 01:15:51,015] Trial 198 finished with value: 0.8189324343084484 and parameters: {'lambda_l1': 0.0009098970850717178, 'lambda_l2': 4.768701611756779e-08, 'num_leaves': 27, 'feature_fraction': 0.4008431013819488, 'bagging_fraction': 0.8414485466431727, 'bagging_freq': 15, 'min_child_samples': 126}. Best is trial 179 with value: 0.8209027854658816.
[I 2025-04-08 01:15:52,106] Trial 199 finished with value: 0.8161238777565147 and parameters: {'lambda_l1': 0.011542442101585596, 'lambda_l2': 1.5595113790529999e-09, 'num_leaves': 18, 'feature_fraction': 0.4524395456784097, 'bagging_fraction': 0.8620809880375578, 'bagging_freq': 16, 'min_child_samples': 122}. Best is trial 179 with value: 0.8209027854658816.
[I 2025-04-08 01:15:53,364] Trial 200 finished with value: 0.8188905407328916 and parameters: {'lambda_l1': 0.004616217153925187, 'lambda_l2': 7.008734918937788e-07, 'num_leaves': 32, 'feature_fraction': 0.43834500098752505, 'bagging_fraction': 0.811074064930893, 'bagging_freq': 14, 'min_child_samples': 128}. Best is trial 179 with value: 0.8209027854658816.
[I 2025-04-08 01:15:54,601] Trial 201 finished with value: 0.8191002194843786 and parameters: {'lambda_l1': 0.00027686971493627816, 'lambda_l2': 2.6303022717147436e-09, 'num_leaves': 29, 'feature_fraction': 0.4105300240919853, 'bagging_fraction': 0.8734404742628675, 'bagging_freq': 14, 'min_child_samples': 124}. Best is trial 179 with value: 0.8209027854658816.
[I 2025-04-08 01:15:55,815] Trial 202 finished with value: 0.8180101605978972 and parameters: {'lambda_l1': 0.00016957535598253229, 'lambda_l2': 3.751905626753278e-09, 'num_leaves': 24, 'feature_fraction': 0.4142010320379145, 'bagging_fraction': 0.8969870623865243, 'bagging_freq': 14, 'min_child_samples': 124}. Best is trial 179 with value: 0.8209027854658816.
[I 2025-04-08 01:15:57,022] Trial 203 finished with value: 0.8183875718068888 and parameters: {'lambda_l1': 0.0005658003077943353, 'lambda_l2': 1.029327036449733e-08, 'num_leaves': 27, 'feature_fraction': 0.42420793711779636, 'bagging_fraction': 0.8655733784539537, 'bagging_freq': 14, 'min_child_samples': 125}. Best is trial 179 with value: 0.8209027854658816.
[I 2025-04-08 01:15:58,261] Trial 204 finished with value: 0.8184712183755345 and parameters: {'lambda_l1': 0.0012311450340056107, 'lambda_l2': 2.067501038248868e-08, 'num_leaves': 31, 'feature_fraction': 0.4026648057275363, 'bagging_fraction': 0.8519658555666447, 'bagging_freq': 15, 'min_child_samples': 119}. Best is trial 179 with value: 0.8209027854658816.
[I 2025-04-08 01:16:00,173] Trial 205 finished with value: 0.8177587112805129 and parameters: {'lambda_l1': 0.0027922543197608637, 'lambda_l2': 2.699973469530069e-09, 'num_leaves': 34, 'feature_fraction': 0.4317538520527287, 'bagging_fraction': 0.8808627534879909, 'bagging_freq': 14, 'min_child_samples': 122}. Best is trial 179 with value: 0.8209027854658816.
[I 2025-04-08 01:16:01,585] Trial 206 finished with value: 0.8186390211242731 and parameters: {'lambda_l1': 0.00025709742206762794, 'lambda_l2': 3.7793844649804207e-07, 'num_leaves': 29, 'feature_fraction': 0.4805996655830769, 'bagging_fraction': 0.8284129653239827, 'bagging_freq': 15, 'min_child_samples': 128}. Best is trial 179 with value: 0.8209027854658816.
[I 2025-04-08 01:16:04,299] Trial 207 finished with value: 0.8156625563867493 and parameters: {'lambda_l1': 0.0004363523095824492, 'lambda_l2': 1.4062369114127558e-09, 'num_leaves': 82, 'feature_fraction': 0.4141021323365774, 'bagging_fraction': 0.8403194186469036, 'bagging_freq': 14, 'min_child_samples': 120}. Best is trial 179 with value: 0.8209027854658816.
[I 2025-04-08 01:16:05,595] Trial 208 finished with value: 0.817884339288758 and parameters: {'lambda_l1': 0.0013858128060688585, 'lambda_l2': 5.900021141388561e-09, 'num_leaves': 26, 'feature_fraction': 0.4457945501303368, 'bagging_fraction': 0.855451010405885, 'bagging_freq': 14, 'min_child_samples': 126}. Best is trial 179 with value: 0.8209027854658816.
[I 2025-04-08 01:16:06,867] Trial 209 finished with value: 0.8187648248606036 and parameters: {'lambda_l1': 9.646582636552404e-05, 'lambda_l2': 9.811405357134364e-09, 'num_leaves': 23, 'feature_fraction': 0.401049683860998, 'bagging_fraction': 0.8709306365747569, 'bagging_freq': 14, 'min_child_samples': 123}. Best is trial 179 with value: 0.8209027854658816.
[I 2025-04-08 01:16:08,286] Trial 210 finished with value: 0.8193514930736775 and parameters: {'lambda_l1': 0.000817733973248618, 'lambda_l2': 7.6541549880979e-08, 'num_leaves': 32, 'feature_fraction': 0.4195528411761216, 'bagging_fraction': 0.8295502703528758, 'bagging_freq': 13, 'min_child_samples': 118}. Best is trial 179 with value: 0.8209027854658816.
