[I 2025-04-08 20:51:28,533] Trial 42 finished with value: 0.8133567051686903 and parameters: {'max_depth': 10, 'learning_rate': 0.147159856443746, 'n_estimators': 214, 'gamma': 0.0021154091533910346, 'min_child_weight': 6, 'subsample': 0.569180840470681, 'colsample_bytree': 0.7332700277370825}. Best is trial 31 with value: 0.818597250558376.
[I 2025-04-08 20:51:30,054] Trial 43 finished with value: 0.8182197866309588 and parameters: {'max_depth': 8, 'learning_rate': 0.056396329107068786, 'n_estimators': 186, 'gamma': 0.09048561069384295, 'min_child_weight': 6, 'subsample': 0.5023719676619124, 'colsample_bytree': 0.6346735985933725}. Best is trial 31 with value: 0.818597250558376.
[I 2025-04-08 20:51:31,037] Trial 44 finished with value: 0.809499790004938 and parameters: {'max_depth': 5, 'learning_rate': 0.05894110213160537, 'n_estimators': 169, 'gamma': 0.06907813842434918, 'min_child_weight': 7, 'subsample': 0.5093616428333779, 'colsample_bytree': 0.5720677740575882}. Best is trial 31 with value: 0.818597250558376.
[I 2025-04-08 20:51:32,547] Trial 45 finished with value: 0.8161237547468548 and parameters: {'max_depth': 8, 'learning_rate': 0.030818218519278597, 'n_estimators': 185, 'gamma': 0.11423313929353533, 'min_child_weight': 6, 'subsample': 0.5400461605808627, 'colsample_bytree': 0.6431775543848998}. Best is trial 31 with value: 0.818597250558376.
[I 2025-04-08 20:51:33,402] Trial 46 finished with value: 0.8181778227641677 and parameters: {'max_depth': 7, 'learning_rate': 0.12825117668492123, 'n_estimators': 107, 'gamma': 0.028338435230645498, 'min_child_weight': 7, 'subsample': 0.5921102325968536, 'colsample_bytree': 0.790810815682127}. Best is trial 31 with value: 0.818597250558376.
[I 2025-04-08 20:51:34,985] Trial 47 finished with value: 0.7887476035082355 and parameters: {'max_depth': 11, 'learning_rate': 0.8910526432096306, 'n_estimators': 148, 'gamma': 0.1406999749636792, 'min_child_weight': 6, 'subsample': 0.6177110596441219, 'colsample_bytree': 0.6802006591735221}. Best is trial 31 with value: 0.818597250558376.
[I 2025-04-08 20:51:35,839] Trial 48 finished with value: 0.8133565118677962 and parameters: {'max_depth': 4, 'learning_rate': 0.0713563729030554, 'n_estimators': 172, 'gamma': 0.09034941674179262, 'min_child_weight': 7, 'subsample': 0.5480724064902414, 'colsample_bytree': 0.767386725191742}. Best is trial 31 with value: 0.818597250558376.
[I 2025-04-08 20:51:38,241] Trial 49 finished with value: 0.798683392465834 and parameters: {'max_depth': 9, 'learning_rate': 0.31741919914253125, 'n_estimators': 200, 'gamma': 0.056376610108107544, 'min_child_weight': 1, 'subsample': 0.7088749013687927, 'colsample_bytree': 0.6310443714728438}. Best is trial 31 with value: 0.818597250558376.
[I 2025-04-08 20:51:40,657] Trial 50 finished with value: 0.816710756843291 and parameters: {'max_depth': 12, 'learning_rate': 0.036673243926208854, 'n_estimators': 182, 'gamma': 0.024007982896844776, 'min_child_weight': 2, 'subsample': 0.5816210926353704, 'colsample_bytree': 0.7175516383829073}. Best is trial 31 with value: 0.818597250558376.
[I 2025-04-08 20:51:42,158] Trial 51 finished with value: 0.8090389079553862 and parameters: {'max_depth': 6, 'learning_rate': 0.014575845824494291, 'n_estimators': 224, 'gamma': 0.33641465498614465, 'min_child_weight': 6, 'subsample': 0.7615776581351169, 'colsample_bytree': 0.8358516267029638}. Best is trial 31 with value: 0.818597250558376.
[I 2025-04-08 20:51:44,082] Trial 52 finished with value: 0.8136499953432057 and parameters: {'max_depth': 10, 'learning_rate': 0.11351165296763441, 'n_estimators': 235, 'gamma': 0.5643761687715849, 'min_child_weight': 5, 'subsample': 0.7316166310484501, 'colsample_bytree': 0.6958724061722744}. Best is trial 31 with value: 0.818597250558376.
[I 2025-04-08 20:51:45,963] Trial 53 finished with value: 0.6377394866279713 and parameters: {'max_depth': 7, 'learning_rate': 2.5491611608590616e-05, 'n_estimators': 267, 'gamma': 0.059449641992526864, 'min_child_weight': 6, 'subsample': 0.800167965482374, 'colsample_bytree': 0.9471537370603474}. Best is trial 31 with value: 0.818597250558376.
[I 2025-04-08 20:51:49,942] Trial 54 finished with value: 0.8134821398760413 and parameters: {'max_depth': 15, 'learning_rate': 0.023647643579004198, 'n_estimators': 286, 'gamma': 0.028955102474235883, 'min_child_weight': 6, 'subsample': 0.5028467677793784, 'colsample_bytree': 0.5803933824514874}. Best is trial 31 with value: 0.818597250558376.
[I 2025-04-08 20:51:52,432] Trial 55 finished with value: 0.8167106338336312 and parameters: {'max_depth': 9, 'learning_rate': 0.06061508640874372, 'n_estimators': 255, 'gamma': 0.17747483254298413, 'min_child_weight': 5, 'subsample': 0.6528848330568622, 'colsample_bytree': 0.7484164934606954}. Best is trial 31 with value: 0.818597250558376.
[I 2025-04-08 20:51:53,356] Trial 56 finished with value: 0.7313123373416909 and parameters: {'max_depth': 11, 'learning_rate': 0.01042439223561897, 'n_estimators': 57, 'gamma': 0.10045591416224198, 'min_child_weight': 6, 'subsample': 0.6363721581642108, 'colsample_bytree': 0.77967093255878}. Best is trial 31 with value: 0.818597250558376.
[I 2025-04-08 20:51:56,992] Trial 57 finished with value: 0.8179682318767233 and parameters: {'max_depth': 14, 'learning_rate': 0.021547996107076358, 'n_estimators': 232, 'gamma': 0.13430756780654776, 'min_child_weight': 5, 'subsample': 0.6957581758163979, 'colsample_bytree': 0.868980558138813}. Best is trial 31 with value: 0.818597250558376.
[I 2025-04-08 20:51:58,407] Trial 58 finished with value: 0.6377394866279713 and parameters: {'max_depth': 4, 'learning_rate': 0.0007016737596633473, 'n_estimators': 203, 'gamma': 0.27110070126268093, 'min_child_weight': 4, 'subsample': 0.7869561317007112, 'colsample_bytree': 0.8061082813913765}. Best is trial 31 with value: 0.818597250558376.
[I 2025-04-08 20:52:01,006] Trial 59 finished with value: 0.799522125044591 and parameters: {'max_depth': 13, 'learning_rate': 0.0058049771629171, 'n_estimators': 216, 'gamma': 0.4533111499967416, 'min_child_weight': 7, 'subsample': 0.8127054534606837, 'colsample_bytree': 0.6607662187867862}. Best is trial 31 with value: 0.818597250558376.
[I 2025-04-08 20:52:02,534] Trial 60 finished with value: 0.6377394866279713 and parameters: {'max_depth': 6, 'learning_rate': 8.608709543463268e-05, 'n_estimators': 246, 'gamma': 0.3911069350586971, 'min_child_weight': 6, 'subsample': 0.7644190684225836, 'colsample_bytree': 0.6278794714976017}. Best is trial 31 with value: 0.818597250558376.
[I 2025-04-08 20:52:04,108] Trial 61 finished with value: 0.8171716213200341 and parameters: {'max_depth': 8, 'learning_rate': 0.04096822755024075, 'n_estimators': 191, 'gamma': 0.003625272493691778, 'min_child_weight': 6, 'subsample': 0.6280376671464015, 'colsample_bytree': 0.7521634354759082}. Best is trial 31 with value: 0.818597250558376.
[I 2025-04-08 20:52:06,122] Trial 62 finished with value: 0.8172555314808079 and parameters: {'max_depth': 8, 'learning_rate': 0.05447423690793592, 'n_estimators': 224, 'gamma': 0.01825780461368062, 'min_child_weight': 6, 'subsample': 0.6807676567987655, 'colsample_bytree': 0.7354355594568924}. Best is trial 31 with value: 0.818597250558376.
[I 2025-04-08 20:52:08,528] Trial 63 finished with value: 0.8172974074835562 and parameters: {'max_depth': 7, 'learning_rate': 0.09221997034499772, 'n_estimators': 239, 'gamma': 0.07314802789473868, 'min_child_weight': 6, 'subsample': 0.7494439614209306, 'colsample_bytree': 0.6866061142596855}. Best is trial 31 with value: 0.818597250558376.
[I 2025-04-08 20:52:10,316] Trial 64 finished with value: 0.8098770606314613 and parameters: {'max_depth': 9, 'learning_rate': 0.027428783360399885, 'n_estimators': 208, 'gamma': 0.0004166070577117254, 'min_child_weight': 7, 'subsample': 0.6637506183275517, 'colsample_bytree': 0.514121927729275}. Best is trial 31 with value: 0.818597250558376.
[I 2025-04-08 20:52:12,223] Trial 65 finished with value: 0.8053492332104994 and parameters: {'max_depth': 10, 'learning_rate': 0.2520939031667659, 'n_estimators': 192, 'gamma': 0.04077158786274046, 'min_child_weight': 5, 'subsample': 0.6092366246820451, 'colsample_bytree': 0.7179475764979747}. Best is trial 31 with value: 0.818597250558376.
[I 2025-04-08 20:52:14,891] Trial 66 finished with value: 0.815368651163935 and parameters: {'max_depth': 12, 'learning_rate': 0.04548823601270136, 'n_estimators': 261, 'gamma': 0.0766742037780331, 'min_child_weight': 6, 'subsample': 0.8517288271654075, 'colsample_bytree': 0.5505902649255606}. Best is trial 31 with value: 0.818597250558376.
[I 2025-04-08 20:52:19,320] Trial 67 finished with value: 0.7910533141438265 and parameters: {'max_depth': 26, 'learning_rate': 0.5792556113278143, 'n_estimators': 229, 'gamma': 0.021603982982096048, 'min_child_weight': 7, 'subsample': 0.7221600302658439, 'colsample_bytree': 0.7437871258224532}. Best is trial 31 with value: 0.818597250558376.
[I 2025-04-08 20:52:20,513] Trial 68 finished with value: 0.8047626001430427 and parameters: {'max_depth': 5, 'learning_rate': 0.01748034752533381, 'n_estimators': 220, 'gamma': 0.3662140135655937, 'min_child_weight': 4, 'subsample': 0.7038189534477339, 'colsample_bytree': 0.7121979768648887}. Best is trial 31 with value: 0.818597250558376.
[I 2025-04-08 20:52:22,375] Trial 69 finished with value: 0.8126440926368176 and parameters: {'max_depth': 8, 'learning_rate': 0.14139351769705744, 'n_estimators': 248, 'gamma': 0.1615710732464955, 'min_child_weight': 5, 'subsample': 0.550891560020967, 'colsample_bytree': 0.7786592855918766}. Best is trial 31 with value: 0.818597250558376.
[I 2025-04-08 20:52:26,198] Trial 70 finished with value: 0.8110928002446135 and parameters: {'max_depth': 17, 'learning_rate': 0.07361029910982778, 'n_estimators': 272, 'gamma': 0.054452308479641, 'min_child_weight': 6, 'subsample': 0.5887493610446634, 'colsample_bytree': 0.6626421246440951}. Best is trial 31 with value: 0.818597250558376.
[I 2025-04-08 20:52:26,882] Trial 71 finished with value: 0.8171296750260517 and parameters: {'max_depth': 6, 'learning_rate': 0.12396871826602025, 'n_estimators': 83, 'gamma': 0.017510603294611016, 'min_child_weight': 7, 'subsample': 0.6416315544610851, 'colsample_bytree': 0.7931096051054386}. Best is trial 31 with value: 0.818597250558376.
[I 2025-04-08 20:52:27,797] Trial 72 finished with value: 0.8175491203930685 and parameters: {'max_depth': 7, 'learning_rate': 0.17090120854596683, 'n_estimators': 113, 'gamma': 0.03917208240639515, 'min_child_weight': 7, 'subsample': 0.5977813434492665, 'colsample_bytree': 0.8284987284828296}. Best is trial 31 with value: 0.818597250558376.
[I 2025-04-08 20:52:28,611] Trial 73 finished with value: 0.8018278532529906 and parameters: {'max_depth': 4, 'learning_rate': 0.03318155744859905, 'n_estimators': 133, 'gamma': 0.019550865606362863, 'min_child_weight': 7, 'subsample': 0.5218822972513129, 'colsample_bytree': 0.7979607562114167}. Best is trial 31 with value: 0.818597250558376.
[I 2025-04-08 20:52:30,439] Trial 74 finished with value: 0.817213602759634 and parameters: {'max_depth': 8, 'learning_rate': 0.08333261074134782, 'n_estimators': 177, 'gamma': 0.09687085976344238, 'min_child_weight': 7, 'subsample': 0.580851979171296, 'colsample_bytree': 0.7343375855725696}. Best is trial 31 with value: 0.818597250558376.
[I 2025-04-08 20:52:33,173] Trial 75 finished with value: 0.8170459581661721 and parameters: {'max_depth': 11, 'learning_rate': 0.04313441353541232, 'n_estimators': 292, 'gamma': 0.4158465106915754, 'min_child_weight': 6, 'subsample': 0.6246640086006905, 'colsample_bytree': 0.7651411154958568}. Best is trial 31 with value: 0.818597250558376.
[I 2025-04-08 20:52:35,120] Trial 76 finished with value: 0.8133984933073959 and parameters: {'max_depth': 10, 'learning_rate': 0.012624182820741011, 'n_estimators': 204, 'gamma': 0.05298018590838727, 'min_child_weight': 7, 'subsample': 0.672362782471901, 'colsample_bytree': 0.6910253220481788}. Best is trial 31 with value: 0.818597250558376.
[I 2025-04-08 20:52:36,301] Trial 77 finished with value: 0.8181780863562957 and parameters: {'max_depth': 7, 'learning_rate': 0.10900522594822792, 'n_estimators': 163, 'gamma': 0.4914217163880481, 'min_child_weight': 6, 'subsample': 0.5588646717061064, 'colsample_bytree': 0.8859875877968924}. Best is trial 31 with value: 0.818597250558376.
[I 2025-04-08 20:52:39,035] Trial 78 finished with value: 0.8178425511500524 and parameters: {'max_depth': 21, 'learning_rate': 0.024736361128091994, 'n_estimators': 159, 'gamma': 0.5219679386858934, 'min_child_weight': 5, 'subsample': 0.5591875269091884, 'colsample_bytree': 0.9050451410773303}. Best is trial 31 with value: 0.818597250558376.
[I 2025-04-08 20:52:40,939] Trial 79 finished with value: 0.816752457117954 and parameters: {'max_depth': 9, 'learning_rate': 0.06330345807716711, 'n_estimators': 166, 'gamma': 0.5748319084186008, 'min_child_weight': 6, 'subsample': 0.5180240815321808, 'colsample_bytree': 0.9433012015050786}. Best is trial 31 with value: 0.818597250558376.
[I 2025-04-08 20:52:42,156] Trial 80 finished with value: 0.8149080327065112 and parameters: {'max_depth': 6, 'learning_rate': 0.20381353474051228, 'n_estimators': 195, 'gamma': 0.5457274521774427, 'min_child_weight': 6, 'subsample': 0.5663645455233213, 'colsample_bytree': 0.8777554400525682}. Best is trial 31 with value: 0.818597250558376.
[I 2025-04-08 20:52:43,019] Trial 81 finished with value: 0.8180100375882373 and parameters: {'max_depth': 7, 'learning_rate': 0.09333731953815184, 'n_estimators': 108, 'gamma': 0.4898937129534803, 'min_child_weight': 6, 'subsample': 0.5365659220104354, 'colsample_bytree': 0.849295897798405}. Best is trial 31 with value: 0.818597250558376.
[I 2025-04-08 20:52:43,565] Trial 82 finished with value: 0.8149919604400934 and parameters: {'max_depth': 5, 'learning_rate': 0.12170004479499937, 'n_estimators': 75, 'gamma': 0.4836249250853457, 'min_child_weight': 6, 'subsample': 0.6046778971753468, 'colsample_bytree': 0.7203631608792909}. Best is trial 31 with value: 0.818597250558376.
[I 2025-04-08 20:52:45,084] Trial 83 finished with value: 0.8192260935119433 and parameters: {'max_depth': 7, 'learning_rate': 0.049177136188926766, 'n_estimators': 213, 'gamma': 0.031386574395892285, 'min_child_weight': 7, 'subsample': 0.6515900553424372, 'colsample_bytree': 0.9370231392131326}. Best is trial 83 with value: 0.8192260935119433.
[I 2025-04-08 20:52:46,975] Trial 84 finished with value: 0.8174653683875718 and parameters: {'max_depth': 9, 'learning_rate': 0.04563413707290172, 'n_estimators': 212, 'gamma': 0.24231239704477978, 'min_child_weight': 5, 'subsample': 0.6534598868965209, 'colsample_bytree': 0.9250835342428945}. Best is trial 83 with value: 0.8192260935119433.
[I 2025-04-08 20:52:48,878] Trial 85 finished with value: 0.816039967595741 and parameters: {'max_depth': 8, 'learning_rate': 0.019013551868819225, 'n_estimators': 219, 'gamma': 0.07011708663289896, 'min_child_weight': 6, 'subsample': 0.7368981233044498, 'colsample_bytree': 0.9522985162899902}. Best is trial 83 with value: 0.8192260935119433.
[I 2025-04-08 20:52:49,532] Trial 86 finished with value: 0.8016182799383547 and parameters: {'max_depth': 3, 'learning_rate': 0.032645523768242944, 'n_estimators': 142, 'gamma': 0.46933440835327717, 'min_child_weight': 7, 'subsample': 0.6817228570006106, 'colsample_bytree': 0.9719779774431916}. Best is trial 83 with value: 0.8192260935119433.
[I 2025-04-08 20:52:51,485] Trial 87 finished with value: 0.81884882288542 and parameters: {'max_depth': 7, 'learning_rate': 0.06718313485037913, 'n_estimators': 178, 'gamma': 0.03415321404879596, 'min_child_weight': 7, 'subsample': 0.6373332198560719, 'colsample_bytree': 0.888714069315489}. Best is trial 83 with value: 0.8192260935119433.
[I 2025-04-08 20:52:52,423] Trial 88 finished with value: 0.8164590263609701 and parameters: {'max_depth': 4, 'learning_rate': 0.3072636082769926, 'n_estimators': 176, 'gamma': 0.3305996404488546, 'min_child_weight': 7, 'subsample': 0.632540978513385, 'colsample_bytree': 0.9278734449236412}. Best is trial 83 with value: 0.8192260935119433.
[I 2025-04-08 20:52:53,688] Trial 89 finished with value: 0.803253377054481 and parameters: {'max_depth': 6, 'learning_rate': 0.007562734875986235, 'n_estimators': 185, 'gamma': 0.597342163035627, 'min_child_weight': 7, 'subsample': 0.6500752175228399, 'colsample_bytree': 0.8804039285732832}. Best is trial 83 with value: 0.8192260935119433.
[I 2025-04-08 20:52:54,863] Trial 90 finished with value: 0.8173393186319217 and parameters: {'max_depth': 7, 'learning_rate': 0.06416391675937945, 'n_estimators': 150, 'gamma': 0.5055824071837589, 'min_child_weight': 2, 'subsample': 0.5808123938914985, 'colsample_bytree': 0.9903482124475941}. Best is trial 83 with value: 0.8192260935119433.
[I 2025-04-08 20:52:56,785] Trial 91 finished with value: 0.8172138312061449 and parameters: {'max_depth': 9, 'learning_rate': 0.04862087494032831, 'n_estimators': 210, 'gamma': 0.035687065501224885, 'min_child_weight': 6, 'subsample': 0.6162275883436815, 'colsample_bytree': 0.8661399642032398}. Best is trial 83 with value: 0.8192260935119433.
[I 2025-04-08 20:52:58,817] Trial 92 finished with value: 0.813901602815867 and parameters: {'max_depth': 10, 'learning_rate': 0.09005610425649944, 'n_estimators': 198, 'gamma': 0.12458526345184645, 'min_child_weight': 7, 'subsample': 0.6687161520805933, 'colsample_bytree': 0.8941062595875707}. Best is trial 83 with value: 0.8192260935119433.
[I 2025-04-08 20:53:00,044] Trial 93 finished with value: 0.8130632041204722 and parameters: {'max_depth': 5, 'learning_rate': 0.03414191232765837, 'n_estimators': 224, 'gamma': 0.008299113390847547, 'min_child_weight': 6, 'subsample': 0.9513244501757421, 'colsample_bytree': 0.9073746375097451}. Best is trial 83 with value: 0.8192260935119433.
[I 2025-04-08 20:53:02,342] Trial 94 finished with value: 0.8171298331813286 and parameters: {'max_depth': 8, 'learning_rate': 0.0724321998510594, 'n_estimators': 233, 'gamma': 0.04933735458292632, 'min_child_weight': 6, 'subsample': 0.69236189121267, 'colsample_bytree': 0.9151954474665555}. Best is trial 83 with value: 0.8192260935119433.
[I 2025-04-08 20:53:03,728] Trial 95 finished with value: 0.8135246660727058 and parameters: {'max_depth': 7, 'learning_rate': 0.02671000559486607, 'n_estimators': 182, 'gamma': 0.06359114352945719, 'min_child_weight': 3, 'subsample': 0.640618363292889, 'colsample_bytree': 0.7046137092455463}. Best is trial 83 with value: 0.8192260935119433.
[I 2025-04-08 20:53:07,552] Trial 96 finished with value: 0.81801024846194 and parameters: {'max_depth': 16, 'learning_rate': 0.013735232505743713, 'n_estimators': 241, 'gamma': 0.08593088676705185, 'min_child_weight': 7, 'subsample': 0.720654494619667, 'colsample_bytree': 0.9578408588679307}. Best is trial 83 with value: 0.8192260935119433.
[I 2025-04-08 20:53:10,526] Trial 97 finished with value: 0.8065651485517369 and parameters: {'max_depth': 11, 'learning_rate': 0.1656717623352693, 'n_estimators': 252, 'gamma': 0.012593230294775298, 'min_child_weight': 5, 'subsample': 0.7630163697142662, 'colsample_bytree': 0.7604041775146196}. Best is trial 83 with value: 0.8192260935119433.
[I 2025-04-08 20:53:13,211] Trial 98 finished with value: 0.8114284408877079 and parameters: {'max_depth': 12, 'learning_rate': 0.10853384510331474, 'n_estimators': 203, 'gamma': 0.035030554523452585, 'min_child_weight': 6, 'subsample': 0.6132149181899288, 'colsample_bytree': 0.9367534086364635}. Best is trial 83 with value: 0.8192260935119433.
[I 2025-04-08 20:53:14,391] Trial 99 finished with value: 0.8111347641114046 and parameters: {'max_depth': 6, 'learning_rate': 0.05310668887012251, 'n_estimators': 189, 'gamma': 0.2868701346876339, 'min_child_weight': 6, 'subsample': 0.6621890263987188, 'colsample_bytree': 0.5914828985815259}. Best is trial 83 with value: 0.8192260935119433.
[I 2025-04-08 20:53:16,046] Trial 100 finished with value: 0.8155788746724868 and parameters: {'max_depth': 9, 'learning_rate': 0.020468512598865927, 'n_estimators': 170, 'gamma': 0.028616830730940495, 'min_child_weight': 7, 'subsample': 0.6272989925689988, 'colsample_bytree': 0.8589297158022299}. Best is trial 83 with value: 0.8192260935119433.
[I 2025-04-08 20:53:17,542] Trial 101 finished with value: 0.8149917671391995 and parameters: {'max_depth': 7, 'learning_rate': 0.14070013794354475, 'n_estimators': 215, 'gamma': 0.04631693758108766, 'min_child_weight': 7, 'subsample': 0.5905289171023334, 'colsample_bytree': 0.8860366403525705}. Best is trial 83 with value: 0.8192260935119433.
[I 2025-04-08 20:53:19,374] Trial 102 finished with value: 0.8110510296787163 and parameters: {'max_depth': 8, 'learning_rate': 0.22791158802420403, 'n_estimators': 228, 'gamma': 0.010638072795543114, 'min_child_weight': 7, 'subsample': 0.5986089677262647, 'colsample_bytree': 0.7399445151453015}. Best is trial 83 with value: 0.8192260935119433.
[I 2025-04-08 20:53:20,551] Trial 103 finished with value: 0.8186390386970818 and parameters: {'max_depth': 5, 'learning_rate': 0.10276063596629227, 'n_estimators': 220, 'gamma': 0.022377989404989335, 'min_child_weight': 7, 'subsample': 0.5748431441221086, 'colsample_bytree': 0.8189306174306771}. Best is trial 83 with value: 0.8192260935119433.
[I 2025-04-08 20:53:22,323] Trial 104 finished with value: 0.8133986690354812 and parameters: {'max_depth': 5, 'learning_rate': 0.03968723836852169, 'n_estimators': 219, 'gamma': 0.028902596022257795, 'min_child_weight': 7, 'subsample': 0.7908111602668938, 'colsample_bytree': 0.7755328974688652}. Best is trial 83 with value: 0.8192260935119433.
