[I 2025-04-08 20:15:40,951] Trial 153 finished with value: 0.8168362266962592 and parameters: {'max_depth': 10, 'learning_rate': 0.01901021800344621, 'n_estimators': 96, 'gamma': 0.5599359910830767, 'min_child_weight': 7, 'subsample': 0.5093001773287948, 'colsample_bytree': 0.8649461704927175}. Best is trial 120 with value: 0.8202320840823741.
[I 2025-04-08 20:15:43,307] Trial 154 finished with value: 0.8159559519981162 and parameters: {'max_depth': 14, 'learning_rate': 0.07617224503604222, 'n_estimators': 119, 'gamma': 0.05973401078894863, 'min_child_weight': 7, 'subsample': 0.6585201208567124, 'colsample_bytree': 0.8530859396778412}. Best is trial 120 with value: 0.8202320840823741.
[I 2025-04-08 20:15:46,299] Trial 155 finished with value: 0.8162492070270148 and parameters: {'max_depth': 16, 'learning_rate': 0.05160339196041121, 'n_estimators': 110, 'gamma': 0.07802894225215211, 'min_child_weight': 6, 'subsample': 0.6832375360288637, 'colsample_bytree': 0.9041762652758489}. Best is trial 120 with value: 0.8202320840823741.
[I 2025-04-08 20:15:47,917] Trial 156 finished with value: 0.8186391265611244 and parameters: {'max_depth': 11, 'learning_rate': 0.027964846671007616, 'n_estimators': 104, 'gamma': 0.2467869830698727, 'min_child_weight': 7, 'subsample': 0.6456717326673458, 'colsample_bytree': 0.878915331419203}. Best is trial 120 with value: 0.8202320840823741.
[I 2025-04-08 20:15:49,562] Trial 157 finished with value: 0.8196032938472326 and parameters: {'max_depth': 13, 'learning_rate': 0.03996803730586201, 'n_estimators': 87, 'gamma': 0.04577076490027396, 'min_child_weight': 7, 'subsample': 0.7090652136890528, 'colsample_bytree': 0.7816553120645342}. Best is trial 120 with value: 0.8202320840823741.
[I 2025-04-08 20:15:50,803] Trial 158 finished with value: 0.6377394866279713 and parameters: {'max_depth': 13, 'learning_rate': 0.00021297606593006797, 'n_estimators': 63, 'gamma': 0.04795603364919807, 'min_child_weight': 7, 'subsample': 0.7053820192774779, 'colsample_bytree': 0.7690892152788451}. Best is trial 120 with value: 0.8202320840823741.
[I 2025-04-08 20:15:52,173] Trial 159 finished with value: 0.8184296586833397 and parameters: {'max_depth': 12, 'learning_rate': 0.03570161207780101, 'n_estimators': 73, 'gamma': 0.10157644830672632, 'min_child_weight': 7, 'subsample': 0.7232850122419671, 'colsample_bytree': 0.7856419235405214}. Best is trial 120 with value: 0.8202320840823741.
[I 2025-04-08 20:15:53,910] Trial 160 finished with value: 0.8170040997362321 and parameters: {'max_depth': 14, 'learning_rate': 0.02299718137512759, 'n_estimators': 82, 'gamma': 0.13526329202893506, 'min_child_weight': 7, 'subsample': 0.6932155462631624, 'colsample_bytree': 0.7555568828708802}. Best is trial 120 with value: 0.8202320840823741.
[I 2025-04-08 20:15:55,680] Trial 161 finished with value: 0.8193096346437377 and parameters: {'max_depth': 10, 'learning_rate': 0.05765564256038855, 'n_estimators': 89, 'gamma': 0.025336750263499623, 'min_child_weight': 7, 'subsample': 0.6702479549425262, 'colsample_bytree': 0.8145535452046845}. Best is trial 120 with value: 0.8202320840823741.
[I 2025-04-08 20:15:57,315] Trial 162 finished with value: 0.8198967421770249 and parameters: {'max_depth': 12, 'learning_rate': 0.040217702934278524, 'n_estimators': 94, 'gamma': 0.07153415035229091, 'min_child_weight': 7, 'subsample': 0.6803309718741612, 'colsample_bytree': 0.8584350518698316}. Best is trial 120 with value: 0.8202320840823741.
[I 2025-04-08 20:15:59,131] Trial 163 finished with value: 0.8182196284756819 and parameters: {'max_depth': 13, 'learning_rate': 0.03850668426373649, 'n_estimators': 92, 'gamma': 0.07099203204882595, 'min_child_weight': 7, 'subsample': 0.6534344845964876, 'colsample_bytree': 0.8334585741388865}. Best is trial 120 with value: 0.8202320840823741.
[I 2025-04-08 20:16:00,623] Trial 164 finished with value: 0.8194356668265792 and parameters: {'max_depth': 9, 'learning_rate': 0.046764487734732026, 'n_estimators': 111, 'gamma': 0.043041639483994865, 'min_child_weight': 7, 'subsample': 0.6788001395103577, 'colsample_bytree': 0.8573555221685285}. Best is trial 120 with value: 0.8202320840823741.
[I 2025-04-08 20:16:02,619] Trial 165 finished with value: 0.8192677410681807 and parameters: {'max_depth': 13, 'learning_rate': 0.04710644984040811, 'n_estimators': 96, 'gamma': 0.04573112758640502, 'min_child_weight': 7, 'subsample': 0.6798294068519098, 'colsample_bytree': 0.859985136987883}. Best is trial 120 with value: 0.8202320840823741.
[I 2025-04-08 20:16:04,291] Trial 166 finished with value: 0.8190583786272475 and parameters: {'max_depth': 9, 'learning_rate': 0.06855465340916733, 'n_estimators': 111, 'gamma': 0.09452352752700414, 'min_child_weight': 7, 'subsample': 0.638373808583627, 'colsample_bytree': 0.774840774769405}. Best is trial 120 with value: 0.8202320840823741.
[I 2025-04-08 20:16:06,632] Trial 167 finished with value: 0.8169619952869727 and parameters: {'max_depth': 12, 'learning_rate': 0.027448458230698754, 'n_estimators': 102, 'gamma': 0.11587290589351597, 'min_child_weight': 7, 'subsample': 0.6655680509480424, 'colsample_bytree': 0.7971129713547325}. Best is trial 120 with value: 0.8202320840823741.
[I 2025-04-08 20:16:08,291] Trial 168 finished with value: 0.8194776306933704 and parameters: {'max_depth': 11, 'learning_rate': 0.03483899877552349, 'n_estimators': 107, 'gamma': 0.05865751758129876, 'min_child_weight': 7, 'subsample': 0.6870677939972326, 'colsample_bytree': 0.8508089757183646}. Best is trial 120 with value: 0.8202320840823741.
[I 2025-04-08 20:16:10,314] Trial 169 finished with value: 0.8180940356130538 and parameters: {'max_depth': 15, 'learning_rate': 0.032667333936537576, 'n_estimators': 96, 'gamma': 0.0631965270798731, 'min_child_weight': 7, 'subsample': 0.7089343171174329, 'colsample_bytree': 0.8498972683601176}. Best is trial 120 with value: 0.8202320840823741.
[I 2025-04-08 20:16:11,907] Trial 170 finished with value: 0.815284987022481 and parameters: {'max_depth': 12, 'learning_rate': 0.016755720674531138, 'n_estimators': 89, 'gamma': 0.07955301861065159, 'min_child_weight': 7, 'subsample': 0.6899069542133914, 'colsample_bytree': 0.8897325974079704}. Best is trial 120 with value: 0.8202320840823741.
[I 2025-04-08 20:16:13,537] Trial 171 finished with value: 0.8199388290534759 and parameters: {'max_depth': 11, 'learning_rate': 0.04369511499199056, 'n_estimators': 107, 'gamma': 0.10473988965273512, 'min_child_weight': 7, 'subsample': 0.6734727334750703, 'colsample_bytree': 0.8668920672485254}. Best is trial 120 with value: 0.8202320840823741.
[I 2025-04-08 20:16:15,719] Trial 172 finished with value: 0.819687168862389 and parameters: {'max_depth': 11, 'learning_rate': 0.039909748381538705, 'n_estimators': 106, 'gamma': 0.1015498303847369, 'min_child_weight': 7, 'subsample': 0.6051171048469415, 'colsample_bytree': 0.868293446490093}. Best is trial 120 with value: 0.8202320840823741.
[I 2025-04-08 20:16:17,272] Trial 173 finished with value: 0.8186387048137194 and parameters: {'max_depth': 11, 'learning_rate': 0.0620533259135007, 'n_estimators': 106, 'gamma': 0.08940674664294541, 'min_child_weight': 7, 'subsample': 0.5912912487186638, 'colsample_bytree': 0.8702159817460549}. Best is trial 120 with value: 0.8202320840823741.
[I 2025-04-08 20:16:18,831] Trial 174 finished with value: 0.8192679870875003 and parameters: {'max_depth': 10, 'learning_rate': 0.03864941981354469, 'n_estimators': 117, 'gamma': 0.21150900054950855, 'min_child_weight': 7, 'subsample': 0.6111700161091271, 'colsample_bytree': 0.8433139562662396}. Best is trial 120 with value: 0.8202320840823741.
[I 2025-04-08 20:16:20,746] Trial 175 finished with value: 0.8187646491325182 and parameters: {'max_depth': 13, 'learning_rate': 0.031151116784931532, 'n_estimators': 101, 'gamma': 0.07370663208082018, 'min_child_weight': 7, 'subsample': 0.5930974358090348, 'colsample_bytree': 0.8763344441920106}. Best is trial 120 with value: 0.8202320840823741.
[I 2025-04-08 20:16:22,429] Trial 176 finished with value: 0.817842533577244 and parameters: {'max_depth': 11, 'learning_rate': 0.021543932337101102, 'n_estimators': 107, 'gamma': 0.12328036163907778, 'min_child_weight': 7, 'subsample': 0.6981886081466993, 'colsample_bytree': 0.8935464504578752}. Best is trial 120 with value: 0.8202320840823741.
[I 2025-04-08 20:16:24,636] Trial 177 finished with value: 0.8181778930554019 and parameters: {'max_depth': 14, 'learning_rate': 0.052530845377881, 'n_estimators': 124, 'gamma': 0.09856081384807117, 'min_child_weight': 7, 'subsample': 0.6067090467017816, 'colsample_bytree': 0.8834077614524534}. Best is trial 120 with value: 0.8202320840823741.
[I 2025-04-08 20:16:26,904] Trial 178 finished with value: 0.6377394866279713 and parameters: {'max_depth': 12, 'learning_rate': 4.333590429097309e-05, 'n_estimators': 114, 'gamma': 0.05868243170503837, 'min_child_weight': 7, 'subsample': 0.6265867741383855, 'colsample_bytree': 0.8684016847055493}. Best is trial 120 with value: 0.8202320840823741.
[I 2025-04-08 20:16:28,269] Trial 179 finished with value: 0.8184294478096372 and parameters: {'max_depth': 10, 'learning_rate': 0.08103734781556743, 'n_estimators': 101, 'gamma': 0.15092522291108348, 'min_child_weight': 7, 'subsample': 0.5712197063912072, 'colsample_bytree': 0.7467096525017782}. Best is trial 120 with value: 0.8202320840823741.
[I 2025-04-08 20:16:29,691] Trial 180 finished with value: 0.8192260407935177 and parameters: {'max_depth': 11, 'learning_rate': 0.03985604786952608, 'n_estimators': 81, 'gamma': 0.10758019583896844, 'min_child_weight': 7, 'subsample': 0.6747650368842961, 'colsample_bytree': 0.846803679761825}. Best is trial 120 with value: 0.8202320840823741.
[I 2025-04-08 20:16:31,222] Trial 181 finished with value: 0.819729027292329 and parameters: {'max_depth': 12, 'learning_rate': 0.04074468715074623, 'n_estimators': 91, 'gamma': 0.10939271510711915, 'min_child_weight': 7, 'subsample': 0.6596100089113194, 'colsample_bytree': 0.8640394463777796}. Best is trial 120 with value: 0.8202320840823741.
[I 2025-04-08 20:16:32,782] Trial 182 finished with value: 0.8185971626943334 and parameters: {'max_depth': 13, 'learning_rate': 0.031953003627675655, 'n_estimators': 87, 'gamma': 0.08369077203682775, 'min_child_weight': 7, 'subsample': 0.6021316409670153, 'colsample_bytree': 0.8661928981863374}. Best is trial 120 with value: 0.8202320840823741.
[I 2025-04-08 20:16:34,476] Trial 183 finished with value: 0.8191837957617901 and parameters: {'max_depth': 12, 'learning_rate': 0.054227359397774594, 'n_estimators': 97, 'gamma': 0.1206751911894505, 'min_child_weight': 7, 'subsample': 0.6497812926631941, 'colsample_bytree': 0.8368035254340355}. Best is trial 120 with value: 0.8202320840823741.
[I 2025-04-08 20:16:37,067] Trial 184 finished with value: 0.8179683021679575 and parameters: {'max_depth': 14, 'learning_rate': 0.02514257893325456, 'n_estimators': 108, 'gamma': 0.10187059945345223, 'min_child_weight': 7, 'subsample': 0.6643659522899334, 'colsample_bytree': 0.8765781948396065}. Best is trial 120 with value: 0.8202320840823741.
[I 2025-04-08 20:16:38,592] Trial 185 finished with value: 0.8194774901109019 and parameters: {'max_depth': 10, 'learning_rate': 0.04214600621797517, 'n_estimators': 102, 'gamma': 0.09032169005725257, 'min_child_weight': 7, 'subsample': 0.6832874276078674, 'colsample_bytree': 0.8549468124659149}. Best is trial 120 with value: 0.8202320840823741.
[I 2025-04-08 20:16:40,506] Trial 186 finished with value: 0.8160395985667617 and parameters: {'max_depth': 13, 'learning_rate': 0.07307753645481253, 'n_estimators': 115, 'gamma': 0.07042463224963628, 'min_child_weight': 7, 'subsample': 0.6341403028692646, 'colsample_bytree': 0.8995939083312139}. Best is trial 120 with value: 0.8202320840823741.
[I 2025-04-08 20:16:42,104] Trial 187 finished with value: 0.8186810025638728 and parameters: {'max_depth': 11, 'learning_rate': 0.031627818399872484, 'n_estimators': 94, 'gamma': 0.11272897261259043, 'min_child_weight': 7, 'subsample': 0.6905930117625532, 'colsample_bytree': 0.863681637413238}. Best is trial 120 with value: 0.8202320840823741.
[I 2025-04-08 20:16:44,358] Trial 188 finished with value: 0.8190161687411367 and parameters: {'max_depth': 16, 'learning_rate': 0.05034046860429403, 'n_estimators': 106, 'gamma': 0.13914571869514164, 'min_child_weight': 7, 'subsample': 0.6713465212311688, 'colsample_bytree': 0.8857830568142752}. Best is trial 120 with value: 0.8202320840823741.
[I 2025-04-08 20:16:46,137] Trial 189 finished with value: 0.8156620116296847 and parameters: {'max_depth': 12, 'learning_rate': 0.09749940878414669, 'n_estimators': 120, 'gamma': 0.060342331641659884, 'min_child_weight': 7, 'subsample': 0.5784112022166686, 'colsample_bytree': 0.8223181904355453}. Best is trial 120 with value: 0.8202320840823741.
[I 2025-04-08 20:16:47,709] Trial 190 finished with value: 0.8179684954688513 and parameters: {'max_depth': 9, 'learning_rate': 0.06332245553285513, 'n_estimators': 78, 'gamma': 0.08135060725751678, 'min_child_weight': 7, 'subsample': 0.7554051039060139, 'colsample_bytree': 0.9077984310185447}. Best is trial 120 with value: 0.8202320840823741.
[I 2025-04-08 20:16:49,214] Trial 191 finished with value: 0.8190163268964135 and parameters: {'max_depth': 11, 'learning_rate': 0.041132614072875384, 'n_estimators': 92, 'gamma': 0.10359181839756848, 'min_child_weight': 7, 'subsample': 0.6567467675349787, 'colsample_bytree': 0.8560305296217223}. Best is trial 120 with value: 0.8202320840823741.
[I 2025-04-08 20:16:50,496] Trial 192 finished with value: 0.8183875015156546 and parameters: {'max_depth': 10, 'learning_rate': 0.036868192311802106, 'n_estimators': 86, 'gamma': 0.110332360540591, 'min_child_weight': 7, 'subsample': 0.6614394055333654, 'colsample_bytree': 0.867173394060604}. Best is trial 120 with value: 0.8202320840823741.
[I 2025-04-08 20:16:52,135] Trial 193 finished with value: 0.8180939653218197 and parameters: {'max_depth': 12, 'learning_rate': 0.046991563032041286, 'n_estimators': 99, 'gamma': 0.2886222154969414, 'min_child_weight': 7, 'subsample': 0.6440575650198387, 'colsample_bytree': 0.8464558303252526}. Best is trial 120 with value: 0.8202320840823741.
[I 2025-04-08 20:16:53,704] Trial 194 finished with value: 0.8180102836075571 and parameters: {'max_depth': 11, 'learning_rate': 0.02434013193604697, 'n_estimators': 95, 'gamma': 0.12826730376761375, 'min_child_weight': 7, 'subsample': 0.681753026129963, 'colsample_bytree': 0.8746772313614066}. Best is trial 120 with value: 0.8202320840823741.
[I 2025-04-08 20:16:55,839] Trial 195 finished with value: 0.817255215170254 and parameters: {'max_depth': 14, 'learning_rate': 0.06045489711239238, 'n_estimators': 103, 'gamma': 0.0896821128754102, 'min_child_weight': 7, 'subsample': 0.6662769892541877, 'colsample_bytree': 0.862211301494353}. Best is trial 120 with value: 0.8202320840823741.
[I 2025-04-08 20:16:58,606] Trial 196 finished with value: 0.8183037143645409 and parameters: {'max_depth': 15, 'learning_rate': 0.029874223917026755, 'n_estimators': 109, 'gamma': 0.09939936686258237, 'min_child_weight': 7, 'subsample': 0.7011482678171824, 'colsample_bytree': 0.8852344596216083}. Best is trial 120 with value: 0.8202320840823741.
[I 2025-04-08 20:17:00,391] Trial 197 finished with value: 0.8191840593539181 and parameters: {'max_depth': 12, 'learning_rate': 0.042361936781590684, 'n_estimators': 88, 'gamma': 0.172736260186484, 'min_child_weight': 7, 'subsample': 0.6192758345670017, 'colsample_bytree': 0.8535741954785161}. Best is trial 120 with value: 0.8202320840823741.
[I 2025-04-08 20:17:01,924] Trial 198 finished with value: 0.8189326100365338 and parameters: {'max_depth': 10, 'learning_rate': 0.05317103422598994, 'n_estimators': 98, 'gamma': 0.03379472349881869, 'min_child_weight': 7, 'subsample': 0.6575658164202103, 'colsample_bytree': 0.8418610083365856}. Best is trial 120 with value: 0.8202320840823741.
[I 2025-04-08 20:17:03,202] Trial 199 finished with value: 0.81733945921439 and parameters: {'max_depth': 8, 'learning_rate': 0.03769977584505168, 'n_estimators': 114, 'gamma': 0.11359578723163738, 'min_child_weight': 7, 'subsample': 0.7759729341150574, 'colsample_bytree': 0.8348247140077552}. Best is trial 120 with value: 0.8202320840823741.
[I 2025-04-08 20:17:05,009] Trial 200 finished with value: 0.8171716564656514 and parameters: {'max_depth': 13, 'learning_rate': 0.019897804071920086, 'n_estimators': 91, 'gamma': 0.07636434333938456, 'min_child_weight': 7, 'subsample': 0.6759474099679119, 'colsample_bytree': 0.8951525184691209}. Best is trial 120 with value: 0.8202320840823741.
[I 2025-04-08 20:17:06,635] Trial 201 finished with value: 0.8193936502413626 and parameters: {'max_depth': 10, 'learning_rate': 0.044472447907826736, 'n_estimators': 104, 'gamma': 0.09370717814777958, 'min_child_weight': 7, 'subsample': 0.6857375360406472, 'colsample_bytree': 0.859662753894137}. Best is trial 120 with value: 0.8202320840823741.
[I 2025-04-08 20:17:08,443] Trial 202 finished with value: 0.8182199799318527 and parameters: {'max_depth': 9, 'learning_rate': 0.03353704598583376, 'n_estimators': 102, 'gamma': 0.08615955041822293, 'min_child_weight': 7, 'subsample': 0.6855129817722267, 'colsample_bytree': 0.8545296422858535}. Best is trial 120 with value: 0.8202320840823741.
[I 2025-04-08 20:17:10,096] Trial 203 finished with value: 0.8198966718857909 and parameters: {'max_depth': 11, 'learning_rate': 0.046077780264777816, 'n_estimators': 109, 'gamma': 0.051495833912380495, 'min_child_weight': 7, 'subsample': 0.6749747683014603, 'colsample_bytree': 0.8729486705392843}. Best is trial 120 with value: 0.8202320840823741.
[I 2025-04-08 20:17:11,656] Trial 204 finished with value: 0.8180940004674367 and parameters: {'max_depth': 11, 'learning_rate': 0.07053922990144573, 'n_estimators': 110, 'gamma': 0.05065649854641603, 'min_child_weight': 7, 'subsample': 0.6695953664075822, 'colsample_bytree': 0.873602352990238}. Best is trial 120 with value: 0.8202320840823741.
[I 2025-04-08 20:17:13,471] Trial 205 finished with value: 0.8189322937259803 and parameters: {'max_depth': 11, 'learning_rate': 0.05235358410960672, 'n_estimators': 129, 'gamma': 0.05873676066310934, 'min_child_weight': 7, 'subsample': 0.6512112254842473, 'colsample_bytree': 0.8800476430769867}. Best is trial 120 with value: 0.8202320840823741.
[I 2025-04-08 20:17:15,247] Trial 206 finished with value: 0.6377394866279713 and parameters: {'max_depth': 12, 'learning_rate': 0.0024066410077619163, 'n_estimators': 95, 'gamma': 0.06860310917901137, 'min_child_weight': 7, 'subsample': 0.7315053719476555, 'colsample_bytree': 0.8713648592513978}. Best is trial 120 with value: 0.8202320840823741.
[I 2025-04-08 20:17:17,588] Trial 207 finished with value: 0.8195192606767991 and parameters: {'max_depth': 15, 'learning_rate': 0.029454157481331046, 'n_estimators': 118, 'gamma': 0.11676026541152879, 'min_child_weight': 7, 'subsample': 0.7087799741858284, 'colsample_bytree': 0.914309367541705}. Best is trial 120 with value: 0.8202320840823741.
[I 2025-04-08 20:17:20,414] Trial 208 finished with value: 0.8190161160227112 and parameters: {'max_depth': 15, 'learning_rate': 0.026682580993317884, 'n_estimators': 120, 'gamma': 0.12660388702942552, 'min_child_weight': 7, 'subsample': 0.7095622716666262, 'colsample_bytree': 0.916855224942793}. Best is trial 120 with value: 0.8202320840823741.
[I 2025-04-08 20:17:22,704] Trial 209 finished with value: 0.8179682143039149 and parameters: {'max_depth': 15, 'learning_rate': 0.03093726894131213, 'n_estimators': 114, 'gamma': 0.04334707062937651, 'min_child_weight': 7, 'subsample': 0.6964485659797829, 'colsample_bytree': 0.9234042241903851}. Best is trial 120 with value: 0.8202320840823741.
[I 2025-04-08 20:17:24,798] Trial 210 finished with value: 0.8185971451215248 and parameters: {'max_depth': 14, 'learning_rate': 0.038814985848494264, 'n_estimators': 111, 'gamma': 0.031925213952635756, 'min_child_weight': 7, 'subsample': 0.6941460891199108, 'colsample_bytree': 0.9044967901295872}. Best is trial 120 with value: 0.8202320840823741.
[I 2025-04-08 20:17:26,869] Trial 211 finished with value: 0.8196870809983464 and parameters: {'max_depth': 13, 'learning_rate': 0.050979555511958305, 'n_estimators': 108, 'gamma': 0.10713672496034105, 'min_child_weight': 7, 'subsample': 0.6749092199345004, 'colsample_bytree': 0.7198345369682544}. Best is trial 120 with value: 0.8202320840823741.
[I 2025-04-08 20:17:29,911] Trial 212 finished with value: 0.8176327318160972 and parameters: {'max_depth': 16, 'learning_rate': 0.05330822236649601, 'n_estimators': 124, 'gamma': 0.11866202045298876, 'min_child_weight': 7, 'subsample': 0.6732044976446272, 'colsample_bytree': 0.6876435317556642}. Best is trial 120 with value: 0.8202320840823741.
[I 2025-04-08 20:17:31,664] Trial 213 finished with value: 0.8183872906419524 and parameters: {'max_depth': 13, 'learning_rate': 0.06437191661425316, 'n_estimators': 107, 'gamma': 0.13699910525550263, 'min_child_weight': 7, 'subsample': 0.7121193404986272, 'colsample_bytree': 0.7125229573540661}. Best is trial 120 with value: 0.8202320840823741.
[I 2025-04-08 20:17:33,774] Trial 214 finished with value: 0.8190582556175876 and parameters: {'max_depth': 14, 'learning_rate': 0.037859021194106154, 'n_estimators': 117, 'gamma': 0.10038226382365102, 'min_child_weight': 7, 'subsample': 0.6799057796663434, 'colsample_bytree': 0.7245005285701448}. Best is trial 120 with value: 0.8202320840823741.
[I 2025-04-08 20:17:36,048] Trial 215 finished with value: 0.8193517390929971 and parameters: {'max_depth': 13, 'learning_rate': 0.025237504336483137, 'n_estimators': 107, 'gamma': 0.08352803600978179, 'min_child_weight': 7, 'subsample': 0.7236212962274479, 'colsample_bytree': 0.738079334615701}. Best is trial 120 with value: 0.8202320840823741.
