[I 2025-04-08 01:11:31,750] Trial 30 finished with value: 0.8136501886440997 and parameters: {'lambda_l1': 0.00010144037038452395, 'lambda_l2': 0.4512128245021452, 'num_leaves': 87, 'feature_fraction': 0.9698298874688525, 'bagging_fraction': 0.7992243865448241, 'bagging_freq': 16, 'min_child_samples': 114}. Best is trial 0 with value: 0.8188905934513173.
[I 2025-04-08 01:11:33,266] Trial 31 finished with value: 0.8181359467614193 and parameters: {'lambda_l1': 0.005848135356442969, 'lambda_l2': 8.120707198826677e-05, 'num_leaves': 41, 'feature_fraction': 0.45014215403784597, 'bagging_fraction': 0.8473227714883653, 'bagging_freq': 13, 'min_child_samples': 119}. Best is trial 0 with value: 0.8188905934513173.
[I 2025-04-08 01:11:35,294] Trial 32 finished with value: 0.8166684063747119 and parameters: {'lambda_l1': 0.0007577937779078987, 'lambda_l2': 8.748571348322761e-05, 'num_leaves': 52, 'feature_fraction': 0.525683547585059, 'bagging_fraction': 0.7429073929150183, 'bagging_freq': 14, 'min_child_samples': 128}. Best is trial 0 with value: 0.8188905934513173.
[I 2025-04-08 01:11:36,680] Trial 33 finished with value: 0.8182198042037673 and parameters: {'lambda_l1': 0.052873422562890335, 'lambda_l2': 0.05080054071031227, 'num_leaves': 31, 'feature_fraction': 0.4564536572905613, 'bagging_fraction': 0.8648840666949642, 'bagging_freq': 12, 'min_child_samples': 85}. Best is trial 0 with value: 0.8188905934513173.
[I 2025-04-08 01:11:38,338] Trial 34 finished with value: 0.8187229312850468 and parameters: {'lambda_l1': 0.016890179070181942, 'lambda_l2': 0.0024215230576332793, 'num_leaves': 30, 'feature_fraction': 0.48578899501540973, 'bagging_fraction': 0.9419818669655855, 'bagging_freq': 12, 'min_child_samples': 71}. Best is trial 0 with value: 0.8188905934513173.
[I 2025-04-08 01:11:39,619] Trial 35 finished with value: 0.8181360521982706 and parameters: {'lambda_l1': 0.05045836307854296, 'lambda_l2': 0.0024298312768769154, 'num_leaves': 32, 'feature_fraction': 0.4013698460602909, 'bagging_fraction': 0.9431839050251123, 'bagging_freq': 12, 'min_child_samples': 85}. Best is trial 0 with value: 0.8188905934513173.
[I 2025-04-08 01:11:40,424] Trial 36 finished with value: 0.8140275471346656 and parameters: {'lambda_l1': 8.04302725386467, 'lambda_l2': 0.02908256925719647, 'num_leaves': 13, 'feature_fraction': 0.5660294405369148, 'bagging_fraction': 0.9304902699151365, 'bagging_freq': 12, 'min_child_samples': 70}. Best is trial 0 with value: 0.8188905934513173.
[I 2025-04-08 01:11:42,669] Trial 37 finished with value: 0.814991784712008 and parameters: {'lambda_l1': 0.02723663157332078, 'lambda_l2': 0.007577803877509925, 'num_leaves': 65, 'feature_fraction': 0.9045525797759169, 'bagging_fraction': 0.8804405864284427, 'bagging_freq': 11, 'min_child_samples': 65}. Best is trial 0 with value: 0.8188905934513173.
[I 2025-04-08 01:11:44,012] Trial 38 finished with value: 0.8183877475349742 and parameters: {'lambda_l1': 0.19615116097670307, 'lambda_l2': 0.0006591915178222102, 'num_leaves': 27, 'feature_fraction': 0.485878279429328, 'bagging_fraction': 0.9639920765804689, 'bagging_freq': 15, 'min_child_samples': 86}. Best is trial 0 with value: 0.8188905934513173.
[I 2025-04-08 01:11:44,649] Trial 39 finished with value: 0.7983902253009784 and parameters: {'lambda_l1': 0.9577898543922831, 'lambda_l2': 0.0005307429640752266, 'num_leaves': 4, 'feature_fraction': 0.7239434437722153, 'bagging_fraction': 0.9700232846421296, 'bagging_freq': 15, 'min_child_samples': 60}. Best is trial 0 with value: 0.8188905934513173.
[I 2025-04-08 01:11:45,643] Trial 40 finished with value: 0.815620715529618 and parameters: {'lambda_l1': 0.1563320604123349, 'lambda_l2': 0.0020300477635978023, 'num_leaves': 15, 'feature_fraction': 0.49357764838777274, 'bagging_fraction': 0.9893835602932995, 'bagging_freq': 15, 'min_child_samples': 110}. Best is trial 0 with value: 0.8188905934513173.
[I 2025-04-08 01:11:46,947] Trial 41 finished with value: 0.8181359994798448 and parameters: {'lambda_l1': 0.016067855243160817, 'lambda_l2': 0.11879135484381105, 'num_leaves': 26, 'feature_fraction': 0.4291273580231838, 'bagging_fraction': 0.9091133358384419, 'bagging_freq': 14, 'min_child_samples': 84}. Best is trial 0 with value: 0.8188905934513173.
[I 2025-04-08 01:11:48,998] Trial 42 finished with value: 0.8172557072088932 and parameters: {'lambda_l1': 0.06771399156810702, 'lambda_l2': 0.04801941501873141, 'num_leaves': 39, 'feature_fraction': 0.47124796971293365, 'bagging_fraction': 0.951130465728035, 'bagging_freq': 11, 'min_child_samples': 76}. Best is trial 0 with value: 0.8188905934513173.
[I 2025-04-08 01:11:49,944] Trial 43 finished with value: 0.8159558817068822 and parameters: {'lambda_l1': 0.002156496183856745, 'lambda_l2': 0.008568743708215015, 'num_leaves': 19, 'feature_fraction': 0.5273748095082673, 'bagging_fraction': 0.869988987550417, 'bagging_freq': 13, 'min_child_samples': 98}. Best is trial 0 with value: 0.8188905934513173.
[I 2025-04-08 01:11:51,146] Trial 44 finished with value: 0.8186811607191495 and parameters: {'lambda_l1': 0.5258245830245023, 'lambda_l2': 0.0025518869111695445, 'num_leaves': 29, 'feature_fraction': 0.4333556189926753, 'bagging_fraction': 0.9111607191840185, 'bagging_freq': 16, 'min_child_samples': 89}. Best is trial 0 with value: 0.8188905934513173.
[I 2025-04-08 01:11:54,808] Trial 45 finished with value: 0.815536559349525 and parameters: {'lambda_l1': 0.8550442167598485, 'lambda_l2': 0.00022416470793753103, 'num_leaves': 112, 'feature_fraction': 0.4301213347779296, 'bagging_fraction': 0.915799633982439, 'bagging_freq': 16, 'min_child_samples': 73}. Best is trial 0 with value: 0.8188905934513173.
[I 2025-04-08 01:11:56,376] Trial 46 finished with value: 0.8181779106282103 and parameters: {'lambda_l1': 5.939773404684479, 'lambda_l2': 0.0013217972146196476, 'num_leaves': 35, 'feature_fraction': 0.5567690827417721, 'bagging_fraction': 0.9610265430338926, 'bagging_freq': 15, 'min_child_samples': 90}. Best is trial 0 with value: 0.8188905934513173.
[I 2025-04-08 01:11:57,534] Trial 47 finished with value: 0.8156624158042811 and parameters: {'lambda_l1': 0.00018637570141224086, 'lambda_l2': 2.2245055474762816e-05, 'num_leaves': 27, 'feature_fraction': 0.501921280069838, 'bagging_fraction': 0.8366891688160608, 'bagging_freq': 14, 'min_child_samples': 48}. Best is trial 0 with value: 0.8188905934513173.
[I 2025-04-08 01:11:59,642] Trial 48 finished with value: 0.8170459054477466 and parameters: {'lambda_l1': 2.03663474343466, 'lambda_l2': 0.0047399621278882, 'num_leaves': 48, 'feature_fraction': 0.6695755680269061, 'bagging_fraction': 0.7978772513830353, 'bagging_freq': 16, 'min_child_samples': 104}. Best is trial 0 with value: 0.8188905934513173.
[I 2025-04-08 01:12:01,602] Trial 49 finished with value: 0.8182198744950014 and parameters: {'lambda_l1': 0.3631632139925193, 'lambda_l2': 0.0002362807838733187, 'num_leaves': 61, 'feature_fraction': 0.42927147183767433, 'bagging_fraction': 0.909217617090958, 'bagging_freq': 15, 'min_child_samples': 109}. Best is trial 0 with value: 0.8188905934513173.
[I 2025-04-08 01:12:03,038] Trial 50 finished with value: 0.8165426377839985 and parameters: {'lambda_l1': 0.0010011238772375617, 'lambda_l2': 2.375020608284229e-06, 'num_leaves': 36, 'feature_fraction': 0.8162478392662161, 'bagging_fraction': 0.9831592078731289, 'bagging_freq': 9, 'min_child_samples': 123}. Best is trial 0 with value: 0.8188905934513173.
[I 2025-04-08 01:12:05,298] Trial 51 finished with value: 0.8174652278051034 and parameters: {'lambda_l1': 0.33885855024486994, 'lambda_l2': 0.0002214389313556497, 'num_leaves': 70, 'feature_fraction': 0.434209862739111, 'bagging_fraction': 0.9027727790386373, 'bagging_freq': 15, 'min_child_samples': 109}. Best is trial 0 with value: 0.8188905934513173.
[I 2025-04-08 01:12:07,170] Trial 52 finished with value: 0.8185553218372019 and parameters: {'lambda_l1': 0.15608903857580514, 'lambda_l2': 0.013361739625884106, 'num_leaves': 58, 'feature_fraction': 0.4803537719889209, 'bagging_fraction': 0.9227552751917412, 'bagging_freq': 16, 'min_child_samples': 114}. Best is trial 0 with value: 0.8188905934513173.
[I 2025-04-08 01:12:09,373] Trial 53 finished with value: 0.8185552339731593 and parameters: {'lambda_l1': 0.11596449186960223, 'lambda_l2': 0.015766366198975566, 'num_leaves': 45, 'feature_fraction': 0.48215257257728766, 'bagging_fraction': 0.9371434177740998, 'bagging_freq': 16, 'min_child_samples': 99}. Best is trial 0 with value: 0.8188905934513173.
[I 2025-04-08 01:12:11,462] Trial 54 finished with value: 0.8160398094404642 and parameters: {'lambda_l1': 0.10552351894763375, 'lambda_l2': 0.19494771379936393, 'num_leaves': 59, 'feature_fraction': 0.5319153380032654, 'bagging_fraction': 0.960320900368929, 'bagging_freq': 16, 'min_child_samples': 89}. Best is trial 0 with value: 0.8188905934513173.
[I 2025-04-08 01:12:12,614] Trial 55 finished with value: 0.813314864311559 and parameters: {'lambda_l1': 17.493213365316592, 'lambda_l2': 0.014653080588923636, 'num_leaves': 50, 'feature_fraction': 0.48550593841938017, 'bagging_fraction': 0.8545135502927492, 'bagging_freq': 16, 'min_child_samples': 99}. Best is trial 0 with value: 0.8188905934513173.
[I 2025-04-08 01:12:13,921] Trial 56 finished with value: 0.8194356492537708 and parameters: {'lambda_l1': 2.93769155069643, 'lambda_l2': 0.0011374810548361034, 'num_leaves': 27, 'feature_fraction': 0.5042974062020017, 'bagging_fraction': 0.885635679755816, 'bagging_freq': 16, 'min_child_samples': 114}. Best is trial 56 with value: 0.8194356492537708.
[I 2025-04-08 01:12:14,944] Trial 57 finished with value: 0.8176749065565906 and parameters: {'lambda_l1': 2.288857338648312, 'lambda_l2': 0.002951279373387336, 'num_leaves': 17, 'feature_fraction': 0.5145558829341702, 'bagging_fraction': 0.8176636468653579, 'bagging_freq': 7, 'min_child_samples': 114}. Best is trial 56 with value: 0.8194356492537708.
[I 2025-04-08 01:12:15,662] Trial 58 finished with value: 0.7946590084367054 and parameters: {'lambda_l1': 85.7941772016664, 'lambda_l2': 1.0834295079383223, 'num_leaves': 43, 'feature_fraction': 0.5740169692747465, 'bagging_fraction': 0.8876139965781408, 'bagging_freq': 16, 'min_child_samples': 106}. Best is trial 56 with value: 0.8194356492537708.
[I 2025-04-08 01:12:18,028] Trial 59 finished with value: 0.8154529127808793 and parameters: {'lambda_l1': 2.973820047478389e-07, 'lambda_l2': 0.02119967979799957, 'num_leaves': 70, 'feature_fraction': 0.6148798532886095, 'bagging_fraction': 0.9310686317124022, 'bagging_freq': 14, 'min_child_samples': 94}. Best is trial 56 with value: 0.8194356492537708.
[I 2025-04-08 01:12:19,883] Trial 60 finished with value: 0.818806823873012 and parameters: {'lambda_l1': 0.6874477603000694, 'lambda_l2': 0.0012570112444376372, 'num_leaves': 34, 'feature_fraction': 0.5448639941269524, 'bagging_fraction': 0.8852524124271828, 'bagging_freq': 8, 'min_child_samples': 124}. Best is trial 56 with value: 0.8194356492537708.
[I 2025-04-08 01:12:21,161] Trial 61 finished with value: 0.8159141462866021 and parameters: {'lambda_l1': 14.71640878008658, 'lambda_l2': 0.0013804985779281651, 'num_leaves': 35, 'feature_fraction': 0.5359337446953015, 'bagging_fraction': 0.8867495816408462, 'bagging_freq': 5, 'min_child_samples': 123}. Best is trial 56 with value: 0.8194356492537708.
[I 2025-04-08 01:12:22,965] Trial 62 finished with value: 0.8175488743737491 and parameters: {'lambda_l1': 0.6829539552800251, 'lambda_l2': 0.010910042911785359, 'num_leaves': 44, 'feature_fraction': 0.45514482707099, 'bagging_fraction': 0.668059192938224, 'bagging_freq': 8, 'min_child_samples': 115}. Best is trial 56 with value: 0.8194356492537708.
[I 2025-04-08 01:12:25,182] Trial 63 finished with value: 0.8168785595920296 and parameters: {'lambda_l1': 7.538413701444294e-06, 'lambda_l2': 0.0044629213652370705, 'num_leaves': 55, 'feature_fraction': 0.504346281074029, 'bagging_fraction': 0.9185145351261822, 'bagging_freq': 3, 'min_child_samples': 124}. Best is trial 56 with value: 0.8194356492537708.
[I 2025-04-08 01:12:26,267] Trial 64 finished with value: 0.8186808268357874 and parameters: {'lambda_l1': 3.0094214791809306, 'lambda_l2': 0.09285440177348189, 'num_leaves': 24, 'feature_fraction': 0.4143537824368646, 'bagging_fraction': 0.8149331736214518, 'bagging_freq': 16, 'min_child_samples': 101}. Best is trial 56 with value: 0.8194356492537708.
[I 2025-04-08 01:12:27,331] Trial 65 finished with value: 0.8172975832116418 and parameters: {'lambda_l1': 5.5449470494651205, 'lambda_l2': 0.09558601345431894, 'num_leaves': 23, 'feature_fraction': 0.42284940315295877, 'bagging_fraction': 0.7585381051919684, 'bagging_freq': 5, 'min_child_samples': 117}. Best is trial 56 with value: 0.8194356492537708.
[I 2025-04-08 01:12:28,045] Trial 66 finished with value: 0.8039243420301163 and parameters: {'lambda_l1': 30.676890406415488, 'lambda_l2': 3.172971241610645, 'num_leaves': 9, 'feature_fraction': 0.4194139981817829, 'bagging_fraction': 0.8129362579361744, 'bagging_freq': 2, 'min_child_samples': 111}. Best is trial 56 with value: 0.8194356492537708.
[I 2025-04-08 01:12:29,875] Trial 67 finished with value: 0.8174651575138693 and parameters: {'lambda_l1': 1.7203797745461247, 'lambda_l2': 0.000984154085220578, 'num_leaves': 29, 'feature_fraction': 0.45269738534001414, 'bagging_fraction': 0.8484849869482973, 'bagging_freq': 1, 'min_child_samples': 102}. Best is trial 56 with value: 0.8194356492537708.
[I 2025-04-08 01:12:32,726] Trial 68 finished with value: 0.8161233681450669 and parameters: {'lambda_l1': 3.459636416018256, 'lambda_l2': 0.37601514986711954, 'num_leaves': 90, 'feature_fraction': 0.4682883171769975, 'bagging_fraction': 0.7867453027223358, 'bagging_freq': 13, 'min_child_samples': 34}. Best is trial 56 with value: 0.8194356492537708.
[I 2025-04-08 01:12:33,698] Trial 69 finished with value: 0.8168367187348984 and parameters: {'lambda_l1': 4.5111565916215144e-05, 'lambda_l2': 0.0037014325291099943, 'num_leaves': 22, 'feature_fraction': 0.4134313971999092, 'bagging_fraction': 0.8659708948111482, 'bagging_freq': 10, 'min_child_samples': 3}. Best is trial 56 with value: 0.8194356492537708.
[I 2025-04-08 01:12:35,088] Trial 70 finished with value: 0.8178006751473041 and parameters: {'lambda_l1': 0.897145928517033, 'lambda_l2': 0.0625661229888799, 'num_leaves': 34, 'feature_fraction': 0.5509865121000198, 'bagging_fraction': 0.8332533755872336, 'bagging_freq': 6, 'min_child_samples': 80}. Best is trial 56 with value: 0.8194356492537708.
[I 2025-04-08 01:12:36,473] Trial 71 finished with value: 0.8187230367218981 and parameters: {'lambda_l1': 0.01194246080092004, 'lambda_l2': 0.024608816777617372, 'num_leaves': 38, 'feature_fraction': 0.4430636303461688, 'bagging_fraction': 0.9264318257704798, 'bagging_freq': 16, 'min_child_samples': 106}. Best is trial 56 with value: 0.8194356492537708.
[I 2025-04-08 01:12:37,831] Trial 72 finished with value: 0.8175908206677315 and parameters: {'lambda_l1': 0.015966012815643766, 'lambda_l2': 0.006650893669757259, 'num_leaves': 38, 'feature_fraction': 0.4002834857722298, 'bagging_fraction': 0.8957755103247796, 'bagging_freq': 15, 'min_child_samples': 107}. Best is trial 56 with value: 0.8194356492537708.
[I 2025-04-08 01:12:38,777] Trial 73 finished with value: 0.8164590615065871 and parameters: {'lambda_l1': 0.5785594234550729, 'lambda_l2': 0.029358116217925626, 'num_leaves': 18, 'feature_fraction': 0.4439935814707797, 'bagging_fraction': 0.879977219198457, 'bagging_freq': 16, 'min_child_samples': 117}. Best is trial 56 with value: 0.8194356492537708.
[I 2025-04-08 01:12:40,363] Trial 74 finished with value: 0.8159979334377159 and parameters: {'lambda_l1': 10.550299274891493, 'lambda_l2': 0.00038851575308383035, 'num_leaves': 25, 'feature_fraction': 0.44630170834236665, 'bagging_fraction': 0.7282159676432634, 'bagging_freq': 15, 'min_child_samples': 124}. Best is trial 56 with value: 0.8194356492537708.
[I 2025-04-08 01:12:41,308] Trial 75 finished with value: 0.8178846555993118 and parameters: {'lambda_l1': 0.0033943818887963956, 'lambda_l2': 0.0015356024039521422, 'num_leaves': 20, 'feature_fraction': 0.47068584381409473, 'bagging_fraction': 0.9229038483878959, 'bagging_freq': 16, 'min_child_samples': 112}. Best is trial 56 with value: 0.8194356492537708.
[I 2025-04-08 01:12:42,495] Trial 76 finished with value: 0.8183037143645409 and parameters: {'lambda_l1': 0.04330162958586285, 'lambda_l2': 0.00012671646167333227, 'num_leaves': 29, 'feature_fraction': 0.5026569896453367, 'bagging_fraction': 0.5999737265377343, 'bagging_freq': 9, 'min_child_samples': 95}. Best is trial 56 with value: 0.8194356492537708.
[I 2025-04-08 01:12:44,152] Trial 77 finished with value: 0.8189326451821509 and parameters: {'lambda_l1': 0.00033353628892321375, 'lambda_l2': 4.032885525494146e-05, 'num_leaves': 40, 'feature_fraction': 0.4171631565742578, 'bagging_fraction': 0.8998853402630573, 'bagging_freq': 14, 'min_child_samples': 102}. Best is trial 56 with value: 0.8194356492537708.
[I 2025-04-08 01:12:45,591] Trial 78 finished with value: 0.8193936502413625 and parameters: {'lambda_l1': 0.0002900113338242407, 'lambda_l2': 2.6066975400463335e-05, 'num_leaves': 32, 'feature_fraction': 0.41690249898116905, 'bagging_fraction': 0.8556222877340494, 'bagging_freq': 14, 'min_child_samples': 102}. Best is trial 56 with value: 0.8194356492537708.
[I 2025-04-08 01:12:46,851] Trial 79 finished with value: 0.8178425511500524 and parameters: {'lambda_l1': 0.00026582738389128183, 'lambda_l2': 2.3349145530999682e-05, 'num_leaves': 32, 'feature_fraction': 0.4426974486652831, 'bagging_fraction': 0.8510892324088111, 'bagging_freq': 11, 'min_child_samples': 105}. Best is trial 56 with value: 0.8194356492537708.
[I 2025-04-08 01:12:48,441] Trial 80 finished with value: 0.8184711832299174 and parameters: {'lambda_l1': 0.0006205180181272987, 'lambda_l2': 9.008161106225099e-06, 'num_leaves': 38, 'feature_fraction': 0.46622243512083134, 'bagging_fraction': 0.944623743644783, 'bagging_freq': 13, 'min_child_samples': 127}. Best is trial 56 with value: 0.8194356492537708.
[I 2025-04-08 01:12:49,902] Trial 81 finished with value: 0.8188070523195229 and parameters: {'lambda_l1': 0.0001190460079289935, 'lambda_l2': 3.623188292987103e-05, 'num_leaves': 32, 'feature_fraction': 0.4128854960300895, 'bagging_fraction': 0.8702360359740325, 'bagging_freq': 14, 'min_child_samples': 91}. Best is trial 56 with value: 0.8194356492537708.
[I 2025-04-08 01:12:52,082] Trial 82 finished with value: 0.8182616626337073 and parameters: {'lambda_l1': 4.198204369096338e-05, 'lambda_l2': 3.541577963359751e-05, 'num_leaves': 42, 'feature_fraction': 0.4169037311885582, 'bagging_fraction': 0.8993599807346746, 'bagging_freq': 14, 'min_child_samples': 94}. Best is trial 56 with value: 0.8194356492537708.
[I 2025-04-08 01:12:53,424] Trial 83 finished with value: 0.8184715522588967 and parameters: {'lambda_l1': 1.1338642678594064e-05, 'lambda_l2': 1.2438222388014414e-06, 'num_leaves': 29, 'feature_fraction': 0.4378682775294413, 'bagging_fraction': 0.8805193185306776, 'bagging_freq': 14, 'min_child_samples': 88}. Best is trial 56 with value: 0.8194356492537708.
[I 2025-04-08 01:12:55,073] Trial 84 finished with value: 0.8180521244646883 and parameters: {'lambda_l1': 9.021916157051402e-05, 'lambda_l2': 9.770672304118243e-06, 'num_leaves': 34, 'feature_fraction': 0.4009192534901586, 'bagging_fraction': 0.9996550604291639, 'bagging_freq': 12, 'min_child_samples': 66}. Best is trial 56 with value: 0.8194356492537708.
[I 2025-04-08 01:12:55,967] Trial 85 finished with value: 0.8151596050335554 and parameters: {'lambda_l1': 0.0013864160941936018, 'lambda_l2': 0.00011786213191633847, 'num_leaves': 14, 'feature_fraction': 0.4574904811895117, 'bagging_fraction': 0.8653290095228946, 'bagging_freq': 13, 'min_child_samples': 91}. Best is trial 56 with value: 0.8194356492537708.
[I 2025-04-08 01:12:57,583] Trial 86 finished with value: 0.8182618032161754 and parameters: {'lambda_l1': 0.00026312202997886403, 'lambda_l2': 4.949915301751948e-05, 'num_leaves': 38, 'feature_fraction': 0.433668582546013, 'bagging_fraction': 0.900951962491324, 'bagging_freq': 15, 'min_child_samples': 107}. Best is trial 56 with value: 0.8194356492537708.
[I 2025-04-08 01:12:59,080] Trial 87 finished with value: 0.8173394240687729 and parameters: {'lambda_l1': 7.153507234253965e-05, 'lambda_l2': 4.241440293259862e-06, 'num_leaves': 32, 'feature_fraction': 0.5206631829240669, 'bagging_fraction': 0.9512314475730945, 'bagging_freq': 12, 'min_child_samples': 120}. Best is trial 56 with value: 0.8194356492537708.
[I 2025-04-08 01:13:01,862] Trial 88 finished with value: 0.8185971802671418 and parameters: {'lambda_l1': 0.00044385477624123176, 'lambda_l2': 0.0007748194804925279, 'num_leaves': 49, 'feature_fraction': 0.4923946062301917, 'bagging_fraction': 0.8331844683783952, 'bagging_freq': 14, 'min_child_samples': 80}. Best is trial 56 with value: 0.8194356492537708.
[I 2025-04-08 01:13:03,036] Trial 89 finished with value: 0.8184714995404712 and parameters: {'lambda_l1': 5.553243709610958e-06, 'lambda_l2': 0.00032886774067006716, 'num_leaves': 27, 'feature_fraction': 0.4263815124620748, 'bagging_fraction': 0.9816430236173759, 'bagging_freq': 15, 'min_child_samples': 101}. Best is trial 56 with value: 0.8194356492537708.
[I 2025-04-08 01:13:04,765] Trial 90 finished with value: 0.8173394240687729 and parameters: {'lambda_l1': 2.4747223514781464e-05, 'lambda_l2': 2.008713580845426e-05, 'num_leaves': 41, 'feature_fraction': 0.4138259134172793, 'bagging_fraction': 0.8700599027078172, 'bagging_freq': 11, 'min_child_samples': 98}. Best is trial 56 with value: 0.8194356492537708.
