[I 2025-04-08 20:58:03,919] Trial 231 finished with value: 0.8188487525941859 and parameters: {'max_depth': 10, 'learning_rate': 0.026611639318310676, 'n_estimators': 238, 'gamma': 0.36202275179362553, 'min_child_weight': 7, 'subsample': 0.7993418939227794, 'colsample_bytree': 0.9863972400784742}. Best is trial 83 with value: 0.8192260935119433.
[I 2025-04-08 20:58:06,289] Trial 232 finished with value: 0.8185553394100105 and parameters: {'max_depth': 10, 'learning_rate': 0.025271275068999233, 'n_estimators': 244, 'gamma': 0.3646115279133954, 'min_child_weight': 7, 'subsample': 0.7991213792511047, 'colsample_bytree': 0.9704015097449199}. Best is trial 83 with value: 0.8192260935119433.
[I 2025-04-08 20:58:08,580] Trial 233 finished with value: 0.8183455376488638 and parameters: {'max_depth': 10, 'learning_rate': 0.027221053000477925, 'n_estimators': 244, 'gamma': 0.3660565215182716, 'min_child_weight': 7, 'subsample': 0.8021341732145364, 'colsample_bytree': 0.9868729987853133}. Best is trial 83 with value: 0.8192260935119433.
[I 2025-04-08 20:58:11,080] Trial 234 finished with value: 0.8188068941642459 and parameters: {'max_depth': 11, 'learning_rate': 0.034314633059452426, 'n_estimators': 240, 'gamma': 0.3556969414749841, 'min_child_weight': 7, 'subsample': 0.7957592141060841, 'colsample_bytree': 0.9683448057384082}. Best is trial 83 with value: 0.8192260935119433.
[I 2025-04-08 20:58:14,101] Trial 235 finished with value: 0.8179264437380176 and parameters: {'max_depth': 12, 'learning_rate': 0.03728678617556772, 'n_estimators': 241, 'gamma': 0.358810888544773, 'min_child_weight': 7, 'subsample': 0.7971841021549047, 'colsample_bytree': 0.9681697062512472}. Best is trial 83 with value: 0.8192260935119433.
[I 2025-04-08 20:58:16,586] Trial 236 finished with value: 0.8188068941642459 and parameters: {'max_depth': 11, 'learning_rate': 0.031116414569520832, 'n_estimators': 249, 'gamma': 0.34911132258917893, 'min_child_weight': 7, 'subsample': 0.796808137684707, 'colsample_bytree': 0.985870307040498}. Best is trial 83 with value: 0.8192260935119433.
[I 2025-04-08 20:58:19,163] Trial 237 finished with value: 0.8181780687834872 and parameters: {'max_depth': 11, 'learning_rate': 0.024477157053197262, 'n_estimators': 252, 'gamma': 0.35070514500443345, 'min_child_weight': 7, 'subsample': 0.7945733816656259, 'colsample_bytree': 0.999383696088372}. Best is trial 83 with value: 0.8192260935119433.
[I 2025-04-08 20:58:21,476] Trial 238 finished with value: 0.8190582556175876 and parameters: {'max_depth': 10, 'learning_rate': 0.03184391020883076, 'n_estimators': 242, 'gamma': 0.3700693487220935, 'min_child_weight': 7, 'subsample': 0.8176480916326292, 'colsample_bytree': 0.9857664321023242}. Best is trial 83 with value: 0.8192260935119433.
[I 2025-04-08 20:58:23,749] Trial 239 finished with value: 0.8191422536424039 and parameters: {'max_depth': 10, 'learning_rate': 0.03299246588901503, 'n_estimators': 246, 'gamma': 0.37374284264919916, 'min_child_weight': 7, 'subsample': 0.8151445885734557, 'colsample_bytree': 0.9898863583647483}. Best is trial 83 with value: 0.8192260935119433.
[I 2025-04-08 20:58:26,535] Trial 240 finished with value: 0.8191003073484213 and parameters: {'max_depth': 10, 'learning_rate': 0.032774806503904505, 'n_estimators': 249, 'gamma': 0.36927689986810086, 'min_child_weight': 7, 'subsample': 0.8172329945073757, 'colsample_bytree': 0.9843564762956969}. Best is trial 83 with value: 0.8192260935119433.
[I 2025-04-08 20:58:28,836] Trial 241 finished with value: 0.8185973735680359 and parameters: {'max_depth': 10, 'learning_rate': 0.03255730556822708, 'n_estimators': 246, 'gamma': 0.36780211521957296, 'min_child_weight': 7, 'subsample': 0.8081020432697786, 'colsample_bytree': 0.9837381275141883}. Best is trial 83 with value: 0.8192260935119433.
[I 2025-04-08 20:58:31,336] Trial 242 finished with value: 0.8184716401229395 and parameters: {'max_depth': 11, 'learning_rate': 0.03458148175502976, 'n_estimators': 246, 'gamma': 0.38424647998775824, 'min_child_weight': 7, 'subsample': 0.814916449409133, 'colsample_bytree': 0.9864663625896238}. Best is trial 83 with value: 0.8192260935119433.
[I 2025-04-08 20:58:33,679] Trial 243 finished with value: 0.818555251545968 and parameters: {'max_depth': 10, 'learning_rate': 0.03358325635722039, 'n_estimators': 255, 'gamma': 0.36358738635071397, 'min_child_weight': 7, 'subsample': 0.8091860407889866, 'colsample_bytree': 0.9722569762072054}. Best is trial 83 with value: 0.8192260935119433.
[I 2025-04-08 20:58:36,571] Trial 244 finished with value: 0.8178426214412866 and parameters: {'max_depth': 11, 'learning_rate': 0.04085361798236224, 'n_estimators': 248, 'gamma': 0.37470288199799695, 'min_child_weight': 7, 'subsample': 0.8215360082338302, 'colsample_bytree': 0.9927340492229649}. Best is trial 83 with value: 0.8192260935119433.
[I 2025-04-08 20:58:38,895] Trial 245 finished with value: 0.8183876948165485 and parameters: {'max_depth': 10, 'learning_rate': 0.03120961574271183, 'n_estimators': 240, 'gamma': 0.3504121843640274, 'min_child_weight': 7, 'subsample': 0.8055727513625836, 'colsample_bytree': 0.9617564421623351}. Best is trial 83 with value: 0.8192260935119433.
[I 2025-04-08 20:58:41,335] Trial 246 finished with value: 0.8182618559346011 and parameters: {'max_depth': 10, 'learning_rate': 0.023429617551883015, 'n_estimators': 245, 'gamma': 0.3844460174799211, 'min_child_weight': 7, 'subsample': 0.8134294351969473, 'colsample_bytree': 0.9807499001072708}. Best is trial 83 with value: 0.8192260935119433.
[I 2025-04-08 20:58:43,879] Trial 247 finished with value: 0.8176331184178849 and parameters: {'max_depth': 11, 'learning_rate': 0.04251833851517638, 'n_estimators': 261, 'gamma': 0.3657293330776784, 'min_child_weight': 7, 'subsample': 0.7953670658308127, 'colsample_bytree': 0.9686661577831603}. Best is trial 83 with value: 0.8192260935119433.
[I 2025-04-08 20:58:46,633] Trial 248 finished with value: 0.8178424457132012 and parameters: {'max_depth': 10, 'learning_rate': 0.03376272681024878, 'n_estimators': 251, 'gamma': 0.36166023450252743, 'min_child_weight': 7, 'subsample': 0.8280028948691047, 'colsample_bytree': 0.9899074500776243}. Best is trial 83 with value: 0.8192260935119433.
[I 2025-04-08 20:58:48,925] Trial 249 finished with value: 0.8186391265611246 and parameters: {'max_depth': 10, 'learning_rate': 0.02737499869153346, 'n_estimators': 242, 'gamma': 0.3458051717914249, 'min_child_weight': 7, 'subsample': 0.7873526922793419, 'colsample_bytree': 0.9580147103224622}. Best is trial 83 with value: 0.8192260935119433.
[I 2025-04-08 20:58:51,436] Trial 250 finished with value: 0.8183038900926263 and parameters: {'max_depth': 11, 'learning_rate': 0.038634206532389415, 'n_estimators': 239, 'gamma': 0.34459305878446506, 'min_child_weight': 7, 'subsample': 0.7862718543256273, 'colsample_bytree': 0.9597132017216183}. Best is trial 83 with value: 0.8192260935119433.
[I 2025-04-08 20:58:54,024] Trial 251 finished with value: 0.8182619437986437 and parameters: {'max_depth': 10, 'learning_rate': 0.046387545561983545, 'n_estimators': 248, 'gamma': 0.3268633571675917, 'min_child_weight': 7, 'subsample': 0.81302757454061, 'colsample_bytree': 0.9806770127705637}. Best is trial 83 with value: 0.8192260935119433.
[I 2025-04-08 20:58:57,568] Trial 252 finished with value: 0.8186391617067414 and parameters: {'max_depth': 12, 'learning_rate': 0.029764031328583507, 'n_estimators': 242, 'gamma': 0.34393000958974784, 'min_child_weight': 7, 'subsample': 0.8210364486947823, 'colsample_bytree': 0.9992939623999512}. Best is trial 83 with value: 0.8192260935119433.
[I 2025-04-08 20:59:00,338] Trial 253 finished with value: 0.8187229488578552 and parameters: {'max_depth': 11, 'learning_rate': 0.031363577946443774, 'n_estimators': 239, 'gamma': 0.3450837371573259, 'min_child_weight': 7, 'subsample': 0.8191507507667902, 'colsample_bytree': 0.990057576909444}. Best is trial 83 with value: 0.8192260935119433.
[I 2025-04-08 20:59:02,948] Trial 254 finished with value: 0.8167526679916565 and parameters: {'max_depth': 12, 'learning_rate': 0.04396618021759434, 'n_estimators': 239, 'gamma': 0.3454989335804581, 'min_child_weight': 7, 'subsample': 0.7906237581684511, 'colsample_bytree': 0.9950888691815982}. Best is trial 83 with value: 0.8192260935119433.
[I 2025-04-08 20:59:05,859] Trial 255 finished with value: 0.8185553218372019 and parameters: {'max_depth': 12, 'learning_rate': 0.034130771382803446, 'n_estimators': 253, 'gamma': 0.3276457224393106, 'min_child_weight': 7, 'subsample': 0.8027141690094178, 'colsample_bytree': 0.9915154616019363}. Best is trial 83 with value: 0.8192260935119433.
[I 2025-04-08 20:59:08,735] Trial 256 finished with value: 0.6377394866279713 and parameters: {'max_depth': 11, 'learning_rate': 0.00010714284174388922, 'n_estimators': 243, 'gamma': 0.34221485357619363, 'min_child_weight': 7, 'subsample': 0.7809341436153199, 'colsample_bytree': 0.998410164513779}. Best is trial 83 with value: 0.8192260935119433.
[I 2025-04-08 20:59:11,414] Trial 257 finished with value: 0.8187649478702633 and parameters: {'max_depth': 11, 'learning_rate': 0.031507565344694885, 'n_estimators': 257, 'gamma': 0.3529133745678082, 'min_child_weight': 7, 'subsample': 0.8220690925771537, 'colsample_bytree': 0.9773825089452185}. Best is trial 83 with value: 0.8192260935119433.
[I 2025-04-08 20:59:14,673] Trial 258 finished with value: 0.8188069117370546 and parameters: {'max_depth': 12, 'learning_rate': 0.01685969358135067, 'n_estimators': 256, 'gamma': 0.3479417307450237, 'min_child_weight': 7, 'subsample': 0.8209554701472257, 'colsample_bytree': 0.9812521048533854}. Best is trial 83 with value: 0.8192260935119433.
[I 2025-04-08 20:59:18,085] Trial 259 finished with value: 0.8182619965170694 and parameters: {'max_depth': 11, 'learning_rate': 0.02010915662383388, 'n_estimators': 260, 'gamma': 0.35184187558095076, 'min_child_weight': 7, 'subsample': 0.8192166275926891, 'colsample_bytree': 0.9757319570674924}. Best is trial 83 with value: 0.8192260935119433.
[I 2025-04-08 20:59:21,635] Trial 260 finished with value: 0.8180523177655823 and parameters: {'max_depth': 12, 'learning_rate': 0.016524574111881556, 'n_estimators': 264, 'gamma': 0.3328894980924693, 'min_child_weight': 7, 'subsample': 0.8268444002721425, 'colsample_bytree': 0.9621118555752987}. Best is trial 83 with value: 0.8192260935119433.
[I 2025-04-08 20:59:24,441] Trial 261 finished with value: 0.8182619262258353 and parameters: {'max_depth': 12, 'learning_rate': 0.03008021262285181, 'n_estimators': 254, 'gamma': 0.3543308911513777, 'min_child_weight': 7, 'subsample': 0.8229625495493954, 'colsample_bytree': 0.9742786631353808}. Best is trial 83 with value: 0.8192260935119433.
[I 2025-04-08 20:59:27,448] Trial 262 finished with value: 0.8192679343690747 and parameters: {'max_depth': 11, 'learning_rate': 0.02234177592306082, 'n_estimators': 249, 'gamma': 0.31404123882582546, 'min_child_weight': 7, 'subsample': 0.9912157347336588, 'colsample_bytree': 0.9856968329585496}. Best is trial 262 with value: 0.8192679343690747.
[I 2025-04-08 20:59:30,559] Trial 263 finished with value: 0.8190164323332649 and parameters: {'max_depth': 11, 'learning_rate': 0.018070804160424156, 'n_estimators': 256, 'gamma': 0.3397081792275232, 'min_child_weight': 7, 'subsample': 0.9440132711433117, 'colsample_bytree': 0.9851272263870557}. Best is trial 262 with value: 0.8192679343690747.
[I 2025-04-08 20:59:33,796] Trial 264 finished with value: 0.8174232463655038 and parameters: {'max_depth': 11, 'learning_rate': 0.012179175663377792, 'n_estimators': 255, 'gamma': 0.31201180866699896, 'min_child_weight': 7, 'subsample': 0.99772744383688, 'colsample_bytree': 0.9869809583789001}. Best is trial 262 with value: 0.8192679343690747.
[I 2025-04-08 20:59:36,666] Trial 265 finished with value: 0.8181362279263558 and parameters: {'max_depth': 11, 'learning_rate': 0.01785940638595969, 'n_estimators': 268, 'gamma': 0.3219706332501066, 'min_child_weight': 7, 'subsample': 0.819268277906898, 'colsample_bytree': 0.9851471980590558}. Best is trial 262 with value: 0.8192679343690747.
[I 2025-04-08 20:59:40,325] Trial 266 finished with value: 0.8170879220329631 and parameters: {'max_depth': 12, 'learning_rate': 0.00913989798549033, 'n_estimators': 258, 'gamma': 0.33798512961580324, 'min_child_weight': 7, 'subsample': 0.959011647256469, 'colsample_bytree': 0.9997195122173246}. Best is trial 262 with value: 0.8192679343690747.
[I 2025-04-08 20:59:40,643] A new study created in RDB with name: xgboost-num_features-4
[I 2025-04-08 20:59:43,118] Trial 0 finished with value: 0.8151594995967042 and parameters: {'max_depth': 11, 'learning_rate': 0.02234177592306082, 'n_estimators': 249, 'gamma': 0.31404123882582546, 'min_child_weight': 7, 'subsample': 0.9912157347336588, 'colsample_bytree': 0.9856968329585496}. Best is trial 0 with value: 0.8151594995967042.
[I 2025-04-08 20:59:48,186] Trial 1 finished with value: 0.6377394866279713 and parameters: {'max_depth': 21, 'learning_rate': 0.0001371413117324262, 'n_estimators': 293, 'gamma': 0.09423332035849497, 'min_child_weight': 7, 'subsample': 0.7405915582934003, 'colsample_bytree': 0.9315336425612671}. Best is trial 0 with value: 0.8151594995967042.
[I 2025-04-08 20:59:48,755] Trial 2 finished with value: 0.8118476929538309 and parameters: {'max_depth': 6, 'learning_rate': 0.08154927131193042, 'n_estimators': 70, 'gamma': 0.25668360800197604, 'min_child_weight': 4, 'subsample': 0.9967399198781304, 'colsample_bytree': 0.8502083886153178}. Best is trial 0 with value: 0.8151594995967042.
[I 2025-04-08 20:59:52,243] Trial 3 finished with value: 0.8011570640054405 and parameters: {'max_depth': 14, 'learning_rate': 0.290015298813777, 'n_estimators': 297, 'gamma': 0.41702258594608016, 'min_child_weight': 5, 'subsample': 0.5774201448286849, 'colsample_bytree': 0.6634559470299224}. Best is trial 0 with value: 0.8151594995967042.
[I 2025-04-08 20:59:53,803] Trial 4 finished with value: 0.6377394866279713 and parameters: {'max_depth': 18, 'learning_rate': 0.0011005172014929222, 'n_estimators': 84, 'gamma': 0.2674282233464978, 'min_child_weight': 5, 'subsample': 0.9129649471724108, 'colsample_bytree': 0.7337845925943494}. Best is trial 0 with value: 0.8151594995967042.
[I 2025-04-08 20:59:55,245] Trial 5 finished with value: 0.8078227114492119 and parameters: {'max_depth': 6, 'learning_rate': 0.5469194463448899, 'n_estimators': 254, 'gamma': 0.48805893598524386, 'min_child_weight': 6, 'subsample': 0.8199167423958531, 'colsample_bytree': 0.6957384507990911}. Best is trial 0 with value: 0.8151594995967042.
[I 2025-04-08 20:59:59,098] Trial 6 finished with value: 0.803001611426543 and parameters: {'max_depth': 25, 'learning_rate': 0.009043614779280677, 'n_estimators': 243, 'gamma': 0.582087940508293, 'min_child_weight': 5, 'subsample': 0.7402464809796745, 'colsample_bytree': 0.7389605809198145}. Best is trial 0 with value: 0.8151594995967042.
[I 2025-04-08 21:00:02,201] Trial 7 finished with value: 0.8101287735409738 and parameters: {'max_depth': 13, 'learning_rate': 0.08387176822111335, 'n_estimators': 286, 'gamma': 0.04773619056810874, 'min_child_weight': 7, 'subsample': 0.8437318736027619, 'colsample_bytree': 0.6702833307759186}. Best is trial 0 with value: 0.8151594995967042.
[I 2025-04-08 21:00:04,133] Trial 8 finished with value: 0.7605328251277104 and parameters: {'max_depth': 10, 'learning_rate': 0.005155592405368797, 'n_estimators': 202, 'gamma': 0.23024873515010533, 'min_child_weight': 7, 'subsample': 0.9799726727858546, 'colsample_bytree': 0.7253014458624151}. Best is trial 0 with value: 0.8151594995967042.
[I 2025-04-08 21:00:08,257] Trial 9 finished with value: 0.6377394866279713 and parameters: {'max_depth': 20, 'learning_rate': 2.3046903243439816e-05, 'n_estimators': 260, 'gamma': 0.4999724939620329, 'min_child_weight': 6, 'subsample': 0.9478745958481418, 'colsample_bytree': 0.9611056577478518}. Best is trial 0 with value: 0.8151594995967042.
[I 2025-04-08 21:00:11,270] Trial 10 finished with value: 0.6377394866279713 and parameters: {'max_depth': 31, 'learning_rate': 0.0007961542399743118, 'n_estimators': 142, 'gamma': 0.372589177689535, 'min_child_weight': 1, 'subsample': 0.606282729348399, 'colsample_bytree': 0.5789866785193862}. Best is trial 0 with value: 0.8151594995967042.
[I 2025-04-08 21:00:11,894] Trial 11 finished with value: 0.8009475082636133 and parameters: {'max_depth': 5, 'learning_rate': 0.03783247945323524, 'n_estimators': 80, 'gamma': 0.19265710537522435, 'min_child_weight': 3, 'subsample': 0.9933899303802752, 'colsample_bytree': 0.8576531256485144}. Best is trial 0 with value: 0.8151594995967042.
[I 2025-04-08 21:00:12,548] Trial 12 finished with value: 0.7985159411732661 and parameters: {'max_depth': 3, 'learning_rate': 0.02875953712634508, 'n_estimators': 147, 'gamma': 0.34084097936080443, 'min_child_weight': 3, 'subsample': 0.8666431600906584, 'colsample_bytree': 0.8392567965341311}. Best is trial 0 with value: 0.8151594995967042.
[I 2025-04-08 21:00:14,538] Trial 13 finished with value: 0.809960847782575 and parameters: {'max_depth': 9, 'learning_rate': 0.12239500812904258, 'n_estimators': 206, 'gamma': 0.1452808156405042, 'min_child_weight': 3, 'subsample': 0.6745717321193678, 'colsample_bytree': 0.9979604746711079}. Best is trial 0 with value: 0.8151594995967042.
[I 2025-04-08 21:00:15,375] Trial 14 finished with value: 0.8002768947441486 and parameters: {'max_depth': 10, 'learning_rate': 0.015787917063111098, 'n_estimators': 50, 'gamma': 0.2974848689982423, 'min_child_weight': 1, 'subsample': 0.5069933888493845, 'colsample_bytree': 0.8602642998964037}. Best is trial 0 with value: 0.8151594995967042.
[I 2025-04-08 21:00:17,382] Trial 15 finished with value: 0.7874900230379519 and parameters: {'max_depth': 15, 'learning_rate': 0.9408012702817475, 'n_estimators': 132, 'gamma': 0.183451999008927, 'min_child_weight': 4, 'subsample': 0.9107615219619535, 'colsample_bytree': 0.9040138891596237}. Best is trial 0 with value: 0.8151594995967042.
[I 2025-04-08 21:00:19,371] Trial 16 finished with value: 0.6377394866279713 and parameters: {'max_depth': 7, 'learning_rate': 0.0018783873994027394, 'n_estimators': 188, 'gamma': 0.42995761004392424, 'min_child_weight': 4, 'subsample': 0.7854942158988101, 'colsample_bytree': 0.7999505949961665}. Best is trial 0 with value: 0.8151594995967042.
[I 2025-04-08 21:00:21,183] Trial 17 finished with value: 0.8124765710530154 and parameters: {'max_depth': 12, 'learning_rate': 0.12662353868581822, 'n_estimators': 229, 'gamma': 0.30389110867128516, 'min_child_weight': 6, 'subsample': 0.9043015319902367, 'colsample_bytree': 0.9919557458850405}. Best is trial 0 with value: 0.8151594995967042.
[I 2025-04-08 21:00:25,021] Trial 18 finished with value: 0.6377394866279713 and parameters: {'max_depth': 24, 'learning_rate': 0.0003027574829310122, 'n_estimators': 228, 'gamma': 0.37106854835598135, 'min_child_weight': 6, 'subsample': 0.8961614717226645, 'colsample_bytree': 0.9503902627631232}. Best is trial 0 with value: 0.8151594995967042.
[I 2025-04-08 21:00:26,842] Trial 19 finished with value: 0.8078228696044889 and parameters: {'max_depth': 12, 'learning_rate': 0.22067821074068122, 'n_estimators': 167, 'gamma': 0.0033874489609532765, 'min_child_weight': 6, 'subsample': 0.9395722761352587, 'colsample_bytree': 0.5049750526173705}. Best is trial 0 with value: 0.8151594995967042.
[I 2025-04-08 21:00:30,507] Trial 20 finished with value: 0.8060201630405176 and parameters: {'max_depth': 17, 'learning_rate': 0.0046688991050901725, 'n_estimators': 227, 'gamma': 0.32971162445893837, 'min_child_weight': 7, 'subsample': 0.7963911581479127, 'colsample_bytree': 0.9953615649269602}. Best is trial 0 with value: 0.8151594995967042.
[I 2025-04-08 21:00:31,669] Trial 21 finished with value: 0.8150337837244163 and parameters: {'max_depth': 9, 'learning_rate': 0.048324736590562994, 'n_estimators': 111, 'gamma': 0.25878060112771806, 'min_child_weight': 2, 'subsample': 0.9846066209880994, 'colsample_bytree': 0.9038082069954283}. Best is trial 0 with value: 0.8151594995967042.
[I 2025-04-08 21:00:33,180] Trial 22 finished with value: 0.8142370853036844 and parameters: {'max_depth': 11, 'learning_rate': 0.0305421488140459, 'n_estimators': 114, 'gamma': 0.21551917147941216, 'min_child_weight': 2, 'subsample': 0.9424012692318231, 'colsample_bytree': 0.9037895486738949}. Best is trial 0 with value: 0.8151594995967042.
[I 2025-04-08 21:00:34,230] Trial 23 finished with value: 0.8083680308437936 and parameters: {'max_depth': 8, 'learning_rate': 0.020762853376332453, 'n_estimators': 113, 'gamma': 0.139830747052216, 'min_child_weight': 2, 'subsample': 0.9509542598847179, 'colsample_bytree': 0.9092571182629768}. Best is trial 0 with value: 0.8151594995967042.
[I 2025-04-08 21:00:35,644] Trial 24 finished with value: 0.8143212590565861 and parameters: {'max_depth': 11, 'learning_rate': 0.04235680170726891, 'n_estimators': 110, 'gamma': 0.21884765405873258, 'min_child_weight': 2, 'subsample': 0.8705473118140346, 'colsample_bytree': 0.8113205460486805}. Best is trial 0 with value: 0.8151594995967042.
[I 2025-04-08 21:00:37,794] Trial 25 finished with value: 0.8086613210183092 and parameters: {'max_depth': 16, 'learning_rate': 0.010722707021624499, 'n_estimators': 103, 'gamma': 0.1408600047545854, 'min_child_weight': 2, 'subsample': 0.8887365497340718, 'colsample_bytree': 0.8038870850167313}. Best is trial 0 with value: 0.8151594995967042.
[I 2025-04-08 21:00:38,550] Trial 26 finished with value: 0.8047206714218686 and parameters: {'max_depth': 3, 'learning_rate': 0.04587488284541091, 'n_estimators': 165, 'gamma': 0.27472241720366825, 'min_child_weight': 1, 'subsample': 0.8667569731764505, 'colsample_bytree': 0.7915772339938745}. Best is trial 0 with value: 0.8151594995967042.
