[I 2025-04-08 01:01:43,496] Trial 34 finished with value: 0.8178422172666903 and parameters: {'lambda_l1': 0.0012902963518717683, 'lambda_l2': 0.054029486624325454, 'num_leaves': 54, 'feature_fraction': 0.6092874704582296, 'bagging_fraction': 0.7631045699939347, 'bagging_freq': 6, 'min_child_samples': 54}. Best is trial 15 with value: 0.8196031005463386.
[I 2025-04-08 01:01:44,419] Trial 35 finished with value: 0.8178005169920273 and parameters: {'lambda_l1': 0.1006286684522289, 'lambda_l2': 14.80937557924665, 'num_leaves': 16, 'feature_fraction': 0.5198777881329976, 'bagging_fraction': 0.9457850334163236, 'bagging_freq': 3, 'min_child_samples': 70}. Best is trial 15 with value: 0.8196031005463386.
[I 2025-04-08 01:01:50,652] Trial 36 finished with value: 0.8141529818420169 and parameters: {'lambda_l1': 0.0003679980632473218, 'lambda_l2': 0.0010032658727167037, 'num_leaves': 100, 'feature_fraction': 0.6341368178085511, 'bagging_fraction': 0.8171855942142792, 'bagging_freq': 7, 'min_child_samples': 30}. Best is trial 15 with value: 0.8196031005463386.
[I 2025-04-08 01:01:53,197] Trial 37 finished with value: 0.8121410709923893 and parameters: {'lambda_l1': 1.0860253131422537e-05, 'lambda_l2': 0.16627912681879334, 'num_leaves': 34, 'feature_fraction': 0.4037548944332138, 'bagging_fraction': 0.9498794825988283, 'bagging_freq': 4, 'min_child_samples': 42}. Best is trial 15 with value: 0.8196031005463386.
[I 2025-04-08 01:01:54,226] Trial 38 finished with value: 0.8036727697030723 and parameters: {'lambda_l1': 41.45678396639569, 'lambda_l2': 1.1187542088244242, 'num_leaves': 15, 'feature_fraction': 0.4690169284760586, 'bagging_fraction': 0.7172761574841574, 'bagging_freq': 3, 'min_child_samples': 12}. Best is trial 15 with value: 0.8196031005463386.
[I 2025-04-08 01:01:55,491] Trial 39 finished with value: 0.8179680385758292 and parameters: {'lambda_l1': 6.483794834649659e-05, 'lambda_l2': 0.005058205580018561, 'num_leaves': 25, 'feature_fraction': 0.7838604338685397, 'bagging_fraction': 0.8689956579889239, 'bagging_freq': 2, 'min_child_samples': 87}. Best is trial 15 with value: 0.8196031005463386.
[I 2025-04-08 01:01:57,537] Trial 40 finished with value: 0.819058273190396 and parameters: {'lambda_l1': 0.002896919028038585, 'lambda_l2': 20.66726789144394, 'num_leaves': 52, 'feature_fraction': 0.5705585085898336, 'bagging_fraction': 0.7545078947985935, 'bagging_freq': 5, 'min_child_samples': 67}. Best is trial 15 with value: 0.8196031005463386.
[I 2025-04-08 01:01:59,766] Trial 41 finished with value: 0.8180940180402454 and parameters: {'lambda_l1': 0.003040241237003518, 'lambda_l2': 14.158602867896132, 'num_leaves': 52, 'feature_fraction': 0.5678269193076764, 'bagging_fraction': 0.750902523234606, 'bagging_freq': 5, 'min_child_samples': 69}. Best is trial 15 with value: 0.8196031005463386.
[I 2025-04-08 01:02:02,437] Trial 42 finished with value: 0.8148656119466982 and parameters: {'lambda_l1': 0.01698596783287834, 'lambda_l2': 0.02963377614686997, 'num_leaves': 93, 'feature_fraction': 0.5859764302226274, 'bagging_fraction': 0.8024666596139914, 'bagging_freq': 8, 'min_child_samples': 65}. Best is trial 15 with value: 0.8196031005463386.
[I 2025-04-08 01:02:03,953] Trial 43 finished with value: 0.818429342372786 and parameters: {'lambda_l1': 0.11371208720891378, 'lambda_l2': 0.3581706655530041, 'num_leaves': 44, 'feature_fraction': 0.515868724541668, 'bagging_fraction': 0.7706648490966693, 'bagging_freq': 6, 'min_child_samples': 29}. Best is trial 15 with value: 0.8196031005463386.
[I 2025-04-08 01:02:05,287] Trial 44 finished with value: 0.8182617680705583 and parameters: {'lambda_l1': 0.0035609352359307995, 'lambda_l2': 19.265243320108127, 'num_leaves': 31, 'feature_fraction': 0.6083234245106793, 'bagging_fraction': 0.6991194742843513, 'bagging_freq': 4, 'min_child_samples': 78}. Best is trial 15 with value: 0.8196031005463386.
[I 2025-04-08 01:02:07,171] Trial 45 finished with value: 0.8167941222469999 and parameters: {'lambda_l1': 0.03267312664239939, 'lambda_l2': 0.00017479716709128338, 'num_leaves': 60, 'feature_fraction': 0.7048274590683342, 'bagging_fraction': 0.6266320190208852, 'bagging_freq': 3, 'min_child_samples': 52}. Best is trial 15 with value: 0.8196031005463386.
[I 2025-04-08 01:02:10,599] Trial 46 finished with value: 0.8169617316948447 and parameters: {'lambda_l1': 3.4617941727952213e-06, 'lambda_l2': 2.0853873686901663, 'num_leaves': 109, 'feature_fraction': 0.6470447458830245, 'bagging_fraction': 0.8510130563464946, 'bagging_freq': 7, 'min_child_samples': 93}. Best is trial 15 with value: 0.8196031005463386.
[I 2025-04-08 01:02:13,215] Trial 47 finished with value: 0.8185551988275422 and parameters: {'lambda_l1': 2.553218503735938e-07, 'lambda_l2': 30.481355766091376, 'num_leaves': 75, 'feature_fraction': 0.5428849837972894, 'bagging_fraction': 0.8209624224120804, 'bagging_freq': 5, 'min_child_samples': 59}. Best is trial 15 with value: 0.8196031005463386.
[I 2025-04-08 01:02:14,749] Trial 48 finished with value: 0.8193096346437375 and parameters: {'lambda_l1': 1.920530763354027e-05, 'lambda_l2': 0.0013281614362181003, 'num_leaves': 37, 'feature_fraction': 0.8063593804477899, 'bagging_fraction': 0.6733043278102495, 'bagging_freq': 8, 'min_child_samples': 41}. Best is trial 15 with value: 0.8196031005463386.
[I 2025-04-08 01:02:16,185] Trial 49 finished with value: 0.8174648939217413 and parameters: {'lambda_l1': 1.6398463035907192e-09, 'lambda_l2': 0.0011459891156794981, 'num_leaves': 40, 'feature_fraction': 0.9266639614495713, 'bagging_fraction': 0.5746136392555903, 'bagging_freq': 9, 'min_child_samples': 41}. Best is trial 15 with value: 0.8196031005463386.
[I 2025-04-08 01:02:18,589] Trial 50 finished with value: 0.8158298319512319 and parameters: {'lambda_l1': 2.3357448006657417e-05, 'lambda_l2': 0.00019699969761780839, 'num_leaves': 64, 'feature_fraction': 0.8246968603000309, 'bagging_fraction': 0.6640158267145752, 'bagging_freq': 8, 'min_child_samples': 49}. Best is trial 15 with value: 0.8196031005463386.
[I 2025-04-08 01:02:21,015] Trial 51 finished with value: 0.8175489622377917 and parameters: {'lambda_l1': 0.00038336015512056403, 'lambda_l2': 0.4862321717902965, 'num_leaves': 49, 'feature_fraction': 0.8065004830653518, 'bagging_fraction': 0.7333410113619311, 'bagging_freq': 16, 'min_child_samples': 56}. Best is trial 15 with value: 0.8196031005463386.
[I 2025-04-08 01:02:22,584] Trial 52 finished with value: 0.8151590251308735 and parameters: {'lambda_l1': 6.361563608454735e-05, 'lambda_l2': 0.0022718098586671422, 'num_leaves': 38, 'feature_fraction': 0.8712173414674473, 'bagging_fraction': 0.7002542663374796, 'bagging_freq': 10, 'min_child_samples': 15}. Best is trial 15 with value: 0.8196031005463386.
[I 2025-04-08 01:02:23,293] Trial 53 finished with value: 0.8109672776732196 and parameters: {'lambda_l1': 0.006892881354075647, 'lambda_l2': 0.013511956222543217, 'num_leaves': 8, 'feature_fraction': 0.7499488753060595, 'bagging_fraction': 0.6307661910071922, 'bagging_freq': 6, 'min_child_samples': 29}. Best is trial 15 with value: 0.8196031005463386.
[I 2025-04-08 01:02:25,044] Trial 54 finished with value: 0.8162912587578486 and parameters: {'lambda_l1': 0.000597207435004536, 'lambda_l2': 0.09811347050544425, 'num_leaves': 55, 'feature_fraction': 0.561061798398061, 'bagging_fraction': 0.508561314496552, 'bagging_freq': 14, 'min_child_samples': 40}. Best is trial 15 with value: 0.8196031005463386.
[I 2025-04-08 01:02:26,126] Trial 55 finished with value: 0.8162913817675082 and parameters: {'lambda_l1': 0.001801270515744283, 'lambda_l2': 40.91467002147439, 'num_leaves': 19, 'feature_fraction': 0.691870812194843, 'bagging_fraction': 0.8831654975443742, 'bagging_freq': 5, 'min_child_samples': 71}. Best is trial 15 with value: 0.8196031005463386.
[I 2025-04-08 01:02:27,459] Trial 56 finished with value: 0.8186810904279154 and parameters: {'lambda_l1': 1.013499306283334e-08, 'lambda_l2': 0.4464587724670336, 'num_leaves': 30, 'feature_fraction': 0.6207865733991108, 'bagging_fraction': 0.6010309352325893, 'bagging_freq': 7, 'min_child_samples': 63}. Best is trial 15 with value: 0.8196031005463386.
[I 2025-04-08 01:02:29,190] Trial 57 finished with value: 0.8181357183149084 and parameters: {'lambda_l1': 7.893477933306458e-07, 'lambda_l2': 6.031868442015891, 'num_leaves': 43, 'feature_fraction': 0.5044929459703578, 'bagging_fraction': 0.7711054715299479, 'bagging_freq': 8, 'min_child_samples': 27}. Best is trial 15 with value: 0.8196031005463386.
[I 2025-04-08 01:02:31,114] Trial 58 finished with value: 0.8187226852657273 and parameters: {'lambda_l1': 9.88694621229864e-06, 'lambda_l2': 2.0890993908994173, 'num_leaves': 25, 'feature_fraction': 0.6693930017242176, 'bagging_fraction': 0.8083091793272322, 'bagging_freq': 2, 'min_child_samples': 5}. Best is trial 15 with value: 0.8196031005463386.
[I 2025-04-08 01:02:34,897] Trial 59 finished with value: 0.8153687038823607 and parameters: {'lambda_l1': 0.9887458607134018, 'lambda_l2': 0.00041382419705964234, 'num_leaves': 126, 'feature_fraction': 0.5955496808518922, 'bagging_fraction': 0.748976446136415, 'bagging_freq': 4, 'min_child_samples': 38}. Best is trial 15 with value: 0.8196031005463386.
[I 2025-04-08 01:02:37,447] Trial 60 finished with value: 0.813775851797962 and parameters: {'lambda_l1': 0.26957550408701086, 'lambda_l2': 0.010572262885045846, 'num_leaves': 88, 'feature_fraction': 0.7622094728816573, 'bagging_fraction': 0.6691150144025216, 'bagging_freq': 9, 'min_child_samples': 33}. Best is trial 15 with value: 0.8196031005463386.
[I 2025-04-08 01:02:38,553] Trial 61 finished with value: 0.819561312407633 and parameters: {'lambda_l1': 2.680578150663686e-06, 'lambda_l2': 0.06827147946159541, 'num_leaves': 26, 'feature_fraction': 0.5384730342429191, 'bagging_fraction': 0.7893729221525713, 'bagging_freq': 4, 'min_child_samples': 100}. Best is trial 15 with value: 0.8196031005463386.
[I 2025-04-08 01:02:40,080] Trial 62 finished with value: 0.8196450819859382 and parameters: {'lambda_l1': 3.5177610256675674e-06, 'lambda_l2': 0.03662764892330338, 'num_leaves': 37, 'feature_fraction': 0.5662352616381167, 'bagging_fraction': 0.8435627876770476, 'bagging_freq': 6, 'min_child_samples': 111}. Best is trial 62 with value: 0.8196450819859382.
[I 2025-04-08 01:02:42,392] Trial 63 finished with value: 0.8175072619631287 and parameters: {'lambda_l1': 5.298456006515114e-07, 'lambda_l2': 0.03444727016816327, 'num_leaves': 51, 'feature_fraction': 0.4638604309304674, 'bagging_fraction': 0.8289660345790848, 'bagging_freq': 6, 'min_child_samples': 119}. Best is trial 62 with value: 0.8196450819859382.
[I 2025-04-08 01:02:43,729] Trial 64 finished with value: 0.8180938598849684 and parameters: {'lambda_l1': 3.5875229196422367e-06, 'lambda_l2': 0.003207648057626911, 'num_leaves': 35, 'feature_fraction': 0.529600143094995, 'bagging_fraction': 0.7103263348621742, 'bagging_freq': 7, 'min_child_samples': 106}. Best is trial 62 with value: 0.8196450819859382.
[I 2025-04-08 01:02:45,574] Trial 65 finished with value: 0.8181777524729335 and parameters: {'lambda_l1': 5.086768472707842e-08, 'lambda_l2': 0.002046372844351809, 'num_leaves': 45, 'feature_fraction': 0.5692648553389319, 'bagging_fraction': 0.8912657395243415, 'bagging_freq': 5, 'min_child_samples': 116}. Best is trial 62 with value: 0.8196450819859382.
[I 2025-04-08 01:02:47,793] Trial 66 finished with value: 0.8189324870268742 and parameters: {'lambda_l1': 1.7056829687986725e-06, 'lambda_l2': 9.808908077010027e-05, 'num_leaves': 72, 'feature_fraction': 0.4882667850602482, 'bagging_fraction': 0.8406249365154361, 'bagging_freq': 10, 'min_child_samples': 103}. Best is trial 62 with value: 0.8196450819859382.
[I 2025-04-08 01:02:50,176] Trial 67 finished with value: 0.816500990227761 and parameters: {'lambda_l1': 1.4885319237717058e-06, 'lambda_l2': 4.4004105925303055e-05, 'num_leaves': 77, 'feature_fraction': 0.49668089545428196, 'bagging_fraction': 0.8389622667630493, 'bagging_freq': 11, 'min_child_samples': 99}. Best is trial 62 with value: 0.8196450819859382.
[I 2025-04-08 01:02:52,896] Trial 68 finished with value: 0.8138599025412038 and parameters: {'lambda_l1': 1.9968117183052317e-05, 'lambda_l2': 3.708253404026511e-06, 'num_leaves': 64, 'feature_fraction': 0.41883746843324965, 'bagging_fraction': 0.9265891559382341, 'bagging_freq': 10, 'min_child_samples': 125}. Best is trial 62 with value: 0.8196450819859382.
[I 2025-04-08 01:02:55,394] Trial 69 finished with value: 0.8164587803416505 and parameters: {'lambda_l1': 5.063781640705129e-06, 'lambda_l2': 6.453307146879763e-07, 'num_leaves': 86, 'feature_fraction': 0.45897609466392786, 'bagging_fraction': 0.854968230504329, 'bagging_freq': 9, 'min_child_samples': 111}. Best is trial 62 with value: 0.8196450819859382.
[I 2025-04-08 01:02:57,941] Trial 70 finished with value: 0.8157459569360753 and parameters: {'lambda_l1': 1.4236712796095857e-07, 'lambda_l2': 5.3296729756468415e-05, 'num_leaves': 72, 'feature_fraction': 0.7143459224925073, 'bagging_fraction': 0.9831560679259228, 'bagging_freq': 11, 'min_child_samples': 102}. Best is trial 62 with value: 0.8196450819859382.
[I 2025-04-08 01:03:00,074] Trial 71 finished with value: 0.8192258650654324 and parameters: {'lambda_l1': 1.4313895733611964e-06, 'lambda_l2': 0.00010085882113955363, 'num_leaves': 59, 'feature_fraction': 0.47880039232607974, 'bagging_fraction': 0.7779854847829915, 'bagging_freq': 6, 'min_child_samples': 85}. Best is trial 62 with value: 0.8196450819859382.
[I 2025-04-08 01:03:02,064] Trial 72 finished with value: 0.8172134270315483 and parameters: {'lambda_l1': 3.881713189880413e-07, 'lambda_l2': 8.968644249093295e-05, 'num_leaves': 60, 'feature_fraction': 0.4829093926946456, 'bagging_fraction': 0.7390087743740998, 'bagging_freq': 7, 'min_child_samples': 94}. Best is trial 62 with value: 0.8196450819859382.
[I 2025-04-08 01:03:04,088] Trial 73 finished with value: 0.8171712522910548 and parameters: {'lambda_l1': 1.9720637461349422e-06, 'lambda_l2': 1.9298822120894772e-05, 'num_leaves': 57, 'feature_fraction': 0.9583783810956708, 'bagging_fraction': 0.6859676965404123, 'bagging_freq': 12, 'min_child_samples': 88}. Best is trial 62 with value: 0.8196450819859382.
[I 2025-04-08 01:03:05,781] Trial 74 finished with value: 0.8183875190884633 and parameters: {'lambda_l1': 0.0001136989038156921, 'lambda_l2': 1.4308016216069155e-05, 'num_leaves': 49, 'feature_fraction': 0.43901418275003534, 'bagging_fraction': 0.8055340450403321, 'bagging_freq': 8, 'min_child_samples': 80}. Best is trial 62 with value: 0.8196450819859382.
[I 2025-04-08 01:03:08,545] Trial 75 finished with value: 0.81603973914923 and parameters: {'lambda_l1': 1.0151990383755002e-06, 'lambda_l2': 0.0005884041464032738, 'num_leaves': 103, 'feature_fraction': 0.5512173525281292, 'bagging_fraction': 0.7756507041480214, 'bagging_freq': 6, 'min_child_samples': 103}. Best is trial 62 with value: 0.8196450819859382.
[I 2025-04-08 01:03:09,973] Trial 76 finished with value: 0.819058009598268 and parameters: {'lambda_l1': 8.35884804135008e-06, 'lambda_l2': 3.912860938621151e-06, 'num_leaves': 38, 'feature_fraction': 0.509461385341856, 'bagging_fraction': 0.7554329080524457, 'bagging_freq': 6, 'min_child_samples': 98}. Best is trial 62 with value: 0.8196450819859382.
[I 2025-04-08 01:03:11,395] Trial 77 finished with value: 0.8187228609938126 and parameters: {'lambda_l1': 3.7308856193318876e-05, 'lambda_l2': 1.5135471765791587e-07, 'num_leaves': 37, 'feature_fraction': 0.5169168474431055, 'bagging_fraction': 0.7513757808717632, 'bagging_freq': 6, 'min_child_samples': 97}. Best is trial 62 with value: 0.8196450819859382.
[I 2025-04-08 01:03:13,479] Trial 78 finished with value: 0.818387536661272 and parameters: {'lambda_l1': 7.950203285301832e-06, 'lambda_l2': 8.29257421281956e-06, 'num_leaves': 47, 'feature_fraction': 0.530583391963461, 'bagging_fraction': 0.7205721337993435, 'bagging_freq': 5, 'min_child_samples': 87}. Best is trial 62 with value: 0.8196450819859382.
[I 2025-04-08 01:03:15,153] Trial 79 finished with value: 0.8181779457738274 and parameters: {'lambda_l1': 0.00019400195934185277, 'lambda_l2': 0.11947766419585203, 'num_leaves': 41, 'feature_fraction': 0.4729039825396866, 'bagging_fraction': 0.7825135559166656, 'bagging_freq': 7, 'min_child_samples': 83}. Best is trial 62 with value: 0.8196450819859382.
[I 2025-04-08 01:03:16,630] Trial 80 finished with value: 0.8131052207056888 and parameters: {'lambda_l1': 5.819621151695042e-05, 'lambda_l2': 8.111360470045984e-07, 'num_leaves': 34, 'feature_fraction': 0.4206584617679606, 'bagging_fraction': 0.6503432122562395, 'bagging_freq': 5, 'min_child_samples': 74}. Best is trial 62 with value: 0.8196450819859382.
[I 2025-04-08 01:03:18,791] Trial 81 finished with value: 0.8179262328643151 and parameters: {'lambda_l1': 1.4349707176573716e-05, 'lambda_l2': 0.0002526830753496859, 'num_leaves': 68, 'feature_fraction': 0.5076641894961615, 'bagging_fraction': 0.8359593630486938, 'bagging_freq': 10, 'min_child_samples': 111}. Best is trial 62 with value: 0.8196450819859382.
[I 2025-04-08 01:03:20,577] Trial 82 finished with value: 0.8193936853869797 and parameters: {'lambda_l1': 3.3763908425148677e-06, 'lambda_l2': 2.7589036844181562e-06, 'num_leaves': 53, 'feature_fraction': 0.543751421752318, 'bagging_fraction': 0.797651240739881, 'bagging_freq': 6, 'min_child_samples': 98}. Best is trial 62 with value: 0.8196450819859382.
[I 2025-04-08 01:03:22,439] Trial 83 finished with value: 0.8193935623773199 and parameters: {'lambda_l1': 5.832381340124232e-06, 'lambda_l2': 1.8156462781006046e-06, 'num_leaves': 52, 'feature_fraction': 0.5395934135122527, 'bagging_fraction': 0.7603968685113219, 'bagging_freq': 6, 'min_child_samples': 98}. Best is trial 62 with value: 0.8196450819859382.
[I 2025-04-08 01:03:25,033] Trial 84 finished with value: 0.8168781026990077 and parameters: {'lambda_l1': 3.84729270224467e-06, 'lambda_l2': 2.7867426375736614e-06, 'num_leaves': 62, 'feature_fraction': 0.5423568009443344, 'bagging_fraction': 0.7601036640325628, 'bagging_freq': 7, 'min_child_samples': 91}. Best is trial 62 with value: 0.8196450819859382.
[I 2025-04-08 01:03:26,814] Trial 85 finished with value: 0.8173810716250104 and parameters: {'lambda_l1': 6.580485003404185e-06, 'lambda_l2': 1.983991768343204e-06, 'num_leaves': 55, 'feature_fraction': 0.5626650259216653, 'bagging_fraction': 0.7949754464715867, 'bagging_freq': 6, 'min_child_samples': 98}. Best is trial 62 with value: 0.8196450819859382.
[I 2025-04-08 01:03:27,538] Trial 86 finished with value: 0.7914727419380349 and parameters: {'lambda_l1': 99.92463874283068, 'lambda_l2': 1.878235248841306e-08, 'num_leaves': 121, 'feature_fraction': 0.6458004226967493, 'bagging_fraction': 0.7358327433984858, 'bagging_freq': 5, 'min_child_samples': 109}. Best is trial 62 with value: 0.8196450819859382.
[I 2025-04-08 01:03:29,341] Trial 87 finished with value: 0.8195194012592675 and parameters: {'lambda_l1': 2.350042585623384e-05, 'lambda_l2': 7.101084173283583e-06, 'num_leaves': 46, 'feature_fraction': 0.5780028222185635, 'bagging_fraction': 0.8130799864248898, 'bagging_freq': 4, 'min_child_samples': 106}. Best is trial 62 with value: 0.8196450819859382.
[I 2025-04-08 01:03:31,390] Trial 88 finished with value: 0.818806700863352 and parameters: {'lambda_l1': 2.5373745716444333e-07, 'lambda_l2': 3.759653084051749e-07, 'num_leaves': 52, 'feature_fraction': 0.5775744629122168, 'bagging_fraction': 0.823095880550717, 'bagging_freq': 4, 'min_child_samples': 105}. Best is trial 62 with value: 0.8196450819859382.
[I 2025-04-08 01:03:33,432] Trial 89 finished with value: 0.8175908909589659 and parameters: {'lambda_l1': 3.082293196160175e-05, 'lambda_l2': 6.922963412892608e-06, 'num_leaves': 57, 'feature_fraction': 0.5980636099611065, 'bagging_fraction': 0.8095851145617803, 'bagging_freq': 4, 'min_child_samples': 120}. Best is trial 62 with value: 0.8196450819859382.
[I 2025-04-08 01:03:35,309] Trial 90 finished with value: 0.8186389684058476 and parameters: {'lambda_l1': 2.693330692946206e-06, 'lambda_l2': 1.3082703231834818e-06, 'num_leaves': 44, 'feature_fraction': 0.5569497991646803, 'bagging_fraction': 0.7991638234885339, 'bagging_freq': 3, 'min_child_samples': 112}. Best is trial 62 with value: 0.8196450819859382.
[I 2025-04-08 01:03:36,902] Trial 91 finished with value: 0.8196870282799207 and parameters: {'lambda_l1': 1.3755208505679378e-05, 'lambda_l2': 9.010303495518627e-06, 'num_leaves': 47, 'feature_fraction': 0.5391954580878511, 'bagging_fraction': 0.7728924962690136, 'bagging_freq': 6, 'min_child_samples': 101}. Best is trial 91 with value: 0.8196870282799207.
[I 2025-04-08 01:03:38,580] Trial 92 finished with value: 0.8191421130599356 and parameters: {'lambda_l1': 0.0006735935635744257, 'lambda_l2': 1.0398181666041444e-07, 'num_leaves': 48, 'feature_fraction': 0.5352873193088411, 'bagging_fraction': 0.7719879310365955, 'bagging_freq': 5, 'min_child_samples': 107}. Best is trial 91 with value: 0.8196870282799207.
[I 2025-04-08 01:03:40,450] Trial 93 finished with value: 0.8190162566051795 and parameters: {'lambda_l1': 1.709191203622194e-05, 'lambda_l2': 1.537776800630657e-08, 'num_leaves': 58, 'feature_fraction': 0.5324312337133287, 'bagging_fraction': 0.7681231389212934, 'bagging_freq': 8, 'min_child_samples': 107}. Best is trial 91 with value: 0.8196870282799207.
[I 2025-04-08 01:03:42,110] Trial 94 finished with value: 0.8171293587154981 and parameters: {'lambda_l1': 1.1647631804789676e-06, 'lambda_l2': 1.1702355220297103e-05, 'num_leaves': 47, 'feature_fraction': 0.8918314401443652, 'bagging_fraction': 0.7804619044854084, 'bagging_freq': 6, 'min_child_samples': 115}. Best is trial 91 with value: 0.8196870282799207.
