[I 2025-04-08 00:29:24,677] Trial 295 finished with value: 0.8205255675577838 and parameters: {'lambda_l1': 3.720686592473095e-08, 'lambda_l2': 13.084689254068161, 'num_leaves': 37, 'feature_fraction': 0.6033816741208757, 'bagging_fraction': 0.9809866953998089, 'bagging_freq': 16, 'min_child_samples': 90}. Best is trial 118 with value: 0.8214058071103099.
[I 2025-04-08 00:29:26,450] Trial 296 finished with value: 0.8195611718251646 and parameters: {'lambda_l1': 1.878344502525353e-08, 'lambda_l2': 10.988621953526795, 'num_leaves': 36, 'feature_fraction': 0.6423204618540528, 'bagging_fraction': 0.9612473309294596, 'bagging_freq': 16, 'min_child_samples': 88}. Best is trial 118 with value: 0.8214058071103099.
[I 2025-04-08 00:29:27,790] Trial 297 finished with value: 0.8204416749698187 and parameters: {'lambda_l1': 3.2898745563638134e-08, 'lambda_l2': 0.14554510360234468, 'num_leaves': 28, 'feature_fraction': 0.6645006864825602, 'bagging_fraction': 0.9791831476816547, 'bagging_freq': 16, 'min_child_samples': 90}. Best is trial 118 with value: 0.8214058071103099.
[I 2025-04-08 00:29:29,525] Trial 298 finished with value: 0.8187229137122382 and parameters: {'lambda_l1': 4.701284481202702e-08, 'lambda_l2': 1.5336239814785322, 'num_leaves': 33, 'feature_fraction': 0.6201361183135303, 'bagging_fraction': 0.944577738702808, 'bagging_freq': 16, 'min_child_samples': 93}. Best is trial 118 with value: 0.8214058071103099.
[I 2025-04-08 00:29:31,662] Trial 299 finished with value: 0.8196870282799209 and parameters: {'lambda_l1': 1.0702677067440405e-07, 'lambda_l2': 5.122165523979289, 'num_leaves': 37, 'feature_fraction': 0.6136460490474394, 'bagging_fraction': 0.9634694968541515, 'bagging_freq': 16, 'min_child_samples': 90}. Best is trial 118 with value: 0.8214058071103099.
[I 2025-04-08 00:29:32,885] Trial 300 finished with value: 0.8196031005463388 and parameters: {'lambda_l1': 2.3933956715880944e-08, 'lambda_l2': 2.944796901012398, 'num_leaves': 21, 'feature_fraction': 0.6034502184514405, 'bagging_fraction': 0.7742137015550536, 'bagging_freq': 16, 'min_child_samples': 57}. Best is trial 118 with value: 0.8214058071103099.
[I 2025-04-08 00:29:34,634] Trial 301 finished with value: 0.819854848601468 and parameters: {'lambda_l1': 5.1479825059111196e-08, 'lambda_l2': 25.43130893117653, 'num_leaves': 31, 'feature_fraction': 0.5243613091729022, 'bagging_fraction': 0.9707456378102963, 'bagging_freq': 16, 'min_child_samples': 94}. Best is trial 118 with value: 0.8214058071103099.
[I 2025-04-08 00:29:36,481] Trial 302 finished with value: 0.8198968476138763 and parameters: {'lambda_l1': 1.9679899528175764e-07, 'lambda_l2': 7.860908075930733, 'num_leaves': 38, 'feature_fraction': 0.597191895659157, 'bagging_fraction': 0.5709196069395008, 'bagging_freq': 16, 'min_child_samples': 61}. Best is trial 118 with value: 0.8214058071103099.
[I 2025-04-08 00:29:37,763] Trial 303 finished with value: 0.8139436369738922 and parameters: {'lambda_l1': 8.3564046879146e-08, 'lambda_l2': 17.113687302297226, 'num_leaves': 25, 'feature_fraction': 0.44483105301062364, 'bagging_fraction': 0.41043280845433555, 'bagging_freq': 9, 'min_child_samples': 96}. Best is trial 118 with value: 0.8214058071103099.
[I 2025-04-08 00:29:39,590] Trial 304 finished with value: 0.8185131119510913 and parameters: {'lambda_l1': 2.87913677443646e-07, 'lambda_l2': 13.521992014015261, 'num_leaves': 35, 'feature_fraction': 0.5479331115475459, 'bagging_fraction': 0.43900020341211776, 'bagging_freq': 10, 'min_child_samples': 105}. Best is trial 118 with value: 0.8214058071103099.
[I 2025-04-08 00:29:41,644] Trial 305 finished with value: 0.8190161863139453 and parameters: {'lambda_l1': 1.0683653476851397e-06, 'lambda_l2': 56.45850307392088, 'num_leaves': 33, 'feature_fraction': 0.5690404269770674, 'bagging_fraction': 0.9437693768331784, 'bagging_freq': 16, 'min_child_samples': 75}. Best is trial 118 with value: 0.8214058071103099.
[I 2025-04-08 00:29:43,115] Trial 306 finished with value: 0.8199384424516879 and parameters: {'lambda_l1': 4.234923207904351e-08, 'lambda_l2': 5.180481776362605, 'num_leaves': 30, 'feature_fraction': 0.5862358786074662, 'bagging_fraction': 0.5314448672758006, 'bagging_freq': 15, 'min_child_samples': 99}. Best is trial 118 with value: 0.8214058071103099.
[I 2025-04-08 00:29:44,999] Trial 307 finished with value: 0.8202739249395057 and parameters: {'lambda_l1': 1.3151710494184392e-07, 'lambda_l2': 8.252599184504744, 'num_leaves': 38, 'feature_fraction': 0.6263698808564689, 'bagging_fraction': 0.9820206682907484, 'bagging_freq': 16, 'min_child_samples': 80}. Best is trial 118 with value: 0.8214058071103099.
[I 2025-04-08 00:29:50,717] Trial 308 finished with value: 0.8198546377277657 and parameters: {'lambda_l1': 1.1403903704245294e-08, 'lambda_l2': 36.55934661742999, 'num_leaves': 36, 'feature_fraction': 0.607630913088972, 'bagging_fraction': 0.95647993705465, 'bagging_freq': 8, 'min_child_samples': 97}. Best is trial 118 with value: 0.8214058071103099.
[I 2025-04-08 00:29:53,498] Trial 309 finished with value: 0.8203999219767301 and parameters: {'lambda_l1': 1.8929879441577455e-06, 'lambda_l2': 0.009020129799772571, 'num_leaves': 43, 'feature_fraction': 0.5338050974467511, 'bagging_fraction': 0.9332259913349576, 'bagging_freq': 5, 'min_child_samples': 93}. Best is trial 118 with value: 0.8214058071103099.
[I 2025-04-08 00:29:55,099] Trial 310 finished with value: 0.8196450468403211 and parameters: {'lambda_l1': 3.219624191146619e-07, 'lambda_l2': 3.122283542405341, 'num_leaves': 28, 'feature_fraction': 0.5596016453700288, 'bagging_fraction': 0.9582092642916387, 'bagging_freq': 16, 'min_child_samples': 125}. Best is trial 118 with value: 0.8214058071103099.
[I 2025-04-08 00:29:56,968] Trial 311 finished with value: 0.8201060694723413 and parameters: {'lambda_l1': 8.318833428076399e-05, 'lambda_l2': 18.917810423633192, 'num_leaves': 40, 'feature_fraction': 0.5900951257962646, 'bagging_fraction': 0.9751575138295401, 'bagging_freq': 15, 'min_child_samples': 87}. Best is trial 118 with value: 0.8214058071103099.
[I 2025-04-08 00:29:58,601] Trial 312 finished with value: 0.820399623238985 and parameters: {'lambda_l1': 1.8902047544387054e-05, 'lambda_l2': 1.187838221975114, 'num_leaves': 34, 'feature_fraction': 0.6875879593509173, 'bagging_fraction': 0.7096388951635091, 'bagging_freq': 16, 'min_child_samples': 101}. Best is trial 118 with value: 0.8214058071103099.
[I 2025-04-08 00:30:00,658] Trial 313 finished with value: 0.8199384424516879 and parameters: {'lambda_l1': 6.86121434035751e-07, 'lambda_l2': 11.502977456550404, 'num_leaves': 47, 'feature_fraction': 0.5732865695189503, 'bagging_fraction': 0.80902892697794, 'bagging_freq': 15, 'min_child_samples': 91}. Best is trial 118 with value: 0.8214058071103099.
[I 2025-04-08 00:30:02,736] Trial 314 finished with value: 0.8199803184544365 and parameters: {'lambda_l1': 7.895738565521662e-08, 'lambda_l2': 5.751521862798636, 'num_leaves': 31, 'feature_fraction': 0.6008678339132223, 'bagging_fraction': 0.9865639975771294, 'bagging_freq': 16, 'min_child_samples': 110}. Best is trial 118 with value: 0.8214058071103099.
[I 2025-04-08 00:30:04,436] Trial 315 finished with value: 0.8201062100548094 and parameters: {'lambda_l1': 1.528314223034091e-07, 'lambda_l2': 29.548576318876595, 'num_leaves': 38, 'feature_fraction': 0.5460692822032202, 'bagging_fraction': 0.942034038742291, 'bagging_freq': 16, 'min_child_samples': 95}. Best is trial 118 with value: 0.8214058071103099.
[I 2025-04-08 00:30:05,993] Trial 316 finished with value: 0.8201482617856433 and parameters: {'lambda_l1': 2.6795202638039885e-07, 'lambda_l2': 8.059185989173324, 'num_leaves': 34, 'feature_fraction': 0.6160545098486226, 'bagging_fraction': 0.9676478334600888, 'bagging_freq': 7, 'min_child_samples': 66}. Best is trial 118 with value: 0.8214058071103099.
[I 2025-04-08 00:30:08,571] Trial 317 finished with value: 0.8182196460484905 and parameters: {'lambda_l1': 1.0911062937352732e-06, 'lambda_l2': 2.1414513302479627, 'num_leaves': 80, 'feature_fraction': 0.5104951297350673, 'bagging_fraction': 0.955131798929198, 'bagging_freq': 15, 'min_child_samples': 23}. Best is trial 118 with value: 0.8214058071103099.
[I 2025-04-08 00:30:10,314] Trial 318 finished with value: 0.8200224404765043 and parameters: {'lambda_l1': 3.910555601922799e-05, 'lambda_l2': 4.204480018928332, 'num_leaves': 43, 'feature_fraction': 0.5869960683920195, 'bagging_fraction': 0.9229154264738244, 'bagging_freq': 8, 'min_child_samples': 107}. Best is trial 118 with value: 0.8214058071103099.
[I 2025-04-08 00:30:11,973] Trial 319 finished with value: 0.8193095994981207 and parameters: {'lambda_l1': 4.48984339101309e-07, 'lambda_l2': 18.44556859561473, 'num_leaves': 40, 'feature_fraction': 0.5631620604712606, 'bagging_fraction': 0.9890505295033923, 'bagging_freq': 16, 'min_child_samples': 99}. Best is trial 118 with value: 0.8214058071103099.
[I 2025-04-08 00:30:14,260] Trial 320 finished with value: 0.8187647897149866 and parameters: {'lambda_l1': 2.917010456297319e-06, 'lambda_l2': 11.701021594051968, 'num_leaves': 36, 'feature_fraction': 0.654116044639277, 'bagging_fraction': 0.9751325157807305, 'bagging_freq': 15, 'min_child_samples': 103}. Best is trial 118 with value: 0.8214058071103099.
[I 2025-04-08 00:30:15,856] Trial 321 finished with value: 0.8200223701852701 and parameters: {'lambda_l1': 2.615378810348001e-08, 'lambda_l2': 7.818682529481214, 'num_leaves': 29, 'feature_fraction': 0.5766995768165445, 'bagging_fraction': 0.9488155692984073, 'bagging_freq': 16, 'min_child_samples': 9}. Best is trial 118 with value: 0.8214058071103099.
[I 2025-04-08 00:30:17,662] Trial 322 finished with value: 0.819561154252356 and parameters: {'lambda_l1': 6.763306850423743e-08, 'lambda_l2': 41.80748228092074, 'num_leaves': 32, 'feature_fraction': 0.60710663887335, 'bagging_fraction': 0.9672843474783418, 'bagging_freq': 3, 'min_child_samples': 96}. Best is trial 118 with value: 0.8214058071103099.
[I 2025-04-08 00:30:19,557] Trial 323 finished with value: 0.8192679519418832 and parameters: {'lambda_l1': 1.2615233724395564e-07, 'lambda_l2': 3.649967648237793, 'num_leaves': 41, 'feature_fraction': 0.6346614068427281, 'bagging_fraction': 0.9307547463334633, 'bagging_freq': 13, 'min_child_samples': 99}. Best is trial 118 with value: 0.8214058071103099.
[I 2025-04-08 00:30:21,217] Trial 324 finished with value: 0.8195612421163988 and parameters: {'lambda_l1': 7.51982458155941e-07, 'lambda_l2': 0.0015278544018381924, 'num_leaves': 37, 'feature_fraction': 0.49448444338565023, 'bagging_fraction': 0.6510801968989095, 'bagging_freq': 16, 'min_child_samples': 92}. Best is trial 118 with value: 0.8214058071103099.
[I 2025-04-08 00:30:23,724] Trial 325 finished with value: 0.8212801791020647 and parameters: {'lambda_l1': 0.00046562994921527047, 'lambda_l2': 15.433251472033064, 'num_leaves': 46, 'feature_fraction': 0.7031903192215475, 'bagging_fraction': 0.9883406879690314, 'bagging_freq': 15, 'min_child_samples': 101}. Best is trial 118 with value: 0.8214058071103099.
[I 2025-04-08 00:30:25,953] Trial 326 finished with value: 0.8194354735256854 and parameters: {'lambda_l1': 0.0005415023065424698, 'lambda_l2': 25.780421254925326, 'num_leaves': 51, 'feature_fraction': 0.7107183514428644, 'bagging_fraction': 0.9911466383641726, 'bagging_freq': 6, 'min_child_samples': 114}. Best is trial 118 with value: 0.8214058071103099.
[I 2025-04-08 00:30:27,968] Trial 327 finished with value: 0.8201483496496861 and parameters: {'lambda_l1': 0.00018388219522132284, 'lambda_l2': 15.028083948298557, 'num_leaves': 46, 'feature_fraction': 0.6761925638229869, 'bagging_fraction': 0.9987772268476831, 'bagging_freq': 16, 'min_child_samples': 104}. Best is trial 118 with value: 0.8214058071103099.
[I 2025-04-08 00:30:29,869] Trial 328 finished with value: 0.8180518784453688 and parameters: {'lambda_l1': 1.956440349586212e-07, 'lambda_l2': 91.4876087323716, 'num_leaves': 47, 'feature_fraction': 0.7036381565006637, 'bagging_fraction': 0.9785050978734473, 'bagging_freq': 15, 'min_child_samples': 83}. Best is trial 118 with value: 0.8214058071103099.
[I 2025-04-08 00:30:31,712] Trial 329 finished with value: 0.8203158360878711 and parameters: {'lambda_l1': 2.3558856199864036e-05, 'lambda_l2': 20.66078777722236, 'num_leaves': 43, 'feature_fraction': 0.6909580555814687, 'bagging_fraction': 0.9859061164845815, 'bagging_freq': 16, 'min_child_samples': 102}. Best is trial 118 with value: 0.8214058071103099.
[I 2025-04-08 00:30:31,921] A new study created in RDB with name: lightgbm-num_features-11
[I 2025-04-08 00:30:33,766] Trial 0 finished with value: 0.8204834631085245 and parameters: {'lambda_l1': 8.544484129352365e-08, 'lambda_l2': 8.197247094826386, 'num_leaves': 30, 'feature_fraction': 0.6336882586494738, 'bagging_fraction': 0.9999987147736018, 'bagging_freq': 16, 'min_child_samples': 94}. Best is trial 0 with value: 0.8204834631085245.
[I 2025-04-08 00:30:36,376] Trial 1 finished with value: 0.8189323464444058 and parameters: {'lambda_l1': 2.0699245453716974e-08, 'lambda_l2': 0.23573058079941198, 'num_leaves': 82, 'feature_fraction': 0.6795695434629214, 'bagging_fraction': 0.9403064357849189, 'bagging_freq': 2, 'min_child_samples': 47}. Best is trial 0 with value: 0.8204834631085245.
[I 2025-04-08 00:30:37,008] Trial 2 finished with value: 0.7940300776190953 and parameters: {'lambda_l1': 47.896797271923944, 'lambda_l2': 41.837860322337406, 'num_leaves': 31, 'feature_fraction': 0.500922558682617, 'bagging_fraction': 0.42805770184381475, 'bagging_freq': 16, 'min_child_samples': 113}. Best is trial 0 with value: 0.8204834631085245.
[I 2025-04-08 00:30:39,141] Trial 3 finished with value: 0.8190158348577745 and parameters: {'lambda_l1': 0.13162167290059382, 'lambda_l2': 3.630526985823249e-07, 'num_leaves': 70, 'feature_fraction': 0.7786706277993782, 'bagging_fraction': 0.5413414537944977, 'bagging_freq': 10, 'min_child_samples': 85}. Best is trial 0 with value: 0.8204834631085245.
[I 2025-04-08 00:30:40,359] Trial 4 finished with value: 0.8191000086106761 and parameters: {'lambda_l1': 0.05392728662613797, 'lambda_l2': 17.78102324106564, 'num_leaves': 22, 'feature_fraction': 0.8389888329292798, 'bagging_fraction': 0.9403228246972293, 'bagging_freq': 1, 'min_child_samples': 62}. Best is trial 0 with value: 0.8204834631085245.
[I 2025-04-08 00:30:43,092] Trial 5 finished with value: 0.8179680034302121 and parameters: {'lambda_l1': 0.0002939734216564196, 'lambda_l2': 0.16736430622101614, 'num_leaves': 88, 'feature_fraction': 0.5188688771791384, 'bagging_fraction': 0.7154896782260425, 'bagging_freq': 14, 'min_child_samples': 123}. Best is trial 0 with value: 0.8204834631085245.
[I 2025-04-08 00:30:45,835] Trial 6 finished with value: 0.8170458351565124 and parameters: {'lambda_l1': 0.001358073000315632, 'lambda_l2': 6.256725183449991e-05, 'num_leaves': 60, 'feature_fraction': 0.4975455559426448, 'bagging_fraction': 0.44938846618300704, 'bagging_freq': 13, 'min_child_samples': 45}. Best is trial 0 with value: 0.8204834631085245.
[I 2025-04-08 00:30:47,780] Trial 7 finished with value: 0.8181355777324398 and parameters: {'lambda_l1': 0.10616261551084433, 'lambda_l2': 2.6375635816642556e-07, 'num_leaves': 59, 'feature_fraction': 0.7162951706118303, 'bagging_fraction': 0.7866178677482742, 'bagging_freq': 7, 'min_child_samples': 97}. Best is trial 0 with value: 0.8204834631085245.
[I 2025-04-08 00:30:50,403] Trial 8 finished with value: 0.8183456606585233 and parameters: {'lambda_l1': 0.005550625498764961, 'lambda_l2': 0.00010292988704659228, 'num_leaves': 90, 'feature_fraction': 0.5627846999858118, 'bagging_fraction': 0.9208330581913763, 'bagging_freq': 12, 'min_child_samples': 3}. Best is trial 0 with value: 0.8204834631085245.
[I 2025-04-08 00:30:52,033] Trial 9 finished with value: 0.8180098794329606 and parameters: {'lambda_l1': 0.010302429979040172, 'lambda_l2': 2.8035023505323083e-05, 'num_leaves': 42, 'feature_fraction': 0.8442911909506965, 'bagging_fraction': 0.8762069922978316, 'bagging_freq': 7, 'min_child_samples': 62}. Best is trial 0 with value: 0.8204834631085245.
[I 2025-04-08 00:30:56,009] Trial 10 finished with value: 0.8153688620376375 and parameters: {'lambda_l1': 6.858932122769954e-09, 'lambda_l2': 1.0109104980801406e-09, 'num_leaves': 126, 'feature_fraction': 0.9663080158063304, 'bagging_fraction': 0.619844849192587, 'bagging_freq': 5, 'min_child_samples': 15}. Best is trial 0 with value: 0.8204834631085245.
[I 2025-04-08 00:30:56,534] Trial 11 finished with value: 0.76158056869123 and parameters: {'lambda_l1': 1.5108905364573815e-06, 'lambda_l2': 78.19694112963764, 'num_leaves': 2, 'feature_fraction': 0.9166309246017805, 'bagging_fraction': 0.9956926188370886, 'bagging_freq': 1, 'min_child_samples': 81}. Best is trial 0 with value: 0.8204834631085245.
[I 2025-04-08 00:30:57,163] Trial 12 finished with value: 0.809667504889634 and parameters: {'lambda_l1': 4.8293063132361435e-06, 'lambda_l2': 0.3897730618805037, 'num_leaves': 6, 'feature_fraction': 0.68888654615319, 'bagging_fraction': 0.8305864907344912, 'bagging_freq': 4, 'min_child_samples': 65}. Best is trial 0 with value: 0.8204834631085245.
[I 2025-04-08 00:30:58,378] Trial 13 finished with value: 0.8156207682480436 and parameters: {'lambda_l1': 15.851080618612073, 'lambda_l2': 0.012857987460966868, 'num_leaves': 27, 'feature_fraction': 0.4032566253907453, 'bagging_fraction': 0.9894376046633907, 'bagging_freq': 10, 'min_child_samples': 100}. Best is trial 0 with value: 0.8204834631085245.
[I 2025-04-08 00:30:59,486] Trial 14 finished with value: 0.8188489283222713 and parameters: {'lambda_l1': 4.739633782006057e-06, 'lambda_l2': 3.1699979953020314, 'num_leaves': 20, 'feature_fraction': 0.8335654868712207, 'bagging_fraction': 0.7514196491705686, 'bagging_freq': 3, 'min_child_samples': 32}. Best is trial 0 with value: 0.8204834631085245.
[I 2025-04-08 00:31:00,919] Trial 15 finished with value: 0.8207772628944877 and parameters: {'lambda_l1': 3.398524263726449e-07, 'lambda_l2': 0.004981041573383321, 'num_leaves': 38, 'feature_fraction': 0.6124651936585117, 'bagging_fraction': 0.8541466059332337, 'bagging_freq': 16, 'min_child_samples': 76}. Best is trial 15 with value: 0.8207772628944877.
[I 2025-04-08 00:31:02,580] Trial 16 finished with value: 0.8199384073060709 and parameters: {'lambda_l1': 1.1625850646755956e-07, 'lambda_l2': 0.003056199720086047, 'num_leaves': 46, 'feature_fraction': 0.6108727574933668, 'bagging_fraction': 0.8471658917766047, 'bagging_freq': 16, 'min_child_samples': 82}. Best is trial 15 with value: 0.8207772628944877.
[I 2025-04-08 00:31:04,135] Trial 17 finished with value: 0.8196869931343038 and parameters: {'lambda_l1': 2.3169595289784506e-09, 'lambda_l2': 0.0018363308687425366, 'num_leaves': 44, 'feature_fraction': 0.61514174110209, 'bagging_fraction': 0.6515707644068633, 'bagging_freq': 14, 'min_child_samples': 103}. Best is trial 15 with value: 0.8207772628944877.
[I 2025-04-08 00:31:08,332] Trial 18 finished with value: 0.8147401420937298 and parameters: {'lambda_l1': 2.6679767152734546e-07, 'lambda_l2': 0.022679993127654157, 'num_leaves': 124, 'feature_fraction': 0.40910474070092545, 'bagging_fraction': 0.8258715242501556, 'bagging_freq': 16, 'min_child_samples': 81}. Best is trial 15 with value: 0.8207772628944877.
[I 2025-04-08 00:31:09,212] Trial 19 finished with value: 0.8186388629689964 and parameters: {'lambda_l1': 7.352962180120764e-05, 'lambda_l2': 3.030649572572433e-06, 'num_leaves': 14, 'feature_fraction': 0.6280706014955499, 'bagging_fraction': 0.8919816539821095, 'bagging_freq': 11, 'min_child_samples': 125}. Best is trial 15 with value: 0.8207772628944877.
[I 2025-04-08 00:31:10,990] Trial 20 finished with value: 0.8176326790976715 and parameters: {'lambda_l1': 2.810461478859719e-05, 'lambda_l2': 1.5029104780865477, 'num_leaves': 51, 'feature_fraction': 0.7715280924365632, 'bagging_fraction': 0.7866790512756077, 'bagging_freq': 14, 'min_child_samples': 52}. Best is trial 15 with value: 0.8207772628944877.
[I 2025-04-08 00:31:12,377] Trial 21 finished with value: 0.8204415695329674 and parameters: {'lambda_l1': 8.11057065225436e-08, 'lambda_l2': 0.0015804319844654733, 'num_leaves': 36, 'feature_fraction': 0.6039627671322351, 'bagging_fraction': 0.8672050966462439, 'bagging_freq': 16, 'min_child_samples': 88}. Best is trial 15 with value: 0.8207772628944877.
[I 2025-04-08 00:31:13,771] Trial 22 finished with value: 0.820567408414915 and parameters: {'lambda_l1': 1.3292597299350206e-07, 'lambda_l2': 0.0016974488514710931, 'num_leaves': 36, 'feature_fraction': 0.5726215580319622, 'bagging_fraction': 0.9950001488266597, 'bagging_freq': 15, 'min_child_samples': 92}. Best is trial 15 with value: 0.8207772628944877.
[I 2025-04-08 00:31:15,712] Trial 23 finished with value: 0.8189742575927712 and parameters: {'lambda_l1': 4.944306172768784e-07, 'lambda_l2': 0.0363161844243831, 'num_leaves': 36, 'feature_fraction': 0.5566048526099319, 'bagging_fraction': 0.9921678861962642, 'bagging_freq': 14, 'min_child_samples': 71}. Best is trial 15 with value: 0.8207772628944877.
[I 2025-04-08 00:31:18,193] Trial 24 finished with value: 0.8183453443479698 and parameters: {'lambda_l1': 3.632093643518604e-08, 'lambda_l2': 0.00044759649069709497, 'num_leaves': 71, 'feature_fraction': 0.4573516859188545, 'bagging_fraction': 0.9405799120557411, 'bagging_freq': 15, 'min_child_samples': 108}. Best is trial 15 with value: 0.8207772628944877.
[I 2025-04-08 00:31:19,141] Trial 25 finished with value: 0.8180941937683306 and parameters: {'lambda_l1': 2.7354069860899366e-05, 'lambda_l2': 5.7425286954543375e-06, 'num_leaves': 14, 'feature_fraction': 0.6637011400264342, 'bagging_fraction': 0.9081838307090833, 'bagging_freq': 12, 'min_child_samples': 93}. Best is trial 15 with value: 0.8207772628944877.
