[I 2025-04-08 01:05:13,309] Trial 156 finished with value: 0.8191839187714498 and parameters: {'lambda_l1': 4.25234911934779e-06, 'lambda_l2': 2.7350771196597844e-06, 'num_leaves': 36, 'feature_fraction': 0.7409263540510858, 'bagging_fraction': 0.8305484185629403, 'bagging_freq': 1, 'min_child_samples': 101}. Best is trial 106 with value: 0.8201062803460438.
[I 2025-04-08 01:05:15,014] Trial 157 finished with value: 0.8178424457132012 and parameters: {'lambda_l1': 2.156079535725611e-06, 'lambda_l2': 0.6952768987449218, 'num_leaves': 41, 'feature_fraction': 0.6806176027853744, 'bagging_fraction': 0.8466996631931589, 'bagging_freq': 3, 'min_child_samples': 106}. Best is trial 106 with value: 0.8201062803460438.
[I 2025-04-08 01:05:16,430] Trial 158 finished with value: 0.8181780160650615 and parameters: {'lambda_l1': 1.0202297702311025e-05, 'lambda_l2': 0.0001451671531278995, 'num_leaves': 34, 'feature_fraction': 0.5243553959044964, 'bagging_fraction': 0.9995994707639198, 'bagging_freq': 2, 'min_child_samples': 97}. Best is trial 106 with value: 0.8201062803460438.
[I 2025-04-08 01:05:17,825] Trial 159 finished with value: 0.8191418494678075 and parameters: {'lambda_l1': 1.4371135972261862e-06, 'lambda_l2': 0.05864438003956279, 'num_leaves': 30, 'feature_fraction': 0.6296384927931049, 'bagging_fraction': 0.8033312059845169, 'bagging_freq': 1, 'min_child_samples': 117}. Best is trial 106 with value: 0.8201062803460438.
[I 2025-04-08 01:05:19,555] Trial 160 finished with value: 0.8195612245435904 and parameters: {'lambda_l1': 1.964963634891639e-05, 'lambda_l2': 2.161966850177143e-05, 'num_leaves': 24, 'feature_fraction': 0.5074243202401394, 'bagging_fraction': 0.8692565911211558, 'bagging_freq': 1, 'min_child_samples': 91}. Best is trial 106 with value: 0.8201062803460438.
[I 2025-04-08 01:05:20,672] Trial 161 finished with value: 0.8188905055872745 and parameters: {'lambda_l1': 1.6661585752923435e-05, 'lambda_l2': 1.8818856811984665e-05, 'num_leaves': 24, 'feature_fraction': 0.5044588014193965, 'bagging_fraction': 0.8672115389517745, 'bagging_freq': 1, 'min_child_samples': 94}. Best is trial 106 with value: 0.8201062803460438.
[I 2025-04-08 01:05:22,034] Trial 162 finished with value: 0.8184295005280628 and parameters: {'lambda_l1': 2.3653274316836138e-05, 'lambda_l2': 5.02562401139488e-05, 'num_leaves': 27, 'feature_fraction': 0.4845532723650382, 'bagging_fraction': 0.8502266844722542, 'bagging_freq': 15, 'min_child_samples': 91}. Best is trial 106 with value: 0.8201062803460438.
[I 2025-04-08 01:05:23,826] Trial 163 finished with value: 0.8193932987851917 and parameters: {'lambda_l1': 7.667472988952914e-05, 'lambda_l2': 1.1106380194056066e-05, 'num_leaves': 45, 'feature_fraction': 0.5129924232860528, 'bagging_fraction': 0.8229127218398185, 'bagging_freq': 1, 'min_child_samples': 100}. Best is trial 106 with value: 0.8201062803460438.
[I 2025-04-08 01:05:24,869] Trial 164 finished with value: 0.8189745036120909 and parameters: {'lambda_l1': 2.8466779848397916e-06, 'lambda_l2': 7.236260254327905e-07, 'num_leaves': 22, 'feature_fraction': 0.5581897510982614, 'bagging_fraction': 0.8864200564792277, 'bagging_freq': 2, 'min_child_samples': 103}. Best is trial 106 with value: 0.8201062803460438.
[I 2025-04-08 01:05:27,853] Trial 165 finished with value: 0.8167106514064397 and parameters: {'lambda_l1': 7.458402288171609e-06, 'lambda_l2': 4.39051452094276e-06, 'num_leaves': 115, 'feature_fraction': 0.5417216133723711, 'bagging_fraction': 0.7875887034553074, 'bagging_freq': 1, 'min_child_samples': 98}. Best is trial 106 with value: 0.8201062803460438.
[I 2025-04-08 01:05:30,619] Trial 166 finished with value: 0.8151592535773846 and parameters: {'lambda_l1': 1.2010059605029417e-05, 'lambda_l2': 7.636980533397706e-06, 'num_leaves': 80, 'feature_fraction': 0.574675459213858, 'bagging_fraction': 0.8419998225347026, 'bagging_freq': 4, 'min_child_samples': 107}. Best is trial 106 with value: 0.8201062803460438.
[I 2025-04-08 01:05:32,055] Trial 167 finished with value: 0.8187229137122382 and parameters: {'lambda_l1': 3.9547335523953855e-05, 'lambda_l2': 2.946906846613982, 'num_leaves': 31, 'feature_fraction': 0.5302714882611961, 'bagging_fraction': 0.8086345636615296, 'bagging_freq': 2, 'min_child_samples': 96}. Best is trial 106 with value: 0.8201062803460438.
[I 2025-04-08 01:05:33,735] Trial 168 finished with value: 0.8199804766097133 and parameters: {'lambda_l1': 3.720137006576336e-09, 'lambda_l2': 0.005193578993981189, 'num_leaves': 39, 'feature_fraction': 0.4686948648534789, 'bagging_fraction': 0.8702403864001975, 'bagging_freq': 1, 'min_child_samples': 113}. Best is trial 106 with value: 0.8201062803460438.
[I 2025-04-08 01:05:35,421] Trial 169 finished with value: 0.8193518269570397 and parameters: {'lambda_l1': 0.0005286131865861474, 'lambda_l2': 0.0008417271607187029, 'num_leaves': 39, 'feature_fraction': 0.44382277096972106, 'bagging_fraction': 0.9073660248541677, 'bagging_freq': 2, 'min_child_samples': 121}. Best is trial 106 with value: 0.8201062803460438.
[I 2025-04-08 01:05:36,426] Trial 170 finished with value: 0.807235814789627 and parameters: {'lambda_l1': 6.03819431379781, 'lambda_l2': 0.007029547427678563, 'num_leaves': 13, 'feature_fraction': 0.432207398736324, 'bagging_fraction': 0.8790006773324561, 'bagging_freq': 1, 'min_child_samples': 114}. Best is trial 106 with value: 0.8201062803460438.
[I 2025-04-08 01:05:37,966] Trial 171 finished with value: 0.8197708681494603 and parameters: {'lambda_l1': 0.0001587495316060965, 'lambda_l2': 1.654944948044966e-06, 'num_leaves': 36, 'feature_fraction': 0.4954207553629343, 'bagging_fraction': 0.8681344194831602, 'bagging_freq': 1, 'min_child_samples': 111}. Best is trial 106 with value: 0.8201062803460438.
[I 2025-04-08 01:05:39,366] Trial 172 finished with value: 0.8188487174485687 and parameters: {'lambda_l1': 1.1683325866834433e-09, 'lambda_l2': 0.0031252315335604723, 'num_leaves': 36, 'feature_fraction': 0.4728731716495273, 'bagging_fraction': 0.8697189290638807, 'bagging_freq': 1, 'min_child_samples': 111}. Best is trial 106 with value: 0.8201062803460438.
[I 2025-04-08 01:05:41,314] Trial 173 finished with value: 0.8190582907632045 and parameters: {'lambda_l1': 4.069587330221089e-08, 'lambda_l2': 9.400684994175302e-07, 'num_leaves': 34, 'feature_fraction': 0.45642634794340897, 'bagging_fraction': 0.8955742003857516, 'bagging_freq': 1, 'min_child_samples': 117}. Best is trial 106 with value: 0.8201062803460438.
[I 2025-04-08 01:05:42,843] Trial 174 finished with value: 0.8195611893979733 and parameters: {'lambda_l1': 0.00013567965792065265, 'lambda_l2': 0.00045170306633320685, 'num_leaves': 29, 'feature_fraction': 0.46595978026386836, 'bagging_fraction': 0.8645113632350906, 'bagging_freq': 1, 'min_child_samples': 113}. Best is trial 106 with value: 0.8201062803460438.
[I 2025-04-08 01:05:44,207] Trial 175 finished with value: 0.819561312407633 and parameters: {'lambda_l1': 0.0001324925601716991, 'lambda_l2': 0.019864128415621213, 'num_leaves': 29, 'feature_fraction': 0.4783998425992644, 'bagging_fraction': 0.8631368499160551, 'bagging_freq': 1, 'min_child_samples': 113}. Best is trial 106 with value: 0.8201062803460438.
[I 2025-04-08 01:05:45,412] Trial 176 finished with value: 0.8199388641990929 and parameters: {'lambda_l1': 0.0001402078910386839, 'lambda_l2': 0.02065674679159531, 'num_leaves': 27, 'feature_fraction': 0.4700268058639509, 'bagging_fraction': 0.8667106434884106, 'bagging_freq': 1, 'min_child_samples': 110}. Best is trial 106 with value: 0.8201062803460438.
[I 2025-04-08 01:05:49,734] Trial 177 finished with value: 0.819058273190396 and parameters: {'lambda_l1': 0.00025808879809537095, 'lambda_l2': 0.01938586302452955, 'num_leaves': 28, 'feature_fraction': 0.46571451542256914, 'bagging_fraction': 0.8621875176048189, 'bagging_freq': 1, 'min_child_samples': 109}. Best is trial 106 with value: 0.8201062803460438.
[I 2025-04-08 01:05:52,616] Trial 178 finished with value: 0.8193097576533974 and parameters: {'lambda_l1': 3.903318455412169e-09, 'lambda_l2': 0.0314317089358725, 'num_leaves': 25, 'feature_fraction': 0.4775469641105797, 'bagging_fraction': 0.8884602216098318, 'bagging_freq': 1, 'min_child_samples': 113}. Best is trial 106 with value: 0.8201062803460438.
[I 2025-04-08 01:05:53,973] Trial 179 finished with value: 0.8189324870268742 and parameters: {'lambda_l1': 8.34988834835163e-05, 'lambda_l2': 0.008685586290081735, 'num_leaves': 28, 'feature_fraction': 0.46168609149181244, 'bagging_fraction': 0.8739878590760805, 'bagging_freq': 1, 'min_child_samples': 111}. Best is trial 106 with value: 0.8201062803460438.
[I 2025-04-08 01:05:55,097] Trial 180 finished with value: 0.8187648775790294 and parameters: {'lambda_l1': 0.00013891254757112333, 'lambda_l2': 0.014766542538785772, 'num_leaves': 24, 'feature_fraction': 0.4912736428641788, 'bagging_fraction': 0.9019123634475528, 'bagging_freq': 1, 'min_child_samples': 123}. Best is trial 106 with value: 0.8201062803460438.
[I 2025-04-08 01:05:56,186] Trial 181 finished with value: 0.8194356141081535 and parameters: {'lambda_l1': 0.0008552515543163574, 'lambda_l2': 0.023386018119883487, 'num_leaves': 21, 'feature_fraction': 0.4747059418882446, 'bagging_fraction': 0.8653209124848505, 'bagging_freq': 1, 'min_child_samples': 128}. Best is trial 106 with value: 0.8201062803460438.
[I 2025-04-08 01:05:57,493] Trial 182 finished with value: 0.8188067360089691 and parameters: {'lambda_l1': 0.00012350547836369202, 'lambda_l2': 0.05171449918493037, 'num_leaves': 32, 'feature_fraction': 0.49844383397920944, 'bagging_fraction': 0.856387462195887, 'bagging_freq': 1, 'min_child_samples': 108}. Best is trial 106 with value: 0.8201062803460438.
[I 2025-04-08 01:05:58,754] Trial 183 finished with value: 0.8184293775184031 and parameters: {'lambda_l1': 1.0150027007357292e-08, 'lambda_l2': 0.09862663295529829, 'num_leaves': 28, 'feature_fraction': 0.44868123107083335, 'bagging_fraction': 0.8535741934246334, 'bagging_freq': 1, 'min_child_samples': 115}. Best is trial 106 with value: 0.8201062803460438.
[I 2025-04-08 01:06:00,346] Trial 184 finished with value: 0.814404782615572 and parameters: {'lambda_l1': 6.0186199721163215e-05, 'lambda_l2': 0.005598433917435144, 'num_leaves': 35, 'feature_fraction': 0.4059734079286903, 'bagging_fraction': 0.8773015729561938, 'bagging_freq': 1, 'min_child_samples': 106}. Best is trial 106 with value: 0.8201062803460438.
[I 2025-04-08 01:06:02,223] Trial 185 finished with value: 0.8181359291886107 and parameters: {'lambda_l1': 0.0003307975446202726, 'lambda_l2': 0.17702404283770384, 'num_leaves': 26, 'feature_fraction': 0.48348697471931823, 'bagging_fraction': 0.8387583461691365, 'bagging_freq': 2, 'min_child_samples': 111}. Best is trial 106 with value: 0.8201062803460438.
[I 2025-04-08 01:06:03,649] Trial 186 finished with value: 0.8188905583057 and parameters: {'lambda_l1': 3.5973303030362335e-05, 'lambda_l2': 0.0004655302098474904, 'num_leaves': 30, 'feature_fraction': 0.46024899465381663, 'bagging_fraction': 0.8887469857577042, 'bagging_freq': 2, 'min_child_samples': 104}. Best is trial 106 with value: 0.8201062803460438.
[I 2025-04-08 01:06:05,066] Trial 187 finished with value: 0.8214059476927782 and parameters: {'lambda_l1': 0.00010265943709947568, 'lambda_l2': 0.004041733868687731, 'num_leaves': 33, 'feature_fraction': 0.4389230362265948, 'bagging_fraction': 0.8525872399482367, 'bagging_freq': 1, 'min_child_samples': 117}. Best is trial 187 with value: 0.8214059476927782.
[I 2025-04-08 01:06:06,393] Trial 188 finished with value: 0.8191421833511697 and parameters: {'lambda_l1': 0.0004745410133516761, 'lambda_l2': 0.0016945777772931709, 'num_leaves': 32, 'feature_fraction': 0.4480223033402245, 'bagging_fraction': 0.9175348404167785, 'bagging_freq': 1, 'min_child_samples': 117}. Best is trial 187 with value: 0.8214059476927782.
[I 2025-04-08 01:06:07,544] Trial 189 finished with value: 0.8126861267948428 and parameters: {'lambda_l1': 0.0002095393534098451, 'lambda_l2': 0.00925468430812466, 'num_leaves': 23, 'feature_fraction': 0.4337620934939597, 'bagging_fraction': 0.8519771123748531, 'bagging_freq': 1, 'min_child_samples': 121}. Best is trial 187 with value: 0.8214059476927782.
[I 2025-04-08 01:06:08,624] Trial 190 finished with value: 0.8096258749062052 and parameters: {'lambda_l1': 0.00012750665922149846, 'lambda_l2': 0.01569706597979974, 'num_leaves': 17, 'feature_fraction': 0.41313427710776074, 'bagging_fraction': 0.8703319550940635, 'bagging_freq': 1, 'min_child_samples': 119}. Best is trial 187 with value: 0.8214059476927782.
[I 2025-04-08 01:06:10,000] Trial 191 finished with value: 0.8184713413851942 and parameters: {'lambda_l1': 8.435437678320151e-05, 'lambda_l2': 0.044319114559793614, 'num_leaves': 29, 'feature_fraction': 0.46865275075170554, 'bagging_fraction': 0.8390485074079822, 'bagging_freq': 1, 'min_child_samples': 113}. Best is trial 187 with value: 0.8214059476927782.
[I 2025-04-08 01:06:12,054] Trial 192 finished with value: 0.8193099333814828 and parameters: {'lambda_l1': 5.653188072368025e-05, 'lambda_l2': 1.7812365406079267e-06, 'num_leaves': 38, 'feature_fraction': 0.4975999384804778, 'bagging_fraction': 0.8534378858038539, 'bagging_freq': 2, 'min_child_samples': 109}. Best is trial 187 with value: 0.8214059476927782.
[I 2025-04-08 01:06:15,190] Trial 193 finished with value: 0.8175490149562172 and parameters: {'lambda_l1': 0.00031129170819578023, 'lambda_l2': 0.012402316929370851, 'num_leaves': 103, 'feature_fraction': 0.4848126075084186, 'bagging_fraction': 0.8606309093376611, 'bagging_freq': 1, 'min_child_samples': 116}. Best is trial 187 with value: 0.8214059476927782.
[I 2025-04-08 01:06:16,804] Trial 194 finished with value: 0.8201061749091926 and parameters: {'lambda_l1': 2.607751753630918e-05, 'lambda_l2': 0.003383185266905625, 'num_leaves': 35, 'feature_fraction': 0.45483407184694163, 'bagging_fraction': 0.8803171571948384, 'bagging_freq': 1, 'min_child_samples': 107}. Best is trial 187 with value: 0.8214059476927782.
[I 2025-04-08 01:06:18,172] Trial 195 finished with value: 0.8195612421163988 and parameters: {'lambda_l1': 0.00019301484929141528, 'lambda_l2': 0.0012271960091650865, 'num_leaves': 34, 'feature_fraction': 0.44102176473649585, 'bagging_fraction': 0.9324215874653651, 'bagging_freq': 1, 'min_child_samples': 111}. Best is trial 187 with value: 0.8214059476927782.
[I 2025-04-08 01:06:19,589] Trial 196 finished with value: 0.8194773495284338 and parameters: {'lambda_l1': 0.0014095960430662176, 'lambda_l2': 0.005219402002394292, 'num_leaves': 34, 'feature_fraction': 0.4382000652257154, 'bagging_fraction': 0.957774703974862, 'bagging_freq': 1, 'min_child_samples': 102}. Best is trial 187 with value: 0.8214059476927782.
[I 2025-04-08 01:06:20,999] Trial 197 finished with value: 0.8133985635986299 and parameters: {'lambda_l1': 3.2061488919453314e-05, 'lambda_l2': 0.001054717206830374, 'num_leaves': 36, 'feature_fraction': 0.41881529984425847, 'bagging_fraction': 0.8999098694381991, 'bagging_freq': 1, 'min_child_samples': 46}. Best is trial 187 with value: 0.8214059476927782.
[I 2025-04-08 01:06:22,856] Trial 198 finished with value: 0.8190582907632047 and parameters: {'lambda_l1': 1.5528762396291854e-05, 'lambda_l2': 0.0026589608645310133, 'num_leaves': 33, 'feature_fraction': 0.4442657129659197, 'bagging_fraction': 0.8804890257557723, 'bagging_freq': 2, 'min_child_samples': 110}. Best is trial 187 with value: 0.8214059476927782.
[I 2025-04-08 01:06:24,378] Trial 199 finished with value: 0.8208187347226396 and parameters: {'lambda_l1': 0.0007970372702241938, 'lambda_l2': 0.003610406072138563, 'num_leaves': 38, 'feature_fraction': 0.4523573597608536, 'bagging_fraction': 0.8426676641283077, 'bagging_freq': 1, 'min_child_samples': 93}. Best is trial 187 with value: 0.8214059476927782.
[I 2025-04-08 01:06:26,063] Trial 200 finished with value: 0.819686905270261 and parameters: {'lambda_l1': 0.0005411924558123798, 'lambda_l2': 0.004117859796432519, 'num_leaves': 39, 'feature_fraction': 0.4541179505386854, 'bagging_fraction': 0.9282642515305403, 'bagging_freq': 1, 'min_child_samples': 106}. Best is trial 187 with value: 0.8214059476927782.
[I 2025-04-08 01:06:27,620] Trial 201 finished with value: 0.8136919240643797 and parameters: {'lambda_l1': 0.0008175097114721737, 'lambda_l2': 0.0019523978905293929, 'num_leaves': 38, 'feature_fraction': 0.42715324834220797, 'bagging_fraction': 0.9323613264258026, 'bagging_freq': 1, 'min_child_samples': 108}. Best is trial 187 with value: 0.8214059476927782.
[I 2025-04-08 01:06:29,124] Trial 202 finished with value: 0.8188487350213773 and parameters: {'lambda_l1': 0.0004527823235012217, 'lambda_l2': 0.004148479182771829, 'num_leaves': 39, 'feature_fraction': 0.4483974882841053, 'bagging_fraction': 0.9555006200014478, 'bagging_freq': 1, 'min_child_samples': 107}. Best is trial 187 with value: 0.8214059476927782.
[I 2025-04-08 01:06:30,526] Trial 203 finished with value: 0.8181778403369764 and parameters: {'lambda_l1': 0.0002342558010439775, 'lambda_l2': 0.0049034510161879, 'num_leaves': 36, 'feature_fraction': 0.45793648332169873, 'bagging_fraction': 0.9458701728548427, 'bagging_freq': 2, 'min_child_samples': 103}. Best is trial 187 with value: 0.8214059476927782.
[I 2025-04-08 01:06:32,549] Trial 204 finished with value: 0.8184714116764283 and parameters: {'lambda_l1': 0.0022694111924825224, 'lambda_l2': 0.003007064324073984, 'num_leaves': 40, 'feature_fraction': 0.4596835452549315, 'bagging_fraction': 0.8409509973338263, 'bagging_freq': 1, 'min_child_samples': 100}. Best is trial 187 with value: 0.8214059476927782.
[I 2025-04-08 01:06:34,110] Trial 205 finished with value: 0.8140693704189884 and parameters: {'lambda_l1': 0.0007973297635307492, 'lambda_l2': 0.00747712537749316, 'num_leaves': 33, 'feature_fraction': 0.43066841042507514, 'bagging_fraction': 0.9378708241254295, 'bagging_freq': 1, 'min_child_samples': 94}. Best is trial 187 with value: 0.8214059476927782.
[I 2025-04-08 01:06:35,476] Trial 206 finished with value: 0.8200225986317811 and parameters: {'lambda_l1': 0.0012722995138043387, 'lambda_l2': 0.0015561402937213698, 'num_leaves': 31, 'feature_fraction': 0.4382987121181518, 'bagging_fraction': 0.9186575257553515, 'bagging_freq': 2, 'min_child_samples': 105}. Best is trial 187 with value: 0.8214059476927782.
[I 2025-04-08 01:06:36,887] Trial 207 finished with value: 0.8175070510894262 and parameters: {'lambda_l1': 0.0025761202918966244, 'lambda_l2': 0.0014410701516124785, 'num_leaves': 30, 'feature_fraction': 0.47555916805586024, 'bagging_fraction': 0.9182540841533224, 'bagging_freq': 2, 'min_child_samples': 4}. Best is trial 187 with value: 0.8214059476927782.
[I 2025-04-08 01:06:38,194] Trial 208 finished with value: 0.8190162917507966 and parameters: {'lambda_l1': 0.0011208842917423806, 'lambda_l2': 0.0038801115505879983, 'num_leaves': 27, 'feature_fraction': 0.45055028128888935, 'bagging_fraction': 0.9111225300774543, 'bagging_freq': 2, 'min_child_samples': 104}. Best is trial 187 with value: 0.8214059476927782.
[I 2025-04-08 01:06:39,730] Trial 209 finished with value: 0.8185550230994568 and parameters: {'lambda_l1': 0.001145191041860681, 'lambda_l2': 0.02405611904503639, 'num_leaves': 37, 'feature_fraction': 0.48206865293623846, 'bagging_fraction': 0.8297404232800609, 'bagging_freq': 1, 'min_child_samples': 98}. Best is trial 187 with value: 0.8214059476927782.
[I 2025-04-08 01:06:41,047] Trial 210 finished with value: 0.818261820788984 and parameters: {'lambda_l1': 0.00051278524034368, 'lambda_l2': 0.010056845690447288, 'num_leaves': 32, 'feature_fraction': 0.46545796107409265, 'bagging_fraction': 0.8493731676962881, 'bagging_freq': 2, 'min_child_samples': 105}. Best is trial 187 with value: 0.8214059476927782.
[I 2025-04-08 01:06:43,117] Trial 211 finished with value: 0.8144047298971463 and parameters: {'lambda_l1': 0.0001961562301452269, 'lambda_l2': 0.000870997083091382, 'num_leaves': 34, 'feature_fraction': 0.43077384573442595, 'bagging_fraction': 0.9247659238163904, 'bagging_freq': 1, 'min_child_samples': 109}. Best is trial 187 with value: 0.8214059476927782.
[I 2025-04-08 01:06:44,631] Trial 212 finished with value: 0.8182614869056218 and parameters: {'lambda_l1': 0.0006032134514002075, 'lambda_l2': 0.0037838391534159967, 'num_leaves': 41, 'feature_fraction': 0.43999299325423086, 'bagging_fraction': 0.8849131530832086, 'bagging_freq': 1, 'min_child_samples': 111}. Best is trial 187 with value: 0.8214059476927782.
[I 2025-04-08 01:06:46,038] Trial 213 finished with value: 0.8183034507724128 and parameters: {'lambda_l1': 0.006664241228949914, 'lambda_l2': 0.0011853189207425205, 'num_leaves': 35, 'feature_fraction': 0.7200994936797532, 'bagging_fraction': 0.9023315142184578, 'bagging_freq': 1, 'min_child_samples': 17}. Best is trial 187 with value: 0.8214059476927782.
[I 2025-04-08 01:06:47,358] Trial 214 finished with value: 0.8133569511880097 and parameters: {'lambda_l1': 0.00010219984135735156, 'lambda_l2': 0.002563227751284244, 'num_leaves': 31, 'feature_fraction': 0.4125263818338922, 'bagging_fraction': 0.9641757362044655, 'bagging_freq': 1, 'min_child_samples': 101}. Best is trial 187 with value: 0.8214059476927782.
[I 2025-04-08 01:06:48,529] Trial 215 finished with value: 0.8197289921467119 and parameters: {'lambda_l1': 0.0003369184282748645, 'lambda_l2': 0.001690327348174335, 'num_leaves': 26, 'feature_fraction': 0.45633596496690565, 'bagging_fraction': 0.9376482345064515, 'bagging_freq': 1, 'min_child_samples': 106}. Best is trial 187 with value: 0.8214059476927782.
[I 2025-04-08 01:06:49,944] Trial 216 finished with value: 0.8180939477490112 and parameters: {'lambda_l1': 0.00030896221918263024, 'lambda_l2': 0.007055512113236309, 'num_leaves': 27, 'feature_fraction': 0.45457167883120175, 'bagging_fraction': 0.8417884015311671, 'bagging_freq': 2, 'min_child_samples': 96}. Best is trial 187 with value: 0.8214059476927782.
