[I 2025-04-08 01:52:03,328] Trial 47 finished with value: 0.6809206394393572 and parameters: {'lambda_l1': 15.260406672137103, 'lambda_l2': 2.7885963078663035e-06, 'num_leaves': 77, 'feature_fraction': 0.7737611243670806, 'bagging_fraction': 0.973036931202266, 'bagging_freq': 8, 'min_child_samples': 16}. Best is trial 41 with value: 0.688005784968571.
[I 2025-04-08 01:52:05,756] Trial 48 finished with value: 0.6819267705922563 and parameters: {'lambda_l1': 0.0241805579335839, 'lambda_l2': 1.3265648320504063e-07, 'num_leaves': 83, 'feature_fraction': 0.8388295469247999, 'bagging_fraction': 0.8577957031537689, 'bagging_freq': 6, 'min_child_samples': 50}. Best is trial 41 with value: 0.688005784968571.
[I 2025-04-08 01:52:09,191] Trial 49 finished with value: 0.6774406258731489 and parameters: {'lambda_l1': 4.260622627952837, 'lambda_l2': 3.325131624048684e-05, 'num_leaves': 106, 'feature_fraction': 0.717189215526586, 'bagging_fraction': 0.9966562067344482, 'bagging_freq': 5, 'min_child_samples': 33}. Best is trial 41 with value: 0.688005784968571.
[I 2025-04-08 01:52:11,435] Trial 50 finished with value: 0.6863288645681218 and parameters: {'lambda_l1': 0.7373328195682152, 'lambda_l2': 2.3157231299809394e-08, 'num_leaves': 61, 'feature_fraction': 0.9110747640315437, 'bagging_fraction': 0.8955364343832294, 'bagging_freq': 7, 'min_child_samples': 38}. Best is trial 41 with value: 0.688005784968571.
[I 2025-04-08 01:52:13,508] Trial 51 finished with value: 0.6871255102704279 and parameters: {'lambda_l1': 0.27723825668342383, 'lambda_l2': 2.655576314785747e-07, 'num_leaves': 69, 'feature_fraction': 0.9135042149161139, 'bagging_fraction': 0.8871589219209444, 'bagging_freq': 7, 'min_child_samples': 35}. Best is trial 41 with value: 0.688005784968571.
[I 2025-04-08 01:52:15,475] Trial 52 finished with value: 0.6840647136247255 and parameters: {'lambda_l1': 0.06811638444810957, 'lambda_l2': 2.7009270343640436e-07, 'num_leaves': 70, 'feature_fraction': 0.8754879282844233, 'bagging_fraction': 0.9447296640293109, 'bagging_freq': 10, 'min_child_samples': 29}. Best is trial 41 with value: 0.688005784968571.
[I 2025-04-08 01:52:17,491] Trial 53 finished with value: 0.6875025524504403 and parameters: {'lambda_l1': 0.2366585872986351, 'lambda_l2': 3.701309213329476e-06, 'num_leaves': 71, 'feature_fraction': 0.9992698498713134, 'bagging_fraction': 0.9660854147998703, 'bagging_freq': 9, 'min_child_samples': 9}. Best is trial 41 with value: 0.688005784968571.
[I 2025-04-08 01:52:20,108] Trial 54 finished with value: 0.6838130710064474 and parameters: {'lambda_l1': 0.2107154682643587, 'lambda_l2': 1.910181264833104e-06, 'num_leaves': 88, 'feature_fraction': 0.9905450757416876, 'bagging_fraction': 0.9231393661494903, 'bagging_freq': 10, 'min_child_samples': 9}. Best is trial 41 with value: 0.688005784968571.
[I 2025-04-08 01:52:22,635] Trial 55 finished with value: 0.6849452870606139 and parameters: {'lambda_l1': 0.0095859981440908, 'lambda_l2': 8.549161477887528e-06, 'num_leaves': 72, 'feature_fraction': 0.9533367916653472, 'bagging_fraction': 0.8777835056648716, 'bagging_freq': 9, 'min_child_samples': 18}. Best is trial 41 with value: 0.688005784968571.
[I 2025-04-08 01:52:24,373] Trial 56 finished with value: 0.6868734986231706 and parameters: {'lambda_l1': 5.301269696350929, 'lambda_l2': 7.834120529636829e-09, 'num_leaves': 49, 'feature_fraction': 0.9180509814100682, 'bagging_fraction': 0.9574138642777793, 'bagging_freq': 11, 'min_child_samples': 39}. Best is trial 41 with value: 0.688005784968571.
[I 2025-04-08 01:52:25,549] Trial 57 finished with value: 0.6792441232135044 and parameters: {'lambda_l1': 32.40628163688696, 'lambda_l2': 1.0336551642628364e-08, 'num_leaves': 48, 'feature_fraction': 0.9182134443800647, 'bagging_fraction': 0.9566972752290781, 'bagging_freq': 11, 'min_child_samples': 2}. Best is trial 41 with value: 0.688005784968571.
[I 2025-04-08 01:52:28,612] Trial 58 finished with value: 0.6825972611020611 and parameters: {'lambda_l1': 7.1835307862388404, 'lambda_l2': 4.029097969227261e-08, 'num_leaves': 94, 'feature_fraction': 0.8512582701884027, 'bagging_fraction': 0.8600067323002076, 'bagging_freq': 11, 'min_child_samples': 37}. Best is trial 41 with value: 0.688005784968571.
[I 2025-04-08 01:52:30,238] Trial 59 finished with value: 0.6688879399572278 and parameters: {'lambda_l1': 0.21748060050922144, 'lambda_l2': 2.5079700515840875e-07, 'num_leaves': 53, 'feature_fraction': 0.8050446977933698, 'bagging_fraction': 0.42231826611839896, 'bagging_freq': 13, 'min_child_samples': 23}. Best is trial 41 with value: 0.688005784968571.
[I 2025-04-08 01:52:32,285] Trial 60 finished with value: 0.6784053203435132 and parameters: {'lambda_l1': 0.00130513491289447, 'lambda_l2': 4.608687358600861e-07, 'num_leaves': 46, 'feature_fraction': 0.5703170607143612, 'bagging_fraction': 0.9386411884236759, 'bagging_freq': 12, 'min_child_samples': 12}. Best is trial 41 with value: 0.688005784968571.
[I 2025-04-08 01:52:34,210] Trial 61 finished with value: 0.6854062394013999 and parameters: {'lambda_l1': 1.3704494921954409, 'lambda_l2': 4.566074580613937e-06, 'num_leaves': 61, 'feature_fraction': 0.9470774709048133, 'bagging_fraction': 0.9099279218907519, 'bagging_freq': 9, 'min_child_samples': 49}. Best is trial 41 with value: 0.688005784968571.
[I 2025-04-08 01:52:34,966] Trial 62 finished with value: 0.6667926461310826 and parameters: {'lambda_l1': 66.70262786562917, 'lambda_l2': 1.5635479811467046e-05, 'num_leaves': 57, 'feature_fraction': 0.998423819031147, 'bagging_fraction': 0.9810480762033286, 'bagging_freq': 8, 'min_child_samples': 55}. Best is trial 41 with value: 0.688005784968571.
[I 2025-04-08 01:52:38,013] Trial 63 finished with value: 0.6877959129161899 and parameters: {'lambda_l1': 7.636678897863059, 'lambda_l2': 0.0002099075793571604, 'num_leaves': 128, 'feature_fraction': 0.9148784062932738, 'bagging_fraction': 0.9571607386134912, 'bagging_freq': 10, 'min_child_samples': 45}. Best is trial 41 with value: 0.688005784968571.
[I 2025-04-08 01:52:41,104] Trial 64 finished with value: 0.686663907735726 and parameters: {'lambda_l1': 7.698085181155364, 'lambda_l2': 0.00013239365919723525, 'num_leaves': 119, 'feature_fraction': 0.9166531461153069, 'bagging_fraction': 0.9544516352127596, 'bagging_freq': 10, 'min_child_samples': 36}. Best is trial 41 with value: 0.688005784968571.
[I 2025-04-08 01:52:42,836] Trial 65 finished with value: 0.6862449895529653 and parameters: {'lambda_l1': 0.024127259463046162, 'lambda_l2': 7.761024201829088e-09, 'num_leaves': 36, 'feature_fraction': 0.9276750776733508, 'bagging_fraction': 0.999106921154789, 'bagging_freq': 12, 'min_child_samples': 42}. Best is trial 41 with value: 0.688005784968571.
[I 2025-04-08 01:52:45,712] Trial 66 finished with value: 0.6844002664037775 and parameters: {'lambda_l1': 0.07210320594492342, 'lambda_l2': 5.9214635348514324e-08, 'num_leaves': 113, 'feature_fraction': 0.8919044481366689, 'bagging_fraction': 0.9685864688146001, 'bagging_freq': 9, 'min_child_samples': 22}. Best is trial 41 with value: 0.688005784968571.
[I 2025-04-08 01:52:48,370] Trial 67 finished with value: 0.6839395425095025 and parameters: {'lambda_l1': 0.21703997879773015, 'lambda_l2': 0.0013367742305160845, 'num_leaves': 103, 'feature_fraction': 0.9784902909755296, 'bagging_fraction': 0.93045977725968, 'bagging_freq': 8, 'min_child_samples': 7}. Best is trial 41 with value: 0.688005784968571.
[I 2025-04-08 01:52:49,217] Trial 68 finished with value: 0.67442284746275 and parameters: {'lambda_l1': 38.735512570112476, 'lambda_l2': 1.3281091878817195e-09, 'num_leaves': 124, 'feature_fraction': 0.8580661801807501, 'bagging_fraction': 0.8833117451445944, 'bagging_freq': 5, 'min_child_samples': 30}. Best is trial 41 with value: 0.688005784968571.
[I 2025-04-08 01:52:52,442] Trial 69 finished with value: 0.6840648717800025 and parameters: {'lambda_l1': 6.2186009807523925, 'lambda_l2': 1.4407803420773922e-06, 'num_leaves': 97, 'feature_fraction': 0.9518023238653329, 'bagging_fraction': 0.8399374281364177, 'bagging_freq': 10, 'min_child_samples': 60}. Best is trial 41 with value: 0.688005784968571.
[I 2025-04-08 01:52:54,941] Trial 70 finished with value: 0.6833522592481299 and parameters: {'lambda_l1': 0.006013084071018307, 'lambda_l2': 0.0007446998463284909, 'num_leaves': 84, 'feature_fraction': 0.8930370933894709, 'bagging_fraction': 0.9527027582935184, 'bagging_freq': 11, 'min_child_samples': 40}. Best is trial 41 with value: 0.688005784968571.
[I 2025-04-08 01:52:57,023] Trial 71 finished with value: 0.684441984251249 and parameters: {'lambda_l1': 1.4266240512095303, 'lambda_l2': 2.7881943024485865e-05, 'num_leaves': 70, 'feature_fraction': 0.9798777397242407, 'bagging_fraction': 0.9160911734158286, 'bagging_freq': 6, 'min_child_samples': 47}. Best is trial 41 with value: 0.688005784968571.
[I 2025-04-08 01:52:59,299] Trial 72 finished with value: 0.6863291105874414 and parameters: {'lambda_l1': 3.2839110601728403, 'lambda_l2': 0.00027975144916114134, 'num_leaves': 76, 'feature_fraction': 0.9300295112019135, 'bagging_fraction': 0.8992561866954202, 'bagging_freq': 9, 'min_child_samples': 51}. Best is trial 41 with value: 0.688005784968571.
[I 2025-04-08 01:53:00,900] Trial 73 finished with value: 0.6853645215539282 and parameters: {'lambda_l1': 0.3253058747553264, 'lambda_l2': 6.284245211922462e-06, 'num_leaves': 51, 'feature_fraction': 0.9570378594886555, 'bagging_fraction': 0.9820988812801034, 'bagging_freq': 13, 'min_child_samples': 68}. Best is trial 41 with value: 0.688005784968571.
[I 2025-04-08 01:53:03,198] Trial 74 finished with value: 0.6849873212186391 and parameters: {'lambda_l1': 15.976942703987241, 'lambda_l2': 6.589018039619551e-07, 'num_leaves': 62, 'feature_fraction': 0.9066549429686318, 'bagging_fraction': 0.9361945947911028, 'bagging_freq': 1, 'min_child_samples': 45}. Best is trial 41 with value: 0.688005784968571.
[I 2025-04-08 01:53:04,988] Trial 75 finished with value: 0.6890117403933849 and parameters: {'lambda_l1': 0.8831882698921486, 'lambda_l2': 8.47698981645909e-05, 'num_leaves': 44, 'feature_fraction': 0.9782106789084721, 'bagging_fraction': 0.96210367330957, 'bagging_freq': 10, 'min_child_samples': 34}. Best is trial 75 with value: 0.6890117403933849.
[I 2025-04-08 01:53:06,688] Trial 76 finished with value: 0.685573989431713 and parameters: {'lambda_l1': 0.9901175055507221, 'lambda_l2': 0.005421796142078809, 'num_leaves': 55, 'feature_fraction': 0.941009879069842, 'bagging_fraction': 0.9619010237292123, 'bagging_freq': 10, 'min_child_samples': 34}. Best is trial 75 with value: 0.6890117403933849.
[I 2025-04-08 01:53:08,317] Trial 77 finished with value: 0.6876281277402598 and parameters: {'lambda_l1': 0.0524138405283798, 'lambda_l2': 8.260164282301365e-05, 'num_leaves': 43, 'feature_fraction': 0.9737213284424959, 'bagging_fraction': 0.9855429821941999, 'bagging_freq': 11, 'min_child_samples': 15}. Best is trial 75 with value: 0.6890117403933849.
[I 2025-04-08 01:53:11,649] Trial 78 finished with value: 0.6823461632408476 and parameters: {'lambda_l1': 0.04161669520716371, 'lambda_l2': 6.889459914582793e-05, 'num_leaves': 128, 'feature_fraction': 0.9764705990059818, 'bagging_fraction': 0.9831371382140459, 'bagging_freq': 8, 'min_child_samples': 16}. Best is trial 75 with value: 0.6890117403933849.
[I 2025-04-08 01:53:13,397] Trial 79 finished with value: 0.6872090162566051 and parameters: {'lambda_l1': 0.0963163822439439, 'lambda_l2': 0.00010736888898898292, 'num_leaves': 37, 'feature_fraction': 0.9702542010355928, 'bagging_fraction': 0.9307474934995612, 'bagging_freq': 12, 'min_child_samples': 25}. Best is trial 75 with value: 0.6890117403933849.
[I 2025-04-08 01:53:14,669] Trial 80 finished with value: 0.686412563855193 and parameters: {'lambda_l1': 0.11596135428589044, 'lambda_l2': 0.00012305590736369588, 'num_leaves': 35, 'feature_fraction': 0.9603931075747217, 'bagging_fraction': 0.8882210440757844, 'bagging_freq': 15, 'min_child_samples': 19}. Best is trial 75 with value: 0.6890117403933849.
[I 2025-04-08 01:53:16,085] Trial 81 finished with value: 0.6825554202449299 and parameters: {'lambda_l1': 0.312263730885083, 'lambda_l2': 0.000626649875538794, 'num_leaves': 43, 'feature_fraction': 0.9752625034895719, 'bagging_fraction': 0.5449779146374555, 'bagging_freq': 12, 'min_child_samples': 24}. Best is trial 75 with value: 0.6890117403933849.
[I 2025-04-08 01:53:17,391] Trial 82 finished with value: 0.6859095422107647 and parameters: {'lambda_l1': 0.013072513070186783, 'lambda_l2': 1.2203419753467514e-05, 'num_leaves': 39, 'feature_fraction': 0.9458588129169408, 'bagging_fraction': 0.9331688016314975, 'bagging_freq': 11, 'min_child_samples': 13}. Best is trial 75 with value: 0.6890117403933849.
[I 2025-04-08 01:53:18,344] Trial 83 finished with value: 0.6867059770393684 and parameters: {'lambda_l1': 0.0032147168903368896, 'lambda_l2': 2.2815624629507596e-06, 'num_leaves': 23, 'feature_fraction': 0.9993249096833331, 'bagging_fraction': 0.9831526327746094, 'bagging_freq': 12, 'min_child_samples': 8}. Best is trial 75 with value: 0.6890117403933849.
[I 2025-04-08 01:53:19,838] Trial 84 finished with value: 0.6877538963309733 and parameters: {'lambda_l1': 0.047298790891647784, 'lambda_l2': 0.00027992524752200126, 'num_leaves': 46, 'feature_fraction': 0.9314009687923132, 'bagging_fraction': 0.922281432800688, 'bagging_freq': 10, 'min_child_samples': 31}. Best is trial 75 with value: 0.6890117403933849.
[I 2025-04-08 01:53:20,885] Trial 85 finished with value: 0.6866222074610631 and parameters: {'lambda_l1': 0.051821313176493765, 'lambda_l2': 0.0010115665533309227, 'num_leaves': 28, 'feature_fraction': 0.9812422161694647, 'bagging_fraction': 0.862301787006701, 'bagging_freq': 10, 'min_child_samples': 31}. Best is trial 75 with value: 0.6890117403933849.
[I 2025-04-08 01:53:22,320] Trial 86 finished with value: 0.685281208868645 and parameters: {'lambda_l1': 0.14834039687355458, 'lambda_l2': 0.00026939391203953443, 'num_leaves': 45, 'feature_fraction': 0.933324187220446, 'bagging_fraction': 0.9164206534554292, 'bagging_freq': 13, 'min_child_samples': 26}. Best is trial 75 with value: 0.6890117403933849.
[I 2025-04-08 01:53:23,881] Trial 87 finished with value: 0.686245235572285 and parameters: {'lambda_l1': 3.939624351429462e-09, 'lambda_l2': 0.00010059861575550189, 'num_leaves': 33, 'feature_fraction': 0.9622686755445664, 'bagging_fraction': 0.9463391506458871, 'bagging_freq': 11, 'min_child_samples': 20}. Best is trial 75 with value: 0.6890117403933849.
[I 2025-04-08 01:53:25,204] Trial 88 finished with value: 0.6886765742161209 and parameters: {'lambda_l1': 0.024166475390604868, 'lambda_l2': 0.0003735764582080993, 'num_leaves': 41, 'feature_fraction': 0.9008969033322255, 'bagging_fraction': 0.9998691216792231, 'bagging_freq': 9, 'min_child_samples': 34}. Best is trial 75 with value: 0.6890117403933849.
[I 2025-04-08 01:53:26,484] Trial 89 finished with value: 0.6868736040600216 and parameters: {'lambda_l1': 0.01962673137526622, 'lambda_l2': 0.0022323425608872446, 'num_leaves': 37, 'feature_fraction': 0.9687241855405958, 'bagging_fraction': 0.997215822503492, 'bagging_freq': 9, 'min_child_samples': 26}. Best is trial 75 with value: 0.6890117403933849.
[I 2025-04-08 01:53:27,628] Trial 90 finished with value: 0.6857417746076431 and parameters: {'lambda_l1': 0.0009562325917751935, 'lambda_l2': 0.00042283731451213115, 'num_leaves': 31, 'feature_fraction': 0.888498597041512, 'bagging_fraction': 0.9884203510326703, 'bagging_freq': 10, 'min_child_samples': 32}. Best is trial 75 with value: 0.6890117403933849.
[I 2025-04-08 01:53:29,053] Trial 91 finished with value: 0.6888861475307568 and parameters: {'lambda_l1': 0.10337522130113755, 'lambda_l2': 0.00015850291961195612, 'num_leaves': 43, 'feature_fraction': 0.9098277973120309, 'bagging_fraction': 0.9612779594072177, 'bagging_freq': 10, 'min_child_samples': 40}. Best is trial 75 with value: 0.6890117403933849.
[I 2025-04-08 01:53:30,674] Trial 92 finished with value: 0.6868316401932305 and parameters: {'lambda_l1': 0.004748532782465681, 'lambda_l2': 0.000170077104728075, 'num_leaves': 44, 'feature_fraction': 0.9384813983476683, 'bagging_fraction': 0.9653876106016048, 'bagging_freq': 10, 'min_child_samples': 40}. Best is trial 75 with value: 0.6890117403933849.
[I 2025-04-08 01:53:32,253] Trial 93 finished with value: 0.6881319401610725 and parameters: {'lambda_l1': 0.10389743404578684, 'lambda_l2': 0.014096197175733153, 'num_leaves': 41, 'feature_fraction': 0.9033715625120736, 'bagging_fraction': 0.9458855859686395, 'bagging_freq': 9, 'min_child_samples': 53}. Best is trial 75 with value: 0.6890117403933849.
[I 2025-04-08 01:53:33,835] Trial 94 finished with value: 0.6869575669392208 and parameters: {'lambda_l1': 0.0001506784004671778, 'lambda_l2': 0.0038602750726134446, 'num_leaves': 41, 'feature_fraction': 0.86349545468409, 'bagging_fraction': 0.9683755018647704, 'bagging_freq': 9, 'min_child_samples': 55}. Best is trial 75 with value: 0.6890117403933849.
[I 2025-04-08 01:53:35,790] Trial 95 finished with value: 0.6860771165129924 and parameters: {'lambda_l1': 0.0450624291826988, 'lambda_l2': 0.061171155649726666, 'num_leaves': 47, 'feature_fraction': 0.9042098118646011, 'bagging_fraction': 0.9492332540249554, 'bagging_freq': 10, 'min_child_samples': 53}. Best is trial 75 with value: 0.6890117403933849.
[I 2025-04-08 01:53:37,376] Trial 96 finished with value: 0.6873352768859576 and parameters: {'lambda_l1': 0.01474822225862331, 'lambda_l2': 4.8636917509624334e-05, 'num_leaves': 50, 'feature_fraction': 0.924770564480361, 'bagging_fraction': 0.9861592845585653, 'bagging_freq': 9, 'min_child_samples': 59}. Best is trial 75 with value: 0.6890117403933849.
[I 2025-04-08 01:53:38,984] Trial 97 finished with value: 0.6871672632635166 and parameters: {'lambda_l1': 0.013783167072726336, 'lambda_l2': 0.018157305528518543, 'num_leaves': 52, 'feature_fraction': 0.921327521115933, 'bagging_fraction': 0.9996876372879616, 'bagging_freq': 9, 'min_child_samples': 58}. Best is trial 75 with value: 0.6890117403933849.
[I 2025-04-08 01:53:40,603] Trial 98 finished with value: 0.6875865504752566 and parameters: {'lambda_l1': 0.7864804929513475, 'lambda_l2': 4.813537463915717e-05, 'num_leaves': 50, 'feature_fraction': 0.8355020277308166, 'bagging_fraction': 0.9786794862142673, 'bagging_freq': 8, 'min_child_samples': 71}. Best is trial 75 with value: 0.6890117403933849.
[I 2025-04-08 01:53:41,999] Trial 99 finished with value: 0.688634417048436 and parameters: {'lambda_l1': 0.7908811521962802, 'lambda_l2': 0.011514660972461914, 'num_leaves': 40, 'feature_fraction': 0.8399470406644951, 'bagging_fraction': 0.9746309243267681, 'bagging_freq': 8, 'min_child_samples': 4}. Best is trial 75 with value: 0.6890117403933849.
[I 2025-04-08 01:53:43,532] Trial 100 finished with value: 0.6786147530756808 and parameters: {'lambda_l1': 0.8892413829026116, 'lambda_l2': 0.02726612136088762, 'num_leaves': 39, 'feature_fraction': 0.820346887982881, 'bagging_fraction': 0.9440288053652462, 'bagging_freq': 8, 'min_child_samples': 65}. Best is trial 75 with value: 0.6890117403933849.
[I 2025-04-08 01:53:45,756] Trial 101 finished with value: 0.6852808046940486 and parameters: {'lambda_l1': 0.5522299067460313, 'lambda_l2': 0.23222362249532855, 'num_leaves': 43, 'feature_fraction': 0.8449612408115839, 'bagging_fraction': 0.9735192808354864, 'bagging_freq': 8, 'min_child_samples': 3}. Best is trial 75 with value: 0.6890117403933849.
[I 2025-04-08 01:53:52,209] Trial 102 finished with value: 0.68796382110178 and parameters: {'lambda_l1': 2.3844181588548174, 'lambda_l2': 0.011500333148974124, 'num_leaves': 55, 'feature_fraction': 0.8846577717021963, 'bagging_fraction': 0.9653069497940929, 'bagging_freq': 7, 'min_child_samples': 5}. Best is trial 75 with value: 0.6890117403933849.
[I 2025-04-08 01:53:54,386] Trial 103 finished with value: 0.6850293378038559 and parameters: {'lambda_l1': 2.6567413541521634, 'lambda_l2': 0.0027835364031859743, 'num_leaves': 56, 'feature_fraction': 0.8848070095550082, 'bagging_fraction': 0.9568835123709749, 'bagging_freq': 7, 'min_child_samples': 73}. Best is trial 75 with value: 0.6890117403933849.
[I 2025-04-08 01:53:56,027] Trial 104 finished with value: 0.6798299655045769 and parameters: {'lambda_l1': 1.8071627660409775, 'lambda_l2': 0.12943670096389806, 'num_leaves': 33, 'feature_fraction': 0.8331232013117393, 'bagging_fraction': 0.9899184998286057, 'bagging_freq': 8, 'min_child_samples': 4}. Best is trial 75 with value: 0.6890117403933849.
[I 2025-04-08 01:53:57,967] Trial 105 finished with value: 0.6879217693709461 and parameters: {'lambda_l1': 1.0381572934457794, 'lambda_l2': 0.008922412619420686, 'num_leaves': 53, 'feature_fraction': 0.8685869571523585, 'bagging_fraction': 0.9228587448425991, 'bagging_freq': 7, 'min_child_samples': 13}. Best is trial 75 with value: 0.6890117403933849.
[I 2025-04-08 01:53:59,708] Trial 106 finished with value: 0.6878379295014068 and parameters: {'lambda_l1': 0.1409430373181377, 'lambda_l2': 0.009158811943182122, 'num_leaves': 47, 'feature_fraction': 0.8634805546502333, 'bagging_fraction': 0.9322415563312317, 'bagging_freq': 7, 'min_child_samples': 6}. Best is trial 75 with value: 0.6890117403933849.
[I 2025-04-08 01:54:01,879] Trial 107 finished with value: 0.6864129680297895 and parameters: {'lambda_l1': 10.903608622132609, 'lambda_l2': 0.007954136559196827, 'num_leaves': 54, 'feature_fraction': 0.8602619075847282, 'bagging_fraction': 0.923876381547596, 'bagging_freq': 7, 'min_child_samples': 6}. Best is trial 75 with value: 0.6890117403933849.
