[I 2025-04-08 01:33:13,137] Trial 84 finished with value: 0.8165850233981946 and parameters: {'lambda_l1': 0.0050642933398838035, 'lambda_l2': 0.00013802875966617773, 'num_leaves': 37, 'feature_fraction': 0.5313766382235765, 'bagging_fraction': 0.9807585851082983, 'bagging_freq': 5, 'min_child_samples': 112}. Best is trial 23 with value: 0.8186810552822983.
[I 2025-04-08 01:33:15,455] Trial 85 finished with value: 0.815830288844254 and parameters: {'lambda_l1': 0.0145521749644346, 'lambda_l2': 1.3997970647429865e-05, 'num_leaves': 67, 'feature_fraction': 0.5958741832771524, 'bagging_fraction': 0.9079257266006217, 'bagging_freq': 3, 'min_child_samples': 78}. Best is trial 23 with value: 0.8186810552822983.
[I 2025-04-08 01:33:17,804] Trial 86 finished with value: 0.817381387935564 and parameters: {'lambda_l1': 0.04305982614691538, 'lambda_l2': 0.011187210652096888, 'num_leaves': 58, 'feature_fraction': 0.6515798977397491, 'bagging_fraction': 0.9402554664927995, 'bagging_freq': 4, 'min_child_samples': 87}. Best is trial 23 with value: 0.8186810552822983.
[I 2025-04-08 01:33:18,930] Trial 87 finished with value: 0.8141534211622303 and parameters: {'lambda_l1': 0.2840363956492173, 'lambda_l2': 0.001838719571332626, 'num_leaves': 24, 'feature_fraction': 0.4814629614813115, 'bagging_fraction': 0.8703741778460299, 'bagging_freq': 1, 'min_child_samples': 95}. Best is trial 23 with value: 0.8186810552822983.
[I 2025-04-08 01:33:20,620] Trial 88 finished with value: 0.8179263207283578 and parameters: {'lambda_l1': 0.03165475217779118, 'lambda_l2': 0.0005011696814429161, 'num_leaves': 51, 'feature_fraction': 0.6195975162070103, 'bagging_fraction': 0.7326720666718305, 'bagging_freq': 3, 'min_child_samples': 107}. Best is trial 23 with value: 0.8186810552822983.
[I 2025-04-08 01:33:22,448] Trial 89 finished with value: 0.8162914872043595 and parameters: {'lambda_l1': 0.11722251467474891, 'lambda_l2': 0.014478152561990327, 'num_leaves': 46, 'feature_fraction': 0.5767396726507723, 'bagging_fraction': 0.9643594326373043, 'bagging_freq': 6, 'min_child_samples': 45}. Best is trial 23 with value: 0.8186810552822983.
[I 2025-04-08 01:33:24,639] Trial 90 finished with value: 0.8180520366006455 and parameters: {'lambda_l1': 0.009300450812666547, 'lambda_l2': 2.6456675648250765, 'num_leaves': 56, 'feature_fraction': 0.5446640698220754, 'bagging_fraction': 0.8332778178795861, 'bagging_freq': 2, 'min_child_samples': 100}. Best is trial 23 with value: 0.8186810552822983.
[I 2025-04-08 01:33:26,721] Trial 91 finished with value: 0.8162073661698834 and parameters: {'lambda_l1': 0.006194839019716864, 'lambda_l2': 3.3911184117837, 'num_leaves': 56, 'feature_fraction': 0.5417582883609148, 'bagging_fraction': 0.8061961605435043, 'bagging_freq': 2, 'min_child_samples': 100}. Best is trial 23 with value: 0.8186810552822983.
[I 2025-04-08 01:33:28,669] Trial 92 finished with value: 0.8178006048560699 and parameters: {'lambda_l1': 0.019618803821748996, 'lambda_l2': 0.8471959234204868, 'num_leaves': 42, 'feature_fraction': 0.5611488326151028, 'bagging_fraction': 0.8440295638641351, 'bagging_freq': 1, 'min_child_samples': 110}. Best is trial 23 with value: 0.8186810552822983.
[I 2025-04-08 01:33:30,781] Trial 93 finished with value: 0.8179684251776171 and parameters: {'lambda_l1': 0.012690817112462418, 'lambda_l2': 18.62227404891266, 'num_leaves': 63, 'feature_fraction': 0.5096916973939828, 'bagging_fraction': 0.7564059464661126, 'bagging_freq': 2, 'min_child_samples': 116}. Best is trial 23 with value: 0.8186810552822983.
[I 2025-04-08 01:33:33,040] Trial 94 finished with value: 0.8112609720223315 and parameters: {'lambda_l1': 0.16670665161159307, 'lambda_l2': 12.93820553998137, 'num_leaves': 69, 'feature_fraction': 0.498457565954831, 'bagging_fraction': 0.7598041601885731, 'bagging_freq': 2, 'min_child_samples': 120}. Best is trial 23 with value: 0.8186810552822983.
[I 2025-04-08 01:33:35,159] Trial 95 finished with value: 0.8178427093053292 and parameters: {'lambda_l1': 0.0017556832701905664, 'lambda_l2': 23.850690254266194, 'num_leaves': 56, 'feature_fraction': 0.5151312392728765, 'bagging_fraction': 0.8086760096338638, 'bagging_freq': 1, 'min_child_samples': 116}. Best is trial 23 with value: 0.8186810552822983.
[I 2025-04-08 01:33:37,461] Trial 96 finished with value: 0.8162075243251603 and parameters: {'lambda_l1': 0.062166260085773646, 'lambda_l2': 2.0636627818681705, 'num_leaves': 65, 'feature_fraction': 0.5336325869900944, 'bagging_fraction': 0.7917538674504316, 'bagging_freq': 2, 'min_child_samples': 105}. Best is trial 23 with value: 0.8186810552822983.
[I 2025-04-08 01:33:39,920] Trial 97 finished with value: 0.8160817030160212 and parameters: {'lambda_l1': 0.01006315939872784, 'lambda_l2': 6.768064504015858, 'num_leaves': 61, 'feature_fraction': 0.9486965597255698, 'bagging_fraction': 0.7542437324364808, 'bagging_freq': 1, 'min_child_samples': 59}. Best is trial 23 with value: 0.8186810552822983.
[I 2025-04-08 01:33:41,796] Trial 98 finished with value: 0.8126861795132683 and parameters: {'lambda_l1': 0.04730159643907835, 'lambda_l2': 15.574345417860147, 'num_leaves': 48, 'feature_fraction': 0.4452586118736752, 'bagging_fraction': 0.8314812251457027, 'bagging_freq': 3, 'min_child_samples': 120}. Best is trial 23 with value: 0.8186810552822983.
[I 2025-04-08 01:33:44,075] Trial 99 finished with value: 0.8170039240081467 and parameters: {'lambda_l1': 0.0007433959235413941, 'lambda_l2': 3.814162745979778, 'num_leaves': 63, 'feature_fraction': 0.5513830162958576, 'bagging_fraction': 0.8736991805450031, 'bagging_freq': 2, 'min_child_samples': 53}. Best is trial 23 with value: 0.8186810552822983.
[I 2025-04-08 01:33:45,819] Trial 100 finished with value: 0.8118060453975936 and parameters: {'lambda_l1': 0.003325392121554513, 'lambda_l2': 1.2767297331047567, 'num_leaves': 52, 'feature_fraction': 0.476313306774819, 'bagging_fraction': 0.7049587887328843, 'bagging_freq': 1, 'min_child_samples': 113}. Best is trial 23 with value: 0.8186810552822983.
[I 2025-04-08 01:33:51,784] Trial 101 finished with value: 0.8175492961211541 and parameters: {'lambda_l1': 0.022376147963667103, 'lambda_l2': 8.44216134395513, 'num_leaves': 40, 'feature_fraction': 0.5091902783756556, 'bagging_fraction': 0.7381924974269725, 'bagging_freq': 3, 'min_child_samples': 108}. Best is trial 23 with value: 0.8186810552822983.
[I 2025-04-08 01:33:53,324] Trial 102 finished with value: 0.816249576055994 and parameters: {'lambda_l1': 0.0075703879477763605, 'lambda_l2': 68.86957722461102, 'num_leaves': 45, 'feature_fraction': 0.5851857357538276, 'bagging_fraction': 0.8161308093514585, 'bagging_freq': 4, 'min_child_samples': 126}. Best is trial 23 with value: 0.8186810552822983.
[I 2025-04-08 01:33:55,094] Trial 103 finished with value: 0.8167526855644649 and parameters: {'lambda_l1': 0.012753606118509283, 'lambda_l2': 0.001064168412328558, 'num_leaves': 50, 'feature_fraction': 0.7772873830965644, 'bagging_fraction': 0.8908666009928142, 'bagging_freq': 2, 'min_child_samples': 102}. Best is trial 23 with value: 0.8186810552822983.
[I 2025-04-08 01:33:56,354] Trial 104 finished with value: 0.817171902484971 and parameters: {'lambda_l1': 0.10652168752378202, 'lambda_l2': 4.8608795033070225, 'num_leaves': 29, 'feature_fraction': 0.6020077831387003, 'bagging_fraction': 0.9241143879438681, 'bagging_freq': 3, 'min_child_samples': 62}. Best is trial 23 with value: 0.8186810552822983.
[I 2025-04-08 01:33:57,726] Trial 105 finished with value: 0.8179683724591916 and parameters: {'lambda_l1': 0.22585537685574747, 'lambda_l2': 0.6327022024710457, 'num_leaves': 34, 'feature_fraction': 0.573180439392056, 'bagging_fraction': 0.9489548223175621, 'bagging_freq': 2, 'min_child_samples': 95}. Best is trial 23 with value: 0.8186810552822983.
[I 2025-04-08 01:33:59,656] Trial 106 finished with value: 0.8185971978399504 and parameters: {'lambda_l1': 0.25487445153486343, 'lambda_l2': 0.1317948396371017, 'num_leaves': 33, 'feature_fraction': 0.5687772907681558, 'bagging_fraction': 0.9893717124276074, 'bagging_freq': 2, 'min_child_samples': 96}. Best is trial 23 with value: 0.8186810552822983.
[I 2025-04-08 01:34:01,609] Trial 107 finished with value: 0.8167106865520568 and parameters: {'lambda_l1': 0.7694309869944624, 'lambda_l2': 0.04726138089782352, 'num_leaves': 55, 'feature_fraction': 0.5462561116529383, 'bagging_fraction': 0.7895261216102073, 'bagging_freq': 1, 'min_child_samples': 105}. Best is trial 23 with value: 0.8186810552822983.
[I 2025-04-08 01:34:02,547] Trial 108 finished with value: 0.8162496287744195 and parameters: {'lambda_l1': 0.00016012404889239172, 'lambda_l2': 0.12106208731043361, 'num_leaves': 18, 'feature_fraction': 0.5203908201603855, 'bagging_fraction': 0.9873420844536933, 'bagging_freq': 2, 'min_child_samples': 98}. Best is trial 23 with value: 0.8186810552822983.
[I 2025-04-08 01:34:03,589] Trial 109 finished with value: 0.8169622061606752 and parameters: {'lambda_l1': 0.0603531479444591, 'lambda_l2': 0.39859184466896136, 'num_leaves': 22, 'feature_fraction': 0.5660349505673463, 'bagging_fraction': 0.9704168481244865, 'bagging_freq': 1, 'min_child_samples': 92}. Best is trial 23 with value: 0.8186810552822983.
[I 2025-04-08 01:34:04,767] Trial 110 finished with value: 0.8109253313792371 and parameters: {'lambda_l1': 0.030652778160303165, 'lambda_l2': 35.857559004002326, 'num_leaves': 26, 'feature_fraction': 0.4926480561480838, 'bagging_fraction': 0.723968844109333, 'bagging_freq': 1, 'min_child_samples': 109}. Best is trial 23 with value: 0.8186810552822983.
[I 2025-04-08 01:34:06,124] Trial 111 finished with value: 0.8185973032768017 and parameters: {'lambda_l1': 0.350956312738228, 'lambda_l2': 0.6086206931240365, 'num_leaves': 34, 'feature_fraction': 0.5778270294076928, 'bagging_fraction': 0.9418106229902992, 'bagging_freq': 2, 'min_child_samples': 95}. Best is trial 23 with value: 0.8186810552822983.
[I 2025-04-08 01:34:07,548] Trial 112 finished with value: 0.8188487174485688 and parameters: {'lambda_l1': 0.37956829125127156, 'lambda_l2': 1.02463189415703, 'num_leaves': 38, 'feature_fraction': 0.5293259505035114, 'bagging_fraction': 0.9603658804731492, 'bagging_freq': 2, 'min_child_samples': 102}. Best is trial 112 with value: 0.8188487174485688.
[I 2025-04-08 01:34:08,954] Trial 113 finished with value: 0.8178007454385383 and parameters: {'lambda_l1': 0.32483667798939353, 'lambda_l2': 2.3476112795109256, 'num_leaves': 37, 'feature_fraction': 0.5294919409357937, 'bagging_fraction': 0.9981029575892787, 'bagging_freq': 3, 'min_child_samples': 96}. Best is trial 112 with value: 0.8188487174485688.
[I 2025-04-08 01:34:10,971] Trial 114 finished with value: 0.8186811255735325 and parameters: {'lambda_l1': 1.5766258866344907, 'lambda_l2': 0.8826369764947134, 'num_leaves': 33, 'feature_fraction': 0.5585086176307206, 'bagging_fraction': 0.9623940215256654, 'bagging_freq': 2, 'min_child_samples': 101}. Best is trial 112 with value: 0.8188487174485688.
[I 2025-04-08 01:34:12,486] Trial 115 finished with value: 0.8177169055689989 and parameters: {'lambda_l1': 1.9565965880612126, 'lambda_l2': 1.1070367268199464, 'num_leaves': 32, 'feature_fraction': 0.5888619413966568, 'bagging_fraction': 0.9598243596068619, 'bagging_freq': 3, 'min_child_samples': 91}. Best is trial 112 with value: 0.8188487174485688.
[I 2025-04-08 01:34:14,165] Trial 116 finished with value: 0.8182621195267291 and parameters: {'lambda_l1': 1.0038639725875853, 'lambda_l2': 0.18074305732580473, 'num_leaves': 40, 'feature_fraction': 0.5532104871394934, 'bagging_fraction': 0.9763257553679893, 'bagging_freq': 2, 'min_child_samples': 100}. Best is trial 112 with value: 0.8188487174485688.
[I 2025-04-08 01:34:15,699] Trial 117 finished with value: 0.8175910139686255 and parameters: {'lambda_l1': 9.209307030527922, 'lambda_l2': 0.41757236887865845, 'num_leaves': 36, 'feature_fraction': 0.6390052304610877, 'bagging_fraction': 0.9780552847493121, 'bagging_freq': 1, 'min_child_samples': 86}. Best is trial 112 with value: 0.8188487174485688.
[I 2025-04-08 01:34:17,541] Trial 118 finished with value: 0.8182619437986437 and parameters: {'lambda_l1': 0.5684600654897031, 'lambda_l2': 0.19051240871811317, 'num_leaves': 39, 'feature_fraction': 0.5590669628198083, 'bagging_fraction': 0.9882951798999722, 'bagging_freq': 2, 'min_child_samples': 103}. Best is trial 112 with value: 0.8188487174485688.
[I 2025-04-08 01:34:19,249] Trial 119 finished with value: 0.8182618032161754 and parameters: {'lambda_l1': 1.4873088057579678, 'lambda_l2': 0.07898904950366649, 'num_leaves': 39, 'feature_fraction': 0.5650246948158845, 'bagging_fraction': 0.9881269755759502, 'bagging_freq': 2, 'min_child_samples': 102}. Best is trial 112 with value: 0.8188487174485688.
[I 2025-04-08 01:34:21,499] Trial 120 finished with value: 0.817632889971374 and parameters: {'lambda_l1': 3.7942383886357334, 'lambda_l2': 0.06832272236650141, 'num_leaves': 41, 'feature_fraction': 0.5633326940399043, 'bagging_fraction': 0.9891795930989622, 'bagging_freq': 2, 'min_child_samples': 103}. Best is trial 112 with value: 0.8188487174485688.
[I 2025-04-08 01:34:23,197] Trial 121 finished with value: 0.8172976359300673 and parameters: {'lambda_l1': 1.2396992563321798, 'lambda_l2': 0.11916738185367444, 'num_leaves': 39, 'feature_fraction': 0.6004115953203931, 'bagging_fraction': 0.9694219119936813, 'bagging_freq': 3, 'min_child_samples': 101}. Best is trial 112 with value: 0.8188487174485688.
[I 2025-04-08 01:34:24,720] Trial 122 finished with value: 0.8181360170526535 and parameters: {'lambda_l1': 0.4172734033651651, 'lambda_l2': 0.19757356302943124, 'num_leaves': 32, 'feature_fraction': 0.5795878617039233, 'bagging_fraction': 0.9425291807096414, 'bagging_freq': 2, 'min_child_samples': 106}. Best is trial 112 with value: 0.8188487174485688.
[I 2025-04-08 01:34:26,312] Trial 123 finished with value: 0.8180940531858623 and parameters: {'lambda_l1': 0.5815541225494427, 'lambda_l2': 0.036680532576812315, 'num_leaves': 32, 'feature_fraction': 0.5767684162705735, 'bagging_fraction': 0.9435973804816794, 'bagging_freq': 2, 'min_child_samples': 107}. Best is trial 112 with value: 0.8188487174485688.
[I 2025-04-08 01:34:27,707] Trial 124 finished with value: 0.8188486998757603 and parameters: {'lambda_l1': 2.239275913561646, 'lambda_l2': 0.20000634189633384, 'num_leaves': 34, 'feature_fraction': 0.560853370108855, 'bagging_fraction': 0.9833188849173882, 'bagging_freq': 2, 'min_child_samples': 97}. Best is trial 112 with value: 0.8188487174485688.
[I 2025-04-08 01:34:29,104] Trial 125 finished with value: 0.8177588342901728 and parameters: {'lambda_l1': 2.440551901554704, 'lambda_l2': 0.17003185661359665, 'num_leaves': 34, 'feature_fraction': 0.5589611311038061, 'bagging_fraction': 0.997924278214202, 'bagging_freq': 2, 'min_child_samples': 97}. Best is trial 112 with value: 0.8188487174485688.
[I 2025-04-08 01:34:30,871] Trial 126 finished with value: 0.8151177290308069 and parameters: {'lambda_l1': 15.965426957029814, 'lambda_l2': 0.022099739422655473, 'num_leaves': 27, 'feature_fraction': 0.5805571466853754, 'bagging_fraction': 0.9826915307056924, 'bagging_freq': 1, 'min_child_samples': 104}. Best is trial 112 with value: 0.8188487174485688.
[I 2025-04-08 01:34:32,314] Trial 127 finished with value: 0.8177167649865306 and parameters: {'lambda_l1': 1.5436782176530215, 'lambda_l2': 0.07923039552888086, 'num_leaves': 29, 'feature_fraction': 0.5692533957168728, 'bagging_fraction': 0.9612922890297118, 'bagging_freq': 1, 'min_child_samples': 91}. Best is trial 112 with value: 0.8188487174485688.
[I 2025-04-08 01:34:33,904] Trial 128 finished with value: 0.8180942464867561 and parameters: {'lambda_l1': 0.9210756842680079, 'lambda_l2': 0.2806020695030886, 'num_leaves': 36, 'feature_fraction': 0.5896876539794538, 'bagging_fraction': 0.973968581335565, 'bagging_freq': 2, 'min_child_samples': 99}. Best is trial 112 with value: 0.8188487174485688.
[I 2025-04-08 01:34:35,758] Trial 129 finished with value: 0.8172136906236765 and parameters: {'lambda_l1': 0.5728399063484215, 'lambda_l2': 0.16893099198151762, 'num_leaves': 43, 'feature_fraction': 0.5520632898646857, 'bagging_fraction': 0.9383647920511196, 'bagging_freq': 2, 'min_child_samples': 82}. Best is trial 112 with value: 0.8188487174485688.
[I 2025-04-08 01:34:37,184] Trial 130 finished with value: 0.817423246365504 and parameters: {'lambda_l1': 4.265712191987766, 'lambda_l2': 0.022066299958768045, 'num_leaves': 33, 'feature_fraction': 0.6237214419527083, 'bagging_fraction': 0.9894036361791423, 'bagging_freq': 3, 'min_child_samples': 94}. Best is trial 112 with value: 0.8188487174485688.
[I 2025-04-08 01:34:39,133] Trial 131 finished with value: 0.8181358940429938 and parameters: {'lambda_l1': 0.442922469436186, 'lambda_l2': 0.5394395192759908, 'num_leaves': 48, 'feature_fraction': 0.5338656333604448, 'bagging_fraction': 0.9615602757936239, 'bagging_freq': 2, 'min_child_samples': 102}. Best is trial 112 with value: 0.8188487174485688.
[I 2025-04-08 01:34:40,743] Trial 132 finished with value: 0.8184295181008714 and parameters: {'lambda_l1': 0.1799885672560856, 'lambda_l2': 0.2604913062705211, 'num_leaves': 38, 'feature_fraction': 0.5212161371856854, 'bagging_fraction': 0.9748925816401003, 'bagging_freq': 2, 'min_child_samples': 105}. Best is trial 112 with value: 0.8188487174485688.
[I 2025-04-08 01:34:42,754] Trial 133 finished with value: 0.8184295883921056 and parameters: {'lambda_l1': 0.1905718358366968, 'lambda_l2': 0.26366060298073607, 'num_leaves': 38, 'feature_fraction': 0.5213864017224592, 'bagging_fraction': 0.9767027487413036, 'bagging_freq': 2, 'min_child_samples': 106}. Best is trial 112 with value: 0.8188487174485688.
[I 2025-04-08 01:34:44,314] Trial 134 finished with value: 0.8181779457738274 and parameters: {'lambda_l1': 0.26219686659484953, 'lambda_l2': 0.08216927152755614, 'num_leaves': 38, 'feature_fraction': 0.5265808999957673, 'bagging_fraction': 0.9749610022884806, 'bagging_freq': 2, 'min_child_samples': 112}. Best is trial 112 with value: 0.8188487174485688.
[I 2025-04-08 01:34:45,849] Trial 135 finished with value: 0.8182198920678101 and parameters: {'lambda_l1': 0.1673405563755397, 'lambda_l2': 0.32669484290035894, 'num_leaves': 41, 'feature_fraction': 0.5196194346155112, 'bagging_fraction': 0.9992065488481469, 'bagging_freq': 7, 'min_child_samples': 110}. Best is trial 112 with value: 0.8188487174485688.
[I 2025-04-08 01:34:47,239] Trial 136 finished with value: 0.8170461338942573 and parameters: {'lambda_l1': 1.0630742651101817, 'lambda_l2': 0.047270556128963706, 'num_leaves': 37, 'feature_fraction': 0.5028508556384392, 'bagging_fraction': 0.6378633531338278, 'bagging_freq': 1, 'min_child_samples': 105}. Best is trial 112 with value: 0.8188487174485688.
[I 2025-04-08 01:34:48,618] Trial 137 finished with value: 0.8121411412836232 and parameters: {'lambda_l1': 7.405870368369488, 'lambda_l2': 0.9026887800734048, 'num_leaves': 43, 'feature_fraction': 0.48671507726615, 'bagging_fraction': 0.984155917745587, 'bagging_freq': 3, 'min_child_samples': 97}. Best is trial 112 with value: 0.8188487174485688.
[I 2025-04-08 01:34:50,381] Trial 138 finished with value: 0.8175489446649833 and parameters: {'lambda_l1': 2.798555164924825, 'lambda_l2': 1.1491110186894574e-09, 'num_leaves': 40, 'feature_fraction': 0.540490144367559, 'bagging_fraction': 0.9571242023153504, 'bagging_freq': 1, 'min_child_samples': 100}. Best is trial 112 with value: 0.8188487174485688.
[I 2025-04-08 01:34:52,051] Trial 139 finished with value: 0.8107998615262687 and parameters: {'lambda_l1': 26.792554892605647, 'lambda_l2': 0.6209658186543393, 'num_leaves': 46, 'feature_fraction': 0.5569795881598523, 'bagging_fraction': 0.969551910189971, 'bagging_freq': 3, 'min_child_samples': 38}. Best is trial 112 with value: 0.8188487174485688.
[I 2025-04-08 01:34:53,361] Trial 140 finished with value: 0.8130633974213662 and parameters: {'lambda_l1': 0.14607443028150935, 'lambda_l2': 0.24294479817153655, 'num_leaves': 34, 'feature_fraction': 0.4702677492611199, 'bagging_fraction': 0.9813523112196989, 'bagging_freq': 2, 'min_child_samples': 88}. Best is trial 112 with value: 0.8188487174485688.
[I 2025-04-08 01:34:54,805] Trial 141 finished with value: 0.8181359291886107 and parameters: {'lambda_l1': 0.21914314274021066, 'lambda_l2': 0.33211076081449886, 'num_leaves': 40, 'feature_fraction': 0.5176130623618298, 'bagging_fraction': 0.9986871543785348, 'bagging_freq': 7, 'min_child_samples': 110}. Best is trial 112 with value: 0.8188487174485688.
[I 2025-04-08 01:34:56,356] Trial 142 finished with value: 0.8174652453779121 and parameters: {'lambda_l1': 0.09611473855452825, 'lambda_l2': 0.12829025108865252, 'num_leaves': 42, 'feature_fraction': 0.5198774486279056, 'bagging_fraction': 0.9904307636329016, 'bagging_freq': 6, 'min_child_samples': 109}. Best is trial 112 with value: 0.8188487174485688.
[I 2025-04-08 01:34:57,555] Trial 143 finished with value: 0.8178424457132012 and parameters: {'lambda_l1': 0.15973919347534485, 'lambda_l2': 0.39974958804078387, 'num_leaves': 30, 'feature_fraction': 0.5377937715609249, 'bagging_fraction': 0.957440439020915, 'bagging_freq': 9, 'min_child_samples': 114}. Best is trial 112 with value: 0.8188487174485688.
[I 2025-04-08 01:34:59,385] Trial 144 finished with value: 0.8165848300973007 and parameters: {'lambda_l1': 0.9275437654819304, 'lambda_l2': 4.072703818534767e-09, 'num_leaves': 45, 'feature_fraction': 0.5034691348696805, 'bagging_fraction': 0.5730397406638487, 'bagging_freq': 2, 'min_child_samples': 105}. Best is trial 112 with value: 0.8188487174485688.
