[I 2025-04-08 01:59:29,527] Trial 291 finished with value: 0.6877121257650761 and parameters: {'lambda_l1': 0.33250031705080774, 'lambda_l2': 0.0001540443924346836, 'num_leaves': 62, 'feature_fraction': 0.9734962868179279, 'bagging_fraction': 0.9736695632624643, 'bagging_freq': 9, 'min_child_samples': 38}. Best is trial 193 with value: 0.6903953881921271.
[I 2025-04-08 01:59:31,672] Trial 292 finished with value: 0.6880059255510393 and parameters: {'lambda_l1': 0.10157003738750225, 'lambda_l2': 0.00035611798664140766, 'num_leaves': 55, 'feature_fraction': 0.9401096636254728, 'bagging_fraction': 0.9362773773118677, 'bagging_freq': 4, 'min_child_samples': 43}. Best is trial 193 with value: 0.6903953881921271.
[I 2025-04-08 01:59:33,158] Trial 293 finished with value: 0.6889697238081681 and parameters: {'lambda_l1': 0.15545092170681377, 'lambda_l2': 0.0002358189932596614, 'num_leaves': 37, 'feature_fraction': 0.9273077503702871, 'bagging_fraction': 0.9582396844544239, 'bagging_freq': 6, 'min_child_samples': 41}. Best is trial 193 with value: 0.6903953881921271.
[I 2025-04-08 01:59:34,573] Trial 294 finished with value: 0.6885929627930925 and parameters: {'lambda_l1': 0.16756046033118674, 'lambda_l2': 0.0002621574900553819, 'num_leaves': 37, 'feature_fraction': 0.9288740399477166, 'bagging_fraction': 0.9597447826711082, 'bagging_freq': 6, 'min_child_samples': 44}. Best is trial 193 with value: 0.6903953881921271.
[I 2025-04-08 01:59:35,908] Trial 295 finished with value: 0.6868320970862526 and parameters: {'lambda_l1': 0.07847104874444225, 'lambda_l2': 62.369813654157646, 'num_leaves': 33, 'feature_fraction': 0.9630829471370445, 'bagging_fraction': 0.9447840946761669, 'bagging_freq': 5, 'min_child_samples': 36}. Best is trial 193 with value: 0.6903953881921271.
[I 2025-04-08 01:59:37,365] Trial 296 finished with value: 0.6882991102887036 and parameters: {'lambda_l1': 0.2195391659045422, 'lambda_l2': 0.00012299472361464398, 'num_leaves': 38, 'feature_fraction': 0.9443368724255191, 'bagging_fraction': 0.9562603064103301, 'bagging_freq': 11, 'min_child_samples': 41}. Best is trial 193 with value: 0.6903953881921271.
[I 2025-04-08 01:59:38,733] Trial 297 finished with value: 0.6781953955727066 and parameters: {'lambda_l1': 0.03276243297410737, 'lambda_l2': 0.00024291400112609536, 'num_leaves': 41, 'feature_fraction': 0.7530954959624416, 'bagging_fraction': 0.920086607322749, 'bagging_freq': 6, 'min_child_samples': 47}. Best is trial 193 with value: 0.6903953881921271.
[I 2025-04-08 01:59:40,099] Trial 298 finished with value: 0.6890118282574276 and parameters: {'lambda_l1': 0.1374264720336951, 'lambda_l2': 6.09071406036519e-05, 'num_leaves': 40, 'feature_fraction': 0.9239267892954242, 'bagging_fraction': 0.9708118621894318, 'bagging_freq': 5, 'min_child_samples': 39}. Best is trial 193 with value: 0.6903953881921271.
[I 2025-04-08 01:59:41,768] Trial 299 finished with value: 0.6844419315328233 and parameters: {'lambda_l1': 0.12096053007919595, 'lambda_l2': 4.6271894470482374e-05, 'num_leaves': 36, 'feature_fraction': 0.9256453237149704, 'bagging_fraction': 0.9875791749021927, 'bagging_freq': 5, 'min_child_samples': 102}. Best is trial 193 with value: 0.6903953881921271.
[I 2025-04-08 01:59:43,235] Trial 300 finished with value: 0.688425230335588 and parameters: {'lambda_l1': 0.04634102882915082, 'lambda_l2': 7.23434911170041e-05, 'num_leaves': 40, 'feature_fraction': 0.9348630631532213, 'bagging_fraction': 0.9707580801788743, 'bagging_freq': 4, 'min_child_samples': 31}. Best is trial 193 with value: 0.6903953881921271.
[I 2025-04-08 01:59:44,553] Trial 301 finished with value: 0.6888026766901967 and parameters: {'lambda_l1': 0.06985369801221052, 'lambda_l2': 3.099504884017816e-05, 'num_leaves': 31, 'feature_fraction': 0.9198474101161751, 'bagging_fraction': 0.9779294099641794, 'bagging_freq': 5, 'min_child_samples': 38}. Best is trial 193 with value: 0.6903953881921271.
[I 2025-04-08 01:59:46,116] Trial 302 finished with value: 0.6873351363034895 and parameters: {'lambda_l1': 0.1477890145168942, 'lambda_l2': 0.00011015166892442866, 'num_leaves': 40, 'feature_fraction': 0.9536021256326984, 'bagging_fraction': 0.9650992939455176, 'bagging_freq': 5, 'min_child_samples': 35}. Best is trial 193 with value: 0.6903953881921271.
[I 2025-04-08 01:59:47,532] Trial 303 finished with value: 0.6865385784652261 and parameters: {'lambda_l1': 0.4003044730974264, 'lambda_l2': 0.00017023042335571252, 'num_leaves': 37, 'feature_fraction': 0.9438004716879307, 'bagging_fraction': 0.9893729859324768, 'bagging_freq': 4, 'min_child_samples': 41}. Best is trial 193 with value: 0.6903953881921271.
[I 2025-04-08 01:59:48,974] Trial 304 finished with value: 0.6875028687609939 and parameters: {'lambda_l1': 0.10010957228998388, 'lambda_l2': 0.0004041177799768397, 'num_leaves': 42, 'feature_fraction': 0.9120115275701637, 'bagging_fraction': 0.9692313504508283, 'bagging_freq': 5, 'min_child_samples': 38}. Best is trial 193 with value: 0.6903953881921271.
[I 2025-04-08 01:59:50,225] Trial 305 finished with value: 0.6867900629282274 and parameters: {'lambda_l1': 0.20709790348077678, 'lambda_l2': 5.85524534265456e-05, 'num_leaves': 34, 'feature_fraction': 0.9302204223323256, 'bagging_fraction': 0.95529402883872, 'bagging_freq': 5, 'min_child_samples': 34}. Best is trial 193 with value: 0.6903953881921271.
[I 2025-04-08 01:59:51,852] Trial 306 finished with value: 0.6893054874609226 and parameters: {'lambda_l1': 0.5642001009580402, 'lambda_l2': 0.00019556618445429772, 'num_leaves': 27, 'feature_fraction': 0.8953098417549727, 'bagging_fraction': 0.9809627357125339, 'bagging_freq': 5, 'min_child_samples': 27}. Best is trial 193 with value: 0.6903953881921271.
[I 2025-04-08 01:59:52,959] Trial 307 finished with value: 0.6880479772818731 and parameters: {'lambda_l1': 0.4986093259106817, 'lambda_l2': 0.0002283786939343615, 'num_leaves': 24, 'feature_fraction': 0.8986349113890462, 'bagging_fraction': 0.9651318217162184, 'bagging_freq': 5, 'min_child_samples': 26}. Best is trial 193 with value: 0.6903953881921271.
[I 2025-04-08 01:59:54,153] Trial 308 finished with value: 0.6871252993967256 and parameters: {'lambda_l1': 0.7399854206890542, 'lambda_l2': 0.000360448201381602, 'num_leaves': 30, 'feature_fraction': 0.8945249764237619, 'bagging_fraction': 0.9403269276963574, 'bagging_freq': 4, 'min_child_samples': 45}. Best is trial 193 with value: 0.6903953881921271.
[I 2025-04-08 01:59:55,268] Trial 309 finished with value: 0.6861190100885494 and parameters: {'lambda_l1': 0.6362302072498027, 'lambda_l2': 0.0001540858301422309, 'num_leaves': 28, 'feature_fraction': 0.9128543237020933, 'bagging_fraction': 0.9744097471725156, 'bagging_freq': 10, 'min_child_samples': 20}. Best is trial 193 with value: 0.6903953881921271.
[I 2025-04-08 01:59:56,358] Trial 310 finished with value: 0.6868315347563794 and parameters: {'lambda_l1': 0.3395369105799247, 'lambda_l2': 0.0007374344844581348, 'num_leaves': 26, 'feature_fraction': 0.9042008910704288, 'bagging_fraction': 0.9932114672089423, 'bagging_freq': 5, 'min_child_samples': 50}. Best is trial 193 with value: 0.6903953881921271.
[I 2025-04-08 01:59:58,040] Trial 311 finished with value: 0.6873350660122552 and parameters: {'lambda_l1': 2.4679276211635734e-09, 'lambda_l2': 0.0001120995676346842, 'num_leaves': 43, 'feature_fraction': 0.890094539084923, 'bagging_fraction': 0.9519058808910982, 'bagging_freq': 6, 'min_child_samples': 40}. Best is trial 193 with value: 0.6903953881921271.
[I 2025-04-08 01:59:59,587] Trial 312 finished with value: 0.688047414952 and parameters: {'lambda_l1': 0.24490452260535717, 'lambda_l2': 0.0022356505158034503, 'num_leaves': 39, 'feature_fraction': 0.9244571984894222, 'bagging_fraction': 0.9824830282739863, 'bagging_freq': 5, 'min_child_samples': 28}. Best is trial 193 with value: 0.6903953881921271.
[I 2025-04-08 02:00:00,882] Trial 313 finished with value: 0.685867490479931 and parameters: {'lambda_l1': 0.14375462180235585, 'lambda_l2': 0.0005022932490046505, 'num_leaves': 26, 'feature_fraction': 0.8825020157001862, 'bagging_fraction': 0.9319469674705078, 'bagging_freq': 15, 'min_child_samples': 117}. Best is trial 193 with value: 0.6903953881921271.
[I 2025-04-08 02:00:03,136] Trial 314 finished with value: 0.686412792301704 and parameters: {'lambda_l1': 0.9984806738136829, 'lambda_l2': 0.0001937976773538767, 'num_leaves': 46, 'feature_fraction': 0.9059659389849947, 'bagging_fraction': 0.9119006350849209, 'bagging_freq': 6, 'min_child_samples': 43}. Best is trial 193 with value: 0.6903953881921271.
[I 2025-04-08 02:00:06,340] Trial 315 finished with value: 0.6816751104011696 and parameters: {'lambda_l1': 0.4620616447237654, 'lambda_l2': 0.0003118647563917777, 'num_leaves': 113, 'feature_fraction': 0.9189283921347426, 'bagging_fraction': 0.9588903843822981, 'bagging_freq': 7, 'min_child_samples': 37}. Best is trial 193 with value: 0.6903953881921271.
[I 2025-04-08 02:00:07,841] Trial 316 finished with value: 0.6896827053690202 and parameters: {'lambda_l1': 0.17716769062983634, 'lambda_l2': 9.397745399527399e-05, 'num_leaves': 33, 'feature_fraction': 0.9357311598208298, 'bagging_fraction': 0.9739045557251608, 'bagging_freq': 4, 'min_child_samples': 40}. Best is trial 193 with value: 0.6903953881921271.
[I 2025-04-08 02:00:09,246] Trial 317 finished with value: 0.6857420557725797 and parameters: {'lambda_l1': 0.22315145753804447, 'lambda_l2': 8.816740181568249e-05, 'num_leaves': 34, 'feature_fraction': 0.9353211216825135, 'bagging_fraction': 0.9788290233566987, 'bagging_freq': 4, 'min_child_samples': 42}. Best is trial 193 with value: 0.6903953881921271.
[I 2025-04-08 02:00:10,511] Trial 318 finished with value: 0.687376432403556 and parameters: {'lambda_l1': 0.3646267855948319, 'lambda_l2': 0.0002891052871434312, 'num_leaves': 31, 'feature_fraction': 0.9702580479480066, 'bagging_fraction': 0.9916799468216181, 'bagging_freq': 4, 'min_child_samples': 46}. Best is trial 193 with value: 0.6903953881921271.
[I 2025-04-08 02:00:11,707] Trial 319 finished with value: 0.686957830531349 and parameters: {'lambda_l1': 0.6834618398156554, 'lambda_l2': 2.367472913430105e-05, 'num_leaves': 32, 'feature_fraction': 0.9860412467187119, 'bagging_fraction': 0.9740397208665713, 'bagging_freq': 4, 'min_child_samples': 38}. Best is trial 193 with value: 0.6903953881921271.
[I 2025-04-08 02:00:13,388] Trial 320 finished with value: 0.6850288633380253 and parameters: {'lambda_l1': 0.0010807810339458275, 'lambda_l2': 0.0011665284936064797, 'num_leaves': 29, 'feature_fraction': 0.9604319113461143, 'bagging_fraction': 0.9997823559404709, 'bagging_freq': 4, 'min_child_samples': 30}. Best is trial 193 with value: 0.6903953881921271.
[I 2025-04-08 02:00:14,882] Trial 321 finished with value: 0.6877959832074241 and parameters: {'lambda_l1': 1.0358078638442745e-06, 'lambda_l2': 0.0001216497512952418, 'num_leaves': 38, 'feature_fraction': 0.940742017596178, 'bagging_fraction': 0.9662162247208116, 'bagging_freq': 5, 'min_child_samples': 44}. Best is trial 193 with value: 0.6903953881921271.
[I 2025-04-08 02:00:16,171] Trial 322 finished with value: 0.6863707229980617 and parameters: {'lambda_l1': 0.14043749440850534, 'lambda_l2': 0.0005614998007798349, 'num_leaves': 36, 'feature_fraction': 0.9240891404120609, 'bagging_fraction': 0.9469128607700742, 'bagging_freq': 5, 'min_child_samples': 40}. Best is trial 193 with value: 0.6903953881921271.
[I 2025-04-08 02:00:17,491] Trial 323 finished with value: 0.6877961589355095 and parameters: {'lambda_l1': 0.2667386747700154, 'lambda_l2': 4.396009575500219e-06, 'num_leaves': 35, 'feature_fraction': 0.9451852853642783, 'bagging_fraction': 0.9824137949681611, 'bagging_freq': 5, 'min_child_samples': 36}. Best is trial 193 with value: 0.6903953881921271.
[I 2025-04-08 02:00:19,045] Trial 324 finished with value: 0.6867899223457591 and parameters: {'lambda_l1': 1.1719712549652024, 'lambda_l2': 0.003547235023452743, 'num_leaves': 44, 'feature_fraction': 0.9329210851721321, 'bagging_fraction': 0.9666287674618399, 'bagging_freq': 6, 'min_child_samples': 23}. Best is trial 193 with value: 0.6903953881921271.
[I 2025-04-08 02:00:20,418] Trial 325 finished with value: 0.6857836681832 and parameters: {'lambda_l1': 0.18489312530281463, 'lambda_l2': 0.00019799893175313554, 'num_leaves': 40, 'feature_fraction': 0.8667529871969054, 'bagging_fraction': 0.9534434465144278, 'bagging_freq': 4, 'min_child_samples': 17}. Best is trial 193 with value: 0.6903953881921271.
[I 2025-04-08 02:00:21,537] Trial 326 finished with value: 0.6870834761124026 and parameters: {'lambda_l1': 0.45986400962307933, 'lambda_l2': 8.602062502439142e-05, 'num_leaves': 28, 'feature_fraction': 0.8958760297692299, 'bagging_fraction': 0.9881810375854997, 'bagging_freq': 5, 'min_child_samples': 32}. Best is trial 193 with value: 0.6903953881921271.
[I 2025-04-08 02:00:23,753] Trial 327 finished with value: 0.6841067126371339 and parameters: {'lambda_l1': 0.08168676523142747, 'lambda_l2': 4.053203890157564e-05, 'num_leaves': 48, 'feature_fraction': 0.9631763762030532, 'bagging_fraction': 0.7089074880641207, 'bagging_freq': 6, 'min_child_samples': 47}. Best is trial 193 with value: 0.6903953881921271.
[I 2025-04-08 02:00:24,965] Trial 328 finished with value: 0.6872509976962047 and parameters: {'lambda_l1': 0.3088644442071992, 'lambda_l2': 0.0003528684869364323, 'num_leaves': 33, 'feature_fraction': 0.9142119156503302, 'bagging_fraction': 0.9759847450793797, 'bagging_freq': 5, 'min_child_samples': 42}. Best is trial 193 with value: 0.6903953881921271.
[I 2025-04-08 02:00:26,516] Trial 329 finished with value: 0.6889699698274877 and parameters: {'lambda_l1': 1.7391592494117578, 'lambda_l2': 0.0001511032181771024, 'num_leaves': 45, 'feature_fraction': 0.9201871439327034, 'bagging_fraction': 0.9424692610800278, 'bagging_freq': 4, 'min_child_samples': 39}. Best is trial 193 with value: 0.6903953881921271.
[I 2025-04-08 02:00:28,072] Trial 330 finished with value: 0.6883830380222858 and parameters: {'lambda_l1': 1.8841224123458857, 'lambda_l2': 0.0001272003150855158, 'num_leaves': 42, 'feature_fraction': 0.9195719263070353, 'bagging_fraction': 0.9631103219748783, 'bagging_freq': 4, 'min_child_samples': 49}. Best is trial 193 with value: 0.6903953881921271.
[I 2025-04-08 02:00:28,551] Trial 331 finished with value: 0.6738777213690623 and parameters: {'lambda_l1': 2.3235652632952115e-08, 'lambda_l2': 6.745607066476305e-05, 'num_leaves': 4, 'feature_fraction': 0.9036855561943448, 'bagging_fraction': 0.9348655469461626, 'bagging_freq': 4, 'min_child_samples': 40}. Best is trial 193 with value: 0.6903953881921271.
[I 2025-04-08 02:00:29,926] Trial 332 finished with value: 0.6875862165918945 and parameters: {'lambda_l1': 1.6259238033287333, 'lambda_l2': 0.00016053729203450155, 'num_leaves': 37, 'feature_fraction': 0.9278683015915711, 'bagging_fraction': 0.9768538255951196, 'bagging_freq': 4, 'min_child_samples': 44}. Best is trial 193 with value: 0.6903953881921271.
[I 2025-04-08 02:00:31,524] Trial 333 finished with value: 0.6854902022805991 and parameters: {'lambda_l1': 4.591791656744259, 'lambda_l2': 0.00022611195401365974, 'num_leaves': 45, 'feature_fraction': 0.8809594445158361, 'bagging_fraction': 0.5968187782861072, 'bagging_freq': 4, 'min_child_samples': 37}. Best is trial 193 with value: 0.6903953881921271.
[I 2025-04-08 02:00:33,007] Trial 334 finished with value: 0.6864970187730313 and parameters: {'lambda_l1': 1.1284138374387314, 'lambda_l2': 1.5064624447411236e-05, 'num_leaves': 42, 'feature_fraction': 0.9104318287803025, 'bagging_fraction': 0.9578225736679499, 'bagging_freq': 5, 'min_child_samples': 56}. Best is trial 193 with value: 0.6903953881921271.
[I 2025-04-08 02:00:35,063] Trial 335 finished with value: 0.6612583185282422 and parameters: {'lambda_l1': 0.6425646025771404, 'lambda_l2': 7.900970860780034e-05, 'num_leaves': 40, 'feature_fraction': 0.4774214355390334, 'bagging_fraction': 0.9872816397064261, 'bagging_freq': 4, 'min_child_samples': 34}. Best is trial 193 with value: 0.6903953881921271.
[I 2025-04-08 02:00:36,518] Trial 336 finished with value: 0.6623485179971919 and parameters: {'lambda_l1': 0.804323291960111, 'lambda_l2': 0.16225091367569044, 'num_leaves': 44, 'feature_fraction': 0.43430280566417384, 'bagging_fraction': 0.9999849056999109, 'bagging_freq': 5, 'min_child_samples': 41}. Best is trial 193 with value: 0.6903953881921271.
[I 2025-04-08 02:00:38,169] Trial 337 finished with value: 0.6883411620195374 and parameters: {'lambda_l1': 0.4672504503364757, 'lambda_l2': 0.00010763629616155047, 'num_leaves': 48, 'feature_fraction': 0.8934488772074548, 'bagging_fraction': 0.9472746373037638, 'bagging_freq': 5, 'min_child_samples': 39}. Best is trial 193 with value: 0.6903953881921271.
[I 2025-04-08 02:00:39,169] Trial 338 finished with value: 0.685113037090927 and parameters: {'lambda_l1': 2.3283846700801694, 'lambda_l2': 0.00020384106675537913, 'num_leaves': 22, 'feature_fraction': 0.9379856504169064, 'bagging_fraction': 0.6661992318674156, 'bagging_freq': 5, 'min_child_samples': 44}. Best is trial 193 with value: 0.6903953881921271.
[I 2025-04-08 02:00:40,459] Trial 339 finished with value: 0.6874608697485859 and parameters: {'lambda_l1': 0.00010663361338994453, 'lambda_l2': 3.836077336932329e-05, 'num_leaves': 36, 'feature_fraction': 0.9221886982886218, 'bagging_fraction': 0.9648272028488981, 'bagging_freq': 5, 'min_child_samples': 36}. Best is trial 193 with value: 0.6903953881921271.
[I 2025-04-08 02:00:41,671] Trial 340 finished with value: 0.6867900980738445 and parameters: {'lambda_l1': 0.0006225901898672014, 'lambda_l2': 0.0007344906176095601, 'num_leaves': 32, 'feature_fraction': 0.901736903576244, 'bagging_fraction': 0.9732970825971495, 'bagging_freq': 4, 'min_child_samples': 53}. Best is trial 193 with value: 0.6903953881921271.
[I 2025-04-08 02:00:42,989] Trial 341 finished with value: 0.6862867249732455 and parameters: {'lambda_l1': 7.787781948151862e-06, 'lambda_l2': 4.965979284574986e-05, 'num_leaves': 39, 'feature_fraction': 0.9314908214928019, 'bagging_fraction': 0.9841802011578977, 'bagging_freq': 5, 'min_child_samples': 32}. Best is trial 193 with value: 0.6903953881921271.
[I 2025-04-08 02:00:43,181] A new study created in RDB with name: lightgbm-num_features-2
[I 2025-04-08 02:00:45,073] Trial 0 finished with value: 0.6638156717821111 and parameters: {'lambda_l1': 0.1151833425998145, 'lambda_l2': 0.00020043044146648956, 'num_leaves': 45, 'feature_fraction': 0.9619416980903186, 'bagging_fraction': 0.9870475795185718, 'bagging_freq': 6, 'min_child_samples': 41}. Best is trial 0 with value: 0.6638156717821111.
[I 2025-04-08 02:00:45,839] Trial 1 finished with value: 0.6512806359950867 and parameters: {'lambda_l1': 12.794979524799448, 'lambda_l2': 8.029138288774963, 'num_leaves': 112, 'feature_fraction': 0.5820829234700249, 'bagging_fraction': 0.5666318802562522, 'bagging_freq': 2, 'min_child_samples': 17}. Best is trial 0 with value: 0.6638156717821111.
[I 2025-04-08 02:00:47,350] Trial 2 finished with value: 0.6627675591896124 and parameters: {'lambda_l1': 0.00888954898549121, 'lambda_l2': 1.5599930489500027e-08, 'num_leaves': 45, 'feature_fraction': 0.7695597278353126, 'bagging_fraction': 0.8972318049640614, 'bagging_freq': 5, 'min_child_samples': 112}. Best is trial 0 with value: 0.6638156717821111.
[I 2025-04-08 02:00:48,266] Trial 3 finished with value: 0.6659537553970487 and parameters: {'lambda_l1': 3.103956866902638, 'lambda_l2': 0.34792670250537316, 'num_leaves': 17, 'feature_fraction': 0.8601801355463806, 'bagging_fraction': 0.6326603602104678, 'bagging_freq': 9, 'min_child_samples': 104}. Best is trial 3 with value: 0.6659537553970487.
[I 2025-04-08 02:00:50,205] Trial 4 finished with value: 0.6479269182038481 and parameters: {'lambda_l1': 0.06338142908379334, 'lambda_l2': 0.07547949042252802, 'num_leaves': 62, 'feature_fraction': 0.6397955383934849, 'bagging_fraction': 0.9533078388256917, 'bagging_freq': 6, 'min_child_samples': 49}. Best is trial 3 with value: 0.6659537553970487.
[I 2025-04-08 02:00:52,170] Trial 5 finished with value: 0.6612584942563275 and parameters: {'lambda_l1': 1.6135771605146298e-07, 'lambda_l2': 0.07003687855652932, 'num_leaves': 69, 'feature_fraction': 0.9838914106986634, 'bagging_fraction': 0.800508322389649, 'bagging_freq': 1, 'min_child_samples': 29}. Best is trial 3 with value: 0.6659537553970487.
[I 2025-04-08 02:00:53,845] Trial 6 finished with value: 0.6625583197583388 and parameters: {'lambda_l1': 0.001076336869499249, 'lambda_l2': 0.03960313113961063, 'num_leaves': 45, 'feature_fraction': 0.9442520008242231, 'bagging_fraction': 0.6409270577344571, 'bagging_freq': 3, 'min_child_samples': 76}. Best is trial 3 with value: 0.6659537553970487.
[I 2025-04-08 02:00:54,980] Trial 7 finished with value: 0.6518674447906289 and parameters: {'lambda_l1': 0.00029753754755086864, 'lambda_l2': 1.9832596918177057e-05, 'num_leaves': 11, 'feature_fraction': 0.43923601445759125, 'bagging_fraction': 0.42216566600003014, 'bagging_freq': 15, 'min_child_samples': 82}. Best is trial 3 with value: 0.6659537553970487.
[I 2025-04-08 02:00:58,160] Trial 8 finished with value: 0.658868645013452 and parameters: {'lambda_l1': 2.5618890193779128e-05, 'lambda_l2': 0.09299757309380516, 'num_leaves': 105, 'feature_fraction': 0.792222423763165, 'bagging_fraction': 0.6275536575818162, 'bagging_freq': 9, 'min_child_samples': 61}. Best is trial 3 with value: 0.6659537553970487.
[I 2025-04-08 02:00:58,893] Trial 9 finished with value: 0.6522448559996205 and parameters: {'lambda_l1': 8.833386150014123e-05, 'lambda_l2': 0.0013782857059299015, 'num_leaves': 17, 'feature_fraction': 0.44075973101274735, 'bagging_fraction': 0.6315768587582188, 'bagging_freq': 15, 'min_child_samples': 69}. Best is trial 3 with value: 0.6659537553970487.
