[I 2025-04-08 21:15:46,143] Trial 286 finished with value: 0.8141114924410564 and parameters: {'max_depth': 9, 'learning_rate': 0.07526791843914585, 'n_estimators': 228, 'gamma': 0.022584503833549388, 'min_child_weight': 6, 'subsample': 0.7040983366010831, 'colsample_bytree': 0.6938773736853892}. Best is trial 274 with value: 0.8153271266173574.
[I 2025-04-08 21:15:48,494] Trial 287 finished with value: 0.8144466234727034 and parameters: {'max_depth': 10, 'learning_rate': 0.04953536036166279, 'n_estimators': 249, 'gamma': 0.0006502613440149876, 'min_child_weight': 6, 'subsample': 0.6761378105122807, 'colsample_bytree': 0.7151523167012159}. Best is trial 274 with value: 0.8153271266173574.
[I 2025-04-08 21:15:50,939] Trial 288 finished with value: 0.8141111761305027 and parameters: {'max_depth': 11, 'learning_rate': 0.06221943130084289, 'n_estimators': 244, 'gamma': 0.024127961646763174, 'min_child_weight': 6, 'subsample': 0.68823520810832, 'colsample_bytree': 0.7229631961596346}. Best is trial 274 with value: 0.8153271266173574.
[I 2025-04-08 21:15:53,388] Trial 289 finished with value: 0.8122666287094003 and parameters: {'max_depth': 9, 'learning_rate': 0.04332655727869563, 'n_estimators': 239, 'gamma': 0.015271676055982291, 'min_child_weight': 6, 'subsample': 0.7003293020538826, 'colsample_bytree': 0.7044312078523615}. Best is trial 274 with value: 0.8153271266173574.
[I 2025-04-08 21:15:55,508] Trial 290 finished with value: 0.812224664842609 and parameters: {'max_depth': 10, 'learning_rate': 0.02709150717696225, 'n_estimators': 231, 'gamma': 0.03153191886458312, 'min_child_weight': 6, 'subsample': 0.6813943207975615, 'colsample_bytree': 0.7116072674509488}. Best is trial 274 with value: 0.8153271266173574.
[I 2025-04-08 21:15:57,560] Trial 291 finished with value: 0.8137339582224049 and parameters: {'max_depth': 10, 'learning_rate': 0.08667934288106578, 'n_estimators': 226, 'gamma': 0.012399985336419988, 'min_child_weight': 6, 'subsample': 0.6910885767434339, 'colsample_bytree': 0.6879912752576067}. Best is trial 274 with value: 0.8153271266173574.
[I 2025-04-08 21:15:59,735] Trial 292 finished with value: 0.8139434963914237 and parameters: {'max_depth': 9, 'learning_rate': 0.059474505445168024, 'n_estimators': 246, 'gamma': 0.0023551261983383795, 'min_child_weight': 6, 'subsample': 0.6749540154821286, 'colsample_bytree': 0.7283954850265271}. Best is trial 274 with value: 0.8153271266173574.
[I 2025-04-08 21:16:02,024] Trial 293 finished with value: 0.8143209954644581 and parameters: {'max_depth': 11, 'learning_rate': 0.064767315084797, 'n_estimators': 233, 'gamma': 0.024820737054702363, 'min_child_weight': 6, 'subsample': 0.707613996418064, 'colsample_bytree': 0.7013166141329003}. Best is trial 274 with value: 0.8153271266173574.
[I 2025-04-08 21:16:04,905] Trial 294 finished with value: 0.8144886752035371 and parameters: {'max_depth': 11, 'learning_rate': 0.0824042300750621, 'n_estimators': 252, 'gamma': 0.012606552047768928, 'min_child_weight': 6, 'subsample': 0.6962262539937845, 'colsample_bytree': 0.7136777767636336}. Best is trial 274 with value: 0.8153271266173574.
[I 2025-04-08 21:16:07,733] Trial 295 finished with value: 0.8139015852430583 and parameters: {'max_depth': 11, 'learning_rate': 0.08234818987788442, 'n_estimators': 257, 'gamma': 0.033520683907898925, 'min_child_weight': 6, 'subsample': 0.7118774147636041, 'colsample_bytree': 0.7103009784454672}. Best is trial 274 with value: 0.8153271266173574.
[I 2025-04-08 21:16:10,244] Trial 296 finished with value: 0.8141949984272336 and parameters: {'max_depth': 10, 'learning_rate': 0.04903875679558772, 'n_estimators': 264, 'gamma': 0.017514454759306266, 'min_child_weight': 6, 'subsample': 0.6999300913690901, 'colsample_bytree': 0.6962038768756172}. Best is trial 274 with value: 0.8153271266173574.
[I 2025-04-08 21:16:12,326] Trial 297 finished with value: 0.8142371731677273 and parameters: {'max_depth': 9, 'learning_rate': 0.0841950163755681, 'n_estimators': 253, 'gamma': 0.013315766135181121, 'min_child_weight': 6, 'subsample': 0.6859486642062871, 'colsample_bytree': 0.7135065833771086}. Best is trial 274 with value: 0.8153271266173574.
[I 2025-04-08 21:16:14,858] Trial 298 finished with value: 0.8126858807755232 and parameters: {'max_depth': 9, 'learning_rate': 0.03790385971408433, 'n_estimators': 243, 'gamma': 0.0278519931403537, 'min_child_weight': 6, 'subsample': 0.6757072526050669, 'colsample_bytree': 0.7250220569088529}. Best is trial 274 with value: 0.8153271266173574.
[I 2025-04-08 21:16:17,231] Trial 299 finished with value: 0.8134407383391234 and parameters: {'max_depth': 11, 'learning_rate': 0.0777711798133128, 'n_estimators': 239, 'gamma': 0.03619131218421612, 'min_child_weight': 6, 'subsample': 0.6984393994786102, 'colsample_bytree': 0.6900333021168696}. Best is trial 274 with value: 0.8153271266173574.
[I 2025-04-08 21:16:19,607] Trial 300 finished with value: 0.8137759572348131 and parameters: {'max_depth': 10, 'learning_rate': 0.047930379977050123, 'n_estimators': 222, 'gamma': 0.012266687934795253, 'min_child_weight': 6, 'subsample': 0.6830070915938137, 'colsample_bytree': 0.7048519747980736}. Best is trial 274 with value: 0.8153271266173574.
[I 2025-04-08 21:16:21,856] Trial 301 finished with value: 0.8131888848471428 and parameters: {'max_depth': 11, 'learning_rate': 0.0922354786375506, 'n_estimators': 230, 'gamma': 0.0004483566647636981, 'min_child_weight': 6, 'subsample': 0.6923682692002125, 'colsample_bytree': 0.71819005507762}. Best is trial 274 with value: 0.8153271266173574.
[I 2025-04-08 21:16:24,444] Trial 302 finished with value: 0.8088708591873279 and parameters: {'max_depth': 9, 'learning_rate': 0.01939073178245704, 'n_estimators': 224, 'gamma': 0.022663002077847577, 'min_child_weight': 6, 'subsample': 0.6737318507480714, 'colsample_bytree': 0.7281507580021676}. Best is trial 274 with value: 0.8153271266173574.
[I 2025-04-08 21:16:26,754] Trial 303 finished with value: 0.8140273538337718 and parameters: {'max_depth': 10, 'learning_rate': 0.06894418449295817, 'n_estimators': 248, 'gamma': 0.013109572911302804, 'min_child_weight': 6, 'subsample': 0.7060898127395043, 'colsample_bytree': 0.9955548594353025}. Best is trial 274 with value: 0.8153271266173574.
[I 2025-04-08 21:16:29,420] Trial 304 finished with value: 0.8115121226019706 and parameters: {'max_depth': 10, 'learning_rate': 0.03363126354895886, 'n_estimators': 251, 'gamma': 0.03478413471443499, 'min_child_weight': 6, 'subsample': 0.9588218635187719, 'colsample_bytree': 0.6988583973850266}. Best is trial 274 with value: 0.8153271266173574.
[I 2025-04-08 21:16:31,431] Trial 305 finished with value: 0.8135244024805776 and parameters: {'max_depth': 9, 'learning_rate': 0.055467798087078454, 'n_estimators': 239, 'gamma': 0.0010900511016210214, 'min_child_weight': 6, 'subsample': 0.7114827989514563, 'colsample_bytree': 0.7093635165010257}. Best is trial 274 with value: 0.8153271266173574.
[I 2025-04-08 21:16:33,644] Trial 306 finished with value: 0.8144467289095546 and parameters: {'max_depth': 11, 'learning_rate': 0.07230403768878692, 'n_estimators': 232, 'gamma': 0.023031925129427623, 'min_child_weight': 6, 'subsample': 0.6807288103477647, 'colsample_bytree': 0.6858721752912709}. Best is trial 274 with value: 0.8153271266173574.
[I 2025-04-08 21:16:36,402] Trial 307 finished with value: 0.81448864005792 and parameters: {'max_depth': 11, 'learning_rate': 0.07276702254564488, 'n_estimators': 231, 'gamma': 0.02231379164225971, 'min_child_weight': 6, 'subsample': 0.6698098545357802, 'colsample_bytree': 0.684674428684099}. Best is trial 274 with value: 0.8153271266173574.
[I 2025-04-08 21:16:39,755] Trial 308 finished with value: 0.8145723569177997 and parameters: {'max_depth': 20, 'learning_rate': 0.0429873910734098, 'n_estimators': 228, 'gamma': 0.013708038003188056, 'min_child_weight': 6, 'subsample': 0.6703282433850483, 'colsample_bytree': 0.697492768958373}. Best is trial 274 with value: 0.8153271266173574.
[I 2025-04-08 21:16:42,994] Trial 309 finished with value: 0.8135242443253008 and parameters: {'max_depth': 19, 'learning_rate': 0.042088122100374194, 'n_estimators': 226, 'gamma': 0.012935536484603036, 'min_child_weight': 6, 'subsample': 0.6876198377942899, 'colsample_bytree': 0.6974872916453094}. Best is trial 274 with value: 0.8153271266173574.
[I 2025-04-08 21:16:45,780] Trial 310 finished with value: 0.8134404220285699 and parameters: {'max_depth': 10, 'learning_rate': 0.09157769650819571, 'n_estimators': 243, 'gamma': 0.00022792804118488668, 'min_child_weight': 6, 'subsample': 0.6704753007854538, 'colsample_bytree': 0.7166669575259602}. Best is trial 274 with value: 0.8153271266173574.
[I 2025-04-08 21:16:49,196] Trial 311 finished with value: 0.8140692825549458 and parameters: {'max_depth': 20, 'learning_rate': 0.051765853889359406, 'n_estimators': 236, 'gamma': 0.0374620767226341, 'min_child_weight': 6, 'subsample': 0.6825917167131558, 'colsample_bytree': 0.7287328661979464}. Best is trial 274 with value: 0.8153271266173574.
[I 2025-04-08 21:16:51,061] Trial 312 finished with value: 0.813734151523299 and parameters: {'max_depth': 9, 'learning_rate': 0.05875328940249447, 'n_estimators': 227, 'gamma': 0.013905309239359828, 'min_child_weight': 6, 'subsample': 0.6949630093659083, 'colsample_bytree': 0.7037020292243743}. Best is trial 274 with value: 0.8153271266173574.
[I 2025-04-08 21:16:54,033] Trial 313 finished with value: 0.8123504685789398 and parameters: {'max_depth': 18, 'learning_rate': 0.09230296007736616, 'n_estimators': 221, 'gamma': 0.027039098783613335, 'min_child_weight': 6, 'subsample': 0.7182960277776478, 'colsample_bytree': 0.7189258523859456}. Best is trial 274 with value: 0.8153271266173574.
[I 2025-04-08 21:16:56,826] Trial 314 finished with value: 0.8146141802021225 and parameters: {'max_depth': 10, 'learning_rate': 0.06979098772761237, 'n_estimators': 255, 'gamma': 0.010759162880972823, 'min_child_weight': 6, 'subsample': 0.7028984780072421, 'colsample_bytree': 0.7091503529908398}. Best is trial 274 with value: 0.8153271266173574.
[I 2025-04-08 21:16:59,141] Trial 315 finished with value: 0.8134824034681694 and parameters: {'max_depth': 10, 'learning_rate': 0.04550624851744673, 'n_estimators': 241, 'gamma': 0.03550083156786785, 'min_child_weight': 6, 'subsample': 0.7038525529067158, 'colsample_bytree': 0.6937737370772558}. Best is trial 274 with value: 0.8153271266173574.
[I 2025-04-08 21:17:01,574] Trial 316 finished with value: 0.8146563022241903 and parameters: {'max_depth': 10, 'learning_rate': 0.06408719605240387, 'n_estimators': 272, 'gamma': 0.021467989363797325, 'min_child_weight': 6, 'subsample': 0.6795276474777001, 'colsample_bytree': 0.7297759996237453}. Best is trial 274 with value: 0.8153271266173574.
[I 2025-04-08 21:17:03,538] Trial 317 finished with value: 0.811679749622624 and parameters: {'max_depth': 9, 'learning_rate': 0.03448646291350068, 'n_estimators': 234, 'gamma': 0.026920117607350733, 'min_child_weight': 6, 'subsample': 0.6692695385855832, 'colsample_bytree': 0.7294817873089009}. Best is trial 274 with value: 0.8153271266173574.
[I 2025-04-08 21:17:07,465] Trial 318 finished with value: 0.8138598322499698 and parameters: {'max_depth': 17, 'learning_rate': 0.061636284883079095, 'n_estimators': 276, 'gamma': 0.008675989028761006, 'min_child_weight': 6, 'subsample': 0.6796194666077848, 'colsample_bytree': 0.7079009505477981}. Best is trial 274 with value: 0.8153271266173574.
[I 2025-04-08 21:17:09,956] Trial 319 finished with value: 0.8141112815673539 and parameters: {'max_depth': 12, 'learning_rate': 0.05043782668345207, 'n_estimators': 229, 'gamma': 0.0012627864439916682, 'min_child_weight': 6, 'subsample': 0.6819142839586743, 'colsample_bytree': 0.7310787751409902}. Best is trial 274 with value: 0.8153271266173574.
[I 2025-04-08 21:17:13,752] Trial 320 finished with value: 0.8110509593874822 and parameters: {'max_depth': 21, 'learning_rate': 0.10341012824659092, 'n_estimators': 272, 'gamma': 0.04327432814327048, 'min_child_weight': 6, 'subsample': 0.6698171878839372, 'colsample_bytree': 0.7007990670225502}. Best is trial 274 with value: 0.8153271266173574.
[I 2025-04-08 21:17:15,870] Trial 321 finished with value: 0.8148658579660177 and parameters: {'max_depth': 10, 'learning_rate': 0.05633867590738677, 'n_estimators': 237, 'gamma': 0.022636380947039375, 'min_child_weight': 6, 'subsample': 0.6878865135348828, 'colsample_bytree': 0.6790829352578461}. Best is trial 274 with value: 0.8153271266173574.
[I 2025-04-08 21:17:19,056] Trial 322 finished with value: 0.8142791194617098 and parameters: {'max_depth': 11, 'learning_rate': 0.056904285638250875, 'n_estimators': 298, 'gamma': 0.023609103092290407, 'min_child_weight': 6, 'subsample': 0.7043081217015003, 'colsample_bytree': 0.6890578339806458}. Best is trial 274 with value: 0.8153271266173574.
[I 2025-04-08 21:17:21,204] Trial 323 finished with value: 0.8127697382178714 and parameters: {'max_depth': 9, 'learning_rate': 0.03579428366338476, 'n_estimators': 265, 'gamma': 0.040306404608793325, 'min_child_weight': 6, 'subsample': 0.6762289753110602, 'colsample_bytree': 0.679633021426964}. Best is trial 274 with value: 0.8153271266173574.
[I 2025-04-08 21:17:23,357] Trial 324 finished with value: 0.8136918537731457 and parameters: {'max_depth': 10, 'learning_rate': 0.043123156784496686, 'n_estimators': 237, 'gamma': 0.022424162285039254, 'min_child_weight': 6, 'subsample': 0.6863797315897279, 'colsample_bytree': 0.6756662622210307}. Best is trial 274 with value: 0.8153271266173574.
[I 2025-04-08 21:17:27,260] Trial 325 finished with value: 0.8118473590704689 and parameters: {'max_depth': 25, 'learning_rate': 0.0955754012426901, 'n_estimators': 243, 'gamma': 0.0309446331673999, 'min_child_weight': 6, 'subsample': 0.7156255495452143, 'colsample_bytree': 0.6994050765263058}. Best is trial 274 with value: 0.8153271266173574.
[I 2025-04-08 21:17:29,457] Trial 326 finished with value: 0.8108831917843606 and parameters: {'max_depth': 9, 'learning_rate': 0.027199388582469335, 'n_estimators': 258, 'gamma': 7.253422836877251e-05, 'min_child_weight': 6, 'subsample': 0.6663410551627604, 'colsample_bytree': 0.7288533289505081}. Best is trial 274 with value: 0.8153271266173574.
[I 2025-04-08 21:17:32,899] Trial 327 finished with value: 0.8146981782269387 and parameters: {'max_depth': 22, 'learning_rate': 0.05337132268454656, 'n_estimators': 234, 'gamma': 0.01754369348042461, 'min_child_weight': 6, 'subsample': 0.6997312981558732, 'colsample_bytree': 0.6912555550639009}. Best is trial 274 with value: 0.8153271266173574.
[I 2025-04-08 21:17:37,845] Trial 328 finished with value: 0.8134825089050206 and parameters: {'max_depth': 22, 'learning_rate': 0.0428112216769735, 'n_estimators': 286, 'gamma': 0.015299640308010027, 'min_child_weight': 6, 'subsample': 0.7002755805914987, 'colsample_bytree': 0.6907030270273328}. Best is trial 274 with value: 0.8153271266173574.
[I 2025-04-08 21:17:41,088] Trial 329 finished with value: 0.8139856711319172 and parameters: {'max_depth': 23, 'learning_rate': 0.0568370499156039, 'n_estimators': 233, 'gamma': 0.04260867008240955, 'min_child_weight': 6, 'subsample': 0.5410011204654348, 'colsample_bytree': 0.6826770648493897}. Best is trial 274 with value: 0.8153271266173574.
[I 2025-04-08 21:17:44,709] Trial 330 finished with value: 0.8126858456299061 and parameters: {'max_depth': 23, 'learning_rate': 0.06945208080832863, 'n_estimators': 237, 'gamma': 0.01952444792644466, 'min_child_weight': 6, 'subsample': 0.6869198634199479, 'colsample_bytree': 0.7074436421015626}. Best is trial 274 with value: 0.8153271266173574.
[I 2025-04-08 21:17:47,997] Trial 331 finished with value: 0.8143209076004154 and parameters: {'max_depth': 20, 'learning_rate': 0.05271183944501312, 'n_estimators': 224, 'gamma': 0.3727577837859843, 'min_child_weight': 6, 'subsample': 0.7110106744782994, 'colsample_bytree': 0.6924002108577553}. Best is trial 274 with value: 0.8153271266173574.
[I 2025-04-08 21:17:51,605] Trial 332 finished with value: 0.813021169962447 and parameters: {'max_depth': 22, 'learning_rate': 0.07411191097283151, 'n_estimators': 245, 'gamma': 0.030357437863810163, 'min_child_weight': 6, 'subsample': 0.6973094416875939, 'colsample_bytree': 0.6748099761827655}. Best is trial 274 with value: 0.8153271266173574.
[I 2025-04-08 21:17:53,875] Trial 333 finished with value: 0.8027080752327078 and parameters: {'max_depth': 11, 'learning_rate': 0.011081855225319334, 'n_estimators': 233, 'gamma': 0.012206074303276885, 'min_child_weight': 6, 'subsample': 0.6797108514394999, 'colsample_bytree': 0.7079612217852953}. Best is trial 274 with value: 0.8153271266173574.
[I 2025-04-08 21:17:57,233] Trial 334 finished with value: 0.8125600594663842 and parameters: {'max_depth': 24, 'learning_rate': 0.09168657736482036, 'n_estimators': 219, 'gamma': 0.0001433842780174388, 'min_child_weight': 6, 'subsample': 0.6934841564704562, 'colsample_bytree': 0.6996532333653293}. Best is trial 274 with value: 0.8153271266173574.
[I 2025-04-08 21:18:01,491] Trial 335 finished with value: 0.8134403868829526 and parameters: {'max_depth': 19, 'learning_rate': 0.039038781946122786, 'n_estimators': 242, 'gamma': 0.022667140996966095, 'min_child_weight': 6, 'subsample': 0.6735847238546836, 'colsample_bytree': 0.7213134666210574}. Best is trial 274 with value: 0.8153271266173574.
[I 2025-04-08 21:18:04,835] Trial 336 finished with value: 0.8136501886440998 and parameters: {'max_depth': 21, 'learning_rate': 0.05480554892142054, 'n_estimators': 229, 'gamma': 0.014026179304592875, 'min_child_weight': 6, 'subsample': 0.7055680963996604, 'colsample_bytree': 0.7094625664467461}. Best is trial 274 with value: 0.8153271266173574.
[I 2025-04-08 21:18:06,930] Trial 337 finished with value: 0.8147820532420953 and parameters: {'max_depth': 10, 'learning_rate': 0.06526925499868595, 'n_estimators': 237, 'gamma': 0.03368447673916207, 'min_child_weight': 6, 'subsample': 0.6630794324133071, 'colsample_bytree': 0.6818134396949923}. Best is trial 274 with value: 0.8153271266173574.
[I 2025-04-08 21:18:09,964] Trial 338 finished with value: 0.8129794872605924 and parameters: {'max_depth': 12, 'learning_rate': 0.06638185196571013, 'n_estimators': 237, 'gamma': 0.04555732954004317, 'min_child_weight': 6, 'subsample': 0.6628233995142915, 'colsample_bytree': 0.6813615043550065}. Best is trial 274 with value: 0.8153271266173574.
[I 2025-04-08 21:18:11,649] Trial 339 finished with value: 0.7732357339547078 and parameters: {'max_depth': 10, 'learning_rate': 0.04714455420081502, 'n_estimators': 239, 'gamma': 0.034043426038788696, 'min_child_weight': 6, 'subsample': 0.6849642880002929, 'colsample_bytree': 0.6651422401896288}. Best is trial 274 with value: 0.8153271266173574.
[I 2025-04-08 21:18:14,246] Trial 340 finished with value: 0.8133566875958816 and parameters: {'max_depth': 10, 'learning_rate': 0.031321376587374224, 'n_estimators': 286, 'gamma': 0.030482253992221563, 'min_child_weight': 6, 'subsample': 0.6633469379021693, 'colsample_bytree': 0.690000074883752}. Best is trial 274 with value: 0.8153271266173574.
[I 2025-04-08 21:18:16,968] Trial 341 finished with value: 0.8128953662261165 and parameters: {'max_depth': 11, 'learning_rate': 0.0815414493018104, 'n_estimators': 246, 'gamma': 0.01470711487742528, 'min_child_weight': 6, 'subsample': 0.6733837972489436, 'colsample_bytree': 0.9376499804266474}. Best is trial 274 with value: 0.8153271266173574.
[I 2025-04-08 21:18:19,558] Trial 342 finished with value: 0.8144885873394945 and parameters: {'max_depth': 9, 'learning_rate': 0.06231830478528861, 'n_estimators': 225, 'gamma': 0.01016954955160309, 'min_child_weight': 6, 'subsample': 0.6899618753894093, 'colsample_bytree': 0.7336730749034007}. Best is trial 274 with value: 0.8153271266173574.
[I 2025-04-08 21:18:22,992] Trial 343 finished with value: 0.8139854778310234 and parameters: {'max_depth': 29, 'learning_rate': 0.049193860315710644, 'n_estimators': 232, 'gamma': 0.05077187022012926, 'min_child_weight': 6, 'subsample': 0.719440616454317, 'colsample_bytree': 0.7144848921544483}. Best is trial 274 with value: 0.8153271266173574.
[I 2025-04-08 21:18:25,183] Trial 344 finished with value: 0.8139435315370408 and parameters: {'max_depth': 10, 'learning_rate': 0.08083186821023554, 'n_estimators': 253, 'gamma': 0.022843454923918982, 'min_child_weight': 6, 'subsample': 0.7023734758770878, 'colsample_bytree': 0.7255586337366474}. Best is trial 274 with value: 0.8153271266173574.
[I 2025-04-08 21:18:27,466] Trial 345 finished with value: 0.814279031597667 and parameters: {'max_depth': 11, 'learning_rate': 0.09984507238615767, 'n_estimators': 234, 'gamma': 0.00018440521328595553, 'min_child_weight': 6, 'subsample': 0.6798786225221345, 'colsample_bytree': 0.6721549354805237}. Best is trial 274 with value: 0.8153271266173574.
[I 2025-04-08 21:18:29,797] Trial 346 finished with value: 0.7607000655465758 and parameters: {'max_depth': 9, 'learning_rate': 0.0037378300986778148, 'n_estimators': 240, 'gamma': 0.45713442365239876, 'min_child_weight': 6, 'subsample': 0.6918368178186974, 'colsample_bytree': 0.6985606812951793}. Best is trial 274 with value: 0.8153271266173574.
[I 2025-04-08 21:18:32,092] Trial 347 finished with value: 0.8153689674744887 and parameters: {'max_depth': 10, 'learning_rate': 0.06388636360156609, 'n_estimators': 222, 'gamma': 0.035017952074064544, 'min_child_weight': 6, 'subsample': 0.6662233515093159, 'colsample_bytree': 0.7178704739036003}. Best is trial 347 with value: 0.8153689674744887.
[I 2025-04-08 21:18:34,114] Trial 348 finished with value: 0.8142370853036847 and parameters: {'max_depth': 10, 'learning_rate': 0.06324623133373675, 'n_estimators': 220, 'gamma': 0.04037770025293664, 'min_child_weight': 6, 'subsample': 0.6828561886896353, 'colsample_bytree': 0.7224759812890156}. Best is trial 347 with value: 0.8153689674744887.
