[I 2025-04-08 20:21:35,777] Trial 61 finished with value: 0.8172135148955911 and parameters: {'max_depth': 5, 'learning_rate': 0.2085290469201961, 'n_estimators': 122, 'gamma': 0.4635372445148799, 'min_child_weight': 3, 'subsample': 0.7363053123605969, 'colsample_bytree': 0.5174693413003006}. Best is trial 0 with value: 0.8196455037333431.
[I 2025-04-08 20:21:37,229] Trial 62 finished with value: 0.8163752567826649 and parameters: {'max_depth': 8, 'learning_rate': 0.133248787802766, 'n_estimators': 146, 'gamma': 0.34016286624216596, 'min_child_weight': 3, 'subsample': 0.7519299412468626, 'colsample_bytree': 0.5468248824910247}. Best is trial 0 with value: 0.8196455037333431.
[I 2025-04-08 20:21:38,492] Trial 63 finished with value: 0.8181779809194445 and parameters: {'max_depth': 6, 'learning_rate': 0.08305016514732053, 'n_estimators': 165, 'gamma': 0.45048155319613525, 'min_child_weight': 2, 'subsample': 0.7062497305414327, 'colsample_bytree': 0.5423150434552303}. Best is trial 0 with value: 0.8196455037333431.
[I 2025-04-08 20:21:41,206] Trial 64 finished with value: 0.8170881856250911 and parameters: {'max_depth': 9, 'learning_rate': 0.015314429978121519, 'n_estimators': 181, 'gamma': 0.49316392595288766, 'min_child_weight': 2, 'subsample': 0.6971978393550503, 'colsample_bytree': 0.9789005269384279}. Best is trial 0 with value: 0.8196455037333431.
[I 2025-04-08 20:21:42,186] Trial 65 finished with value: 0.816165683468029 and parameters: {'max_depth': 6, 'learning_rate': 0.082573659367231, 'n_estimators': 114, 'gamma': 0.5667214053824292, 'min_child_weight': 2, 'subsample': 0.8069257393174032, 'colsample_bytree': 0.5176299923390014}. Best is trial 0 with value: 0.8196455037333431.
[I 2025-04-08 20:21:44,128] Trial 66 finished with value: 0.7703859867395587 and parameters: {'max_depth': 11, 'learning_rate': 0.7306403339153321, 'n_estimators': 162, 'gamma': 0.5541430697102593, 'min_child_weight': 1, 'subsample': 0.6182894984418439, 'colsample_bytree': 0.579553358609093}. Best is trial 0 with value: 0.8196455037333431.
[I 2025-04-08 20:21:45,141] Trial 67 finished with value: 0.8115538228766337 and parameters: {'max_depth': 4, 'learning_rate': 0.40759374194569387, 'n_estimators': 197, 'gamma': 0.516357591063513, 'min_child_weight': 2, 'subsample': 0.5843915251333396, 'colsample_bytree': 0.6210384709031134}. Best is trial 0 with value: 0.8196455037333431.
[I 2025-04-08 20:21:50,826] Trial 68 finished with value: 0.8106736887609589 and parameters: {'max_depth': 32, 'learning_rate': 0.04222315822066017, 'n_estimators': 221, 'gamma': 0.4694267233987501, 'min_child_weight': 4, 'subsample': 0.7037893641232348, 'colsample_bytree': 0.6446798939907321}. Best is trial 0 with value: 0.8196455037333431.
[I 2025-04-08 20:21:51,431] Trial 69 finished with value: 0.8107157053461755 and parameters: {'max_depth': 7, 'learning_rate': 0.06626851982201161, 'n_estimators': 51, 'gamma': 0.09577820097881709, 'min_child_weight': 2, 'subsample': 0.6414920279190938, 'colsample_bytree': 0.5006722262848398}. Best is trial 0 with value: 0.8196455037333431.
[I 2025-04-08 20:21:53,209] Trial 70 finished with value: 0.8059364461806379 and parameters: {'max_depth': 8, 'learning_rate': 0.010520532428845784, 'n_estimators': 187, 'gamma': 0.5874375047250665, 'min_child_weight': 4, 'subsample': 0.669728103715928, 'colsample_bytree': 0.536244824089226}. Best is trial 0 with value: 0.8196455037333431.
[I 2025-04-08 20:21:54,247] Trial 71 finished with value: 0.8139855481222575 and parameters: {'max_depth': 6, 'learning_rate': 0.25669485823276217, 'n_estimators': 142, 'gamma': 0.4436153809749879, 'min_child_weight': 3, 'subsample': 0.7305933144688246, 'colsample_bytree': 0.5647953581037671}. Best is trial 0 with value: 0.8196455037333431.
[I 2025-04-08 20:21:55,109] Trial 72 finished with value: 0.8167105811152057 and parameters: {'max_depth': 5, 'learning_rate': 0.12335865865168258, 'n_estimators': 128, 'gamma': 0.44955945268317354, 'min_child_weight': 3, 'subsample': 0.7752671166997221, 'colsample_bytree': 0.5487434540718761}. Best is trial 0 with value: 0.8196455037333431.
[I 2025-04-08 20:21:55,879] Trial 73 finished with value: 0.8141531927157194 and parameters: {'max_depth': 3, 'learning_rate': 0.19896567245015823, 'n_estimators': 169, 'gamma': 0.48629423752064294, 'min_child_weight': 3, 'subsample': 0.7452791747547877, 'colsample_bytree': 0.5949979315758445}. Best is trial 0 with value: 0.8196455037333431.
[I 2025-04-08 20:21:57,269] Trial 74 finished with value: 0.8178005697104528 and parameters: {'max_depth': 7, 'learning_rate': 0.08744830192552373, 'n_estimators': 154, 'gamma': 0.42194528117701763, 'min_child_weight': 2, 'subsample': 0.7153503775481287, 'colsample_bytree': 0.5313750678303018}. Best is trial 0 with value: 0.8196455037333431.
[I 2025-04-08 20:21:58,645] Trial 75 finished with value: 0.8107574759120727 and parameters: {'max_depth': 7, 'learning_rate': 0.022362167781950593, 'n_estimators': 153, 'gamma': 0.3776394357249817, 'min_child_weight': 2, 'subsample': 0.7176836047477639, 'colsample_bytree': 0.5334426588553188}. Best is trial 0 with value: 0.8196455037333431.
[I 2025-04-08 20:22:03,399] Trial 76 finished with value: 0.802121178573123 and parameters: {'max_depth': 20, 'learning_rate': 0.09587703199845711, 'n_estimators': 165, 'gamma': 0.2806705432868202, 'min_child_weight': 1, 'subsample': 0.5663284097886047, 'colsample_bytree': 0.5148610196779564}. Best is trial 0 with value: 0.8196455037333431.
[I 2025-04-08 20:22:04,957] Trial 77 finished with value: 0.81754922582992 and parameters: {'max_depth': 10, 'learning_rate': 0.04422397272659446, 'n_estimators': 103, 'gamma': 0.3998493649444754, 'min_child_weight': 2, 'subsample': 0.5224601723065941, 'colsample_bytree': 0.5575357094462767}. Best is trial 0 with value: 0.8196455037333431.
[I 2025-04-08 20:22:06,239] Trial 78 finished with value: 0.7970064193469594 and parameters: {'max_depth': 9, 'learning_rate': 0.3606916896448941, 'n_estimators': 88, 'gamma': 0.42451397885513964, 'min_child_weight': 2, 'subsample': 0.6040866942298021, 'colsample_bytree': 0.7521670447598271}. Best is trial 0 with value: 0.8196455037333431.
[I 2025-04-08 20:22:07,238] Trial 79 finished with value: 0.6377394866279713 and parameters: {'max_depth': 4, 'learning_rate': 0.000643136242279747, 'n_estimators': 154, 'gamma': 0.4784941927844298, 'min_child_weight': 7, 'subsample': 0.7038230311764798, 'colsample_bytree': 0.8381986891512399}. Best is trial 0 with value: 0.8196455037333431.
[I 2025-04-08 20:22:07,973] Trial 80 finished with value: 0.8123925730281991 and parameters: {'max_depth': 6, 'learning_rate': 0.0707775744200386, 'n_estimators': 74, 'gamma': 0.5313376429346169, 'min_child_weight': 2, 'subsample': 0.7598714816579711, 'colsample_bytree': 0.6654720927026534}. Best is trial 0 with value: 0.8196455037333431.
[I 2025-04-08 20:22:09,105] Trial 81 finished with value: 0.8127279500791653 and parameters: {'max_depth': 8, 'learning_rate': 0.04152125674158507, 'n_estimators': 101, 'gamma': 0.41286926667379326, 'min_child_weight': 2, 'subsample': 0.5106093453068902, 'colsample_bytree': 0.5596311809837738}. Best is trial 0 with value: 0.8196455037333431.
[I 2025-04-08 20:22:11,703] Trial 82 finished with value: 0.8073618821180858 and parameters: {'max_depth': 10, 'learning_rate': 0.12994502831885893, 'n_estimators': 178, 'gamma': 0.3493132657989707, 'min_child_weight': 2, 'subsample': 0.5518050095486003, 'colsample_bytree': 0.5810953665855693}. Best is trial 0 with value: 0.8196455037333431.
[I 2025-04-08 20:22:13,002] Trial 83 finished with value: 0.8103803107224007 and parameters: {'max_depth': 9, 'learning_rate': 0.02827627232267043, 'n_estimators': 105, 'gamma': 0.4309802727342744, 'min_child_weight': 1, 'subsample': 0.5232403924984539, 'colsample_bytree': 0.5253872545342956}. Best is trial 0 with value: 0.8196455037333431.
[I 2025-04-08 20:22:14,294] Trial 84 finished with value: 0.8175913829976048 and parameters: {'max_depth': 11, 'learning_rate': 0.09171298846546283, 'n_estimators': 85, 'gamma': 0.5100638875417457, 'min_child_weight': 2, 'subsample': 0.5341717784242371, 'colsample_bytree': 0.5508448943869478}. Best is trial 0 with value: 0.8196455037333431.
[I 2025-04-08 20:22:15,052] Trial 85 finished with value: 0.8170461514670659 and parameters: {'max_depth': 6, 'learning_rate': 0.09762757585727733, 'n_estimators': 85, 'gamma': 0.5105365343315903, 'min_child_weight': 5, 'subsample': 0.5422804492124553, 'colsample_bytree': 0.5714399009095491}. Best is trial 0 with value: 0.8196455037333431.
[I 2025-04-08 20:22:16,246] Trial 86 finished with value: 0.8166688456949256 and parameters: {'max_depth': 11, 'learning_rate': 0.059621274707843126, 'n_estimators': 76, 'gamma': 0.5531872168804899, 'min_child_weight': 3, 'subsample': 0.5044614642272173, 'colsample_bytree': 0.608838937208351}. Best is trial 0 with value: 0.8196455037333431.
[I 2025-04-08 20:22:16,962] Trial 87 finished with value: 0.8170461514670659 and parameters: {'max_depth': 7, 'learning_rate': 0.0832621790312992, 'n_estimators': 63, 'gamma': 0.5646961164049311, 'min_child_weight': 6, 'subsample': 0.6832776105483616, 'colsample_bytree': 0.9040645488889565}. Best is trial 0 with value: 0.8196455037333431.
[I 2025-04-08 20:22:18,066] Trial 88 finished with value: 0.8157883249774629 and parameters: {'max_depth': 8, 'learning_rate': 0.15946308910036808, 'n_estimators': 97, 'gamma': 0.5826428343760262, 'min_child_weight': 2, 'subsample': 0.5748196036440001, 'colsample_bytree': 0.7023205741354606}. Best is trial 0 with value: 0.8196455037333431.
[I 2025-04-08 20:22:18,969] Trial 89 finished with value: 0.8145305512062853 and parameters: {'max_depth': 5, 'learning_rate': 0.25768116354921355, 'n_estimators': 136, 'gamma': 0.5404180775985586, 'min_child_weight': 3, 'subsample': 0.7281091933057388, 'colsample_bytree': 0.5094410182551743}. Best is trial 0 with value: 0.8196455037333431.
[I 2025-04-08 20:22:19,718] Trial 90 finished with value: 0.8137340460864477 and parameters: {'max_depth': 4, 'learning_rate': 0.11617835632711923, 'n_estimators': 122, 'gamma': 0.5217574582098615, 'min_child_weight': 1, 'subsample': 0.5972848151346208, 'colsample_bytree': 0.542054887559143}. Best is trial 0 with value: 0.8196455037333431.
[I 2025-04-08 20:22:22,202] Trial 91 finished with value: 0.816584970679769 and parameters: {'max_depth': 13, 'learning_rate': 0.04915159109915162, 'n_estimators': 118, 'gamma': 0.3939759396309671, 'min_child_weight': 2, 'subsample': 0.531103955831642, 'colsample_bytree': 0.5548907369044213}. Best is trial 0 with value: 0.8196455037333431.
[I 2025-04-08 20:22:23,223] Trial 92 finished with value: 0.8132724962701714 and parameters: {'max_depth': 10, 'learning_rate': 0.18235804389548477, 'n_estimators': 70, 'gamma': 0.404133242772851, 'min_child_weight': 2, 'subsample': 0.5620120132702711, 'colsample_bytree': 0.5287386682485062}. Best is trial 0 with value: 0.8196455037333431.
[I 2025-04-08 20:22:24,572] Trial 93 finished with value: 0.8143211009013094 and parameters: {'max_depth': 9, 'learning_rate': 0.038532533790491506, 'n_estimators': 109, 'gamma': 0.46072024843598486, 'min_child_weight': 2, 'subsample': 0.517800619088638, 'colsample_bytree': 0.5691526543030344}. Best is trial 0 with value: 0.8196455037333431.
[I 2025-04-08 20:22:25,463] Trial 94 finished with value: 0.8158721297013853 and parameters: {'max_depth': 7, 'learning_rate': 0.07705374044584587, 'n_estimators': 86, 'gamma': 0.4988541781334329, 'min_child_weight': 2, 'subsample': 0.5167130816973617, 'colsample_bytree': 0.5871262994753406}. Best is trial 0 with value: 0.8196455037333431.
[I 2025-04-08 20:22:26,776] Trial 95 finished with value: 0.8123085574305742 and parameters: {'max_depth': 10, 'learning_rate': 0.15660280632422488, 'n_estimators': 95, 'gamma': 0.47678610926013243, 'min_child_weight': 3, 'subsample': 0.6295150556120437, 'colsample_bytree': 0.550740093890611}. Best is trial 0 with value: 0.8196455037333431.
[I 2025-04-08 20:22:28,870] Trial 96 finished with value: 0.8172974250563648 and parameters: {'max_depth': 12, 'learning_rate': 0.05586690217800417, 'n_estimators': 130, 'gamma': 0.5958570445230218, 'min_child_weight': 2, 'subsample': 0.7235086687658304, 'colsample_bytree': 0.7364549114457285}. Best is trial 0 with value: 0.8196455037333431.
[I 2025-04-08 20:22:29,761] Trial 97 finished with value: 0.8172974777747903 and parameters: {'max_depth': 6, 'learning_rate': 0.09508228673423443, 'n_estimators': 104, 'gamma': 0.3639728710378433, 'min_child_weight': 3, 'subsample': 0.5351421184900765, 'colsample_bytree': 0.6093537682371846}. Best is trial 0 with value: 0.8196455037333431.
[I 2025-04-08 20:22:30,871] Trial 98 finished with value: 0.8029598057150288 and parameters: {'max_depth': 8, 'learning_rate': 0.019950317888518452, 'n_estimators': 83, 'gamma': 0.3222708295289889, 'min_child_weight': 1, 'subsample': 0.710326892654665, 'colsample_bytree': 0.5405659225131749}. Best is trial 0 with value: 0.8196455037333431.
[I 2025-04-08 20:22:33,360] Trial 99 finished with value: 0.6377394866279713 and parameters: {'max_depth': 14, 'learning_rate': 0.00012907089931732914, 'n_estimators': 94, 'gamma': 0.43136355446591895, 'min_child_weight': 2, 'subsample': 0.5018213590622485, 'colsample_bytree': 0.5586714544709591}. Best is trial 0 with value: 0.8196455037333431.
[I 2025-04-08 20:22:34,516] Trial 100 finished with value: 0.7998994132439229 and parameters: {'max_depth': 23, 'learning_rate': 0.45314859865804036, 'n_estimators': 115, 'gamma': 0.3846588018225975, 'min_child_weight': 2, 'subsample': 0.9655597663447837, 'colsample_bytree': 0.5255347599118332}. Best is trial 0 with value: 0.8196455037333431.
[I 2025-04-08 20:22:36,171] Trial 101 finished with value: 0.811763607064972 and parameters: {'max_depth': 5, 'learning_rate': 0.23263458209683147, 'n_estimators': 299, 'gamma': 0.4480302045411721, 'min_child_weight': 3, 'subsample': 0.7599905837247676, 'colsample_bytree': 0.5104169280587089}. Best is trial 0 with value: 0.8196455037333431.
[I 2025-04-08 20:22:37,011] Trial 102 finished with value: 0.8130212929721067 and parameters: {'max_depth': 3, 'learning_rate': 0.13076566825745484, 'n_estimators': 157, 'gamma': 0.4608948148499477, 'min_child_weight': 3, 'subsample': 0.6951600472558404, 'colsample_bytree': 0.5412994994810131}. Best is trial 0 with value: 0.8196455037333431.
[I 2025-04-08 20:22:38,302] Trial 103 finished with value: 0.7913889020684953 and parameters: {'max_depth': 7, 'learning_rate': 0.6236362158036965, 'n_estimators': 151, 'gamma': 0.4082360506868357, 'min_child_weight': 4, 'subsample': 0.7400614842779975, 'colsample_bytree': 0.5738001659243139}. Best is trial 0 with value: 0.8196455037333431.
[I 2025-04-08 20:22:39,300] Trial 104 finished with value: 0.8058526414567156 and parameters: {'max_depth': 5, 'learning_rate': 0.03117619549402333, 'n_estimators': 145, 'gamma': 0.5089598600412094, 'min_child_weight': 3, 'subsample': 0.6598930349236796, 'colsample_bytree': 0.5878368825702109}. Best is trial 0 with value: 0.8196455037333431.
[I 2025-04-08 20:22:40,504] Trial 105 finished with value: 0.8067750206041181 and parameters: {'max_depth': 7, 'learning_rate': 0.30064582853170424, 'n_estimators': 136, 'gamma': 0.4563894897744609, 'min_child_weight': 3, 'subsample': 0.672947092367326, 'colsample_bytree': 0.5339861524490922}. Best is trial 0 with value: 0.8196455037333431.
[I 2025-04-08 20:22:41,997] Trial 106 finished with value: 0.8114283003052398 and parameters: {'max_depth': 8, 'learning_rate': 0.2004681626347153, 'n_estimators': 166, 'gamma': 0.48836515255441465, 'min_child_weight': 3, 'subsample': 0.7875950000115159, 'colsample_bytree': 0.5532469510113811}. Best is trial 0 with value: 0.8196455037333431.
[I 2025-04-08 20:22:43,410] Trial 107 finished with value: 0.8181778403369762 and parameters: {'max_depth': 6, 'learning_rate': 0.10900035862247927, 'n_estimators': 125, 'gamma': 0.5611568825789053, 'min_child_weight': 4, 'subsample': 0.7471287197396788, 'colsample_bytree': 0.6017493535898693}. Best is trial 0 with value: 0.8196455037333431.
[I 2025-04-08 20:22:44,374] Trial 108 finished with value: 0.8168782257086674 and parameters: {'max_depth': 6, 'learning_rate': 0.07234121263955526, 'n_estimators': 110, 'gamma': 0.5447923655188777, 'min_child_weight': 4, 'subsample': 0.7500119139788282, 'colsample_bytree': 0.6353534120900187}. Best is trial 0 with value: 0.8196455037333431.
[I 2025-04-08 20:22:45,867] Trial 109 finished with value: 0.8180521068918797 and parameters: {'max_depth': 9, 'learning_rate': 0.0569992742045509, 'n_estimators': 124, 'gamma': 0.5649302777402897, 'min_child_weight': 4, 'subsample': 0.7124073632249578, 'colsample_bytree': 0.6016824662254554}. Best is trial 0 with value: 0.8196455037333431.
[I 2025-04-08 20:22:46,702] Trial 110 finished with value: 0.8138177453735189 and parameters: {'max_depth': 4, 'learning_rate': 0.10562568810533471, 'n_estimators': 126, 'gamma': 0.5653467434455642, 'min_child_weight': 4, 'subsample': 0.7125089679984741, 'colsample_bytree': 0.6047304835747788}. Best is trial 0 with value: 0.8196455037333431.
[I 2025-04-08 20:22:48,104] Trial 111 finished with value: 0.816710756843291 and parameters: {'max_depth': 8, 'learning_rate': 0.03884865328583332, 'n_estimators': 125, 'gamma': 0.583984550987682, 'min_child_weight': 4, 'subsample': 0.6993611525836908, 'colsample_bytree': 0.6269596829916008}. Best is trial 0 with value: 0.8196455037333431.
[I 2025-04-08 20:22:49,793] Trial 112 finished with value: 0.8193518445298483 and parameters: {'max_depth': 9, 'learning_rate': 0.05697022702291829, 'n_estimators': 133, 'gamma': 0.5610170353595889, 'min_child_weight': 5, 'subsample': 0.6868143841626895, 'colsample_bytree': 0.7719330336142861}. Best is trial 0 with value: 0.8196455037333431.
[I 2025-04-08 20:22:51,515] Trial 113 finished with value: 0.8188906285969342 and parameters: {'max_depth': 9, 'learning_rate': 0.05869261063821873, 'n_estimators': 141, 'gamma': 0.5609245235552104, 'min_child_weight': 5, 'subsample': 0.6456274203801414, 'colsample_bytree': 0.8442717773281193}. Best is trial 0 with value: 0.8196455037333431.
[I 2025-04-08 20:22:53,765] Trial 114 finished with value: 0.8190583259088218 and parameters: {'max_depth': 9, 'learning_rate': 0.055406441691136336, 'n_estimators': 141, 'gamma': 0.5638879768193449, 'min_child_weight': 5, 'subsample': 0.723671254938683, 'colsample_bytree': 0.785673346118009}. Best is trial 0 with value: 0.8196455037333431.
[I 2025-04-08 20:22:55,431] Trial 115 finished with value: 0.8190163796148392 and parameters: {'max_depth': 9, 'learning_rate': 0.058968556092951326, 'n_estimators': 140, 'gamma': 0.5753731876539455, 'min_child_weight': 5, 'subsample': 0.644125872670533, 'colsample_bytree': 0.7914789276737767}. Best is trial 0 with value: 0.8196455037333431.
[I 2025-04-08 20:22:57,019] Trial 116 finished with value: 0.8191423766520636 and parameters: {'max_depth': 9, 'learning_rate': 0.056339923661531885, 'n_estimators': 140, 'gamma': 0.5720291279945021, 'min_child_weight': 5, 'subsample': 0.680165770134744, 'colsample_bytree': 0.7897411973906429}. Best is trial 0 with value: 0.8196455037333431.
[I 2025-04-08 20:22:58,535] Trial 117 finished with value: 0.8193516863745713 and parameters: {'max_depth': 9, 'learning_rate': 0.05252608923767876, 'n_estimators': 133, 'gamma': 0.561510614999795, 'min_child_weight': 5, 'subsample': 0.6470996614206113, 'colsample_bytree': 0.7989967299544358}. Best is trial 0 with value: 0.8196455037333431.
[I 2025-04-08 20:23:00,903] Trial 118 finished with value: 0.8186810377094899 and parameters: {'max_depth': 12, 'learning_rate': 0.024446917004303542, 'n_estimators': 140, 'gamma': 0.562626660658401, 'min_child_weight': 5, 'subsample': 0.6458585141088932, 'colsample_bytree': 0.8032826684808176}. Best is trial 0 with value: 0.8196455037333431.
[I 2025-04-08 20:23:02,608] Trial 119 finished with value: 0.8177170285786586 and parameters: {'max_depth': 9, 'learning_rate': 0.02461883045883362, 'n_estimators': 133, 'gamma': 0.5724960137109971, 'min_child_weight': 5, 'subsample': 0.6399326274898821, 'colsample_bytree': 0.7992866682125126}. Best is trial 0 with value: 0.8196455037333431.
[I 2025-04-08 20:23:04,911] Trial 120 finished with value: 0.8181781039291043 and parameters: {'max_depth': 11, 'learning_rate': 0.0533611133670147, 'n_estimators': 141, 'gamma': 0.5593204312018255, 'min_child_weight': 5, 'subsample': 0.6142752755391516, 'colsample_bytree': 0.7686171550700717}. Best is trial 0 with value: 0.8196455037333431.
[I 2025-04-08 20:23:06,787] Trial 121 finished with value: 0.8181361576351218 and parameters: {'max_depth': 11, 'learning_rate': 0.05655245914622721, 'n_estimators': 139, 'gamma': 0.5540588334548505, 'min_child_weight': 5, 'subsample': 0.6470920973188917, 'colsample_bytree': 0.7706170699923793}. Best is trial 0 with value: 0.8196455037333431.
[I 2025-04-08 20:23:09,019] Trial 122 finished with value: 0.8175911194054768 and parameters: {'max_depth': 12, 'learning_rate': 0.017513744205902425, 'n_estimators': 144, 'gamma': 0.5522151235023296, 'min_child_weight': 5, 'subsample': 0.6471684327816813, 'colsample_bytree': 0.7808299043580833}. Best is trial 0 with value: 0.8196455037333431.
[I 2025-04-08 20:23:10,962] Trial 123 finished with value: 0.8178425335772438 and parameters: {'max_depth': 11, 'learning_rate': 0.0523427202906606, 'n_estimators': 140, 'gamma': 0.5999973612785446, 'min_child_weight': 5, 'subsample': 0.6247737016859759, 'colsample_bytree': 0.819959214109393}. Best is trial 0 with value: 0.8196455037333431.
[I 2025-04-08 20:23:12,900] Trial 124 finished with value: 0.819687327017666 and parameters: {'max_depth': 11, 'learning_rate': 0.028608603984068847, 'n_estimators': 138, 'gamma': 0.5300041472476236, 'min_child_weight': 5, 'subsample': 0.6129162692964967, 'colsample_bytree': 0.762246719483753}. Best is trial 124 with value: 0.819687327017666.
