[I 2025-04-08 20:13:32,899] Trial 90 finished with value: 0.8166687226852657 and parameters: {'max_depth': 9, 'learning_rate': 0.016199618273306064, 'n_estimators': 116, 'gamma': 0.05433713459599357, 'min_child_weight': 3, 'subsample': 0.8009914760693508, 'colsample_bytree': 0.8339849457655533}. Best is trial 52 with value: 0.8201064209285119.
[I 2025-04-08 20:13:35,480] Trial 91 finished with value: 0.817632925116991 and parameters: {'max_depth': 11, 'learning_rate': 0.055758798004322714, 'n_estimators': 157, 'gamma': 0.419032940355969, 'min_child_weight': 4, 'subsample': 0.8472468469022637, 'colsample_bytree': 0.8786996030113502}. Best is trial 52 with value: 0.8201064209285119.
[I 2025-04-08 20:13:37,447] Trial 92 finished with value: 0.8185552164003507 and parameters: {'max_depth': 9, 'learning_rate': 0.04572824580833476, 'n_estimators': 167, 'gamma': 0.39680651835356556, 'min_child_weight': 3, 'subsample': 0.8538913840210934, 'colsample_bytree': 0.906912388730113}. Best is trial 52 with value: 0.8201064209285119.
[I 2025-04-08 20:13:41,735] Trial 93 finished with value: 0.8163750986273879 and parameters: {'max_depth': 20, 'learning_rate': 0.02340285065234346, 'n_estimators': 134, 'gamma': 0.5174100311188143, 'min_child_weight': 3, 'subsample': 0.8814799715398866, 'colsample_bytree': 0.7171382113740639}. Best is trial 52 with value: 0.8201064209285119.
[I 2025-04-08 20:13:43,791] Trial 94 finished with value: 0.8117637827930574 and parameters: {'max_depth': 10, 'learning_rate': 0.13060445108435756, 'n_estimators': 174, 'gamma': 0.3424927907316717, 'min_child_weight': 4, 'subsample': 0.8675520190601457, 'colsample_bytree': 0.5036914058242568}. Best is trial 52 with value: 0.8201064209285119.
[I 2025-04-08 20:13:46,474] Trial 95 finished with value: 0.8154111070693653 and parameters: {'max_depth': 13, 'learning_rate': 0.06791691444799396, 'n_estimators': 161, 'gamma': 0.44460282105122434, 'min_child_weight': 7, 'subsample': 0.906553200885276, 'colsample_bytree': 0.8933183500978199}. Best is trial 52 with value: 0.8201064209285119.
[I 2025-04-08 20:13:47,974] Trial 96 finished with value: 0.8185968288109711 and parameters: {'max_depth': 7, 'learning_rate': 0.0928444939694823, 'n_estimators': 180, 'gamma': 0.38139123040794615, 'min_child_weight': 3, 'subsample': 0.8180224175127893, 'colsample_bytree': 0.8576497317546896}. Best is trial 52 with value: 0.8201064209285119.
[I 2025-04-08 20:13:50,145] Trial 97 finished with value: 0.8180941234770964 and parameters: {'max_depth': 8, 'learning_rate': 0.031351920215570615, 'n_estimators': 151, 'gamma': 0.4700618693572082, 'min_child_weight': 1, 'subsample': 0.6293394318691119, 'colsample_bytree': 0.9320161731734067}. Best is trial 52 with value: 0.8201064209285119.
[I 2025-04-08 20:13:52,543] Trial 98 finished with value: 0.8032949191738672 and parameters: {'max_depth': 18, 'learning_rate': 0.1652672300416593, 'n_estimators': 125, 'gamma': 0.49981323677081296, 'min_child_weight': 5, 'subsample': 0.6584350112618846, 'colsample_bytree': 0.8725279456772985}. Best is trial 52 with value: 0.8201064209285119.
[I 2025-04-08 20:13:54,585] Trial 99 finished with value: 0.8170040821634235 and parameters: {'max_depth': 10, 'learning_rate': 0.013463245598246232, 'n_estimators': 144, 'gamma': 0.4102078961625018, 'min_child_weight': 4, 'subsample': 0.8352497201834775, 'colsample_bytree': 0.767832641706398}. Best is trial 52 with value: 0.8201064209285119.
[I 2025-04-08 20:13:58,530] Trial 100 finished with value: 0.8129789952219533 and parameters: {'max_depth': 14, 'learning_rate': 0.052752925907522875, 'n_estimators': 191, 'gamma': 0.02413451487364862, 'min_child_weight': 2, 'subsample': 0.8864614755288635, 'colsample_bytree': 0.9796230716150027}. Best is trial 52 with value: 0.8201064209285119.
[I 2025-04-08 20:14:01,171] Trial 101 finished with value: 0.8183455200760552 and parameters: {'max_depth': 7, 'learning_rate': 0.039655170583302396, 'n_estimators': 284, 'gamma': 0.05803687874926014, 'min_child_weight': 5, 'subsample': 0.8560693394633933, 'colsample_bytree': 0.9315738901440896}. Best is trial 52 with value: 0.8201064209285119.
[I 2025-04-08 20:14:02,981] Trial 102 finished with value: 0.8196453631508748 and parameters: {'max_depth': 9, 'learning_rate': 0.051635052387070716, 'n_estimators': 157, 'gamma': 0.07994518935592565, 'min_child_weight': 6, 'subsample': 0.8501751107377225, 'colsample_bytree': 0.9163691087896939}. Best is trial 52 with value: 0.8201064209285119.
[I 2025-04-08 20:14:05,642] Trial 103 finished with value: 0.6377394866279713 and parameters: {'max_depth': 11, 'learning_rate': 1.068411653923103e-05, 'n_estimators': 168, 'gamma': 0.09397722994100763, 'min_child_weight': 6, 'subsample': 0.8309688732253525, 'colsample_bytree': 0.8417663962642159}. Best is trial 52 with value: 0.8201064209285119.
[I 2025-04-08 20:14:07,406] Trial 104 finished with value: 0.8175069983710006 and parameters: {'max_depth': 9, 'learning_rate': 0.08471710023219921, 'n_estimators': 159, 'gamma': 0.0775775120614996, 'min_child_weight': 6, 'subsample': 0.87047076082942, 'colsample_bytree': 0.9175074915867268}. Best is trial 52 with value: 0.8201064209285119.
[I 2025-04-08 20:14:10,314] Trial 105 finished with value: 0.8187229840034724 and parameters: {'max_depth': 12, 'learning_rate': 0.02702436041454081, 'n_estimators': 151, 'gamma': 0.4275354328979107, 'min_child_weight': 6, 'subsample': 0.7510810344446756, 'colsample_bytree': 0.897724025003401}. Best is trial 52 with value: 0.8201064209285119.
[I 2025-04-08 20:14:11,869] Trial 106 finished with value: 0.8192677410681808 and parameters: {'max_depth': 9, 'learning_rate': 0.07064592380653743, 'n_estimators': 139, 'gamma': 0.000448079267677752, 'min_child_weight': 7, 'subsample': 0.6966055894429038, 'colsample_bytree': 0.8831220550813852}. Best is trial 52 with value: 0.8201064209285119.
[I 2025-04-08 20:14:13,428] Trial 107 finished with value: 0.8192679519418832 and parameters: {'max_depth': 8, 'learning_rate': 0.049435999017850306, 'n_estimators': 141, 'gamma': 0.03654383779089786, 'min_child_weight': 7, 'subsample': 0.7183507707207405, 'colsample_bytree': 0.6280439563343981}. Best is trial 52 with value: 0.8201064209285119.
[I 2025-04-08 20:14:14,923] Trial 108 finished with value: 0.8146981255085132 and parameters: {'max_depth': 8, 'learning_rate': 0.02077257863422248, 'n_estimators': 137, 'gamma': 0.005980982991458179, 'min_child_weight': 7, 'subsample': 0.6973990504299392, 'colsample_bytree': 0.6243155577305325}. Best is trial 52 with value: 0.8201064209285119.
[I 2025-04-08 20:14:16,073] Trial 109 finished with value: 0.6377394866279713 and parameters: {'max_depth': 6, 'learning_rate': 0.0009926427610679868, 'n_estimators': 130, 'gamma': 0.03788480358285695, 'min_child_weight': 7, 'subsample': 0.7187449507409407, 'colsample_bytree': 0.6610410030671783}. Best is trial 52 with value: 0.8201064209285119.
[I 2025-04-08 20:14:17,488] Trial 110 finished with value: 0.8159556532603711 and parameters: {'max_depth': 8, 'learning_rate': 0.11423514105564234, 'n_estimators': 142, 'gamma': 0.0216061993848948, 'min_child_weight': 7, 'subsample': 0.7348750956294311, 'colsample_bytree': 0.5387321214946628}. Best is trial 52 with value: 0.8201064209285119.
[I 2025-04-08 20:14:19,177] Trial 111 finished with value: 0.8199806699106071 and parameters: {'max_depth': 9, 'learning_rate': 0.045876493453341695, 'n_estimators': 117, 'gamma': 0.06670677873882863, 'min_child_weight': 7, 'subsample': 0.6791603402355775, 'colsample_bytree': 0.8838484890675159}. Best is trial 52 with value: 0.8201064209285119.
[I 2025-04-08 20:14:21,108] Trial 112 finished with value: 0.8195613299804416 and parameters: {'max_depth': 9, 'learning_rate': 0.04618499560310964, 'n_estimators': 115, 'gamma': 0.037685367701144196, 'min_child_weight': 7, 'subsample': 0.6875812835575162, 'colsample_bytree': 0.8813369350258579}. Best is trial 52 with value: 0.8201064209285119.
[I 2025-04-08 20:14:22,684] Trial 113 finished with value: 0.818177963346636 and parameters: {'max_depth': 9, 'learning_rate': 0.03924908672088409, 'n_estimators': 117, 'gamma': 0.04412569567345109, 'min_child_weight': 7, 'subsample': 0.6837988049656134, 'colsample_bytree': 0.5857888808552532}. Best is trial 52 with value: 0.8201064209285119.
[I 2025-04-08 20:14:23,863] Trial 114 finished with value: 0.8188066129993092 and parameters: {'max_depth': 7, 'learning_rate': 0.07140515761772995, 'n_estimators': 112, 'gamma': 0.012839187807576738, 'min_child_weight': 7, 'subsample': 0.7123317640029752, 'colsample_bytree': 0.8799381669502545}. Best is trial 52 with value: 0.8201064209285119.
[I 2025-04-08 20:14:25,516] Trial 115 finished with value: 0.8195193661136504 and parameters: {'max_depth': 11, 'learning_rate': 0.052170413924193144, 'n_estimators': 107, 'gamma': 0.06836183356980537, 'min_child_weight': 7, 'subsample': 0.6691970820423994, 'colsample_bytree': 0.8875824996379914}. Best is trial 52 with value: 0.8201064209285119.
[I 2025-04-08 20:14:26,904] Trial 116 finished with value: 0.8193937205325967 and parameters: {'max_depth': 10, 'learning_rate': 0.046376292714615575, 'n_estimators': 92, 'gamma': 0.06981967073913692, 'min_child_weight': 7, 'subsample': 0.6510069784898597, 'colsample_bytree': 0.8599707138677746}. Best is trial 52 with value: 0.8201064209285119.
[I 2025-04-08 20:14:28,563] Trial 117 finished with value: 0.8194354383800683 and parameters: {'max_depth': 11, 'learning_rate': 0.04493558853643953, 'n_estimators': 95, 'gamma': 0.0661613630807303, 'min_child_weight': 7, 'subsample': 0.6642047543272482, 'colsample_bytree': 0.8605241956196997}. Best is trial 52 with value: 0.8201064209285119.
[I 2025-04-08 20:14:30,292] Trial 118 finished with value: 0.8186391265611244 and parameters: {'max_depth': 11, 'learning_rate': 0.03174057791242213, 'n_estimators': 94, 'gamma': 0.07216033403864014, 'min_child_weight': 7, 'subsample': 0.6471737015656679, 'colsample_bytree': 0.8461963083776604}. Best is trial 52 with value: 0.8201064209285119.
[I 2025-04-08 20:14:32,179] Trial 119 finished with value: 0.8190581150351193 and parameters: {'max_depth': 12, 'learning_rate': 0.05058413354942747, 'n_estimators': 78, 'gamma': 0.08347071683406998, 'min_child_weight': 7, 'subsample': 0.6710906320160307, 'colsample_bytree': 0.8162045625758131}. Best is trial 52 with value: 0.8201064209285119.
[I 2025-04-08 20:14:33,947] Trial 120 finished with value: 0.8202320840823741 and parameters: {'max_depth': 11, 'learning_rate': 0.043516813027701, 'n_estimators': 102, 'gamma': 0.10804741040152609, 'min_child_weight': 7, 'subsample': 0.6627101961349522, 'colsample_bytree': 0.8599046097499857}. Best is trial 120 with value: 0.8202320840823741.
[I 2025-04-08 20:14:35,599] Trial 121 finished with value: 0.8194776131205618 and parameters: {'max_depth': 11, 'learning_rate': 0.04413713897892144, 'n_estimators': 94, 'gamma': 0.10603968581667861, 'min_child_weight': 7, 'subsample': 0.6598503860539489, 'colsample_bytree': 0.8579352050536713}. Best is trial 120 with value: 0.8202320840823741.
[I 2025-04-08 20:14:37,650] Trial 122 finished with value: 0.8196869579886865 and parameters: {'max_depth': 14, 'learning_rate': 0.043016632998320044, 'n_estimators': 97, 'gamma': 0.0959565870074593, 'min_child_weight': 7, 'subsample': 0.6627319057368549, 'colsample_bytree': 0.8545396755773117}. Best is trial 120 with value: 0.8202320840823741.
[I 2025-04-08 20:14:39,590] Trial 123 finished with value: 0.8199386181797733 and parameters: {'max_depth': 13, 'learning_rate': 0.03705083875284146, 'n_estimators': 95, 'gamma': 0.1091863541445764, 'min_child_weight': 7, 'subsample': 0.6263342942729107, 'colsample_bytree': 0.8627311244436118}. Best is trial 120 with value: 0.8202320840823741.
[I 2025-04-08 20:14:42,117] Trial 124 finished with value: 0.8188905934513173 and parameters: {'max_depth': 13, 'learning_rate': 0.027297358889519303, 'n_estimators': 103, 'gamma': 0.13539946162242153, 'min_child_weight': 7, 'subsample': 0.6065707734075418, 'colsample_bytree': 0.8221174507171802}. Best is trial 120 with value: 0.8202320840823741.
[I 2025-04-08 20:14:44,128] Trial 125 finished with value: 0.8199805469009475 and parameters: {'max_depth': 13, 'learning_rate': 0.03488017192682638, 'n_estimators': 98, 'gamma': 0.10589588705554323, 'min_child_weight': 7, 'subsample': 0.6261551962101677, 'colsample_bytree': 0.7958256769285058}. Best is trial 120 with value: 0.8202320840823741.
[I 2025-04-08 20:14:46,511] Trial 126 finished with value: 0.8172137081964852 and parameters: {'max_depth': 14, 'learning_rate': 0.016422825937516282, 'n_estimators': 108, 'gamma': 0.10923204132885955, 'min_child_weight': 7, 'subsample': 0.631839684543418, 'colsample_bytree': 0.8386601821142431}. Best is trial 120 with value: 0.8202320840823741.
[I 2025-04-08 20:14:48,384] Trial 127 finished with value: 0.8186808619814044 and parameters: {'max_depth': 15, 'learning_rate': 0.034679949576869894, 'n_estimators': 85, 'gamma': 0.12497734683100131, 'min_child_weight': 7, 'subsample': 0.6191093165368851, 'colsample_bytree': 0.8503777432776547}. Best is trial 120 with value: 0.8202320840823741.
[I 2025-04-08 20:14:50,507] Trial 128 finished with value: 0.8186809674182557 and parameters: {'max_depth': 13, 'learning_rate': 0.02136935155474489, 'n_estimators': 98, 'gamma': 0.10404659277661706, 'min_child_weight': 7, 'subsample': 0.6778495280556718, 'colsample_bytree': 0.8072051657761474}. Best is trial 120 with value: 0.8202320840823741.
[I 2025-04-08 20:14:52,315] Trial 129 finished with value: 0.8166268642553259 and parameters: {'max_depth': 12, 'learning_rate': 0.08872092043313423, 'n_estimators': 76, 'gamma': 0.18055992711468896, 'min_child_weight': 7, 'subsample': 0.6635769049002341, 'colsample_bytree': 0.8712113235222321}. Best is trial 120 with value: 0.8202320840823741.
[I 2025-04-08 20:14:54,481] Trial 130 finished with value: 0.8183872554963351 and parameters: {'max_depth': 13, 'learning_rate': 0.03825634636282056, 'n_estimators': 104, 'gamma': 0.08953273479342812, 'min_child_weight': 7, 'subsample': 0.6444220987356799, 'colsample_bytree': 0.8266597836598996}. Best is trial 120 with value: 0.8202320840823741.
[I 2025-04-08 20:14:55,969] Trial 131 finished with value: 0.8178845677352692 and parameters: {'max_depth': 11, 'learning_rate': 0.02849818095167857, 'n_estimators': 89, 'gamma': 0.054118409885543006, 'min_child_weight': 7, 'subsample': 0.6579149949031743, 'colsample_bytree': 0.793513871206414}. Best is trial 120 with value: 0.8202320840823741.
[I 2025-04-08 20:14:58,171] Trial 132 finished with value: 0.8197288867098607 and parameters: {'max_depth': 15, 'learning_rate': 0.04225748462812635, 'n_estimators': 97, 'gamma': 0.11339247262840679, 'min_child_weight': 7, 'subsample': 0.6860340178158708, 'colsample_bytree': 0.8633939785451896}. Best is trial 120 with value: 0.8202320840823741.
[I 2025-04-08 20:15:00,507] Trial 133 finished with value: 0.8198966718857907 and parameters: {'max_depth': 16, 'learning_rate': 0.03609445869441664, 'n_estimators': 111, 'gamma': 0.09522330825209667, 'min_child_weight': 7, 'subsample': 0.5821307865393333, 'colsample_bytree': 0.8703980288658743}. Best is trial 120 with value: 0.8202320840823741.
[I 2025-04-08 20:15:02,574] Trial 134 finished with value: 0.818806595426501 and parameters: {'max_depth': 16, 'learning_rate': 0.036172192409813834, 'n_estimators': 71, 'gamma': 0.11749806517757896, 'min_child_weight': 7, 'subsample': 0.5803581091376916, 'colsample_bytree': 0.8654148579777039}. Best is trial 120 with value: 0.8202320840823741.
[I 2025-04-08 20:15:05,169] Trial 135 finished with value: 0.8180520717462627 and parameters: {'max_depth': 15, 'learning_rate': 0.020359213439870735, 'n_estimators': 111, 'gamma': 0.14616315961473927, 'min_child_weight': 7, 'subsample': 0.6857821539057489, 'colsample_bytree': 0.8754642308940158}. Best is trial 120 with value: 0.8202320840823741.
[I 2025-04-08 20:15:06,968] Trial 136 finished with value: 0.8170038185712954 and parameters: {'max_depth': 14, 'learning_rate': 0.07324312133254487, 'n_estimators': 99, 'gamma': 0.09692761427038968, 'min_child_weight': 7, 'subsample': 0.6219658178383047, 'colsample_bytree': 0.8512632981325414}. Best is trial 120 with value: 0.8202320840823741.
[I 2025-04-08 20:15:08,738] Trial 137 finished with value: 0.8191838484802156 and parameters: {'max_depth': 16, 'learning_rate': 0.025727855420865524, 'n_estimators': 85, 'gamma': 0.1604096090612045, 'min_child_weight': 7, 'subsample': 0.5842456114658436, 'colsample_bytree': 0.8380978074308643}. Best is trial 120 with value: 0.8202320840823741.
[I 2025-04-08 20:15:10,960] Trial 138 finished with value: 0.8118474117888944 and parameters: {'max_depth': 17, 'learning_rate': 0.10398752037970799, 'n_estimators': 119, 'gamma': 0.08358019171589393, 'min_child_weight': 7, 'subsample': 0.6105644291060174, 'colsample_bytree': 0.8845168024060154}. Best is trial 120 with value: 0.8202320840823741.
[I 2025-04-08 20:15:13,483] Trial 139 finished with value: 0.8196870985711548 and parameters: {'max_depth': 15, 'learning_rate': 0.032638957136457036, 'n_estimators': 102, 'gamma': 0.14370708620123138, 'min_child_weight': 7, 'subsample': 0.6751223641570266, 'colsample_bytree': 0.8598099269591338}. Best is trial 120 with value: 0.8202320840823741.
[I 2025-04-08 20:15:15,594] Trial 140 finished with value: 0.8158720418373425 and parameters: {'max_depth': 15, 'learning_rate': 0.01442313620858645, 'n_estimators': 105, 'gamma': 0.14240115677345624, 'min_child_weight': 7, 'subsample': 0.6747795301504772, 'colsample_bytree': 0.8610122911515957}. Best is trial 120 with value: 0.8202320840823741.
[I 2025-04-08 20:15:17,755] Trial 141 finished with value: 0.8176748362653564 and parameters: {'max_depth': 15, 'learning_rate': 0.04179922460917337, 'n_estimators': 113, 'gamma': 0.12633270195854263, 'min_child_weight': 7, 'subsample': 0.6997513972447704, 'colsample_bytree': 0.8724211450528623}. Best is trial 120 with value: 0.8202320840823741.
[I 2025-04-08 20:15:19,697] Trial 142 finished with value: 0.8178843744343751 and parameters: {'max_depth': 14, 'learning_rate': 0.03066238504081717, 'n_estimators': 98, 'gamma': 0.09924239589315939, 'min_child_weight': 7, 'subsample': 0.6517120828762316, 'colsample_bytree': 0.8897058999823134}. Best is trial 120 with value: 0.8202320840823741.
[I 2025-04-08 20:15:21,790] Trial 143 finished with value: 0.8180099145785776 and parameters: {'max_depth': 16, 'learning_rate': 0.055426606242379856, 'n_estimators': 108, 'gamma': 0.11874640515127227, 'min_child_weight': 7, 'subsample': 0.687386802530983, 'colsample_bytree': 0.8464052419237141}. Best is trial 120 with value: 0.8202320840823741.
[I 2025-04-08 20:15:24,500] Trial 144 finished with value: 0.8181777349001249 and parameters: {'max_depth': 14, 'learning_rate': 0.03576362491768914, 'n_estimators': 122, 'gamma': 0.1088565775220969, 'min_child_weight': 7, 'subsample': 0.6393638315810687, 'colsample_bytree': 0.7352115880501663}. Best is trial 120 with value: 0.8202320840823741.
[I 2025-04-08 20:15:25,756] Trial 145 finished with value: 0.8193935096588942 and parameters: {'max_depth': 10, 'learning_rate': 0.06558764545048927, 'n_estimators': 92, 'gamma': 0.07976515179733992, 'min_child_weight': 7, 'subsample': 0.6656503756294995, 'colsample_bytree': 0.8288972115975946}. Best is trial 120 with value: 0.8202320840823741.
[I 2025-04-08 20:15:27,874] Trial 146 finished with value: 0.8189743103111968 and parameters: {'max_depth': 17, 'learning_rate': 0.04497483609457548, 'n_estimators': 100, 'gamma': 0.09108130908174941, 'min_child_weight': 7, 'subsample': 0.6786570364699391, 'colsample_bytree': 0.8565628671910802}. Best is trial 120 with value: 0.8202320840823741.
[I 2025-04-08 20:15:29,491] Trial 147 finished with value: 0.8184293950912117 and parameters: {'max_depth': 13, 'learning_rate': 0.024999416229283235, 'n_estimators': 83, 'gamma': 0.05169982730843739, 'min_child_weight': 7, 'subsample': 0.5653589573434662, 'colsample_bytree': 0.868842030180131}. Best is trial 120 with value: 0.8202320840823741.
[I 2025-04-08 20:15:31,295] Trial 148 finished with value: 0.8180941410499051 and parameters: {'max_depth': 12, 'learning_rate': 0.08753639691772307, 'n_estimators': 115, 'gamma': 0.130685668901185, 'min_child_weight': 7, 'subsample': 0.6272871650700673, 'colsample_bytree': 0.9112958739913839}. Best is trial 120 with value: 0.8202320840823741.
[I 2025-04-08 20:15:33,850] Trial 149 finished with value: 0.8081999469301182 and parameters: {'max_depth': 18, 'learning_rate': 0.010481717026117778, 'n_estimators': 91, 'gamma': 0.11176344851263373, 'min_child_weight': 7, 'subsample': 0.7045687434449502, 'colsample_bytree': 0.882782228359572}. Best is trial 120 with value: 0.8202320840823741.
[I 2025-04-08 20:15:35,703] Trial 150 finished with value: 0.8188483484195894 and parameters: {'max_depth': 15, 'learning_rate': 0.06055634706142569, 'n_estimators': 106, 'gamma': 0.067678309070326, 'min_child_weight': 7, 'subsample': 0.5436143236865953, 'colsample_bytree': 0.8409214226338433}. Best is trial 120 with value: 0.8202320840823741.
[I 2025-04-08 20:15:37,803] Trial 151 finished with value: 0.8181779106282103 and parameters: {'max_depth': 12, 'learning_rate': 0.03359725506770659, 'n_estimators': 126, 'gamma': 0.03303949135618126, 'min_child_weight': 6, 'subsample': 0.6930185493625405, 'colsample_bytree': 0.8758590457488084}. Best is trial 120 with value: 0.8202320840823741.
[I 2025-04-08 20:15:39,471] Trial 152 finished with value: 0.8189324518812571 and parameters: {'max_depth': 11, 'learning_rate': 0.045286819765310474, 'n_estimators': 101, 'gamma': 0.089259756178814, 'min_child_weight': 6, 'subsample': 0.6705030220275072, 'colsample_bytree': 0.8925454664796414}. Best is trial 120 with value: 0.8202320840823741.
