[I 2025-04-08 02:06:43,875] Trial 255 finished with value: 0.6675047314786992 and parameters: {'lambda_l1': 0.0003687677875265644, 'lambda_l2': 1.714694274300047, 'num_leaves': 36, 'feature_fraction': 0.961604189369072, 'bagging_fraction': 0.9146709680627741, 'bagging_freq': 3, 'min_child_samples': 5}. Best is trial 192 with value: 0.6699368433261108.
[I 2025-04-08 02:06:45,084] Trial 256 finished with value: 0.667085637567853 and parameters: {'lambda_l1': 0.0001344256006600852, 'lambda_l2': 2.9228408379463304, 'num_leaves': 33, 'feature_fraction': 0.942668218258134, 'bagging_fraction': 0.9060575659460709, 'bagging_freq': 4, 'min_child_samples': 2}. Best is trial 192 with value: 0.6699368433261108.
[I 2025-04-08 02:06:46,585] Trial 257 finished with value: 0.6654088050314465 and parameters: {'lambda_l1': 0.0004096790357068964, 'lambda_l2': 1.1574156048415414, 'num_leaves': 40, 'feature_fraction': 0.9572491415472764, 'bagging_fraction': 0.8786777965164744, 'bagging_freq': 3, 'min_child_samples': 9}. Best is trial 192 with value: 0.6699368433261108.
[I 2025-04-08 02:06:48,037] Trial 258 finished with value: 0.6701042243274447 and parameters: {'lambda_l1': 0.0002886776685448285, 'lambda_l2': 2.1474242330435485, 'num_leaves': 35, 'feature_fraction': 0.7769547212254899, 'bagging_fraction': 0.9154182665256066, 'bagging_freq': 4, 'min_child_samples': 11}. Best is trial 258 with value: 0.6701042243274447.
[I 2025-04-08 02:06:49,383] Trial 259 finished with value: 0.667882441425436 and parameters: {'lambda_l1': 0.0001575176862462984, 'lambda_l2': 1.878075324081467, 'num_leaves': 33, 'feature_fraction': 0.7771733980608502, 'bagging_fraction': 0.8979538964779489, 'bagging_freq': 4, 'min_child_samples': 7}. Best is trial 258 with value: 0.6701042243274447.
[I 2025-04-08 02:06:50,885] Trial 260 finished with value: 0.6657444281017325 and parameters: {'lambda_l1': 0.0002799477856606324, 'lambda_l2': 0.9696088261217538, 'num_leaves': 35, 'feature_fraction': 0.7579506354266687, 'bagging_fraction': 0.9161982682290644, 'bagging_freq': 5, 'min_child_samples': 87}. Best is trial 258 with value: 0.6701042243274447.
[I 2025-04-08 02:06:52,726] Trial 261 finished with value: 0.6672954217561913 and parameters: {'lambda_l1': 0.00044040135848195857, 'lambda_l2': 1.6582560023040622, 'num_leaves': 32, 'feature_fraction': 0.9433309733102001, 'bagging_fraction': 0.9073670391041803, 'bagging_freq': 4, 'min_child_samples': 11}. Best is trial 258 with value: 0.6701042243274447.
[I 2025-04-08 02:06:54,165] Trial 262 finished with value: 0.6677147441135485 and parameters: {'lambda_l1': 0.000775299287793942, 'lambda_l2': 4.0657457168396975, 'num_leaves': 35, 'feature_fraction': 0.9641616796446533, 'bagging_fraction': 0.9218733722883642, 'bagging_freq': 4, 'min_child_samples': 4}. Best is trial 258 with value: 0.6701042243274447.
[I 2025-04-08 02:06:55,442] Trial 263 finished with value: 0.6671276190074525 and parameters: {'lambda_l1': 0.0007146689926246228, 'lambda_l2': 0.7123089583632711, 'num_leaves': 31, 'feature_fraction': 0.930469305845864, 'bagging_fraction': 0.8924646815895991, 'bagging_freq': 4, 'min_child_samples': 8}. Best is trial 258 with value: 0.6701042243274447.
[I 2025-04-08 02:06:56,889] Trial 264 finished with value: 0.666121733873873 and parameters: {'lambda_l1': 0.00020883226873845127, 'lambda_l2': 1.2152138352191264, 'num_leaves': 39, 'feature_fraction': 0.9728104174783686, 'bagging_fraction': 0.9082694481409295, 'bagging_freq': 3, 'min_child_samples': 12}. Best is trial 258 with value: 0.6701042243274447.
[I 2025-04-08 02:06:58,592] Trial 265 finished with value: 0.666708349368521 and parameters: {'lambda_l1': 4.3226571514766777e-08, 'lambda_l2': 2.0317823513320525, 'num_leaves': 46, 'feature_fraction': 0.9510857288702544, 'bagging_fraction': 0.9178136506829908, 'bagging_freq': 5, 'min_child_samples': 6}. Best is trial 258 with value: 0.6701042243274447.
[I 2025-04-08 02:07:00,094] Trial 266 finished with value: 0.6487231070131321 and parameters: {'lambda_l1': 0.0004243661299395664, 'lambda_l2': 0.5397767813860512, 'num_leaves': 36, 'feature_fraction': 0.7407875572025143, 'bagging_fraction': 0.8999115330054779, 'bagging_freq': 4, 'min_child_samples': 11}. Best is trial 258 with value: 0.6701042243274447.
[I 2025-04-08 02:07:01,254] Trial 267 finished with value: 0.6679659474116131 and parameters: {'lambda_l1': 9.992648194893954e-05, 'lambda_l2': 4.0233568732692655, 'num_leaves': 31, 'feature_fraction': 0.7841134921672736, 'bagging_fraction': 0.848832852428172, 'bagging_freq': 5, 'min_child_samples': 2}. Best is trial 258 with value: 0.6701042243274447.
[I 2025-04-08 02:07:03,010] Trial 268 finished with value: 0.6661633990029189 and parameters: {'lambda_l1': 0.0002842496566781439, 'lambda_l2': 0.9287482782601173, 'num_leaves': 33, 'feature_fraction': 0.920794155264386, 'bagging_fraction': 0.8805888791468139, 'bagging_freq': 2, 'min_child_samples': 40}. Best is trial 258 with value: 0.6701042243274447.
[I 2025-04-08 02:07:04,404] Trial 269 finished with value: 0.6676726220914805 and parameters: {'lambda_l1': 0.0007685862917603239, 'lambda_l2': 2.0086154815538375, 'num_leaves': 42, 'feature_fraction': 0.9568445249118116, 'bagging_fraction': 0.9234245628881464, 'bagging_freq': 5, 'min_child_samples': 7}. Best is trial 258 with value: 0.6701042243274447.
[I 2025-04-08 02:07:05,688] Trial 270 finished with value: 0.6677145683854631 and parameters: {'lambda_l1': 0.0030815237817339563, 'lambda_l2': 3.012491844701271, 'num_leaves': 37, 'feature_fraction': 0.9818207075898462, 'bagging_fraction': 0.910739363279793, 'bagging_freq': 4, 'min_child_samples': 9}. Best is trial 258 with value: 0.6701042243274447.
[I 2025-04-08 02:07:06,854] Trial 271 finished with value: 0.6651578126070843 and parameters: {'lambda_l1': 0.0014706299427072864, 'lambda_l2': 1.2518661940340554, 'num_leaves': 30, 'feature_fraction': 0.7710232572787247, 'bagging_fraction': 0.7788209744938014, 'bagging_freq': 3, 'min_child_samples': 124}. Best is trial 258 with value: 0.6701042243274447.
[I 2025-04-08 02:07:08,275] Trial 272 finished with value: 0.6667086481062663 and parameters: {'lambda_l1': 0.0005557836739688944, 'lambda_l2': 0.003737396201141654, 'num_leaves': 34, 'feature_fraction': 0.9407256116158454, 'bagging_fraction': 0.9293424584557227, 'bagging_freq': 4, 'min_child_samples': 13}. Best is trial 258 with value: 0.6701042243274447.
[I 2025-04-08 02:07:10,150] Trial 273 finished with value: 0.6663732183368742 and parameters: {'lambda_l1': 0.00016448407377706568, 'lambda_l2': 0.764721053146686, 'num_leaves': 39, 'feature_fraction': 0.9652933667894235, 'bagging_fraction': 0.8904262765686433, 'bagging_freq': 5, 'min_child_samples': 4}. Best is trial 258 with value: 0.6701042243274447.
[I 2025-04-08 02:07:11,472] Trial 274 finished with value: 0.6688886077239523 and parameters: {'lambda_l1': 4.4834420413953783e-07, 'lambda_l2': 0.4952996261930858, 'num_leaves': 31, 'feature_fraction': 0.9515821995041142, 'bagging_fraction': 0.9007509967060944, 'bagging_freq': 3, 'min_child_samples': 10}. Best is trial 258 with value: 0.6701042243274447.
[I 2025-04-08 02:07:13,321] Trial 275 finished with value: 0.6638997049525447 and parameters: {'lambda_l1': 3.675987582571122e-07, 'lambda_l2': 0.5662721066180977, 'num_leaves': 30, 'feature_fraction': 0.9313973016489391, 'bagging_fraction': 0.9412168651390929, 'bagging_freq': 2, 'min_child_samples': 99}. Best is trial 258 with value: 0.6701042243274447.
[I 2025-04-08 02:07:15,115] Trial 276 finished with value: 0.6653672453392518 and parameters: {'lambda_l1': 1.4757423341435165e-07, 'lambda_l2': 0.40674741418230403, 'num_leaves': 35, 'feature_fraction': 0.9459980670413021, 'bagging_fraction': 0.6517823992572878, 'bagging_freq': 3, 'min_child_samples': 7}. Best is trial 258 with value: 0.6701042243274447.
[I 2025-04-08 02:07:16,424] Trial 277 finished with value: 0.6678823711342018 and parameters: {'lambda_l1': 6.170376682402842e-07, 'lambda_l2': 0.7799224321525385, 'num_leaves': 31, 'feature_fraction': 0.9541705085750029, 'bagging_fraction': 0.8727660006804383, 'bagging_freq': 3, 'min_child_samples': 12}. Best is trial 258 with value: 0.6701042243274447.
[I 2025-04-08 02:07:17,645] Trial 278 finished with value: 0.6510290109496171 and parameters: {'lambda_l1': 3.9545414624562665e-07, 'lambda_l2': 0.4670075899978807, 'num_leaves': 28, 'feature_fraction': 0.707093342505978, 'bagging_fraction': 0.9179747135443215, 'bagging_freq': 3, 'min_child_samples': 5}. Best is trial 258 with value: 0.6701042243274447.
[I 2025-04-08 02:07:21,188] Trial 279 finished with value: 0.653712765415307 and parameters: {'lambda_l1': 0.0009937927689944726, 'lambda_l2': 1.1872588880817296, 'num_leaves': 122, 'feature_fraction': 0.9356599463293914, 'bagging_fraction': 0.5181184566913104, 'bagging_freq': 3, 'min_child_samples': 9}. Best is trial 258 with value: 0.6701042243274447.
[I 2025-04-08 02:07:22,464] Trial 280 finished with value: 0.6675891512509203 and parameters: {'lambda_l1': 0.00027393012369340136, 'lambda_l2': 4.918733591993129, 'num_leaves': 36, 'feature_fraction': 0.9164223477805931, 'bagging_fraction': 0.8953357534346773, 'bagging_freq': 5, 'min_child_samples': 13}. Best is trial 258 with value: 0.6701042243274447.
[I 2025-04-08 02:07:25,225] Trial 281 finished with value: 0.6650312180943694 and parameters: {'lambda_l1': 0.00044885104360157553, 'lambda_l2': 2.752075483067095, 'num_leaves': 84, 'feature_fraction': 0.9807850151898685, 'bagging_fraction': 0.9308451895221139, 'bagging_freq': 4, 'min_child_samples': 8}. Best is trial 258 with value: 0.6701042243274447.
[I 2025-04-08 02:07:26,380] Trial 282 finished with value: 0.6684272512085699 and parameters: {'lambda_l1': 0.0018656059213643895, 'lambda_l2': 1.1515859646262778, 'num_leaves': 31, 'feature_fraction': 0.9587160624559282, 'bagging_fraction': 0.9412935893597404, 'bagging_freq': 3, 'min_child_samples': 4}. Best is trial 258 with value: 0.6701042243274447.
[I 2025-04-08 02:07:27,747] Trial 283 finished with value: 0.6665827037874674 and parameters: {'lambda_l1': 0.0032963543496336563, 'lambda_l2': 0.41006189855377523, 'num_leaves': 38, 'feature_fraction': 0.9078640123342593, 'bagging_fraction': 0.8147228045810999, 'bagging_freq': 3, 'min_child_samples': 4}. Best is trial 258 with value: 0.6701042243274447.
[I 2025-04-08 02:07:29,297] Trial 284 finished with value: 0.6670855497038103 and parameters: {'lambda_l1': 0.0021819879782805493, 'lambda_l2': 0.728415177002814, 'num_leaves': 41, 'feature_fraction': 0.946828447186904, 'bagging_fraction': 0.9246912369769441, 'bagging_freq': 3, 'min_child_samples': 2}. Best is trial 258 with value: 0.6701042243274447.
[I 2025-04-08 02:07:30,614] Trial 285 finished with value: 0.6664569351967541 and parameters: {'lambda_l1': 0.0013800866915456046, 'lambda_l2': 1.1407495798797995, 'num_leaves': 32, 'feature_fraction': 0.9578899717874256, 'bagging_fraction': 0.9421444208080192, 'bagging_freq': 3, 'min_child_samples': 6}. Best is trial 258 with value: 0.6701042243274447.
[I 2025-04-08 02:07:32,027] Trial 286 finished with value: 0.6658281449616122 and parameters: {'lambda_l1': 0.0008788903910780445, 'lambda_l2': 0.0009923937924619557, 'num_leaves': 44, 'feature_fraction': 0.9275819368856442, 'bagging_fraction': 0.9118302454575264, 'bagging_freq': 2, 'min_child_samples': 4}. Best is trial 258 with value: 0.6701042243274447.
[I 2025-04-08 02:07:33,055] Trial 287 finished with value: 0.6633546315772827 and parameters: {'lambda_l1': 1.0455865271119769e-07, 'lambda_l2': 0.25479224008425766, 'num_leaves': 28, 'feature_fraction': 0.945644289718255, 'bagging_fraction': 0.46899656420014707, 'bagging_freq': 6, 'min_child_samples': 8}. Best is trial 258 with value: 0.6701042243274447.
[I 2025-04-08 02:07:34,868] Trial 288 finished with value: 0.6665408453575276 and parameters: {'lambda_l1': 0.002150994716988174, 'lambda_l2': 0.5841447276443453, 'num_leaves': 35, 'feature_fraction': 0.9605245177340118, 'bagging_fraction': 0.5792846362132194, 'bagging_freq': 2, 'min_child_samples': 6}. Best is trial 258 with value: 0.6701042243274447.
[I 2025-04-08 02:07:36,513] Trial 289 finished with value: 0.6683016583459419 and parameters: {'lambda_l1': 5.705607651137248e-07, 'lambda_l2': 2.4607589290768104, 'num_leaves': 32, 'feature_fraction': 0.9882366069692021, 'bagging_fraction': 0.9012080433183584, 'bagging_freq': 3, 'min_child_samples': 2}. Best is trial 258 with value: 0.6701042243274447.
[I 2025-04-08 02:07:37,868] Trial 290 finished with value: 0.6677563740969774 and parameters: {'lambda_l1': 2.637404001656159e-07, 'lambda_l2': 1.1975655168896022, 'num_leaves': 33, 'feature_fraction': 0.9937130306255534, 'bagging_fraction': 0.8846210374874063, 'bagging_freq': 5, 'min_child_samples': 2}. Best is trial 258 with value: 0.6701042243274447.
[I 2025-04-08 02:07:39,488] Trial 291 finished with value: 0.668217642748317 and parameters: {'lambda_l1': 5.370097811910843e-07, 'lambda_l2': 2.0880617216360515, 'num_leaves': 38, 'feature_fraction': 0.9827067092668412, 'bagging_fraction': 0.8991966800521587, 'bagging_freq': 3, 'min_child_samples': 2}. Best is trial 258 with value: 0.6701042243274447.
[I 2025-04-08 02:07:40,642] Trial 292 finished with value: 0.6655766780714194 and parameters: {'lambda_l1': 3.082314823435231e-07, 'lambda_l2': 8.157153299124784e-08, 'num_leaves': 31, 'feature_fraction': 0.9872508990273863, 'bagging_fraction': 0.859086988644425, 'bagging_freq': 5, 'min_child_samples': 5}. Best is trial 258 with value: 0.6701042243274447.
[I 2025-04-08 02:07:41,836] Trial 293 finished with value: 0.6663312720428918 and parameters: {'lambda_l1': 6.517146085241352e-07, 'lambda_l2': 0.38273031310249844, 'num_leaves': 35, 'feature_fraction': 0.9718069875707078, 'bagging_fraction': 0.9042025301711517, 'bagging_freq': 4, 'min_child_samples': 4}. Best is trial 258 with value: 0.6701042243274447.
[I 2025-04-08 02:07:43,259] Trial 294 finished with value: 0.6676305000694126 and parameters: {'lambda_l1': 1.1052889322647756e-06, 'lambda_l2': 0.9215215393743006, 'num_leaves': 29, 'feature_fraction': 0.9546922300653273, 'bagging_fraction': 0.8873126810067595, 'bagging_freq': 3, 'min_child_samples': 8}. Best is trial 258 with value: 0.6701042243274447.
[I 2025-04-08 02:07:45,224] Trial 295 finished with value: 0.6509032072132864 and parameters: {'lambda_l1': 0.0003246822705363304, 'lambda_l2': 4.502459315640297, 'num_leaves': 33, 'feature_fraction': 0.7309504221235387, 'bagging_fraction': 0.9162542834661475, 'bagging_freq': 5, 'min_child_samples': 57}. Best is trial 258 with value: 0.6701042243274447.
[I 2025-04-08 02:07:46,638] Trial 296 finished with value: 0.6667920662284009 and parameters: {'lambda_l1': 8.049459259606964e-07, 'lambda_l2': 0.0003941896592329229, 'num_leaves': 40, 'feature_fraction': 0.9385526673672312, 'bagging_fraction': 0.9278241737435503, 'bagging_freq': 4, 'min_child_samples': 10}. Best is trial 258 with value: 0.6701042243274447.
[I 2025-04-08 02:07:47,923] Trial 297 finished with value: 0.6667922595292948 and parameters: {'lambda_l1': 0.0002000818819193634, 'lambda_l2': 2.6950435766662504, 'num_leaves': 37, 'feature_fraction': 0.9774760575610857, 'bagging_fraction': 0.8714007943470242, 'bagging_freq': 6, 'min_child_samples': 6}. Best is trial 258 with value: 0.6701042243274447.
[I 2025-04-08 02:07:49,087] Trial 298 finished with value: 0.667547011656044 and parameters: {'lambda_l1': 1.7535807806685342e-07, 'lambda_l2': 0.12155272637900619, 'num_leaves': 31, 'feature_fraction': 0.9655295707112609, 'bagging_fraction': 0.9020847752029852, 'bagging_freq': 3, 'min_child_samples': 34}. Best is trial 258 with value: 0.6701042243274447.
[I 2025-04-08 02:07:50,409] Trial 299 finished with value: 0.6664150767668141 and parameters: {'lambda_l1': 0.005871670009784414, 'lambda_l2': 0.6910501723231179, 'num_leaves': 29, 'feature_fraction': 0.9897422242656247, 'bagging_fraction': 0.9356026211303177, 'bagging_freq': 2, 'min_child_samples': 10}. Best is trial 258 with value: 0.6701042243274447.
[I 2025-04-08 02:07:51,771] Trial 300 finished with value: 0.6705654402603588 and parameters: {'lambda_l1': 0.0016262127903741025, 'lambda_l2': 1.4583250595876007, 'num_leaves': 34, 'feature_fraction': 0.9484492906472115, 'bagging_fraction': 0.9189610923884973, 'bagging_freq': 4, 'min_child_samples': 2}. Best is trial 300 with value: 0.6705654402603588.
[I 2025-04-08 02:07:53,182] Trial 301 finished with value: 0.667462960912802 and parameters: {'lambda_l1': 0.0014379851551674131, 'lambda_l2': 1.667475401804976, 'num_leaves': 35, 'feature_fraction': 0.9172615603080658, 'bagging_fraction': 0.8920337675473807, 'bagging_freq': 5, 'min_child_samples': 2}. Best is trial 300 with value: 0.6705654402603588.
[I 2025-04-08 02:07:54,668] Trial 302 finished with value: 0.6688885725783351 and parameters: {'lambda_l1': 0.0037305544949332776, 'lambda_l2': 3.0589335439267313, 'num_leaves': 38, 'feature_fraction': 0.9404215201394617, 'bagging_fraction': 0.9127958915900236, 'bagging_freq': 4, 'min_child_samples': 5}. Best is trial 300 with value: 0.6705654402603588.
[I 2025-04-08 02:07:56,640] Trial 303 finished with value: 0.6675049599252101 and parameters: {'lambda_l1': 0.0046567823229991005, 'lambda_l2': 5.319860381344792, 'num_leaves': 44, 'feature_fraction': 0.9312483721240774, 'bagging_fraction': 0.9217952467266662, 'bagging_freq': 4, 'min_child_samples': 4}. Best is trial 300 with value: 0.6705654402603588.
[I 2025-04-08 02:07:57,876] Trial 304 finished with value: 0.6654088050314466 and parameters: {'lambda_l1': 0.0029653535437533613, 'lambda_l2': 0.3174561583651804, 'num_leaves': 37, 'feature_fraction': 0.9438552831595012, 'bagging_fraction': 0.8309597246690286, 'bagging_freq': 4, 'min_child_samples': 6}. Best is trial 300 with value: 0.6705654402603588.
[I 2025-04-08 02:07:59,224] Trial 305 finished with value: 0.6679244228650356 and parameters: {'lambda_l1': 0.004401270286313395, 'lambda_l2': 1.3464034662740576, 'num_leaves': 40, 'feature_fraction': 0.9281816033081244, 'bagging_fraction': 0.9149961568473689, 'bagging_freq': 5, 'min_child_samples': 7}. Best is trial 300 with value: 0.6705654402603588.
[I 2025-04-08 02:08:00,726] Trial 306 finished with value: 0.6671276190074527 and parameters: {'lambda_l1': 0.0022390401745424294, 'lambda_l2': 0.1845924142518343, 'num_leaves': 42, 'feature_fraction': 0.9493839407245048, 'bagging_fraction': 0.9123847039255758, 'bagging_freq': 4, 'min_child_samples': 5}. Best is trial 300 with value: 0.6705654402603588.
[I 2025-04-08 02:08:01,922] Trial 307 finished with value: 0.6656601664847882 and parameters: {'lambda_l1': 0.008933922603577218, 'lambda_l2': 3.85346214095181e-06, 'num_leaves': 34, 'feature_fraction': 0.9369663208192802, 'bagging_fraction': 0.9255817455484702, 'bagging_freq': 4, 'min_child_samples': 8}. Best is trial 300 with value: 0.6705654402603588.
[I 2025-04-08 02:08:03,858] Trial 308 finished with value: 0.6476334698740557 and parameters: {'lambda_l1': 0.0011046526216458073, 'lambda_l2': 0.7080516403752126, 'num_leaves': 61, 'feature_fraction': 0.547713483069646, 'bagging_fraction': 0.9079620109061424, 'bagging_freq': 4, 'min_child_samples': 12}. Best is trial 300 with value: 0.6705654402603588.
[I 2025-04-08 02:08:05,270] Trial 309 finished with value: 0.649561804446272 and parameters: {'lambda_l1': 0.0015352271498441884, 'lambda_l2': 2.8083768904464277, 'num_leaves': 39, 'feature_fraction': 0.6570775624223797, 'bagging_fraction': 0.8825708082790645, 'bagging_freq': 5, 'min_child_samples': 8}. Best is trial 300 with value: 0.6705654402603588.
[I 2025-04-08 02:08:07,297] Trial 310 finished with value: 0.6653667533006128 and parameters: {'lambda_l1': 0.000773004343550717, 'lambda_l2': 0.47742606100816676, 'num_leaves': 47, 'feature_fraction': 0.9592272563677623, 'bagging_fraction': 0.9418044221742771, 'bagging_freq': 5, 'min_child_samples': 5}. Best is trial 300 with value: 0.6705654402603588.
[I 2025-04-08 02:08:08,564] Trial 311 finished with value: 0.6662055210249868 and parameters: {'lambda_l1': 0.0031308607125663107, 'lambda_l2': 1.4562259848515813, 'num_leaves': 37, 'feature_fraction': 0.8898699210661927, 'bagging_fraction': 0.9204087662951883, 'bagging_freq': 4, 'min_child_samples': 70}. Best is trial 300 with value: 0.6705654402603588.
[I 2025-04-08 02:08:09,912] Trial 312 finished with value: 0.6685114952527058 and parameters: {'lambda_l1': 0.0008161456915748186, 'lambda_l2': 4.118210818767271, 'num_leaves': 34, 'feature_fraction': 0.9033821259814124, 'bagging_fraction': 0.8949657907452627, 'bagging_freq': 4, 'min_child_samples': 10}. Best is trial 300 with value: 0.6705654402603588.
[I 2025-04-08 02:08:11,300] Trial 313 finished with value: 0.6677982149541086 and parameters: {'lambda_l1': 0.0009587159560029572, 'lambda_l2': 4.364528009348912, 'num_leaves': 35, 'feature_fraction': 0.9088884513479397, 'bagging_fraction': 0.8716382602721163, 'bagging_freq': 5, 'min_child_samples': 4}. Best is trial 300 with value: 0.6705654402603588.
[I 2025-04-08 02:08:12,778] Trial 314 finished with value: 0.6677148671232083 and parameters: {'lambda_l1': 0.001772532677130752, 'lambda_l2': 6.059880386893231, 'num_leaves': 41, 'feature_fraction': 0.9196716917482354, 'bagging_fraction': 0.8906625463415889, 'bagging_freq': 4, 'min_child_samples': 9}. Best is trial 300 with value: 0.6705654402603588.
[I 2025-04-08 02:08:14,056] Trial 315 finished with value: 0.667798425827811 and parameters: {'lambda_l1': 0.0006571175219603372, 'lambda_l2': 3.701933691917131, 'num_leaves': 38, 'feature_fraction': 0.9248684871693922, 'bagging_fraction': 0.968706300292222, 'bagging_freq': 8, 'min_child_samples': 14}. Best is trial 300 with value: 0.6705654402603588.
