[I 2025-04-08 20:06:36,495] Trial 90 finished with value: 0.8058525711654815 and parameters: {'max_depth': 18, 'learning_rate': 0.0037798811710931693, 'n_estimators': 222, 'gamma': 0.32602512910843023, 'min_child_weight': 6, 'subsample': 0.6315116848025081, 'colsample_bytree': 0.8517598667520084}. Best is trial 23 with value: 0.8210289406583827.
[I 2025-04-08 20:06:41,838] Trial 91 finished with value: 0.8193517742386142 and parameters: {'max_depth': 13, 'learning_rate': 0.015256910413945973, 'n_estimators': 287, 'gamma': 0.3796769984510725, 'min_child_weight': 5, 'subsample': 0.7050752327269089, 'colsample_bytree': 0.7926928946111775}. Best is trial 23 with value: 0.8210289406583827.
[I 2025-04-08 20:06:45,822] Trial 92 finished with value: 0.8197290800107545 and parameters: {'max_depth': 11, 'learning_rate': 0.012027998235158772, 'n_estimators': 261, 'gamma': 0.4331594430244659, 'min_child_weight': 5, 'subsample': 0.7063364208246692, 'colsample_bytree': 0.8049458767567349}. Best is trial 23 with value: 0.8210289406583827.
[I 2025-04-08 20:06:50,655] Trial 93 finished with value: 0.8195612421163988 and parameters: {'max_depth': 14, 'learning_rate': 0.02135946975974665, 'n_estimators': 282, 'gamma': 0.35937183903881603, 'min_child_weight': 6, 'subsample': 0.7175949432577733, 'colsample_bytree': 0.7710074198712114}. Best is trial 23 with value: 0.8210289406583827.
[I 2025-04-08 20:06:55,142] Trial 94 finished with value: 0.8188905758785087 and parameters: {'max_depth': 12, 'learning_rate': 0.0343753663947261, 'n_estimators': 292, 'gamma': 0.04225803578560572, 'min_child_weight': 7, 'subsample': 0.6893103520716506, 'colsample_bytree': 0.8169669656006381}. Best is trial 23 with value: 0.8210289406583827.
[I 2025-04-08 20:06:57,798] Trial 95 finished with value: 0.8045110278159985 and parameters: {'max_depth': 16, 'learning_rate': 0.007570459209172942, 'n_estimators': 113, 'gamma': 0.4600160030886079, 'min_child_weight': 6, 'subsample': 0.7743917206256415, 'colsample_bytree': 0.7615792050574546}. Best is trial 23 with value: 0.8210289406583827.
[I 2025-04-08 20:07:03,771] Trial 96 finished with value: 0.8206096007282172 and parameters: {'max_depth': 15, 'learning_rate': 0.00994661660985827, 'n_estimators': 272, 'gamma': 0.23988262451632075, 'min_child_weight': 7, 'subsample': 0.7536547270040368, 'colsample_bytree': 0.9070963580957232}. Best is trial 23 with value: 0.8210289406583827.
[I 2025-04-08 20:07:09,261] Trial 97 finished with value: 0.8201483496496861 and parameters: {'max_depth': 15, 'learning_rate': 0.009388176447997979, 'n_estimators': 244, 'gamma': 0.23915727783142116, 'min_child_weight': 7, 'subsample': 0.7257303182608056, 'colsample_bytree': 0.9106241418640352}. Best is trial 23 with value: 0.8210289406583827.
[I 2025-04-08 20:07:14,636] Trial 98 finished with value: 0.8202322070920343 and parameters: {'max_depth': 15, 'learning_rate': 0.009677230811267777, 'n_estimators': 239, 'gamma': 0.23995902858034288, 'min_child_weight': 7, 'subsample': 0.7526704996693792, 'colsample_bytree': 0.9081250757453978}. Best is trial 23 with value: 0.8210289406583827.
[I 2025-04-08 20:07:19,663] Trial 99 finished with value: 0.8193519499666996 and parameters: {'max_depth': 15, 'learning_rate': 0.00987977889708487, 'n_estimators': 242, 'gamma': 0.20453996487089968, 'min_child_weight': 7, 'subsample': 0.8064231493554384, 'colsample_bytree': 0.9478733098999053}. Best is trial 23 with value: 0.8210289406583827.
[I 2025-04-08 20:07:24,738] Trial 100 finished with value: 0.8157464138290974 and parameters: {'max_depth': 15, 'learning_rate': 0.005638482468312876, 'n_estimators': 228, 'gamma': 0.24337492614521972, 'min_child_weight': 7, 'subsample': 0.737992939761333, 'colsample_bytree': 0.9572314488649634}. Best is trial 23 with value: 0.8210289406583827.
[I 2025-04-08 20:07:29,928] Trial 101 finished with value: 0.8203999395495387 and parameters: {'max_depth': 17, 'learning_rate': 0.01048418499760605, 'n_estimators': 237, 'gamma': 0.16916795732012174, 'min_child_weight': 7, 'subsample': 0.7552275278016994, 'colsample_bytree': 0.9106846826244255}. Best is trial 23 with value: 0.8210289406583827.
[I 2025-04-08 20:07:35,073] Trial 102 finished with value: 0.81448864005792 and parameters: {'max_depth': 14, 'learning_rate': 0.005024373717968393, 'n_estimators': 234, 'gamma': 0.1701406538385502, 'min_child_weight': 7, 'subsample': 0.7597651814598273, 'colsample_bytree': 0.9137748646486099}. Best is trial 23 with value: 0.8210289406583827.
[I 2025-04-08 20:07:40,280] Trial 103 finished with value: 0.8202322246648427 and parameters: {'max_depth': 16, 'learning_rate': 0.009891400585852217, 'n_estimators': 245, 'gamma': 0.10603882828571949, 'min_child_weight': 7, 'subsample': 0.7488814114789828, 'colsample_bytree': 0.8949029258374642}. Best is trial 23 with value: 0.8210289406583827.
[I 2025-04-08 20:07:46,179] Trial 104 finished with value: 0.8188487701669944 and parameters: {'max_depth': 16, 'learning_rate': 0.006740451412037422, 'n_estimators': 253, 'gamma': 0.0805569691669922, 'min_child_weight': 7, 'subsample': 0.7545167208070263, 'colsample_bytree': 0.9314151054562068}. Best is trial 23 with value: 0.8210289406583827.
[I 2025-04-08 20:07:51,033] Trial 105 finished with value: 0.8185970045390564 and parameters: {'max_depth': 19, 'learning_rate': 0.02618088875639441, 'n_estimators': 220, 'gamma': 0.13675491191353717, 'min_child_weight': 7, 'subsample': 0.7746497595013914, 'colsample_bytree': 0.9771273607141078}. Best is trial 23 with value: 0.8210289406583827.
[I 2025-04-08 20:07:56,549] Trial 106 finished with value: 0.8206515118765827 and parameters: {'max_depth': 16, 'learning_rate': 0.012038204038490012, 'n_estimators': 239, 'gamma': 0.04831788143110876, 'min_child_weight': 7, 'subsample': 0.7865620044754207, 'colsample_bytree': 0.8930148349894483}. Best is trial 23 with value: 0.8210289406583827.
[I 2025-04-08 20:08:02,243] Trial 107 finished with value: 0.8026663925308535 and parameters: {'max_depth': 18, 'learning_rate': 0.003109371236147096, 'n_estimators': 247, 'gamma': 0.10861604485863352, 'min_child_weight': 7, 'subsample': 0.7919170808087024, 'colsample_bytree': 0.8934969939127592}. Best is trial 23 with value: 0.8210289406583827.
[I 2025-04-08 20:08:08,148] Trial 108 finished with value: 0.8198968827594934 and parameters: {'max_depth': 16, 'learning_rate': 0.011699178579011184, 'n_estimators': 233, 'gamma': 0.022517622574701524, 'min_child_weight': 7, 'subsample': 0.8253593016084669, 'colsample_bytree': 0.8689960235993385}. Best is trial 23 with value: 0.8210289406583827.
[I 2025-04-08 20:08:13,542] Trial 109 finished with value: 0.818722808275387 and parameters: {'max_depth': 17, 'learning_rate': 0.02239846879816431, 'n_estimators': 268, 'gamma': 0.054158010975843635, 'min_child_weight': 7, 'subsample': 0.846630830544317, 'colsample_bytree': 0.8812196301651455}. Best is trial 23 with value: 0.8210289406583827.
[I 2025-04-08 20:08:20,526] Trial 110 finished with value: 0.7937785755832854 and parameters: {'max_depth': 19, 'learning_rate': 0.0022451452557090343, 'n_estimators': 273, 'gamma': 0.10773869981297206, 'min_child_weight': 7, 'subsample': 0.815367959284433, 'colsample_bytree': 0.9233690486795929}. Best is trial 23 with value: 0.8210289406583827.
[I 2025-04-08 20:08:25,794] Trial 111 finished with value: 0.8194774725380934 and parameters: {'max_depth': 17, 'learning_rate': 0.009441341931076085, 'n_estimators': 225, 'gamma': 0.07509443657173277, 'min_child_weight': 7, 'subsample': 0.7493574402821684, 'colsample_bytree': 0.8889648661185692}. Best is trial 23 with value: 0.8210289406583827.
[I 2025-04-08 20:08:30,966] Trial 112 finished with value: 0.8183035562092641 and parameters: {'max_depth': 15, 'learning_rate': 0.007404496570672615, 'n_estimators': 239, 'gamma': 0.2188635803998669, 'min_child_weight': 7, 'subsample': 0.782884571672336, 'colsample_bytree': 0.861971351056418}. Best is trial 23 with value: 0.8210289406583827.
[I 2025-04-08 20:08:34,903] Trial 113 finished with value: 0.819854883747085 and parameters: {'max_depth': 14, 'learning_rate': 0.013923743254816994, 'n_estimators': 207, 'gamma': 0.1527834262618789, 'min_child_weight': 7, 'subsample': 0.7661739830671925, 'colsample_bytree': 0.8943818241179127}. Best is trial 23 with value: 0.8210289406583827.
[I 2025-04-08 20:08:41,624] Trial 114 finished with value: 0.8154947184923935 and parameters: {'max_depth': 31, 'learning_rate': 0.04083609715471262, 'n_estimators': 250, 'gamma': 0.05639338890847054, 'min_child_weight': 7, 'subsample': 0.792728961157617, 'colsample_bytree': 0.9419421745561697}. Best is trial 23 with value: 0.8210289406583827.
[I 2025-04-08 20:08:47,349] Trial 115 finished with value: 0.812769861227531 and parameters: {'max_depth': 18, 'learning_rate': 0.004774782221008287, 'n_estimators': 230, 'gamma': 0.17634366922362865, 'min_child_weight': 7, 'subsample': 0.7408831726190311, 'colsample_bytree': 0.8727848855898478}. Best is trial 23 with value: 0.8210289406583827.
[I 2025-04-08 20:08:52,178] Trial 116 finished with value: 0.8195614354172926 and parameters: {'max_depth': 16, 'learning_rate': 0.010796315608906228, 'n_estimators': 217, 'gamma': 0.1994302336892893, 'min_child_weight': 7, 'subsample': 0.7594265712802042, 'colsample_bytree': 0.8456558797971784}. Best is trial 23 with value: 0.8210289406583827.
[I 2025-04-08 20:08:58,049] Trial 117 finished with value: 0.819435561389728 and parameters: {'max_depth': 20, 'learning_rate': 0.020048040487500397, 'n_estimators': 238, 'gamma': 0.22184203018361998, 'min_child_weight': 7, 'subsample': 0.8030409026055298, 'colsample_bytree': 0.9012211646502244}. Best is trial 23 with value: 0.8210289406583827.
[I 2025-04-08 20:09:01,818] Trial 118 finished with value: 0.8191840593539181 and parameters: {'max_depth': 12, 'learning_rate': 0.03079540823266211, 'n_estimators': 246, 'gamma': 0.5208352072308502, 'min_child_weight': 7, 'subsample': 0.7258051123875786, 'colsample_bytree': 0.9247070891655473}. Best is trial 23 with value: 0.8210289406583827.
[I 2025-04-08 20:09:07,867] Trial 119 finished with value: 0.818806700863352 and parameters: {'max_depth': 16, 'learning_rate': 0.006539913968611229, 'n_estimators': 264, 'gamma': 0.04652856844490923, 'min_child_weight': 7, 'subsample': 0.7794915818887033, 'colsample_bytree': 0.837755536904989}. Best is trial 23 with value: 0.8210289406583827.
[I 2025-04-08 20:09:11,053] Trial 120 finished with value: 0.8056010867024801 and parameters: {'max_depth': 9, 'learning_rate': 0.003621617701565249, 'n_estimators': 258, 'gamma': 0.2636094373860965, 'min_child_weight': 6, 'subsample': 0.7692275913111585, 'colsample_bytree': 0.8780332314207809}. Best is trial 23 with value: 0.8210289406583827.
[I 2025-04-08 20:09:16,250] Trial 121 finished with value: 0.8194356316809621 and parameters: {'max_depth': 15, 'learning_rate': 0.008759793533156365, 'n_estimators': 245, 'gamma': 0.23643070958864937, 'min_child_weight': 7, 'subsample': 0.7259923095310883, 'colsample_bytree': 0.9138586538734739}. Best is trial 23 with value: 0.8210289406583827.
[I 2025-04-08 20:09:21,288] Trial 122 finished with value: 0.8194776834117959 and parameters: {'max_depth': 13, 'learning_rate': 0.010345138503617339, 'n_estimators': 242, 'gamma': 0.2794103867796989, 'min_child_weight': 7, 'subsample': 0.7443398570793192, 'colsample_bytree': 0.9092098451062814}. Best is trial 23 with value: 0.8210289406583827.
[I 2025-04-08 20:09:25,893] Trial 123 finished with value: 0.8208610676184099 and parameters: {'max_depth': 15, 'learning_rate': 0.013251337788226581, 'n_estimators': 231, 'gamma': 0.21029661651710568, 'min_child_weight': 7, 'subsample': 0.7162131299867178, 'colsample_bytree': 0.9006282561501767}. Best is trial 23 with value: 0.8210289406583827.
[I 2025-04-08 20:09:30,651] Trial 124 finished with value: 0.820274135813208 and parameters: {'max_depth': 17, 'learning_rate': 0.015647267832205738, 'n_estimators': 201, 'gamma': 0.16281856682831355, 'min_child_weight': 7, 'subsample': 0.7339478881537289, 'colsample_bytree': 0.8521220298373144}. Best is trial 23 with value: 0.8210289406583827.
[I 2025-04-08 20:09:35,413] Trial 125 finished with value: 0.8201483847953032 and parameters: {'max_depth': 17, 'learning_rate': 0.015718922287040023, 'n_estimators': 224, 'gamma': 0.1845458997780006, 'min_child_weight': 7, 'subsample': 0.7196894261343781, 'colsample_bytree': 0.8508812099255844}. Best is trial 23 with value: 0.8210289406583827.
[I 2025-04-08 20:09:35,719] A new study created in RDB with name: xgboost-num_features-9
[I 2025-04-08 20:09:37,932] Trial 0 finished with value: 0.8194356316809621 and parameters: {'max_depth': 11, 'learning_rate': 0.03994443326335789, 'n_estimators': 160, 'gamma': 0.06206795139716165, 'min_child_weight': 6, 'subsample': 0.6971152709713722, 'colsample_bytree': 0.8706864099611621}. Best is trial 0 with value: 0.8194356316809621.
[I 2025-04-08 20:09:42,797] Trial 1 finished with value: 0.6377394866279713 and parameters: {'max_depth': 15, 'learning_rate': 0.0007106327504742832, 'n_estimators': 236, 'gamma': 0.5935933341244037, 'min_child_weight': 6, 'subsample': 0.815658077317794, 'colsample_bytree': 0.8580501573075292}. Best is trial 0 with value: 0.8194356316809621.
[I 2025-04-08 20:09:44,451] Trial 2 finished with value: 0.6377394866279713 and parameters: {'max_depth': 15, 'learning_rate': 1.3637567377049333e-05, 'n_estimators': 69, 'gamma': 0.42896034196081845, 'min_child_weight': 4, 'subsample': 0.9334158152207302, 'colsample_bytree': 0.7797205886575762}. Best is trial 0 with value: 0.8194356316809621.
[I 2025-04-08 20:09:46,489] Trial 3 finished with value: 0.6377394866279713 and parameters: {'max_depth': 7, 'learning_rate': 8.410202149955733e-05, 'n_estimators': 234, 'gamma': 0.17718274732411193, 'min_child_weight': 4, 'subsample': 0.543586957031629, 'colsample_bytree': 0.522902919375948}. Best is trial 0 with value: 0.8194356316809621.
[I 2025-04-08 20:09:52,103] Trial 4 finished with value: 0.8141951038640849 and parameters: {'max_depth': 14, 'learning_rate': 0.005245114965070264, 'n_estimators': 250, 'gamma': 0.27284882948990913, 'min_child_weight': 5, 'subsample': 0.8185643773503423, 'colsample_bytree': 0.834691792554223}. Best is trial 0 with value: 0.8194356316809621.
[I 2025-04-08 20:09:53,384] Trial 5 finished with value: 0.7799436088573983 and parameters: {'max_depth': 5, 'learning_rate': 0.9803842440548215, 'n_estimators': 182, 'gamma': 0.35081566875176023, 'min_child_weight': 6, 'subsample': 0.7447517746273166, 'colsample_bytree': 0.9025020546955702}. Best is trial 0 with value: 0.8194356316809621.
[I 2025-04-08 20:09:54,829] Trial 6 finished with value: 0.6377394866279713 and parameters: {'max_depth': 11, 'learning_rate': 0.0005254835629253549, 'n_estimators': 80, 'gamma': 0.4033463915106484, 'min_child_weight': 3, 'subsample': 0.5259646207896617, 'colsample_bytree': 0.6004277841744239}. Best is trial 0 with value: 0.8194356316809621.
[I 2025-04-08 20:09:57,163] Trial 7 finished with value: 0.8186391265611244 and parameters: {'max_depth': 10, 'learning_rate': 0.04195191317761128, 'n_estimators': 165, 'gamma': 0.45858688290712835, 'min_child_weight': 4, 'subsample': 0.7675955551012001, 'colsample_bytree': 0.9384222938846263}. Best is trial 0 with value: 0.8194356316809621.
[I 2025-04-08 20:10:03,866] Trial 8 finished with value: 0.6377394866279713 and parameters: {'max_depth': 16, 'learning_rate': 3.903348697163461e-05, 'n_estimators': 242, 'gamma': 0.261460097025687, 'min_child_weight': 3, 'subsample': 0.9099458028423255, 'colsample_bytree': 0.6648054197703774}. Best is trial 0 with value: 0.8194356316809621.
[I 2025-04-08 20:10:15,710] Trial 9 finished with value: 0.8082839449549345 and parameters: {'max_depth': 30, 'learning_rate': 0.007564513573653173, 'n_estimators': 197, 'gamma': 0.2956850719749634, 'min_child_weight': 1, 'subsample': 0.9197069471797235, 'colsample_bytree': 0.7433011149444193}. Best is trial 0 with value: 0.8194356316809621.
[I 2025-04-08 20:10:18,321] Trial 10 finished with value: 0.7979283240285312 and parameters: {'max_depth': 24, 'learning_rate': 0.22197990808280732, 'n_estimators': 120, 'gamma': 0.01215761056453668, 'min_child_weight': 7, 'subsample': 0.6441498882666519, 'colsample_bytree': 0.9879601557297686}. Best is trial 0 with value: 0.8194356316809621.
[I 2025-04-08 20:10:20,349] Trial 11 finished with value: 0.8194356492537708 and parameters: {'max_depth': 9, 'learning_rate': 0.045567833939209795, 'n_estimators': 136, 'gamma': 0.02374147516561849, 'min_child_weight': 7, 'subsample': 0.6873524293643887, 'colsample_bytree': 0.9745929234849294}. Best is trial 11 with value: 0.8194356492537708.
[I 2025-04-08 20:10:21,117] Trial 12 finished with value: 0.8045108696607219 and parameters: {'max_depth': 3, 'learning_rate': 0.047314737596435404, 'n_estimators': 133, 'gamma': 0.024361801322578033, 'min_child_weight': 7, 'subsample': 0.667150442946771, 'colsample_bytree': 0.9943274286466078}. Best is trial 11 with value: 0.8194356492537708.
[I 2025-04-08 20:10:24,619] Trial 13 finished with value: 0.8186809498454473 and parameters: {'max_depth': 23, 'learning_rate': 0.04277927164657102, 'n_estimators': 125, 'gamma': 0.11818388271881339, 'min_child_weight': 6, 'subsample': 0.6401215469816021, 'colsample_bytree': 0.9080925372236182}. Best is trial 11 with value: 0.8194356492537708.
[I 2025-04-08 20:10:27,571] Trial 14 finished with value: 0.8041333178692618 and parameters: {'max_depth': 9, 'learning_rate': 0.17850321881539194, 'n_estimators': 285, 'gamma': 0.12370208295435217, 'min_child_weight': 7, 'subsample': 0.7089630800041888, 'colsample_bytree': 0.8152303281798458}. Best is trial 11 with value: 0.8194356492537708.
[I 2025-04-08 20:10:31,576] Trial 15 finished with value: 0.8183873960788036 and parameters: {'max_depth': 21, 'learning_rate': 0.014872943127208802, 'n_estimators': 153, 'gamma': 0.07161205519157104, 'min_child_weight': 5, 'subsample': 0.5822998017903876, 'colsample_bytree': 0.7091676198426695}. Best is trial 11 with value: 0.8194356492537708.
[I 2025-04-08 20:10:33,691] Trial 16 finished with value: 0.6377394866279713 and parameters: {'max_depth': 19, 'learning_rate': 0.0008755448072047781, 'n_estimators': 98, 'gamma': 0.17378005067893249, 'min_child_weight': 6, 'subsample': 0.5957458731272801, 'colsample_bytree': 0.950327066608617}. Best is trial 11 with value: 0.8194356492537708.
[I 2025-04-08 20:10:34,578] Trial 17 finished with value: 0.7733197671251413 and parameters: {'max_depth': 11, 'learning_rate': 0.9996955664478439, 'n_estimators': 51, 'gamma': 0.19167676667600847, 'min_child_weight': 5, 'subsample': 0.8243530721375194, 'colsample_bytree': 0.8778018382923825}. Best is trial 11 with value: 0.8194356492537708.
[I 2025-04-08 20:10:36,488] Trial 18 finished with value: 0.8125599188839157 and parameters: {'max_depth': 7, 'learning_rate': 0.1511546514533653, 'n_estimators': 204, 'gamma': 0.06922661939963812, 'min_child_weight': 1, 'subsample': 0.7151931314980629, 'colsample_bytree': 0.8104471009982623}. Best is trial 11 with value: 0.8194356492537708.
[I 2025-04-08 20:10:40,239] Trial 19 finished with value: 0.6377394866279713 and parameters: {'max_depth': 32, 'learning_rate': 0.0017576698187644793, 'n_estimators': 146, 'gamma': 0.07964875870442276, 'min_child_weight': 7, 'subsample': 0.989587124745458, 'colsample_bytree': 0.9405501511389309}. Best is trial 11 with value: 0.8194356492537708.
[I 2025-04-08 20:10:43,151] Trial 20 finished with value: 0.8152013053082182 and parameters: {'max_depth': 13, 'learning_rate': 0.015609638169450813, 'n_estimators': 102, 'gamma': 0.2176182837717836, 'min_child_weight': 2, 'subsample': 0.6818842610116793, 'colsample_bytree': 0.9957024434274133}. Best is trial 11 with value: 0.8194356492537708.
[I 2025-04-08 20:10:46,036] Trial 21 finished with value: 0.8156624509498981 and parameters: {'max_depth': 25, 'learning_rate': 0.05364049700306719, 'n_estimators': 121, 'gamma': 0.12370295785586612, 'min_child_weight': 6, 'subsample': 0.6156884004370332, 'colsample_bytree': 0.9125421723236987}. Best is trial 11 with value: 0.8194356492537708.
[I 2025-04-08 20:10:49,852] Trial 22 finished with value: 0.8192258123470066 and parameters: {'max_depth': 20, 'learning_rate': 0.024084205776597353, 'n_estimators': 176, 'gamma': 0.12033557912423397, 'min_child_weight': 6, 'subsample': 0.6369271102076776, 'colsample_bytree': 0.8694827051895554}. Best is trial 11 with value: 0.8194356492537708.
[I 2025-04-08 20:10:54,449] Trial 23 finished with value: 0.8181775591720395 and parameters: {'max_depth': 18, 'learning_rate': 0.014247900424614409, 'n_estimators': 170, 'gamma': 0.003816094038834636, 'min_child_weight': 5, 'subsample': 0.7783016177228331, 'colsample_bytree': 0.8460674013991091}. Best is trial 11 with value: 0.8194356492537708.
[I 2025-04-08 20:10:58,596] Trial 24 finished with value: 0.7735713570249938 and parameters: {'max_depth': 21, 'learning_rate': 0.0030268416236039885, 'n_estimators': 210, 'gamma': 0.04947287315119771, 'min_child_weight': 7, 'subsample': 0.5708133044550743, 'colsample_bytree': 0.7341367334139391}. Best is trial 11 with value: 0.8194356492537708.
[I 2025-04-08 20:11:03,234] Trial 25 finished with value: 0.8061039501916314 and parameters: {'max_depth': 28, 'learning_rate': 0.10488846553981646, 'n_estimators': 179, 'gamma': 0.13184168981887598, 'min_child_weight': 6, 'subsample': 0.7030878214670976, 'colsample_bytree': 0.8804661359212256}. Best is trial 11 with value: 0.8194356492537708.
[I 2025-04-08 20:11:04,609] Trial 26 finished with value: 0.8048459655467515 and parameters: {'max_depth': 7, 'learning_rate': 0.3218245342119777, 'n_estimators': 155, 'gamma': 0.08949047898601706, 'min_child_weight': 5, 'subsample': 0.644152696043562, 'colsample_bytree': 0.9636003083512646}. Best is trial 11 with value: 0.8194356492537708.
