[I 2025-04-08 01:20:46,487] Trial 3 finished with value: 0.8157464138290974 and parameters: {'lambda_l1': 0.0003185942372283494, 'lambda_l2': 6.910959212571551, 'num_leaves': 47, 'feature_fraction': 0.4863264504716406, 'bagging_fraction': 0.6788452916575425, 'bagging_freq': 15, 'min_child_samples': 58}. Best is trial 2 with value: 0.8182193824563624.
[I 2025-04-08 01:20:49,252] Trial 4 finished with value: 0.8146980903628961 and parameters: {'lambda_l1': 0.12482821807638468, 'lambda_l2': 1.06036253736614e-08, 'num_leaves': 87, 'feature_fraction': 0.4332454548506088, 'bagging_fraction': 0.7069724132587083, 'bagging_freq': 2, 'min_child_samples': 42}. Best is trial 2 with value: 0.8182193824563624.
[I 2025-04-08 01:20:51,939] Trial 5 finished with value: 0.8136922052293164 and parameters: {'lambda_l1': 4.6893344565530025e-05, 'lambda_l2': 0.000341590527261704, 'num_leaves': 100, 'feature_fraction': 0.5368227541172308, 'bagging_fraction': 0.699676595991956, 'bagging_freq': 11, 'min_child_samples': 67}. Best is trial 2 with value: 0.8182193824563624.
[I 2025-04-08 01:20:54,947] Trial 6 finished with value: 0.8131467979706921 and parameters: {'lambda_l1': 0.2151833042127642, 'lambda_l2': 0.00044354167685610387, 'num_leaves': 96, 'feature_fraction': 0.9458238787634391, 'bagging_fraction': 0.518018149728559, 'bagging_freq': 10, 'min_child_samples': 56}. Best is trial 2 with value: 0.8182193824563624.
[I 2025-04-08 01:20:57,313] Trial 7 finished with value: 0.8174231057830357 and parameters: {'lambda_l1': 1.4584975705802715e-06, 'lambda_l2': 6.287494340144362, 'num_leaves': 84, 'feature_fraction': 0.9676734273251713, 'bagging_fraction': 0.5385770468551359, 'bagging_freq': 11, 'min_child_samples': 84}. Best is trial 2 with value: 0.8182193824563624.
[I 2025-04-08 01:20:58,279] Trial 8 finished with value: 0.8141532981525706 and parameters: {'lambda_l1': 1.1218399519091734e-06, 'lambda_l2': 0.0004809026431878937, 'num_leaves': 19, 'feature_fraction': 0.5086298525449077, 'bagging_fraction': 0.5064855965510802, 'bagging_freq': 14, 'min_child_samples': 49}. Best is trial 2 with value: 0.8182193824563624.
[I 2025-04-08 01:20:59,323] Trial 9 finished with value: 0.8078650443449824 and parameters: {'lambda_l1': 44.617801513614864, 'lambda_l2': 0.001667479040860972, 'num_leaves': 54, 'feature_fraction': 0.6480086584398811, 'bagging_fraction': 0.9283545026669744, 'bagging_freq': 3, 'min_child_samples': 28}. Best is trial 2 with value: 0.8182193824563624.
[I 2025-04-08 01:20:59,873] Trial 10 finished with value: 0.7986836912035791 and parameters: {'lambda_l1': 2.234744222446079e-09, 'lambda_l2': 1.4398078625612676e-06, 'num_leaves': 4, 'feature_fraction': 0.7853556460271139, 'bagging_fraction': 0.4357605268949658, 'bagging_freq': 6, 'min_child_samples': 102}. Best is trial 2 with value: 0.8182193824563624.
[I 2025-04-08 01:21:01,143] Trial 11 finished with value: 0.8181359291886107 and parameters: {'lambda_l1': 0.054757240127805286, 'lambda_l2': 1.552958107806188e-09, 'num_leaves': 27, 'feature_fraction': 0.7716966377201311, 'bagging_fraction': 0.8424945321216646, 'bagging_freq': 16, 'min_child_samples': 126}. Best is trial 2 with value: 0.8182193824563624.
[I 2025-04-08 01:21:02,628] Trial 12 finished with value: 0.8168364551427703 and parameters: {'lambda_l1': 0.1781627109154629, 'lambda_l2': 1.7935205170988365e-06, 'num_leaves': 36, 'feature_fraction': 0.7884295914467203, 'bagging_fraction': 0.833822470926601, 'bagging_freq': 16, 'min_child_samples': 5}. Best is trial 2 with value: 0.8182193824563624.
[I 2025-04-08 01:21:04,811] Trial 13 finished with value: 0.8171716037472256 and parameters: {'lambda_l1': 11.689437161827044, 'lambda_l2': 0.1083779484055022, 'num_leaves': 125, 'feature_fraction': 0.7098980981967348, 'bagging_fraction': 0.79797337978833, 'bagging_freq': 13, 'min_child_samples': 119}. Best is trial 2 with value: 0.8182193824563624.
[I 2025-04-08 01:21:05,690] Trial 14 finished with value: 0.8153689850472972 and parameters: {'lambda_l1': 0.028394966472318445, 'lambda_l2': 1.5252269075315546e-06, 'num_leaves': 11, 'feature_fraction': 0.8588849897290074, 'bagging_fraction': 0.4033574177341475, 'bagging_freq': 7, 'min_child_samples': 101}. Best is trial 2 with value: 0.8182193824563624.
[I 2025-04-08 01:21:07,106] Trial 15 finished with value: 0.8188066305721179 and parameters: {'lambda_l1': 3.038491268488543, 'lambda_l2': 1.1475438749243062e-05, 'num_leaves': 36, 'feature_fraction': 0.6263313590442716, 'bagging_fraction': 0.612638848174957, 'bagging_freq': 13, 'min_child_samples': 99}. Best is trial 15 with value: 0.8188066305721179.
[I 2025-04-08 01:21:08,977] Trial 16 finished with value: 0.8177164486759768 and parameters: {'lambda_l1': 3.380260113668247, 'lambda_l2': 1.679350887242627e-05, 'num_leaves': 59, 'feature_fraction': 0.5893403180306751, 'bagging_fraction': 0.605576272321628, 'bagging_freq': 13, 'min_child_samples': 89}. Best is trial 15 with value: 0.8188066305721179.
[I 2025-04-08 01:21:10,421] Trial 17 finished with value: 0.8181359643342277 and parameters: {'lambda_l1': 0.004545286068188735, 'lambda_l2': 0.059302866503739005, 'num_leaves': 42, 'feature_fraction': 0.6287737517556321, 'bagging_fraction': 0.5828626100121006, 'bagging_freq': 9, 'min_child_samples': 109}. Best is trial 15 with value: 0.8188066305721179.
[I 2025-04-08 01:21:12,275] Trial 18 finished with value: 0.8172975832116416 and parameters: {'lambda_l1': 1.9616270017192112, 'lambda_l2': 1.2206062385281285e-05, 'num_leaves': 63, 'feature_fraction': 0.6980554709308558, 'bagging_fraction': 0.45891445260228153, 'bagging_freq': 7, 'min_child_samples': 81}. Best is trial 15 with value: 0.8188066305721179.
[I 2025-04-08 01:21:13,593] Trial 19 finished with value: 0.8176325385152031 and parameters: {'lambda_l1': 1.0505302011025723e-05, 'lambda_l2': 2.922323537464341e-05, 'num_leaves': 36, 'feature_fraction': 0.8558678496598612, 'bagging_fraction': 0.6355359124114653, 'bagging_freq': 13, 'min_child_samples': 93}. Best is trial 15 with value: 0.8188066305721179.
[I 2025-04-08 01:21:15,008] Trial 20 finished with value: 0.8164170624941789 and parameters: {'lambda_l1': 5.799448504116759e-09, 'lambda_l2': 0.033986407584642206, 'num_leaves': 17, 'feature_fraction': 0.5914820923462741, 'bagging_fraction': 0.7623021847347518, 'bagging_freq': 5, 'min_child_samples': 114}. Best is trial 15 with value: 0.8188066305721179.
[I 2025-04-08 01:21:16,669] Trial 21 finished with value: 0.8176326790976713 and parameters: {'lambda_l1': 0.007875414323823516, 'lambda_l2': 0.06421913475959048, 'num_leaves': 43, 'feature_fraction': 0.636059693545157, 'bagging_fraction': 0.5777766748163884, 'bagging_freq': 10, 'min_child_samples': 108}. Best is trial 15 with value: 0.8188066305721179.
[I 2025-04-08 01:21:18,148] Trial 22 finished with value: 0.8181361224895045 and parameters: {'lambda_l1': 0.005262242644990753, 'lambda_l2': 1.0215448725289853, 'num_leaves': 33, 'feature_fraction': 0.689663254637202, 'bagging_fraction': 0.5732208817717487, 'bagging_freq': 8, 'min_child_samples': 77}. Best is trial 15 with value: 0.8188066305721179.
[I 2025-04-08 01:21:18,746] Trial 23 finished with value: 0.7891247511250992 and parameters: {'lambda_l1': 99.79749420818014, 'lambda_l2': 43.572650860826414, 'num_leaves': 25, 'feature_fraction': 0.7051274801355665, 'bagging_fraction': 0.5000683731011065, 'bagging_freq': 8, 'min_child_samples': 76}. Best is trial 15 with value: 0.8188066305721179.
[I 2025-04-08 01:21:19,490] Trial 24 finished with value: 0.8102124376824277 and parameters: {'lambda_l1': 0.9139228579671811, 'lambda_l2': 0.6983133781375572, 'num_leaves': 8, 'feature_fraction': 0.7379899686924165, 'bagging_fraction': 0.5666488230525407, 'bagging_freq': 9, 'min_child_samples': 94}. Best is trial 15 with value: 0.8188066305721179.
[I 2025-04-08 01:21:21,852] Trial 25 finished with value: 0.8146983539550241 and parameters: {'lambda_l1': 3.86908139215908e-05, 'lambda_l2': 2.0750228166175732e-07, 'num_leaves': 69, 'feature_fraction': 0.5623146160479584, 'bagging_fraction': 0.6466445534632259, 'bagging_freq': 12, 'min_child_samples': 66}. Best is trial 15 with value: 0.8188066305721179.
[I 2025-04-08 01:21:23,212] Trial 26 finished with value: 0.8180103538987913 and parameters: {'lambda_l1': 0.002937431251356554, 'lambda_l2': 6.514190244237168e-05, 'num_leaves': 31, 'feature_fraction': 0.8400201558696611, 'bagging_fraction': 0.4643257572976028, 'bagging_freq': 4, 'min_child_samples': 79}. Best is trial 15 with value: 0.8188066305721179.
[I 2025-04-08 01:21:25,533] Trial 27 finished with value: 0.8158717958180229 and parameters: {'lambda_l1': 0.01567003876566747, 'lambda_l2': 0.005111238460180527, 'num_leaves': 50, 'feature_fraction': 0.6611322115363435, 'bagging_fraction': 0.6315640293740576, 'bagging_freq': 12, 'min_child_samples': 99}. Best is trial 15 with value: 0.8188066305721179.
[I 2025-04-08 01:21:26,432] Trial 28 finished with value: 0.8164588330600762 and parameters: {'lambda_l1': 0.9830330756339842, 'lambda_l2': 1.2524706746962507e-07, 'num_leaves': 18, 'feature_fraction': 0.7477615883322744, 'bagging_fraction': 0.7427750032326931, 'bagging_freq': 8, 'min_child_samples': 40}. Best is trial 15 with value: 0.8188066305721179.
[I 2025-04-08 01:21:27,784] Trial 29 finished with value: 0.8160398621588898 and parameters: {'lambda_l1': 11.078475927841682, 'lambda_l2': 1.2833264137802136, 'num_leaves': 39, 'feature_fraction': 0.6775449804341414, 'bagging_fraction': 0.5481469706162317, 'bagging_freq': 14, 'min_child_samples': 87}. Best is trial 15 with value: 0.8188066305721179.
[I 2025-04-08 01:21:28,911] Trial 30 finished with value: 0.816081703016021 and parameters: {'lambda_l1': 0.00011393872715578932, 'lambda_l2': 49.17642286899237, 'num_leaves': 27, 'feature_fraction': 0.6095096389593633, 'bagging_fraction': 0.49477494279280543, 'bagging_freq': 10, 'min_child_samples': 27}. Best is trial 15 with value: 0.8188066305721179.
[I 2025-04-08 01:21:30,702] Trial 31 finished with value: 0.8180102660347485 and parameters: {'lambda_l1': 0.0016428618540816687, 'lambda_l2': 0.020533322372486187, 'num_leaves': 45, 'feature_fraction': 0.6217696766089144, 'bagging_fraction': 0.59965988038432, 'bagging_freq': 7, 'min_child_samples': 114}. Best is trial 15 with value: 0.8188066305721179.
[I 2025-04-08 01:21:32,453] Trial 32 finished with value: 0.8159976874183963 and parameters: {'lambda_l1': 0.007496976866877716, 'lambda_l2': 0.44268383788216314, 'num_leaves': 55, 'feature_fraction': 0.5598661758827379, 'bagging_fraction': 0.5983699638400973, 'bagging_freq': 9, 'min_child_samples': 107}. Best is trial 15 with value: 0.8188066305721179.
[I 2025-04-08 01:21:34,578] Trial 33 finished with value: 0.815620645238384 and parameters: {'lambda_l1': 0.0003999854267362597, 'lambda_l2': 0.0106723878559948, 'num_leaves': 71, 'feature_fraction': 0.7344735756609104, 'bagging_fraction': 0.5587237468238373, 'bagging_freq': 12, 'min_child_samples': 70}. Best is trial 15 with value: 0.8188066305721179.
[I 2025-04-08 01:21:36,306] Trial 34 finished with value: 0.816458727623225 and parameters: {'lambda_l1': 0.0010759982791038838, 'lambda_l2': 0.0016849847827182564, 'num_leaves': 33, 'feature_fraction': 0.4834141145534041, 'bagging_fraction': 0.660291334131637, 'bagging_freq': 14, 'min_child_samples': 128}. Best is trial 15 with value: 0.8188066305721179.
[I 2025-04-08 01:21:38,063] Trial 35 finished with value: 0.8165845665051725 and parameters: {'lambda_l1': 0.07108874119718604, 'lambda_l2': 0.2007851836963452, 'num_leaves': 43, 'feature_fraction': 0.8225898819109442, 'bagging_fraction': 0.6840196509250056, 'bagging_freq': 11, 'min_child_samples': 74}. Best is trial 15 with value: 0.8188066305721179.
[I 2025-04-08 01:21:39,250] Trial 36 finished with value: 0.8167941222469999 and parameters: {'lambda_l1': 0.2695306092546346, 'lambda_l2': 0.00011361475234731155, 'num_leaves': 23, 'feature_fraction': 0.6791678857876164, 'bagging_fraction': 0.46386215790817026, 'bagging_freq': 9, 'min_child_samples': 63}. Best is trial 15 with value: 0.8188066305721179.
[I 2025-04-08 01:21:40,108] Trial 37 finished with value: 0.8160398094404643 and parameters: {'lambda_l1': 0.00016139802959051666, 'lambda_l2': 2.9850315110876005, 'num_leaves': 14, 'feature_fraction': 0.650579450262122, 'bagging_fraction': 0.7212693390626606, 'bagging_freq': 10, 'min_child_samples': 108}. Best is trial 15 with value: 0.8188066305721179.
[I 2025-04-08 01:21:40,512] Trial 38 finished with value: 0.7675752511593661 and parameters: {'lambda_l1': 0.0034309456667513494, 'lambda_l2': 0.002369302515933155, 'num_leaves': 2, 'feature_fraction': 0.8882750903668752, 'bagging_fraction': 0.5279775354850127, 'bagging_freq': 15, 'min_child_samples': 94}. Best is trial 15 with value: 0.8188066305721179.
[I 2025-04-08 01:21:42,300] Trial 39 finished with value: 0.8164171503582217 and parameters: {'lambda_l1': 2.2071306938784908e-06, 'lambda_l2': 0.0002408184966150604, 'num_leaves': 51, 'feature_fraction': 0.544690537053798, 'bagging_fraction': 0.6059393667605186, 'bagging_freq': 6, 'min_child_samples': 53}. Best is trial 15 with value: 0.8188066305721179.
[I 2025-04-08 01:21:43,646] Trial 40 finished with value: 0.8084939751625925 and parameters: {'lambda_l1': 5.065753221837569e-08, 'lambda_l2': 5.582571365692593, 'num_leaves': 40, 'feature_fraction': 0.40067471418754763, 'bagging_fraction': 0.41407779545276896, 'bagging_freq': 11, 'min_child_samples': 84}. Best is trial 15 with value: 0.8188066305721179.
[I 2025-04-08 01:21:44,832] Trial 41 finished with value: 0.8175071389534689 and parameters: {'lambda_l1': 0.08978360319080696, 'lambda_l2': 1.0670584011716184e-07, 'num_leaves': 29, 'feature_fraction': 0.7727124613883838, 'bagging_fraction': 0.9442256413443495, 'bagging_freq': 16, 'min_child_samples': 128}. Best is trial 15 with value: 0.8188066305721179.
[I 2025-04-08 01:21:46,912] Trial 42 finished with value: 0.8183038022285836 and parameters: {'lambda_l1': 0.020242415068101968, 'lambda_l2': 6.7880156171933975e-09, 'num_leaves': 23, 'feature_fraction': 0.758615559194775, 'bagging_fraction': 0.8363607060882006, 'bagging_freq': 15, 'min_child_samples': 119}. Best is trial 15 with value: 0.8188066305721179.
[I 2025-04-08 01:21:51,827] Trial 43 finished with value: 0.8169200665657987 and parameters: {'lambda_l1': 0.0165894772512381, 'lambda_l2': 3.0457915959846595e-09, 'num_leaves': 22, 'feature_fraction': 0.8123134765096885, 'bagging_fraction': 0.7916912817041746, 'bagging_freq': 14, 'min_child_samples': 120}. Best is trial 15 with value: 0.8188066305721179.
[I 2025-04-08 01:21:53,412] Trial 44 finished with value: 0.8180940356130538 and parameters: {'lambda_l1': 0.0007920615586010563, 'lambda_l2': 4.21544044577988e-06, 'num_leaves': 34, 'feature_fraction': 0.906849812129144, 'bagging_fraction': 0.8602534218805347, 'bagging_freq': 1, 'min_child_samples': 119}. Best is trial 15 with value: 0.8188066305721179.
[I 2025-04-08 01:21:54,123] Trial 45 finished with value: 0.8132729883088106 and parameters: {'lambda_l1': 0.29070408272121423, 'lambda_l2': 4.230366458567071e-08, 'num_leaves': 10, 'feature_fraction': 0.7276575746790896, 'bagging_fraction': 0.9984460989878179, 'bagging_freq': 15, 'min_child_samples': 103}. Best is trial 15 with value: 0.8188066305721179.
[I 2025-04-08 01:21:55,756] Trial 46 finished with value: 0.8157879032300579 and parameters: {'lambda_l1': 0.04575114713095319, 'lambda_l2': 1.6048794887597667e-08, 'num_leaves': 47, 'feature_fraction': 0.5139170197805492, 'bagging_fraction': 0.8859318358141499, 'bagging_freq': 13, 'min_child_samples': 97}. Best is trial 15 with value: 0.8188066305721179.
[I 2025-04-08 01:21:59,011] Trial 47 finished with value: 0.8136920119284226 and parameters: {'lambda_l1': 0.006096659106854842, 'lambda_l2': 5.746949439081004e-07, 'num_leaves': 103, 'feature_fraction': 0.6833985016494056, 'bagging_fraction': 0.5187290970526235, 'bagging_freq': 15, 'min_child_samples': 89}. Best is trial 15 with value: 0.8188066305721179.
[I 2025-04-08 01:21:59,916] Trial 48 finished with value: 0.8170039240081468 and parameters: {'lambda_l1': 0.3782390262443524, 'lambda_l2': 0.0007339549928722993, 'num_leaves': 15, 'feature_fraction': 0.7579241082124784, 'bagging_fraction': 0.576561317601657, 'bagging_freq': 11, 'min_child_samples': 114}. Best is trial 15 with value: 0.8188066305721179.
[I 2025-04-08 01:22:01,032] Trial 49 finished with value: 0.8125604636409804 and parameters: {'lambda_l1': 18.147697860070238, 'lambda_l2': 5.9845531137451695e-06, 'num_leaves': 58, 'feature_fraction': 0.9993102564945717, 'bagging_fraction': 0.4834852628824484, 'bagging_freq': 12, 'min_child_samples': 61}. Best is trial 15 with value: 0.8188066305721179.
[I 2025-04-08 01:22:02,091] Trial 50 finished with value: 0.8179263558739749 and parameters: {'lambda_l1': 2.9111838173439, 'lambda_l2': 0.2530700986912272, 'num_leaves': 21, 'feature_fraction': 0.6110160482946675, 'bagging_fraction': 0.6752849212928925, 'bagging_freq': 6, 'min_child_samples': 105}. Best is trial 15 with value: 0.8188066305721179.
[I 2025-04-08 01:22:03,213] Trial 51 finished with value: 0.8177587112805131 and parameters: {'lambda_l1': 0.03389985025984785, 'lambda_l2': 6.848694218855601e-09, 'num_leaves': 28, 'feature_fraction': 0.7982875088743551, 'bagging_fraction': 0.8975217163376267, 'bagging_freq': 16, 'min_child_samples': 123}. Best is trial 15 with value: 0.8188066305721179.
[I 2025-04-08 01:22:04,575] Trial 52 finished with value: 0.8178005697104528 and parameters: {'lambda_l1': 0.002080492090911701, 'lambda_l2': 1.0088664934378353e-09, 'num_leaves': 38, 'feature_fraction': 0.7708227426156807, 'bagging_fraction': 0.8030315637992492, 'bagging_freq': 16, 'min_child_samples': 114}. Best is trial 15 with value: 0.8188066305721179.
[I 2025-04-08 01:22:05,820] Trial 53 finished with value: 0.8178423754219668 and parameters: {'lambda_l1': 0.020379302033355588, 'lambda_l2': 16.433835323798966, 'num_leaves': 31, 'feature_fraction': 0.7175039012096774, 'bagging_fraction': 0.8218791730073788, 'bagging_freq': 13, 'min_child_samples': 123}. Best is trial 15 with value: 0.8188066305721179.
[I 2025-04-08 01:22:06,376] Trial 54 finished with value: 0.8015345279328578 and parameters: {'lambda_l1': 0.10442017106010776, 'lambda_l2': 1.2351649914229314e-09, 'num_leaves': 6, 'feature_fraction': 0.5823219287503836, 'bagging_fraction': 0.8484618680914655, 'bagging_freq': 15, 'min_child_samples': 83}. Best is trial 15 with value: 0.8188066305721179.
[I 2025-04-08 01:22:07,823] Trial 55 finished with value: 0.8174649993585925 and parameters: {'lambda_l1': 0.8500338251758753, 'lambda_l2': 6.755185873729075e-09, 'num_leaves': 25, 'feature_fraction': 0.6984477686038524, 'bagging_fraction': 0.5422347765146038, 'bagging_freq': 14, 'min_child_samples': 112}. Best is trial 15 with value: 0.8188066305721179.
[I 2025-04-08 01:22:08,634] Trial 56 finished with value: 0.8170040645906151 and parameters: {'lambda_l1': 0.0002778907426410462, 'lambda_l2': 2.2666698175146184e-08, 'num_leaves': 14, 'feature_fraction': 0.6388027275378987, 'bagging_fraction': 0.6217910268878721, 'bagging_freq': 8, 'min_child_samples': 122}. Best is trial 15 with value: 0.8188066305721179.
[I 2025-04-08 01:22:10,120] Trial 57 finished with value: 0.8158724108663218 and parameters: {'lambda_l1': 4.9349502021744716e-05, 'lambda_l2': 3.805252295903459e-07, 'num_leaves': 34, 'feature_fraction': 0.756725109786643, 'bagging_fraction': 0.7172193933500071, 'bagging_freq': 16, 'min_child_samples': 2}. Best is trial 15 with value: 0.8188066305721179.
[I 2025-04-08 01:22:12,905] Trial 58 finished with value: 0.8155366296407591 and parameters: {'lambda_l1': 0.005134505162967157, 'lambda_l2': 4.909346637672134e-08, 'num_leaves': 83, 'feature_fraction': 0.6585023117053912, 'bagging_fraction': 0.7640164869118012, 'bagging_freq': 14, 'min_child_samples': 100}. Best is trial 15 with value: 0.8188066305721179.
[I 2025-04-08 01:22:16,305] Trial 59 finished with value: 0.8113859849822778 and parameters: {'lambda_l1': 0.009165376442512243, 'lambda_l2': 0.06934083142281941, 'num_leaves': 122, 'feature_fraction': 0.7929429951738951, 'bagging_fraction': 0.9407573455880016, 'bagging_freq': 13, 'min_child_samples': 78}. Best is trial 15 with value: 0.8188066305721179.
[I 2025-04-08 01:22:18,135] Trial 60 finished with value: 0.8178425160044351 and parameters: {'lambda_l1': 5.508493352929158, 'lambda_l2': 2.2299958725228777, 'num_leaves': 39, 'feature_fraction': 0.6888700013375262, 'bagging_fraction': 0.8933330490230611, 'bagging_freq': 15, 'min_child_samples': 90}. Best is trial 15 with value: 0.8188066305721179.
[I 2025-04-08 01:22:19,570] Trial 61 finished with value: 0.8169620655782068 and parameters: {'lambda_l1': 0.0016969210142346956, 'lambda_l2': 3.7741239582451422e-06, 'num_leaves': 35, 'feature_fraction': 0.9012184795100994, 'bagging_fraction': 0.8682331376156661, 'bagging_freq': 3, 'min_child_samples': 118}. Best is trial 15 with value: 0.8188066305721179.
[I 2025-04-08 01:22:20,547] Trial 62 finished with value: 0.8171715861744172 and parameters: {'lambda_l1': 0.0005495185505424402, 'lambda_l2': 3.7333651406832056e-05, 'num_leaves': 19, 'feature_fraction': 0.9191740462947797, 'bagging_fraction': 0.8510480454849109, 'bagging_freq': 1, 'min_child_samples': 110}. Best is trial 15 with value: 0.8188066305721179.
[I 2025-04-08 01:22:21,680] Trial 63 finished with value: 0.8178425862956695 and parameters: {'lambda_l1': 0.0006631561454706505, 'lambda_l2': 1.2060130137096726e-05, 'num_leaves': 27, 'feature_fraction': 0.8472538374100869, 'bagging_fraction': 0.8215230314392914, 'bagging_freq': 4, 'min_child_samples': 117}. Best is trial 15 with value: 0.8188066305721179.
