[I 2025-04-08 00:10:28,845] A new study created in RDB with name: lightgbm-num_features-13
[I 2025-04-08 00:10:31,473] Trial 0 finished with value: 0.8201059991811072 and parameters: {'lambda_l1': 3.86967799982595e-09, 'lambda_l2': 0.017431237297476674, 'num_leaves': 36, 'feature_fraction': 0.5981130737313801, 'bagging_fraction': 0.8637499678009192, 'bagging_freq': 2, 'min_child_samples': 122}. Best is trial 0 with value: 0.8201059991811072.
[I 2025-04-08 00:10:35,656] Trial 1 finished with value: 0.8158302185530198 and parameters: {'lambda_l1': 0.040016842080319255, 'lambda_l2': 5.1020118932048944e-08, 'num_leaves': 91, 'feature_fraction': 0.4637640800028047, 'bagging_fraction': 0.4392738898536644, 'bagging_freq': 9, 'min_child_samples': 89}. Best is trial 0 with value: 0.8201059991811072.
[I 2025-04-08 00:10:39,259] Trial 2 finished with value: 0.8180518960181773 and parameters: {'lambda_l1': 0.3497863186524439, 'lambda_l2': 4.495772562347806, 'num_leaves': 79, 'feature_fraction': 0.9383262877175739, 'bagging_fraction': 0.7699273602778256, 'bagging_freq': 4, 'min_child_samples': 96}. Best is trial 0 with value: 0.8201059991811072.
[I 2025-04-08 00:10:40,151] Trial 3 finished with value: 0.8139015676702499 and parameters: {'lambda_l1': 2.337479505127277e-09, 'lambda_l2': 1.950589061781736e-06, 'num_leaves': 9, 'feature_fraction': 0.965135841767118, 'bagging_fraction': 0.8115181256343441, 'bagging_freq': 14, 'min_child_samples': 121}. Best is trial 0 with value: 0.8201059991811072.
[I 2025-04-08 00:10:42,108] Trial 4 finished with value: 0.8179261450002725 and parameters: {'lambda_l1': 0.0007682437299382304, 'lambda_l2': 33.18856718347608, 'num_leaves': 47, 'feature_fraction': 0.865542070023172, 'bagging_fraction': 0.47364508793559934, 'bagging_freq': 12, 'min_child_samples': 42}. Best is trial 0 with value: 0.8201059991811072.
[I 2025-04-08 00:10:44,909] Trial 5 finished with value: 0.8180937193025001 and parameters: {'lambda_l1': 0.0008567985305120955, 'lambda_l2': 0.11574608886203655, 'num_leaves': 63, 'feature_fraction': 0.9710264755286909, 'bagging_fraction': 0.7052035247757614, 'bagging_freq': 10, 'min_child_samples': 105}. Best is trial 0 with value: 0.8201059991811072.
[I 2025-04-08 00:10:47,501] Trial 6 finished with value: 0.8152430055828812 and parameters: {'lambda_l1': 0.01432649915142167, 'lambda_l2': 0.00014934868774043564, 'num_leaves': 76, 'feature_fraction': 0.7311725965097183, 'bagging_fraction': 0.464680570607647, 'bagging_freq': 10, 'min_child_samples': 70}. Best is trial 0 with value: 0.8201059991811072.
[I 2025-04-08 00:10:50,439] Trial 7 finished with value: 0.8144467640551716 and parameters: {'lambda_l1': 0.4758564258375822, 'lambda_l2': 1.2197019967192166e-05, 'num_leaves': 82, 'feature_fraction': 0.5483078282306201, 'bagging_fraction': 0.4332263037375358, 'bagging_freq': 12, 'min_child_samples': 34}. Best is trial 0 with value: 0.8201059991811072.
[I 2025-04-08 00:10:53,552] Trial 8 finished with value: 0.8174651047954438 and parameters: {'lambda_l1': 0.0006247712065021354, 'lambda_l2': 0.08452262568566228, 'num_leaves': 103, 'feature_fraction': 0.7780688279968326, 'bagging_fraction': 0.9829414135035762, 'bagging_freq': 6, 'min_child_samples': 104}. Best is trial 0 with value: 0.8201059991811072.
[I 2025-04-08 00:10:54,714] Trial 9 finished with value: 0.8190581677535448 and parameters: {'lambda_l1': 1.5485207840904893e-09, 'lambda_l2': 0.05275330158797589, 'num_leaves': 22, 'feature_fraction': 0.7799067874492633, 'bagging_fraction': 0.611806205985284, 'bagging_freq': 6, 'min_child_samples': 30}. Best is trial 0 with value: 0.8201059991811072.
[I 2025-04-08 00:10:58,986] Trial 10 finished with value: 0.8169621885878667 and parameters: {'lambda_l1': 6.14726319253147e-07, 'lambda_l2': 1.3011270431288608e-09, 'num_leaves': 128, 'feature_fraction': 0.5984544211128483, 'bagging_fraction': 0.9603177505398108, 'bagging_freq': 1, 'min_child_samples': 10}. Best is trial 0 with value: 0.8201059991811072.
[I 2025-04-08 00:11:00,214] Trial 11 finished with value: 0.8183035913548812 and parameters: {'lambda_l1': 1.0791738630637731e-09, 'lambda_l2': 0.009401023644154141, 'num_leaves': 25, 'feature_fraction': 0.6470446788303683, 'bagging_fraction': 0.6161743980607346, 'bagging_freq': 1, 'min_child_samples': 47}. Best is trial 0 with value: 0.8201059991811072.
[I 2025-04-08 00:11:01,514] Trial 12 finished with value: 0.8178842514247154 and parameters: {'lambda_l1': 8.355548981260827e-07, 'lambda_l2': 0.010219590737365065, 'num_leaves': 30, 'feature_fraction': 0.8056979294579203, 'bagging_fraction': 0.6226066559359961, 'bagging_freq': 5, 'min_child_samples': 22}. Best is trial 0 with value: 0.8201059991811072.
[I 2025-04-08 00:11:02,322] Trial 13 finished with value: 0.8114283530236651 and parameters: {'lambda_l1': 1.8346052887581646e-07, 'lambda_l2': 0.7056439071671781, 'num_leaves': 8, 'feature_fraction': 0.44658201318889024, 'bagging_fraction': 0.8717714404569039, 'bagging_freq': 3, 'min_child_samples': 61}. Best is trial 0 with value: 0.8201059991811072.
[I 2025-04-08 00:11:03,146] Trial 14 finished with value: 0.8011152934395434 and parameters: {'lambda_l1': 46.23010878703674, 'lambda_l2': 0.0010100068128530723, 'num_leaves': 47, 'feature_fraction': 0.6900771972022378, 'bagging_fraction': 0.5601303118461216, 'bagging_freq': 7, 'min_child_samples': 128}. Best is trial 0 with value: 0.8201059991811072.
[I 2025-04-08 00:11:04,625] Trial 15 finished with value: 0.8201062100548097 and parameters: {'lambda_l1': 1.7483070181414963e-08, 'lambda_l2': 0.00028439549400889624, 'num_leaves': 32, 'feature_fraction': 0.5265001728555214, 'bagging_fraction': 0.8610466915722889, 'bagging_freq': 3, 'min_child_samples': 73}. Best is trial 15 with value: 0.8201062100548097.
[I 2025-04-08 00:11:06,354] Trial 16 finished with value: 0.8200222120299934 and parameters: {'lambda_l1': 7.365554304947161e-06, 'lambda_l2': 0.00017002995186871043, 'num_leaves': 43, 'feature_fraction': 0.5150778288561796, 'bagging_fraction': 0.8825732251932519, 'bagging_freq': 3, 'min_child_samples': 79}. Best is trial 15 with value: 0.8201062100548097.
[I 2025-04-08 00:11:08,537] Trial 17 finished with value: 0.8194771386547313 and parameters: {'lambda_l1': 4.048853209173516e-08, 'lambda_l2': 2.5069479692049954e-06, 'num_leaves': 60, 'feature_fraction': 0.5864395898233935, 'bagging_fraction': 0.883403196617491, 'bagging_freq': 2, 'min_child_samples': 60}. Best is trial 15 with value: 0.8201062100548097.
[I 2025-04-08 00:11:10,383] Trial 18 finished with value: 0.8180938950305855 and parameters: {'lambda_l1': 9.38150877927525e-06, 'lambda_l2': 0.001295449250918877, 'num_leaves': 35, 'feature_fraction': 0.41632947013720456, 'bagging_fraction': 0.7615059945735879, 'bagging_freq': 16, 'min_child_samples': 116}. Best is trial 15 with value: 0.8201062100548097.
[I 2025-04-08 00:11:11,401] Trial 19 finished with value: 0.8198129901715282 and parameters: {'lambda_l1': 2.6969047150043906e-08, 'lambda_l2': 2.6402574814767876e-05, 'num_leaves': 15, 'feature_fraction': 0.5086432638894485, 'bagging_fraction': 0.9375523630475578, 'bagging_freq': 7, 'min_child_samples': 86}. Best is trial 15 with value: 0.8201062100548097.
[I 2025-04-08 00:11:13,867] Trial 20 finished with value: 0.8175486986456637 and parameters: {'lambda_l1': 1.2282447904319645e-05, 'lambda_l2': 1.213546247650906e-07, 'num_leaves': 54, 'feature_fraction': 0.6518065265168581, 'bagging_fraction': 0.8308176841259598, 'bagging_freq': 4, 'min_child_samples': 3}. Best is trial 15 with value: 0.8201062100548097.
[I 2025-04-08 00:11:15,761] Trial 21 finished with value: 0.8185550230994568 and parameters: {'lambda_l1': 1.2833854160264951e-05, 'lambda_l2': 0.0001931449813378746, 'num_leaves': 41, 'feature_fraction': 0.5093535024960395, 'bagging_fraction': 0.8977444713400108, 'bagging_freq': 3, 'min_child_samples': 75}. Best is trial 15 with value: 0.8201062100548097.
[I 2025-04-08 00:11:17,546] Trial 22 finished with value: 0.8196871161439635 and parameters: {'lambda_l1': 2.5966269606925254e-08, 'lambda_l2': 0.0031960234336456373, 'num_leaves': 36, 'feature_fraction': 0.5587494819712872, 'bagging_fraction': 0.8241075620855894, 'bagging_freq': 2, 'min_child_samples': 81}. Best is trial 15 with value: 0.8201062100548097.
[I 2025-04-08 00:11:20,039] Trial 23 finished with value: 0.819896742177025 and parameters: {'lambda_l1': 3.7343785067358526e-06, 'lambda_l2': 4.697783670156135e-05, 'num_leaves': 53, 'feature_fraction': 0.5040044965363645, 'bagging_fraction': 0.7164062781814227, 'bagging_freq': 4, 'min_child_samples': 55}. Best is trial 15 with value: 0.8201062100548097.
[I 2025-04-08 00:11:20,641] Trial 24 finished with value: 0.7631317907921998 and parameters: {'lambda_l1': 7.455135129643358e-05, 'lambda_l2': 0.8471633574527999, 'num_leaves': 2, 'feature_fraction': 0.6311418403449333, 'bagging_fraction': 0.8895176865489702, 'bagging_freq': 1, 'min_child_samples': 105}. Best is trial 15 with value: 0.8201062100548097.
[I 2025-04-08 00:11:22,166] Trial 25 finished with value: 0.8191421833511697 and parameters: {'lambda_l1': 1.007438034950817e-08, 'lambda_l2': 0.000416087067475706, 'num_leaves': 21, 'feature_fraction': 0.4653972253286176, 'bagging_fraction': 0.9976787689968383, 'bagging_freq': 3, 'min_child_samples': 77}. Best is trial 15 with value: 0.8201062100548097.
[I 2025-04-08 00:11:23,867] Trial 26 finished with value: 0.8176330656994593 and parameters: {'lambda_l1': 1.999414423901376e-07, 'lambda_l2': 2.7966541615937014e-06, 'num_leaves': 43, 'feature_fraction': 0.40805712580627984, 'bagging_fraction': 0.9295604645097787, 'bagging_freq': 5, 'min_child_samples': 97}. Best is trial 15 with value: 0.8201062100548097.
[I 2025-04-08 00:11:26,130] Trial 27 finished with value: 0.8206513185756888 and parameters: {'lambda_l1': 6.0709968706086034e-05, 'lambda_l2': 0.011697590842471604, 'num_leaves': 69, 'feature_fraction': 0.5347451156740487, 'bagging_fraction': 0.7671198854049097, 'bagging_freq': 2, 'min_child_samples': 115}. Best is trial 27 with value: 0.8206513185756888.
[I 2025-04-08 00:11:29,324] Trial 28 finished with value: 0.8171296750260517 and parameters: {'lambda_l1': 0.00010064305494479362, 'lambda_l2': 0.01977818954716421, 'num_leaves': 103, 'feature_fraction': 0.5967265902610966, 'bagging_fraction': 0.7691510509785954, 'bagging_freq': 2, 'min_child_samples': 114}. Best is trial 27 with value: 0.8206513185756888.
[I 2025-04-08 00:11:31,968] Trial 29 finished with value: 0.817297337192322 and parameters: {'lambda_l1': 0.0038699167547892356, 'lambda_l2': 0.7044437588789723, 'num_leaves': 69, 'feature_fraction': 0.6994603803048861, 'bagging_fraction': 0.7358210701747028, 'bagging_freq': 9, 'min_child_samples': 125}. Best is trial 27 with value: 0.8206513185756888.
[I 2025-04-08 00:11:34,768] Trial 30 finished with value: 0.8175908733861572 and parameters: {'lambda_l1': 6.5994881314351316e-09, 'lambda_l2': 1.9664333745965725e-07, 'num_leaves': 102, 'feature_fraction': 0.4639156177053404, 'bagging_fraction': 0.6542026691406082, 'bagging_freq': 8, 'min_child_samples': 90}. Best is trial 27 with value: 0.8206513185756888.
[I 2025-04-08 00:11:36,177] Trial 31 finished with value: 0.8198964785848968 and parameters: {'lambda_l1': 1.3830411409557264e-06, 'lambda_l2': 0.0027012172756177948, 'num_leaves': 32, 'feature_fraction': 0.5379605903867789, 'bagging_fraction': 0.8450871979622693, 'bagging_freq': 2, 'min_child_samples': 110}. Best is trial 27 with value: 0.8206513185756888.
[I 2025-04-08 00:11:38,554] Trial 32 finished with value: 0.8173811770618615 and parameters: {'lambda_l1': 1.3854069964009167e-07, 'lambda_l2': 6.258501794172951e-05, 'num_leaves': 70, 'feature_fraction': 0.48888908465371345, 'bagging_fraction': 0.8001211907142741, 'bagging_freq': 5, 'min_child_samples': 95}. Best is trial 27 with value: 0.8206513185756888.
[I 2025-04-08 00:11:41,234] Trial 33 finished with value: 0.8184292720815518 and parameters: {'lambda_l1': 8.432870782477226e-05, 'lambda_l2': 0.0005439099511894838, 'num_leaves': 55, 'feature_fraction': 0.5610782405100269, 'bagging_fraction': 0.8530016407648968, 'bagging_freq': 3, 'min_child_samples': 119}. Best is trial 27 with value: 0.8206513185756888.
[I 2025-04-08 00:11:44,504] Trial 34 finished with value: 0.8182193473107452 and parameters: {'lambda_l1': 0.38623062002200276, 'lambda_l2': 2.9099007925435854, 'num_leaves': 83, 'feature_fraction': 0.6155258459924597, 'bagging_fraction': 0.800235987055952, 'bagging_freq': 4, 'min_child_samples': 69}. Best is trial 27 with value: 0.8206513185756888.
[I 2025-04-08 00:11:46,146] Trial 35 finished with value: 0.8194352802247913 and parameters: {'lambda_l1': 0.07058579745624903, 'lambda_l2': 0.17494428444047241, 'num_leaves': 40, 'feature_fraction': 0.5319006642644725, 'bagging_fraction': 0.9197524726139308, 'bagging_freq': 1, 'min_child_samples': 51}. Best is trial 27 with value: 0.8206513185756888.
[I 2025-04-08 00:11:49,288] Trial 36 finished with value: 0.8161654901671349 and parameters: {'lambda_l1': 5.460697372075743e-09, 'lambda_l2': 9.608472902275192e-06, 'num_leaves': 92, 'feature_fraction': 0.6742978023984845, 'bagging_fraction': 0.6817282393141753, 'bagging_freq': 4, 'min_child_samples': 86}. Best is trial 27 with value: 0.8206513185756888.
[I 2025-04-08 00:11:51,753] Trial 37 finished with value: 0.8200642637608271 and parameters: {'lambda_l1': 2.296581647915103e-06, 'lambda_l2': 0.00526795007804926, 'num_leaves': 49, 'feature_fraction': 0.5645467646825346, 'bagging_fraction': 0.7890333444876276, 'bagging_freq': 2, 'min_child_samples': 98}. Best is trial 27 with value: 0.8206513185756888.
[I 2025-04-08 00:11:54,138] Trial 38 finished with value: 0.8193515633649117 and parameters: {'lambda_l1': 5.245262780426017e-08, 'lambda_l2': 0.02700882872798439, 'num_leaves': 63, 'feature_fraction': 0.570775305470359, 'bagging_fraction': 0.7406099123512554, 'bagging_freq': 2, 'min_child_samples': 110}. Best is trial 27 with value: 0.8206513185756888.
[I 2025-04-08 00:11:56,505] Trial 39 finished with value: 0.8185968112381625 and parameters: {'lambda_l1': 0.002481048761619716, 'lambda_l2': 0.004461695728343332, 'num_leaves': 50, 'feature_fraction': 0.8608882096680225, 'bagging_fraction': 0.792060463010629, 'bagging_freq': 12, 'min_child_samples': 99}. Best is trial 27 with value: 0.8206513185756888.
[I 2025-04-08 00:11:57,800] Trial 40 finished with value: 0.8126440574912005 and parameters: {'lambda_l1': 1.6853329354149673e-06, 'lambda_l2': 86.51127495969438, 'num_leaves': 26, 'feature_fraction': 0.43859063706751955, 'bagging_fraction': 0.6919117388026536, 'bagging_freq': 6, 'min_child_samples': 123}. Best is trial 27 with value: 0.8206513185756888.
[I 2025-04-08 00:11:59,597] Trial 41 finished with value: 0.8192676707769466 and parameters: {'lambda_l1': 3.234380499494579e-05, 'lambda_l2': 0.00015877319846594406, 'num_leaves': 44, 'feature_fraction': 0.48376989729975484, 'bagging_fraction': 0.8600228473975858, 'bagging_freq': 3, 'min_child_samples': 92}. Best is trial 27 with value: 0.8206513185756888.
[I 2025-04-08 00:12:02,814] Trial 42 finished with value: 0.8176329251169909 and parameters: {'lambda_l1': 0.0002752923963285436, 'lambda_l2': 0.10802085637703235, 'num_leaves': 74, 'feature_fraction': 0.5202465627813303, 'bagging_fraction': 0.7823912089140139, 'bagging_freq': 1, 'min_child_samples': 101}. Best is trial 27 with value: 0.8206513185756888.
[I 2025-04-08 00:12:03,902] Trial 43 finished with value: 0.8195612421163988 and parameters: {'lambda_l1': 3.679064783211045e-07, 'lambda_l2': 0.0011906010499441223, 'num_leaves': 17, 'feature_fraction': 0.7289202083545737, 'bagging_fraction': 0.8259741816563482, 'bagging_freq': 2, 'min_child_samples': 108}. Best is trial 27 with value: 0.8206513185756888.
[I 2025-04-08 00:12:05,456] Trial 44 finished with value: 0.8198127265794002 and parameters: {'lambda_l1': 4.319047474977923e-06, 'lambda_l2': 0.009581612082857969, 'num_leaves': 37, 'feature_fraction': 0.6165303914634385, 'bagging_fraction': 0.8996866047396526, 'bagging_freq': 5, 'min_child_samples': 82}. Best is trial 27 with value: 0.8206513185756888.
[I 2025-04-08 00:12:06,799] Trial 45 finished with value: 0.8195193661136504 and parameters: {'lambda_l1': 4.642274377147278e-09, 'lambda_l2': 0.033729047794185237, 'num_leaves': 29, 'feature_fraction': 0.5436000762015838, 'bagging_fraction': 0.7536733720431282, 'bagging_freq': 3, 'min_child_samples': 68}. Best is trial 27 with value: 0.8206513185756888.
[I 2025-04-08 00:12:08,896] Trial 46 finished with value: 0.817590926104583 and parameters: {'lambda_l1': 9.549138362881629e-08, 'lambda_l2': 8.917594338726322e-05, 'num_leaves': 59, 'feature_fraction': 0.5787193703416784, 'bagging_fraction': 0.9621616041998249, 'bagging_freq': 1, 'min_child_samples': 74}. Best is trial 27 with value: 0.8206513185756888.
[I 2025-04-08 00:12:10,961] Trial 47 finished with value: 0.8181777349001249 and parameters: {'lambda_l1': 0.0003086375058874114, 'lambda_l2': 1.047612351844847e-05, 'num_leaves': 49, 'feature_fraction': 0.6612164148449007, 'bagging_fraction': 0.5042489649775949, 'bagging_freq': 4, 'min_child_samples': 117}. Best is trial 27 with value: 0.8206513185756888.
[I 2025-04-08 00:12:14,245] Trial 48 finished with value: 0.8183873082147608 and parameters: {'lambda_l1': 2.8888369080795984e-05, 'lambda_l2': 0.25484604846086845, 'num_leaves': 87, 'feature_fraction': 0.47932457670262524, 'bagging_fraction': 0.8575570540453681, 'bagging_freq': 2, 'min_child_samples': 113}. Best is trial 27 with value: 0.8206513185756888.
[I 2025-04-08 00:12:15,066] Trial 49 finished with value: 0.8158303239898711 and parameters: {'lambda_l1': 1.737337838539763e-09, 'lambda_l2': 1.4108294414044412e-09, 'num_leaves': 12, 'feature_fraction': 0.4467122761646902, 'bagging_fraction': 0.8161127166245484, 'bagging_freq': 6, 'min_child_samples': 42}. Best is trial 27 with value: 0.8206513185756888.
[I 2025-04-08 00:12:17,148] Trial 50 finished with value: 0.8191839363442582 and parameters: {'lambda_l1': 4.60603998242838, 'lambda_l2': 0.0059543260893870605, 'num_leaves': 58, 'feature_fraction': 0.609974087069269, 'bagging_fraction': 0.9599936587431396, 'bagging_freq': 11, 'min_child_samples': 127}. Best is trial 27 with value: 0.8206513185756888.
[I 2025-04-08 00:12:18,989] Trial 51 finished with value: 0.8180102484619398 and parameters: {'lambda_l1': 3.4938899163852356e-06, 'lambda_l2': 4.200366489179296e-05, 'num_leaves': 51, 'feature_fraction': 0.49850399875794116, 'bagging_fraction': 0.7150533976859987, 'bagging_freq': 4, 'min_child_samples': 57}. Best is trial 27 with value: 0.8206513185756888.
[I 2025-04-08 00:12:21,523] Trial 52 finished with value: 0.8189324518812571 and parameters: {'lambda_l1': 4.003940526997575e-06, 'lambda_l2': 0.00045731052788478124, 'num_leaves': 67, 'feature_fraction': 0.5221570049410053, 'bagging_fraction': 0.7340487342089758, 'bagging_freq': 3, 'min_child_samples': 62}. Best is trial 27 with value: 0.8206513185756888.
[I 2025-04-08 00:12:23,737] Trial 53 finished with value: 0.8201901729340089 and parameters: {'lambda_l1': 3.8024360583955955e-07, 'lambda_l2': 0.0015078255532156382, 'num_leaves': 45, 'feature_fraction': 0.546259782769223, 'bagging_fraction': 0.9123031467104645, 'bagging_freq': 2, 'min_child_samples': 55}. Best is trial 27 with value: 0.8206513185756888.
[I 2025-04-08 00:12:25,178] Trial 54 finished with value: 0.8187646667053269 and parameters: {'lambda_l1': 4.4277061189639187e-07, 'lambda_l2': 0.002750756376095807, 'num_leaves': 33, 'feature_fraction': 0.5786688799956121, 'bagging_fraction': 0.8771682309247812, 'bagging_freq': 2, 'min_child_samples': 40}. Best is trial 27 with value: 0.8206513185756888.
[I 2025-04-08 00:12:27,263] Trial 55 finished with value: 0.8179684076048087 and parameters: {'lambda_l1': 1.5465728737152204e-08, 'lambda_l2': 0.0007577073809089599, 'num_leaves': 46, 'feature_fraction': 0.5592725090270708, 'bagging_fraction': 0.9115655045806618, 'bagging_freq': 1, 'min_child_samples': 64}. Best is trial 27 with value: 0.8206513185756888.
[I 2025-04-08 00:12:28,945] Trial 56 finished with value: 0.8204417101154358 and parameters: {'lambda_l1': 6.295251717503706e-08, 'lambda_l2': 0.016808972980000312, 'num_leaves': 39, 'feature_fraction': 0.6319910191213579, 'bagging_fraction': 0.8371167420342912, 'bagging_freq': 3, 'min_child_samples': 80}. Best is trial 27 with value: 0.8206513185756888.
[I 2025-04-08 00:12:30,136] Trial 57 finished with value: 0.8187228258481956 and parameters: {'lambda_l1': 7.728406668428971e-08, 'lambda_l2': 0.057036884322931365, 'num_leaves': 22, 'feature_fraction': 0.6343220708919168, 'bagging_fraction': 0.8323783840958944, 'bagging_freq': 2, 'min_child_samples': 103}. Best is trial 27 with value: 0.8206513185756888.
[I 2025-04-08 00:12:31,773] Trial 58 finished with value: 0.8194772440915825 and parameters: {'lambda_l1': 3.0921814193701848e-09, 'lambda_l2': 0.009167736579069517, 'num_leaves': 38, 'feature_fraction': 0.9922168707451486, 'bagging_fraction': 0.7879288273017643, 'bagging_freq': 5, 'min_child_samples': 120}. Best is trial 27 with value: 0.8206513185756888.
[I 2025-04-08 00:12:36,307] Trial 59 finished with value: 0.8163749931905369 and parameters: {'lambda_l1': 2.4306623682563745e-08, 'lambda_l2': 0.017282297372685922, 'num_leaves': 126, 'feature_fraction': 0.7314460550573968, 'bagging_fraction': 0.9438567016718183, 'bagging_freq': 1, 'min_child_samples': 26}. Best is trial 27 with value: 0.8206513185756888.
[I 2025-04-08 00:12:37,789] Trial 60 finished with value: 0.8195193485408419 and parameters: {'lambda_l1': 9.80376010835113e-07, 'lambda_l2': 0.2706726609093808, 'num_leaves': 26, 'feature_fraction': 0.6006427681707197, 'bagging_fraction': 0.8740693849686733, 'bagging_freq': 14, 'min_child_samples': 85}. Best is trial 27 with value: 0.8206513185756888.
