[I 2025-04-08 00:58:01,028] Trial 249 finished with value: 0.8188905758785087 and parameters: {'lambda_l1': 5.0316870445912815e-05, 'lambda_l2': 2.6641048105656226, 'num_leaves': 40, 'feature_fraction': 0.7004770398115245, 'bagging_fraction': 0.9623123438511405, 'bagging_freq': 8, 'min_child_samples': 77}. Best is trial 142 with value: 0.8204417101154358.
[I 2025-04-08 00:58:02,485] Trial 250 finished with value: 0.8188065427080753 and parameters: {'lambda_l1': 0.00024117274489045135, 'lambda_l2': 1.3041103869754838, 'num_leaves': 36, 'feature_fraction': 0.4138395601868154, 'bagging_fraction': 0.9880274634699671, 'bagging_freq': 9, 'min_child_samples': 63}. Best is trial 142 with value: 0.8204417101154358.
[I 2025-04-08 00:58:04,316] Trial 251 finished with value: 0.8191418494678075 and parameters: {'lambda_l1': 2.5116159367246307e-08, 'lambda_l2': 0.10032862487456222, 'num_leaves': 51, 'feature_fraction': 0.4398345718143296, 'bagging_fraction': 0.9410801108078963, 'bagging_freq': 5, 'min_child_samples': 122}. Best is trial 142 with value: 0.8204417101154358.
[I 2025-04-08 00:58:05,930] Trial 252 finished with value: 0.8179260219906125 and parameters: {'lambda_l1': 8.200904853743843e-06, 'lambda_l2': 0.8059400260788087, 'num_leaves': 41, 'feature_fraction': 0.4214158426640295, 'bagging_fraction': 0.767342879501325, 'bagging_freq': 16, 'min_child_samples': 69}. Best is trial 142 with value: 0.8204417101154358.
[I 2025-04-08 00:58:07,371] Trial 253 finished with value: 0.8199385654613478 and parameters: {'lambda_l1': 1.8933252658548626e-09, 'lambda_l2': 0.1776742067105594, 'num_leaves': 38, 'feature_fraction': 0.400091907742838, 'bagging_fraction': 0.9761012771098782, 'bagging_freq': 11, 'min_child_samples': 81}. Best is trial 142 with value: 0.8204417101154358.
[I 2025-04-08 00:58:08,829] Trial 254 finished with value: 0.8193515985105287 and parameters: {'lambda_l1': 1.3856906352917063e-09, 'lambda_l2': 0.2007655069003603, 'num_leaves': 37, 'feature_fraction': 0.40043984441458125, 'bagging_fraction': 0.9773148937366568, 'bagging_freq': 11, 'min_child_samples': 73}. Best is trial 142 with value: 0.8204417101154358.
[I 2025-04-08 00:58:10,609] Trial 255 finished with value: 0.8186388453961877 and parameters: {'lambda_l1': 1.1482797372479752e-08, 'lambda_l2': 0.06729628406539682, 'num_leaves': 32, 'feature_fraction': 0.41063925549333447, 'bagging_fraction': 0.9998990728241547, 'bagging_freq': 11, 'min_child_samples': 97}. Best is trial 142 with value: 0.8204417101154358.
[I 2025-04-08 00:58:11,970] Trial 256 finished with value: 0.8176745199548027 and parameters: {'lambda_l1': 5.801140226275303e-09, 'lambda_l2': 0.4026735335985964, 'num_leaves': 34, 'feature_fraction': 0.4002365996378088, 'bagging_fraction': 0.9622552296448934, 'bagging_freq': 12, 'min_child_samples': 76}. Best is trial 142 with value: 0.8204417101154358.
[I 2025-04-08 00:58:13,683] Trial 257 finished with value: 0.8189323464444058 and parameters: {'lambda_l1': 1.3771593993006856e-05, 'lambda_l2': 0.12450279346213586, 'num_leaves': 48, 'feature_fraction': 0.4511891345720651, 'bagging_fraction': 0.9765065093444704, 'bagging_freq': 11, 'min_child_samples': 71}. Best is trial 142 with value: 0.8204417101154358.
[I 2025-04-08 00:58:15,302] Trial 258 finished with value: 0.8189325748909168 and parameters: {'lambda_l1': 2.1464991471614943e-09, 'lambda_l2': 0.25410329473017246, 'num_leaves': 44, 'feature_fraction': 0.5692768374306789, 'bagging_fraction': 0.9476453828255875, 'bagging_freq': 6, 'min_child_samples': 60}. Best is trial 142 with value: 0.8204417101154358.
[I 2025-04-08 00:58:16,865] Trial 259 finished with value: 0.8183035913548812 and parameters: {'lambda_l1': 2.4169972926355554e-05, 'lambda_l2': 6.998463700350124e-09, 'num_leaves': 29, 'feature_fraction': 0.5378431499004093, 'bagging_fraction': 0.9851251527382809, 'bagging_freq': 10, 'min_child_samples': 67}. Best is trial 142 with value: 0.8204417101154358.
[I 2025-04-08 00:58:18,556] Trial 260 finished with value: 0.8194355086713024 and parameters: {'lambda_l1': 2.73774449072277e-09, 'lambda_l2': 2.7141472408254375e-08, 'num_leaves': 38, 'feature_fraction': 0.4125344010103281, 'bagging_fraction': 0.9693123185840947, 'bagging_freq': 11, 'min_child_samples': 79}. Best is trial 142 with value: 0.8204417101154358.
[I 2025-04-08 00:58:20,942] Trial 261 finished with value: 0.8186388805418048 and parameters: {'lambda_l1': 4.191664647057878e-08, 'lambda_l2': 4.28892959078311e-09, 'num_leaves': 42, 'feature_fraction': 0.43135315172465444, 'bagging_fraction': 0.9561236295423333, 'bagging_freq': 7, 'min_child_samples': 75}. Best is trial 142 with value: 0.8204417101154358.
[I 2025-04-08 00:58:22,490] Trial 262 finished with value: 0.8176324155055432 and parameters: {'lambda_l1': 2.704366788954708e-06, 'lambda_l2': 0.03911387044141387, 'num_leaves': 35, 'feature_fraction': 0.41035792738919885, 'bagging_fraction': 0.4500296302139707, 'bagging_freq': 9, 'min_child_samples': 64}. Best is trial 142 with value: 0.8204417101154358.
[I 2025-04-08 00:58:24,367] Trial 263 finished with value: 0.819351440355252 and parameters: {'lambda_l1': 0.0421344863283853, 'lambda_l2': 1.0680346178730647e-06, 'num_leaves': 46, 'feature_fraction': 0.40004632858183775, 'bagging_fraction': 0.9903895219445237, 'bagging_freq': 7, 'min_child_samples': 126}. Best is trial 142 with value: 0.8204417101154358.
[I 2025-04-08 00:58:25,976] Trial 264 finished with value: 0.8197709560135028 and parameters: {'lambda_l1': 9.80442956447489e-08, 'lambda_l2': 0.1682889561978521, 'num_leaves': 39, 'feature_fraction': 0.42227563166843834, 'bagging_fraction': 0.9743680623612203, 'bagging_freq': 8, 'min_child_samples': 69}. Best is trial 142 with value: 0.8204417101154358.
[I 2025-04-08 00:58:27,419] Trial 265 finished with value: 0.8190581150351193 and parameters: {'lambda_l1': 9.985073747270285e-08, 'lambda_l2': 0.11851802636848875, 'num_leaves': 38, 'feature_fraction': 0.46897798490049347, 'bagging_fraction': 0.974437009849069, 'bagging_freq': 8, 'min_child_samples': 68}. Best is trial 142 with value: 0.8204417101154358.
[I 2025-04-08 00:58:29,597] Trial 266 finished with value: 0.8183455025032466 and parameters: {'lambda_l1': 2.9159152462926897e-08, 'lambda_l2': 0.16692241065841493, 'num_leaves': 54, 'feature_fraction': 0.44427425111938296, 'bagging_fraction': 0.9338028017465473, 'bagging_freq': 8, 'min_child_samples': 66}. Best is trial 142 with value: 0.8204417101154358.
[I 2025-04-08 00:58:31,677] Trial 267 finished with value: 0.8198128671618685 and parameters: {'lambda_l1': 4.308439043577944e-05, 'lambda_l2': 0.27517237390064614, 'num_leaves': 42, 'feature_fraction': 0.4219424256350025, 'bagging_fraction': 0.9633831440074332, 'bagging_freq': 9, 'min_child_samples': 116}. Best is trial 142 with value: 0.8204417101154358.
[I 2025-04-08 00:58:33,804] Trial 268 finished with value: 0.81738119463467 and parameters: {'lambda_l1': 3.9842805568585514e-05, 'lambda_l2': 0.2888025981865024, 'num_leaves': 67, 'feature_fraction': 0.4326811712330104, 'bagging_fraction': 0.9806443775737104, 'bagging_freq': 8, 'min_child_samples': 116}. Best is trial 142 with value: 0.8204417101154358.
[I 2025-04-08 00:58:35,097] Trial 269 finished with value: 0.819225952929475 and parameters: {'lambda_l1': 0.0001295103297214518, 'lambda_l2': 0.07691514259142679, 'num_leaves': 32, 'feature_fraction': 0.42237088313532617, 'bagging_fraction': 0.9998635989806347, 'bagging_freq': 8, 'min_child_samples': 120}. Best is trial 142 with value: 0.8204417101154358.
[I 2025-04-08 00:58:36,778] Trial 270 finished with value: 0.8189740291462602 and parameters: {'lambda_l1': 6.25049653427714e-05, 'lambda_l2': 0.5076936079359954, 'num_leaves': 39, 'feature_fraction': 0.42869963236058406, 'bagging_fraction': 0.9681962490788428, 'bagging_freq': 7, 'min_child_samples': 118}. Best is trial 142 with value: 0.8204417101154358.
[I 2025-04-08 00:58:38,371] Trial 271 finished with value: 0.8195191200943309 and parameters: {'lambda_l1': 2.5970281411976503e-05, 'lambda_l2': 0.18367533595176647, 'num_leaves': 35, 'feature_fraction': 0.4477490515747302, 'bagging_fraction': 0.9518813343643305, 'bagging_freq': 9, 'min_child_samples': 115}. Best is trial 142 with value: 0.8204417101154358.
[I 2025-04-08 00:58:40,182] Trial 272 finished with value: 0.8187648600062207 and parameters: {'lambda_l1': 3.658654067726589e-05, 'lambda_l2': 0.3574784516616995, 'num_leaves': 44, 'feature_fraction': 0.42093038752976036, 'bagging_fraction': 0.9838818838685028, 'bagging_freq': 8, 'min_child_samples': 111}. Best is trial 142 with value: 0.8204417101154358.
[I 2025-04-08 00:58:42,108] Trial 273 finished with value: 0.819016309323605 and parameters: {'lambda_l1': 0.00015274465255192153, 'lambda_l2': 0.11416596857024625, 'num_leaves': 37, 'feature_fraction': 0.4135407538858728, 'bagging_fraction': 0.9892919234695635, 'bagging_freq': 7, 'min_child_samples': 70}. Best is trial 142 with value: 0.8204417101154358.
[I 2025-04-08 00:58:45,219] Trial 274 finished with value: 0.8158300428249342 and parameters: {'lambda_l1': 1.788005631584805e-08, 'lambda_l2': 0.25187107306857787, 'num_leaves': 100, 'feature_fraction': 0.4617202466511763, 'bagging_fraction': 0.9685339969797858, 'bagging_freq': 9, 'min_child_samples': 72}. Best is trial 142 with value: 0.8204417101154358.
[I 2025-04-08 00:58:46,697] Trial 275 finished with value: 0.818261557196856 and parameters: {'lambda_l1': 2.0011427086586955e-07, 'lambda_l2': 0.010446964182082569, 'num_leaves': 41, 'feature_fraction': 0.4400115759366182, 'bagging_fraction': 0.9558584126463744, 'bagging_freq': 6, 'min_child_samples': 81}. Best is trial 142 with value: 0.8204417101154358.
[I 2025-04-08 00:58:48,944] Trial 276 finished with value: 0.8182195933300648 and parameters: {'lambda_l1': 0.0006921345567772783, 'lambda_l2': 0.5659277377947302, 'num_leaves': 57, 'feature_fraction': 0.4000590791674748, 'bagging_fraction': 0.9715667376368752, 'bagging_freq': 8, 'min_child_samples': 86}. Best is trial 142 with value: 0.8204417101154358.
[I 2025-04-08 00:58:53,387] Trial 277 finished with value: 0.8154106326035346 and parameters: {'lambda_l1': 6.118813804836888e-05, 'lambda_l2': 0.1461384496172599, 'num_leaves': 128, 'feature_fraction': 0.4221169225036631, 'bagging_fraction': 0.989293222674508, 'bagging_freq': 7, 'min_child_samples': 48}. Best is trial 142 with value: 0.8204417101154358.
[I 2025-04-08 00:58:55,135] Trial 278 finished with value: 0.8180100024426202 and parameters: {'lambda_l1': 0.0003258396325005457, 'lambda_l2': 0.057620498929558873, 'num_leaves': 50, 'feature_fraction': 0.41229715227310076, 'bagging_fraction': 0.9799958651333648, 'bagging_freq': 8, 'min_child_samples': 70}. Best is trial 142 with value: 0.8204417101154358.
[I 2025-04-08 00:58:56,609] Trial 279 finished with value: 0.8194356141081537 and parameters: {'lambda_l1': 1.7171213634043307e-09, 'lambda_l2': 0.2584238026600175, 'num_leaves': 39, 'feature_fraction': 0.4309225888823618, 'bagging_fraction': 0.9455021670227816, 'bagging_freq': 8, 'min_child_samples': 78}. Best is trial 142 with value: 0.8204417101154358.
[I 2025-04-08 00:58:58,273] Trial 280 finished with value: 0.8194773495284338 and parameters: {'lambda_l1': 2.2246372916327538e-05, 'lambda_l2': 0.47534459742089014, 'num_leaves': 47, 'feature_fraction': 0.41095323004248874, 'bagging_fraction': 0.9666649168136329, 'bagging_freq': 15, 'min_child_samples': 72}. Best is trial 142 with value: 0.8204417101154358.
[I 2025-04-08 00:58:59,536] Trial 281 finished with value: 0.8172132513034631 and parameters: {'lambda_l1': 0.011811115013760205, 'lambda_l2': 2.4929514682417402e-09, 'num_leaves': 27, 'feature_fraction': 0.438949738600739, 'bagging_fraction': 0.9583447916269898, 'bagging_freq': 6, 'min_child_samples': 121}. Best is trial 142 with value: 0.8204417101154358.
[I 2025-04-08 00:59:00,896] Trial 282 finished with value: 0.8176747132556967 and parameters: {'lambda_l1': 0.00010400100629981757, 'lambda_l2': 0.08533974239712337, 'num_leaves': 31, 'feature_fraction': 0.48056468894643634, 'bagging_fraction': 0.9892996449913721, 'bagging_freq': 10, 'min_child_samples': 75}. Best is trial 142 with value: 0.8204417101154358.
[I 2025-04-08 00:59:02,756] Trial 283 finished with value: 0.8182196811941076 and parameters: {'lambda_l1': 7.88817827113748e-09, 'lambda_l2': 0.1849453205947803, 'num_leaves': 35, 'feature_fraction': 0.6833620433855178, 'bagging_fraction': 0.9778551595703057, 'bagging_freq': 5, 'min_child_samples': 114}. Best is trial 142 with value: 0.8204417101154358.
[I 2025-04-08 00:59:04,349] Trial 284 finished with value: 0.8188905231600829 and parameters: {'lambda_l1': 4.683457266887353e-05, 'lambda_l2': 0.9829866508436845, 'num_leaves': 43, 'feature_fraction': 0.4222132073628893, 'bagging_fraction': 0.866980599622017, 'bagging_freq': 9, 'min_child_samples': 68}. Best is trial 142 with value: 0.8204417101154358.
[I 2025-04-08 00:59:07,698] Trial 285 finished with value: 0.8154945076186912 and parameters: {'lambda_l1': 0.00019070094278166535, 'lambda_l2': 0.02469997440468887, 'num_leaves': 114, 'feature_fraction': 0.45688103832584376, 'bagging_fraction': 0.936121127680645, 'bagging_freq': 8, 'min_child_samples': 81}. Best is trial 142 with value: 0.8204417101154358.
[I 2025-04-08 00:59:09,326] Trial 286 finished with value: 0.8190162566051795 and parameters: {'lambda_l1': 8.744877572619116e-05, 'lambda_l2': 0.34277768619204146, 'num_leaves': 40, 'feature_fraction': 0.40696206022376363, 'bagging_fraction': 0.9990128009546387, 'bagging_freq': 7, 'min_child_samples': 92}. Best is trial 142 with value: 0.8204417101154358.
[I 2025-04-08 00:59:10,973] Trial 287 finished with value: 0.8191421306327442 and parameters: {'lambda_l1': 4.276085711111428e-05, 'lambda_l2': 0.1339079954407389, 'num_leaves': 37, 'feature_fraction': 0.4297657406962755, 'bagging_fraction': 0.9747272010964112, 'bagging_freq': 10, 'min_child_samples': 65}. Best is trial 142 with value: 0.8204417101154358.
[I 2025-04-08 00:59:15,528] Trial 288 finished with value: 0.8173390198941766 and parameters: {'lambda_l1': 1.2163185050248786e-05, 'lambda_l2': 0.005550279182364936, 'num_leaves': 86, 'feature_fraction': 0.41833203321218554, 'bagging_fraction': 0.9608702900788011, 'bagging_freq': 8, 'min_child_samples': 73}. Best is trial 142 with value: 0.8204417101154358.
[I 2025-04-08 00:59:17,383] Trial 289 finished with value: 0.8192676883497552 and parameters: {'lambda_l1': 4.319791070201067e-09, 'lambda_l2': 0.5656425048887189, 'num_leaves': 45, 'feature_fraction': 0.40807571325438574, 'bagging_fraction': 0.9868383012065802, 'bagging_freq': 9, 'min_child_samples': 76}. Best is trial 142 with value: 0.8204417101154358.
[I 2025-04-08 00:59:18,959] Trial 290 finished with value: 0.8188905231600829 and parameters: {'lambda_l1': 5.67623657558503e-08, 'lambda_l2': 1.4232843050731347e-09, 'num_leaves': 33, 'feature_fraction': 0.40018327471703574, 'bagging_fraction': 0.9483221191386837, 'bagging_freq': 8, 'min_child_samples': 78}. Best is trial 142 with value: 0.8204417101154358.
[I 2025-04-08 00:59:20,716] Trial 291 finished with value: 0.8190581326079279 and parameters: {'lambda_l1': 1.901539810888629e-05, 'lambda_l2': 0.04072132667955976, 'num_leaves': 42, 'feature_fraction': 0.44254975712829125, 'bagging_fraction': 0.9764071700807402, 'bagging_freq': 6, 'min_child_samples': 69}. Best is trial 142 with value: 0.8204417101154358.
[I 2025-04-08 00:59:22,961] Trial 292 finished with value: 0.8178424281403928 and parameters: {'lambda_l1': 1.2724086772350226e-07, 'lambda_l2': 1.3962847455661997, 'num_leaves': 38, 'feature_fraction': 0.6650306510231139, 'bagging_fraction': 0.9630612591167591, 'bagging_freq': 7, 'min_child_samples': 73}. Best is trial 142 with value: 0.8204417101154358.
[I 2025-04-08 00:59:24,523] Trial 293 finished with value: 0.8184712183755345 and parameters: {'lambda_l1': 0.0004471313315717174, 'lambda_l2': 0.23618417315918558, 'num_leaves': 35, 'feature_fraction': 0.422359010283323, 'bagging_fraction': 0.9906838081351449, 'bagging_freq': 9, 'min_child_samples': 117}. Best is trial 142 with value: 0.8204417101154358.
[I 2025-04-08 00:59:26,065] Trial 294 finished with value: 0.8187648775790294 and parameters: {'lambda_l1': 3.2302794630385374e-05, 'lambda_l2': 1.2355007849576654e-08, 'num_leaves': 41, 'feature_fraction': 0.43400909425528755, 'bagging_fraction': 0.9768247741826853, 'bagging_freq': 8, 'min_child_samples': 66}. Best is trial 142 with value: 0.8204417101154358.
[I 2025-04-08 00:59:27,694] Trial 295 finished with value: 0.8191418846134246 and parameters: {'lambda_l1': 6.0967407157788564e-05, 'lambda_l2': 0.6643026464296307, 'num_leaves': 45, 'feature_fraction': 0.4135125127479098, 'bagging_fraction': 0.9985605851159851, 'bagging_freq': 6, 'min_child_samples': 85}. Best is trial 142 with value: 0.8204417101154358.
[I 2025-04-08 00:59:29,215] Trial 296 finished with value: 0.8185970045390565 and parameters: {'lambda_l1': 0.0002274920308349586, 'lambda_l2': 0.08739379491591223, 'num_leaves': 39, 'feature_fraction': 0.44947348264922593, 'bagging_fraction': 0.9647603152221349, 'bagging_freq': 8, 'min_child_samples': 108}. Best is trial 142 with value: 0.8204417101154358.
[I 2025-04-08 00:59:30,942] Trial 297 finished with value: 0.8188064372712238 and parameters: {'lambda_l1': 0.00011820992684354264, 'lambda_l2': 4.179349701674396e-09, 'num_leaves': 49, 'feature_fraction': 0.47186010529839584, 'bagging_fraction': 0.942704531435577, 'bagging_freq': 7, 'min_child_samples': 70}. Best is trial 142 with value: 0.8204417101154358.
[I 2025-04-08 00:59:32,252] Trial 298 finished with value: 0.8185552164003507 and parameters: {'lambda_l1': 1.297414110604299e-05, 'lambda_l2': 0.3194496769873539, 'num_leaves': 30, 'feature_fraction': 0.42181220098715916, 'bagging_fraction': 0.9830449495469076, 'bagging_freq': 9, 'min_child_samples': 123}. Best is trial 142 with value: 0.8204417101154358.
[I 2025-04-08 00:59:34,198] Trial 299 finished with value: 0.8179681088670634 and parameters: {'lambda_l1': 7.479305269095613e-05, 'lambda_l2': 0.8451604735764415, 'num_leaves': 36, 'feature_fraction': 0.7229326037460333, 'bagging_fraction': 0.95450182231379, 'bagging_freq': 8, 'min_child_samples': 80}. Best is trial 142 with value: 0.8204417101154358.
[I 2025-04-08 00:59:35,796] Trial 300 finished with value: 0.8181777349001249 and parameters: {'lambda_l1': 1.2324173554784646e-08, 'lambda_l2': 5.4952987687201045, 'num_leaves': 43, 'feature_fraction': 0.40100644327789164, 'bagging_fraction': 0.7287102749357888, 'bagging_freq': 7, 'min_child_samples': 76}. Best is trial 142 with value: 0.8204417101154358.
[I 2025-04-08 00:59:37,584] Trial 301 finished with value: 0.8190999207466335 and parameters: {'lambda_l1': 2.9671898332923553e-05, 'lambda_l2': 0.16787060351176655, 'num_leaves': 52, 'feature_fraction': 0.4106848746435384, 'bagging_fraction': 0.971874882092271, 'bagging_freq': 8, 'min_child_samples': 74}. Best is trial 142 with value: 0.8204417101154358.
[I 2025-04-08 00:59:39,186] Trial 302 finished with value: 0.8189743630296225 and parameters: {'lambda_l1': 0.09874425933288018, 'lambda_l2': 1.8678476358937264, 'num_leaves': 33, 'feature_fraction': 0.4346754945876898, 'bagging_fraction': 0.9997858203626404, 'bagging_freq': 9, 'min_child_samples': 71}. Best is trial 142 with value: 0.8204417101154358.
[I 2025-04-08 00:59:41,728] Trial 303 finished with value: 0.8169620655782068 and parameters: {'lambda_l1': 0.00014631705096914948, 'lambda_l2': 0.4282300391087254, 'num_leaves': 70, 'feature_fraction': 0.7018985460474012, 'bagging_fraction': 0.6744321999748, 'bagging_freq': 6, 'min_child_samples': 68}. Best is trial 142 with value: 0.8204417101154358.
[I 2025-04-08 00:59:43,878] Trial 304 finished with value: 0.8209446966142471 and parameters: {'lambda_l1': 1.9305305956727624e-05, 'lambda_l2': 0.06122553614900827, 'num_leaves': 40, 'feature_fraction': 0.4224430397182008, 'bagging_fraction': 0.9851933768332837, 'bagging_freq': 8, 'min_child_samples': 83}. Best is trial 304 with value: 0.8209446966142471.
[I 2025-04-08 00:59:45,409] Trial 305 finished with value: 0.8198544971452971 and parameters: {'lambda_l1': 1.5417592938816442e-05, 'lambda_l2': 0.05936637107900589, 'num_leaves': 41, 'feature_fraction': 0.4245689690966905, 'bagging_fraction': 0.9216609553576165, 'bagging_freq': 8, 'min_child_samples': 83}. Best is trial 304 with value: 0.8209446966142471.
[I 2025-04-08 00:59:46,950] Trial 306 finished with value: 0.8191837606161728 and parameters: {'lambda_l1': 7.3507319665218594e-06, 'lambda_l2': 0.02700145877314516, 'num_leaves': 40, 'feature_fraction': 0.4218248335993075, 'bagging_fraction': 0.9373467114537852, 'bagging_freq': 8, 'min_child_samples': 84}. Best is trial 304 with value: 0.8209446966142471.
[I 2025-04-08 00:59:48,372] Trial 307 finished with value: 0.8185551636819252 and parameters: {'lambda_l1': 1.4774693151607605e-05, 'lambda_l2': 0.07917847650722812, 'num_leaves': 38, 'feature_fraction': 0.412240577168029, 'bagging_fraction': 0.9245852419955205, 'bagging_freq': 8, 'min_child_samples': 79}. Best is trial 304 with value: 0.8209446966142471.
[I 2025-04-08 00:59:50,166] Trial 308 finished with value: 0.818806665717735 and parameters: {'lambda_l1': 1.9585804432281305e-05, 'lambda_l2': 0.08947175631987384, 'num_leaves': 41, 'feature_fraction': 0.42868183375633134, 'bagging_fraction': 0.9089919866196847, 'bagging_freq': 8, 'min_child_samples': 89}. Best is trial 304 with value: 0.8209446966142471.
[I 2025-04-08 00:59:51,960] Trial 309 finished with value: 0.8193097225077803 and parameters: {'lambda_l1': 9.427757805770517e-06, 'lambda_l2': 0.026276068854178502, 'num_leaves': 42, 'feature_fraction': 0.40089566478043925, 'bagging_fraction': 0.9491618035248133, 'bagging_freq': 8, 'min_child_samples': 82}. Best is trial 304 with value: 0.8209446966142471.
