[I 2025-04-08 01:25:41,379] Trial 186 finished with value: 0.8184715522588967 and parameters: {'lambda_l1': 0.40179563289770076, 'lambda_l2': 8.30966705421607, 'num_leaves': 52, 'feature_fraction': 0.724851637634375, 'bagging_fraction': 0.8510832126219298, 'bagging_freq': 3, 'min_child_samples': 16}. Best is trial 147 with value: 0.8194774198196677.
[I 2025-04-08 01:25:43,258] Trial 187 finished with value: 0.8172558477913616 and parameters: {'lambda_l1': 0.9224679949115666, 'lambda_l2': 1.877185267821894, 'num_leaves': 55, 'feature_fraction': 0.7653282842188136, 'bagging_fraction': 0.8772894761174321, 'bagging_freq': 4, 'min_child_samples': 15}. Best is trial 147 with value: 0.8194774198196677.
[I 2025-04-08 01:25:44,989] Trial 188 finished with value: 0.8186388981146134 and parameters: {'lambda_l1': 2.0201106417512897, 'lambda_l2': 0.7349612294277906, 'num_leaves': 46, 'feature_fraction': 0.7415759384212671, 'bagging_fraction': 0.8103963014144967, 'bagging_freq': 3, 'min_child_samples': 18}. Best is trial 147 with value: 0.8194774198196677.
[I 2025-04-08 01:25:51,363] Trial 189 finished with value: 0.8183456079400978 and parameters: {'lambda_l1': 4.26340547527873, 'lambda_l2': 5.015526321729717, 'num_leaves': 44, 'feature_fraction': 0.732020537453653, 'bagging_fraction': 0.8413244993363136, 'bagging_freq': 4, 'min_child_samples': 12}. Best is trial 147 with value: 0.8194774198196677.
[I 2025-04-08 01:25:53,541] Trial 190 finished with value: 0.8182199447862356 and parameters: {'lambda_l1': 8.64792849621828, 'lambda_l2': 1.7689430225456728, 'num_leaves': 49, 'feature_fraction': 0.7530435977477579, 'bagging_fraction': 0.821251595658544, 'bagging_freq': 3, 'min_child_samples': 22}. Best is trial 147 with value: 0.8194774198196677.
[I 2025-04-08 01:25:55,365] Trial 191 finished with value: 0.8179681615854892 and parameters: {'lambda_l1': 1.6317624515951674, 'lambda_l2': 0.3079558945060428, 'num_leaves': 41, 'feature_fraction': 0.734570404950865, 'bagging_fraction': 0.7872489704832597, 'bagging_freq': 4, 'min_child_samples': 10}. Best is trial 147 with value: 0.8194774198196677.
[I 2025-04-08 01:25:57,694] Trial 192 finished with value: 0.8192680222331173 and parameters: {'lambda_l1': 3.1730220222614944, 'lambda_l2': 0.9059851704836472, 'num_leaves': 45, 'feature_fraction': 0.6783784400604264, 'bagging_fraction': 0.7962167581472257, 'bagging_freq': 3, 'min_child_samples': 3}. Best is trial 147 with value: 0.8194774198196677.
[I 2025-04-08 01:25:59,552] Trial 193 finished with value: 0.8196451522771724 and parameters: {'lambda_l1': 5.095842119179437, 'lambda_l2': 1.616190129086224, 'num_leaves': 46, 'feature_fraction': 0.9117319325473888, 'bagging_fraction': 0.7975304189295476, 'bagging_freq': 3, 'min_child_samples': 2}. Best is trial 193 with value: 0.8196451522771724.
[I 2025-04-08 01:26:01,330] Trial 194 finished with value: 0.8171719200577794 and parameters: {'lambda_l1': 7.1910442428925595e-09, 'lambda_l2': 0.9222628623671031, 'num_leaves': 46, 'feature_fraction': 0.7085975440745771, 'bagging_fraction': 0.7982463872338162, 'bagging_freq': 3, 'min_child_samples': 2}. Best is trial 193 with value: 0.8196451522771724.
[I 2025-04-08 01:26:02,951] Trial 195 finished with value: 0.8184711480843003 and parameters: {'lambda_l1': 0.02698601677307092, 'lambda_l2': 1.1566833078652994, 'num_leaves': 44, 'feature_fraction': 0.6916416572767724, 'bagging_fraction': 0.7982491228573442, 'bagging_freq': 3, 'min_child_samples': 11}. Best is trial 193 with value: 0.8196451522771724.
[I 2025-04-08 01:26:04,681] Trial 196 finished with value: 0.8176330129810336 and parameters: {'lambda_l1': 0.6482066753578896, 'lambda_l2': 3.494088086751014, 'num_leaves': 47, 'feature_fraction': 0.9154425108980271, 'bagging_fraction': 0.8129414889382149, 'bagging_freq': 3, 'min_child_samples': 2}. Best is trial 193 with value: 0.8196451522771724.
[I 2025-04-08 01:26:06,513] Trial 197 finished with value: 0.8185971978399504 and parameters: {'lambda_l1': 7.210554779550973, 'lambda_l2': 0.5191690582673896, 'num_leaves': 51, 'feature_fraction': 0.6734591785236345, 'bagging_fraction': 0.8055579483800379, 'bagging_freq': 4, 'min_child_samples': 5}. Best is trial 193 with value: 0.8196451522771724.
[I 2025-04-08 01:26:08,716] Trial 198 finished with value: 0.8162915750684021 and parameters: {'lambda_l1': 3.0324219463736592, 'lambda_l2': 94.00974476131353, 'num_leaves': 43, 'feature_fraction': 0.901402218346063, 'bagging_fraction': 0.792550052533265, 'bagging_freq': 3, 'min_child_samples': 4}. Best is trial 193 with value: 0.8196451522771724.
[I 2025-04-08 01:26:10,635] Trial 199 finished with value: 0.8183035386364554 and parameters: {'lambda_l1': 0.0004307992452229734, 'lambda_l2': 1.930241079839218, 'num_leaves': 49, 'feature_fraction': 0.6754709087260117, 'bagging_fraction': 0.8355094077055717, 'bagging_freq': 3, 'min_child_samples': 12}. Best is trial 193 with value: 0.8196451522771724.
[I 2025-04-08 01:26:12,685] Trial 200 finished with value: 0.8187649654430722 and parameters: {'lambda_l1': 1.2234611410521803, 'lambda_l2': 10.953596823401362, 'num_leaves': 54, 'feature_fraction': 0.8834813482822329, 'bagging_fraction': 0.7771707413633423, 'bagging_freq': 3, 'min_child_samples': 6}. Best is trial 193 with value: 0.8196451522771724.
[I 2025-04-08 01:26:14,254] Trial 201 finished with value: 0.8185133052519852 and parameters: {'lambda_l1': 5.063656680807051, 'lambda_l2': 1.3766828760290044, 'num_leaves': 40, 'feature_fraction': 0.9286609413891164, 'bagging_fraction': 0.776787905261626, 'bagging_freq': 5, 'min_child_samples': 27}. Best is trial 193 with value: 0.8196451522771724.
[I 2025-04-08 01:26:15,915] Trial 202 finished with value: 0.8167944737031707 and parameters: {'lambda_l1': 15.310223126345015, 'lambda_l2': 0.3534490368225467, 'num_leaves': 46, 'feature_fraction': 0.8923153013708961, 'bagging_fraction': 0.8196022644938263, 'bagging_freq': 6, 'min_child_samples': 22}. Best is trial 193 with value: 0.8196451522771724.
[I 2025-04-08 01:26:17,815] Trial 203 finished with value: 0.8182196460484905 and parameters: {'lambda_l1': 2.7007070223503353, 'lambda_l2': 0.17022116948031205, 'num_leaves': 39, 'feature_fraction': 0.9097765368624543, 'bagging_fraction': 0.7671847988072074, 'bagging_freq': 1, 'min_child_samples': 8}. Best is trial 193 with value: 0.8196451522771724.
[I 2025-04-08 01:26:19,944] Trial 204 finished with value: 0.8186808795542129 and parameters: {'lambda_l1': 4.379548892271545, 'lambda_l2': 0.6213605122525152, 'num_leaves': 41, 'feature_fraction': 0.8734266980513635, 'bagging_fraction': 0.7862768208445372, 'bagging_freq': 1, 'min_child_samples': 17}. Best is trial 193 with value: 0.8196451522771724.
[I 2025-04-08 01:26:21,585] Trial 205 finished with value: 0.8167525977004223 and parameters: {'lambda_l1': 0.05476781151646183, 'lambda_l2': 0.046676207083921464, 'num_leaves': 44, 'feature_fraction': 0.7846607599383862, 'bagging_fraction': 0.8301932168611077, 'bagging_freq': 2, 'min_child_samples': 19}. Best is trial 193 with value: 0.8196451522771724.
[I 2025-04-08 01:26:23,125] Trial 206 finished with value: 0.8180101078794715 and parameters: {'lambda_l1': 11.532642782072084, 'lambda_l2': 0.8026411401773463, 'num_leaves': 38, 'feature_fraction': 0.6966370034587414, 'bagging_fraction': 0.8055167148357012, 'bagging_freq': 1, 'min_child_samples': 4}. Best is trial 193 with value: 0.8196451522771724.
[I 2025-04-08 01:26:24,947] Trial 207 finished with value: 0.8182615747696644 and parameters: {'lambda_l1': 2.783962266401469, 'lambda_l2': 0.011436566729703451, 'num_leaves': 50, 'feature_fraction': 0.7740420912378272, 'bagging_fraction': 0.7818196030543161, 'bagging_freq': 1, 'min_child_samples': 14}. Best is trial 193 with value: 0.8196451522771724.
[I 2025-04-08 01:26:26,582] Trial 208 finished with value: 0.8186390914155073 and parameters: {'lambda_l1': 1.446645229233262, 'lambda_l2': 4.315071558125717, 'num_leaves': 42, 'feature_fraction': 0.7216017520647504, 'bagging_fraction': 0.8615027102693045, 'bagging_freq': 4, 'min_child_samples': 24}. Best is trial 193 with value: 0.8196451522771724.
[I 2025-04-08 01:26:29,138] Trial 209 finished with value: 0.8173812297802872 and parameters: {'lambda_l1': 0.0009619639891349671, 'lambda_l2': 0.09108720617471601, 'num_leaves': 64, 'feature_fraction': 0.904862529882384, 'bagging_fraction': 0.7651395346720434, 'bagging_freq': 2, 'min_child_samples': 126}. Best is trial 193 with value: 0.8196451522771724.
[I 2025-04-08 01:26:31,010] Trial 210 finished with value: 0.8184713589580028 and parameters: {'lambda_l1': 6.8360405512722195, 'lambda_l2': 0.017688332461998718, 'num_leaves': 46, 'feature_fraction': 0.7555745759720247, 'bagging_fraction': 0.7924591692895542, 'bagging_freq': 1, 'min_child_samples': 128}. Best is trial 193 with value: 0.8196451522771724.
[I 2025-04-08 01:26:32,595] Trial 211 finished with value: 0.8174651223682522 and parameters: {'lambda_l1': 2.239745417284625, 'lambda_l2': 0.031060870482254064, 'num_leaves': 36, 'feature_fraction': 0.8861697526608164, 'bagging_fraction': 0.7557774886968711, 'bagging_freq': 10, 'min_child_samples': 115}. Best is trial 193 with value: 0.8196451522771724.
[I 2025-04-08 01:26:34,174] Trial 212 finished with value: 0.8178425862956695 and parameters: {'lambda_l1': 4.287132698445682, 'lambda_l2': 0.21346092326651261, 'num_leaves': 41, 'feature_fraction': 0.9238013291596344, 'bagging_fraction': 0.8051787455680106, 'bagging_freq': 1, 'min_child_samples': 54}. Best is trial 193 with value: 0.8196451522771724.
[I 2025-04-08 01:26:35,526] Trial 213 finished with value: 0.8182197514853418 and parameters: {'lambda_l1': 0.6704809569247446, 'lambda_l2': 0.003999617842477876, 'num_leaves': 28, 'feature_fraction': 0.644061495385967, 'bagging_fraction': 0.7748423842453727, 'bagging_freq': 1, 'min_child_samples': 38}. Best is trial 193 with value: 0.8196451522771724.
[I 2025-04-08 01:26:37,124] Trial 214 finished with value: 0.8190582204719705 and parameters: {'lambda_l1': 0.010727593538194552, 'lambda_l2': 2.24249259874546, 'num_leaves': 39, 'feature_fraction': 0.7433216394841168, 'bagging_fraction': 0.8180873421172296, 'bagging_freq': 9, 'min_child_samples': 30}. Best is trial 193 with value: 0.8196451522771724.
[I 2025-04-08 01:26:38,639] Trial 215 finished with value: 0.8178424281403928 and parameters: {'lambda_l1': 0.00980317224055419, 'lambda_l2': 1.2641647662356041, 'num_leaves': 38, 'feature_fraction': 0.731755023659678, 'bagging_fraction': 0.8165968097034603, 'bagging_freq': 9, 'min_child_samples': 30}. Best is trial 193 with value: 0.8196451522771724.
[I 2025-04-08 01:26:40,620] Trial 216 finished with value: 0.818345520076055 and parameters: {'lambda_l1': 0.017622441957547825, 'lambda_l2': 0.022641590035707957, 'num_leaves': 44, 'feature_fraction': 0.7478444116893058, 'bagging_fraction': 0.8239360135682942, 'bagging_freq': 3, 'min_child_samples': 26}. Best is trial 193 with value: 0.8196451522771724.
[I 2025-04-08 01:26:42,236] Trial 217 finished with value: 0.8183036089276896 and parameters: {'lambda_l1': 0.00021908544773899033, 'lambda_l2': 2.535725514519176, 'num_leaves': 39, 'feature_fraction': 0.7137549186101836, 'bagging_fraction': 0.7958173937210987, 'bagging_freq': 2, 'min_child_samples': 123}. Best is trial 193 with value: 0.8196451522771724.
[I 2025-04-08 01:26:43,533] Trial 218 finished with value: 0.8175491379658771 and parameters: {'lambda_l1': 0.006198093068181968, 'lambda_l2': 2.1364493873423167, 'num_leaves': 35, 'feature_fraction': 0.7413810261822471, 'bagging_fraction': 0.8322240545281511, 'bagging_freq': 9, 'min_child_samples': 29}. Best is trial 193 with value: 0.8196451522771724.
[I 2025-04-08 01:26:45,043] Trial 219 finished with value: 0.8169199259833304 and parameters: {'lambda_l1': 0.004634374229729864, 'lambda_l2': 0.01029993147677811, 'num_leaves': 43, 'feature_fraction': 0.764683240459633, 'bagging_fraction': 0.8132307034043689, 'bagging_freq': 1, 'min_child_samples': 44}. Best is trial 193 with value: 0.8196451522771724.
[I 2025-04-08 01:26:46,810] Trial 220 finished with value: 0.8185968463837796 and parameters: {'lambda_l1': 0.03576004721790022, 'lambda_l2': 0.7267022443442918, 'num_leaves': 47, 'feature_fraction': 0.7956709446183466, 'bagging_fraction': 0.7847434710672422, 'bagging_freq': 8, 'min_child_samples': 36}. Best is trial 193 with value: 0.8196451522771724.
[I 2025-04-08 01:26:48,243] Trial 221 finished with value: 0.8186807038261277 and parameters: {'lambda_l1': 1.7179283580732592, 'lambda_l2': 0.0009646235770426915, 'num_leaves': 32, 'feature_fraction': 0.89134592115019, 'bagging_fraction': 0.7608692464135816, 'bagging_freq': 11, 'min_child_samples': 112}. Best is trial 193 with value: 0.8196451522771724.
[I 2025-04-08 01:26:50,249] Trial 222 finished with value: 0.8186388278233793 and parameters: {'lambda_l1': 0.012854993359928221, 'lambda_l2': 0.11275085558400494, 'num_leaves': 34, 'feature_fraction': 0.9100153827291897, 'bagging_fraction': 0.802156139785748, 'bagging_freq': 1, 'min_child_samples': 116}. Best is trial 193 with value: 0.8196451522771724.
[I 2025-04-08 01:26:51,824] Trial 223 finished with value: 0.8190162917507964 and parameters: {'lambda_l1': 1.0476722546725488, 'lambda_l2': 0.03458407169138968, 'num_leaves': 37, 'feature_fraction': 0.6222192536905556, 'bagging_fraction': 0.7453943082352887, 'bagging_freq': 1, 'min_child_samples': 98}. Best is trial 193 with value: 0.8196451522771724.
[I 2025-04-08 01:26:53,262] Trial 224 finished with value: 0.8195612948348243 and parameters: {'lambda_l1': 0.966148447078869, 'lambda_l2': 0.05810113889548233, 'num_leaves': 38, 'feature_fraction': 0.8755797019875178, 'bagging_fraction': 0.7436655779447333, 'bagging_freq': 1, 'min_child_samples': 108}. Best is trial 193 with value: 0.8196451522771724.
[I 2025-04-08 01:26:54,972] Trial 225 finished with value: 0.817171937630588 and parameters: {'lambda_l1': 0.35441795373306106, 'lambda_l2': 0.047567090836022466, 'num_leaves': 40, 'feature_fraction': 0.860114279312133, 'bagging_fraction': 0.7507644061674413, 'bagging_freq': 1, 'min_child_samples': 109}. Best is trial 193 with value: 0.8196451522771724.
[I 2025-04-08 01:26:56,467] Trial 226 finished with value: 0.8183872730691437 and parameters: {'lambda_l1': 0.7887144331194353, 'lambda_l2': 0.0820857288918054, 'num_leaves': 37, 'feature_fraction': 0.8723729172793888, 'bagging_fraction': 0.7704157490652656, 'bagging_freq': 9, 'min_child_samples': 98}. Best is trial 193 with value: 0.8196451522771724.
[I 2025-04-08 01:26:57,991] Trial 227 finished with value: 0.8195612069707817 and parameters: {'lambda_l1': 0.9587218187816654, 'lambda_l2': 18.855504403826792, 'num_leaves': 42, 'feature_fraction': 0.8982057688159996, 'bagging_fraction': 0.7366756581738212, 'bagging_freq': 1, 'min_child_samples': 113}. Best is trial 193 with value: 0.8196451522771724.
[I 2025-04-08 01:26:59,815] Trial 228 finished with value: 0.8182197866309588 and parameters: {'lambda_l1': 1.1863884640640645, 'lambda_l2': 0.061644566613786415, 'num_leaves': 42, 'feature_fraction': 0.899586815367188, 'bagging_fraction': 0.7313694487897593, 'bagging_freq': 1, 'min_child_samples': 107}. Best is trial 193 with value: 0.8196451522771724.
[I 2025-04-08 01:27:01,787] Trial 229 finished with value: 0.8193514930736775 and parameters: {'lambda_l1': 0.47432404811759316, 'lambda_l2': 12.712104187120357, 'num_leaves': 38, 'feature_fraction': 0.9163843971325603, 'bagging_fraction': 0.7362981297563004, 'bagging_freq': 1, 'min_child_samples': 113}. Best is trial 193 with value: 0.8196451522771724.
[I 2025-04-08 01:27:03,469] Trial 230 finished with value: 0.817968249449532 and parameters: {'lambda_l1': 0.11926622900028701, 'lambda_l2': 27.0241751966292, 'num_leaves': 39, 'feature_fraction': 0.9383196950773909, 'bagging_fraction': 0.738989083920747, 'bagging_freq': 1, 'min_child_samples': 113}. Best is trial 193 with value: 0.8196451522771724.
[I 2025-04-08 01:27:05,109] Trial 231 finished with value: 0.817800411555176 and parameters: {'lambda_l1': 0.4287269527692691, 'lambda_l2': 17.101798420410155, 'num_leaves': 37, 'feature_fraction': 0.9187569657693206, 'bagging_fraction': 0.7168683559695999, 'bagging_freq': 1, 'min_child_samples': 114}. Best is trial 193 with value: 0.8196451522771724.
[I 2025-04-08 01:27:06,814] Trial 232 finished with value: 0.8184711832299174 and parameters: {'lambda_l1': 0.8744296057893892, 'lambda_l2': 29.297688619313217, 'num_leaves': 42, 'feature_fraction': 0.8832229440670639, 'bagging_fraction': 0.7558346266217045, 'bagging_freq': 1, 'min_child_samples': 111}. Best is trial 193 with value: 0.8196451522771724.
[I 2025-04-08 01:27:08,299] Trial 233 finished with value: 0.8190583610544389 and parameters: {'lambda_l1': 0.22974286727848844, 'lambda_l2': 8.87048524627616, 'num_leaves': 40, 'feature_fraction': 0.8994765347094273, 'bagging_fraction': 0.6856203834242504, 'bagging_freq': 1, 'min_child_samples': 109}. Best is trial 193 with value: 0.8196451522771724.
[I 2025-04-08 01:27:09,824] Trial 234 finished with value: 0.8194774901109019 and parameters: {'lambda_l1': 0.26975461114564825, 'lambda_l2': 12.322545782191462, 'num_leaves': 39, 'feature_fraction': 0.9001331173383194, 'bagging_fraction': 0.6786520726130951, 'bagging_freq': 1, 'min_child_samples': 111}. Best is trial 193 with value: 0.8196451522771724.
[I 2025-04-08 01:27:12,001] Trial 235 finished with value: 0.8200227040686323 and parameters: {'lambda_l1': 0.3181825613599261, 'lambda_l2': 11.49306564762073, 'num_leaves': 40, 'feature_fraction': 0.8941206366988527, 'bagging_fraction': 0.7306010879361995, 'bagging_freq': 1, 'min_child_samples': 108}. Best is trial 235 with value: 0.8200227040686323.
[I 2025-04-08 01:27:13,493] Trial 236 finished with value: 0.819393632668554 and parameters: {'lambda_l1': 0.18334170447351544, 'lambda_l2': 12.472441043250976, 'num_leaves': 40, 'feature_fraction': 0.6005071948439761, 'bagging_fraction': 0.725858360666932, 'bagging_freq': 1, 'min_child_samples': 108}. Best is trial 235 with value: 0.8200227040686323.
[I 2025-04-08 01:27:14,998] Trial 237 finished with value: 0.8188905231600829 and parameters: {'lambda_l1': 0.2717332475227703, 'lambda_l2': 7.89605317238258, 'num_leaves': 40, 'feature_fraction': 0.6086474338264399, 'bagging_fraction': 0.6829355181465263, 'bagging_freq': 1, 'min_child_samples': 106}. Best is trial 235 with value: 0.8200227040686323.
[I 2025-04-08 01:27:16,415] Trial 238 finished with value: 0.8188487174485688 and parameters: {'lambda_l1': 0.14595736957496233, 'lambda_l2': 10.498185556143516, 'num_leaves': 36, 'feature_fraction': 0.5848356055339666, 'bagging_fraction': 0.7232402869207999, 'bagging_freq': 1, 'min_child_samples': 108}. Best is trial 235 with value: 0.8200227040686323.
[I 2025-04-08 01:27:18,101] Trial 239 finished with value: 0.8191841120723439 and parameters: {'lambda_l1': 0.18919580616095003, 'lambda_l2': 20.896753883157494, 'num_leaves': 43, 'feature_fraction': 0.6062636467150727, 'bagging_fraction': 0.6696392171610827, 'bagging_freq': 1, 'min_child_samples': 110}. Best is trial 235 with value: 0.8200227040686323.
[I 2025-04-08 01:27:19,803] Trial 240 finished with value: 0.8191421482055526 and parameters: {'lambda_l1': 0.21829367391239912, 'lambda_l2': 18.46485230993794, 'num_leaves': 44, 'feature_fraction': 0.6011250136813184, 'bagging_fraction': 0.6892404244766329, 'bagging_freq': 1, 'min_child_samples': 105}. Best is trial 235 with value: 0.8200227040686323.
[I 2025-04-08 01:27:21,872] Trial 241 finished with value: 0.8193099685270999 and parameters: {'lambda_l1': 0.19177739743179337, 'lambda_l2': 13.181826938378157, 'num_leaves': 41, 'feature_fraction': 0.6041282781266999, 'bagging_fraction': 0.6934079134579351, 'bagging_freq': 1, 'min_child_samples': 105}. Best is trial 235 with value: 0.8200227040686323.
[I 2025-04-08 01:27:23,646] Trial 242 finished with value: 0.8187229137122383 and parameters: {'lambda_l1': 0.21584210164275566, 'lambda_l2': 24.074574685427024, 'num_leaves': 43, 'feature_fraction': 0.6105900300910733, 'bagging_fraction': 0.6775553310176989, 'bagging_freq': 1, 'min_child_samples': 102}. Best is trial 235 with value: 0.8200227040686323.
[I 2025-04-08 01:27:25,227] Trial 243 finished with value: 0.8126859334939489 and parameters: {'lambda_l1': 0.09499697969937963, 'lambda_l2': 51.93682095846493, 'num_leaves': 44, 'feature_fraction': 0.5751246286666655, 'bagging_fraction': 0.6935415988303489, 'bagging_freq': 1, 'min_child_samples': 106}. Best is trial 235 with value: 0.8200227040686323.
[I 2025-04-08 01:27:26,745] Trial 244 finished with value: 0.819100166765953 and parameters: {'lambda_l1': 0.2300731707641681, 'lambda_l2': 14.961701865091861, 'num_leaves': 41, 'feature_fraction': 0.6011425815018177, 'bagging_fraction': 0.6968366689892764, 'bagging_freq': 1, 'min_child_samples': 104}. Best is trial 235 with value: 0.8200227040686323.
[I 2025-04-08 01:27:28,271] Trial 245 finished with value: 0.8192678289322233 and parameters: {'lambda_l1': 0.1646931371155443, 'lambda_l2': 15.658263002692514, 'num_leaves': 40, 'feature_fraction': 0.6021832368574009, 'bagging_fraction': 0.699317690587572, 'bagging_freq': 1, 'min_child_samples': 109}. Best is trial 235 with value: 0.8200227040686323.
[I 2025-04-08 01:27:29,908] Trial 246 finished with value: 0.8191421482055526 and parameters: {'lambda_l1': 0.17081222539629753, 'lambda_l2': 15.378662052600864, 'num_leaves': 45, 'feature_fraction': 0.60204518910805, 'bagging_fraction': 0.7008097628546684, 'bagging_freq': 1, 'min_child_samples': 104}. Best is trial 235 with value: 0.8200227040686323.
[I 2025-04-08 01:27:32,057] Trial 247 finished with value: 0.8187649302974551 and parameters: {'lambda_l1': 0.18674670748495367, 'lambda_l2': 16.074005676614952, 'num_leaves': 45, 'feature_fraction': 0.6063382001301866, 'bagging_fraction': 0.6977190960203047, 'bagging_freq': 1, 'min_child_samples': 109}. Best is trial 235 with value: 0.8200227040686323.
