[I 2025-04-08 01:31:28,824] Trial 22 finished with value: 0.8172139542158046 and parameters: {'lambda_l1': 0.0003258654427998531, 'lambda_l2': 0.4404845126174503, 'num_leaves': 25, 'feature_fraction': 0.6175388919424808, 'bagging_fraction': 0.8472966577703843, 'bagging_freq': 2, 'min_child_samples': 34}. Best is trial 0 with value: 0.8183876596709316.
[I 2025-04-08 01:31:30,769] Trial 23 finished with value: 0.8186810552822983 and parameters: {'lambda_l1': 0.04835988867773262, 'lambda_l2': 9.927637492595773, 'num_leaves': 44, 'feature_fraction': 0.5235568920520811, 'bagging_fraction': 0.9527525333490261, 'bagging_freq': 5, 'min_child_samples': 51}. Best is trial 23 with value: 0.8186810552822983.
[I 2025-04-08 01:31:32,931] Trial 24 finished with value: 0.8167527558556993 and parameters: {'lambda_l1': 0.08653623887110658, 'lambda_l2': 0.024606634221041725, 'num_leaves': 45, 'feature_fraction': 0.504469242234805, 'bagging_fraction': 0.9518730025917013, 'bagging_freq': 5, 'min_child_samples': 51}. Best is trial 23 with value: 0.8186810552822983.
[I 2025-04-08 01:31:34,884] Trial 25 finished with value: 0.8122248932891202 and parameters: {'lambda_l1': 1.905202304942444, 'lambda_l2': 7.644677683133855, 'num_leaves': 63, 'feature_fraction': 0.40510372582337195, 'bagging_fraction': 0.7578155821698013, 'bagging_freq': 3, 'min_child_samples': 55}. Best is trial 23 with value: 0.8186810552822983.
[I 2025-04-08 01:31:35,828] Trial 26 finished with value: 0.8155369459513129 and parameters: {'lambda_l1': 0.0017023794508087566, 'lambda_l2': 0.0008136185853374261, 'num_leaves': 19, 'feature_fraction': 0.5273365497922635, 'bagging_fraction': 0.9643963206472251, 'bagging_freq': 5, 'min_child_samples': 26}. Best is trial 23 with value: 0.8186810552822983.
[I 2025-04-08 01:31:37,896] Trial 27 finished with value: 0.8177167122681048 and parameters: {'lambda_l1': 0.0824933534819106, 'lambda_l2': 6.13893393063773e-05, 'num_leaves': 66, 'feature_fraction': 0.6800282594009326, 'bagging_fraction': 0.8601668828188145, 'bagging_freq': 2, 'min_child_samples': 74}. Best is trial 23 with value: 0.8186810552822983.
[I 2025-04-08 01:31:39,408] Trial 28 finished with value: 0.8115121577475876 and parameters: {'lambda_l1': 0.008464315707600353, 'lambda_l2': 0.0769494722244987, 'num_leaves': 43, 'feature_fraction': 0.45345119646110044, 'bagging_fraction': 0.7142999095006963, 'bagging_freq': 7, 'min_child_samples': 44}. Best is trial 23 with value: 0.8186810552822983.
[I 2025-04-08 01:31:41,675] Trial 29 finished with value: 0.816542848657701 and parameters: {'lambda_l1': 5.3735583549331825, 'lambda_l2': 0.004375246297258916, 'num_leaves': 57, 'feature_fraction': 0.9981789137500228, 'bagging_fraction': 0.8011258402956158, 'bagging_freq': 4, 'min_child_samples': 34}. Best is trial 23 with value: 0.8186810552822983.
[I 2025-04-08 01:31:43,515] Trial 30 finished with value: 0.818094105904288 and parameters: {'lambda_l1': 0.10831767484868411, 'lambda_l2': 0.9694351186817655, 'num_leaves': 30, 'feature_fraction': 0.5455109649509222, 'bagging_fraction': 0.9543139871462617, 'bagging_freq': 1, 'min_child_samples': 121}. Best is trial 23 with value: 0.8186810552822983.
[I 2025-04-08 01:31:44,943] Trial 31 finished with value: 0.8178425687228609 and parameters: {'lambda_l1': 0.05495827113248936, 'lambda_l2': 12.310393637298283, 'num_leaves': 28, 'feature_fraction': 0.5474565346548946, 'bagging_fraction': 0.9725434833051729, 'bagging_freq': 1, 'min_child_samples': 124}. Best is trial 23 with value: 0.8186810552822983.
[I 2025-04-08 01:31:45,599] Trial 32 finished with value: 0.8051819576460169 and parameters: {'lambda_l1': 0.2860328122804522, 'lambda_l2': 0.8408314832403797, 'num_leaves': 6, 'feature_fraction': 0.5959138017613409, 'bagging_fraction': 0.9371847335170579, 'bagging_freq': 2, 'min_child_samples': 127}. Best is trial 23 with value: 0.8186810552822983.
[I 2025-04-08 01:31:46,398] Trial 33 finished with value: 0.8030858378978702 and parameters: {'lambda_l1': 26.924770929877166, 'lambda_l2': 2.9834885594512337, 'num_leaves': 50, 'feature_fraction': 0.49462937829910303, 'bagging_fraction': 0.8974992466247301, 'bagging_freq': 4, 'min_child_samples': 115}. Best is trial 23 with value: 0.8186810552822983.
[I 2025-04-08 01:31:47,823] Trial 34 finished with value: 0.8171716916112685 and parameters: {'lambda_l1': 3.9422613545586835, 'lambda_l2': 24.330708707051155, 'num_leaves': 37, 'feature_fraction': 0.6932090380517621, 'bagging_fraction': 0.9829234225119577, 'bagging_freq': 2, 'min_child_samples': 114}. Best is trial 23 with value: 0.8186810552822983.
[I 2025-04-08 01:31:48,875] Trial 35 finished with value: 0.8162914169131253 and parameters: {'lambda_l1': 0.1895424613010706, 'lambda_l2': 1.1948500833774598, 'num_leaves': 21, 'feature_fraction': 0.6032491606274258, 'bagging_fraction': 0.9032706976262896, 'bagging_freq': 3, 'min_child_samples': 95}. Best is trial 23 with value: 0.8186810552822983.
[I 2025-04-08 01:31:49,754] Trial 36 finished with value: 0.8131893944585906 and parameters: {'lambda_l1': 0.00033915795999502394, 'lambda_l2': 13.711434090936052, 'num_leaves': 11, 'feature_fraction': 0.536676768465782, 'bagging_fraction': 0.6345335471950547, 'bagging_freq': 1, 'min_child_samples': 108}. Best is trial 23 with value: 0.8186810552822983.
[I 2025-04-08 01:31:51,816] Trial 37 finished with value: 0.8120153902657183 and parameters: {'lambda_l1': 0.007741242007641044, 'lambda_l2': 0.30747864194943364, 'num_leaves': 55, 'feature_fraction': 0.43572783622340094, 'bagging_fraction': 0.7984169266391903, 'bagging_freq': 8, 'min_child_samples': 93}. Best is trial 23 with value: 0.8186810552822983.
[I 2025-04-08 01:31:53,993] Trial 38 finished with value: 0.8170878868873462 and parameters: {'lambda_l1': 0.5976020017046743, 'lambda_l2': 0.006558428524035314, 'num_leaves': 41, 'feature_fraction': 0.8911233498597693, 'bagging_fraction': 0.9556548790017009, 'bagging_freq': 4, 'min_child_samples': 120}. Best is trial 23 with value: 0.8186810552822983.
[I 2025-04-08 01:31:55,142] Trial 39 finished with value: 0.8164170624941789 and parameters: {'lambda_l1': 0.021301825871813035, 'lambda_l2': 0.07040767310714251, 'num_leaves': 31, 'feature_fraction': 0.559348667984337, 'bagging_fraction': 0.5345581694425363, 'bagging_freq': 6, 'min_child_samples': 26}. Best is trial 23 with value: 0.8186810552822983.
[I 2025-04-08 01:31:56,308] Trial 40 finished with value: 0.8133153212045808 and parameters: {'lambda_l1': 18.72378013559277, 'lambda_l2': 29.850501436830086, 'num_leaves': 51, 'feature_fraction': 0.717516681517467, 'bagging_fraction': 0.8687833645941814, 'bagging_freq': 2, 'min_child_samples': 75}. Best is trial 23 with value: 0.8186810552822983.
[I 2025-04-08 01:31:58,868] Trial 41 finished with value: 0.8161237020284293 and parameters: {'lambda_l1': 4.4542744513000585e-06, 'lambda_l2': 6.8648317360594975, 'num_leaves': 87, 'feature_fraction': 0.6302754662874726, 'bagging_fraction': 0.9167977566704197, 'bagging_freq': 10, 'min_child_samples': 14}. Best is trial 23 with value: 0.8186810552822983.
[I 2025-04-08 01:32:00,966] Trial 42 finished with value: 0.8155368580872701 and parameters: {'lambda_l1': 0.00011403228489093807, 'lambda_l2': 96.07728749366157, 'num_leaves': 76, 'feature_fraction': 0.6727737925094948, 'bagging_fraction': 0.898504783664261, 'bagging_freq': 10, 'min_child_samples': 59}. Best is trial 23 with value: 0.8186810552822983.
[I 2025-04-08 01:32:03,047] Trial 43 finished with value: 0.8172137609149107 and parameters: {'lambda_l1': 0.0010070933997570353, 'lambda_l2': 46.128736724057795, 'num_leaves': 64, 'feature_fraction': 0.5842938261332417, 'bagging_fraction': 0.8287219491688054, 'bagging_freq': 11, 'min_child_samples': 11}. Best is trial 23 with value: 0.8186810552822983.
[I 2025-04-08 01:32:05,972] Trial 44 finished with value: 0.8159141287137934 and parameters: {'lambda_l1': 9.016082455044453e-07, 'lambda_l2': 3.1189781728760937, 'num_leaves': 83, 'feature_fraction': 0.7525987710604117, 'bagging_fraction': 0.7737318737145568, 'bagging_freq': 1, 'min_child_samples': 48}. Best is trial 23 with value: 0.8186810552822983.
[I 2025-04-08 01:32:07,229] Trial 45 finished with value: 0.8131473251549484 and parameters: {'lambda_l1': 0.18576772507974346, 'lambda_l2': 24.966027819322385, 'num_leaves': 32, 'feature_fraction': 0.4693769406718043, 'bagging_fraction': 0.9391615337710507, 'bagging_freq': 8, 'min_child_samples': 27}. Best is trial 23 with value: 0.8186810552822983.
[I 2025-04-08 01:32:09,835] Trial 46 finished with value: 0.8149916441295397 and parameters: {'lambda_l1': 4.178294462218631e-09, 'lambda_l2': 0.6871103130894943, 'num_leaves': 95, 'feature_fraction': 0.6203731670887147, 'bagging_fraction': 0.8809698362068683, 'bagging_freq': 12, 'min_child_samples': 106}. Best is trial 23 with value: 0.8186810552822983.
[I 2025-04-08 01:32:11,939] Trial 47 finished with value: 0.8167525274091881 and parameters: {'lambda_l1': 0.00293831745390673, 'lambda_l2': 1.1468886844729949e-06, 'num_leaves': 72, 'feature_fraction': 0.5695196301421859, 'bagging_fraction': 0.9920350541836811, 'bagging_freq': 3, 'min_child_samples': 35}. Best is trial 23 with value: 0.8186810552822983.
[I 2025-04-08 01:32:13,793] Trial 48 finished with value: 0.8159139178400909 and parameters: {'lambda_l1': 0.00010954543112541562, 'lambda_l2': 2.528891559689039, 'num_leaves': 61, 'feature_fraction': 0.6565470521403752, 'bagging_fraction': 0.40554025980309877, 'bagging_freq': 6, 'min_child_samples': 21}. Best is trial 23 with value: 0.8186810552822983.
[I 2025-04-08 01:32:15,812] Trial 49 finished with value: 0.8173393186319217 and parameters: {'lambda_l1': 0.01784310060510226, 'lambda_l2': 8.376731709814605e-08, 'num_leaves': 46, 'feature_fraction': 0.5114413355419193, 'bagging_fraction': 0.9335354894260149, 'bagging_freq': 14, 'min_child_samples': 71}. Best is trial 23 with value: 0.8186810552822983.
[I 2025-04-08 01:32:17,385] Trial 50 finished with value: 0.8149081381433625 and parameters: {'lambda_l1': 1.3834796275397385, 'lambda_l2': 45.95525944041064, 'num_leaves': 71, 'feature_fraction': 0.5426596084561778, 'bagging_fraction': 0.47077206354946943, 'bagging_freq': 1, 'min_child_samples': 61}. Best is trial 23 with value: 0.8186810552822983.
[I 2025-04-08 01:32:18,537] Trial 51 finished with value: 0.8168363145603019 and parameters: {'lambda_l1': 0.06470319992968257, 'lambda_l2': 8.111683883304922, 'num_leaves': 27, 'feature_fraction': 0.5423143161275504, 'bagging_fraction': 0.9680039409460595, 'bagging_freq': 1, 'min_child_samples': 122}. Best is trial 23 with value: 0.8186810552822983.
[I 2025-04-08 01:32:19,898] Trial 52 finished with value: 0.8130634149941747 and parameters: {'lambda_l1': 0.07253423342034993, 'lambda_l2': 15.408361605215733, 'num_leaves': 35, 'feature_fraction': 0.4773791884626313, 'bagging_fraction': 0.9814478547280345, 'bagging_freq': 2, 'min_child_samples': 128}. Best is trial 23 with value: 0.8186810552822983.
[I 2025-04-08 01:32:21,121] Trial 53 finished with value: 0.815536822941653 and parameters: {'lambda_l1': 8.904161503883063e-06, 'lambda_l2': 88.5089964088671, 'num_leaves': 27, 'feature_fraction': 0.5845924532007768, 'bagging_fraction': 0.9624262958889644, 'bagging_freq': 1, 'min_child_samples': 113}. Best is trial 23 with value: 0.8186810552822983.
[I 2025-04-08 01:32:22,690] Trial 54 finished with value: 0.8180942464867563 and parameters: {'lambda_l1': 0.40719280704039285, 'lambda_l2': 4.263796654376158, 'num_leaves': 39, 'feature_fraction': 0.6118179453412109, 'bagging_fraction': 0.9177614708580489, 'bagging_freq': 3, 'min_child_samples': 101}. Best is trial 23 with value: 0.8186810552822983.
[I 2025-04-08 01:32:24,288] Trial 55 finished with value: 0.8172557072088933 and parameters: {'lambda_l1': 0.2715742102581152, 'lambda_l2': 0.112487284938858, 'num_leaves': 40, 'feature_fraction': 0.6454278929435452, 'bagging_fraction': 0.8807624729216039, 'bagging_freq': 5, 'min_child_samples': 101}. Best is trial 23 with value: 0.8186810552822983.
[I 2025-04-08 01:32:26,806] Trial 56 finished with value: 0.8176749241293992 and parameters: {'lambda_l1': 3.8775986120371573, 'lambda_l2': 4.480281086943652, 'num_leaves': 54, 'feature_fraction': 0.6094812544467979, 'bagging_fraction': 0.8448964024225515, 'bagging_freq': 3, 'min_child_samples': 89}. Best is trial 23 with value: 0.8186810552822983.
[I 2025-04-08 01:32:27,856] Trial 57 finished with value: 0.8154111246421738 and parameters: {'lambda_l1': 0.01582494857588234, 'lambda_l2': 1.28306484668572, 'num_leaves': 19, 'feature_fraction': 0.7073666556723104, 'bagging_fraction': 0.9161209172928738, 'bagging_freq': 4, 'min_child_samples': 6}. Best is trial 23 with value: 0.8186810552822983.
[I 2025-04-08 01:32:30,531] Trial 58 finished with value: 0.8139437248379349 and parameters: {'lambda_l1': 1.0611611123014677e-07, 'lambda_l2': 0.357847814180999, 'num_leaves': 81, 'feature_fraction': 0.7512018246950887, 'bagging_fraction': 0.8224495527218268, 'bagging_freq': 9, 'min_child_samples': 109}. Best is trial 23 with value: 0.8186810552822983.
[I 2025-04-08 01:32:32,176] Trial 59 finished with value: 0.8166267939640918 and parameters: {'lambda_l1': 0.7589108466808062, 'lambda_l2': 1.8233148798716352, 'num_leaves': 46, 'feature_fraction': 0.5670968113491143, 'bagging_fraction': 0.8589599267458131, 'bagging_freq': 2, 'min_child_samples': 80}. Best is trial 23 with value: 0.8186810552822983.
[I 2025-04-08 01:32:34,027] Trial 60 finished with value: 0.8161654023030923 and parameters: {'lambda_l1': 0.003182734429732211, 'lambda_l2': 5.6211205184280524e-05, 'num_leaves': 60, 'feature_fraction': 0.6301527588025669, 'bagging_fraction': 0.9465721220801222, 'bagging_freq': 4, 'min_child_samples': 42}. Best is trial 23 with value: 0.8186810552822983.
[I 2025-04-08 01:32:35,850] Trial 61 finished with value: 0.8176748889837822 and parameters: {'lambda_l1': 0.08986229156884434, 'lambda_l2': 12.963346529051565, 'num_leaves': 32, 'feature_fraction': 0.5178049708842498, 'bagging_fraction': 0.9750558751641687, 'bagging_freq': 1, 'min_child_samples': 123}. Best is trial 23 with value: 0.8186810552822983.
[I 2025-04-08 01:32:37,291] Trial 62 finished with value: 0.81113493983949 and parameters: {'lambda_l1': 0.032484673690400145, 'lambda_l2': 42.847073751738996, 'num_leaves': 38, 'feature_fraction': 0.49470448472478756, 'bagging_fraction': 0.9973947378071149, 'bagging_freq': 3, 'min_child_samples': 117}. Best is trial 23 with value: 0.8186810552822983.
[I 2025-04-08 01:32:38,384] Trial 63 finished with value: 0.8179684251776171 and parameters: {'lambda_l1': 0.05123427061902061, 'lambda_l2': 5.433352519570954, 'num_leaves': 24, 'feature_fraction': 0.5464079506749168, 'bagging_fraction': 0.894432716899273, 'bagging_freq': 2, 'min_child_samples': 56}. Best is trial 23 with value: 0.8186810552822983.
[I 2025-04-08 01:32:39,494] Trial 64 finished with value: 0.8174653508147633 and parameters: {'lambda_l1': 0.007949309062165476, 'lambda_l2': 4.9606995854652, 'num_leaves': 23, 'feature_fraction': 0.5908466704927473, 'bagging_fraction': 0.8928493947536352, 'bagging_freq': 2, 'min_child_samples': 47}. Best is trial 23 with value: 0.8186810552822983.
[I 2025-04-08 01:32:40,310] Trial 65 finished with value: 0.8096675751808681 and parameters: {'lambda_l1': 0.15664258623257313, 'lambda_l2': 23.184488664949903, 'num_leaves': 14, 'feature_fraction': 0.425319949152556, 'bagging_fraction': 0.9161158862208444, 'bagging_freq': 3, 'min_child_samples': 56}. Best is trial 23 with value: 0.8186810552822983.
[I 2025-04-08 01:32:43,575] Trial 66 finished with value: 0.8136503995178022 and parameters: {'lambda_l1': 0.5215425825802191, 'lambda_l2': 0.5211347495814429, 'num_leaves': 128, 'feature_fraction': 0.5244414584396079, 'bagging_fraction': 0.7467786792648887, 'bagging_freq': 7, 'min_child_samples': 65}. Best is trial 23 with value: 0.8186810552822983.
[I 2025-04-08 01:32:45,139] Trial 67 finished with value: 0.8172556720632762 and parameters: {'lambda_l1': 7.667832758536229, 'lambda_l2': 6.635263740739043, 'num_leaves': 42, 'feature_fraction': 0.5535982108588529, 'bagging_fraction': 0.6903625853331934, 'bagging_freq': 5, 'min_child_samples': 52}. Best is trial 23 with value: 0.8186810552822983.
[I 2025-04-08 01:32:47,267] Trial 68 finished with value: 0.8178845677352692 and parameters: {'lambda_l1': 0.00041747525273364526, 'lambda_l2': 0.21008228383885025, 'num_leaves': 50, 'feature_fraction': 0.6661548726236622, 'bagging_fraction': 0.7832061368074209, 'bagging_freq': 2, 'min_child_samples': 104}. Best is trial 23 with value: 0.8186810552822983.
[I 2025-04-08 01:32:47,872] Trial 69 finished with value: 0.7951201189327682 and parameters: {'lambda_l1': 71.37815862890675, 'lambda_l2': 1.5469505653834015, 'num_leaves': 35, 'feature_fraction': 0.45913984344070513, 'bagging_fraction': 0.9285505158136509, 'bagging_freq': 11, 'min_child_samples': 38}. Best is trial 23 with value: 0.8186810552822983.
[I 2025-04-08 01:32:48,396] Trial 70 finished with value: 0.7811173846037596 and parameters: {'lambda_l1': 2.525872499377499, 'lambda_l2': 0.046868853808293615, 'num_leaves': 3, 'feature_fraction': 0.49453668409102886, 'bagging_fraction': 0.8592273876241948, 'bagging_freq': 3, 'min_child_samples': 111}. Best is trial 23 with value: 0.8186810552822983.
[I 2025-04-08 01:32:50,274] Trial 71 finished with value: 0.8174234748120149 and parameters: {'lambda_l1': 0.0007992202378592998, 'lambda_l2': 0.22781800146202466, 'num_leaves': 48, 'feature_fraction': 0.6783609311985928, 'bagging_fraction': 0.7718628959478393, 'bagging_freq': 2, 'min_child_samples': 98}. Best is trial 23 with value: 0.8186810552822983.
[I 2025-04-08 01:32:52,188] Trial 72 finished with value: 0.8184713941036197 and parameters: {'lambda_l1': 0.03883078243892123, 'lambda_l2': 0.013034757338569193, 'num_leaves': 51, 'feature_fraction': 0.6939680059471783, 'bagging_fraction': 0.7253073720104718, 'bagging_freq': 2, 'min_child_samples': 106}. Best is trial 23 with value: 0.8186810552822983.
[I 2025-04-08 01:32:54,029] Trial 73 finished with value: 0.8167525801276139 and parameters: {'lambda_l1': 0.043008447933361275, 'lambda_l2': 46.02621274609611, 'num_leaves': 59, 'feature_fraction': 0.6911227896151247, 'bagging_fraction': 0.7216895586678604, 'bagging_freq': 1, 'min_child_samples': 89}. Best is trial 23 with value: 0.8186810552822983.
[I 2025-04-08 01:32:55,572] Trial 74 finished with value: 0.817968196731106 and parameters: {'lambda_l1': 0.013171527078858254, 'lambda_l2': 0.0013210344265331493, 'num_leaves': 44, 'feature_fraction': 0.6121336879203457, 'bagging_fraction': 0.9497460739270515, 'bagging_freq': 4, 'min_child_samples': 69}. Best is trial 23 with value: 0.8186810552822983.
[I 2025-04-08 01:32:57,448] Trial 75 finished with value: 0.8167946318584475 and parameters: {'lambda_l1': 0.011236070969109295, 'lambda_l2': 0.0006475008114851737, 'num_leaves': 44, 'feature_fraction': 0.6094147445317679, 'bagging_fraction': 0.6727435928173775, 'bagging_freq': 4, 'min_child_samples': 56}. Best is trial 23 with value: 0.8186810552822983.
[I 2025-04-08 01:32:58,887] Trial 76 finished with value: 0.8172554963351908 and parameters: {'lambda_l1': 0.004385484230344911, 'lambda_l2': 0.008750130630298432, 'num_leaves': 39, 'feature_fraction': 0.7388526057468214, 'bagging_fraction': 0.9537923196774734, 'bagging_freq': 4, 'min_child_samples': 48}. Best is trial 23 with value: 0.8186810552822983.
[I 2025-04-08 01:33:00,751] Trial 77 finished with value: 0.8154111246421737 and parameters: {'lambda_l1': 0.11405668326208172, 'lambda_l2': 0.00131764815355087, 'num_leaves': 53, 'feature_fraction': 0.6320717870570776, 'bagging_fraction': 0.6092767511573559, 'bagging_freq': 3, 'min_child_samples': 98}. Best is trial 23 with value: 0.8186810552822983.
[I 2025-04-08 01:33:02,348] Trial 78 finished with value: 0.8176330832722678 and parameters: {'lambda_l1': 0.028802189514383063, 'lambda_l2': 0.0031438426803501456, 'num_leaves': 34, 'feature_fraction': 0.5765310855584331, 'bagging_fraction': 0.8902505019990248, 'bagging_freq': 2, 'min_child_samples': 69}. Best is trial 23 with value: 0.8186810552822983.
[I 2025-04-08 01:33:04,219] Trial 79 finished with value: 0.8181359819070364 and parameters: {'lambda_l1': 0.0016156397630021546, 'lambda_l2': 0.00017486591761304383, 'num_leaves': 51, 'feature_fraction': 0.5336328411709232, 'bagging_fraction': 0.9253486585185591, 'bagging_freq': 2, 'min_child_samples': 102}. Best is trial 23 with value: 0.8186810552822983.
[I 2025-04-08 01:33:05,738] Trial 80 finished with value: 0.8178844622984179 and parameters: {'lambda_l1': 1.1776319832876676, 'lambda_l2': 5.658867198451776e-05, 'num_leaves': 30, 'feature_fraction': 0.5260177953480188, 'bagging_fraction': 0.9117837602390122, 'bagging_freq': 2, 'min_child_samples': 103}. Best is trial 23 with value: 0.8186810552822983.
[I 2025-04-08 01:33:07,938] Trial 81 finished with value: 0.8166269521193685 and parameters: {'lambda_l1': 0.0011621248613717435, 'lambda_l2': 0.0001537788187827245, 'num_leaves': 48, 'feature_fraction': 0.5054283805744116, 'bagging_fraction': 0.9267698602346522, 'bagging_freq': 3, 'min_child_samples': 93}. Best is trial 23 with value: 0.8186810552822983.
[I 2025-04-08 01:33:09,485] Trial 82 finished with value: 0.8178426741597123 and parameters: {'lambda_l1': 0.0021416451182852125, 'lambda_l2': 0.0002531182370736202, 'num_leaves': 43, 'feature_fraction': 0.5570452281448124, 'bagging_fraction': 0.9506726768249545, 'bagging_freq': 1, 'min_child_samples': 118}. Best is trial 23 with value: 0.8186810552822983.
[I 2025-04-08 01:33:11,516] Trial 83 finished with value: 0.8172135148955911 and parameters: {'lambda_l1': 0.3950974522133113, 'lambda_l2': 8.630325178599192e-06, 'num_leaves': 53, 'feature_fraction': 0.8435494232445523, 'bagging_fraction': 0.93129348487505, 'bagging_freq': 2, 'min_child_samples': 30}. Best is trial 23 with value: 0.8186810552822983.
