[I 2025-04-08 21:18:36,465] Trial 349 finished with value: 0.8140693352733713 and parameters: {'max_depth': 12, 'learning_rate': 0.07180116773357853, 'n_estimators': 223, 'gamma': 0.03113168256386476, 'min_child_weight': 6, 'subsample': 0.7132047391968258, 'colsample_bytree': 0.7113503564407188}. Best is trial 347 with value: 0.8153689674744887.
[I 2025-04-08 21:18:38,616] Trial 350 finished with value: 0.813314706156282 and parameters: {'max_depth': 10, 'learning_rate': 0.10444456332208774, 'n_estimators': 244, 'gamma': 0.04493147526252836, 'min_child_weight': 6, 'subsample': 0.6994179715124844, 'colsample_bytree': 0.7342368071605573}. Best is trial 347 with value: 0.8153689674744887.
[I 2025-04-08 21:18:41,564] Trial 351 finished with value: 0.8141113518585881 and parameters: {'max_depth': 11, 'learning_rate': 0.06077074642468256, 'n_estimators': 261, 'gamma': 0.022984863574145066, 'min_child_weight': 6, 'subsample': 0.6586070528222522, 'colsample_bytree': 0.718883726622574}. Best is trial 347 with value: 0.8153689674744887.
[I 2025-04-08 21:18:43,750] Trial 352 finished with value: 0.8148658403932092 and parameters: {'max_depth': 9, 'learning_rate': 0.08459819617790827, 'n_estimators': 217, 'gamma': 0.034079951708543284, 'min_child_weight': 6, 'subsample': 0.6899108763726515, 'colsample_bytree': 0.7063697641173124}. Best is trial 347 with value: 0.8153689674744887.
[I 2025-04-08 21:18:45,270] Trial 353 finished with value: 0.7659408745283898 and parameters: {'max_depth': 9, 'learning_rate': 0.037330487839212674, 'n_estimators': 217, 'gamma': 0.05439440906128953, 'min_child_weight': 6, 'subsample': 0.6950956738824314, 'colsample_bytree': 0.5119267761261597}. Best is trial 347 with value: 0.8153689674744887.
[I 2025-04-08 21:18:47,094] Trial 354 finished with value: 0.81029624240635 and parameters: {'max_depth': 9, 'learning_rate': 0.022467874018153405, 'n_estimators': 216, 'gamma': 0.03785211715939526, 'min_child_weight': 6, 'subsample': 0.7035216713194299, 'colsample_bytree': 0.7061019913265016}. Best is trial 347 with value: 0.8153689674744887.
[I 2025-04-08 21:18:50,911] Trial 355 finished with value: 0.8134403341645271 and parameters: {'max_depth': 26, 'learning_rate': 0.05724847171609859, 'n_estimators': 221, 'gamma': 0.02566388426200129, 'min_child_weight': 6, 'subsample': 0.6891299249402709, 'colsample_bytree': 0.7161699305862195}. Best is trial 347 with value: 0.8153689674744887.
[I 2025-04-08 21:18:52,969] Trial 356 finished with value: 0.8151173951474446 and parameters: {'max_depth': 10, 'learning_rate': 0.07592339765161227, 'n_estimators': 227, 'gamma': 0.03721310284905961, 'min_child_weight': 6, 'subsample': 0.708558111926097, 'colsample_bytree': 0.730476502903555}. Best is trial 347 with value: 0.8153689674744887.
[I 2025-04-08 21:18:55,152] Trial 357 finished with value: 0.8137340285136391 and parameters: {'max_depth': 11, 'learning_rate': 0.08465028991694275, 'n_estimators': 226, 'gamma': 0.05248024012444474, 'min_child_weight': 6, 'subsample': 0.7147827476542449, 'colsample_bytree': 0.7356433339693556}. Best is trial 347 with value: 0.8153689674744887.
[I 2025-04-08 21:18:57,202] Trial 358 finished with value: 0.8143628363215895 and parameters: {'max_depth': 10, 'learning_rate': 0.05113010957813541, 'n_estimators': 228, 'gamma': 0.038421510939779614, 'min_child_weight': 6, 'subsample': 0.6780318344441923, 'colsample_bytree': 0.7257100392781537}. Best is trial 347 with value: 0.8153689674744887.
[I 2025-04-08 21:18:58,968] Trial 359 finished with value: 0.7834651645429929 and parameters: {'max_depth': 11, 'learning_rate': 0.07828930775331819, 'n_estimators': 237, 'gamma': 0.03333114244857137, 'min_child_weight': 6, 'subsample': 0.6690992172296277, 'colsample_bytree': 0.6560585001456416}. Best is trial 347 with value: 0.8153689674744887.
[I 2025-04-08 21:19:01,366] Trial 360 finished with value: 0.8124344314581389 and parameters: {'max_depth': 9, 'learning_rate': 0.04328139581951226, 'n_estimators': 232, 'gamma': 0.048311806025027715, 'min_child_weight': 6, 'subsample': 0.7239286722683507, 'colsample_bytree': 0.7325275130291306}. Best is trial 347 with value: 0.8153689674744887.
[I 2025-04-08 21:19:03,129] Trial 361 finished with value: 0.8143629066128237 and parameters: {'max_depth': 8, 'learning_rate': 0.1033350403087491, 'n_estimators': 239, 'gamma': 0.024055848024263173, 'min_child_weight': 6, 'subsample': 0.6876445029840152, 'colsample_bytree': 0.7223940758503081}. Best is trial 347 with value: 0.8153689674744887.
[I 2025-04-08 21:19:05,161] Trial 362 finished with value: 0.8121409479827294 and parameters: {'max_depth': 10, 'learning_rate': 0.029468726441943753, 'n_estimators': 221, 'gamma': 0.01877327046946165, 'min_child_weight': 6, 'subsample': 0.7101170610684316, 'colsample_bytree': 0.6843751316293819}. Best is trial 347 with value: 0.8153689674744887.
[I 2025-04-08 21:19:07,174] Trial 363 finished with value: 0.8140274416978144 and parameters: {'max_depth': 10, 'learning_rate': 0.05433573974218535, 'n_estimators': 225, 'gamma': 0.038040315191575046, 'min_child_weight': 6, 'subsample': 0.6960632573649866, 'colsample_bytree': 0.6997064257136856}. Best is trial 347 with value: 0.8153689674744887.
[I 2025-04-08 21:19:09,095] Trial 364 finished with value: 0.8148658228204007 and parameters: {'max_depth': 9, 'learning_rate': 0.07757225080004623, 'n_estimators': 230, 'gamma': 0.01010646903112581, 'min_child_weight': 6, 'subsample': 0.6611910949053574, 'colsample_bytree': 0.7147829488558943}. Best is trial 347 with value: 0.8153689674744887.
[I 2025-04-08 21:19:13,127] Trial 365 finished with value: 0.813146991271586 and parameters: {'max_depth': 27, 'learning_rate': 0.08552705243634691, 'n_estimators': 235, 'gamma': 0.010891031659124346, 'min_child_weight': 6, 'subsample': 0.6611718272503762, 'colsample_bytree': 0.7085292969091697}. Best is trial 347 with value: 0.8153689674744887.
[I 2025-04-08 21:19:15,206] Trial 366 finished with value: 0.8141112464217368 and parameters: {'max_depth': 9, 'learning_rate': 0.10492191506204938, 'n_estimators': 213, 'gamma': 0.009822964233975974, 'min_child_weight': 6, 'subsample': 0.6607684393016336, 'colsample_bytree': 0.6919045368454788}. Best is trial 347 with value: 0.8153689674744887.
[I 2025-04-08 21:19:17,142] Trial 367 finished with value: 0.8135663663473688 and parameters: {'max_depth': 8, 'learning_rate': 0.06261555422134342, 'n_estimators': 247, 'gamma': 0.030884406353998167, 'min_child_weight': 6, 'subsample': 0.670526214475528, 'colsample_bytree': 0.7332599457088077}. Best is trial 347 with value: 0.8153689674744887.
[I 2025-04-08 21:19:19,144] Trial 368 finished with value: 0.8122666638550173 and parameters: {'max_depth': 9, 'learning_rate': 0.037516790516703966, 'n_estimators': 230, 'gamma': 0.001018969348009232, 'min_child_weight': 6, 'subsample': 0.6904978559841023, 'colsample_bytree': 0.7163955963971946}. Best is trial 347 with value: 0.8153689674744887.
[I 2025-04-08 21:19:21,890] Trial 369 finished with value: 0.8144045717418695 and parameters: {'max_depth': 12, 'learning_rate': 0.05437629316392325, 'n_estimators': 217, 'gamma': 0.017866033054159472, 'min_child_weight': 6, 'subsample': 0.7072869692492705, 'colsample_bytree': 0.7042738064325487}. Best is trial 347 with value: 0.8153689674744887.
[I 2025-04-08 21:19:23,804] Trial 370 finished with value: 0.8146981957997472 and parameters: {'max_depth': 9, 'learning_rate': 0.07733930444277573, 'n_estimators': 242, 'gamma': 0.04816986615362374, 'min_child_weight': 6, 'subsample': 0.6773526694364832, 'colsample_bytree': 0.6800235711553081}. Best is trial 347 with value: 0.8153689674744887.
[I 2025-04-08 21:19:25,524] Trial 371 finished with value: 0.8151595698879381 and parameters: {'max_depth': 8, 'learning_rate': 0.08184665287684074, 'n_estimators': 240, 'gamma': 0.0543028112284076, 'min_child_weight': 6, 'subsample': 0.6739518926698382, 'colsample_bytree': 0.6764547412547655}. Best is trial 347 with value: 0.8153689674744887.
[I 2025-04-08 21:19:26,967] Trial 372 finished with value: 0.7898795208246567 and parameters: {'max_depth': 8, 'learning_rate': 0.11422070394976253, 'n_estimators': 241, 'gamma': 0.04824759622072318, 'min_child_weight': 6, 'subsample': 0.6762213454331863, 'colsample_bytree': 0.6646262588601135}. Best is trial 347 with value: 0.8153689674744887.
[I 2025-04-08 21:19:28,393] Trial 373 finished with value: 0.7833393608066623 and parameters: {'max_depth': 8, 'learning_rate': 0.07953380958796175, 'n_estimators': 235, 'gamma': 0.05725041517361325, 'min_child_weight': 6, 'subsample': 0.6709228942432894, 'colsample_bytree': 0.6472845936389986}. Best is trial 347 with value: 0.8153689674744887.
[I 2025-04-08 21:19:30,416] Trial 374 finished with value: 0.8150336607147566 and parameters: {'max_depth': 9, 'learning_rate': 0.08959557238429469, 'n_estimators': 240, 'gamma': 0.036909350869838105, 'min_child_weight': 6, 'subsample': 0.6834402902503395, 'colsample_bytree': 0.6761062140959072}. Best is trial 347 with value: 0.8153689674744887.
[I 2025-04-08 21:19:33,149] Trial 375 finished with value: 0.8144466410455118 and parameters: {'max_depth': 9, 'learning_rate': 0.08912987118759544, 'n_estimators': 243, 'gamma': 0.04059968977667301, 'min_child_weight': 6, 'subsample': 0.6805747983686046, 'colsample_bytree': 0.6706585013194434}. Best is trial 347 with value: 0.8153689674744887.
[I 2025-04-08 21:19:35,166] Trial 376 finished with value: 0.8130212578264896 and parameters: {'max_depth': 8, 'learning_rate': 0.04827959395308571, 'n_estimators': 238, 'gamma': 0.03594745131556606, 'min_child_weight': 6, 'subsample': 0.6675795408158789, 'colsample_bytree': 0.6787569979576804}. Best is trial 347 with value: 0.8153689674744887.
[I 2025-04-08 21:19:36,713] Trial 377 finished with value: 0.6377394866279713 and parameters: {'max_depth': 9, 'learning_rate': 0.00018890197185318983, 'n_estimators': 246, 'gamma': 0.04810328344894754, 'min_child_weight': 6, 'subsample': 0.6868395299000121, 'colsample_bytree': 0.6621247772039943}. Best is trial 347 with value: 0.8153689674744887.
[I 2025-04-08 21:19:38,659] Trial 378 finished with value: 0.8144885697666858 and parameters: {'max_depth': 9, 'learning_rate': 0.07101788385257611, 'n_estimators': 233, 'gamma': 0.03235515229987168, 'min_child_weight': 6, 'subsample': 0.6997432455999418, 'colsample_bytree': 0.6731079243433573}. Best is trial 347 with value: 0.8153689674744887.
[I 2025-04-08 21:19:40,704] Trial 379 finished with value: 0.8140273538337718 and parameters: {'max_depth': 9, 'learning_rate': 0.10621426663133177, 'n_estimators': 241, 'gamma': 0.0003559931830872981, 'min_child_weight': 6, 'subsample': 0.6638710976753434, 'colsample_bytree': 0.6838920712962482}. Best is trial 347 with value: 0.8153689674744887.
[I 2025-04-08 21:19:42,899] Trial 380 finished with value: 0.8153690377657229 and parameters: {'max_depth': 8, 'learning_rate': 0.08175051404094089, 'n_estimators': 229, 'gamma': 0.02772287506547848, 'min_child_weight': 6, 'subsample': 0.675482745442914, 'colsample_bytree': 0.6810073609579708}. Best is trial 380 with value: 0.8153690377657229.
[I 2025-04-08 21:19:43,149] A new study created in RDB with name: xgboost-num_features-2
[I 2025-04-08 21:19:45,256] Trial 0 finished with value: 0.7902987201723541 and parameters: {'max_depth': 8, 'learning_rate': 0.08175051404094089, 'n_estimators': 229, 'gamma': 0.02772287506547848, 'min_child_weight': 6, 'subsample': 0.675482745442914, 'colsample_bytree': 0.6810073609579708}. Best is trial 0 with value: 0.7902987201723541.
[I 2025-04-08 21:19:47,308] Trial 1 finished with value: 0.6377394866279713 and parameters: {'max_depth': 18, 'learning_rate': 0.001574435092973351, 'n_estimators': 137, 'gamma': 0.045697755827176854, 'min_child_weight': 6, 'subsample': 0.8471207559365539, 'colsample_bytree': 0.5899182459419374}. Best is trial 0 with value: 0.7902987201723541.
[I 2025-04-08 21:19:49,020] Trial 2 finished with value: 0.6377394866279713 and parameters: {'max_depth': 9, 'learning_rate': 0.0019900763002419167, 'n_estimators': 214, 'gamma': 0.5410983058767866, 'min_child_weight': 1, 'subsample': 0.7183894871760232, 'colsample_bytree': 0.89369863231369}. Best is trial 0 with value: 0.7902987201723541.
[I 2025-04-08 21:19:51,495] Trial 3 finished with value: 0.6377394866279713 and parameters: {'max_depth': 22, 'learning_rate': 6.318556284683634e-05, 'n_estimators': 186, 'gamma': 0.02222844888257178, 'min_child_weight': 2, 'subsample': 0.8940731094306189, 'colsample_bytree': 0.5428406466571429}. Best is trial 0 with value: 0.7902987201723541.
[I 2025-04-08 21:19:53,810] Trial 4 finished with value: 0.7939878677329847 and parameters: {'max_depth': 10, 'learning_rate': 0.2839652269199504, 'n_estimators': 253, 'gamma': 0.2904007482431747, 'min_child_weight': 2, 'subsample': 0.7351660309672072, 'colsample_bytree': 0.8147667658620115}. Best is trial 4 with value: 0.7939878677329847.
[I 2025-04-08 21:19:54,629] Trial 5 finished with value: 0.6377394866279713 and parameters: {'max_depth': 15, 'learning_rate': 0.0038115503148954395, 'n_estimators': 54, 'gamma': 0.47377142211007417, 'min_child_weight': 7, 'subsample': 0.5089830940202795, 'colsample_bytree': 0.9296797871845526}. Best is trial 4 with value: 0.7939878677329847.
[I 2025-04-08 21:19:56,056] Trial 6 finished with value: 0.793359077497843 and parameters: {'max_depth': 11, 'learning_rate': 0.2219783706540533, 'n_estimators': 150, 'gamma': 0.11242463398400453, 'min_child_weight': 2, 'subsample': 0.9174948736750932, 'colsample_bytree': 0.5978037991705656}. Best is trial 4 with value: 0.7939878677329847.
[I 2025-04-08 21:19:58,230] Trial 7 finished with value: 0.6377394866279713 and parameters: {'max_depth': 24, 'learning_rate': 0.0029311196732030903, 'n_estimators': 153, 'gamma': 0.25940631392728275, 'min_child_weight': 4, 'subsample': 0.6574351629160883, 'colsample_bytree': 0.5932099133347093}. Best is trial 4 with value: 0.7939878677329847.
[I 2025-04-08 21:20:00,282] Trial 8 finished with value: 0.6377394866279713 and parameters: {'max_depth': 8, 'learning_rate': 5.027685175559058e-05, 'n_estimators': 246, 'gamma': 0.36024718719320464, 'min_child_weight': 6, 'subsample': 0.621370884886194, 'colsample_bytree': 0.8014399630836339}. Best is trial 4 with value: 0.7939878677329847.
[I 2025-04-08 21:20:02,627] Trial 9 finished with value: 0.6377394866279713 and parameters: {'max_depth': 18, 'learning_rate': 0.00015217030093108157, 'n_estimators': 201, 'gamma': 0.18280616942531613, 'min_child_weight': 3, 'subsample': 0.6557411495382823, 'colsample_bytree': 0.8086634675858602}. Best is trial 4 with value: 0.7939878677329847.
[I 2025-04-08 21:20:05,324] Trial 10 finished with value: 0.7947006032745172 and parameters: {'max_depth': 32, 'learning_rate': 0.7511180399539639, 'n_estimators': 298, 'gamma': 0.3450182944976441, 'min_child_weight': 1, 'subsample': 0.8135528870142539, 'colsample_bytree': 0.7070313967757634}. Best is trial 10 with value: 0.7947006032745172.
[I 2025-04-08 21:20:08,095] Trial 11 finished with value: 0.7934845473508113 and parameters: {'max_depth': 31, 'learning_rate': 0.8713839935920863, 'n_estimators': 279, 'gamma': 0.35797838367626567, 'min_child_weight': 1, 'subsample': 0.797903392777928, 'colsample_bytree': 0.7298653109426426}. Best is trial 10 with value: 0.7947006032745172.
[I 2025-04-08 21:20:09,226] Trial 12 finished with value: 0.7932753606379632 and parameters: {'max_depth': 3, 'learning_rate': 0.1543081714246794, 'n_estimators': 297, 'gamma': 0.2763019692005256, 'min_child_weight': 3, 'subsample': 0.7798411006313797, 'colsample_bytree': 0.9931002296369354}. Best is trial 10 with value: 0.7947006032745172.
[I 2025-04-08 21:20:11,658] Trial 13 finished with value: 0.7697140201138366 and parameters: {'max_depth': 32, 'learning_rate': 0.025173510580499332, 'n_estimators': 263, 'gamma': 0.43991854320700907, 'min_child_weight': 1, 'subsample': 0.9588570842027291, 'colsample_bytree': 0.6913976408667735}. Best is trial 10 with value: 0.7947006032745172.
[I 2025-04-08 21:20:15,745] Trial 14 finished with value: 0.7929398430045286 and parameters: {'max_depth': 26, 'learning_rate': 0.9388885405441483, 'n_estimators': 298, 'gamma': 0.1997435451548199, 'min_child_weight': 2, 'subsample': 0.7448053986899174, 'colsample_bytree': 0.8150154319138365}. Best is trial 10 with value: 0.7947006032745172.
[I 2025-04-08 21:20:17,772] Trial 15 finished with value: 0.7803627027682445 and parameters: {'max_depth': 13, 'learning_rate': 0.04011109944969013, 'n_estimators': 253, 'gamma': 0.3663016078579057, 'min_child_weight': 3, 'subsample': 0.827405863120735, 'colsample_bytree': 0.8770399623187053}. Best is trial 10 with value: 0.7947006032745172.
[I 2025-04-08 21:20:18,199] Trial 16 finished with value: 0.7494646619606684 and parameters: {'max_depth': 3, 'learning_rate': 0.0095610063570727, 'n_estimators': 80, 'gamma': 0.5962854890398355, 'min_child_weight': 4, 'subsample': 0.5626754370221032, 'colsample_bytree': 0.6672972452991172}. Best is trial 10 with value: 0.7947006032745172.
[I 2025-04-08 21:20:19,249] Trial 17 finished with value: 0.7945329059626297 and parameters: {'max_depth': 27, 'learning_rate': 0.35965235688927005, 'n_estimators': 232, 'gamma': 0.4424228839865741, 'min_child_weight': 2, 'subsample': 0.8789021929328946, 'colsample_bytree': 0.7522951506140495}. Best is trial 10 with value: 0.7947006032745172.
[I 2025-04-08 21:20:21,814] Trial 18 finished with value: 0.6377394866279713 and parameters: {'max_depth': 28, 'learning_rate': 0.0004977940853826845, 'n_estimators': 228, 'gamma': 0.44172212055212295, 'min_child_weight': 1, 'subsample': 0.9983502198840413, 'colsample_bytree': 0.7462626775919619}. Best is trial 10 with value: 0.7947006032745172.
[I 2025-04-08 21:20:24,737] Trial 19 finished with value: 0.761035600752819 and parameters: {'max_depth': 29, 'learning_rate': 0.014103331493869518, 'n_estimators': 281, 'gamma': 0.501678392780227, 'min_child_weight': 5, 'subsample': 0.8708954690456194, 'colsample_bytree': 0.6392607962487667}. Best is trial 10 with value: 0.7947006032745172.
[I 2025-04-08 21:20:26,431] Trial 20 finished with value: 0.6377394866279713 and parameters: {'max_depth': 22, 'learning_rate': 1.6021379193774997e-05, 'n_estimators': 117, 'gamma': 0.39773329005628655, 'min_child_weight': 3, 'subsample': 0.933367111555402, 'colsample_bytree': 0.7263918324889178}. Best is trial 10 with value: 0.7947006032745172.
[I 2025-04-08 21:20:28,631] Trial 21 finished with value: 0.793736400842792 and parameters: {'max_depth': 29, 'learning_rate': 0.3558626083434823, 'n_estimators': 266, 'gamma': 0.30032771367495725, 'min_child_weight': 2, 'subsample': 0.8104107487367914, 'colsample_bytree': 0.791105907482154}. Best is trial 10 with value: 0.7947006032745172.
[I 2025-04-08 21:20:31,207] Trial 22 finished with value: 0.7944909596686471 and parameters: {'max_depth': 21, 'learning_rate': 0.37104911591927864, 'n_estimators': 237, 'gamma': 0.31665032798082804, 'min_child_weight': 2, 'subsample': 0.7279493053459892, 'colsample_bytree': 0.8546032926339187}. Best is trial 10 with value: 0.7947006032745172.
[I 2025-04-08 21:20:33,085] Trial 23 finished with value: 0.7893764991802285 and parameters: {'max_depth': 21, 'learning_rate': 0.08957104399925697, 'n_estimators': 188, 'gamma': 0.21141602345417718, 'min_child_weight': 1, 'subsample': 0.7744272848281583, 'colsample_bytree': 0.8702011344033913}. Best is trial 10 with value: 0.7947006032745172.
[I 2025-04-08 21:20:34,974] Trial 24 finished with value: 0.7936944545488094 and parameters: {'max_depth': 26, 'learning_rate': 0.541831187940972, 'n_estimators': 230, 'gamma': 0.3282517860404124, 'min_child_weight': 4, 'subsample': 0.8571175048665164, 'colsample_bytree': 0.7577284627503824}. Best is trial 10 with value: 0.7947006032745172.
[I 2025-04-08 21:20:36,751] Trial 25 finished with value: 0.7874898473098666 and parameters: {'max_depth': 26, 'learning_rate': 0.07047819343485641, 'n_estimators': 209, 'gamma': 0.4223127873858596, 'min_child_weight': 2, 'subsample': 0.7205526520451637, 'colsample_bytree': 0.9192581562947387}. Best is trial 10 with value: 0.7947006032745172.
[I 2025-04-08 21:20:37,780] Trial 26 finished with value: 0.7923529639177522 and parameters: {'max_depth': 32, 'learning_rate': 0.16874384669250195, 'n_estimators': 169, 'gamma': 0.5019867893237401, 'min_child_weight': 1, 'subsample': 0.8986478864583726, 'colsample_bytree': 0.9935840737775061}. Best is trial 10 with value: 0.7947006032745172.
[I 2025-04-08 21:20:41,210] Trial 27 finished with value: 0.7938620112782286 and parameters: {'max_depth': 20, 'learning_rate': 0.4286613942104464, 'n_estimators': 281, 'gamma': 0.24972652659212435, 'min_child_weight': 3, 'subsample': 0.6936981675997895, 'colsample_bytree': 0.8439403387730982}. Best is trial 10 with value: 0.7947006032745172.
[I 2025-04-08 21:20:43,700] Trial 28 finished with value: 0.7729002866125072 and parameters: {'max_depth': 24, 'learning_rate': 0.03059483871335692, 'n_estimators': 241, 'gamma': 0.40377879541014455, 'min_child_weight': 2, 'subsample': 0.7696285277151629, 'colsample_bytree': 0.7637115151166085}. Best is trial 10 with value: 0.7947006032745172.
[I 2025-04-08 21:20:46,557] Trial 29 finished with value: 0.7923109824781528 and parameters: {'max_depth': 30, 'learning_rate': 0.11568393997269878, 'n_estimators': 225, 'gamma': 0.3257020068585066, 'min_child_weight': 5, 'subsample': 0.6020069920315435, 'colsample_bytree': 0.6903741040142003}. Best is trial 10 with value: 0.7947006032745172.
[I 2025-04-08 21:20:49,224] Trial 30 finished with value: 0.7882443885629132 and parameters: {'max_depth': 24, 'learning_rate': 0.0622088469826541, 'n_estimators': 271, 'gamma': 0.1496738901514408, 'min_child_weight': 1, 'subsample': 0.8186617215054866, 'colsample_bytree': 0.6441087119542046}. Best is trial 10 with value: 0.7947006032745172.
