[I 2025-04-08 01:03:43,707] Trial 95 finished with value: 0.8188484714292492 and parameters: {'lambda_l1': 9.507039137676385e-05, 'lambda_l2': 7.259069971788804e-08, 'num_leaves': 47, 'feature_fraction': 0.6209016892724689, 'bagging_fraction': 0.7245714225672822, 'bagging_freq': 5, 'min_child_samples': 92}. Best is trial 91 with value: 0.8196870282799207.
[I 2025-04-08 01:03:45,450] Trial 96 finished with value: 0.818052177183114 and parameters: {'lambda_l1': 0.0005799276119873214, 'lambda_l2': 2.2266859851467558e-07, 'num_leaves': 26, 'feature_fraction': 0.5440011757983431, 'bagging_fraction': 0.7917004101886982, 'bagging_freq': 4, 'min_child_samples': 101}. Best is trial 91 with value: 0.8196870282799207.
[I 2025-04-08 01:03:47,468] Trial 97 finished with value: 0.8172133918859312 and parameters: {'lambda_l1': 7.140941572698401e-07, 'lambda_l2': 1.2769976564735919e-09, 'num_leaves': 53, 'feature_fraction': 0.7967423456171888, 'bagging_fraction': 0.706899324187304, 'bagging_freq': 1, 'min_child_samples': 109}. Best is trial 91 with value: 0.8196870282799207.
[I 2025-04-08 01:03:49,328] Trial 98 finished with value: 0.8180934381375634 and parameters: {'lambda_l1': 0.00028291477764100774, 'lambda_l2': 4.866396093277581e-06, 'num_leaves': 50, 'feature_fraction': 0.8444376299927839, 'bagging_fraction': 0.7416810864010378, 'bagging_freq': 6, 'min_child_samples': 117}. Best is trial 91 with value: 0.8196870282799207.
[I 2025-04-08 01:03:50,496] Trial 99 finished with value: 0.8189743454568139 and parameters: {'lambda_l1': 1.3542890037375147e-05, 'lambda_l2': 2.725239752316536e-05, 'num_leaves': 29, 'feature_fraction': 0.5847691174955338, 'bagging_fraction': 0.6902195219708666, 'bagging_freq': 7, 'min_child_samples': 96}. Best is trial 91 with value: 0.8196870282799207.
[I 2025-04-08 01:03:52,063] Trial 100 finished with value: 0.8191003249212299 and parameters: {'lambda_l1': 5.390994293725905e-06, 'lambda_l2': 4.770244763359642e-07, 'num_leaves': 40, 'feature_fraction': 0.526315476540904, 'bagging_fraction': 0.8265972487115679, 'bagging_freq': 2, 'min_child_samples': 105}. Best is trial 91 with value: 0.8196870282799207.
[I 2025-04-08 01:03:53,883] Trial 101 finished with value: 0.8194774198196677 and parameters: {'lambda_l1': 5.2133288034582305e-06, 'lambda_l2': 1.3369350295583084e-06, 'num_leaves': 42, 'feature_fraction': 0.523970241771411, 'bagging_fraction': 0.8226125076170036, 'bagging_freq': 1, 'min_child_samples': 100}. Best is trial 91 with value: 0.8196870282799207.
[I 2025-04-08 01:03:55,841] Trial 102 finished with value: 0.8198128320162514 and parameters: {'lambda_l1': 2.6215975691052066e-06, 'lambda_l2': 1.1819960736742225e-06, 'num_leaves': 32, 'feature_fraction': 0.49098560488737336, 'bagging_fraction': 0.8129407951460219, 'bagging_freq': 1, 'min_child_samples': 101}. Best is trial 102 with value: 0.8198128320162514.
[I 2025-04-08 01:03:57,263] Trial 103 finished with value: 0.8197290097195203 and parameters: {'lambda_l1': 2.330334925032064e-06, 'lambda_l2': 1.7195392862652084e-06, 'num_leaves': 33, 'feature_fraction': 0.4789073600734096, 'bagging_fraction': 0.8692435100329783, 'bagging_freq': 1, 'min_child_samples': 100}. Best is trial 102 with value: 0.8198128320162514.
[I 2025-04-08 01:03:58,783] Trial 104 finished with value: 0.8176746078188455 and parameters: {'lambda_l1': 2.9600994044796466e-06, 'lambda_l2': 1.1773196076282753e-06, 'num_leaves': 35, 'feature_fraction': 0.497059278996261, 'bagging_fraction': 0.8701398197341009, 'bagging_freq': 1, 'min_child_samples': 24}. Best is trial 102 with value: 0.8198128320162514.
[I 2025-04-08 01:04:00,109] Trial 105 finished with value: 0.8182617329249414 and parameters: {'lambda_l1': 3.6664604572384065e-07, 'lambda_l2': 2.095132638800627e-06, 'num_leaves': 31, 'feature_fraction': 0.4454339455700858, 'bagging_fraction': 0.8135267106268367, 'bagging_freq': 2, 'min_child_samples': 100}. Best is trial 102 with value: 0.8198128320162514.
[I 2025-04-08 01:04:01,356] Trial 106 finished with value: 0.8201062803460438 and parameters: {'lambda_l1': 4.412017339988398e-05, 'lambda_l2': 6.592894243043978e-06, 'num_leaves': 24, 'feature_fraction': 0.5503726907862693, 'bagging_fraction': 0.8503424138138097, 'bagging_freq': 1, 'min_child_samples': 95}. Best is trial 106 with value: 0.8201062803460438.
[I 2025-04-08 01:04:02,504] Trial 107 finished with value: 0.8175909963958169 and parameters: {'lambda_l1': 3.024591637541047e-05, 'lambda_l2': 1.3990035914962348e-06, 'num_leaves': 23, 'feature_fraction': 0.55329413914954, 'bagging_fraction': 0.8871164563467624, 'bagging_freq': 1, 'min_child_samples': 95}. Best is trial 106 with value: 0.8201062803460438.
[I 2025-04-08 01:04:03,508] Trial 108 finished with value: 0.8180101605978972 and parameters: {'lambda_l1': 6.556584490238338e-05, 'lambda_l2': 7.635276408672777e-06, 'num_leaves': 18, 'feature_fraction': 0.5720050394239762, 'bagging_fraction': 0.8517961893834792, 'bagging_freq': 1, 'min_child_samples': 90}. Best is trial 106 with value: 0.8201062803460438.
[I 2025-04-08 01:04:04,833] Trial 109 finished with value: 0.8183875190884633 and parameters: {'lambda_l1': 1.1738378154082482e-05, 'lambda_l2': 2.708265599251565e-07, 'num_leaves': 32, 'feature_fraction': 0.5182474929789611, 'bagging_fraction': 0.8668751311100399, 'bagging_freq': 1, 'min_child_samples': 104}. Best is trial 106 with value: 0.8201062803460438.
[I 2025-04-08 01:04:06,173] Trial 110 finished with value: 0.8142791370345183 and parameters: {'lambda_l1': 5.244470332632342e-06, 'lambda_l2': 7.621241920678723e-07, 'num_leaves': 11, 'feature_fraction': 0.49433169808050675, 'bagging_fraction': 0.9245245209117016, 'bagging_freq': 2, 'min_child_samples': 101}. Best is trial 106 with value: 0.8201062803460438.
[I 2025-04-08 01:04:07,543] Trial 111 finished with value: 0.8197289570010946 and parameters: {'lambda_l1': 2.342422259954218e-06, 'lambda_l2': 5.817688666888067e-06, 'num_leaves': 27, 'feature_fraction': 0.5055876268767475, 'bagging_fraction': 0.8197428070099225, 'bagging_freq': 1, 'min_child_samples': 96}. Best is trial 106 with value: 0.8201062803460438.
[I 2025-04-08 01:04:08,761] Trial 112 finished with value: 0.8198548661742766 and parameters: {'lambda_l1': 2.188499187977886e-06, 'lambda_l2': 5.301131291197042e-06, 'num_leaves': 22, 'feature_fraction': 0.4603611052362096, 'bagging_fraction': 0.8430854692277808, 'bagging_freq': 1, 'min_child_samples': 96}. Best is trial 106 with value: 0.8201062803460438.
[I 2025-04-08 01:04:10,003] Trial 113 finished with value: 0.8187228434210041 and parameters: {'lambda_l1': 2.2854993530358634e-06, 'lambda_l2': 5.331840343518439e-06, 'num_leaves': 22, 'feature_fraction': 0.50610803782179, 'bagging_fraction': 0.8455400774978789, 'bagging_freq': 1, 'min_child_samples': 113}. Best is trial 106 with value: 0.8201062803460438.
[I 2025-04-08 01:04:11,290] Trial 114 finished with value: 0.8185552866915848 and parameters: {'lambda_l1': 6.687121633308524e-07, 'lambda_l2': 1.1782592667338234e-05, 'num_leaves': 27, 'feature_fraction': 0.4525457781101139, 'bagging_fraction': 0.8800177025522513, 'bagging_freq': 2, 'min_child_samples': 95}. Best is trial 106 with value: 0.8201062803460438.
[I 2025-04-08 01:04:12,493] Trial 115 finished with value: 0.8176748186925478 and parameters: {'lambda_l1': 3.5589260675822654e-06, 'lambda_l2': 2.522294430941665e-06, 'num_leaves': 19, 'feature_fraction': 0.4775515998059128, 'bagging_fraction': 0.827625792674148, 'bagging_freq': 1, 'min_child_samples': 91}. Best is trial 106 with value: 0.8201062803460438.
[I 2025-04-08 01:04:13,388] Trial 116 finished with value: 0.8157883952686971 and parameters: {'lambda_l1': 1.0034745181415833e-07, 'lambda_l2': 2.6813838358264587e-05, 'num_leaves': 12, 'feature_fraction': 0.46824411962143786, 'bagging_fraction': 0.8359545130454, 'bagging_freq': 2, 'min_child_samples': 100}. Best is trial 106 with value: 0.8201062803460438.
[I 2025-04-08 01:04:14,632] Trial 117 finished with value: 0.8188908043250196 and parameters: {'lambda_l1': 1.569676694175194e-06, 'lambda_l2': 1.5763112974168416e-05, 'num_leaves': 23, 'feature_fraction': 0.4907578272612302, 'bagging_fraction': 0.9013827931189372, 'bagging_freq': 1, 'min_child_samples': 108}. Best is trial 106 with value: 0.8201062803460438.
[I 2025-04-08 01:04:16,635] Trial 118 finished with value: 0.8131472021452885 and parameters: {'lambda_l1': 9.756732565348507e-07, 'lambda_l2': 3.6769600523765244e-06, 'num_leaves': 33, 'feature_fraction': 0.427451230490686, 'bagging_fraction': 0.8616160119068802, 'bagging_freq': 2, 'min_child_samples': 103}. Best is trial 106 with value: 0.8201062803460438.
[I 2025-04-08 01:04:18,000] Trial 119 finished with value: 0.8187229312850469 and parameters: {'lambda_l1': 9.460188890123133e-06, 'lambda_l2': 4.449012026547793e-07, 'num_leaves': 29, 'feature_fraction': 0.5164056424620934, 'bagging_fraction': 0.8175011852083103, 'bagging_freq': 3, 'min_child_samples': 93}. Best is trial 106 with value: 0.8201062803460438.
[I 2025-04-08 01:04:19,316] Trial 120 finished with value: 0.818848594438909 and parameters: {'lambda_l1': 1.8931580581423343e-07, 'lambda_l2': 6.917976086315636e-05, 'num_leaves': 24, 'feature_fraction': 0.5572888781713843, 'bagging_fraction': 0.7999667871659665, 'bagging_freq': 1, 'min_child_samples': 96}. Best is trial 106 with value: 0.8201062803460438.
[I 2025-04-08 01:04:21,099] Trial 121 finished with value: 0.8193934217948516 and parameters: {'lambda_l1': 5.738421007728155e-06, 'lambda_l2': 1.691244493821304e-06, 'num_leaves': 42, 'feature_fraction': 0.5413370962419973, 'bagging_fraction': 0.8499518113214785, 'bagging_freq': 1, 'min_child_samples': 98}. Best is trial 106 with value: 0.8201062803460438.
[I 2025-04-08 01:04:22,724] Trial 122 finished with value: 0.818219962359044 and parameters: {'lambda_l1': 4.6403101934831355e-07, 'lambda_l2': 9.717792940274788e-07, 'num_leaves': 27, 'feature_fraction': 0.5250087844603033, 'bagging_fraction': 0.814023239344281, 'bagging_freq': 3, 'min_child_samples': 89}. Best is trial 106 with value: 0.8201062803460438.
[I 2025-04-08 01:04:24,328] Trial 123 finished with value: 0.8178422699851158 and parameters: {'lambda_l1': 2.230995085228822e-05, 'lambda_l2': 8.842647068063194e-06, 'num_leaves': 36, 'feature_fraction': 0.4548155559012487, 'bagging_fraction': 0.7981729811124444, 'bagging_freq': 2, 'min_child_samples': 100}. Best is trial 106 with value: 0.8201062803460438.
[I 2025-04-08 01:04:25,344] Trial 124 finished with value: 0.8169202071482671 and parameters: {'lambda_l1': 2.015945719102952e-06, 'lambda_l2': 3.6236877565261334e-06, 'num_leaves': 15, 'feature_fraction': 0.6027534329149407, 'bagging_fraction': 0.7901737013076383, 'bagging_freq': 1, 'min_child_samples': 85}. Best is trial 106 with value: 0.8201062803460438.
[I 2025-04-08 01:04:27,543] Trial 125 finished with value: 0.8188904352960403 and parameters: {'lambda_l1': 5.277496292341058e-05, 'lambda_l2': 6.299902153189869e-07, 'num_leaves': 39, 'feature_fraction': 0.5470109270161643, 'bagging_fraction': 0.8317977299894684, 'bagging_freq': 1, 'min_child_samples': 123}. Best is trial 106 with value: 0.8201062803460438.
[I 2025-04-08 01:04:28,621] Trial 126 finished with value: 0.8183456606585235 and parameters: {'lambda_l1': 6.965104821748832e-06, 'lambda_l2': 2.4410506451551e-06, 'num_leaves': 19, 'feature_fraction': 0.5011809572418476, 'bagging_fraction': 0.8602330931729709, 'bagging_freq': 2, 'min_child_samples': 105}. Best is trial 106 with value: 0.8201062803460438.
[I 2025-04-08 01:04:30,172] Trial 127 finished with value: 0.8176745375276113 and parameters: {'lambda_l1': 3.2921769585995588e-06, 'lambda_l2': 4.837285847133625e-06, 'num_leaves': 43, 'feature_fraction': 0.6203637327611754, 'bagging_fraction': 0.8974695159344855, 'bagging_freq': 2, 'min_child_samples': 110}. Best is trial 106 with value: 0.8201062803460438.
[I 2025-04-08 01:04:31,585] Trial 128 finished with value: 0.8182194703204051 and parameters: {'lambda_l1': 1.555216271659784e-05, 'lambda_l2': 1.9162056925473057e-05, 'num_leaves': 30, 'feature_fraction': 0.5833605899931302, 'bagging_fraction': 0.8084209824028084, 'bagging_freq': 1, 'min_child_samples': 102}. Best is trial 106 with value: 0.8201062803460438.
[I 2025-04-08 01:04:33,088] Trial 129 finished with value: 0.8198128671618685 and parameters: {'lambda_l1': 1.0141706488216016e-05, 'lambda_l2': 1.200680099360092e-06, 'num_leaves': 33, 'feature_fraction': 0.5624828831394785, 'bagging_fraction': 0.8759129591244118, 'bagging_freq': 3, 'min_child_samples': 97}. Best is trial 106 with value: 0.8201062803460438.
[I 2025-04-08 01:04:34,588] Trial 130 finished with value: 0.8185134809800708 and parameters: {'lambda_l1': 1.0569327825745402e-06, 'lambda_l2': 2.4328904039281e-07, 'num_leaves': 33, 'feature_fraction': 0.571204856784156, 'bagging_fraction': 0.8734918888874015, 'bagging_freq': 3, 'min_child_samples': 93}. Best is trial 106 with value: 0.8201062803460438.
[I 2025-04-08 01:04:36,238] Trial 131 finished with value: 0.8186390738426989 and parameters: {'lambda_l1': 4.3441711975672e-06, 'lambda_l2': 1.1910969610665444e-06, 'num_leaves': 37, 'feature_fraction': 0.5351501650618262, 'bagging_fraction': 0.8396363100752434, 'bagging_freq': 2, 'min_child_samples': 97}. Best is trial 106 with value: 0.8201062803460438.
[I 2025-04-08 01:04:38,562] Trial 132 finished with value: 0.8180520014550285 and parameters: {'lambda_l1': 1.1391199774711644e-05, 'lambda_l2': 1.8730911929491266e-06, 'num_leaves': 46, 'feature_fraction': 0.5626193266806605, 'bagging_fraction': 0.9151849852395124, 'bagging_freq': 1, 'min_child_samples': 98}. Best is trial 106 with value: 0.8201062803460438.
[I 2025-04-08 01:04:39,867] Trial 133 finished with value: 0.8187229840034723 and parameters: {'lambda_l1': 2.930327886812326e-05, 'lambda_l2': 6.922629505960894e-06, 'num_leaves': 26, 'feature_fraction': 0.5228624005075554, 'bagging_fraction': 0.8215493652846039, 'bagging_freq': 3, 'min_child_samples': 106}. Best is trial 106 with value: 0.8201062803460438.
[I 2025-04-08 01:04:41,523] Trial 134 finished with value: 0.8189324870268739 and parameters: {'lambda_l1': 2.311714728004623e-06, 'lambda_l2': 2.6088035463925213e-06, 'num_leaves': 40, 'feature_fraction': 0.48339967998345007, 'bagging_fraction': 0.7645485753733937, 'bagging_freq': 4, 'min_child_samples': 100}. Best is trial 106 with value: 0.8201062803460438.
[I 2025-04-08 01:04:42,804] Trial 135 finished with value: 0.8196451522771724 and parameters: {'lambda_l1': 8.646663550262849e-06, 'lambda_l2': 8.506650117123388e-07, 'num_leaves': 29, 'feature_fraction': 0.5500566304216601, 'bagging_fraction': 0.8531137193515547, 'bagging_freq': 1, 'min_child_samples': 94}. Best is trial 106 with value: 0.8201062803460438.
[I 2025-04-08 01:04:43,852] Trial 136 finished with value: 0.8191003600668469 and parameters: {'lambda_l1': 8.91084751237576e-06, 'lambda_l2': 7.469946911406387e-07, 'num_leaves': 20, 'feature_fraction': 0.5092658066889527, 'bagging_fraction': 0.8768547379432187, 'bagging_freq': 1, 'min_child_samples': 94}. Best is trial 106 with value: 0.8201062803460438.
[I 2025-04-08 01:04:45,136] Trial 137 finished with value: 0.8187230191490895 and parameters: {'lambda_l1': 4.486338908642832e-05, 'lambda_l2': 1.4867285826630828e-07, 'num_leaves': 29, 'feature_fraction': 0.5540822451235657, 'bagging_fraction': 0.8497201656623483, 'bagging_freq': 1, 'min_child_samples': 81}. Best is trial 106 with value: 0.8201062803460438.
[I 2025-04-08 01:04:46,508] Trial 138 finished with value: 0.8185130240870485 and parameters: {'lambda_l1': 1.5401575160023756e-06, 'lambda_l2': 3.07594673989258e-05, 'num_leaves': 34, 'feature_fraction': 0.5836273006541913, 'bagging_fraction': 0.8613797678158467, 'bagging_freq': 2, 'min_child_samples': 87}. Best is trial 106 with value: 0.8201062803460438.
[I 2025-04-08 01:04:48,164] Trial 139 finished with value: 0.8189324870268742 and parameters: {'lambda_l1': 1.687024250384316e-05, 'lambda_l2': 4.764093267337027e-06, 'num_leaves': 25, 'feature_fraction': 0.4679524505811638, 'bagging_fraction': 0.8437862308009715, 'bagging_freq': 1, 'min_child_samples': 103}. Best is trial 106 with value: 0.8201062803460438.
[I 2025-04-08 01:04:49,448] Trial 140 finished with value: 0.819393597522937 and parameters: {'lambda_l1': 0.00015028019850690422, 'lambda_l2': 1.1170540368807648e-05, 'num_leaves': 31, 'feature_fraction': 0.5725019445639352, 'bagging_fraction': 0.8281142725166611, 'bagging_freq': 2, 'min_child_samples': 108}. Best is trial 106 with value: 0.8201062803460438.
[I 2025-04-08 01:04:50,744] Trial 141 finished with value: 0.8195193661136504 and parameters: {'lambda_l1': 0.00018548495382333607, 'lambda_l2': 8.254428990212639e-06, 'num_leaves': 31, 'feature_fraction': 0.5928946688308897, 'bagging_fraction': 0.8292136187405823, 'bagging_freq': 2, 'min_child_samples': 114}. Best is trial 106 with value: 0.8201062803460438.
[I 2025-04-08 01:04:52,022] Trial 142 finished with value: 0.8184294829552543 and parameters: {'lambda_l1': 7.511611276889426e-05, 'lambda_l2': 1.1984299879027362e-06, 'num_leaves': 28, 'feature_fraction': 0.5941198175738124, 'bagging_fraction': 0.8895533213659695, 'bagging_freq': 3, 'min_child_samples': 115}. Best is trial 106 with value: 0.8201062803460438.
[I 2025-04-08 01:04:53,310] Trial 143 finished with value: 0.8184293072271689 and parameters: {'lambda_l1': 2.916407304144351e-06, 'lambda_l2': 4.0140770902065103e-07, 'num_leaves': 22, 'feature_fraction': 0.54811088091118, 'bagging_fraction': 0.811007014578919, 'bagging_freq': 1, 'min_child_samples': 119}. Best is trial 106 with value: 0.8201062803460438.
[I 2025-04-08 01:04:54,897] Trial 144 finished with value: 0.818638950833039 and parameters: {'lambda_l1': 0.0002839746906154, 'lambda_l2': 6.645566146321579e-06, 'num_leaves': 36, 'feature_fraction': 0.6107942368011638, 'bagging_fraction': 0.8554188690670321, 'bagging_freq': 2, 'min_child_samples': 113}. Best is trial 106 with value: 0.8201062803460438.
[I 2025-04-08 01:04:55,869] Trial 145 finished with value: 0.8174232112198867 and parameters: {'lambda_l1': 2.453917268634057e-05, 'lambda_l2': 3.4725236504479546e-08, 'num_leaves': 17, 'feature_fraction': 0.5180642780852924, 'bagging_fraction': 0.832332187515234, 'bagging_freq': 1, 'min_child_samples': 96}. Best is trial 106 with value: 0.8201062803460438.
[I 2025-04-08 01:04:57,227] Trial 146 finished with value: 0.8191420954871271 and parameters: {'lambda_l1': 0.0001099531501714781, 'lambda_l2': 3.278696210401337e-06, 'num_leaves': 33, 'feature_fraction': 0.6599546544022818, 'bagging_fraction': 0.7795974032095834, 'bagging_freq': 2, 'min_child_samples': 102}. Best is trial 106 with value: 0.8201062803460438.
[I 2025-04-08 01:05:00,467] Trial 147 finished with value: 0.8166264600807296 and parameters: {'lambda_l1': 5.205691334149598e-06, 'lambda_l2': 8.482562644013724, 'num_leaves': 95, 'feature_fraction': 0.5312587609952367, 'bagging_fraction': 0.7886550313041536, 'bagging_freq': 1, 'min_child_samples': 89}. Best is trial 106 with value: 0.8201062803460438.
[I 2025-04-08 01:05:02,319] Trial 148 finished with value: 0.8178845150168434 and parameters: {'lambda_l1': 0.001053764069857258, 'lambda_l2': 1.6133308867469408e-05, 'num_leaves': 43, 'feature_fraction': 0.5667385055388219, 'bagging_fraction': 0.8011350765888122, 'bagging_freq': 1, 'min_child_samples': 92}. Best is trial 106 with value: 0.8201062803460438.
[I 2025-04-08 01:05:03,737] Trial 149 finished with value: 0.8175490325290259 and parameters: {'lambda_l1': 7.5676436031113205e-06, 'lambda_l2': 0.3003120827147987, 'num_leaves': 38, 'feature_fraction': 0.49287061305190677, 'bagging_fraction': 0.461362555735114, 'bagging_freq': 2, 'min_child_samples': 105}. Best is trial 106 with value: 0.8201062803460438.
[I 2025-04-08 01:05:05,082] Trial 150 finished with value: 0.8183875542340804 and parameters: {'lambda_l1': 0.0004122638701309652, 'lambda_l2': 3.76383448494328e-05, 'num_leaves': 27, 'feature_fraction': 0.5615384465446985, 'bagging_fraction': 0.8177027641559859, 'bagging_freq': 2, 'min_child_samples': 109}. Best is trial 106 with value: 0.8201062803460438.
[I 2025-04-08 01:05:06,533] Trial 151 finished with value: 0.8195612948348245 and parameters: {'lambda_l1': 0.00023254219852458845, 'lambda_l2': 1.1610803171058357e-05, 'num_leaves': 31, 'feature_fraction': 0.575613449001285, 'bagging_fraction': 0.826174012028058, 'bagging_freq': 3, 'min_child_samples': 107}. Best is trial 106 with value: 0.8201062803460438.
[I 2025-04-08 01:05:07,846] Trial 152 finished with value: 0.818471235948343 and parameters: {'lambda_l1': 0.0017268831448039698, 'lambda_l2': 9.79656332630867e-06, 'num_leaves': 32, 'feature_fraction': 0.5803258347281656, 'bagging_fraction': 0.8407624030086942, 'bagging_freq': 3, 'min_child_samples': 99}. Best is trial 106 with value: 0.8201062803460438.
[I 2025-04-08 01:05:09,363] Trial 153 finished with value: 0.818890716460977 and parameters: {'lambda_l1': 0.0002052424699609109, 'lambda_l2': 5.397307138409198e-06, 'num_leaves': 25, 'feature_fraction': 0.5382874656317844, 'bagging_fraction': 0.8789331595733986, 'bagging_freq': 3, 'min_child_samples': 111}. Best is trial 106 with value: 0.8201062803460438.
[I 2025-04-08 01:05:10,624] Trial 154 finished with value: 0.8193516512289545 and parameters: {'lambda_l1': 7.522211049815964e-07, 'lambda_l2': 1.4902249834361e-06, 'num_leaves': 30, 'feature_fraction': 0.5500553767687365, 'bagging_fraction': 0.8182934341642742, 'bagging_freq': 1, 'min_child_samples': 104}. Best is trial 106 with value: 0.8201062803460438.
[I 2025-04-08 01:05:11,762] Trial 155 finished with value: 0.8161237547468548 and parameters: {'lambda_l1': 4.125003811268458e-05, 'lambda_l2': 55.35867392459833, 'num_leaves': 21, 'feature_fraction': 0.5970448951033765, 'bagging_fraction': 0.862111839848295, 'bagging_freq': 4, 'min_child_samples': 95}. Best is trial 106 with value: 0.8201062803460438.
