[I 2025-04-08 01:40:34,498] Trial 330 finished with value: 0.8186390386970818 and parameters: {'lambda_l1': 0.0004138709217999751, 'lambda_l2': 19.24830519208307, 'num_leaves': 44, 'feature_fraction': 0.8230643242339274, 'bagging_fraction': 0.942812052797807, 'bagging_freq': 3, 'min_child_samples': 98}. Best is trial 199 with value: 0.8195195066961187.
[I 2025-04-08 01:40:36,069] Trial 331 finished with value: 0.8183876245253145 and parameters: {'lambda_l1': 0.00010032209736208822, 'lambda_l2': 29.938494590282467, 'num_leaves': 41, 'feature_fraction': 0.8413163688719602, 'bagging_fraction': 0.9671722946941294, 'bagging_freq': 2, 'min_child_samples': 95}. Best is trial 199 with value: 0.8195195066961187.
[I 2025-04-08 01:40:38,268] Trial 332 finished with value: 0.8185971802671418 and parameters: {'lambda_l1': 4.377131781066074, 'lambda_l2': 7.8077533705169655, 'num_leaves': 46, 'feature_fraction': 0.8185296552831006, 'bagging_fraction': 0.9340199389544783, 'bagging_freq': 2, 'min_child_samples': 92}. Best is trial 199 with value: 0.8195195066961187.
[I 2025-04-08 01:40:39,804] Trial 333 finished with value: 0.8191002897756128 and parameters: {'lambda_l1': 1.3360838830792061e-05, 'lambda_l2': 11.762516209632418, 'num_leaves': 39, 'feature_fraction': 0.762431052292757, 'bagging_fraction': 0.9171767949764227, 'bagging_freq': 2, 'min_child_samples': 87}. Best is trial 199 with value: 0.8195195066961187.
[I 2025-04-08 01:40:41,186] Trial 334 finished with value: 0.8178846380265034 and parameters: {'lambda_l1': 1.1860252539972509e-05, 'lambda_l2': 3.775069912429835, 'num_leaves': 35, 'feature_fraction': 0.7652883801750618, 'bagging_fraction': 0.8967379618156752, 'bagging_freq': 3, 'min_child_samples': 87}. Best is trial 199 with value: 0.8195195066961187.
[I 2025-04-08 01:40:41,387] A new study created in RDB with name: lightgbm-num_features-4
[I 2025-04-08 01:40:42,928] Trial 0 finished with value: 0.8098352197743299 and parameters: {'lambda_l1': 1.6871240681401314, 'lambda_l2': 4.960990046092323, 'num_leaves': 42, 'feature_fraction': 0.5555169841946361, 'bagging_fraction': 0.9731603951511928, 'bagging_freq': 1, 'min_child_samples': 99}. Best is trial 0 with value: 0.8098352197743299.
[I 2025-04-08 01:40:44,660] Trial 1 finished with value: 0.8144889915140908 and parameters: {'lambda_l1': 0.0003374404438048401, 'lambda_l2': 0.06985242367054097, 'num_leaves': 49, 'feature_fraction': 0.745397313771996, 'bagging_fraction': 0.6253945292823029, 'bagging_freq': 5, 'min_child_samples': 60}. Best is trial 1 with value: 0.8144889915140908.
[I 2025-04-08 01:40:47,704] Trial 2 finished with value: 0.8113445307269345 and parameters: {'lambda_l1': 4.102565473231664e-09, 'lambda_l2': 0.04409581029067045, 'num_leaves': 105, 'feature_fraction': 0.7552988713201825, 'bagging_fraction': 0.45900554277667494, 'bagging_freq': 7, 'min_child_samples': 62}. Best is trial 1 with value: 0.8144889915140908.
[I 2025-04-08 01:40:48,457] Trial 3 finished with value: 0.7940300776190953 and parameters: {'lambda_l1': 1.3351118602672492, 'lambda_l2': 0.002484854771457569, 'num_leaves': 5, 'feature_fraction': 0.5536716674387927, 'bagging_fraction': 0.4080985160296315, 'bagging_freq': 2, 'min_child_samples': 9}. Best is trial 1 with value: 0.8144889915140908.
[I 2025-04-08 01:40:49,512] Trial 4 finished with value: 0.8157042566614123 and parameters: {'lambda_l1': 0.001479429808709306, 'lambda_l2': 3.740859114345994e-05, 'num_leaves': 27, 'feature_fraction': 0.9664339366944287, 'bagging_fraction': 0.44946198501369566, 'bagging_freq': 7, 'min_child_samples': 32}. Best is trial 4 with value: 0.8157042566614123.
[I 2025-04-08 01:40:50,453] Trial 5 finished with value: 0.8139436194010836 and parameters: {'lambda_l1': 2.2211571916143785e-05, 'lambda_l2': 0.11932888368440567, 'num_leaves': 20, 'feature_fraction': 0.7899912434345566, 'bagging_fraction': 0.8660335920502162, 'bagging_freq': 6, 'min_child_samples': 125}. Best is trial 4 with value: 0.8157042566614123.
[I 2025-04-08 01:40:52,094] Trial 6 finished with value: 0.8153271266173574 and parameters: {'lambda_l1': 8.321925076957502, 'lambda_l2': 2.33564906194185e-07, 'num_leaves': 113, 'feature_fraction': 0.6616146824566397, 'bagging_fraction': 0.7517281632010143, 'bagging_freq': 3, 'min_child_samples': 78}. Best is trial 4 with value: 0.8157042566614123.
[I 2025-04-08 01:40:53,678] Trial 7 finished with value: 0.8149918022848167 and parameters: {'lambda_l1': 3.126737562488717e-07, 'lambda_l2': 89.80542062225047, 'num_leaves': 47, 'feature_fraction': 0.7178791087733083, 'bagging_fraction': 0.9178325355240329, 'bagging_freq': 9, 'min_child_samples': 87}. Best is trial 4 with value: 0.8157042566614123.
[I 2025-04-08 01:40:56,046] Trial 8 finished with value: 0.8133147237290906 and parameters: {'lambda_l1': 6.631479641544758e-05, 'lambda_l2': 1.9159717475401345e-09, 'num_leaves': 70, 'feature_fraction': 0.9938716666476664, 'bagging_fraction': 0.9722949256173941, 'bagging_freq': 5, 'min_child_samples': 81}. Best is trial 4 with value: 0.8157042566614123.
[I 2025-04-08 01:40:56,705] Trial 9 finished with value: 0.8087873532011507 and parameters: {'lambda_l1': 8.283082699968313, 'lambda_l2': 1.2093310739348419e-07, 'num_leaves': 9, 'feature_fraction': 0.9572847397395013, 'bagging_fraction': 0.41014400693620534, 'bagging_freq': 11, 'min_child_samples': 123}. Best is trial 4 with value: 0.8157042566614123.
[I 2025-04-08 01:40:59,742] Trial 10 finished with value: 0.8056002959260958 and parameters: {'lambda_l1': 0.00980978345114104, 'lambda_l2': 2.0038579408118547e-05, 'num_leaves': 77, 'feature_fraction': 0.42593164026256314, 'bagging_fraction': 0.5667005176841419, 'bagging_freq': 15, 'min_child_samples': 23}. Best is trial 4 with value: 0.8157042566614123.
[I 2025-04-08 01:41:03,184] Trial 11 finished with value: 0.8096673643071657 and parameters: {'lambda_l1': 0.03120645001796939, 'lambda_l2': 3.77288913625419e-06, 'num_leaves': 128, 'feature_fraction': 0.8636188546513472, 'bagging_fraction': 0.7718995885446965, 'bagging_freq': 11, 'min_child_samples': 39}. Best is trial 4 with value: 0.8157042566614123.
[I 2025-04-08 01:41:03,769] Trial 12 finished with value: 0.7892506778710894 and parameters: {'lambda_l1': 92.59973374312042, 'lambda_l2': 1.783165160349456e-07, 'num_leaves': 94, 'feature_fraction': 0.6000111219968978, 'bagging_fraction': 0.7399362569443666, 'bagging_freq': 3, 'min_child_samples': 41}. Best is trial 4 with value: 0.8157042566614123.
[I 2025-04-08 01:41:07,530] Trial 13 finished with value: 0.8081159840509191 and parameters: {'lambda_l1': 0.044690139909007685, 'lambda_l2': 0.00016351787911364976, 'num_leaves': 126, 'feature_fraction': 0.889340748437685, 'bagging_fraction': 0.6134258019691179, 'bagging_freq': 9, 'min_child_samples': 44}. Best is trial 4 with value: 0.8157042566614123.
[I 2025-04-08 01:41:09,264] Trial 14 finished with value: 0.8094159325625899 and parameters: {'lambda_l1': 9.504838660417467e-07, 'lambda_l2': 2.7287764763981928e-09, 'num_leaves': 26, 'feature_fraction': 0.6205582049595119, 'bagging_fraction': 0.8118963617775005, 'bagging_freq': 4, 'min_child_samples': 6}. Best is trial 4 with value: 0.8157042566614123.
[I 2025-04-08 01:41:12,090] Trial 15 finished with value: 0.812350380714897 and parameters: {'lambda_l1': 0.0014001694633618042, 'lambda_l2': 4.682559190951464e-07, 'num_leaves': 95, 'feature_fraction': 0.6629828597224066, 'bagging_fraction': 0.6772732605636527, 'bagging_freq': 7, 'min_child_samples': 77}. Best is trial 4 with value: 0.8157042566614123.
[I 2025-04-08 01:41:13,817] Trial 16 finished with value: 0.806355276499356 and parameters: {'lambda_l1': 0.10669175588875654, 'lambda_l2': 0.00032444671668962403, 'num_leaves': 58, 'feature_fraction': 0.45637027924551565, 'bagging_fraction': 0.5429592598778206, 'bagging_freq': 12, 'min_child_samples': 24}. Best is trial 4 with value: 0.8157042566614123.
[I 2025-04-08 01:41:14,400] Trial 17 finished with value: 0.792311193351855 and parameters: {'lambda_l1': 97.58526685014202, 'lambda_l2': 5.376135630078816e-06, 'num_leaves': 34, 'feature_fraction': 0.8281945661448005, 'bagging_fraction': 0.7064283147315675, 'bagging_freq': 2, 'min_child_samples': 101}. Best is trial 4 with value: 0.8157042566614123.
[I 2025-04-08 01:41:17,310] Trial 18 finished with value: 0.8077810638929745 and parameters: {'lambda_l1': 1.5236687602237447e-06, 'lambda_l2': 2.0090875591993703e-08, 'num_leaves': 114, 'feature_fraction': 0.9010744692361519, 'bagging_fraction': 0.5052397356596452, 'bagging_freq': 15, 'min_child_samples': 47}. Best is trial 4 with value: 0.8157042566614123.
[I 2025-04-08 01:41:20,157] Trial 19 finished with value: 0.8053914782422271 and parameters: {'lambda_l1': 4.964591738412287e-09, 'lambda_l2': 8.493490699920577e-05, 'num_leaves': 85, 'feature_fraction': 0.4822921403746472, 'bagging_fraction': 0.8312088725439397, 'bagging_freq': 8, 'min_child_samples': 71}. Best is trial 4 with value: 0.8157042566614123.
[I 2025-04-08 01:41:22,192] Trial 20 finished with value: 0.812141229147666 and parameters: {'lambda_l1': 0.5197406341256646, 'lambda_l2': 1.5448271214528158e-06, 'num_leaves': 68, 'feature_fraction': 0.6947992076769088, 'bagging_fraction': 0.6608786554201825, 'bagging_freq': 4, 'min_child_samples': 20}. Best is trial 4 with value: 0.8157042566614123.
[I 2025-04-08 01:41:23,899] Trial 21 finished with value: 0.8161655428855606 and parameters: {'lambda_l1': 5.916024238347454e-07, 'lambda_l2': 3.557854182819147, 'num_leaves': 54, 'feature_fraction': 0.6644669674429753, 'bagging_fraction': 0.9025577945109625, 'bagging_freq': 9, 'min_child_samples': 92}. Best is trial 21 with value: 0.8161655428855606.
[I 2025-04-08 01:41:25,053] Trial 22 finished with value: 0.8163332226246396 and parameters: {'lambda_l1': 1.3704168952001105e-07, 'lambda_l2': 0.0032492184062071646, 'num_leaves': 31, 'feature_fraction': 0.6539555083378871, 'bagging_fraction': 0.9085563594039346, 'bagging_freq': 13, 'min_child_samples': 94}. Best is trial 22 with value: 0.8163332226246396.
[I 2025-04-08 01:41:25,954] Trial 23 finished with value: 0.8090805730844322 and parameters: {'lambda_l1': 3.454463686998046e-08, 'lambda_l2': 0.0033476137933842426, 'num_leaves': 20, 'feature_fraction': 0.5272695632171611, 'bagging_fraction': 0.8612953473142897, 'bagging_freq': 13, 'min_child_samples': 102}. Best is trial 22 with value: 0.8163332226246396.
[I 2025-04-08 01:41:27,242] Trial 24 finished with value: 0.8160816151519784 and parameters: {'lambda_l1': 1.265207391849326e-05, 'lambda_l2': 1.8903124902490747, 'num_leaves': 35, 'feature_fraction': 0.6282615090414989, 'bagging_fraction': 0.9243922124107682, 'bagging_freq': 10, 'min_child_samples': 109}. Best is trial 22 with value: 0.8163332226246396.
[I 2025-04-08 01:41:29,079] Trial 25 finished with value: 0.8085776217312379 and parameters: {'lambda_l1': 9.200623250229598e-06, 'lambda_l2': 2.4422268793555633, 'num_leaves': 56, 'feature_fraction': 0.6142526253049243, 'bagging_fraction': 0.9186979774917258, 'bagging_freq': 13, 'min_child_samples': 113}. Best is trial 22 with value: 0.8163332226246396.
[I 2025-04-08 01:41:30,924] Trial 26 finished with value: 0.8157043093798381 and parameters: {'lambda_l1': 7.956411263014789e-08, 'lambda_l2': 1.4313633564574786, 'num_leaves': 38, 'feature_fraction': 0.6627108320063742, 'bagging_fraction': 0.9218178195946374, 'bagging_freq': 10, 'min_child_samples': 90}. Best is trial 22 with value: 0.8163332226246396.
[I 2025-04-08 01:41:32,692] Trial 27 finished with value: 0.8061041259197168 and parameters: {'lambda_l1': 2.3744473307715645e-06, 'lambda_l2': 72.46495048288783, 'num_leaves': 57, 'feature_fraction': 0.585996816030101, 'bagging_fraction': 0.9859693336525326, 'bagging_freq': 14, 'min_child_samples': 110}. Best is trial 22 with value: 0.8163332226246396.
[I 2025-04-08 01:41:33,912] Trial 28 finished with value: 0.8083679956981765 and parameters: {'lambda_l1': 5.0014096018019294e-08, 'lambda_l2': 0.35004004027044083, 'num_leaves': 33, 'feature_fraction': 0.49775571757154735, 'bagging_fraction': 0.8847113057547429, 'bagging_freq': 11, 'min_child_samples': 93}. Best is trial 22 with value: 0.8163332226246396.
[I 2025-04-08 01:41:35,371] Trial 29 finished with value: 0.8084935885608046 and parameters: {'lambda_l1': 1.0151604648909548e-05, 'lambda_l2': 0.00936720808573608, 'num_leaves': 43, 'feature_fraction': 0.5621553743486534, 'bagging_fraction': 0.9583554486292075, 'bagging_freq': 16, 'min_child_samples': 113}. Best is trial 22 with value: 0.8163332226246396.
[I 2025-04-08 01:41:36,178] Trial 30 finished with value: 0.8136501183528655 and parameters: {'lambda_l1': 1.1727308193659362e-09, 'lambda_l2': 12.959725002409197, 'num_leaves': 14, 'feature_fraction': 0.791386240713015, 'bagging_fraction': 0.8042034949596814, 'bagging_freq': 10, 'min_child_samples': 105}. Best is trial 22 with value: 0.8163332226246396.
[I 2025-04-08 01:41:37,521] Trial 31 finished with value: 0.8157042566614123 and parameters: {'lambda_l1': 1.3993024296798818e-07, 'lambda_l2': 1.6273518772888793, 'num_leaves': 37, 'feature_fraction': 0.6626030423334901, 'bagging_fraction': 0.9238797235036211, 'bagging_freq': 10, 'min_child_samples': 92}. Best is trial 22 with value: 0.8163332226246396.
[I 2025-04-08 01:41:39,365] Trial 32 finished with value: 0.8160816502975955 and parameters: {'lambda_l1': 1.5488102934082744e-07, 'lambda_l2': 9.9580717830289, 'num_leaves': 49, 'feature_fraction': 0.6891757829368219, 'bagging_fraction': 0.9437580768388586, 'bagging_freq': 12, 'min_child_samples': 96}. Best is trial 22 with value: 0.8163332226246396.
[I 2025-04-08 01:41:41,828] Trial 33 finished with value: 0.8151593238686188 and parameters: {'lambda_l1': 1.1464379776459073e-08, 'lambda_l2': 14.470041533605821, 'num_leaves': 50, 'feature_fraction': 0.7217207553996923, 'bagging_fraction': 0.995946811892899, 'bagging_freq': 12, 'min_child_samples': 116}. Best is trial 22 with value: 0.8163332226246396.
[I 2025-04-08 01:41:44,083] Trial 34 finished with value: 0.8142369095755992 and parameters: {'lambda_l1': 5.060524962506105e-07, 'lambda_l2': 0.16646700130244788, 'num_leaves': 62, 'feature_fraction': 0.7495979656615752, 'bagging_fraction': 0.886408564977402, 'bagging_freq': 13, 'min_child_samples': 64}. Best is trial 22 with value: 0.8163332226246396.
[I 2025-04-08 01:41:45,947] Trial 35 finished with value: 0.8148236832255241 and parameters: {'lambda_l1': 0.00011950820892748045, 'lambda_l2': 11.013688522575508, 'num_leaves': 50, 'feature_fraction': 0.635962665658701, 'bagging_fraction': 0.9478238604012003, 'bagging_freq': 8, 'min_child_samples': 56}. Best is trial 22 with value: 0.8163332226246396.
[I 2025-04-08 01:41:49,963] Trial 36 finished with value: 0.8159977049912047 and parameters: {'lambda_l1': 4.10018431080481e-06, 'lambda_l2': 0.014201335887046975, 'num_leaves': 29, 'feature_fraction': 0.690950558837603, 'bagging_fraction': 0.8365300403282787, 'bagging_freq': 12, 'min_child_samples': 97}. Best is trial 22 with value: 0.8163332226246396.
[I 2025-04-08 01:41:53,490] Trial 37 finished with value: 0.815327109044549 and parameters: {'lambda_l1': 1.6077852295800448e-08, 'lambda_l2': 0.5052270866986146, 'num_leaves': 45, 'feature_fraction': 0.7747322302019342, 'bagging_fraction': 0.8932974266420459, 'bagging_freq': 14, 'min_child_samples': 83}. Best is trial 22 with value: 0.8163332226246396.
[I 2025-04-08 01:41:53,930] Trial 38 finished with value: 0.7847648143169186 and parameters: {'lambda_l1': 2.248324015199204e-07, 'lambda_l2': 0.0008057977439101297, 'num_leaves': 3, 'feature_fraction': 0.5495179575490033, 'bagging_fraction': 0.95412408708286, 'bagging_freq': 9, 'min_child_samples': 71}. Best is trial 22 with value: 0.8163332226246396.
[I 2025-04-08 01:41:56,171] Trial 39 finished with value: 0.8136084532238195 and parameters: {'lambda_l1': 3.667508014982966e-05, 'lambda_l2': 0.030353142828014976, 'num_leaves': 74, 'feature_fraction': 0.7217168224173365, 'bagging_fraction': 0.859636641661217, 'bagging_freq': 7, 'min_child_samples': 107}. Best is trial 22 with value: 0.8163332226246396.
[I 2025-04-08 01:41:57,083] Trial 40 finished with value: 0.8140277052899425 and parameters: {'lambda_l1': 0.00037942571363500815, 'lambda_l2': 29.234130887194045, 'num_leaves': 18, 'feature_fraction': 0.6391541519338617, 'bagging_fraction': 0.794607919284045, 'bagging_freq': 11, 'min_child_samples': 120}. Best is trial 22 with value: 0.8163332226246396.
[I 2025-04-08 01:41:58,276] Trial 41 finished with value: 0.8166267236728576 and parameters: {'lambda_l1': 5.820102732669349e-06, 'lambda_l2': 0.027407433384181473, 'num_leaves': 29, 'feature_fraction': 0.6859953190234456, 'bagging_fraction': 0.829149379954535, 'bagging_freq': 12, 'min_child_samples': 97}. Best is trial 41 with value: 0.8166267236728576.
[I 2025-04-08 01:41:59,434] Trial 42 finished with value: 0.815159394159853 and parameters: {'lambda_l1': 7.18700771742354e-06, 'lambda_l2': 0.04583294740971337, 'num_leaves': 25, 'feature_fraction': 0.6899768862921014, 'bagging_fraction': 0.897278388702286, 'bagging_freq': 12, 'min_child_samples': 96}. Best is trial 41 with value: 0.8166267236728576.
[I 2025-04-08 01:42:01,551] Trial 43 finished with value: 0.808787335628342 and parameters: {'lambda_l1': 5.560110930598205e-07, 'lambda_l2': 0.36661442911963316, 'num_leaves': 41, 'feature_fraction': 0.5813962399207108, 'bagging_fraction': 0.8446587987202963, 'bagging_freq': 14, 'min_child_samples': 87}. Best is trial 41 with value: 0.8166267236728576.
[I 2025-04-08 01:42:03,026] Trial 44 finished with value: 0.8160397391492301 and parameters: {'lambda_l1': 2.177298274007057e-06, 'lambda_l2': 4.3696328211672535, 'num_leaves': 31, 'feature_fraction': 0.7319892182913412, 'bagging_fraction': 0.9426473830157326, 'bagging_freq': 10, 'min_child_samples': 126}. Best is trial 41 with value: 0.8166267236728576.
[I 2025-04-08 01:42:03,838] Trial 45 finished with value: 0.8114701411623709 and parameters: {'lambda_l1': 0.0001115923213080074, 'lambda_l2': 0.8031257076518726, 'num_leaves': 12, 'feature_fraction': 0.6372430561991245, 'bagging_fraction': 0.9726571249968142, 'bagging_freq': 13, 'min_child_samples': 100}. Best is trial 41 with value: 0.8166267236728576.
[I 2025-04-08 01:42:05,743] Trial 46 finished with value: 0.8152012350169843 and parameters: {'lambda_l1': 1.8085402603910917e-05, 'lambda_l2': 0.002301404600582362, 'num_leaves': 52, 'feature_fraction': 0.7658747976828488, 'bagging_fraction': 0.7667849529319908, 'bagging_freq': 11, 'min_child_samples': 86}. Best is trial 41 with value: 0.8166267236728576.
[I 2025-04-08 01:42:07,896] Trial 47 finished with value: 0.8157043093798381 and parameters: {'lambda_l1': 1.7879555270292723e-07, 'lambda_l2': 0.103248614921812, 'num_leaves': 63, 'feature_fraction': 0.8127304920452842, 'bagging_fraction': 0.998722076523955, 'bagging_freq': 9, 'min_child_samples': 77}. Best is trial 41 with value: 0.8166267236728576.
[I 2025-04-08 01:42:09,046] Trial 48 finished with value: 0.8146982309453643 and parameters: {'lambda_l1': 6.899327497095796e-07, 'lambda_l2': 5.366849333083309, 'num_leaves': 25, 'feature_fraction': 0.6844856983782258, 'bagging_fraction': 0.9047696596847851, 'bagging_freq': 6, 'min_child_samples': 119}. Best is trial 41 with value: 0.8166267236728576.
[I 2025-04-08 01:42:10,754] Trial 49 finished with value: 0.8076132084258102 and parameters: {'lambda_l1': 2.701092806636446e-08, 'lambda_l2': 38.60089804381593, 'num_leaves': 42, 'feature_fraction': 0.6097705585472654, 'bagging_fraction': 0.928994248536473, 'bagging_freq': 8, 'min_child_samples': 107}. Best is trial 41 with value: 0.8166267236728576.
[I 2025-04-08 01:42:12,283] Trial 50 finished with value: 0.814824034681695 and parameters: {'lambda_l1': 0.0006323649492157086, 'lambda_l2': 0.013507861107289302, 'num_leaves': 21, 'feature_fraction': 0.6504498850416082, 'bagging_fraction': 0.8750448029951846, 'bagging_freq': 12, 'min_child_samples': 70}. Best is trial 41 with value: 0.8166267236728576.
[I 2025-04-08 01:42:13,856] Trial 51 finished with value: 0.8158300428249342 and parameters: {'lambda_l1': 1.7642479957399152e-06, 'lambda_l2': 3.1892916132990634, 'num_leaves': 36, 'feature_fraction': 0.7307547786325557, 'bagging_fraction': 0.9415365494324671, 'bagging_freq': 10, 'min_child_samples': 120}. Best is trial 41 with value: 0.8166267236728576.
[I 2025-04-08 01:42:15,297] Trial 52 finished with value: 0.8158718485364485 and parameters: {'lambda_l1': 4.040786557273196e-05, 'lambda_l2': 6.516124853104015, 'num_leaves': 31, 'feature_fraction': 0.7105584240698865, 'bagging_fraction': 0.9499917951514997, 'bagging_freq': 10, 'min_child_samples': 97}. Best is trial 41 with value: 0.8166267236728576.
[I 2025-04-08 01:42:17,263] Trial 53 finished with value: 0.815662380658664 and parameters: {'lambda_l1': 2.777937761467877e-06, 'lambda_l2': 0.20189510391436563, 'num_leaves': 47, 'feature_fraction': 0.6873362946698114, 'bagging_fraction': 0.9706999404859171, 'bagging_freq': 11, 'min_child_samples': 104}. Best is trial 41 with value: 0.8166267236728576.
[I 2025-04-08 01:42:18,636] Trial 54 finished with value: 0.8152431988837753 and parameters: {'lambda_l1': 9.840592780203725e-08, 'lambda_l2': 0.9613200239415864, 'num_leaves': 31, 'feature_fraction': 0.735129512460404, 'bagging_fraction': 0.8205970512673563, 'bagging_freq': 9, 'min_child_samples': 127}. Best is trial 41 with value: 0.8166267236728576.
[I 2025-04-08 01:42:20,699] Trial 55 finished with value: 0.8150752028341426 and parameters: {'lambda_l1': 5.4957026875262524e-09, 'lambda_l2': 0.0009593220627977142, 'num_leaves': 54, 'feature_fraction': 0.6648430849474942, 'bagging_fraction': 0.866578642531223, 'bagging_freq': 15, 'min_child_samples': 128}. Best is trial 41 with value: 0.8166267236728576.
