[I 2025-04-08 01:56:03,218] Trial 169 finished with value: 0.6886765566433124 and parameters: {'lambda_l1': 1.8467245412266613, 'lambda_l2': 0.0005928292168446975, 'num_leaves': 45, 'feature_fraction': 0.9387471606450735, 'bagging_fraction': 0.9532680531528892, 'bagging_freq': 5, 'min_child_samples': 32}. Best is trial 124 with value: 0.6896825472137433.
[I 2025-04-08 01:56:04,670] Trial 170 finished with value: 0.6887183623548265 and parameters: {'lambda_l1': 0.5935261111661534, 'lambda_l2': 0.000471506582239951, 'num_leaves': 43, 'feature_fraction': 0.9300872242389132, 'bagging_fraction': 0.9504781201498473, 'bagging_freq': 5, 'min_child_samples': 38}. Best is trial 124 with value: 0.6896825472137433.
[I 2025-04-08 01:56:06,287] Trial 171 finished with value: 0.6899346115794265 and parameters: {'lambda_l1': 0.49090580315704174, 'lambda_l2': 0.0004928338661199121, 'num_leaves': 43, 'feature_fraction': 0.927548504508176, 'bagging_fraction': 0.9470911442089337, 'bagging_freq': 5, 'min_child_samples': 38}. Best is trial 171 with value: 0.6899346115794265.
[I 2025-04-08 01:56:07,748] Trial 172 finished with value: 0.6863707932892958 and parameters: {'lambda_l1': 0.18570298078529549, 'lambda_l2': 0.00037333835767199133, 'num_leaves': 39, 'feature_fraction': 0.9317005167107615, 'bagging_fraction': 0.9473114409596132, 'bagging_freq': 5, 'min_child_samples': 32}. Best is trial 171 with value: 0.6899346115794265.
[I 2025-04-08 01:56:09,410] Trial 173 finished with value: 0.6881313602583906 and parameters: {'lambda_l1': 0.5823237949788469, 'lambda_l2': 0.0004534895925484439, 'num_leaves': 42, 'feature_fraction': 0.952640821483736, 'bagging_fraction': 0.9275532567725913, 'bagging_freq': 5, 'min_child_samples': 38}. Best is trial 171 with value: 0.6899346115794265.
[I 2025-04-08 01:56:11,532] Trial 174 finished with value: 0.6881317995786039 and parameters: {'lambda_l1': 0.48912188761887243, 'lambda_l2': 0.0007807257117673499, 'num_leaves': 44, 'feature_fraction': 0.9209070189242599, 'bagging_fraction': 0.9397247002547413, 'bagging_freq': 5, 'min_child_samples': 28}. Best is trial 171 with value: 0.6899346115794265.
[I 2025-04-08 01:56:13,189] Trial 175 finished with value: 0.6869996186700547 and parameters: {'lambda_l1': 0.8521419962843244, 'lambda_l2': 0.001951157719119604, 'num_leaves': 45, 'feature_fraction': 0.916218624809818, 'bagging_fraction': 0.9526590235600868, 'bagging_freq': 6, 'min_child_samples': 36}. Best is trial 171 with value: 0.6899346115794265.
[I 2025-04-08 01:56:14,622] Trial 176 finished with value: 0.6868736743512558 and parameters: {'lambda_l1': 0.15997625673914576, 'lambda_l2': 85.67219416730106, 'num_leaves': 37, 'feature_fraction': 0.9377338060318826, 'bagging_fraction': 0.9635933279050721, 'bagging_freq': 5, 'min_child_samples': 39}. Best is trial 171 with value: 0.6899346115794265.
[I 2025-04-08 01:56:16,276] Trial 177 finished with value: 0.6862867601188625 and parameters: {'lambda_l1': 0.2987474746873155, 'lambda_l2': 0.0001741484140171861, 'num_leaves': 50, 'feature_fraction': 0.902970328441244, 'bagging_fraction': 0.9264599136053924, 'bagging_freq': 5, 'min_child_samples': 32}. Best is trial 171 with value: 0.6899346115794265.
[I 2025-04-08 01:56:17,854] Trial 178 finished with value: 0.6880475028160425 and parameters: {'lambda_l1': 6.2923498528206, 'lambda_l2': 0.0005869971381544371, 'num_leaves': 43, 'feature_fraction': 0.9472973869189856, 'bagging_fraction': 0.9135369087886852, 'bagging_freq': 6, 'min_child_samples': 26}. Best is trial 171 with value: 0.6899346115794265.
[I 2025-04-08 01:56:19,449] Trial 179 finished with value: 0.6864546331588353 and parameters: {'lambda_l1': 10.653518411940626, 'lambda_l2': 0.00026867416884702756, 'num_leaves': 41, 'feature_fraction': 0.9271923002211538, 'bagging_fraction': 0.9497442677627889, 'bagging_freq': 6, 'min_child_samples': 35}. Best is trial 171 with value: 0.6899346115794265.
[I 2025-04-08 01:56:21,120] Trial 180 finished with value: 0.6776084637675047 and parameters: {'lambda_l1': 0.6268427138605683, 'lambda_l2': 0.00013184305802522734, 'num_leaves': 52, 'feature_fraction': 0.6085644101578642, 'bagging_fraction': 0.9637477324366588, 'bagging_freq': 5, 'min_child_samples': 23}. Best is trial 171 with value: 0.6899346115794265.
[I 2025-04-08 01:56:23,385] Trial 181 finished with value: 0.6887186962381888 and parameters: {'lambda_l1': 1.5241604410712395, 'lambda_l2': 0.0005255149681326446, 'num_leaves': 47, 'feature_fraction': 0.9089222705850795, 'bagging_fraction': 0.9697568926141793, 'bagging_freq': 5, 'min_child_samples': 40}. Best is trial 171 with value: 0.6899346115794265.
[I 2025-04-08 01:56:25,087] Trial 182 finished with value: 0.6876704079176046 and parameters: {'lambda_l1': 1.8985823184851691, 'lambda_l2': 0.0004949550978406394, 'num_leaves': 49, 'feature_fraction': 0.9140169893294557, 'bagging_fraction': 0.9692423713850742, 'bagging_freq': 5, 'min_child_samples': 39}. Best is trial 171 with value: 0.6899346115794265.
[I 2025-04-08 01:56:26,625] Trial 183 finished with value: 0.686244848970497 and parameters: {'lambda_l1': 0.27219208012529605, 'lambda_l2': 0.0018360487130079338, 'num_leaves': 46, 'feature_fraction': 0.8952391206119487, 'bagging_fraction': 0.9353922473104752, 'bagging_freq': 5, 'min_child_samples': 30}. Best is trial 171 with value: 0.6899346115794265.
[I 2025-04-08 01:56:28,066] Trial 184 finished with value: 0.6867897817632908 and parameters: {'lambda_l1': 3.2803965684261924, 'lambda_l2': 0.0002563690782319379, 'num_leaves': 39, 'feature_fraction': 0.9081538468034839, 'bagging_fraction': 0.9494592030983288, 'bagging_freq': 6, 'min_child_samples': 45}. Best is trial 171 with value: 0.6899346115794265.
[I 2025-04-08 01:56:29,835] Trial 185 finished with value: 0.6865801733030378 and parameters: {'lambda_l1': 0.9518840883652069, 'lambda_l2': 0.0007563038879441431, 'num_leaves': 54, 'feature_fraction': 0.8910935813763736, 'bagging_fraction': 0.9614343109919907, 'bagging_freq': 5, 'min_child_samples': 37}. Best is trial 171 with value: 0.6899346115794265.
[I 2025-04-08 01:56:31,131] Trial 186 finished with value: 0.6875864274655968 and parameters: {'lambda_l1': 0.457715387780521, 'lambda_l2': 0.0013810532558670644, 'num_leaves': 35, 'feature_fraction': 0.9290419609182111, 'bagging_fraction': 0.9786595618483184, 'bagging_freq': 5, 'min_child_samples': 34}. Best is trial 171 with value: 0.6899346115794265.
[I 2025-04-08 01:56:33,087] Trial 187 finished with value: 0.6889277950869942 and parameters: {'lambda_l1': 0.155436334676164, 'lambda_l2': 0.0003835014365902291, 'num_leaves': 47, 'feature_fraction': 0.9591339914579076, 'bagging_fraction': 0.9420373415593655, 'bagging_freq': 6, 'min_child_samples': 38}. Best is trial 171 with value: 0.6899346115794265.
[I 2025-04-08 01:56:34,621] Trial 188 finished with value: 0.6875445163172313 and parameters: {'lambda_l1': 0.35223179303788765, 'lambda_l2': 8.624244342676531e-05, 'num_leaves': 47, 'feature_fraction': 0.9453551006983527, 'bagging_fraction': 0.9404605277512554, 'bagging_freq': 6, 'min_child_samples': 39}. Best is trial 171 with value: 0.6899346115794265.
[I 2025-04-08 01:56:36,519] Trial 189 finished with value: 0.6869158490917494 and parameters: {'lambda_l1': 2.235492061913166, 'lambda_l2': 0.00037946905131072326, 'num_leaves': 43, 'feature_fraction': 0.9570563787970346, 'bagging_fraction': 0.927996034362193, 'bagging_freq': 6, 'min_child_samples': 46}. Best is trial 171 with value: 0.6899346115794265.
[I 2025-04-08 01:56:38,137] Trial 190 finished with value: 0.6879633817815666 and parameters: {'lambda_l1': 0.8399424580046944, 'lambda_l2': 0.002693316434927115, 'num_leaves': 50, 'feature_fraction': 0.9866084548974132, 'bagging_fraction': 0.9524785446345106, 'bagging_freq': 5, 'min_child_samples': 40}. Best is trial 171 with value: 0.6899346115794265.
[I 2025-04-08 01:56:39,652] Trial 191 finished with value: 0.6892217178826171 and parameters: {'lambda_l1': 0.14480821798181892, 'lambda_l2': 0.00018844778812982134, 'num_leaves': 41, 'feature_fraction': 0.9157739374967939, 'bagging_fraction': 0.9718296166793945, 'bagging_freq': 6, 'min_child_samples': 36}. Best is trial 171 with value: 0.6899346115794265.
[I 2025-04-08 01:56:41,257] Trial 192 finished with value: 0.687502605168866 and parameters: {'lambda_l1': 0.2148823507920914, 'lambda_l2': 0.000142427936303539, 'num_leaves': 41, 'feature_fraction': 0.9397874176728342, 'bagging_fraction': 0.9620992044220664, 'bagging_freq': 6, 'min_child_samples': 37}. Best is trial 171 with value: 0.6899346115794265.
[I 2025-04-08 01:56:43,557] Trial 193 finished with value: 0.6903953881921271 and parameters: {'lambda_l1': 0.1151833425998145, 'lambda_l2': 0.00020043044146648956, 'num_leaves': 45, 'feature_fraction': 0.9619416980903186, 'bagging_fraction': 0.9870475795185718, 'bagging_freq': 6, 'min_child_samples': 41}. Best is trial 193 with value: 0.6903953881921271.
[I 2025-04-08 01:56:45,091] Trial 194 finished with value: 0.6871675268556448 and parameters: {'lambda_l1': 0.04606695817499438, 'lambda_l2': 0.0003083580722010257, 'num_leaves': 45, 'feature_fraction': 0.9623591944946672, 'bagging_fraction': 0.9876385248224538, 'bagging_freq': 6, 'min_child_samples': 43}. Best is trial 193 with value: 0.6903953881921271.
[I 2025-04-08 01:56:46,440] Trial 195 finished with value: 0.6890119336942788 and parameters: {'lambda_l1': 0.09404291146536323, 'lambda_l2': 0.00017927580372241992, 'num_leaves': 39, 'feature_fraction': 0.9664629162830194, 'bagging_fraction': 0.9739410522177693, 'bagging_freq': 5, 'min_child_samples': 40}. Best is trial 193 with value: 0.6903953881921271.
[I 2025-04-08 01:56:47,708] Trial 196 finished with value: 0.6884669481830594 and parameters: {'lambda_l1': 0.06525450725757388, 'lambda_l2': 0.0001702778353317102, 'num_leaves': 36, 'feature_fraction': 0.9722156446231588, 'bagging_fraction': 0.9804949773853217, 'bagging_freq': 4, 'min_child_samples': 41}. Best is trial 193 with value: 0.6903953881921271.
[I 2025-04-08 01:56:49,235] Trial 197 finished with value: 0.6880896599837276 and parameters: {'lambda_l1': 0.11623275988423676, 'lambda_l2': 8.769219108731691e-05, 'num_leaves': 47, 'feature_fraction': 0.9556825547371267, 'bagging_fraction': 0.9640761285465543, 'bagging_freq': 5, 'min_child_samples': 34}. Best is trial 193 with value: 0.6903953881921271.
[I 2025-04-08 01:56:50,630] Trial 198 finished with value: 0.6884667900277825 and parameters: {'lambda_l1': 5.568908529627917e-05, 'lambda_l2': 4.1714841818469697e-05, 'num_leaves': 43, 'feature_fraction': 0.9812454518405821, 'bagging_fraction': 0.9876161348442303, 'bagging_freq': 6, 'min_child_samples': 38}. Best is trial 193 with value: 0.6903953881921271.
[I 2025-04-08 01:56:52,011] Trial 199 finished with value: 0.6887185556557205 and parameters: {'lambda_l1': 0.14492183851320284, 'lambda_l2': 0.0007675082061368179, 'num_leaves': 39, 'feature_fraction': 0.9253491184745763, 'bagging_fraction': 0.9478918532509752, 'bagging_freq': 5, 'min_child_samples': 40}. Best is trial 193 with value: 0.6903953881921271.
[I 2025-04-08 01:56:53,688] Trial 200 finished with value: 0.688969846817828 and parameters: {'lambda_l1': 0.09099738074518464, 'lambda_l2': 0.0002245167052062172, 'num_leaves': 31, 'feature_fraction': 0.928034654581646, 'bagging_fraction': 0.9711392420764566, 'bagging_freq': 6, 'min_child_samples': 47}. Best is trial 193 with value: 0.6903953881921271.
[I 2025-04-08 01:56:55,174] Trial 201 finished with value: 0.6875444635988057 and parameters: {'lambda_l1': 0.029972314146503476, 'lambda_l2': 0.00020504786171068298, 'num_leaves': 37, 'feature_fraction': 0.925568571141332, 'bagging_fraction': 0.9768084962982128, 'bagging_freq': 6, 'min_child_samples': 44}. Best is trial 193 with value: 0.6903953881921271.
[I 2025-04-08 01:56:56,398] Trial 202 finished with value: 0.6890957911366268 and parameters: {'lambda_l1': 0.08882519714441689, 'lambda_l2': 0.0005149294070363926, 'num_leaves': 32, 'feature_fraction': 0.9125300126829431, 'bagging_fraction': 0.9672910830113625, 'bagging_freq': 6, 'min_child_samples': 48}. Best is trial 193 with value: 0.6903953881921271.
[I 2025-04-08 01:56:57,550] Trial 203 finished with value: 0.6874609576126285 and parameters: {'lambda_l1': 0.08583799107672307, 'lambda_l2': 0.00022006198133733493, 'num_leaves': 31, 'feature_fraction': 0.9182998765388924, 'bagging_fraction': 0.9462076086248205, 'bagging_freq': 6, 'min_child_samples': 49}. Best is trial 193 with value: 0.6903953881921271.
[I 2025-04-08 01:56:58,666] Trial 204 finished with value: 0.6872512788611413 and parameters: {'lambda_l1': 0.13868732288192145, 'lambda_l2': 0.0009215740353864018, 'num_leaves': 29, 'feature_fraction': 0.963631906696379, 'bagging_fraction': 0.9608782109511358, 'bagging_freq': 5, 'min_child_samples': 46}. Best is trial 193 with value: 0.6903953881921271.
[I 2025-04-08 01:56:59,829] Trial 205 finished with value: 0.6874606764476918 and parameters: {'lambda_l1': 0.06119787161527727, 'lambda_l2': 6.236296070055924e-05, 'num_leaves': 31, 'feature_fraction': 0.9117389957006696, 'bagging_fraction': 0.9697953479831879, 'bagging_freq': 6, 'min_child_samples': 48}. Best is trial 193 with value: 0.6903953881921271.
[I 2025-04-08 01:57:00,889] Trial 206 finished with value: 0.6878801393875174 and parameters: {'lambda_l1': 0.19029616769410848, 'lambda_l2': 0.00047185760645355383, 'num_leaves': 26, 'feature_fraction': 0.9473734057086912, 'bagging_fraction': 0.9422456012741975, 'bagging_freq': 5, 'min_child_samples': 41}. Best is trial 193 with value: 0.6903953881921271.
[I 2025-04-08 01:57:01,896] Trial 207 finished with value: 0.6862033947151536 and parameters: {'lambda_l1': 0.11643650829766633, 'lambda_l2': 2.824755746133875e-05, 'num_leaves': 24, 'feature_fraction': 0.9330795681276534, 'bagging_fraction': 0.968781645405654, 'bagging_freq': 5, 'min_child_samples': 44}. Best is trial 193 with value: 0.6903953881921271.
[I 2025-04-08 01:57:03,764] Trial 208 finished with value: 0.6873769595878121 and parameters: {'lambda_l1': 0.2639170990393919, 'lambda_l2': 0.00010799018626550297, 'num_leaves': 38, 'feature_fraction': 0.9239401359011259, 'bagging_fraction': 0.9517376357636267, 'bagging_freq': 6, 'min_child_samples': 41}. Best is trial 193 with value: 0.6903953881921271.
[I 2025-04-08 01:57:05,162] Trial 209 finished with value: 0.6825141417176718 and parameters: {'lambda_l1': 0.0492823864311329, 'lambda_l2': 0.00032050936682474855, 'num_leaves': 33, 'feature_fraction': 0.9076196543734536, 'bagging_fraction': 0.4041842872816305, 'bagging_freq': 4, 'min_child_samples': 47}. Best is trial 193 with value: 0.6903953881921271.
[I 2025-04-08 01:57:07,538] Trial 210 finished with value: 0.6823463213961245 and parameters: {'lambda_l1': 0.158912573568034, 'lambda_l2': 0.0006557421257603022, 'num_leaves': 52, 'feature_fraction': 0.9689246621766133, 'bagging_fraction': 0.5644195227045895, 'bagging_freq': 6, 'min_child_samples': 40}. Best is trial 193 with value: 0.6903953881921271.
[I 2025-04-08 01:57:08,991] Trial 211 finished with value: 0.6865384554555662 and parameters: {'lambda_l1': 0.09023649070346798, 'lambda_l2': 0.000174151795595524, 'num_leaves': 40, 'feature_fraction': 0.9009933726015731, 'bagging_fraction': 0.9835239424951353, 'bagging_freq': 5, 'min_child_samples': 89}. Best is trial 193 with value: 0.6903953881921271.
[I 2025-04-08 01:57:10,361] Trial 212 finished with value: 0.6875865856208737 and parameters: {'lambda_l1': 0.023585439491739787, 'lambda_l2': 0.00039957111794166353, 'num_leaves': 42, 'feature_fraction': 0.9181935836342948, 'bagging_fraction': 0.9891976769398368, 'bagging_freq': 6, 'min_child_samples': 36}. Best is trial 193 with value: 0.6903953881921271.
[I 2025-04-08 01:57:11,907] Trial 213 finished with value: 0.6871252642511084 and parameters: {'lambda_l1': 0.22766491043765408, 'lambda_l2': 0.0011075446823757683, 'num_leaves': 48, 'feature_fraction': 0.9362297235872811, 'bagging_fraction': 0.9741390893098241, 'bagging_freq': 5, 'min_child_samples': 56}. Best is trial 193 with value: 0.6903953881921271.
[I 2025-04-08 01:57:13,452] Trial 214 finished with value: 0.687460711593309 and parameters: {'lambda_l1': 0.07828496386080858, 'lambda_l2': 0.0002716341842917989, 'num_leaves': 39, 'feature_fraction': 0.9022672698005013, 'bagging_fraction': 0.9582987457494523, 'bagging_freq': 6, 'min_child_samples': 50}. Best is trial 193 with value: 0.6903953881921271.
[I 2025-04-08 01:57:15,399] Trial 215 finished with value: 0.685155229404229 and parameters: {'lambda_l1': 0.0371422282245406, 'lambda_l2': 0.00010497228202114577, 'num_leaves': 35, 'feature_fraction': 0.9517524219825315, 'bagging_fraction': 0.7226225757876136, 'bagging_freq': 5, 'min_child_samples': 38}. Best is trial 193 with value: 0.6903953881921271.
[I 2025-04-08 01:57:17,174] Trial 216 finished with value: 0.6878801042419003 and parameters: {'lambda_l1': 0.15100838058440952, 'lambda_l2': 9.894487646792662, 'num_leaves': 45, 'feature_fraction': 0.9136308826568016, 'bagging_fraction': 0.9709180303329829, 'bagging_freq': 4, 'min_child_samples': 44}. Best is trial 193 with value: 0.6903953881921271.
[I 2025-04-08 01:57:18,901] Trial 217 finished with value: 0.6901862190520875 and parameters: {'lambda_l1': 0.3637151422808917, 'lambda_l2': 0.000198753681711836, 'num_leaves': 50, 'feature_fraction': 0.9280305175534911, 'bagging_fraction': 0.9387050837083285, 'bagging_freq': 5, 'min_child_samples': 42}. Best is trial 193 with value: 0.6903953881921271.
[I 2025-04-08 01:57:20,488] Trial 218 finished with value: 0.6869994605147778 and parameters: {'lambda_l1': 0.3729895065689769, 'lambda_l2': 7.051428290056454e-05, 'num_leaves': 50, 'feature_fraction': 0.9278276945735336, 'bagging_fraction': 0.9358313635713394, 'bagging_freq': 5, 'min_child_samples': 42}. Best is trial 193 with value: 0.6903953881921271.
[I 2025-04-08 01:57:22,456] Trial 219 finished with value: 0.6886762227599502 and parameters: {'lambda_l1': 0.46674172141698644, 'lambda_l2': 0.00016621973894396315, 'num_leaves': 55, 'feature_fraction': 0.9478948854234582, 'bagging_fraction': 0.9453833680369922, 'bagging_freq': 5, 'min_child_samples': 39}. Best is trial 193 with value: 0.6903953881921271.
[I 2025-04-08 01:57:24,096] Trial 220 finished with value: 0.6851547022199729 and parameters: {'lambda_l1': 0.2653510060428879, 'lambda_l2': 0.0007247587186060457, 'num_leaves': 52, 'feature_fraction': 0.9595945036516652, 'bagging_fraction': 0.957067840638257, 'bagging_freq': 4, 'min_child_samples': 46}. Best is trial 193 with value: 0.6903953881921271.
[I 2025-04-08 01:57:25,701] Trial 221 finished with value: 0.6873349254297869 and parameters: {'lambda_l1': 0.119809918251909, 'lambda_l2': 0.00039317705285990345, 'num_leaves': 28, 'feature_fraction': 0.8968428740898546, 'bagging_fraction': 0.9883506250987388, 'bagging_freq': 6, 'min_child_samples': 36}. Best is trial 193 with value: 0.6903953881921271.
[I 2025-04-08 01:57:27,122] Trial 222 finished with value: 0.6889700576915303 and parameters: {'lambda_l1': 0.2210506972248877, 'lambda_l2': 0.00020423921869618634, 'num_leaves': 43, 'feature_fraction': 0.9349259162469045, 'bagging_fraction': 0.9660925328745236, 'bagging_freq': 5, 'min_child_samples': 43}. Best is trial 193 with value: 0.6903953881921271.
[I 2025-04-08 01:57:28,530] Trial 223 finished with value: 0.6890961953112232 and parameters: {'lambda_l1': 0.2531687646166119, 'lambda_l2': 0.0001295260712379536, 'num_leaves': 43, 'feature_fraction': 0.9379922291311741, 'bagging_fraction': 0.9622992298679202, 'bagging_freq': 5, 'min_child_samples': 42}. Best is trial 193 with value: 0.6903953881921271.
[I 2025-04-08 01:57:30,072] Trial 224 finished with value: 0.6876704079176046 and parameters: {'lambda_l1': 0.2006221285962521, 'lambda_l2': 0.000107382294314455, 'num_leaves': 48, 'feature_fraction': 0.9871099176595217, 'bagging_fraction': 0.9635283658055237, 'bagging_freq': 5, 'min_child_samples': 43}. Best is trial 193 with value: 0.6903953881921271.
[I 2025-04-08 01:57:31,536] Trial 225 finished with value: 0.6872095434408614 and parameters: {'lambda_l1': 0.331538866803762, 'lambda_l2': 0.0002021598097113931, 'num_leaves': 45, 'feature_fraction': 0.9423355137217055, 'bagging_fraction': 0.9741806864492134, 'bagging_freq': 6, 'min_child_samples': 46}. Best is trial 193 with value: 0.6903953881921271.
[I 2025-04-08 01:57:33,059] Trial 226 finished with value: 0.68838310831352 and parameters: {'lambda_l1': 0.07802346930333814, 'lambda_l2': 3.959952520134577e-05, 'num_leaves': 47, 'feature_fraction': 0.9233196303414863, 'bagging_fraction': 0.9617490040836503, 'bagging_freq': 5, 'min_child_samples': 41}. Best is trial 193 with value: 0.6903953881921271.
[I 2025-04-08 01:57:34,696] Trial 227 finished with value: 0.6858260186517791 and parameters: {'lambda_l1': 0.16725323106951834, 'lambda_l2': 0.0001405316974005706, 'num_leaves': 53, 'feature_fraction': 0.9381603974857572, 'bagging_fraction': 0.9367580402831541, 'bagging_freq': 5, 'min_child_samples': 43}. Best is trial 193 with value: 0.6903953881921271.
[I 2025-04-08 01:57:37,244] Trial 228 finished with value: 0.687586497756831 and parameters: {'lambda_l1': 0.27271693249124734, 'lambda_l2': 6.879420891452457e-05, 'num_leaves': 50, 'feature_fraction': 0.9635760350612859, 'bagging_fraction': 0.9778441264058313, 'bagging_freq': 4, 'min_child_samples': 48}. Best is trial 193 with value: 0.6903953881921271.
[I 2025-04-08 01:57:38,753] Trial 229 finished with value: 0.6885505771788965 and parameters: {'lambda_l1': 0.6120794300149328, 'lambda_l2': 0.00025840645610908033, 'num_leaves': 43, 'feature_fraction': 0.9099492376941783, 'bagging_fraction': 0.9521302547866916, 'bagging_freq': 5, 'min_child_samples': 51}. Best is trial 193 with value: 0.6903953881921271.
