[I 2025-04-08 00:52:34,875] Trial 66 finished with value: 0.8179683548863832 and parameters: {'lambda_l1': 0.01327197831256248, 'lambda_l2': 7.27097159742578e-08, 'num_leaves': 54, 'feature_fraction': 0.5611657968527777, 'bagging_fraction': 0.962332779043287, 'bagging_freq': 11, 'min_child_samples': 76}. Best is trial 21 with value: 0.8201478751838556.
[I 2025-04-08 00:52:36,558] Trial 67 finished with value: 0.8185551812547336 and parameters: {'lambda_l1': 5.840225626017247e-06, 'lambda_l2': 4.335393423609436e-06, 'num_leaves': 46, 'feature_fraction': 0.5422877319432331, 'bagging_fraction': 0.8900666862931923, 'bagging_freq': 12, 'min_child_samples': 65}. Best is trial 21 with value: 0.8201478751838556.
[I 2025-04-08 00:52:38,796] Trial 68 finished with value: 0.8179263031555493 and parameters: {'lambda_l1': 5.595192570679306e-07, 'lambda_l2': 5.54773748519808, 'num_leaves': 72, 'feature_fraction': 0.5311317913640462, 'bagging_fraction': 0.9262584891256258, 'bagging_freq': 10, 'min_child_samples': 69}. Best is trial 21 with value: 0.8201478751838556.
[I 2025-04-08 00:52:39,529] Trial 69 finished with value: 0.7984321188765353 and parameters: {'lambda_l1': 72.15609262782512, 'lambda_l2': 0.05460506435042617, 'num_leaves': 38, 'feature_fraction': 0.47127101471663246, 'bagging_fraction': 0.8307013238369385, 'bagging_freq': 13, 'min_child_samples': 98}. Best is trial 21 with value: 0.8201478751838556.
[I 2025-04-08 00:52:41,808] Trial 70 finished with value: 0.8170456418556181 and parameters: {'lambda_l1': 2.0727821002860206e-08, 'lambda_l2': 25.531619843499996, 'num_leaves': 57, 'feature_fraction': 0.5857786809993751, 'bagging_fraction': 0.9991630674508039, 'bagging_freq': 3, 'min_child_samples': 87}. Best is trial 21 with value: 0.8201478751838556.
[I 2025-04-08 00:52:43,301] Trial 71 finished with value: 0.8195192958224162 and parameters: {'lambda_l1': 7.965162516621047e-09, 'lambda_l2': 3.7224145162497675e-09, 'num_leaves': 32, 'feature_fraction': 0.5008743307324719, 'bagging_fraction': 0.7966823981674701, 'bagging_freq': 7, 'min_child_samples': 83}. Best is trial 21 with value: 0.8201478751838556.
[I 2025-04-08 00:52:44,995] Trial 72 finished with value: 0.8178005521376444 and parameters: {'lambda_l1': 1.415279057113408e-07, 'lambda_l2': 3.548679232016727e-09, 'num_leaves': 26, 'feature_fraction': 0.4957586144311989, 'bagging_fraction': 0.8039466041077674, 'bagging_freq': 9, 'min_child_samples': 84}. Best is trial 21 with value: 0.8201478751838556.
[I 2025-04-08 00:52:46,332] Trial 73 finished with value: 0.8182194703204051 and parameters: {'lambda_l1': 1.0030154208100142e-08, 'lambda_l2': 1.239522729267594e-07, 'num_leaves': 32, 'feature_fraction': 0.5575078319653686, 'bagging_fraction': 0.7264249785735482, 'bagging_freq': 8, 'min_child_samples': 79}. Best is trial 21 with value: 0.8201478751838556.
[I 2025-04-08 00:52:47,904] Trial 74 finished with value: 0.8185131822423255 and parameters: {'lambda_l1': 1.6165564832059538e-09, 'lambda_l2': 5.224287658582301e-09, 'num_leaves': 43, 'feature_fraction': 0.8527654667076991, 'bagging_fraction': 0.9274029117333816, 'bagging_freq': 5, 'min_child_samples': 93}. Best is trial 21 with value: 0.8201478751838556.
[I 2025-04-08 00:52:49,996] Trial 75 finished with value: 0.8186807916901703 and parameters: {'lambda_l1': 5.744039448365143e-08, 'lambda_l2': 0.31092150897262755, 'num_leaves': 50, 'feature_fraction': 0.44412008560238997, 'bagging_fraction': 0.8784909384566152, 'bagging_freq': 7, 'min_child_samples': 76}. Best is trial 21 with value: 0.8201478751838556.
[I 2025-04-08 00:52:51,176] Trial 76 finished with value: 0.8180520366006456 and parameters: {'lambda_l1': 7.949761883814475e-05, 'lambda_l2': 2.80168517932046e-05, 'num_leaves': 24, 'feature_fraction': 0.4653966097139989, 'bagging_fraction': 0.7628771738666501, 'bagging_freq': 6, 'min_child_samples': 68}. Best is trial 21 with value: 0.8201478751838556.
[I 2025-04-08 00:52:52,647] Trial 77 finished with value: 0.817590767949306 and parameters: {'lambda_l1': 9.793802865068865e-07, 'lambda_l2': 6.969471225502978e-08, 'num_leaves': 36, 'feature_fraction': 0.5751289716179095, 'bagging_fraction': 0.8112251227862943, 'bagging_freq': 14, 'min_child_samples': 59}. Best is trial 21 with value: 0.8201478751838556.
[I 2025-04-08 00:52:53,994] Trial 78 finished with value: 0.8164587100504164 and parameters: {'lambda_l1': 2.863888806025267e-07, 'lambda_l2': 1.214760685860095, 'num_leaves': 30, 'feature_fraction': 0.6595249238962331, 'bagging_fraction': 0.43654184464551754, 'bagging_freq': 9, 'min_child_samples': 82}. Best is trial 21 with value: 0.8201478751838556.
[I 2025-04-08 00:52:55,937] Trial 79 finished with value: 0.8181777524729335 and parameters: {'lambda_l1': 2.4130075431889278e-08, 'lambda_l2': 9.383121249855132e-07, 'num_leaves': 38, 'feature_fraction': 0.531873612516554, 'bagging_fraction': 0.9523135676525171, 'bagging_freq': 8, 'min_child_samples': 115}. Best is trial 21 with value: 0.8201478751838556.
[I 2025-04-08 00:52:58,989] Trial 80 finished with value: 0.8162914169131253 and parameters: {'lambda_l1': 1.0837366127998444e-07, 'lambda_l2': 8.513361739044094e-05, 'num_leaves': 91, 'feature_fraction': 0.6166281557068939, 'bagging_fraction': 0.981048030570898, 'bagging_freq': 4, 'min_child_samples': 108}. Best is trial 21 with value: 0.8201478751838556.
[I 2025-04-08 00:53:00,389] Trial 81 finished with value: 0.8183452389111185 and parameters: {'lambda_l1': 0.0015808551691340318, 'lambda_l2': 4.460526177527381e-09, 'num_leaves': 30, 'feature_fraction': 0.4971298416473696, 'bagging_fraction': 0.7995368958258825, 'bagging_freq': 7, 'min_child_samples': 104}. Best is trial 21 with value: 0.8201478751838556.
[I 2025-04-08 00:53:01,701] Trial 82 finished with value: 0.8185969342478223 and parameters: {'lambda_l1': 5.9199870590285e-09, 'lambda_l2': 9.54359904151489e-09, 'num_leaves': 33, 'feature_fraction': 0.41697453734595863, 'bagging_fraction': 0.7927807989900275, 'bagging_freq': 6, 'min_child_samples': 124}. Best is trial 21 with value: 0.8201478751838556.
[I 2025-04-08 00:53:02,666] Trial 83 finished with value: 0.8158720242645341 and parameters: {'lambda_l1': 4.5213941582448735e-09, 'lambda_l2': 2.9394047003130214e-08, 'num_leaves': 17, 'feature_fraction': 0.5232621567632744, 'bagging_fraction': 0.7307725881348608, 'bagging_freq': 7, 'min_child_samples': 75}. Best is trial 21 with value: 0.8201478751838556.
[I 2025-04-08 00:53:04,394] Trial 84 finished with value: 0.818806700863352 and parameters: {'lambda_l1': 2.616600406546958e-09, 'lambda_l2': 5.245698840268981, 'num_leaves': 40, 'feature_fraction': 0.5033596639350485, 'bagging_fraction': 0.8361772605523836, 'bagging_freq': 11, 'min_child_samples': 113}. Best is trial 21 with value: 0.8201478751838556.
[I 2025-04-08 00:53:05,972] Trial 85 finished with value: 0.8181359291886107 and parameters: {'lambda_l1': 1.1861151637436087e-08, 'lambda_l2': 2.747398077912999e-09, 'num_leaves': 22, 'feature_fraction': 0.4785798780438823, 'bagging_fraction': 0.7797103081242588, 'bagging_freq': 8, 'min_child_samples': 91}. Best is trial 21 with value: 0.8201478751838556.
[I 2025-04-08 00:53:07,182] Trial 86 finished with value: 0.8179681791582976 and parameters: {'lambda_l1': 3.449554881612305e-08, 'lambda_l2': 0.007879349532370999, 'num_leaves': 28, 'feature_fraction': 0.7153849988715101, 'bagging_fraction': 0.8258305128808565, 'bagging_freq': 7, 'min_child_samples': 117}. Best is trial 21 with value: 0.8201478751838556.
[I 2025-04-08 00:53:08,699] Trial 87 finished with value: 0.8170037307072529 and parameters: {'lambda_l1': 0.000466275627404662, 'lambda_l2': 0.10669781306026671, 'num_leaves': 32, 'feature_fraction': 0.4558672145114696, 'bagging_fraction': 0.8608197279326564, 'bagging_freq': 7, 'min_child_samples': 31}. Best is trial 21 with value: 0.8201478751838556.
[I 2025-04-08 00:53:11,116] Trial 88 finished with value: 0.8180517730085175 and parameters: {'lambda_l1': 2.2453879549570353e-06, 'lambda_l2': 0.024799455062934978, 'num_leaves': 63, 'feature_fraction': 0.4214083653349735, 'bagging_fraction': 0.7492153044726099, 'bagging_freq': 5, 'min_child_samples': 128}. Best is trial 21 with value: 0.8201478751838556.
[I 2025-04-08 00:53:13,283] Trial 89 finished with value: 0.8172972669010881 and parameters: {'lambda_l1': 1.674063713977677e-07, 'lambda_l2': 5.009886656715168e-07, 'num_leaves': 52, 'feature_fraction': 0.762015860462423, 'bagging_fraction': 0.6884456537310413, 'bagging_freq': 6, 'min_child_samples': 100}. Best is trial 21 with value: 0.8201478751838556.
[I 2025-04-08 00:53:15,833] Trial 90 finished with value: 0.818429342372786 and parameters: {'lambda_l1': 6.754728555385097e-08, 'lambda_l2': 1.0757510585030943, 'num_leaves': 45, 'feature_fraction': 0.5636709533860698, 'bagging_fraction': 0.9363382174027621, 'bagging_freq': 9, 'min_child_samples': 110}. Best is trial 21 with value: 0.8201478751838556.
[I 2025-04-08 00:53:18,240] Trial 91 finished with value: 0.8187226501201101 and parameters: {'lambda_l1': 6.422196241374725e-06, 'lambda_l2': 2.237173775596647, 'num_leaves': 68, 'feature_fraction': 0.4456744283191889, 'bagging_fraction': 0.9057448352893449, 'bagging_freq': 6, 'min_child_samples': 83}. Best is trial 21 with value: 0.8201478751838556.
[I 2025-04-08 00:53:20,395] Trial 92 finished with value: 0.8182196109028734 and parameters: {'lambda_l1': 0.00019818238199399867, 'lambda_l2': 0.1955607487899852, 'num_leaves': 65, 'feature_fraction': 0.4646919762528942, 'bagging_fraction': 0.9571820787795967, 'bagging_freq': 7, 'min_child_samples': 79}. Best is trial 21 with value: 0.8201478751838556.
[I 2025-04-08 00:53:22,801] Trial 93 finished with value: 0.8172974250563648 and parameters: {'lambda_l1': 4.384802285068413e-05, 'lambda_l2': 15.789291950851307, 'num_leaves': 78, 'feature_fraction': 0.5096434163904221, 'bagging_fraction': 0.9823021647815573, 'bagging_freq': 6, 'min_child_samples': 90}. Best is trial 21 with value: 0.8201478751838556.
[I 2025-04-08 00:53:24,634] Trial 94 finished with value: 0.8193514930736775 and parameters: {'lambda_l1': 1.8004085539244866e-05, 'lambda_l2': 0.002159665443100128, 'num_leaves': 57, 'feature_fraction': 0.48336359689082276, 'bagging_fraction': 0.9693035677412035, 'bagging_freq': 8, 'min_child_samples': 73}. Best is trial 21 with value: 0.8201478751838556.
[I 2025-04-08 00:53:27,078] Trial 95 finished with value: 0.8166685645299889 and parameters: {'lambda_l1': 2.8711349851397444e-06, 'lambda_l2': 0.0008355679334245325, 'num_leaves': 58, 'feature_fraction': 0.5385022344684681, 'bagging_fraction': 0.9686766537560182, 'bagging_freq': 8, 'min_child_samples': 55}. Best is trial 21 with value: 0.8201478751838556.
[I 2025-04-08 00:53:28,693] Trial 96 finished with value: 0.8194774725380934 and parameters: {'lambda_l1': 8.492059992705765e-07, 'lambda_l2': 0.001743184198562123, 'num_leaves': 40, 'feature_fraction': 0.4874262628363374, 'bagging_fraction': 0.9901618219398963, 'bagging_freq': 8, 'min_child_samples': 72}. Best is trial 21 with value: 0.8201478751838556.
[I 2025-04-08 00:53:30,416] Trial 97 finished with value: 0.8173391429038362 and parameters: {'lambda_l1': 1.081506546478122e-05, 'lambda_l2': 0.0012861820252258666, 'num_leaves': 48, 'feature_fraction': 0.4900894470301875, 'bagging_fraction': 0.995840155317753, 'bagging_freq': 9, 'min_child_samples': 72}. Best is trial 21 with value: 0.8201478751838556.
[I 2025-04-08 00:53:32,118] Trial 98 finished with value: 0.8187648072877952 and parameters: {'lambda_l1': 1.090486047090727e-06, 'lambda_l2': 0.0023389295824204604, 'num_leaves': 40, 'feature_fraction': 0.5184521877882754, 'bagging_fraction': 0.9847686178614542, 'bagging_freq': 10, 'min_child_samples': 68}. Best is trial 21 with value: 0.8201478751838556.
[I 2025-04-08 00:53:33,908] Trial 99 finished with value: 0.8185971451215247 and parameters: {'lambda_l1': 5.728747297787574e-07, 'lambda_l2': 0.010021591986704777, 'num_leaves': 42, 'feature_fraction': 0.5943859460132462, 'bagging_fraction': 0.9477534769241137, 'bagging_freq': 8, 'min_child_samples': 77}. Best is trial 21 with value: 0.8201478751838556.
[I 2025-04-08 00:53:35,966] Trial 100 finished with value: 0.8164168164748595 and parameters: {'lambda_l1': 3.084672373630029e-07, 'lambda_l2': 0.00017355068942396897, 'num_leaves': 55, 'feature_fraction': 0.4834104717821718, 'bagging_fraction': 0.6184133181562786, 'bagging_freq': 12, 'min_child_samples': 64}. Best is trial 21 with value: 0.8201478751838556.
[I 2025-04-08 00:53:37,897] Trial 101 finished with value: 0.8196450995587468 and parameters: {'lambda_l1': 0.007278422765691554, 'lambda_l2': 2.123671379285403e-09, 'num_leaves': 35, 'feature_fraction': 0.5496826163873519, 'bagging_fraction': 0.7670091061741321, 'bagging_freq': 8, 'min_child_samples': 70}. Best is trial 21 with value: 0.8201478751838556.
[I 2025-04-08 00:53:39,263] Trial 102 finished with value: 0.819099938319442 and parameters: {'lambda_l1': 0.00843191724858823, 'lambda_l2': 0.0006111112980348917, 'num_leaves': 35, 'feature_fraction': 0.551118870117984, 'bagging_fraction': 0.765835599328724, 'bagging_freq': 8, 'min_child_samples': 71}. Best is trial 21 with value: 0.8201478751838556.
[I 2025-04-08 00:53:40,715] Trial 103 finished with value: 0.8183035562092641 and parameters: {'lambda_l1': 0.1063842324436735, 'lambda_l2': 0.0020488489391669823, 'num_leaves': 38, 'feature_fraction': 0.5317497509088468, 'bagging_fraction': 0.9697943153997255, 'bagging_freq': 9, 'min_child_samples': 61}. Best is trial 21 with value: 0.8201478751838556.
[I 2025-04-08 00:53:41,911] Trial 104 finished with value: 0.818219698766916 and parameters: {'lambda_l1': 0.04543121896458386, 'lambda_l2': 0.026403527481089144, 'num_leaves': 27, 'feature_fraction': 0.813932441467748, 'bagging_fraction': 0.8150886157505878, 'bagging_freq': 8, 'min_child_samples': 74}. Best is trial 21 with value: 0.8201478751838556.
[I 2025-04-08 00:53:43,433] Trial 105 finished with value: 0.8185551285363081 and parameters: {'lambda_l1': 1.4752166840667994e-06, 'lambda_l2': 2.134790436835821e-08, 'num_leaves': 35, 'feature_fraction': 0.5749758989255338, 'bagging_fraction': 0.7145706637622734, 'bagging_freq': 2, 'min_child_samples': 68}. Best is trial 21 with value: 0.8201478751838556.
[I 2025-04-08 00:53:45,217] Trial 106 finished with value: 0.8193515985105287 and parameters: {'lambda_l1': 0.0010985977889062064, 'lambda_l2': 0.00037020283423275794, 'num_leaves': 44, 'feature_fraction': 0.47175224229366564, 'bagging_fraction': 0.9590396630550657, 'bagging_freq': 10, 'min_child_samples': 78}. Best is trial 21 with value: 0.8201478751838556.
[I 2025-04-08 00:53:51,418] Trial 107 finished with value: 0.8188483308467809 and parameters: {'lambda_l1': 0.0057274988250787025, 'lambda_l2': 0.0003316492950110596, 'num_leaves': 44, 'feature_fraction': 0.4314105143701384, 'bagging_fraction': 0.930627793026353, 'bagging_freq': 11, 'min_child_samples': 86}. Best is trial 21 with value: 0.8201478751838556.
[I 2025-04-08 00:53:53,429] Trial 108 finished with value: 0.8172974250563648 and parameters: {'lambda_l1': 0.0011708575532229457, 'lambda_l2': 1.2444556422664507e-05, 'num_leaves': 49, 'feature_fraction': 0.9402630306195889, 'bagging_fraction': 0.919000801527871, 'bagging_freq': 10, 'min_child_samples': 81}. Best is trial 21 with value: 0.8201478751838556.
[I 2025-04-08 00:53:54,646] Trial 109 finished with value: 0.8190162917507966 and parameters: {'lambda_l1': 0.00027000976672892583, 'lambda_l2': 5.2667614115672935e-05, 'num_leaves': 24, 'feature_fraction': 0.5154803752279975, 'bagging_fraction': 0.9882573241209699, 'bagging_freq': 11, 'min_child_samples': 78}. Best is trial 21 with value: 0.8201478751838556.
[I 2025-04-08 00:53:56,182] Trial 110 finished with value: 0.8183454673576295 and parameters: {'lambda_l1': 0.03221737130960311, 'lambda_l2': 1.6600391474265008e-09, 'num_leaves': 39, 'feature_fraction': 0.47151798638965636, 'bagging_fraction': 0.8962992498950998, 'bagging_freq': 10, 'min_child_samples': 94}. Best is trial 21 with value: 0.8201478751838556.
[I 2025-04-08 00:53:58,398] Trial 111 finished with value: 0.8185552339731593 and parameters: {'lambda_l1': 0.0017118472632876834, 'lambda_l2': 0.003356974320524118, 'num_leaves': 46, 'feature_fraction': 0.4511458904906359, 'bagging_fraction': 0.960924059486441, 'bagging_freq': 9, 'min_child_samples': 74}. Best is trial 21 with value: 0.8201478751838556.
[I 2025-04-08 00:54:00,043] Trial 112 finished with value: 0.8198546553005741 and parameters: {'lambda_l1': 1.83256007041789e-05, 'lambda_l2': 7.719621565075353e-09, 'num_leaves': 36, 'feature_fraction': 0.4976372006642962, 'bagging_fraction': 0.9752155261478892, 'bagging_freq': 8, 'min_child_samples': 70}. Best is trial 21 with value: 0.8201478751838556.
[I 2025-04-08 00:54:01,308] Trial 113 finished with value: 0.8193935448045112 and parameters: {'lambda_l1': 0.0023598408970532778, 'lambda_l2': 8.987087118928107e-09, 'num_leaves': 30, 'feature_fraction': 0.5474400452998646, 'bagging_fraction': 0.743155214659943, 'bagging_freq': 10, 'min_child_samples': 66}. Best is trial 21 with value: 0.8201478751838556.
[I 2025-04-08 00:54:02,704] Trial 114 finished with value: 0.8180939653218197 and parameters: {'lambda_l1': 0.002233266365444829, 'lambda_l2': 5.797975156187658e-09, 'num_leaves': 30, 'feature_fraction': 0.568202849222931, 'bagging_fraction': 0.7414859137763611, 'bagging_freq': 7, 'min_child_samples': 57}. Best is trial 21 with value: 0.8201478751838556.
[I 2025-04-08 00:54:04,285] Trial 115 finished with value: 0.8186807389717445 and parameters: {'lambda_l1': 0.004827883882398117, 'lambda_l2': 2.352403511934633e-09, 'num_leaves': 36, 'feature_fraction': 0.5474872778354222, 'bagging_fraction': 0.7731257872106654, 'bagging_freq': 9, 'min_child_samples': 52}. Best is trial 21 with value: 0.8201478751838556.
[I 2025-04-08 00:54:05,395] Trial 116 finished with value: 0.8167944209847452 and parameters: {'lambda_l1': 0.0006099064151867618, 'lambda_l2': 4.773969899556052e-08, 'num_leaves': 20, 'feature_fraction': 0.527448583255868, 'bagging_fraction': 0.7542375123160898, 'bagging_freq': 7, 'min_child_samples': 67}. Best is trial 21 with value: 0.8201478751838556.
[I 2025-04-08 00:54:06,878] Trial 117 finished with value: 0.8192677586409893 and parameters: {'lambda_l1': 4.0533505060081206e-07, 'lambda_l2': 1.2446144556645557e-08, 'num_leaves': 32, 'feature_fraction': 0.6032711156512048, 'bagging_fraction': 0.7882096620638658, 'bagging_freq': 8, 'min_child_samples': 70}. Best is trial 21 with value: 0.8201478751838556.
[I 2025-04-08 00:54:10,873] Trial 118 finished with value: 0.8140691243996689 and parameters: {'lambda_l1': 0.00011214301764041024, 'lambda_l2': 6.465716787773292e-09, 'num_leaves': 118, 'feature_fraction': 0.4979488468513725, 'bagging_fraction': 0.7412415644478395, 'bagging_freq': 9, 'min_child_samples': 64}. Best is trial 21 with value: 0.8201478751838556.
[I 2025-04-08 00:54:12,125] Trial 119 finished with value: 0.8181779809194445 and parameters: {'lambda_l1': 8.214481275994309e-07, 'lambda_l2': 2.179911670860956e-07, 'num_leaves': 29, 'feature_fraction': 0.6314863354302791, 'bagging_fraction': 0.8459411393235725, 'bagging_freq': 10, 'min_child_samples': 61}. Best is trial 21 with value: 0.8201478751838556.
[I 2025-04-08 00:54:13,419] Trial 120 finished with value: 0.8185131822423255 and parameters: {'lambda_l1': 1.791308990283639e-07, 'lambda_l2': 0.46553356455810946, 'num_leaves': 25, 'feature_fraction': 0.5829612116302918, 'bagging_fraction': 0.7665752135767303, 'bagging_freq': 1, 'min_child_samples': 65}. Best is trial 21 with value: 0.8201478751838556.
[I 2025-04-08 00:54:15,171] Trial 121 finished with value: 0.8173810716250103 and parameters: {'lambda_l1': 0.0029734189929314543, 'lambda_l2': 4.026386826241639e-08, 'num_leaves': 43, 'feature_fraction': 0.5133447807736529, 'bagging_fraction': 0.9399557295835494, 'bagging_freq': 10, 'min_child_samples': 84}. Best is trial 21 with value: 0.8201478751838556.
[I 2025-04-08 00:54:16,775] Trial 122 finished with value: 0.8196031356919556 and parameters: {'lambda_l1': 1.3666691716998309e-08, 'lambda_l2': 9.251072933340217e-09, 'num_leaves': 33, 'feature_fraction': 0.5448902480499537, 'bagging_fraction': 0.9993458423947085, 'bagging_freq': 11, 'min_child_samples': 77}. Best is trial 21 with value: 0.8201478751838556.
[I 2025-04-08 00:54:18,683] Trial 123 finished with value: 0.8186807741173616 and parameters: {'lambda_l1': 3.925581310478831e-08, 'lambda_l2': 2.093664767028388e-08, 'num_leaves': 34, 'feature_fraction': 0.5422558149846161, 'bagging_fraction': 0.9996507216145222, 'bagging_freq': 12, 'min_child_samples': 70}. Best is trial 21 with value: 0.8201478751838556.
[I 2025-04-08 00:54:20,435] Trial 124 finished with value: 0.8179682143039146 and parameters: {'lambda_l1': 1.2024031772669217e-08, 'lambda_l2': 1.926511594493646e-09, 'num_leaves': 37, 'feature_fraction': 0.5590549674840182, 'bagging_fraction': 0.9771605801787797, 'bagging_freq': 11, 'min_child_samples': 75}. Best is trial 21 with value: 0.8201478751838556.
[I 2025-04-08 00:54:21,905] Trial 125 finished with value: 0.8184294126640201 and parameters: {'lambda_l1': 1.6815304069450296e-08, 'lambda_l2': 9.044389499162458e-09, 'num_leaves': 31, 'feature_fraction': 0.5262774232858537, 'bagging_fraction': 0.9891429179550209, 'bagging_freq': 11, 'min_child_samples': 81}. Best is trial 21 with value: 0.8201478751838556.
[I 2025-04-08 00:54:23,575] Trial 126 finished with value: 0.8181776997545078 and parameters: {'lambda_l1': 8.909912230642492e-08, 'lambda_l2': 1.0074862013415857e-09, 'num_leaves': 41, 'feature_fraction': 0.5011254389626795, 'bagging_fraction': 0.8071877658424059, 'bagging_freq': 7, 'min_child_samples': 10}. Best is trial 21 with value: 0.8201478751838556.
