[I 2025-04-08 01:22:23,432] Trial 64 finished with value: 0.8193935623773196 and parameters: {'lambda_l1': 0.030511128270070065, 'lambda_l2': 2.9595316111227256e-09, 'num_leaves': 43, 'feature_fraction': 0.872688131361849, 'bagging_fraction': 0.921816865029198, 'bagging_freq': 1, 'min_child_samples': 127}. Best is trial 64 with value: 0.8193935623773196.
[I 2025-04-08 01:22:25,463] Trial 65 finished with value: 0.8174231760742696 and parameters: {'lambda_l1': 0.035318989717604006, 'lambda_l2': 2.5628926277952063e-09, 'num_leaves': 49, 'feature_fraction': 0.871110003159908, 'bagging_fraction': 0.9209871117068672, 'bagging_freq': 2, 'min_child_samples': 125}. Best is trial 64 with value: 0.8193935623773196.
[I 2025-04-08 01:22:27,159] Trial 66 finished with value: 0.8169200138473732 and parameters: {'lambda_l1': 0.14576491635962285, 'lambda_l2': 2.1588712791365007e-09, 'num_leaves': 40, 'feature_fraction': 0.9516219218349884, 'bagging_fraction': 0.9642834300649357, 'bagging_freq': 12, 'min_child_samples': 105}. Best is trial 64 with value: 0.8193935623773196.
[I 2025-04-08 01:22:29,019] Trial 67 finished with value: 0.815871989118917 and parameters: {'lambda_l1': 0.010689724557480086, 'lambda_l2': 4.536624624230956e-09, 'num_leaves': 44, 'feature_fraction': 0.8233053010533962, 'bagging_fraction': 0.4375593073750905, 'bagging_freq': 5, 'min_child_samples': 68}. Best is trial 64 with value: 0.8193935623773196.
[I 2025-04-08 01:22:31,114] Trial 68 finished with value: 0.81754910282026 and parameters: {'lambda_l1': 0.48507529031446917, 'lambda_l2': 0.005531810243790697, 'num_leaves': 66, 'feature_fraction': 0.7210361262593984, 'bagging_fraction': 0.9143802145315365, 'bagging_freq': 7, 'min_child_samples': 126}. Best is trial 64 with value: 0.8193935623773196.
[I 2025-04-08 01:22:32,811] Trial 69 finished with value: 0.8177587112805131 and parameters: {'lambda_l1': 0.05338409311979197, 'lambda_l2': 1.130989756149091e-08, 'num_leaves': 54, 'feature_fraction': 0.6608657209817329, 'bagging_fraction': 0.585877570156287, 'bagging_freq': 10, 'min_child_samples': 72}. Best is trial 64 with value: 0.8193935623773196.
[I 2025-04-08 01:22:33,562] Trial 70 finished with value: 0.8074876682816079 and parameters: {'lambda_l1': 32.803217856996184, 'lambda_l2': 0.03739019847086929, 'num_leaves': 32, 'feature_fraction': 0.6219106283271887, 'bagging_fraction': 0.6435988759317361, 'bagging_freq': 13, 'min_child_samples': 110}. Best is trial 64 with value: 0.8193935623773196.
[I 2025-04-08 01:22:34,874] Trial 71 finished with value: 0.8184714468220454 and parameters: {'lambda_l1': 0.0034880620869615223, 'lambda_l2': 0.00016932404054102715, 'num_leaves': 34, 'feature_fraction': 0.8698328405034673, 'bagging_fraction': 0.8579933740130024, 'bagging_freq': 1, 'min_child_samples': 121}. Best is trial 64 with value: 0.8193935623773196.
[I 2025-04-08 01:22:35,957] Trial 72 finished with value: 0.8175910491142426 and parameters: {'lambda_l1': 0.002700408056133571, 'lambda_l2': 9.332899890096133e-05, 'num_leaves': 24, 'feature_fraction': 0.8651031032658217, 'bagging_fraction': 0.8738349948464348, 'bagging_freq': 3, 'min_child_samples': 117}. Best is trial 64 with value: 0.8193935623773196.
[I 2025-04-08 01:22:37,690] Trial 73 finished with value: 0.8191421657783611 and parameters: {'lambda_l1': 0.01630867007141816, 'lambda_l2': 0.0002462552380696863, 'num_leaves': 42, 'feature_fraction': 0.7408559236251457, 'bagging_fraction': 0.7910174032302053, 'bagging_freq': 1, 'min_child_samples': 128}. Best is trial 64 with value: 0.8193935623773196.
[I 2025-04-08 01:22:39,760] Trial 74 finished with value: 0.8180938950305855 and parameters: {'lambda_l1': 0.016663980313752682, 'lambda_l2': 0.00032244574886792804, 'num_leaves': 44, 'feature_fraction': 0.7449481985455683, 'bagging_fraction': 0.7762045497533375, 'bagging_freq': 2, 'min_child_samples': 122}. Best is trial 64 with value: 0.8193935623773196.
[I 2025-04-08 01:22:41,631] Trial 75 finished with value: 0.8179263558739749 and parameters: {'lambda_l1': 0.0033539278036136206, 'lambda_l2': 0.0010957215029666883, 'num_leaves': 61, 'feature_fraction': 0.9346861155380507, 'bagging_fraction': 0.5604668239193773, 'bagging_freq': 1, 'min_child_samples': 127}. Best is trial 64 with value: 0.8193935623773196.
[I 2025-04-08 01:22:43,386] Trial 76 finished with value: 0.8180101781707059 and parameters: {'lambda_l1': 0.00020973297519828106, 'lambda_l2': 0.00021160691820240363, 'num_leaves': 53, 'feature_fraction': 0.5887203277862728, 'bagging_fraction': 0.8045913386887782, 'bagging_freq': 2, 'min_child_samples': 97}. Best is trial 64 with value: 0.8193935623773196.
[I 2025-04-08 01:22:44,863] Trial 77 finished with value: 0.8191002194843786 and parameters: {'lambda_l1': 9.306179631962478e-05, 'lambda_l2': 0.0024922297337154607, 'num_leaves': 41, 'feature_fraction': 0.8843812446395654, 'bagging_fraction': 0.7390599555355577, 'bagging_freq': 1, 'min_child_samples': 114}. Best is trial 64 with value: 0.8193935623773196.
[I 2025-04-08 01:22:46,507] Trial 78 finished with value: 0.8183034859180299 and parameters: {'lambda_l1': 1.9302095085153282e-05, 'lambda_l2': 4.23455021401822e-05, 'num_leaves': 47, 'feature_fraction': 0.8358814352157542, 'bagging_fraction': 0.7481775019803254, 'bagging_freq': 1, 'min_child_samples': 116}. Best is trial 64 with value: 0.8193935623773196.
[I 2025-04-08 01:22:48,111] Trial 79 finished with value: 0.8187227907025785 and parameters: {'lambda_l1': 3.1426722973410956e-05, 'lambda_l2': 0.0026861605720019193, 'num_leaves': 47, 'feature_fraction': 0.8777649177228518, 'bagging_fraction': 0.7359709468899279, 'bagging_freq': 1, 'min_child_samples': 115}. Best is trial 64 with value: 0.8193935623773196.
[I 2025-04-08 01:22:50,530] Trial 80 finished with value: 0.8192678289322235 and parameters: {'lambda_l1': 7.450429502876192e-06, 'lambda_l2': 0.0024428028859654824, 'num_leaves': 47, 'feature_fraction': 0.8856165613799716, 'bagging_fraction': 0.7392553085455984, 'bagging_freq': 1, 'min_child_samples': 115}. Best is trial 64 with value: 0.8193935623773196.
[I 2025-04-08 01:22:52,329] Trial 81 finished with value: 0.8169199611289475 and parameters: {'lambda_l1': 7.253720173934213e-06, 'lambda_l2': 0.016498812899379735, 'num_leaves': 49, 'feature_fraction': 0.8794151420843418, 'bagging_fraction': 0.7391306571728065, 'bagging_freq': 1, 'min_child_samples': 116}. Best is trial 64 with value: 0.8193935623773196.
[I 2025-04-08 01:22:54,013] Trial 82 finished with value: 0.8179682143039149 and parameters: {'lambda_l1': 1.715627224878044e-05, 'lambda_l2': 0.003398888120054537, 'num_leaves': 47, 'feature_fraction': 0.8430459871267549, 'bagging_fraction': 0.7436641613706114, 'bagging_freq': 2, 'min_child_samples': 112}. Best is trial 64 with value: 0.8193935623773196.
[I 2025-04-08 01:22:55,911] Trial 83 finished with value: 0.8175068929341494 and parameters: {'lambda_l1': 5.147579220852328e-07, 'lambda_l2': 0.0006676797093890438, 'num_leaves': 58, 'feature_fraction': 0.8929622336942385, 'bagging_fraction': 0.7755747629246221, 'bagging_freq': 1, 'min_child_samples': 121}. Best is trial 64 with value: 0.8193935623773196.
[I 2025-04-08 01:22:57,550] Trial 84 finished with value: 0.8176746078188455 and parameters: {'lambda_l1': 7.521800197223604e-05, 'lambda_l2': 0.00014961796714242612, 'num_leaves': 42, 'feature_fraction': 0.928894589543398, 'bagging_fraction': 0.6985340737432311, 'bagging_freq': 3, 'min_child_samples': 124}. Best is trial 64 with value: 0.8193935623773196.
[I 2025-04-08 01:22:59,520] Trial 85 finished with value: 0.8187650357343061 and parameters: {'lambda_l1': 3.924699525103082e-06, 'lambda_l2': 3.8526129304900754e-05, 'num_leaves': 36, 'feature_fraction': 0.8202772629151973, 'bagging_fraction': 0.7369827500585522, 'bagging_freq': 2, 'min_child_samples': 119}. Best is trial 64 with value: 0.8193935623773196.
[I 2025-04-08 01:23:01,206] Trial 86 finished with value: 0.8181779282010189 and parameters: {'lambda_l1': 2.3988792571211385e-06, 'lambda_l2': 0.0011983325454303958, 'num_leaves': 38, 'feature_fraction': 0.8090140848161576, 'bagging_fraction': 0.7245398852903686, 'bagging_freq': 2, 'min_child_samples': 119}. Best is trial 64 with value: 0.8193935623773196.
[I 2025-04-08 01:23:02,605] Trial 87 finished with value: 0.8184714643948541 and parameters: {'lambda_l1': 6.106648373544564e-06, 'lambda_l2': 1.8577075537539506e-05, 'num_leaves': 36, 'feature_fraction': 0.8634085399112674, 'bagging_fraction': 0.6910153401165493, 'bagging_freq': 2, 'min_child_samples': 105}. Best is trial 64 with value: 0.8193935623773196.
[I 2025-04-08 01:23:04,315] Trial 88 finished with value: 0.816962294024718 and parameters: {'lambda_l1': 5.832194870414712e-07, 'lambda_l2': 2.1916234096275854e-05, 'num_leaves': 51, 'feature_fraction': 0.8774106078598539, 'bagging_fraction': 0.6852291012687851, 'bagging_freq': 2, 'min_child_samples': 106}. Best is trial 64 with value: 0.8193935623773196.
[I 2025-04-08 01:23:05,670] Trial 89 finished with value: 0.8178426741597121 and parameters: {'lambda_l1': 2.559580589523263e-06, 'lambda_l2': 6.968052127505964e-05, 'num_leaves': 36, 'feature_fraction': 0.8557521689309332, 'bagging_fraction': 0.7023308245732918, 'bagging_freq': 1, 'min_child_samples': 111}. Best is trial 64 with value: 0.8193935623773196.
[I 2025-04-08 01:23:07,281] Trial 90 finished with value: 0.8191002019115702 and parameters: {'lambda_l1': 5.587405749241023e-06, 'lambda_l2': 0.0004431109999230909, 'num_leaves': 37, 'feature_fraction': 0.908807609544931, 'bagging_fraction': 0.757666589020308, 'bagging_freq': 3, 'min_child_samples': 128}. Best is trial 64 with value: 0.8193935623773196.
[I 2025-04-08 01:23:08,650] Trial 91 finished with value: 0.8189742751655797 and parameters: {'lambda_l1': 4.618980110794241e-06, 'lambda_l2': 0.0005023386906786735, 'num_leaves': 30, 'feature_fraction': 0.9063708424880946, 'bagging_fraction': 0.7589467663426066, 'bagging_freq': 3, 'min_child_samples': 125}. Best is trial 64 with value: 0.8193935623773196.
[I 2025-04-08 01:23:10,604] Trial 92 finished with value: 0.8166267763912831 and parameters: {'lambda_l1': 7.865684230860637e-06, 'lambda_l2': 0.0028691554112765115, 'num_leaves': 29, 'feature_fraction': 0.9631752963026262, 'bagging_fraction': 0.7600895015816954, 'bagging_freq': 3, 'min_child_samples': 127}. Best is trial 64 with value: 0.8193935623773196.
[I 2025-04-08 01:23:12,259] Trial 93 finished with value: 0.8178843744343751 and parameters: {'lambda_l1': 4.3742868103276755e-06, 'lambda_l2': 0.008229666751761398, 'num_leaves': 40, 'feature_fraction': 0.9165408608800034, 'bagging_fraction': 0.7292280872490358, 'bagging_freq': 4, 'min_child_samples': 123}. Best is trial 64 with value: 0.8193935623773196.
[I 2025-04-08 01:23:13,788] Trial 94 finished with value: 0.8180939477490112 and parameters: {'lambda_l1': 6.564481120242674e-07, 'lambda_l2': 0.00047851627855735216, 'num_leaves': 37, 'feature_fraction': 0.9057633236120382, 'bagging_fraction': 0.6723297634960425, 'bagging_freq': 2, 'min_child_samples': 114}. Best is trial 64 with value: 0.8193935623773196.
[I 2025-04-08 01:23:15,292] Trial 95 finished with value: 0.8183455025032466 and parameters: {'lambda_l1': 1.8436280597806566e-07, 'lambda_l2': 0.0017515493608305662, 'num_leaves': 42, 'feature_fraction': 0.8886672630068965, 'bagging_fraction': 0.7842835457575918, 'bagging_freq': 3, 'min_child_samples': 103}. Best is trial 64 with value: 0.8193935623773196.
[I 2025-04-08 01:23:16,917] Trial 96 finished with value: 0.8168363848515361 and parameters: {'lambda_l1': 2.8467734608434342e-05, 'lambda_l2': 0.00037148035381236785, 'num_leaves': 47, 'feature_fraction': 0.9437497038219986, 'bagging_fraction': 0.758601967146476, 'bagging_freq': 1, 'min_child_samples': 128}. Best is trial 64 with value: 0.8193935623773196.
[I 2025-04-08 01:23:18,228] Trial 97 finished with value: 0.81809384231216 and parameters: {'lambda_l1': 1.1103111127695005e-06, 'lambda_l2': 1.1066860539452551e-05, 'num_leaves': 30, 'feature_fraction': 0.9929519138713587, 'bagging_fraction': 0.7105382401205068, 'bagging_freq': 4, 'min_child_samples': 108}. Best is trial 64 with value: 0.8193935623773196.
[I 2025-04-08 01:23:20,808] Trial 98 finished with value: 0.8168363321331105 and parameters: {'lambda_l1': 4.7638144836217876e-06, 'lambda_l2': 0.0008472900615286889, 'num_leaves': 56, 'feature_fraction': 0.9194746169997835, 'bagging_fraction': 0.6940551086870785, 'bagging_freq': 2, 'min_child_samples': 14}. Best is trial 64 with value: 0.8193935623773196.
[I 2025-04-08 01:23:22,487] Trial 99 finished with value: 0.8179680561486379 and parameters: {'lambda_l1': 1.3030028499303433e-05, 'lambda_l2': 2.100611407186763e-06, 'num_leaves': 45, 'feature_fraction': 0.8302158097504619, 'bagging_fraction': 0.6550539190288134, 'bagging_freq': 3, 'min_child_samples': 125}. Best is trial 64 with value: 0.8193935623773196.
[I 2025-04-08 01:23:23,890] Trial 100 finished with value: 0.8185131822423255 and parameters: {'lambda_l1': 6.644700926229546e-05, 'lambda_l2': 0.013155570059747067, 'num_leaves': 31, 'feature_fraction': 0.855599573364862, 'bagging_fraction': 0.7348624593122783, 'bagging_freq': 1, 'min_child_samples': 116}. Best is trial 64 with value: 0.8193935623773196.
[I 2025-04-08 01:23:25,528] Trial 101 finished with value: 0.8183455376488638 and parameters: {'lambda_l1': 8.596537412155217e-05, 'lambda_l2': 0.005648166193153242, 'num_leaves': 41, 'feature_fraction': 0.8941662548953874, 'bagging_fraction': 0.7345208289331157, 'bagging_freq': 1, 'min_child_samples': 114}. Best is trial 64 with value: 0.8193935623773196.
[I 2025-04-08 01:23:26,804] Trial 102 finished with value: 0.8174652629507205 and parameters: {'lambda_l1': 3.225898459800828e-05, 'lambda_l2': 5.011435955345721e-05, 'num_leaves': 32, 'feature_fraction': 0.8835783409023054, 'bagging_fraction': 0.7551414860438299, 'bagging_freq': 2, 'min_child_samples': 119}. Best is trial 64 with value: 0.8193935623773196.
[I 2025-04-08 01:23:28,289] Trial 103 finished with value: 0.8187228258481957 and parameters: {'lambda_l1': 5.893953905087163e-05, 'lambda_l2': 0.010282490367142162, 'num_leaves': 36, 'feature_fraction': 0.849309416588967, 'bagging_fraction': 0.7928052218907844, 'bagging_freq': 1, 'min_child_samples': 125}. Best is trial 64 with value: 0.8193935623773196.
[I 2025-04-08 01:23:29,714] Trial 104 finished with value: 0.8175489973834088 and parameters: {'lambda_l1': 4.43258034948956e-05, 'lambda_l2': 0.014937109593942847, 'num_leaves': 38, 'feature_fraction': 0.848008977360889, 'bagging_fraction': 0.7735156045256452, 'bagging_freq': 1, 'min_child_samples': 125}. Best is trial 64 with value: 0.8193935623773196.
[I 2025-04-08 01:23:31,455] Trial 105 finished with value: 0.8186810025638728 and parameters: {'lambda_l1': 0.00012218001317443455, 'lambda_l2': 0.035527626574613655, 'num_leaves': 26, 'feature_fraction': 0.856741220758771, 'bagging_fraction': 0.7180726853705224, 'bagging_freq': 1, 'min_child_samples': 122}. Best is trial 64 with value: 0.8193935623773196.
[I 2025-04-08 01:23:32,478] Trial 106 finished with value: 0.8179261801458895 and parameters: {'lambda_l1': 0.00015562303318344468, 'lambda_l2': 0.08540596976038191, 'num_leaves': 20, 'feature_fraction': 0.8074890010722594, 'bagging_fraction': 0.7903184725497053, 'bagging_freq': 2, 'min_child_samples': 128}. Best is trial 64 with value: 0.8193935623773196.
[I 2025-04-08 01:23:33,645] Trial 107 finished with value: 0.8194353680888341 and parameters: {'lambda_l1': 0.0003311235954539363, 'lambda_l2': 0.028521393065644097, 'num_leaves': 27, 'feature_fraction': 0.9087928969192225, 'bagging_fraction': 0.8137184806724381, 'bagging_freq': 1, 'min_child_samples': 121}. Best is trial 107 with value: 0.8194353680888341.
[I 2025-04-08 01:23:35,201] Trial 108 finished with value: 0.8184292545087434 and parameters: {'lambda_l1': 2.1237793535381018e-05, 'lambda_l2': 0.0028389220145019767, 'num_leaves': 44, 'feature_fraction': 0.9085258080167837, 'bagging_fraction': 0.8154163283070789, 'bagging_freq': 1, 'min_child_samples': 120}. Best is trial 107 with value: 0.8194353680888341.
[I 2025-04-08 01:23:36,935] Trial 109 finished with value: 0.8154110367781311 and parameters: {'lambda_l1': 3.3750066067750295e-06, 'lambda_l2': 0.00871805348732487, 'num_leaves': 52, 'feature_fraction': 0.9281256704666513, 'bagging_fraction': 0.8098362410275719, 'bagging_freq': 3, 'min_child_samples': 42}. Best is trial 107 with value: 0.8194353680888341.
[I 2025-04-08 01:23:38,269] Trial 110 finished with value: 0.8184713941036199 and parameters: {'lambda_l1': 1.0596200300761576e-05, 'lambda_l2': 0.0016496714498641992, 'num_leaves': 35, 'feature_fraction': 0.9644065524692312, 'bagging_fraction': 0.7981106722627155, 'bagging_freq': 2, 'min_child_samples': 124}. Best is trial 107 with value: 0.8194353680888341.
[I 2025-04-08 01:23:39,564] Trial 111 finished with value: 0.8162911533209971 and parameters: {'lambda_l1': 1.811111557123834e-06, 'lambda_l2': 0.0272949768956149, 'num_leaves': 29, 'feature_fraction': 0.897814261078033, 'bagging_fraction': 0.7147387109226464, 'bagging_freq': 1, 'min_child_samples': 121}. Best is trial 107 with value: 0.8194353680888341.
[I 2025-04-08 01:23:41,360] Trial 112 finished with value: 0.8171716388928427 and parameters: {'lambda_l1': 0.0002755131712221828, 'lambda_l2': 0.12475547686598414, 'num_leaves': 24, 'feature_fraction': 0.8779646125312092, 'bagging_fraction': 0.7455854811665548, 'bagging_freq': 1, 'min_child_samples': 125}. Best is trial 107 with value: 0.8194353680888341.
[I 2025-04-08 01:23:42,666] Trial 113 finished with value: 0.8185549703810311 and parameters: {'lambda_l1': 0.00014057237610287795, 'lambda_l2': 0.003275274987932204, 'num_leaves': 26, 'feature_fraction': 0.8299231724661841, 'bagging_fraction': 0.7748598986466441, 'bagging_freq': 1, 'min_child_samples': 117}. Best is trial 107 with value: 0.8194353680888341.
[I 2025-04-08 01:23:43,983] Trial 114 finished with value: 0.8177165716856365 and parameters: {'lambda_l1': 1.13541213702645e-06, 'lambda_l2': 0.044133934543820405, 'num_leaves': 33, 'feature_fraction': 0.9473340414659702, 'bagging_fraction': 0.8303740834438839, 'bagging_freq': 2, 'min_child_samples': 122}. Best is trial 107 with value: 0.8194353680888341.
[I 2025-04-08 01:23:45,324] Trial 115 finished with value: 0.8185132876791767 and parameters: {'lambda_l1': 0.00041930327758110127, 'lambda_l2': 0.024354441557083537, 'num_leaves': 27, 'feature_fraction': 0.9143751537316517, 'bagging_fraction': 0.7109217857349241, 'bagging_freq': 1, 'min_child_samples': 113}. Best is trial 107 with value: 0.8194353680888341.
[I 2025-04-08 01:23:46,958] Trial 116 finished with value: 0.8174651750866779 and parameters: {'lambda_l1': 1.1640808914272436e-05, 'lambda_l2': 0.00046070247766041324, 'num_leaves': 39, 'feature_fraction': 0.785298760847298, 'bagging_fraction': 0.7511557082957246, 'bagging_freq': 2, 'min_child_samples': 128}. Best is trial 107 with value: 0.8194353680888341.
[I 2025-04-08 01:23:48,643] Trial 117 finished with value: 0.8183034331996044 and parameters: {'lambda_l1': 0.000107127079523284, 'lambda_l2': 0.004646266263314331, 'num_leaves': 41, 'feature_fraction': 0.8667651331300731, 'bagging_fraction': 0.7654503793081665, 'bagging_freq': 1, 'min_child_samples': 119}. Best is trial 107 with value: 0.8194353680888341.
[I 2025-04-08 01:23:49,822] Trial 118 finished with value: 0.8174652102322948 and parameters: {'lambda_l1': 4.06958098001217e-05, 'lambda_l2': 0.0011271701342781006, 'num_leaves': 22, 'feature_fraction': 0.8555094356260954, 'bagging_fraction': 0.7841412837841596, 'bagging_freq': 2, 'min_child_samples': 123}. Best is trial 107 with value: 0.8194353680888341.
[I 2025-04-08 01:23:50,953] Trial 119 finished with value: 0.8162912411850399 and parameters: {'lambda_l1': 2.657123183579909e-05, 'lambda_l2': 0.0002464411764604399, 'num_leaves': 17, 'feature_fraction': 0.9801912929836798, 'bagging_fraction': 0.7681186534250414, 'bagging_freq': 1, 'min_child_samples': 110}. Best is trial 107 with value: 0.8194353680888341.
[I 2025-04-08 01:23:54,061] Trial 120 finished with value: 0.815578523216316 and parameters: {'lambda_l1': 1.2611221466162285e-07, 'lambda_l2': 0.45253378854443055, 'num_leaves': 76, 'feature_fraction': 0.9314756717453839, 'bagging_fraction': 0.7281749168392152, 'bagging_freq': 3, 'min_child_samples': 116}. Best is trial 107 with value: 0.8194353680888341.
[I 2025-04-08 01:23:55,353] Trial 121 finished with value: 0.8188905407328914 and parameters: {'lambda_l1': 0.0008796841258704237, 'lambda_l2': 0.004205072855328664, 'num_leaves': 32, 'feature_fraction': 0.8266165771496327, 'bagging_fraction': 0.7925075454916798, 'bagging_freq': 1, 'min_child_samples': 117}. Best is trial 107 with value: 0.8194353680888341.
[I 2025-04-08 01:23:56,970] Trial 122 finished with value: 0.8180939653218197 and parameters: {'lambda_l1': 0.0010508233902342624, 'lambda_l2': 0.008999610927834894, 'num_leaves': 36, 'feature_fraction': 0.824060846483313, 'bagging_fraction': 0.7896231347964794, 'bagging_freq': 1, 'min_child_samples': 125}. Best is trial 107 with value: 0.8194353680888341.
[I 2025-04-08 01:23:58,795] Trial 123 finished with value: 0.8176750295662503 and parameters: {'lambda_l1': 5.997104407384828e-05, 'lambda_l2': 0.00011415666469185849, 'num_leaves': 46, 'feature_fraction': 0.8427954462757774, 'bagging_fraction': 0.8374468736012192, 'bagging_freq': 2, 'min_child_samples': 120}. Best is trial 107 with value: 0.8194353680888341.
[I 2025-04-08 01:24:00,069] Trial 124 finished with value: 0.8180100200154289 and parameters: {'lambda_l1': 0.00025982330999431956, 'lambda_l2': 0.0020682186193204527, 'num_leaves': 31, 'feature_fraction': 0.8885985080020289, 'bagging_fraction': 0.7219921813439588, 'bagging_freq': 1, 'min_child_samples': 122}. Best is trial 107 with value: 0.8194353680888341.
