[I 2025-04-08 02:08:15,234] Trial 316 finished with value: 0.6673371396036629 and parameters: {'lambda_l1': 0.0003620008747876811, 'lambda_l2': 2.820622818613821, 'num_leaves': 33, 'feature_fraction': 0.8968881541844692, 'bagging_fraction': 0.8927435134675376, 'bagging_freq': 4, 'min_child_samples': 7}. Best is trial 300 with value: 0.6705654402603588.
[I 2025-04-08 02:08:17,120] Trial 317 finished with value: 0.6677564268154029 and parameters: {'lambda_l1': 0.0009056988004048935, 'lambda_l2': 1.8120688278093247, 'num_leaves': 36, 'feature_fraction': 0.9351046693922621, 'bagging_fraction': 0.9058004871936671, 'bagging_freq': 1, 'min_child_samples': 2}. Best is trial 300 with value: 0.6705654402603588.
[I 2025-04-08 02:08:18,423] Trial 318 finished with value: 0.6657439712087105 and parameters: {'lambda_l1': 0.005498056611654381, 'lambda_l2': 1.0634662475955454, 'num_leaves': 32, 'feature_fraction': 0.8680197530331047, 'bagging_fraction': 0.9325674665584948, 'bagging_freq': 6, 'min_child_samples': 11}. Best is trial 300 with value: 0.6705654402603588.
[I 2025-04-08 02:08:21,126] Trial 319 finished with value: 0.6620128773540974 and parameters: {'lambda_l1': 0.0018244489614485733, 'lambda_l2': 2.0020665166280316, 'num_leaves': 96, 'feature_fraction': 0.9474227448451463, 'bagging_fraction': 0.9834014037976572, 'bagging_freq': 5, 'min_child_samples': 7}. Best is trial 300 with value: 0.6705654402603588.
[I 2025-04-08 02:08:22,148] Trial 320 finished with value: 0.6680078761327871 and parameters: {'lambda_l1': 0.000574399344944048, 'lambda_l2': 0.5545941015023191, 'num_leaves': 27, 'feature_fraction': 0.7527217213847901, 'bagging_fraction': 0.8803482000216722, 'bagging_freq': 4, 'min_child_samples': 13}. Best is trial 300 with value: 0.6705654402603588.
[I 2025-04-08 02:08:23,409] Trial 321 finished with value: 0.6673793670625822 and parameters: {'lambda_l1': 0.001323685442542748, 'lambda_l2': 5.327766573119872, 'num_leaves': 35, 'feature_fraction': 0.9379806030975983, 'bagging_fraction': 0.9577327607584549, 'bagging_freq': 3, 'min_child_samples': 9}. Best is trial 300 with value: 0.6705654402603588.
[I 2025-04-08 02:08:24,784] Trial 322 finished with value: 0.6684693732306379 and parameters: {'lambda_l1': 0.00014049373902279337, 'lambda_l2': 0.8719472809221696, 'num_leaves': 40, 'feature_fraction': 0.8408805657904609, 'bagging_fraction': 0.9485261677816278, 'bagging_freq': 5, 'min_child_samples': 4}. Best is trial 300 with value: 0.6705654402603588.
[I 2025-04-08 02:08:26,153] Trial 323 finished with value: 0.6653666654365701 and parameters: {'lambda_l1': 0.00019429168069757768, 'lambda_l2': 0.29149627194615935, 'num_leaves': 43, 'feature_fraction': 0.8401362918905892, 'bagging_fraction': 0.949447789508573, 'bagging_freq': 5, 'min_child_samples': 37}. Best is trial 300 with value: 0.6705654402603588.
[I 2025-04-08 02:08:28,103] Trial 324 finished with value: 0.6670022194457185 and parameters: {'lambda_l1': 6.50842780228329e-05, 'lambda_l2': 9.483172200121138e-05, 'num_leaves': 40, 'feature_fraction': 0.8301828120475734, 'bagging_fraction': 0.9687668939939602, 'bagging_freq': 5, 'min_child_samples': 6}. Best is trial 300 with value: 0.6705654402603588.
[I 2025-04-08 02:08:29,429] Trial 325 finished with value: 0.6662888512830786 and parameters: {'lambda_l1': 0.00016305701774301087, 'lambda_l2': 0.17788028218321775, 'num_leaves': 33, 'feature_fraction': 0.9203884650477921, 'bagging_fraction': 0.9365063842802579, 'bagging_freq': 6, 'min_child_samples': 10}. Best is trial 300 with value: 0.6705654402603588.
[I 2025-04-08 02:08:30,661] Trial 326 finished with value: 0.6669600271324165 and parameters: {'lambda_l1': 0.011350647122037625, 'lambda_l2': 0.7131851736199518, 'num_leaves': 27, 'feature_fraction': 0.8786453396093088, 'bagging_fraction': 0.9455273747697442, 'bagging_freq': 5, 'min_child_samples': 14}. Best is trial 300 with value: 0.6705654402603588.
[I 2025-04-08 02:08:32,165] Trial 327 finished with value: 0.6656602719216393 and parameters: {'lambda_l1': 0.00028831604214923576, 'lambda_l2': 0.4310716152866606, 'num_leaves': 38, 'feature_fraction': 0.9104332248097281, 'bagging_fraction': 0.9582821008038748, 'bagging_freq': 5, 'min_child_samples': 4}. Best is trial 300 with value: 0.6705654402603588.
[I 2025-04-08 02:08:33,466] Trial 328 finished with value: 0.6661636450222383 and parameters: {'lambda_l1': 0.003017274220497915, 'lambda_l2': 2.8904803392409555, 'num_leaves': 30, 'feature_fraction': 0.9453047469517988, 'bagging_fraction': 0.6942301405635612, 'bagging_freq': 5, 'min_child_samples': 7}. Best is trial 300 with value: 0.6705654402603588.
[I 2025-04-08 02:08:34,847] Trial 329 finished with value: 0.6671693895733497 and parameters: {'lambda_l1': 0.00011341375242576466, 'lambda_l2': 1.0615236039679237, 'num_leaves': 34, 'feature_fraction': 0.8238722211064399, 'bagging_fraction': 0.9739219733401396, 'bagging_freq': 3, 'min_child_samples': 12}. Best is trial 300 with value: 0.6705654402603588.
[I 2025-04-08 02:08:36,293] Trial 330 finished with value: 0.6488071050379485 and parameters: {'lambda_l1': 0.0005620689676553508, 'lambda_l2': 0.10976833357140894, 'num_leaves': 42, 'feature_fraction': 0.5678334910346062, 'bagging_fraction': 0.9260803932684573, 'bagging_freq': 5, 'min_child_samples': 2}. Best is trial 300 with value: 0.6705654402603588.
[I 2025-04-08 02:08:37,976] Trial 331 finished with value: 0.6669599216955652 and parameters: {'lambda_l1': 0.0008728394819891701, 'lambda_l2': 0.783084367549009, 'num_leaves': 30, 'feature_fraction': 0.9523679862865267, 'bagging_fraction': 0.9504006810601734, 'bagging_freq': 4, 'min_child_samples': 10}. Best is trial 300 with value: 0.6705654402603588.
[I 2025-04-08 02:08:39,236] Trial 332 finished with value: 0.6676724112177781 and parameters: {'lambda_l1': 0.00011765987542101452, 'lambda_l2': 1.858818658632647, 'num_leaves': 27, 'feature_fraction': 0.9008359457446363, 'bagging_fraction': 0.9357567866127614, 'bagging_freq': 6, 'min_child_samples': 5}. Best is trial 300 with value: 0.6705654402603588.
[I 2025-04-08 02:08:40,830] Trial 333 finished with value: 0.6693496479287809 and parameters: {'lambda_l1': 2.8484489628198836e-07, 'lambda_l2': 4.176317628297092, 'num_leaves': 36, 'feature_fraction': 0.9712233744270188, 'bagging_fraction': 0.9876671654651369, 'bagging_freq': 4, 'min_child_samples': 8}. Best is trial 300 with value: 0.6705654402603588.
[I 2025-04-08 02:08:43,074] Trial 334 finished with value: 0.6666244392077475 and parameters: {'lambda_l1': 1.4869705343311045e-07, 'lambda_l2': 5.320887745512413, 'num_leaves': 68, 'feature_fraction': 0.9726426614783807, 'bagging_fraction': 0.9855277557350796, 'bagging_freq': 4, 'min_child_samples': 7}. Best is trial 300 with value: 0.6705654402603588.
[I 2025-04-08 02:08:45,266] Trial 335 finished with value: 0.6638993710691824 and parameters: {'lambda_l1': 5.7657704659534274e-08, 'lambda_l2': 7.671953059923152, 'num_leaves': 72, 'feature_fraction': 0.8420936057290017, 'bagging_fraction': 0.7117785037085412, 'bagging_freq': 4, 'min_child_samples': 4}. Best is trial 300 with value: 0.6705654402603588.
[I 2025-04-08 02:08:46,604] Trial 336 finished with value: 0.6673372977589396 and parameters: {'lambda_l1': 1.6378181191172787e-07, 'lambda_l2': 3.761718134834161, 'num_leaves': 38, 'feature_fraction': 0.9752877262429105, 'bagging_fraction': 0.9919585964183605, 'bagging_freq': 5, 'min_child_samples': 15}. Best is trial 300 with value: 0.6705654402603588.
[I 2025-04-08 02:08:48,858] Trial 337 finished with value: 0.6492265328321569 and parameters: {'lambda_l1': 3.111643735996033e-07, 'lambda_l2': 0.4172954460929375, 'num_leaves': 45, 'feature_fraction': 0.5198931388338465, 'bagging_fraction': 0.979272690300914, 'bagging_freq': 4, 'min_child_samples': 12}. Best is trial 300 with value: 0.6705654402603588.
[I 2025-04-08 02:08:50,311] Trial 338 finished with value: 0.6664990923644389 and parameters: {'lambda_l1': 2.1314012755867887e-07, 'lambda_l2': 3.1165042739473803, 'num_leaves': 36, 'feature_fraction': 0.9335301482517768, 'bagging_fraction': 0.678374783931313, 'bagging_freq': 5, 'min_child_samples': 8}. Best is trial 300 with value: 0.6705654402603588.
[I 2025-04-08 02:08:51,708] Trial 339 finished with value: 0.6658277583598244 and parameters: {'lambda_l1': 3.7823750230023683e-07, 'lambda_l2': 0.23009275383643832, 'num_leaves': 40, 'feature_fraction': 0.8542484857513206, 'bagging_fraction': 0.9696087857248722, 'bagging_freq': 4, 'min_child_samples': 6}. Best is trial 300 with value: 0.6705654402603588.
[I 2025-04-08 02:08:52,924] Trial 340 finished with value: 0.6680916808567094 and parameters: {'lambda_l1': 1.4187656922497002e-06, 'lambda_l2': 0.8576679962146171, 'num_leaves': 31, 'feature_fraction': 0.967475931440301, 'bagging_fraction': 0.964389888033634, 'bagging_freq': 5, 'min_child_samples': 2}. Best is trial 300 with value: 0.6705654402603588.
[I 2025-04-08 02:08:54,256] Trial 341 finished with value: 0.6676728153923743 and parameters: {'lambda_l1': 0.0026456297418452415, 'lambda_l2': 2.0669593107059843, 'num_leaves': 33, 'feature_fraction': 0.8611673669035945, 'bagging_fraction': 0.9602948620714706, 'bagging_freq': 4, 'min_child_samples': 10}. Best is trial 300 with value: 0.6705654402603588.
[I 2025-04-08 02:08:55,384] Trial 342 finished with value: 0.6683434992030731 and parameters: {'lambda_l1': 0.0011954939812263078, 'lambda_l2': 8.617055146236522, 'num_leaves': 28, 'feature_fraction': 0.9440933441548236, 'bagging_fraction': 0.9866628014871919, 'bagging_freq': 6, 'min_child_samples': 5}. Best is trial 300 with value: 0.6705654402603588.
[I 2025-04-08 02:08:56,825] Trial 343 finished with value: 0.667882318415776 and parameters: {'lambda_l1': 4.7285838431088796e-07, 'lambda_l2': 4.619716629873684, 'num_leaves': 36, 'feature_fraction': 0.9279973755031606, 'bagging_fraction': 0.9464827716233749, 'bagging_freq': 4, 'min_child_samples': 51}. Best is trial 300 with value: 0.6705654402603588.
[I 2025-04-08 02:08:58,755] Trial 344 finished with value: 0.6684274972278894 and parameters: {'lambda_l1': 0.001780703924748103, 'lambda_l2': 1.4245913451477288, 'num_leaves': 39, 'feature_fraction': 0.8131880994117336, 'bagging_fraction': 0.976356775032849, 'bagging_freq': 5, 'min_child_samples': 9}. Best is trial 300 with value: 0.6705654402603588.
[I 2025-04-08 02:09:00,095] Trial 345 finished with value: 0.6662470279987558 and parameters: {'lambda_l1': 0.006785286022446263, 'lambda_l2': 2.755819616225585, 'num_leaves': 39, 'feature_fraction': 0.8178646307754251, 'bagging_fraction': 0.9768624695021488, 'bagging_freq': 5, 'min_child_samples': 63}. Best is trial 300 with value: 0.6705654402603588.
[I 2025-04-08 02:09:01,693] Trial 346 finished with value: 0.6678823535613934 and parameters: {'lambda_l1': 7.37900951610195e-08, 'lambda_l2': 1.4601312549224943, 'num_leaves': 43, 'feature_fraction': 0.81561831977051, 'bagging_fraction': 0.9968679167637217, 'bagging_freq': 4, 'min_child_samples': 8}. Best is trial 300 with value: 0.6705654402603588.
[I 2025-04-08 02:09:03,058] Trial 347 finished with value: 0.6655765902073767 and parameters: {'lambda_l1': 0.004635245283561288, 'lambda_l2': 1.082580400716924, 'num_leaves': 40, 'feature_fraction': 0.7717986226875726, 'bagging_fraction': 0.9816814931832087, 'bagging_freq': 5, 'min_child_samples': 10}. Best is trial 300 with value: 0.6705654402603588.
[I 2025-04-08 02:09:04,524] Trial 348 finished with value: 0.6669178875375399 and parameters: {'lambda_l1': 0.0022257178673589987, 'lambda_l2': 1.5427206182980015e-05, 'num_leaves': 37, 'feature_fraction': 0.9194924988718615, 'bagging_fraction': 0.9669301729285008, 'bagging_freq': 4, 'min_child_samples': 6}. Best is trial 300 with value: 0.6705654402603588.
[I 2025-04-08 02:09:06,084] Trial 349 finished with value: 0.6689722718654063 and parameters: {'lambda_l1': 0.0017721936712410437, 'lambda_l2': 3.396251929154521, 'num_leaves': 42, 'feature_fraction': 0.7894657317115409, 'bagging_fraction': 0.9892510699382076, 'bagging_freq': 7, 'min_child_samples': 4}. Best is trial 300 with value: 0.6705654402603588.
[I 2025-04-08 02:09:07,686] Trial 350 finished with value: 0.6667084372325638 and parameters: {'lambda_l1': 0.0008965491943358078, 'lambda_l2': 6.736232028874636, 'num_leaves': 50, 'feature_fraction': 0.8019827387032672, 'bagging_fraction': 0.9905274376661938, 'bagging_freq': 9, 'min_child_samples': 8}. Best is trial 300 with value: 0.6705654402603588.
[I 2025-04-08 02:09:09,729] Trial 351 finished with value: 0.6676727802467572 and parameters: {'lambda_l1': 0.0013903631105271238, 'lambda_l2': 3.330262545873215, 'num_leaves': 41, 'feature_fraction': 0.7996637479865935, 'bagging_fraction': 0.9792966810289317, 'bagging_freq': 7, 'min_child_samples': 12}. Best is trial 300 with value: 0.6705654402603588.
[I 2025-04-08 02:09:11,281] Trial 352 finished with value: 0.6674630839224618 and parameters: {'lambda_l1': 0.4309677531209509, 'lambda_l2': 10.003718133614464, 'num_leaves': 43, 'feature_fraction': 0.78659125592532, 'bagging_fraction': 0.9971059528338648, 'bagging_freq': 8, 'min_child_samples': 4}. Best is trial 300 with value: 0.6705654402603588.
[I 2025-04-08 02:09:12,698] Trial 353 finished with value: 0.6656602367760223 and parameters: {'lambda_l1': 0.0037296242584514043, 'lambda_l2': 0.06444435772680529, 'num_leaves': 45, 'feature_fraction': 0.8060299729756258, 'bagging_fraction': 0.9884713664664525, 'bagging_freq': 6, 'min_child_samples': 2}. Best is trial 300 with value: 0.6705654402603588.
[I 2025-04-08 02:09:13,982] Trial 354 finished with value: 0.667379402208199 and parameters: {'lambda_l1': 0.000624927310027091, 'lambda_l2': 2.273602247528109, 'num_leaves': 39, 'feature_fraction': 0.7937652571818874, 'bagging_fraction': 0.9729069617480374, 'bagging_freq': 5, 'min_child_samples': 9}. Best is trial 300 with value: 0.6705654402603588.
[I 2025-04-08 02:09:15,226] Trial 355 finished with value: 0.6683853927786301 and parameters: {'lambda_l1': 8.825014341194613e-07, 'lambda_l2': 5.123922383384232, 'num_leaves': 36, 'feature_fraction': 0.7628770480816595, 'bagging_fraction': 0.998644079098556, 'bagging_freq': 4, 'min_child_samples': 6}. Best is trial 300 with value: 0.6705654402603588.
[I 2025-04-08 02:09:16,530] Trial 356 finished with value: 0.6667502780896951 and parameters: {'lambda_l1': 0.0016363352348424422, 'lambda_l2': 0.00717469261894085, 'num_leaves': 41, 'feature_fraction': 0.778308340548284, 'bagging_fraction': 0.9650379941800405, 'bagging_freq': 5, 'min_child_samples': 12}. Best is trial 300 with value: 0.6705654402603588.
[I 2025-04-08 02:09:17,985] Trial 357 finished with value: 0.6682177306123596 and parameters: {'lambda_l1': 0.015496952729720756, 'lambda_l2': 4.219588417135931, 'num_leaves': 38, 'feature_fraction': 0.7918998080149331, 'bagging_fraction': 0.9797471149086032, 'bagging_freq': 6, 'min_child_samples': 7}. Best is trial 300 with value: 0.6705654402603588.
[I 2025-04-08 02:09:20,128] Trial 358 finished with value: 0.6666663152104959 and parameters: {'lambda_l1': 0.0005626702829375931, 'lambda_l2': 1.9611896952731578, 'num_leaves': 47, 'feature_fraction': 0.7667631122945052, 'bagging_fraction': 0.9618826652531016, 'bagging_freq': 5, 'min_child_samples': 10}. Best is trial 300 with value: 0.6705654402603588.
[I 2025-04-08 02:09:21,390] Trial 359 finished with value: 0.668343235610945 and parameters: {'lambda_l1': 0.001130300347306575, 'lambda_l2': 0.33058538920890673, 'num_leaves': 34, 'feature_fraction': 0.823133060465668, 'bagging_fraction': 0.9873178386977224, 'bagging_freq': 4, 'min_child_samples': 15}. Best is trial 300 with value: 0.6705654402603588.
[I 2025-04-08 02:09:23,037] Trial 360 finished with value: 0.6673789804607942 and parameters: {'lambda_l1': 2.5382695227113736e-07, 'lambda_l2': 0.6217369927570338, 'num_leaves': 42, 'feature_fraction': 0.7844191293662636, 'bagging_fraction': 0.9752541618223435, 'bagging_freq': 5, 'min_child_samples': 5}. Best is trial 300 with value: 0.6705654402603588.
[I 2025-04-08 02:09:24,302] Trial 361 finished with value: 0.6685950715301171 and parameters: {'lambda_l1': 0.0003065770159864422, 'lambda_l2': 3.1649235160613673, 'num_leaves': 35, 'feature_fraction': 0.8102452264202269, 'bagging_fraction': 0.9526713243650557, 'bagging_freq': 4, 'min_child_samples': 8}. Best is trial 300 with value: 0.6705654402603588.
[I 2025-04-08 02:09:25,512] Trial 362 finished with value: 0.6671694774373924 and parameters: {'lambda_l1': 0.00020494940229183264, 'lambda_l2': 13.090305318865502, 'num_leaves': 33, 'feature_fraction': 0.8059342260396258, 'bagging_fraction': 0.9499204473672178, 'bagging_freq': 4, 'min_child_samples': 2}. Best is trial 300 with value: 0.6705654402603588.
[I 2025-04-08 02:09:26,755] Trial 363 finished with value: 0.6672951933096802 and parameters: {'lambda_l1': 0.0002877470030418119, 'lambda_l2': 5.538679560355632, 'num_leaves': 35, 'feature_fraction': 0.8251901727005462, 'bagging_fraction': 0.9553413039866572, 'bagging_freq': 6, 'min_child_samples': 11}. Best is trial 300 with value: 0.6705654402603588.
[I 2025-04-08 02:09:27,862] Trial 364 finished with value: 0.6676725166546292 and parameters: {'lambda_l1': 0.009962195514973377, 'lambda_l2': 2.2608992840748894e-09, 'num_leaves': 31, 'feature_fraction': 0.8484989317713086, 'bagging_fraction': 0.9694344425623898, 'bagging_freq': 7, 'min_child_samples': 8}. Best is trial 300 with value: 0.6705654402603588.
[I 2025-04-08 02:09:28,967] Trial 365 finished with value: 0.6667922243836777 and parameters: {'lambda_l1': 0.002153356913774222, 'lambda_l2': 4.059234531136444, 'num_leaves': 29, 'feature_fraction': 0.838850594914995, 'bagging_fraction': 0.956189359461004, 'bagging_freq': 4, 'min_child_samples': 31}. Best is trial 300 with value: 0.6705654402603588.
[I 2025-04-08 02:09:30,401] Trial 366 finished with value: 0.6682179414860621 and parameters: {'lambda_l1': 1.0612230067965675e-08, 'lambda_l2': 2.4729495969623305, 'num_leaves': 26, 'feature_fraction': 0.813325104092151, 'bagging_fraction': 0.9774735241682768, 'bagging_freq': 5, 'min_child_samples': 13}. Best is trial 300 with value: 0.6705654402603588.
[I 2025-04-08 02:09:31,747] Trial 367 finished with value: 0.667924211991333 and parameters: {'lambda_l1': 0.0003345926017438129, 'lambda_l2': 7.1930582561519225, 'num_leaves': 36, 'feature_fraction': 0.7896024079166339, 'bagging_fraction': 0.9657028951511609, 'bagging_freq': 4, 'min_child_samples': 42}. Best is trial 300 with value: 0.6705654402603588.
[I 2025-04-08 02:09:32,967] Trial 368 finished with value: 0.6682178360492108 and parameters: {'lambda_l1': 4.0303218443738093e-07, 'lambda_l2': 3.2360391562731072, 'num_leaves': 33, 'feature_fraction': 0.8099771681373995, 'bagging_fraction': 0.9998393054050401, 'bagging_freq': 5, 'min_child_samples': 5}. Best is trial 300 with value: 0.6705654402603588.
[I 2025-04-08 02:09:34,889] Trial 369 finished with value: 0.6616358176012765 and parameters: {'lambda_l1': 1.1870736526928307e-07, 'lambda_l2': 0.002074481962569565, 'num_leaves': 55, 'feature_fraction': 0.7994782466701129, 'bagging_fraction': 0.6287768906004659, 'bagging_freq': 5, 'min_child_samples': 10}. Best is trial 300 with value: 0.6705654402603588.
[I 2025-04-08 02:09:36,297] Trial 370 finished with value: 0.6666246676542584 and parameters: {'lambda_l1': 0.003211588498438795, 'lambda_l2': 0.5654542804564576, 'num_leaves': 37, 'feature_fraction': 0.8297575144110654, 'bagging_fraction': 0.9447521092072719, 'bagging_freq': 4, 'min_child_samples': 16}. Best is trial 300 with value: 0.6705654402603588.
[I 2025-04-08 02:09:37,282] Trial 371 finished with value: 0.6680081924433409 and parameters: {'lambda_l1': 0.000832875649154975, 'lambda_l2': 1.4258788201681274e-06, 'num_leaves': 25, 'feature_fraction': 0.774143071507893, 'bagging_fraction': 0.9856155426902236, 'bagging_freq': 4, 'min_child_samples': 6}. Best is trial 300 with value: 0.6705654402603588.
[I 2025-04-08 02:09:38,431] Trial 372 finished with value: 0.6684693556578293 and parameters: {'lambda_l1': 0.0003724303918518498, 'lambda_l2': 1.4639800436671715, 'num_leaves': 32, 'feature_fraction': 0.90701674137471, 'bagging_fraction': 0.929458086635478, 'bagging_freq': 5, 'min_child_samples': 4}. Best is trial 300 with value: 0.6705654402603588.
[I 2025-04-08 02:09:39,753] Trial 373 finished with value: 0.6669598689771395 and parameters: {'lambda_l1': 0.00014987578371066394, 'lambda_l2': 0.14087070325797357, 'num_leaves': 29, 'feature_fraction': 0.8880043443602018, 'bagging_fraction': 0.9214815581984321, 'bagging_freq': 4, 'min_child_samples': 2}. Best is trial 300 with value: 0.6705654402603588.
[I 2025-04-08 02:09:41,550] Trial 374 finished with value: 0.6667916269081873 and parameters: {'lambda_l1': 0.00022467077369539952, 'lambda_l2': 2.7118999547036218, 'num_leaves': 31, 'feature_fraction': 0.916257287958206, 'bagging_fraction': 0.9275797747604554, 'bagging_freq': 6, 'min_child_samples': 4}. Best is trial 300 with value: 0.6705654402603588.
[I 2025-04-08 02:09:42,902] Trial 375 finished with value: 0.6673789980336027 and parameters: {'lambda_l1': 0.0004023501086098333, 'lambda_l2': 0.27119366688484275, 'num_leaves': 32, 'feature_fraction': 0.9269322232846956, 'bagging_fraction': 0.9330579069804957, 'bagging_freq': 5, 'min_child_samples': 4}. Best is trial 300 with value: 0.6705654402603588.
[I 2025-04-08 02:09:44,375] Trial 376 finished with value: 0.6660378061402908 and parameters: {'lambda_l1': 0.00037726191927353814, 'lambda_l2': 0.95268951311815, 'num_leaves': 34, 'feature_fraction': 0.8968193090441781, 'bagging_fraction': 0.9113252126832219, 'bagging_freq': 4, 'min_child_samples': 75}. Best is trial 300 with value: 0.6705654402603588.
