[I 2025-04-08 20:37:01,162] Trial 171 finished with value: 0.8197708154310346 and parameters: {'max_depth': 7, 'learning_rate': 0.045984517951550063, 'n_estimators': 250, 'gamma': 0.04974905540411599, 'min_child_weight': 4, 'subsample': 0.7111145738516149, 'colsample_bytree': 0.8601679758763444}. Best is trial 168 with value: 0.8212383382449333.
[I 2025-04-08 20:37:04,213] Trial 172 finished with value: 0.8144886049123029 and parameters: {'max_depth': 11, 'learning_rate': 0.0266484081354245, 'n_estimators': 235, 'gamma': 0.0800609966649401, 'min_child_weight': 4, 'subsample': 0.6804073952744382, 'colsample_bytree': 0.5347671411792347}. Best is trial 168 with value: 0.8212383382449333.
[I 2025-04-08 20:37:07,551] Trial 173 finished with value: 0.8199387763350503 and parameters: {'max_depth': 10, 'learning_rate': 0.01880469737781987, 'n_estimators': 261, 'gamma': 0.1389550766887337, 'min_child_weight': 4, 'subsample': 0.7208726047206259, 'colsample_bytree': 0.8941734396738047}. Best is trial 168 with value: 0.8212383382449333.
[I 2025-04-08 20:37:11,211] Trial 174 finished with value: 0.820190436526137 and parameters: {'max_depth': 10, 'learning_rate': 0.01705012357056283, 'n_estimators': 262, 'gamma': 0.13558883205219172, 'min_child_weight': 4, 'subsample': 0.6938010345944872, 'colsample_bytree': 0.8922423934381282}. Best is trial 168 with value: 0.8212383382449333.
[I 2025-04-08 20:37:14,293] Trial 175 finished with value: 0.8191423590792553 and parameters: {'max_depth': 10, 'learning_rate': 0.01517029207022648, 'n_estimators': 261, 'gamma': 0.15723401651399063, 'min_child_weight': 5, 'subsample': 0.7009318807879965, 'colsample_bytree': 0.8918356746974628}. Best is trial 168 with value: 0.8212383382449333.
[I 2025-04-08 20:37:17,397] Trial 176 finished with value: 0.8191422536424039 and parameters: {'max_depth': 10, 'learning_rate': 0.013376268984360692, 'n_estimators': 251, 'gamma': 0.13204992228979615, 'min_child_weight': 4, 'subsample': 0.6946722275663284, 'colsample_bytree': 0.8693718986704504}. Best is trial 168 with value: 0.8212383382449333.
[I 2025-04-08 20:37:20,370] Trial 177 finished with value: 0.8198548486014682 and parameters: {'max_depth': 9, 'learning_rate': 0.01733369783065282, 'n_estimators': 278, 'gamma': 0.1414845031082322, 'min_child_weight': 4, 'subsample': 0.684264645292934, 'colsample_bytree': 0.8853163835681296}. Best is trial 168 with value: 0.8212383382449333.
[I 2025-04-08 20:37:23,056] Trial 178 finished with value: 0.8193520554035507 and parameters: {'max_depth': 8, 'learning_rate': 0.020984849691376598, 'n_estimators': 259, 'gamma': 0.11939341494519279, 'min_child_weight': 4, 'subsample': 0.777167572143694, 'colsample_bytree': 0.8957408426259923}. Best is trial 168 with value: 0.8212383382449333.
[I 2025-04-08 20:37:26,777] Trial 179 finished with value: 0.8178845677352692 and parameters: {'max_depth': 11, 'learning_rate': 0.01137307988505233, 'n_estimators': 265, 'gamma': 0.156112262621141, 'min_child_weight': 3, 'subsample': 0.7085745363269473, 'colsample_bytree': 0.8070718699321511}. Best is trial 168 with value: 0.8212383382449333.
[I 2025-04-08 20:37:29,518] Trial 180 finished with value: 0.8204419561347553 and parameters: {'max_depth': 9, 'learning_rate': 0.0234750203048278, 'n_estimators': 270, 'gamma': 0.1330322925388659, 'min_child_weight': 4, 'subsample': 0.7543325329596036, 'colsample_bytree': 0.8468766935766551}. Best is trial 168 with value: 0.8212383382449333.
[I 2025-04-08 20:37:32,872] Trial 181 finished with value: 0.8202740830947824 and parameters: {'max_depth': 9, 'learning_rate': 0.02239374456793071, 'n_estimators': 274, 'gamma': 0.10414836627998884, 'min_child_weight': 4, 'subsample': 0.7547661347413507, 'colsample_bytree': 0.8446807269113338}. Best is trial 168 with value: 0.8212383382449333.
[I 2025-04-08 20:37:35,704] Trial 182 finished with value: 0.8203160118159565 and parameters: {'max_depth': 9, 'learning_rate': 0.02507088298534331, 'n_estimators': 270, 'gamma': 0.11262497940091275, 'min_child_weight': 4, 'subsample': 0.7508346789509764, 'colsample_bytree': 0.8482792217136264}. Best is trial 168 with value: 0.8212383382449333.
[I 2025-04-08 20:37:38,162] Trial 183 finished with value: 0.8188907691794027 and parameters: {'max_depth': 8, 'learning_rate': 0.02479007918329436, 'n_estimators': 272, 'gamma': 0.10458958557870365, 'min_child_weight': 4, 'subsample': 0.7543900628395178, 'colsample_bytree': 0.8253286618657135}. Best is trial 168 with value: 0.8212383382449333.
[I 2025-04-08 20:37:40,675] Trial 184 finished with value: 0.8194358074090475 and parameters: {'max_depth': 8, 'learning_rate': 0.02107891108758538, 'n_estimators': 277, 'gamma': 0.11414493018685759, 'min_child_weight': 4, 'subsample': 0.7852791483059195, 'colsample_bytree': 0.836563117062021}. Best is trial 168 with value: 0.8212383382449333.
[I 2025-04-08 20:37:44,118] Trial 185 finished with value: 0.8194357546906218 and parameters: {'max_depth': 9, 'learning_rate': 0.026733368051060448, 'n_estimators': 271, 'gamma': 0.12372350159384797, 'min_child_weight': 4, 'subsample': 0.770663533495938, 'colsample_bytree': 0.8436602828995332}. Best is trial 168 with value: 0.8212383382449333.
[I 2025-04-08 20:37:47,402] Trial 186 finished with value: 0.8198548310286595 and parameters: {'max_depth': 9, 'learning_rate': 0.029350894396400456, 'n_estimators': 282, 'gamma': 0.09777856975517492, 'min_child_weight': 1, 'subsample': 0.751662443742449, 'colsample_bytree': 0.8515186017164192}. Best is trial 168 with value: 0.8212383382449333.
[I 2025-04-08 20:37:50,336] Trial 187 finished with value: 0.8198547958830424 and parameters: {'max_depth': 10, 'learning_rate': 0.03533079533413317, 'n_estimators': 254, 'gamma': 0.3972427673681732, 'min_child_weight': 4, 'subsample': 0.7649277817026575, 'colsample_bytree': 0.8129334509384427}. Best is trial 168 with value: 0.8212383382449333.
[I 2025-04-08 20:37:54,780] Trial 188 finished with value: 0.8192260759391348 and parameters: {'max_depth': 11, 'learning_rate': 0.015716078304884095, 'n_estimators': 267, 'gamma': 0.1324926713056515, 'min_child_weight': 4, 'subsample': 0.7943853397873102, 'colsample_bytree': 0.8472974344609773}. Best is trial 168 with value: 0.8212383382449333.
[I 2025-04-08 20:37:57,303] Trial 189 finished with value: 0.8204837794190782 and parameters: {'max_depth': 8, 'learning_rate': 0.024352205427952835, 'n_estimators': 274, 'gamma': 0.1050024552327392, 'min_child_weight': 4, 'subsample': 0.742313210119403, 'colsample_bytree': 0.824794771516321}. Best is trial 168 with value: 0.8212383382449333.
[I 2025-04-08 20:37:59,877] Trial 190 finished with value: 0.8194357371178134 and parameters: {'max_depth': 8, 'learning_rate': 0.02130941812917538, 'n_estimators': 277, 'gamma': 0.10562651441766724, 'min_child_weight': 4, 'subsample': 0.73591920067125, 'colsample_bytree': 0.8311339645316794}. Best is trial 168 with value: 0.8212383382449333.
[I 2025-04-08 20:38:03,157] Trial 191 finished with value: 0.8206095655826001 and parameters: {'max_depth': 9, 'learning_rate': 0.023849288689047038, 'n_estimators': 272, 'gamma': 0.06795806045090132, 'min_child_weight': 4, 'subsample': 0.7452023776163123, 'colsample_bytree': 0.821054681464126}. Best is trial 168 with value: 0.8212383382449333.
[I 2025-04-08 20:38:06,396] Trial 192 finished with value: 0.8206094601457489 and parameters: {'max_depth': 9, 'learning_rate': 0.025637181807371675, 'n_estimators': 272, 'gamma': 0.06643383873433956, 'min_child_weight': 4, 'subsample': 0.7474681442770944, 'colsample_bytree': 0.8213113088191323}. Best is trial 168 with value: 0.8212383382449333.
[I 2025-04-08 20:38:09,245] Trial 193 finished with value: 0.8199804941825217 and parameters: {'max_depth': 9, 'learning_rate': 0.033783404905494974, 'n_estimators': 289, 'gamma': 0.06799355983713029, 'min_child_weight': 4, 'subsample': 0.754922959734795, 'colsample_bytree': 0.8197366951783822}. Best is trial 168 with value: 0.8212383382449333.
[I 2025-04-08 20:38:11,603] Trial 194 finished with value: 0.8206930539959687 and parameters: {'max_depth': 8, 'learning_rate': 0.03819839360094031, 'n_estimators': 273, 'gamma': 0.05953701253498684, 'min_child_weight': 4, 'subsample': 0.744010977034843, 'colsample_bytree': 0.8237140494076461}. Best is trial 168 with value: 0.8212383382449333.
[I 2025-04-08 20:38:14,442] Trial 195 finished with value: 0.8202740655219738 and parameters: {'max_depth': 8, 'learning_rate': 0.03784025954528286, 'n_estimators': 274, 'gamma': 0.042636030094732616, 'min_child_weight': 4, 'subsample': 0.741836536119139, 'colsample_bytree': 0.8233120556567025}. Best is trial 168 with value: 0.8212383382449333.
[I 2025-04-08 20:38:16,995] Trial 196 finished with value: 0.8201064912197463 and parameters: {'max_depth': 8, 'learning_rate': 0.02463939738307354, 'n_estimators': 273, 'gamma': 0.041004787289393, 'min_child_weight': 4, 'subsample': 0.7443201233187307, 'colsample_bytree': 0.7977089873693738}. Best is trial 168 with value: 0.8212383382449333.
[I 2025-04-08 20:38:20,350] Trial 197 finished with value: 0.8203160469615736 and parameters: {'max_depth': 10, 'learning_rate': 0.017695640414066568, 'n_estimators': 280, 'gamma': 0.05923630312235195, 'min_child_weight': 4, 'subsample': 0.7338991741963965, 'colsample_bytree': 0.8129549685086938}. Best is trial 168 with value: 0.8212383382449333.
[I 2025-04-08 20:38:23,661] Trial 198 finished with value: 0.8213222659785154 and parameters: {'max_depth': 9, 'learning_rate': 0.035748718991786575, 'n_estimators': 281, 'gamma': 0.006367511521289247, 'min_child_weight': 4, 'subsample': 0.7326218636566159, 'colsample_bytree': 0.8178645517325136}. Best is trial 198 with value: 0.8213222659785154.
[I 2025-04-08 20:38:26,557] Trial 199 finished with value: 0.8200646855082321 and parameters: {'max_depth': 9, 'learning_rate': 0.02547058202391125, 'n_estimators': 281, 'gamma': 0.0629553911819408, 'min_child_weight': 4, 'subsample': 0.7312888730735119, 'colsample_bytree': 0.8151281999050883}. Best is trial 198 with value: 0.8213222659785154.
[I 2025-04-08 20:38:29,730] Trial 200 finished with value: 0.8202743291141023 and parameters: {'max_depth': 9, 'learning_rate': 0.036832103335163624, 'n_estimators': 285, 'gamma': 0.02766820204252553, 'min_child_weight': 4, 'subsample': 0.7407027404961256, 'colsample_bytree': 0.807658147350294}. Best is trial 198 with value: 0.8213222659785154.
[I 2025-04-08 20:38:32,909] Trial 201 finished with value: 0.8203998341126875 and parameters: {'max_depth': 9, 'learning_rate': 0.03588634671768789, 'n_estimators': 285, 'gamma': 0.027481934829601914, 'min_child_weight': 4, 'subsample': 0.7388277374972745, 'colsample_bytree': 0.8039653145356251}. Best is trial 198 with value: 0.8213222659785154.
[I 2025-04-08 20:38:36,629] Trial 202 finished with value: 0.8206932297240541 and parameters: {'max_depth': 9, 'learning_rate': 0.0361784835524931, 'n_estimators': 289, 'gamma': 0.003971505503024693, 'min_child_weight': 4, 'subsample': 0.741941862533066, 'colsample_bytree': 0.8046577841907765}. Best is trial 198 with value: 0.8213222659785154.
[I 2025-04-08 20:38:40,226] Trial 203 finished with value: 0.819142253642404 and parameters: {'max_depth': 10, 'learning_rate': 0.029592524152063246, 'n_estimators': 288, 'gamma': 0.0023595828051802548, 'min_child_weight': 2, 'subsample': 0.7331528292939246, 'colsample_bytree': 0.7857618915143302}. Best is trial 198 with value: 0.8213222659785154.
[I 2025-04-08 20:38:43,350] Trial 204 finished with value: 0.8197711493143969 and parameters: {'max_depth': 9, 'learning_rate': 0.019553719019762772, 'n_estimators': 292, 'gamma': 0.01987578810920164, 'min_child_weight': 4, 'subsample': 0.7408275323012462, 'colsample_bytree': 0.8081804025020427}. Best is trial 198 with value: 0.8213222659785154.
[I 2025-04-08 20:38:46,631] Trial 205 finished with value: 0.8201902783708601 and parameters: {'max_depth': 9, 'learning_rate': 0.03420032832112703, 'n_estimators': 296, 'gamma': 0.0042954048120529, 'min_child_weight': 4, 'subsample': 0.7262567095655741, 'colsample_bytree': 0.7939793208214211}. Best is trial 198 with value: 0.8213222659785154.
[I 2025-04-08 20:38:49,864] Trial 206 finished with value: 0.8191421306327442 and parameters: {'max_depth': 10, 'learning_rate': 0.02451864451269931, 'n_estimators': 285, 'gamma': 0.02212557050568527, 'min_child_weight': 4, 'subsample': 0.7538525470394585, 'colsample_bytree': 0.8129070311425292}. Best is trial 198 with value: 0.8213222659785154.
[I 2025-04-08 20:38:52,664] Trial 207 finished with value: 0.820190085069966 and parameters: {'max_depth': 9, 'learning_rate': 0.030644066008896333, 'n_estimators': 281, 'gamma': 0.05070742556809755, 'min_child_weight': 4, 'subsample': 0.7429300433256332, 'colsample_bytree': 0.822519258214376}. Best is trial 198 with value: 0.8213222659785154.
[I 2025-04-08 20:38:56,275] Trial 208 finished with value: 0.8198969179051103 and parameters: {'max_depth': 10, 'learning_rate': 0.03807275262082153, 'n_estimators': 287, 'gamma': 0.03036512464177717, 'min_child_weight': 4, 'subsample': 0.7172415483627765, 'colsample_bytree': 0.7963750018870892}. Best is trial 198 with value: 0.8213222659785154.
[I 2025-04-08 20:38:59,246] Trial 209 finished with value: 0.8196454334421089 and parameters: {'max_depth': 9, 'learning_rate': 0.019276348539594885, 'n_estimators': 292, 'gamma': 0.016129928773172146, 'min_child_weight': 4, 'subsample': 0.7295627539715611, 'colsample_bytree': 0.7722132043298957}. Best is trial 198 with value: 0.8213222659785154.
[I 2025-04-08 20:39:01,628] Trial 210 finished with value: 0.8180103538987913 and parameters: {'max_depth': 8, 'learning_rate': 0.05893210293265912, 'n_estimators': 280, 'gamma': 0.0582485719627799, 'min_child_weight': 4, 'subsample': 0.7597647066537915, 'colsample_bytree': 0.8290262861695414}. Best is trial 198 with value: 0.8213222659785154.
[I 2025-04-08 20:39:04,053] Trial 211 finished with value: 0.820693387879331 and parameters: {'max_depth': 8, 'learning_rate': 0.039337483835076355, 'n_estimators': 275, 'gamma': 0.03520550929635885, 'min_child_weight': 4, 'subsample': 0.7425260759145482, 'colsample_bytree': 0.8226536178821594}. Best is trial 198 with value: 0.8213222659785154.
[I 2025-04-08 20:39:07,588] Trial 212 finished with value: 0.8201902959436687 and parameters: {'max_depth': 9, 'learning_rate': 0.025384878012085374, 'n_estimators': 273, 'gamma': 0.0035565244639853243, 'min_child_weight': 4, 'subsample': 0.7499852465338709, 'colsample_bytree': 0.8005544262760171}. Best is trial 198 with value: 0.8213222659785154.
[I 2025-04-08 20:39:09,935] Trial 213 finished with value: 0.819645204995598 and parameters: {'max_depth': 8, 'learning_rate': 0.03841778070275473, 'n_estimators': 270, 'gamma': 0.08790157782044394, 'min_child_weight': 4, 'subsample': 0.7386395580170221, 'colsample_bytree': 0.8041070623768929}. Best is trial 198 with value: 0.8213222659785154.
[I 2025-04-08 20:39:12,806] Trial 214 finished with value: 0.8204417452610528 and parameters: {'max_depth': 9, 'learning_rate': 0.030087036449929896, 'n_estimators': 279, 'gamma': 0.03497135873359049, 'min_child_weight': 4, 'subsample': 0.7183859888879308, 'colsample_bytree': 0.8153254111919931}. Best is trial 198 with value: 0.8213222659785154.
[I 2025-04-08 20:39:16,484] Trial 215 finished with value: 0.81914206034151 and parameters: {'max_depth': 10, 'learning_rate': 0.03278042463537762, 'n_estimators': 284, 'gamma': 0.02811534056378284, 'min_child_weight': 4, 'subsample': 0.7176171683365514, 'colsample_bytree': 0.7858318337850266}. Best is trial 198 with value: 0.8213222659785154.
[I 2025-04-08 20:39:18,834] Trial 216 finished with value: 0.8198548837470853 and parameters: {'max_depth': 8, 'learning_rate': 0.04744008048718255, 'n_estimators': 279, 'gamma': 0.03849432756474859, 'min_child_weight': 4, 'subsample': 0.7256139852734413, 'colsample_bytree': 0.8108440464034522}. Best is trial 198 with value: 0.8213222659785154.
[I 2025-04-08 20:39:21,098] Trial 217 finished with value: 0.8193520554035508 and parameters: {'max_depth': 9, 'learning_rate': 0.026573441444438923, 'n_estimators': 192, 'gamma': 0.055051055176282074, 'min_child_weight': 4, 'subsample': 0.7346608274708748, 'colsample_bytree': 0.820393241585497}. Best is trial 198 with value: 0.8213222659785154.
[I 2025-04-08 20:39:24,611] Trial 218 finished with value: 0.8151174478658701 and parameters: {'max_depth': 11, 'learning_rate': 0.056224026183597856, 'n_estimators': 295, 'gamma': 0.013813989873040226, 'min_child_weight': 4, 'subsample': 0.884468412518455, 'colsample_bytree': 0.8326535313643305}. Best is trial 198 with value: 0.8213222659785154.
[I 2025-04-08 20:39:28,091] Trial 219 finished with value: 0.8197290448651374 and parameters: {'max_depth': 10, 'learning_rate': 0.03675569494103351, 'n_estimators': 269, 'gamma': 0.07126919234192865, 'min_child_weight': 4, 'subsample': 0.7443435435035952, 'colsample_bytree': 0.8201759191050702}. Best is trial 198 with value: 0.8213222659785154.
[I 2025-04-08 20:39:31,025] Trial 220 finished with value: 0.7766323645443985 and parameters: {'max_depth': 8, 'learning_rate': 0.6463181046574856, 'n_estimators': 286, 'gamma': 0.052092075574106236, 'min_child_weight': 4, 'subsample': 0.7175786480818868, 'colsample_bytree': 0.8052647866557442}. Best is trial 198 with value: 0.8213222659785154.
[I 2025-04-08 20:39:33,979] Trial 221 finished with value: 0.8198548310286595 and parameters: {'max_depth': 9, 'learning_rate': 0.02435600025054409, 'n_estimators': 276, 'gamma': 0.02892275539619374, 'min_child_weight': 4, 'subsample': 0.7518980833923489, 'colsample_bytree': 0.8410626434298359}. Best is trial 198 with value: 0.8213222659785154.
[I 2025-04-08 20:39:37,485] Trial 222 finished with value: 0.8207771398848278 and parameters: {'max_depth': 9, 'learning_rate': 0.030635270590375522, 'n_estimators': 280, 'gamma': 0.04593475379168961, 'min_child_weight': 4, 'subsample': 0.7310403044549604, 'colsample_bytree': 0.835309520038101}. Best is trial 198 with value: 0.8213222659785154.
[I 2025-04-08 20:39:37,823] A new study created in RDB with name: xgboost-num_features-6
[I 2025-04-08 20:39:40,668] Trial 0 finished with value: 0.8194774022468593 and parameters: {'max_depth': 9, 'learning_rate': 0.035748718991786575, 'n_estimators': 281, 'gamma': 0.006367511521289247, 'min_child_weight': 4, 'subsample': 0.7326218636566159, 'colsample_bytree': 0.8178645517325136}. Best is trial 0 with value: 0.8194774022468593.
[I 2025-04-08 20:39:45,185] Trial 1 finished with value: 0.6377394866279713 and parameters: {'max_depth': 21, 'learning_rate': 7.091973326428783e-05, 'n_estimators': 276, 'gamma': 0.15578056017821018, 'min_child_weight': 7, 'subsample': 0.5432064719738818, 'colsample_bytree': 0.7434404542768467}. Best is trial 0 with value: 0.8194774022468593.
[I 2025-04-08 20:39:46,628] Trial 2 finished with value: 0.6377394866279713 and parameters: {'max_depth': 4, 'learning_rate': 0.00023235344749790698, 'n_estimators': 281, 'gamma': 0.13817181132240283, 'min_child_weight': 1, 'subsample': 0.8704488569509576, 'colsample_bytree': 0.8803706035711487}. Best is trial 0 with value: 0.8194774022468593.
[I 2025-04-08 20:39:51,461] Trial 3 finished with value: 0.6377394866279713 and parameters: {'max_depth': 25, 'learning_rate': 0.00021781232684340158, 'n_estimators': 168, 'gamma': 0.061802218028016574, 'min_child_weight': 2, 'subsample': 0.5478637372231865, 'colsample_bytree': 0.643013721389492}. Best is trial 0 with value: 0.8194774022468593.
[I 2025-04-08 20:39:54,114] Trial 4 finished with value: 0.6377394866279713 and parameters: {'max_depth': 32, 'learning_rate': 0.00041460082941842613, 'n_estimators': 128, 'gamma': 0.1402788171057381, 'min_child_weight': 7, 'subsample': 0.7615766191985158, 'colsample_bytree': 0.8137886038228626}. Best is trial 0 with value: 0.8194774022468593.
[I 2025-04-08 20:39:58,084] Trial 5 finished with value: 0.6377394866279713 and parameters: {'max_depth': 19, 'learning_rate': 0.0001792805280215744, 'n_estimators': 174, 'gamma': 0.3698814592374275, 'min_child_weight': 4, 'subsample': 0.6934931011257148, 'colsample_bytree': 0.783019293873668}. Best is trial 0 with value: 0.8194774022468593.
[I 2025-04-08 20:39:59,070] Trial 6 finished with value: 0.6377394866279713 and parameters: {'max_depth': 10, 'learning_rate': 0.0008830217850080686, 'n_estimators': 68, 'gamma': 0.2994758735101065, 'min_child_weight': 5, 'subsample': 0.6147761414844396, 'colsample_bytree': 0.6983086447272128}. Best is trial 0 with value: 0.8194774022468593.
[I 2025-04-08 20:40:01,123] Trial 7 finished with value: 0.6377394866279713 and parameters: {'max_depth': 24, 'learning_rate': 1.5717835422787513e-05, 'n_estimators': 104, 'gamma': 0.2177957622022841, 'min_child_weight': 5, 'subsample': 0.5599783586670548, 'colsample_bytree': 0.5309544807236474}. Best is trial 0 with value: 0.8194774022468593.
[I 2025-04-08 20:40:05,349] Trial 8 finished with value: 0.6377394866279713 and parameters: {'max_depth': 12, 'learning_rate': 3.196539191123027e-05, 'n_estimators': 274, 'gamma': 0.45273305330954305, 'min_child_weight': 3, 'subsample': 0.7098149281005219, 'colsample_bytree': 0.7427636656668438}. Best is trial 0 with value: 0.8194774022468593.
[I 2025-04-08 20:40:10,981] Trial 9 finished with value: 0.6789922345759067 and parameters: {'max_depth': 21, 'learning_rate': 0.0018378216509569553, 'n_estimators': 272, 'gamma': 0.3294466879119782, 'min_child_weight': 5, 'subsample': 0.7916815428817126, 'colsample_bytree': 0.5637909333914625}. Best is trial 0 with value: 0.8194774022468593.
[I 2025-04-08 20:40:11,866] Trial 10 finished with value: 0.815159394159853 and parameters: {'max_depth': 3, 'learning_rate': 0.1087789156965242, 'n_estimators': 219, 'gamma': 0.5963209546779176, 'min_child_weight': 3, 'subsample': 0.9966097421064478, 'colsample_bytree': 0.9896385895051778}. Best is trial 0 with value: 0.8194774022468593.
