[I 2025-04-08 01:08:16,787] Trial 278 finished with value: 0.8189744860392822 and parameters: {'lambda_l1': 3.3199794921135246e-09, 'lambda_l2': 0.002266479198964603, 'num_leaves': 32, 'feature_fraction': 0.49468221501632503, 'bagging_fraction': 0.9009506990278647, 'bagging_freq': 1, 'min_child_samples': 101}. Best is trial 187 with value: 0.8214059476927782.
[I 2025-04-08 01:08:18,391] Trial 279 finished with value: 0.8188066481449263 and parameters: {'lambda_l1': 5.127522150940724e-09, 'lambda_l2': 4.5250694122462264e-07, 'num_leaves': 21, 'feature_fraction': 0.451702889367436, 'bagging_fraction': 0.8369637475279782, 'bagging_freq': 1, 'min_child_samples': 112}. Best is trial 187 with value: 0.8214059476927782.
[I 2025-04-08 01:08:19,606] Trial 280 finished with value: 0.8191838836258327 and parameters: {'lambda_l1': 2.3255123655035642e-09, 'lambda_l2': 0.0038289692265954427, 'num_leaves': 26, 'feature_fraction': 0.47878509473901343, 'bagging_fraction': 0.8708595318235332, 'bagging_freq': 2, 'min_child_samples': 120}. Best is trial 187 with value: 0.8214059476927782.
[I 2025-04-08 01:08:20,886] Trial 281 finished with value: 0.8190162390323709 and parameters: {'lambda_l1': 0.01240344328787889, 'lambda_l2': 0.0063357294379596, 'num_leaves': 29, 'feature_fraction': 0.46382865854218874, 'bagging_fraction': 0.8560505383318658, 'bagging_freq': 1, 'min_child_samples': 107}. Best is trial 187 with value: 0.8214059476927782.
[I 2025-04-08 01:08:21,914] Trial 282 finished with value: 0.8191002897756128 and parameters: {'lambda_l1': 0.008557688634297823, 'lambda_l2': 0.0008536162032273145, 'num_leaves': 19, 'feature_fraction': 0.4405046324639779, 'bagging_fraction': 0.8933484095909361, 'bagging_freq': 1, 'min_child_samples': 110}. Best is trial 187 with value: 0.8214059476927782.
[I 2025-04-08 01:08:23,453] Trial 283 finished with value: 0.8201901553612003 and parameters: {'lambda_l1': 0.0008163203538430361, 'lambda_l2': 0.012413745376380087, 'num_leaves': 35, 'feature_fraction': 0.47345163906680443, 'bagging_fraction': 0.8833997826494255, 'bagging_freq': 1, 'min_child_samples': 103}. Best is trial 187 with value: 0.8214059476927782.
[I 2025-04-08 01:08:25,238] Trial 284 finished with value: 0.8196450644131297 and parameters: {'lambda_l1': 0.0008717904878375592, 'lambda_l2': 0.010745103616491006, 'num_leaves': 36, 'feature_fraction': 0.5003905176319303, 'bagging_fraction': 0.8795030135203374, 'bagging_freq': 1, 'min_child_samples': 102}. Best is trial 187 with value: 0.8214059476927782.
[I 2025-04-08 01:08:26,961] Trial 285 finished with value: 0.8186389508330392 and parameters: {'lambda_l1': 0.0021424770986070963, 'lambda_l2': 0.014789053784291024, 'num_leaves': 34, 'feature_fraction': 0.4761111338894294, 'bagging_fraction': 0.8668196614338148, 'bagging_freq': 2, 'min_child_samples': 115}. Best is trial 187 with value: 0.8214059476927782.
[I 2025-04-08 01:08:29,590] Trial 286 finished with value: 0.8196453104324493 and parameters: {'lambda_l1': 0.0065429905399577255, 'lambda_l2': 1.190344256325143e-06, 'num_leaves': 37, 'feature_fraction': 0.49006661239059424, 'bagging_fraction': 0.8829999738919818, 'bagging_freq': 1, 'min_child_samples': 98}. Best is trial 187 with value: 0.8214059476927782.
[I 2025-04-08 01:08:31,117] Trial 287 finished with value: 0.8200644746345296 and parameters: {'lambda_l1': 0.0012541822872946728, 'lambda_l2': 0.005954714653078171, 'num_leaves': 32, 'feature_fraction': 0.46509421850286725, 'bagging_fraction': 0.906496238662834, 'bagging_freq': 1, 'min_child_samples': 104}. Best is trial 187 with value: 0.8214059476927782.
[I 2025-04-08 01:08:32,656] Trial 288 finished with value: 0.8203578702458962 and parameters: {'lambda_l1': 0.0012722299902837354, 'lambda_l2': 0.0199030480366051, 'num_leaves': 32, 'feature_fraction': 0.4482843081756323, 'bagging_fraction': 0.9041643959006342, 'bagging_freq': 1, 'min_child_samples': 104}. Best is trial 187 with value: 0.8214059476927782.
[I 2025-04-08 01:08:34,122] Trial 289 finished with value: 0.8141952268737447 and parameters: {'lambda_l1': 0.0011779825355411968, 'lambda_l2': 0.0289887336463104, 'num_leaves': 30, 'feature_fraction': 0.43677268272417785, 'bagging_fraction': 0.9051449269875215, 'bagging_freq': 9, 'min_child_samples': 104}. Best is trial 187 with value: 0.8214059476927782.
[I 2025-04-08 01:08:35,584] Trial 290 finished with value: 0.8147402651033897 and parameters: {'lambda_l1': 0.0014895179164551877, 'lambda_l2': 0.013723302847460987, 'num_leaves': 32, 'feature_fraction': 0.42551994911955526, 'bagging_fraction': 0.9165439024423588, 'bagging_freq': 1, 'min_child_samples': 104}. Best is trial 187 with value: 0.8214059476927782.
[I 2025-04-08 01:08:37,019] Trial 291 finished with value: 0.8193937205325966 and parameters: {'lambda_l1': 0.0008079922453172833, 'lambda_l2': 0.020601120673667275, 'num_leaves': 29, 'feature_fraction': 0.4484592049390782, 'bagging_fraction': 0.8997924930284735, 'bagging_freq': 2, 'min_child_samples': 101}. Best is trial 187 with value: 0.8214059476927782.
[I 2025-04-08 01:08:39,022] Trial 292 finished with value: 0.8189743630296225 and parameters: {'lambda_l1': 0.0019946907885721294, 'lambda_l2': 0.009499558554590304, 'num_leaves': 33, 'feature_fraction': 0.4659861299968985, 'bagging_fraction': 0.9116486423496446, 'bagging_freq': 1, 'min_child_samples': 107}. Best is trial 187 with value: 0.8214059476927782.
[I 2025-04-08 01:08:40,354] Trial 293 finished with value: 0.8193097049349719 and parameters: {'lambda_l1': 0.0012663401134108646, 'lambda_l2': 0.006657116509925864, 'num_leaves': 25, 'feature_fraction': 0.4512151821705842, 'bagging_fraction': 0.8938682400890211, 'bagging_freq': 1, 'min_child_samples': 104}. Best is trial 187 with value: 0.8214059476927782.
[I 2025-04-08 01:08:41,738] Trial 294 finished with value: 0.8180940004674365 and parameters: {'lambda_l1': 0.0034143914274836597, 'lambda_l2': 0.003962551511930194, 'num_leaves': 28, 'feature_fraction': 0.46437889150013745, 'bagging_fraction': 0.9065087842872855, 'bagging_freq': 1, 'min_child_samples': 108}. Best is trial 187 with value: 0.8214059476927782.
[I 2025-04-08 01:08:42,922] Trial 295 finished with value: 0.8184294653824459 and parameters: {'lambda_l1': 0.0024226673122136957, 'lambda_l2': 0.02671070494307208, 'num_leaves': 21, 'feature_fraction': 0.4425875399290266, 'bagging_fraction': 0.8892856692775561, 'bagging_freq': 2, 'min_child_samples': 100}. Best is trial 187 with value: 0.8214059476927782.
[I 2025-04-08 01:08:44,397] Trial 296 finished with value: 0.8199386181797733 and parameters: {'lambda_l1': 0.0007997636330100575, 'lambda_l2': 0.005176228625717128, 'num_leaves': 31, 'feature_fraction': 0.47210602609179436, 'bagging_fraction': 0.8419844342764953, 'bagging_freq': 10, 'min_child_samples': 106}. Best is trial 187 with value: 0.8214059476927782.
[I 2025-04-08 01:08:45,798] Trial 297 finished with value: 0.8188065602808837 and parameters: {'lambda_l1': 0.0005704564944965781, 'lambda_l2': 0.004994378020486554, 'num_leaves': 31, 'feature_fraction': 0.47589735271378864, 'bagging_fraction': 0.8329370965859934, 'bagging_freq': 10, 'min_child_samples': 105}. Best is trial 187 with value: 0.8214059476927782.
[I 2025-04-08 01:08:47,209] Trial 298 finished with value: 0.8123502928508544 and parameters: {'lambda_l1': 0.0007594844222095626, 'lambda_l2': 0.012462234513185086, 'num_leaves': 34, 'feature_fraction': 0.4144334655295339, 'bagging_fraction': 0.8572949674939341, 'bagging_freq': 9, 'min_child_samples': 102}. Best is trial 187 with value: 0.8214059476927782.
[I 2025-04-08 01:08:48,685] Trial 299 finished with value: 0.8190580623166935 and parameters: {'lambda_l1': 0.0014452339910819068, 'lambda_l2': 0.0025923283806187566, 'num_leaves': 38, 'feature_fraction': 0.45386455195333125, 'bagging_fraction': 0.8537804291558525, 'bagging_freq': 2, 'min_child_samples': 107}. Best is trial 187 with value: 0.8214059476927782.
[I 2025-04-08 01:08:50,204] Trial 300 finished with value: 0.8102966114353295 and parameters: {'lambda_l1': 0.0007570967164672306, 'lambda_l2': 0.007190074239393751, 'num_leaves': 17, 'feature_fraction': 0.42882348329616965, 'bagging_fraction': 0.8870384729322464, 'bagging_freq': 1, 'min_child_samples': 103}. Best is trial 187 with value: 0.8214059476927782.
[I 2025-04-08 01:08:51,528] Trial 301 finished with value: 0.8203158536606796 and parameters: {'lambda_l1': 0.0027268773122531287, 'lambda_l2': 0.0030163255702999035, 'num_leaves': 31, 'feature_fraction': 0.4770623345252215, 'bagging_fraction': 0.8459928423680255, 'bagging_freq': 1, 'min_child_samples': 97}. Best is trial 187 with value: 0.8214059476927782.
[I 2025-04-08 01:08:53,073] Trial 302 finished with value: 0.8205255851305923 and parameters: {'lambda_l1': 1.5355414735423645e-08, 'lambda_l2': 0.0027394708994201945, 'num_leaves': 35, 'feature_fraction': 0.48255642688567524, 'bagging_fraction': 0.8389265304485269, 'bagging_freq': 1, 'min_child_samples': 96}. Best is trial 187 with value: 0.8214059476927782.
[I 2025-04-08 01:08:54,984] Trial 303 finished with value: 0.8185550582450738 and parameters: {'lambda_l1': 0.0013369592118134207, 'lambda_l2': 0.002720007262510982, 'num_leaves': 35, 'feature_fraction': 0.44421971321492254, 'bagging_fraction': 0.8411435538653991, 'bagging_freq': 1, 'min_child_samples': 92}. Best is trial 187 with value: 0.8214059476927782.
[I 2025-04-08 01:08:56,252] Trial 304 finished with value: 0.8180101957435143 and parameters: {'lambda_l1': 1.2292794753139117e-08, 'lambda_l2': 0.0041095019116863755, 'num_leaves': 31, 'feature_fraction': 0.4588307538274721, 'bagging_fraction': 0.9213713031251347, 'bagging_freq': 11, 'min_child_samples': 96}. Best is trial 187 with value: 0.8214059476927782.
[I 2025-04-08 01:08:57,740] Trial 305 finished with value: 0.8191839011986412 and parameters: {'lambda_l1': 6.468096973213238e-09, 'lambda_l2': 0.002391922329031942, 'num_leaves': 38, 'feature_fraction': 0.47888044284029974, 'bagging_fraction': 0.8305698046743176, 'bagging_freq': 1, 'min_child_samples': 97}. Best is trial 187 with value: 0.8214059476927782.
[I 2025-04-08 01:08:59,188] Trial 306 finished with value: 0.8175907328036889 and parameters: {'lambda_l1': 3.0099767096012295e-09, 'lambda_l2': 0.006778506089473335, 'num_leaves': 35, 'feature_fraction': 0.9772157470193169, 'bagging_fraction': 0.8423669274898826, 'bagging_freq': 2, 'min_child_samples': 95}. Best is trial 187 with value: 0.8214059476927782.
[I 2025-04-08 01:09:01,238] Trial 307 finished with value: 0.8186811431463411 and parameters: {'lambda_l1': 3.658208850292082e-08, 'lambda_l2': 0.001434650126770557, 'num_leaves': 31, 'feature_fraction': 0.48513493489477383, 'bagging_fraction': 0.8457356229772297, 'bagging_freq': 1, 'min_child_samples': 89}. Best is trial 187 with value: 0.8214059476927782.
[I 2025-04-08 01:09:02,809] Trial 308 finished with value: 0.8197290097195203 and parameters: {'lambda_l1': 0.0003744985431479076, 'lambda_l2': 0.0037995433314149288, 'num_leaves': 33, 'feature_fraction': 0.46797327657337595, 'bagging_fraction': 0.8996868139832587, 'bagging_freq': 1, 'min_child_samples': 93}. Best is trial 187 with value: 0.8214059476927782.
[I 2025-04-08 01:09:04,626] Trial 309 finished with value: 0.8190583259088218 and parameters: {'lambda_l1': 7.013472642231882e-08, 'lambda_l2': 0.012812696646126434, 'num_leaves': 40, 'feature_fraction': 0.45574972577800155, 'bagging_fraction': 0.8596427555736867, 'bagging_freq': 1, 'min_child_samples': 101}. Best is trial 187 with value: 0.8214059476927782.
[I 2025-04-08 01:09:06,207] Trial 310 finished with value: 0.8118475699441712 and parameters: {'lambda_l1': 1.7980746443002762e-09, 'lambda_l2': 3.659500832198106e-09, 'num_leaves': 36, 'feature_fraction': 0.43531923281050255, 'bagging_fraction': 0.9109877791273862, 'bagging_freq': 2, 'min_child_samples': 99}. Best is trial 187 with value: 0.8214059476927782.
[I 2025-04-08 01:09:07,613] Trial 311 finished with value: 0.8199805293281388 and parameters: {'lambda_l1': 0.0053530124807439315, 'lambda_l2': 0.03754335027411436, 'num_leaves': 29, 'feature_fraction': 0.4711889798296608, 'bagging_fraction': 0.8288640764694424, 'bagging_freq': 1, 'min_child_samples': 106}. Best is trial 187 with value: 0.8214059476927782.
[I 2025-04-08 01:09:08,852] Trial 312 finished with value: 0.8193518796754654 and parameters: {'lambda_l1': 0.004492304895446566, 'lambda_l2': 0.04116777494412271, 'num_leaves': 28, 'feature_fraction': 0.46717834256110224, 'bagging_fraction': 0.8315827035666269, 'bagging_freq': 1, 'min_child_samples': 106}. Best is trial 187 with value: 0.8214059476927782.
[I 2025-04-08 01:09:10,615] Trial 313 finished with value: 0.8183036967917324 and parameters: {'lambda_l1': 0.003142381683374054, 'lambda_l2': 0.0225864471242603, 'num_leaves': 28, 'feature_fraction': 0.4869198339449277, 'bagging_fraction': 0.6021598424303971, 'bagging_freq': 1, 'min_child_samples': 109}. Best is trial 187 with value: 0.8214059476927782.
[I 2025-04-08 01:09:11,955] Trial 314 finished with value: 0.8196032059831898 and parameters: {'lambda_l1': 0.007207262575341007, 'lambda_l2': 0.04040479313150812, 'num_leaves': 30, 'feature_fraction': 0.4456527813006509, 'bagging_fraction': 0.8235367536915643, 'bagging_freq': 1, 'min_child_samples': 105}. Best is trial 187 with value: 0.8214059476927782.
[I 2025-04-08 01:09:13,250] Trial 315 finished with value: 0.8184712535211516 and parameters: {'lambda_l1': 1.91316369715393e-08, 'lambda_l2': 0.007737043267922405, 'num_leaves': 23, 'feature_fraction': 0.47242235890394757, 'bagging_fraction': 0.8464649848673087, 'bagging_freq': 1, 'min_child_samples': 107}. Best is trial 187 with value: 0.8214059476927782.
[I 2025-04-08 01:09:14,658] Trial 316 finished with value: 0.8134827724971488 and parameters: {'lambda_l1': 0.001734153747915253, 'lambda_l2': 0.0020677052339995194, 'num_leaves': 26, 'feature_fraction': 0.4202619787514898, 'bagging_fraction': 0.8384769049074422, 'bagging_freq': 1, 'min_child_samples': 104}. Best is trial 187 with value: 0.8214059476927782.
[I 2025-04-08 01:09:15,779] Trial 317 finished with value: 0.8178006400016871 and parameters: {'lambda_l1': 0.004664481344024269, 'lambda_l2': 0.020976851416283634, 'num_leaves': 19, 'feature_fraction': 0.4614205014727203, 'bagging_fraction': 0.8632587940003272, 'bagging_freq': 1, 'min_child_samples': 67}. Best is trial 187 with value: 0.8214059476927782.
[I 2025-04-08 01:09:17,284] Trial 318 finished with value: 0.8148243509922487 and parameters: {'lambda_l1': 3.671787726130218e-09, 'lambda_l2': 0.004580107505624228, 'num_leaves': 30, 'feature_fraction': 0.43675017191929494, 'bagging_fraction': 0.8491454528578413, 'bagging_freq': 1, 'min_child_samples': 110}. Best is trial 187 with value: 0.8214059476927782.
[I 2025-04-08 01:09:18,634] Trial 319 finished with value: 0.8191838133345988 and parameters: {'lambda_l1': 0.0007269517137049653, 'lambda_l2': 0.010172442126217783, 'num_leaves': 33, 'feature_fraction': 0.5070814188554333, 'bagging_fraction': 0.8300698398701384, 'bagging_freq': 1, 'min_child_samples': 108}. Best is trial 187 with value: 0.8214059476927782.
[I 2025-04-08 01:09:19,725] Trial 320 finished with value: 0.8175909788230085 and parameters: {'lambda_l1': 0.009425196250530529, 'lambda_l2': 0.002336085129440141, 'num_leaves': 22, 'feature_fraction': 0.4514279538443005, 'bagging_fraction': 0.8836676467574924, 'bagging_freq': 2, 'min_child_samples': 103}. Best is trial 187 with value: 0.8214059476927782.
[I 2025-04-08 01:09:21,544] Trial 321 finished with value: 0.8182197866309586 and parameters: {'lambda_l1': 0.0009877283550226675, 'lambda_l2': 0.001085970785663864, 'num_leaves': 26, 'feature_fraction': 0.4842349002518478, 'bagging_fraction': 0.867841290337893, 'bagging_freq': 10, 'min_child_samples': 111}. Best is trial 187 with value: 0.8214059476927782.
[I 2025-04-08 01:09:22,922] Trial 322 finished with value: 0.8192258299198152 and parameters: {'lambda_l1': 0.002741108300755259, 'lambda_l2': 0.005868358301705183, 'num_leaves': 29, 'feature_fraction': 0.4733921747591121, 'bagging_fraction': 0.8487773045876029, 'bagging_freq': 1, 'min_child_samples': 106}. Best is trial 187 with value: 0.8214059476927782.
[I 2025-04-08 01:09:24,718] Trial 323 finished with value: 0.8196032235559985 and parameters: {'lambda_l1': 2.608220916103083e-07, 'lambda_l2': 0.0034182998414038837, 'num_leaves': 37, 'feature_fraction': 0.456822947746644, 'bagging_fraction': 0.8972992894237352, 'bagging_freq': 1, 'min_child_samples': 76}. Best is trial 187 with value: 0.8214059476927782.
[I 2025-04-08 01:09:26,143] Trial 324 finished with value: 0.8196870985711548 and parameters: {'lambda_l1': 0.0017871977798858407, 'lambda_l2': 0.001713358832516067, 'num_leaves': 32, 'feature_fraction': 0.4458419859997822, 'bagging_fraction': 0.8597837182706093, 'bagging_freq': 1, 'min_child_samples': 99}. Best is trial 187 with value: 0.8214059476927782.
[I 2025-04-08 01:09:27,286] Trial 325 finished with value: 0.8181359994798448 and parameters: {'lambda_l1': 0.005679697434731719, 'lambda_l2': 0.018149549471223145, 'num_leaves': 24, 'feature_fraction': 0.46682566554370997, 'bagging_fraction': 0.8820497045889987, 'bagging_freq': 2, 'min_child_samples': 114}. Best is trial 187 with value: 0.8214059476927782.
[I 2025-04-08 01:09:29,076] Trial 326 finished with value: 0.8190160633042854 and parameters: {'lambda_l1': 1.0645413533874278e-09, 'lambda_l2': 0.06852478048789369, 'num_leaves': 42, 'feature_fraction': 0.48429269881581405, 'bagging_fraction': 0.8370636134664189, 'bagging_freq': 1, 'min_child_samples': 108}. Best is trial 187 with value: 0.8214059476927782.
[I 2025-04-08 01:09:30,253] Trial 327 finished with value: 0.8195194012592675 and parameters: {'lambda_l1': 0.00038335384746267167, 'lambda_l2': 0.010404112897553594, 'num_leaves': 20, 'feature_fraction': 0.49725302252555764, 'bagging_fraction': 0.8711494059154805, 'bagging_freq': 1, 'min_child_samples': 103}. Best is trial 187 with value: 0.8214059476927782.
[I 2025-04-08 01:09:32,324] Trial 328 finished with value: 0.8133987041810983 and parameters: {'lambda_l1': 5.617737937898745e-05, 'lambda_l2': 0.005471976959592037, 'num_leaves': 35, 'feature_fraction': 0.43287791027881567, 'bagging_fraction': 0.9270617346716357, 'bagging_freq': 1, 'min_child_samples': 112}. Best is trial 187 with value: 0.8214059476927782.
[I 2025-04-08 01:09:33,729] Trial 329 finished with value: 0.8188905055872745 and parameters: {'lambda_l1': 9.717287251411033e-09, 'lambda_l2': 0.0027680864647995915, 'num_leaves': 27, 'feature_fraction': 0.4559767851813619, 'bagging_fraction': 0.8217865198184837, 'bagging_freq': 1, 'min_child_samples': 118}. Best is trial 187 with value: 0.8214059476927782.
[I 2025-04-08 01:09:35,079] Trial 330 finished with value: 0.8187648248606036 and parameters: {'lambda_l1': 0.003347561170693681, 'lambda_l2': 0.0007163574728763032, 'num_leaves': 30, 'feature_fraction': 0.4770620494048455, 'bagging_fraction': 0.8555910637487512, 'bagging_freq': 2, 'min_child_samples': 105}. Best is trial 187 with value: 0.8214059476927782.
[I 2025-04-08 01:09:35,892] Trial 331 finished with value: 0.8150755718631219 and parameters: {'lambda_l1': 0.47605044219801823, 'lambda_l2': 0.0036119165766195747, 'num_leaves': 11, 'feature_fraction': 0.46391752273294073, 'bagging_fraction': 0.9097743794368338, 'bagging_freq': 1, 'min_child_samples': 109}. Best is trial 187 with value: 0.8214059476927782.
[I 2025-04-08 01:09:36,840] Trial 332 finished with value: 0.817088150479474 and parameters: {'lambda_l1': 0.011892744633416623, 'lambda_l2': 0.0012341174836959568, 'num_leaves': 15, 'feature_fraction': 0.4483583748743764, 'bagging_fraction': 0.8775527750572975, 'bagging_freq': 1, 'min_child_samples': 100}. Best is trial 187 with value: 0.8214059476927782.
[I 2025-04-08 01:09:37,938] Trial 333 finished with value: 0.8119314801049449 and parameters: {'lambda_l1': 0.001038857933417572, 'lambda_l2': 0.01479816177661352, 'num_leaves': 24, 'feature_fraction': 0.42447674484018477, 'bagging_fraction': 0.8928684397172773, 'bagging_freq': 2, 'min_child_samples': 106}. Best is trial 187 with value: 0.8214059476927782.
[I 2025-04-08 01:09:39,316] Trial 334 finished with value: 0.8189325397452997 and parameters: {'lambda_l1': 5.095178703159309e-09, 'lambda_l2': 0.008423039702261674, 'num_leaves': 32, 'feature_fraction': 0.47278684628275236, 'bagging_fraction': 0.8444028695874108, 'bagging_freq': 1, 'min_child_samples': 102}. Best is trial 187 with value: 0.8214059476927782.
[I 2025-04-08 01:09:41,020] Trial 335 finished with value: 0.8171716213200343 and parameters: {'lambda_l1': 0.0005895869618758598, 'lambda_l2': 0.03868952343143037, 'num_leaves': 39, 'feature_fraction': 0.925224117718815, 'bagging_fraction': 0.8635669320679593, 'bagging_freq': 1, 'min_child_samples': 110}. Best is trial 187 with value: 0.8214059476927782.
[I 2025-04-08 01:09:42,996] Trial 336 finished with value: 0.8185973384224188 and parameters: {'lambda_l1': 1.2487609479639127e-07, 'lambda_l2': 0.005825337283578069, 'num_leaves': 34, 'feature_fraction': 0.4900701845584758, 'bagging_fraction': 0.8872381279141072, 'bagging_freq': 1, 'min_child_samples': 97}. Best is trial 187 with value: 0.8214059476927782.
[I 2025-04-08 01:09:44,157] Trial 337 finished with value: 0.8118475347985541 and parameters: {'lambda_l1': 8.816607461501985e-05, 'lambda_l2': 0.001919008043298829, 'num_leaves': 22, 'feature_fraction': 0.4372472681897177, 'bagging_fraction': 0.8314641196526662, 'bagging_freq': 2, 'min_child_samples': 113}. Best is trial 187 with value: 0.8214059476927782.
[I 2025-04-08 01:09:45,397] Trial 338 finished with value: 0.8187646667053269 and parameters: {'lambda_l1': 0.006460245954806656, 'lambda_l2': 0.0038125767555452685, 'num_leaves': 28, 'feature_fraction': 0.46095103562011785, 'bagging_fraction': 0.8721257892743246, 'bagging_freq': 1, 'min_child_samples': 125}. Best is trial 187 with value: 0.8214059476927782.
