[I 2025-04-08 00:22:12,772] Trial 51 finished with value: 0.8184292193631263 and parameters: {'lambda_l1': 0.035541644584296615, 'lambda_l2': 2.0893935876218297e-06, 'num_leaves': 57, 'feature_fraction': 0.7579353124496961, 'bagging_fraction': 0.8058904091978606, 'bagging_freq': 2, 'min_child_samples': 59}. Best is trial 13 with value: 0.820776946583934.
[I 2025-04-08 00:22:14,884] Trial 52 finished with value: 0.8179260571362297 and parameters: {'lambda_l1': 0.5838472769495726, 'lambda_l2': 7.61368706730748e-07, 'num_leaves': 61, 'feature_fraction': 0.7415361264097788, 'bagging_fraction': 0.8218330147598688, 'bagging_freq': 1, 'min_child_samples': 54}. Best is trial 13 with value: 0.820776946583934.
[I 2025-04-08 00:22:17,292] Trial 53 finished with value: 0.8180099497241947 and parameters: {'lambda_l1': 0.07521535849496784, 'lambda_l2': 9.630649513336072e-06, 'num_leaves': 70, 'feature_fraction': 0.8536311940844667, 'bagging_fraction': 0.7632894176450375, 'bagging_freq': 2, 'min_child_samples': 71}. Best is trial 13 with value: 0.820776946583934.
[I 2025-04-08 00:22:19,412] Trial 54 finished with value: 0.8197709735863116 and parameters: {'lambda_l1': 5.709628444416219e-09, 'lambda_l2': 4.668737606333451e-05, 'num_leaves': 53, 'feature_fraction': 0.7821208734982468, 'bagging_fraction': 0.8657676280525828, 'bagging_freq': 12, 'min_child_samples': 61}. Best is trial 13 with value: 0.820776946583934.
[I 2025-04-08 00:22:21,689] Trial 55 finished with value: 0.8173812649259042 and parameters: {'lambda_l1': 7.661612365240186e-09, 'lambda_l2': 82.36805514734576, 'num_leaves': 43, 'feature_fraction': 0.5867262525828413, 'bagging_fraction': 0.9420342065712481, 'bagging_freq': 13, 'min_child_samples': 69}. Best is trial 13 with value: 0.820776946583934.
[I 2025-04-08 00:22:23,512] Trial 56 finished with value: 0.817800640001687 and parameters: {'lambda_l1': 3.893283984304521e-08, 'lambda_l2': 4.6820053819020484e-05, 'num_leaves': 52, 'feature_fraction': 0.5558492440543216, 'bagging_fraction': 0.8589754001673111, 'bagging_freq': 12, 'min_child_samples': 76}. Best is trial 13 with value: 0.820776946583934.
[I 2025-04-08 00:22:26,602] Trial 57 finished with value: 0.8165846895148323 and parameters: {'lambda_l1': 3.9325644196660285e-09, 'lambda_l2': 0.00031152932599305715, 'num_leaves': 107, 'feature_fraction': 0.7810200621422009, 'bagging_fraction': 0.9093970475801403, 'bagging_freq': 14, 'min_child_samples': 46}. Best is trial 13 with value: 0.820776946583934.
[I 2025-04-08 00:22:28,985] Trial 58 finished with value: 0.8187645788412841 and parameters: {'lambda_l1': 1.7626707265772383e-07, 'lambda_l2': 8.504903579804279e-05, 'num_leaves': 66, 'feature_fraction': 0.6946007930155222, 'bagging_fraction': 0.7101278569729276, 'bagging_freq': 11, 'min_child_samples': 61}. Best is trial 13 with value: 0.820776946583934.
[I 2025-04-08 00:22:31,316] Trial 59 finished with value: 0.8199385478885393 and parameters: {'lambda_l1': 1.139503378059622e-06, 'lambda_l2': 6.420206387486318, 'num_leaves': 46, 'feature_fraction': 0.626009499861419, 'bagging_fraction': 0.8936736066383388, 'bagging_freq': 10, 'min_child_samples': 86}. Best is trial 13 with value: 0.820776946583934.
[I 2025-04-08 00:22:33,704] Trial 60 finished with value: 0.8200642813336356 and parameters: {'lambda_l1': 0.00011626644231715662, 'lambda_l2': 21.82360617168302, 'num_leaves': 72, 'feature_fraction': 0.6304865127346276, 'bagging_fraction': 0.9750235403996992, 'bagging_freq': 12, 'min_child_samples': 87}. Best is trial 13 with value: 0.820776946583934.
[I 2025-04-08 00:22:35,945] Trial 61 finished with value: 0.8192258123470066 and parameters: {'lambda_l1': 1.5796596452404872e-06, 'lambda_l2': 25.44354175924648, 'num_leaves': 56, 'feature_fraction': 0.6198406076031767, 'bagging_fraction': 0.879594621727722, 'bagging_freq': 12, 'min_child_samples': 86}. Best is trial 13 with value: 0.820776946583934.
[I 2025-04-08 00:22:38,464] Trial 62 finished with value: 0.8187225798288761 and parameters: {'lambda_l1': 0.0001620719847864695, 'lambda_l2': 3.698565045992047, 'num_leaves': 73, 'feature_fraction': 0.5629303309817857, 'bagging_fraction': 0.9771534983973749, 'bagging_freq': 9, 'min_child_samples': 78}. Best is trial 13 with value: 0.820776946583934.
[I 2025-04-08 00:22:40,951] Trial 63 finished with value: 0.8193516512289543 and parameters: {'lambda_l1': 5.2511858822553823e-05, 'lambda_l2': 29.059101709521972, 'num_leaves': 79, 'feature_fraction': 0.6327377742693493, 'bagging_fraction': 0.9414146529066544, 'bagging_freq': 10, 'min_child_samples': 90}. Best is trial 13 with value: 0.820776946583934.
[I 2025-04-08 00:22:44,758] Trial 64 finished with value: 0.8186387399593367 and parameters: {'lambda_l1': 7.363695073195855e-07, 'lambda_l2': 0.24175387720984656, 'num_leaves': 84, 'feature_fraction': 0.5916536467517446, 'bagging_fraction': 0.9001966410686928, 'bagging_freq': 13, 'min_child_samples': 102}. Best is trial 13 with value: 0.820776946583934.
[I 2025-04-08 00:22:46,927] Trial 65 finished with value: 0.8184293950912116 and parameters: {'lambda_l1': 3.9366091152463004e-07, 'lambda_l2': 2.5938873399344056, 'num_leaves': 64, 'feature_fraction': 0.9980190974852685, 'bagging_fraction': 0.9877360198731053, 'bagging_freq': 12, 'min_child_samples': 83}. Best is trial 13 with value: 0.820776946583934.
[I 2025-04-08 00:22:48,541] Trial 66 finished with value: 0.8192257596285811 and parameters: {'lambda_l1': 1.6276659240402564e-05, 'lambda_l2': 8.267095313146825, 'num_leaves': 41, 'feature_fraction': 0.8584863046831462, 'bagging_fraction': 0.9683916205093629, 'bagging_freq': 10, 'min_child_samples': 95}. Best is trial 13 with value: 0.820776946583934.
[I 2025-04-08 00:22:50,657] Trial 67 finished with value: 0.8191002194843786 and parameters: {'lambda_l1': 1.7276670855937137e-06, 'lambda_l2': 0.8223045758438665, 'num_leaves': 50, 'feature_fraction': 0.6558578872290602, 'bagging_fraction': 0.9246007831362956, 'bagging_freq': 15, 'min_child_samples': 73}. Best is trial 13 with value: 0.820776946583934.
[I 2025-04-08 00:22:52,977] Trial 68 finished with value: 0.8179684251776171 and parameters: {'lambda_l1': 2.0913184218388714e-08, 'lambda_l2': 0.1276717310302173, 'num_leaves': 47, 'feature_fraction': 0.5186079458886902, 'bagging_fraction': 0.8345220469952072, 'bagging_freq': 11, 'min_child_samples': 66}. Best is trial 13 with value: 0.820776946583934.
[I 2025-04-08 00:22:54,507] Trial 69 finished with value: 0.81788407569663 and parameters: {'lambda_l1': 6.576182131338156, 'lambda_l2': 43.395594433860055, 'num_leaves': 36, 'feature_fraction': 0.5551677426772809, 'bagging_fraction': 0.8945784517963188, 'bagging_freq': 14, 'min_child_samples': 88}. Best is trial 13 with value: 0.820776946583934.
[I 2025-04-08 00:22:56,426] Trial 70 finished with value: 0.8194353856616428 and parameters: {'lambda_l1': 0.004902106958854796, 'lambda_l2': 8.311444695817878, 'num_leaves': 55, 'feature_fraction': 0.6058346809419739, 'bagging_fraction': 0.7211734266696023, 'bagging_freq': 9, 'min_child_samples': 82}. Best is trial 13 with value: 0.820776946583934.
[I 2025-04-08 00:22:58,088] Trial 71 finished with value: 0.8188484187108236 and parameters: {'lambda_l1': 1.0438068080396553e-08, 'lambda_l2': 2.3041196680025116e-05, 'num_leaves': 46, 'feature_fraction': 0.6785630182434984, 'bagging_fraction': 0.7794344711859036, 'bagging_freq': 12, 'min_child_samples': 76}. Best is trial 13 with value: 0.820776946583934.
[I 2025-04-08 00:22:59,870] Trial 72 finished with value: 0.8198967421770249 and parameters: {'lambda_l1': 2.13120576935796e-09, 'lambda_l2': 3.99811062892984e-06, 'num_leaves': 50, 'feature_fraction': 0.5773657975607677, 'bagging_fraction': 0.7568762758424934, 'bagging_freq': 13, 'min_child_samples': 69}. Best is trial 13 with value: 0.820776946583934.
[I 2025-04-08 00:23:01,179] Trial 73 finished with value: 0.8179262152915066 and parameters: {'lambda_l1': 5.200508008622964e-08, 'lambda_l2': 0.03256765731109915, 'num_leaves': 31, 'feature_fraction': 0.5742356544498274, 'bagging_fraction': 0.743269109158588, 'bagging_freq': 13, 'min_child_samples': 70}. Best is trial 13 with value: 0.820776946583934.
[I 2025-04-08 00:23:03,387] Trial 74 finished with value: 0.8185968639565881 and parameters: {'lambda_l1': 8.238436691063503e-06, 'lambda_l2': 3.8107737327901348e-06, 'num_leaves': 39, 'feature_fraction': 0.6174127663023051, 'bagging_fraction': 0.6768664530894339, 'bagging_freq': 12, 'min_child_samples': 64}. Best is trial 13 with value: 0.820776946583934.
[I 2025-04-08 00:23:05,656] Trial 75 finished with value: 0.8185133403976025 and parameters: {'lambda_l1': 2.026301938144778e-09, 'lambda_l2': 5.443074768217598, 'num_leaves': 59, 'feature_fraction': 0.5471769994027921, 'bagging_fraction': 0.7551637692416954, 'bagging_freq': 13, 'min_child_samples': 93}. Best is trial 13 with value: 0.820776946583934.
[I 2025-04-08 00:23:07,438] Trial 76 finished with value: 0.8171713050094805 and parameters: {'lambda_l1': 0.0006862563933762259, 'lambda_l2': 0.0002864852911921721, 'num_leaves': 52, 'feature_fraction': 0.4895791988020676, 'bagging_fraction': 0.7031017492273204, 'bagging_freq': 14, 'min_child_samples': 74}. Best is trial 13 with value: 0.820776946583934.
[I 2025-04-08 00:23:09,563] Trial 77 finished with value: 0.8193097049349719 and parameters: {'lambda_l1': 5.963941547448931e-09, 'lambda_l2': 0.6182537646843687, 'num_leaves': 65, 'feature_fraction': 0.5288036125564096, 'bagging_fraction': 0.9309667601361793, 'bagging_freq': 11, 'min_child_samples': 81}. Best is trial 13 with value: 0.820776946583934.
[I 2025-04-08 00:23:11,828] Trial 78 finished with value: 0.8174231936470783 and parameters: {'lambda_l1': 9.199327988580572e-08, 'lambda_l2': 1.4638083131244688, 'num_leaves': 71, 'feature_fraction': 0.42873948885804913, 'bagging_fraction': 0.8657613708803173, 'bagging_freq': 13, 'min_child_samples': 85}. Best is trial 13 with value: 0.820776946583934.
[I 2025-04-08 00:23:14,044] Trial 79 finished with value: 0.820148156348792 and parameters: {'lambda_l1': 3.4243114913819355e-07, 'lambda_l2': 11.858630902891495, 'num_leaves': 41, 'feature_fraction': 0.5799194192917178, 'bagging_fraction': 0.9978762226617378, 'bagging_freq': 12, 'min_child_samples': 79}. Best is trial 13 with value: 0.820776946583934.
[I 2025-04-08 00:23:15,686] Trial 80 finished with value: 0.8204416573970101 and parameters: {'lambda_l1': 3.3672996360738175e-06, 'lambda_l2': 15.27868842103959, 'num_leaves': 42, 'feature_fraction': 0.582679145272054, 'bagging_fraction': 0.9973035139554264, 'bagging_freq': 15, 'min_child_samples': 100}. Best is trial 13 with value: 0.820776946583934.
[I 2025-04-08 00:23:17,415] Trial 81 finished with value: 0.8208608743175161 and parameters: {'lambda_l1': 2.6519027503080293e-07, 'lambda_l2': 19.597171825938304, 'num_leaves': 42, 'feature_fraction': 0.5866924736277431, 'bagging_fraction': 0.9932759873041125, 'bagging_freq': 15, 'min_child_samples': 99}. Best is trial 81 with value: 0.8208608743175161.
[I 2025-04-08 00:23:19,345] Trial 82 finished with value: 0.8210704476321519 and parameters: {'lambda_l1': 3.831449062833792e-06, 'lambda_l2': 15.869436722928073, 'num_leaves': 42, 'feature_fraction': 0.5804593516370498, 'bagging_fraction': 0.9643146119004612, 'bagging_freq': 16, 'min_child_samples': 111}. Best is trial 82 with value: 0.8210704476321519.
[I 2025-04-08 00:23:20,633] Trial 83 finished with value: 0.8196869404158781 and parameters: {'lambda_l1': 3.714772758943133e-06, 'lambda_l2': 19.048495694171123, 'num_leaves': 22, 'feature_fraction': 0.6447016886828515, 'bagging_fraction': 0.9989584056088077, 'bagging_freq': 16, 'min_child_samples': 112}. Best is trial 82 with value: 0.8210704476321519.
[I 2025-04-08 00:23:22,226] Trial 84 finished with value: 0.820525479693741 and parameters: {'lambda_l1': 2.902828797051847e-07, 'lambda_l2': 10.14466169138596, 'num_leaves': 34, 'feature_fraction': 0.5941621999502532, 'bagging_fraction': 0.9653919940725051, 'bagging_freq': 8, 'min_child_samples': 104}. Best is trial 82 with value: 0.8210704476321519.
[I 2025-04-08 00:23:24,318] Trial 85 finished with value: 0.820567338123681 and parameters: {'lambda_l1': 3.275667762416435e-07, 'lambda_l2': 13.54450978428939, 'num_leaves': 33, 'feature_fraction': 0.5985282792841077, 'bagging_fraction': 0.9569883881625925, 'bagging_freq': 15, 'min_child_samples': 122}. Best is trial 82 with value: 0.8210704476321519.
[I 2025-04-08 00:23:25,835] Trial 86 finished with value: 0.8194773495284338 and parameters: {'lambda_l1': 4.246907291768383e-07, 'lambda_l2': 52.592681714602215, 'num_leaves': 29, 'feature_fraction': 0.5886209192844449, 'bagging_fraction': 0.9593482348707256, 'bagging_freq': 15, 'min_child_samples': 123}. Best is trial 82 with value: 0.8210704476321519.
[I 2025-04-08 00:23:27,547] Trial 87 finished with value: 0.8198965664489395 and parameters: {'lambda_l1': 2.3716186553347612e-07, 'lambda_l2': 14.358342511602025, 'num_leaves': 34, 'feature_fraction': 0.6613301098261535, 'bagging_fraction': 0.9781492337059817, 'bagging_freq': 16, 'min_child_samples': 119}. Best is trial 82 with value: 0.8210704476321519.
[I 2025-04-08 00:23:28,507] Trial 88 finished with value: 0.8129374706753758 and parameters: {'lambda_l1': 1.1455850422076573e-05, 'lambda_l2': 84.58165851612654, 'num_leaves': 12, 'feature_fraction': 0.6039032503117528, 'bagging_fraction': 0.9562385910102236, 'bagging_freq': 15, 'min_child_samples': 103}. Best is trial 82 with value: 0.8210704476321519.
[I 2025-04-08 00:23:29,842] Trial 89 finished with value: 0.8196450468403211 and parameters: {'lambda_l1': 3.7531343133701123e-06, 'lambda_l2': 35.390992153798265, 'num_leaves': 27, 'feature_fraction': 0.5343933687203918, 'bagging_fraction': 0.9966168886222115, 'bagging_freq': 7, 'min_child_samples': 107}. Best is trial 82 with value: 0.8210704476321519.
[I 2025-04-08 00:23:31,418] Trial 90 finished with value: 0.8198548134558509 and parameters: {'lambda_l1': 2.7341847721028923e-06, 'lambda_l2': 3.0681035935933405, 'num_leaves': 40, 'feature_fraction': 0.5834784560270488, 'bagging_fraction': 0.9817813702821325, 'bagging_freq': 8, 'min_child_samples': 99}. Best is trial 82 with value: 0.8210704476321519.
[I 2025-04-08 00:23:33,037] Trial 91 finished with value: 0.8197290097195203 and parameters: {'lambda_l1': 2.8882377385607115e-07, 'lambda_l2': 11.81501847125698, 'num_leaves': 37, 'feature_fraction': 0.5655998851752069, 'bagging_fraction': 0.9407017131135105, 'bagging_freq': 16, 'min_child_samples': 126}. Best is trial 82 with value: 0.8210704476321519.
[I 2025-04-08 00:23:35,201] Trial 92 finished with value: 0.8189324694540655 and parameters: {'lambda_l1': 9.662491603660023e-07, 'lambda_l2': 2.56498847409608, 'num_leaves': 42, 'feature_fraction': 0.5990724739555685, 'bagging_fraction': 0.9666942655255435, 'bagging_freq': 15, 'min_child_samples': 111}. Best is trial 82 with value: 0.8210704476321519.
[I 2025-04-08 00:23:36,793] Trial 93 finished with value: 0.8206931067143944 and parameters: {'lambda_l1': 1.0337637615193749e-07, 'lambda_l2': 18.678969594189848, 'num_leaves': 33, 'feature_fraction': 0.5541163748480948, 'bagging_fraction': 0.9472167716709302, 'bagging_freq': 16, 'min_child_samples': 117}. Best is trial 82 with value: 0.8210704476321519.
[I 2025-04-08 00:23:38,337] Trial 94 finished with value: 0.8202319610727147 and parameters: {'lambda_l1': 1.1333900913179973e-07, 'lambda_l2': 19.46127468513067, 'num_leaves': 31, 'feature_fraction': 0.5494301605219971, 'bagging_fraction': 0.947748916058487, 'bagging_freq': 16, 'min_child_samples': 117}. Best is trial 82 with value: 0.8210704476321519.
[I 2025-04-08 00:23:39,908] Trial 95 finished with value: 0.8199383721604537 and parameters: {'lambda_l1': 1.1354382994949201e-07, 'lambda_l2': 40.728214200514394, 'num_leaves': 32, 'feature_fraction': 0.5450765768888362, 'bagging_fraction': 0.9552863734456336, 'bagging_freq': 16, 'min_child_samples': 117}. Best is trial 82 with value: 0.8210704476321519.
[I 2025-04-08 00:23:41,635] Trial 96 finished with value: 0.8192678289322235 and parameters: {'lambda_l1': 4.351593359400869e-07, 'lambda_l2': 10.610174375318394, 'num_leaves': 35, 'feature_fraction': 0.5767601918102532, 'bagging_fraction': 0.9322524798122971, 'bagging_freq': 15, 'min_child_samples': 115}. Best is trial 82 with value: 0.8210704476321519.
[I 2025-04-08 00:23:43,125] Trial 97 finished with value: 0.8182616977793241 and parameters: {'lambda_l1': 3.102965138675879e-08, 'lambda_l2': 4.9886779558970655, 'num_leaves': 23, 'feature_fraction': 0.5219723159458104, 'bagging_fraction': 0.5104611815550678, 'bagging_freq': 16, 'min_child_samples': 128}. Best is trial 82 with value: 0.8210704476321519.
[I 2025-04-08 00:23:45,133] Trial 98 finished with value: 0.8162912939034654 and parameters: {'lambda_l1': 6.31410393823037e-08, 'lambda_l2': 99.99663932122665, 'num_leaves': 28, 'feature_fraction': 0.5504482784234745, 'bagging_fraction': 0.9998294571803191, 'bagging_freq': 15, 'min_child_samples': 121}. Best is trial 82 with value: 0.8210704476321519.
[I 2025-04-08 00:23:46,699] Trial 99 finished with value: 0.8201063154916609 and parameters: {'lambda_l1': 6.413857569203406e-07, 'lambda_l2': 22.439104416424744, 'num_leaves': 38, 'feature_fraction': 0.46372498634807713, 'bagging_fraction': 0.9515617535494405, 'bagging_freq': 16, 'min_child_samples': 107}. Best is trial 82 with value: 0.8210704476321519.
[I 2025-04-08 00:23:47,733] Trial 100 finished with value: 0.8185970572574821 and parameters: {'lambda_l1': 2.058624853355763e-06, 'lambda_l2': 15.209166826250396, 'num_leaves': 18, 'feature_fraction': 0.6151459595571491, 'bagging_fraction': 0.9156724924741854, 'bagging_freq': 7, 'min_child_samples': 113}. Best is trial 82 with value: 0.8210704476321519.
[I 2025-04-08 00:23:49,659] Trial 101 finished with value: 0.820567338123681 and parameters: {'lambda_l1': 7.384593501157256e-07, 'lambda_l2': 6.789468799256751, 'num_leaves': 44, 'feature_fraction': 0.5365594127774866, 'bagging_fraction': 0.950476255998317, 'bagging_freq': 16, 'min_child_samples': 103}. Best is trial 82 with value: 0.8210704476321519.
[I 2025-04-08 00:23:51,069] Trial 102 finished with value: 0.8180101957435143 and parameters: {'lambda_l1': 1.6286202579238112e-07, 'lambda_l2': 53.92442622341477, 'num_leaves': 25, 'feature_fraction': 0.49526508149167386, 'bagging_fraction': 0.9852317877377411, 'bagging_freq': 16, 'min_child_samples': 105}. Best is trial 82 with value: 0.8210704476321519.
[I 2025-04-08 00:23:53,028] Trial 103 finished with value: 0.8197706221301407 and parameters: {'lambda_l1': 3.1066558305534194e-07, 'lambda_l2': 6.056344527196299, 'num_leaves': 45, 'feature_fraction': 0.5383515045561883, 'bagging_fraction': 0.6022858506533986, 'bagging_freq': 14, 'min_child_samples': 118}. Best is trial 82 with value: 0.8210704476321519.
[I 2025-04-08 00:23:54,883] Trial 104 finished with value: 0.8194774901109021 and parameters: {'lambda_l1': 1.1418542131734157e-06, 'lambda_l2': 1.781651344522384, 'num_leaves': 33, 'feature_fraction': 0.5668555576917395, 'bagging_fraction': 0.9687454247591052, 'bagging_freq': 15, 'min_child_samples': 109}. Best is trial 82 with value: 0.8210704476321519.
[I 2025-04-08 00:23:56,586] Trial 105 finished with value: 0.8188903825776148 and parameters: {'lambda_l1': 9.929458654538475e-08, 'lambda_l2': 9.420503353253961, 'num_leaves': 43, 'feature_fraction': 0.5077507179019389, 'bagging_fraction': 0.9450608333950314, 'bagging_freq': 16, 'min_child_samples': 97}. Best is trial 82 with value: 0.8210704476321519.
[I 2025-04-08 00:23:58,189] Trial 106 finished with value: 0.8193935448045113 and parameters: {'lambda_l1': 6.74350209354143e-07, 'lambda_l2': 0.36917178273490814, 'num_leaves': 41, 'feature_fraction': 0.5978889490740892, 'bagging_fraction': 0.9253144408557034, 'bagging_freq': 15, 'min_child_samples': 123}. Best is trial 82 with value: 0.8210704476321519.
[I 2025-04-08 00:23:59,800] Trial 107 finished with value: 0.8198127617250173 and parameters: {'lambda_l1': 6.274247360066095e-06, 'lambda_l2': 0.793957902356806, 'num_leaves': 36, 'feature_fraction': 0.5562393396026328, 'bagging_fraction': 0.9653063578947333, 'bagging_freq': 8, 'min_child_samples': 100}. Best is trial 82 with value: 0.8210704476321519.
[I 2025-04-08 00:24:01,359] Trial 108 finished with value: 0.8197707802854175 and parameters: {'lambda_l1': 2.30559350783052e-07, 'lambda_l2': 3.825289739687073, 'num_leaves': 33, 'feature_fraction': 0.5841251854245385, 'bagging_fraction': 0.9063484778379458, 'bagging_freq': 14, 'min_child_samples': 111}. Best is trial 82 with value: 0.8210704476321519.
[I 2025-04-08 00:24:04,186] Trial 109 finished with value: 0.8194773846740506 and parameters: {'lambda_l1': 4.7728808333550366e-08, 'lambda_l2': 21.23681281144246, 'num_leaves': 128, 'feature_fraction': 0.6085283925847491, 'bagging_fraction': 0.9906552395144174, 'bagging_freq': 16, 'min_child_samples': 125}. Best is trial 82 with value: 0.8210704476321519.
[I 2025-04-08 00:24:05,883] Trial 110 finished with value: 0.8180518784453688 and parameters: {'lambda_l1': 1.567801942351761e-08, 'lambda_l2': 0.008526943322494426, 'num_leaves': 30, 'feature_fraction': 0.5305081438948773, 'bagging_fraction': 0.9362680580133029, 'bagging_freq': 16, 'min_child_samples': 103}. Best is trial 82 with value: 0.8210704476321519.
[I 2025-04-08 00:24:07,421] Trial 111 finished with value: 0.8193516336561458 and parameters: {'lambda_l1': 5.121447788193127e-07, 'lambda_l2': 25.45220533909075, 'num_leaves': 38, 'feature_fraction': 0.4631314798379297, 'bagging_fraction': 0.954740834370855, 'bagging_freq': 16, 'min_child_samples': 107}. Best is trial 82 with value: 0.8210704476321519.
