[I 2025-04-08 21:26:16,225] Trial 283 finished with value: 0.7943652086507422 and parameters: {'max_depth': 16, 'learning_rate': 0.4547534151288484, 'n_estimators': 165, 'gamma': 0.2884348506371563, 'min_child_weight': 5, 'subsample': 0.9920649845707786, 'colsample_bytree': 0.7316481247589226}. Best is trial 127 with value: 0.7953293583640418.
[I 2025-04-08 21:26:18,675] Trial 284 finished with value: 0.7924368565057173 and parameters: {'max_depth': 23, 'learning_rate': 0.9989544568822423, 'n_estimators': 197, 'gamma': 0.2575856465935291, 'min_child_weight': 6, 'subsample': 0.526713856586305, 'colsample_bytree': 0.7584296822820058}. Best is trial 127 with value: 0.7953293583640418.
[I 2025-04-08 21:26:19,448] Trial 285 finished with value: 0.7943651735051251 and parameters: {'max_depth': 15, 'learning_rate': 0.6688117775180292, 'n_estimators': 204, 'gamma': 0.1826438320219254, 'min_child_weight': 5, 'subsample': 0.9992975981884872, 'colsample_bytree': 0.7159813543772132}. Best is trial 127 with value: 0.7953293583640418.
[I 2025-04-08 21:26:21,589] Trial 286 finished with value: 0.7817042285449187 and parameters: {'max_depth': 24, 'learning_rate': 0.060959774526043495, 'n_estimators': 179, 'gamma': 0.20136875007723537, 'min_child_weight': 5, 'subsample': 0.9658725028230661, 'colsample_bytree': 0.7390609631526158}. Best is trial 127 with value: 0.7953293583640418.
[I 2025-04-08 21:26:22,210] Trial 287 finished with value: 0.7945748522566122 and parameters: {'max_depth': 24, 'learning_rate': 0.8092870071195487, 'n_estimators': 160, 'gamma': 0.2965758144950594, 'min_child_weight': 5, 'subsample': 0.9829553952033508, 'colsample_bytree': 0.7259791976972667}. Best is trial 127 with value: 0.7953293583640418.
[I 2025-04-08 21:26:23,077] Trial 288 finished with value: 0.7940298491725842 and parameters: {'max_depth': 26, 'learning_rate': 0.6154338862911872, 'n_estimators': 172, 'gamma': 0.2672634892071142, 'min_child_weight': 6, 'subsample': 0.9511010555923619, 'colsample_bytree': 0.6757642924207229}. Best is trial 127 with value: 0.7953293583640418.
[I 2025-04-08 21:26:24,388] Trial 289 finished with value: 0.7945328883898211 and parameters: {'max_depth': 14, 'learning_rate': 0.827655818163262, 'n_estimators': 185, 'gamma': 0.2756787679645851, 'min_child_weight': 4, 'subsample': 0.8894640123050767, 'colsample_bytree': 0.7423608139968342}. Best is trial 127 with value: 0.7953293583640418.
[I 2025-04-08 21:26:25,026] Trial 290 finished with value: 0.7946166931137436 and parameters: {'max_depth': 28, 'learning_rate': 0.9996879367007085, 'n_estimators': 176, 'gamma': 0.3191574345061899, 'min_child_weight': 5, 'subsample': 0.9753455008284374, 'colsample_bytree': 0.762807265332295}. Best is trial 127 with value: 0.7953293583640418.
[I 2025-04-08 21:26:26,358] Trial 291 finished with value: 0.7947425671413082 and parameters: {'max_depth': 17, 'learning_rate': 0.48624736079240793, 'n_estimators': 191, 'gamma': 0.22830763603594975, 'min_child_weight': 4, 'subsample': 0.9159367528320104, 'colsample_bytree': 0.6548598056314935}. Best is trial 127 with value: 0.7953293583640418.
[I 2025-04-08 21:26:27,400] Trial 292 finished with value: 0.7945329938266724 and parameters: {'max_depth': 10, 'learning_rate': 0.3056943757718451, 'n_estimators': 167, 'gamma': 0.2518703907287332, 'min_child_weight': 5, 'subsample': 0.9608567817718281, 'colsample_bytree': 0.6865397674488718}. Best is trial 127 with value: 0.7953293583640418.
[I 2025-04-08 21:26:28,243] Trial 293 finished with value: 0.7944490660930902 and parameters: {'max_depth': 23, 'learning_rate': 0.6215067878187539, 'n_estimators': 186, 'gamma': 0.28411259761105523, 'min_child_weight': 3, 'subsample': 0.9834411879612603, 'colsample_bytree': 0.74853802209201}. Best is trial 127 with value: 0.7953293583640418.
[I 2025-04-08 21:26:31,309] Trial 294 finished with value: 0.6377394866279713 and parameters: {'max_depth': 27, 'learning_rate': 0.0009016760645334951, 'n_estimators': 181, 'gamma': 0.30601173752142974, 'min_child_weight': 4, 'subsample': 0.9673015161824092, 'colsample_bytree': 0.7801425540449719}. Best is trial 127 with value: 0.7953293583640418.
[I 2025-04-08 21:26:31,994] Trial 295 finished with value: 0.7946586218349175 and parameters: {'max_depth': 22, 'learning_rate': 0.732779993447819, 'n_estimators': 194, 'gamma': 0.2135328476483076, 'min_child_weight': 4, 'subsample': 0.9904212829635627, 'colsample_bytree': 0.7173336234028056}. Best is trial 127 with value: 0.7953293583640418.
[I 2025-04-08 21:26:32,879] Trial 296 finished with value: 0.7946167985505947 and parameters: {'max_depth': 25, 'learning_rate': 0.40352923198237756, 'n_estimators': 174, 'gamma': 0.2643253672602015, 'min_child_weight': 5, 'subsample': 0.9772091918722393, 'colsample_bytree': 0.7323592308211561}. Best is trial 127 with value: 0.7953293583640418.
[I 2025-04-08 21:26:34,206] Trial 297 finished with value: 0.7945327653801613 and parameters: {'max_depth': 24, 'learning_rate': 0.8041785192599962, 'n_estimators': 226, 'gamma': 0.19202169342013536, 'min_child_weight': 4, 'subsample': 0.9356907503535745, 'colsample_bytree': 0.7651558836530364}. Best is trial 127 with value: 0.7953293583640418.
[I 2025-04-08 21:26:34,932] Trial 298 finished with value: 0.7945330113994808 and parameters: {'max_depth': 25, 'learning_rate': 0.5440651330153393, 'n_estimators': 158, 'gamma': 0.27761757886134564, 'min_child_weight': 5, 'subsample': 0.9553795134529525, 'colsample_bytree': 0.6164554929125691}. Best is trial 127 with value: 0.7953293583640418.
[I 2025-04-08 21:26:35,607] Trial 299 finished with value: 0.7945328356713957 and parameters: {'max_depth': 26, 'learning_rate': 0.9919333767899093, 'n_estimators': 169, 'gamma': 0.25062138348719315, 'min_child_weight': 4, 'subsample': 0.9753939334865759, 'colsample_bytree': 0.6643499793351954}. Best is trial 127 with value: 0.7953293583640418.
[I 2025-04-08 21:26:37,508] Trial 300 finished with value: 0.7943651383595081 and parameters: {'max_depth': 24, 'learning_rate': 0.6835221472318547, 'n_estimators': 163, 'gamma': 0.42464203056846367, 'min_child_weight': 5, 'subsample': 0.6723337978068964, 'colsample_bytree': 0.7237869362867755}. Best is trial 127 with value: 0.7953293583640418.
[I 2025-04-08 21:26:38,202] Trial 301 finished with value: 0.794700726284177 and parameters: {'max_depth': 26, 'learning_rate': 0.7939810705281874, 'n_estimators': 149, 'gamma': 0.23235482796922752, 'min_child_weight': 4, 'subsample': 0.9999198242389533, 'colsample_bytree': 0.5805254453885887}. Best is trial 127 with value: 0.7953293583640418.
[I 2025-04-08 21:26:39,089] Trial 302 finished with value: 0.7940299194638185 and parameters: {'max_depth': 25, 'learning_rate': 0.5540713603489177, 'n_estimators': 200, 'gamma': 0.33499836236364283, 'min_child_weight': 3, 'subsample': 0.9669365441446086, 'colsample_bytree': 0.7538953857112202}. Best is trial 127 with value: 0.7953293583640418.
[I 2025-04-08 21:26:40,061] Trial 303 finished with value: 0.7942393521959861 and parameters: {'max_depth': 27, 'learning_rate': 0.6571038172817466, 'n_estimators': 233, 'gamma': 0.29703300705315894, 'min_child_weight': 4, 'subsample': 0.9448921655321194, 'colsample_bytree': 0.6943605621713762}. Best is trial 127 with value: 0.7953293583640418.
[I 2025-04-08 21:26:40,728] Trial 304 finished with value: 0.7942393346231775 and parameters: {'max_depth': 23, 'learning_rate': 0.8398621994680577, 'n_estimators': 183, 'gamma': 0.20327052195195483, 'min_child_weight': 5, 'subsample': 0.9850293158898458, 'colsample_bytree': 0.7363648664198175}. Best is trial 127 with value: 0.7953293583640418.
[I 2025-04-08 21:26:42,067] Trial 305 finished with value: 0.7941974410476206 and parameters: {'max_depth': 25, 'learning_rate': 0.4431105518441439, 'n_estimators': 139, 'gamma': 0.3128214591610999, 'min_child_weight': 4, 'subsample': 0.9059669423087726, 'colsample_bytree': 0.7105018315395722}. Best is trial 127 with value: 0.7953293583640418.
[I 2025-04-08 21:26:44,745] Trial 306 finished with value: 0.6377394866279713 and parameters: {'max_depth': 24, 'learning_rate': 0.0013577516629709784, 'n_estimators': 190, 'gamma': 0.2608403079601166, 'min_child_weight': 5, 'subsample': 0.9589345545059066, 'colsample_bytree': 0.6742291236267813}. Best is trial 127 with value: 0.7953293583640418.
[I 2025-04-08 21:26:45,626] Trial 307 finished with value: 0.7944071549447246 and parameters: {'max_depth': 25, 'learning_rate': 0.69387493262577, 'n_estimators': 243, 'gamma': 0.22062392371007253, 'min_child_weight': 4, 'subsample': 0.9905218527120433, 'colsample_bytree': 0.7439260339094347}. Best is trial 127 with value: 0.7953293583640418.
[I 2025-04-08 21:26:46,383] Trial 308 finished with value: 0.7947843552800139 and parameters: {'max_depth': 26, 'learning_rate': 0.9816946357847584, 'n_estimators': 177, 'gamma': 0.17382847167807575, 'min_child_weight': 5, 'subsample': 0.9752816296706899, 'colsample_bytree': 0.6505146824372691}. Best is trial 127 with value: 0.7953293583640418.
[I 2025-04-08 21:26:47,441] Trial 309 finished with value: 0.7937782768455404 and parameters: {'max_depth': 24, 'learning_rate': 0.5024939664685134, 'n_estimators': 209, 'gamma': 0.24383914865461045, 'min_child_weight': 4, 'subsample': 0.9276224810882576, 'colsample_bytree': 0.7059947233104013}. Best is trial 127 with value: 0.7953293583640418.
[I 2025-04-08 21:26:48,053] Trial 310 finished with value: 0.7948263367196136 and parameters: {'max_depth': 27, 'learning_rate': 0.8253365477384151, 'n_estimators': 155, 'gamma': 0.28900371854652523, 'min_child_weight': 5, 'subsample': 0.9809596843991003, 'colsample_bytree': 0.6423264800871387}. Best is trial 127 with value: 0.7953293583640418.
[I 2025-04-08 21:26:48,615] Trial 311 finished with value: 0.7945748522566122 and parameters: {'max_depth': 27, 'learning_rate': 0.82513334174403, 'n_estimators': 150, 'gamma': 0.3667090141729988, 'min_child_weight': 5, 'subsample': 0.9849571783049113, 'colsample_bytree': 0.6278812328062207}. Best is trial 127 with value: 0.7953293583640418.
[I 2025-04-08 21:26:49,224] Trial 312 finished with value: 0.7948263894380391 and parameters: {'max_depth': 28, 'learning_rate': 0.8228238851683245, 'n_estimators': 156, 'gamma': 0.3426716436565287, 'min_child_weight': 5, 'subsample': 0.9673838786581084, 'colsample_bytree': 0.6337867580574971}. Best is trial 127 with value: 0.7953293583640418.
[I 2025-04-08 21:26:49,832] Trial 313 finished with value: 0.7945748346838036 and parameters: {'max_depth': 28, 'learning_rate': 0.8473835644935392, 'n_estimators': 154, 'gamma': 0.3312510983452484, 'min_child_weight': 5, 'subsample': 0.9664429248645726, 'colsample_bytree': 0.641595787314182}. Best is trial 127 with value: 0.7953293583640418.
[I 2025-04-08 21:26:50,470] Trial 314 finished with value: 0.7943231920655254 and parameters: {'max_depth': 27, 'learning_rate': 0.9896495240451029, 'n_estimators': 145, 'gamma': 0.33671487684635293, 'min_child_weight': 5, 'subsample': 0.956789600074818, 'colsample_bytree': 0.626693534449668}. Best is trial 127 with value: 0.7953293583640418.
[I 2025-04-08 21:26:51,143] Trial 315 finished with value: 0.7947006208473256 and parameters: {'max_depth': 19, 'learning_rate': 0.6711126111347361, 'n_estimators': 153, 'gamma': 0.34443415480287304, 'min_child_weight': 5, 'subsample': 0.9506046056895533, 'colsample_bytree': 0.6331783482805465}. Best is trial 127 with value: 0.7953293583640418.
[I 2025-04-08 21:26:52,138] Trial 316 finished with value: 0.7941137593333579 and parameters: {'max_depth': 27, 'learning_rate': 0.9970015852542737, 'n_estimators': 169, 'gamma': 0.3562941879307206, 'min_child_weight': 5, 'subsample': 0.9999910892643975, 'colsample_bytree': 0.6405040213274217}. Best is trial 127 with value: 0.7953293583640418.
[I 2025-04-08 21:26:52,819] Trial 317 finished with value: 0.7945328532442042 and parameters: {'max_depth': 28, 'learning_rate': 0.7299796419652117, 'n_estimators': 162, 'gamma': 0.28249128982228366, 'min_child_weight': 4, 'subsample': 0.9685328971801984, 'colsample_bytree': 0.6080231696092884}. Best is trial 127 with value: 0.7953293583640418.
[I 2025-04-08 21:26:53,848] Trial 318 finished with value: 0.7941973356107694 and parameters: {'max_depth': 28, 'learning_rate': 0.8072381791969665, 'n_estimators': 215, 'gamma': 0.32077707611487305, 'min_child_weight': 4, 'subsample': 0.9403655777706891, 'colsample_bytree': 0.6438349670193482}. Best is trial 127 with value: 0.7953293583640418.
[I 2025-04-08 21:26:54,682] Trial 319 finished with value: 0.794616745832169 and parameters: {'max_depth': 26, 'learning_rate': 0.6077843929077018, 'n_estimators': 187, 'gamma': 0.2923693533880281, 'min_child_weight': 5, 'subsample': 0.982729938868217, 'colsample_bytree': 0.6183419448907183}. Best is trial 127 with value: 0.7953293583640418.
[I 2025-04-08 21:26:55,131] Trial 320 finished with value: 0.7942814214996282 and parameters: {'max_depth': 27, 'learning_rate': 0.9951456847108644, 'n_estimators': 50, 'gamma': 0.27463285102310836, 'min_child_weight': 3, 'subsample': 0.9916312412720307, 'colsample_bytree': 0.6493744228241416}. Best is trial 127 with value: 0.7953293583640418.
[I 2025-04-08 21:26:55,903] Trial 321 finished with value: 0.7941556353361063 and parameters: {'max_depth': 28, 'learning_rate': 0.7213216462404194, 'n_estimators': 180, 'gamma': 0.3506491577947956, 'min_child_weight': 4, 'subsample': 0.9704369175281744, 'colsample_bytree': 0.7202823433343628}. Best is trial 127 with value: 0.7953293583640418.
[I 2025-04-08 21:26:56,776] Trial 322 finished with value: 0.7944491012387073 and parameters: {'max_depth': 26, 'learning_rate': 0.5405036830516811, 'n_estimators': 196, 'gamma': 0.3126611102828845, 'min_child_weight': 5, 'subsample': 0.9793028850328503, 'colsample_bytree': 0.6588814362727804}. Best is trial 127 with value: 0.7953293583640418.
[I 2025-04-08 21:26:57,597] Trial 323 finished with value: 0.7947844431440567 and parameters: {'max_depth': 26, 'learning_rate': 0.7926749919671678, 'n_estimators': 174, 'gamma': 0.3012715773941078, 'min_child_weight': 5, 'subsample': 0.9604429269730194, 'colsample_bytree': 0.6403527552567192}. Best is trial 127 with value: 0.7953293583640418.
[I 2025-04-08 21:26:58,773] Trial 324 finished with value: 0.7947844431440566 and parameters: {'max_depth': 27, 'learning_rate': 0.3863745919906378, 'n_estimators': 183, 'gamma': 0.2694256125573518, 'min_child_weight': 4, 'subsample': 0.9191578326982373, 'colsample_bytree': 0.6217351707042896}. Best is trial 127 with value: 0.7953293583640418.
[I 2025-04-08 21:26:59,324] Trial 325 finished with value: 0.7940717603209497 and parameters: {'max_depth': 25, 'learning_rate': 0.9979316147246673, 'n_estimators': 142, 'gamma': 0.2903638450675237, 'min_child_weight': 6, 'subsample': 0.9905851678499021, 'colsample_bytree': 0.6325694850990192}. Best is trial 127 with value: 0.7953293583640418.
[I 2025-04-08 21:27:00,118] Trial 326 finished with value: 0.7942394400600288 and parameters: {'max_depth': 23, 'learning_rate': 0.6393788161995976, 'n_estimators': 165, 'gamma': 0.256828041080833, 'min_child_weight': 4, 'subsample': 0.9504173623665212, 'colsample_bytree': 0.7316977853447213}. Best is trial 127 with value: 0.7953293583640418.
[I 2025-04-08 21:27:03,122] Trial 327 finished with value: 0.6377394866279713 and parameters: {'max_depth': 26, 'learning_rate': 0.0026836776768867357, 'n_estimators': 190, 'gamma': 0.23471841687963346, 'min_child_weight': 5, 'subsample': 0.9727916512584149, 'colsample_bytree': 0.7266214129286497}. Best is trial 127 with value: 0.7953293583640418.
[I 2025-04-08 21:27:05,196] Trial 328 finished with value: 0.6377394866279713 and parameters: {'max_depth': 17, 'learning_rate': 0.0005771592929962785, 'n_estimators': 176, 'gamma': 0.27835449846856886, 'min_child_weight': 4, 'subsample': 0.9826175587053514, 'colsample_bytree': 0.742868800681822}. Best is trial 127 with value: 0.7953293583640418.
[I 2025-04-08 21:27:05,888] Trial 329 finished with value: 0.7951616083337287 and parameters: {'max_depth': 25, 'learning_rate': 0.7948074428580869, 'n_estimators': 186, 'gamma': 0.3244471571487045, 'min_child_weight': 5, 'subsample': 0.965217106088939, 'colsample_bytree': 0.6615440110100327}. Best is trial 127 with value: 0.7953293583640418.
[I 2025-04-08 21:27:06,598] Trial 330 finished with value: 0.7945748346838036 and parameters: {'max_depth': 27, 'learning_rate': 0.5600861529632651, 'n_estimators': 157, 'gamma': 0.3181607821150346, 'min_child_weight': 5, 'subsample': 0.9674051610027136, 'colsample_bytree': 0.6570128020450774}. Best is trial 127 with value: 0.7953293583640418.
[I 2025-04-08 21:27:07,222] Trial 331 finished with value: 0.7951198026222144 and parameters: {'max_depth': 28, 'learning_rate': 0.809962931077578, 'n_estimators': 180, 'gamma': 0.3281786896234248, 'min_child_weight': 5, 'subsample': 0.9908378165883149, 'colsample_bytree': 0.6652568787963511}. Best is trial 127 with value: 0.7953293583640418.
[I 2025-04-08 21:27:07,963] Trial 332 finished with value: 0.794155688054532 and parameters: {'max_depth': 29, 'learning_rate': 0.464068677244741, 'n_estimators': 171, 'gamma': 0.3265857373528425, 'min_child_weight': 5, 'subsample': 0.991489403677449, 'colsample_bytree': 0.6601672324965875}. Best is trial 127 with value: 0.7953293583640418.
[I 2025-04-08 21:27:08,578] Trial 333 finished with value: 0.7945329586810552 and parameters: {'max_depth': 28, 'learning_rate': 0.7907706662390458, 'n_estimators': 181, 'gamma': 0.3343912763927501, 'min_child_weight': 5, 'subsample': 0.9991579681771443, 'colsample_bytree': 0.6649698170552563}. Best is trial 127 with value: 0.7953293583640418.
[I 2025-04-08 21:27:09,237] Trial 334 finished with value: 0.7948683533048302 and parameters: {'max_depth': 28, 'learning_rate': 0.6801514632034142, 'n_estimators': 178, 'gamma': 0.3396630550418278, 'min_child_weight': 5, 'subsample': 0.9756953861195526, 'colsample_bytree': 0.6459128025821589}. Best is trial 127 with value: 0.7953293583640418.
[I 2025-04-08 21:27:09,995] Trial 335 finished with value: 0.7944491539571329 and parameters: {'max_depth': 28, 'learning_rate': 0.620459999233462, 'n_estimators': 175, 'gamma': 0.34994669008476953, 'min_child_weight': 5, 'subsample': 0.9375028544509223, 'colsample_bytree': 0.6523092732231239}. Best is trial 127 with value: 0.7953293583640418.
[I 2025-04-08 21:27:10,727] Trial 336 finished with value: 0.7946167282593606 and parameters: {'max_depth': 28, 'learning_rate': 0.511051514993144, 'n_estimators': 177, 'gamma': 0.34203930262998544, 'min_child_weight': 5, 'subsample': 0.9731212518827385, 'colsample_bytree': 0.6673728403645507}. Best is trial 127 with value: 0.7953293583640418.
[I 2025-04-08 21:27:12,763] Trial 337 finished with value: 0.7752479435420807 and parameters: {'max_depth': 29, 'learning_rate': 0.04512119975255485, 'n_estimators': 183, 'gamma': 0.36161991743593297, 'min_child_weight': 5, 'subsample': 0.9614176213843495, 'colsample_bytree': 0.6830882178602351}. Best is trial 127 with value: 0.7953293583640418.
[I 2025-04-08 21:27:13,550] Trial 338 finished with value: 0.7941136538965067 and parameters: {'max_depth': 29, 'learning_rate': 0.6592264528856926, 'n_estimators': 168, 'gamma': 0.32777319031050667, 'min_child_weight': 5, 'subsample': 0.9723789105593917, 'colsample_bytree': 0.651830050006183}. Best is trial 127 with value: 0.7953293583640418.
[I 2025-04-08 21:27:14,528] Trial 339 finished with value: 0.7943652086507422 and parameters: {'max_depth': 16, 'learning_rate': 0.36986672979400154, 'n_estimators': 179, 'gamma': 0.34037439028793065, 'min_child_weight': 5, 'subsample': 0.9499262387620092, 'colsample_bytree': 0.6644341167841363}. Best is trial 127 with value: 0.7953293583640418.
[I 2025-04-08 21:27:15,730] Trial 340 finished with value: 0.7942813336355856 and parameters: {'max_depth': 18, 'learning_rate': 0.842559553749482, 'n_estimators': 173, 'gamma': 0.36888897134575127, 'min_child_weight': 5, 'subsample': 0.903183003717656, 'colsample_bytree': 0.6774662964574519}. Best is trial 127 with value: 0.7953293583640418.
[I 2025-04-08 21:27:16,435] Trial 341 finished with value: 0.7941555650448722 and parameters: {'max_depth': 28, 'learning_rate': 0.9890784554327671, 'n_estimators': 185, 'gamma': 0.30859156516949493, 'min_child_weight': 5, 'subsample': 0.9881696950542225, 'colsample_bytree': 0.630657282603812}. Best is trial 127 with value: 0.7953293583640418.
[I 2025-04-08 21:27:17,418] Trial 342 finished with value: 0.7948262840011878 and parameters: {'max_depth': 23, 'learning_rate': 0.6469636427644263, 'n_estimators': 180, 'gamma': 0.3205510717865502, 'min_child_weight': 5, 'subsample': 0.9281703679462475, 'colsample_bytree': 0.6876692139536955}. Best is trial 127 with value: 0.7953293583640418.
[I 2025-04-08 21:27:18,276] Trial 343 finished with value: 0.7946167809777862 and parameters: {'max_depth': 24, 'learning_rate': 0.47977042409912896, 'n_estimators': 173, 'gamma': 0.34326279309755336, 'min_child_weight': 5, 'subsample': 0.9799225586518443, 'colsample_bytree': 0.6562909503066972}. Best is trial 127 with value: 0.7953293583640418.
[I 2025-04-08 21:27:19,033] Trial 344 finished with value: 0.7938621342878882 and parameters: {'max_depth': 26, 'learning_rate': 0.7295197563971328, 'n_estimators': 220, 'gamma': 0.32889149301576304, 'min_child_weight': 3, 'subsample': 0.9634817774102004, 'colsample_bytree': 0.6734476511115663}. Best is trial 127 with value: 0.7953293583640418.
[I 2025-04-08 21:27:20,012] Trial 345 finished with value: 0.7943231569199084 and parameters: {'max_depth': 12, 'learning_rate': 0.5716778509161465, 'n_estimators': 169, 'gamma': 0.35673635259317815, 'min_child_weight': 5, 'subsample': 0.880084454159727, 'colsample_bytree': 0.6419163767122367}. Best is trial 127 with value: 0.7953293583640418.
