[I 2025-04-08 01:36:44,557] Trial 207 finished with value: 0.81801024846194 and parameters: {'lambda_l1': 3.463260417288855, 'lambda_l2': 6.914316435189889, 'num_leaves': 46, 'feature_fraction': 0.8790416406772135, 'bagging_fraction': 0.9579157976263996, 'bagging_freq': 1, 'min_child_samples': 95}. Best is trial 199 with value: 0.8195195066961187.
[I 2025-04-08 01:36:46,202] Trial 208 finished with value: 0.8152014458906865 and parameters: {'lambda_l1': 14.50344107502818, 'lambda_l2': 15.753187952840985, 'num_leaves': 43, 'feature_fraction': 0.859113822746699, 'bagging_fraction': 0.9460486547509276, 'bagging_freq': 1, 'min_child_samples': 90}. Best is trial 199 with value: 0.8195195066961187.
[I 2025-04-08 01:36:48,524] Trial 209 finished with value: 0.8170042051730834 and parameters: {'lambda_l1': 0.08352463220902305, 'lambda_l2': 2.269050188687814, 'num_leaves': 49, 'feature_fraction': 0.8575862123646426, 'bagging_fraction': 0.9367450376239718, 'bagging_freq': 1, 'min_child_samples': 99}. Best is trial 199 with value: 0.8195195066961187.
[I 2025-04-08 01:36:50,400] Trial 210 finished with value: 0.81780060485607 and parameters: {'lambda_l1': 6.854744873670681, 'lambda_l2': 9.663561805000693, 'num_leaves': 42, 'feature_fraction': 0.9003405006803962, 'bagging_fraction': 0.9625324914047082, 'bagging_freq': 1, 'min_child_samples': 93}. Best is trial 199 with value: 0.8195195066961187.
[I 2025-04-08 01:36:51,896] Trial 211 finished with value: 0.8178006224288783 and parameters: {'lambda_l1': 1.1001015490328787, 'lambda_l2': 4.571078660172987, 'num_leaves': 39, 'feature_fraction': 0.7484228621027189, 'bagging_fraction': 0.9733036045028742, 'bagging_freq': 1, 'min_child_samples': 98}. Best is trial 199 with value: 0.8195195066961187.
[I 2025-04-08 01:36:53,589] Trial 212 finished with value: 0.8173813000715213 and parameters: {'lambda_l1': 0.787698748839429, 'lambda_l2': 8.044280139262078, 'num_leaves': 42, 'feature_fraction': 0.8760308817733911, 'bagging_fraction': 0.9533825372858983, 'bagging_freq': 2, 'min_child_samples': 101}. Best is trial 199 with value: 0.8195195066961187.
[I 2025-04-08 01:36:54,944] Trial 213 finished with value: 0.8162495233375683 and parameters: {'lambda_l1': 2.0493954305992013, 'lambda_l2': 3.0299358511222745, 'num_leaves': 33, 'feature_fraction': 0.866109401862428, 'bagging_fraction': 0.972543495291877, 'bagging_freq': 1, 'min_child_samples': 104}. Best is trial 199 with value: 0.8195195066961187.
[I 2025-04-08 01:36:56,959] Trial 214 finished with value: 0.8180102836075569 and parameters: {'lambda_l1': 0.17036469332473103, 'lambda_l2': 5.090182032317513, 'num_leaves': 46, 'feature_fraction': 0.9406376088499238, 'bagging_fraction': 0.9137240756849009, 'bagging_freq': 2, 'min_child_samples': 2}. Best is trial 199 with value: 0.8195195066961187.
[I 2025-04-08 01:36:59,216] Trial 215 finished with value: 0.8187647721421781 and parameters: {'lambda_l1': 0.41806686400949195, 'lambda_l2': 28.852574593689656, 'num_leaves': 40, 'feature_fraction': 0.7290850241702431, 'bagging_fraction': 0.9622299135042996, 'bagging_freq': 1, 'min_child_samples': 96}. Best is trial 199 with value: 0.8195195066961187.
[I 2025-04-08 01:37:00,990] Trial 216 finished with value: 0.8186811958647666 and parameters: {'lambda_l1': 0.4699252708818801, 'lambda_l2': 26.692157842888918, 'num_leaves': 41, 'feature_fraction': 0.6803259418260316, 'bagging_fraction': 0.944618698651345, 'bagging_freq': 1, 'min_child_samples': 24}. Best is trial 199 with value: 0.8195195066961187.
[I 2025-04-08 01:37:02,635] Trial 217 finished with value: 0.8171299561909884 and parameters: {'lambda_l1': 0.35368826648091745, 'lambda_l2': 66.36135815881153, 'num_leaves': 44, 'feature_fraction': 0.7422304512913491, 'bagging_fraction': 0.9312193597810843, 'bagging_freq': 1, 'min_child_samples': 96}. Best is trial 199 with value: 0.8195195066961187.
[I 2025-04-08 01:37:04,214] Trial 218 finished with value: 0.8183035913548812 and parameters: {'lambda_l1': 0.4438940571840148, 'lambda_l2': 22.326557770067733, 'num_leaves': 41, 'feature_fraction': 0.7742054769427119, 'bagging_fraction': 0.9454260329181108, 'bagging_freq': 1, 'min_child_samples': 26}. Best is trial 199 with value: 0.8195195066961187.
[I 2025-04-08 01:37:06,017] Trial 219 finished with value: 0.8186810025638728 and parameters: {'lambda_l1': 0.2070391953790787, 'lambda_l2': 31.64556974042918, 'num_leaves': 52, 'feature_fraction': 0.8339989032764222, 'bagging_fraction': 0.9541328287888855, 'bagging_freq': 1, 'min_child_samples': 94}. Best is trial 199 with value: 0.8195195066961187.
[I 2025-04-08 01:37:08,263] Trial 220 finished with value: 0.8186811255735327 and parameters: {'lambda_l1': 0.2196628574240387, 'lambda_l2': 47.483767600971255, 'num_leaves': 54, 'feature_fraction': 0.6766566228412327, 'bagging_fraction': 0.9576596219225059, 'bagging_freq': 1, 'min_child_samples': 93}. Best is trial 199 with value: 0.8195195066961187.
[I 2025-04-08 01:37:10,013] Trial 221 finished with value: 0.8178426214412866 and parameters: {'lambda_l1': 0.23776486903017502, 'lambda_l2': 48.48221003800015, 'num_leaves': 52, 'feature_fraction': 0.6768350739102662, 'bagging_fraction': 0.9447271455893392, 'bagging_freq': 1, 'min_child_samples': 92}. Best is trial 199 with value: 0.8195195066961187.
[I 2025-04-08 01:37:11,842] Trial 222 finished with value: 0.8185133228247938 and parameters: {'lambda_l1': 0.18588848690056042, 'lambda_l2': 30.044948360186716, 'num_leaves': 54, 'feature_fraction': 0.6969998489211235, 'bagging_fraction': 0.9575575730106421, 'bagging_freq': 1, 'min_child_samples': 86}. Best is trial 199 with value: 0.8195195066961187.
[I 2025-04-08 01:37:13,779] Trial 223 finished with value: 0.8183455552216723 and parameters: {'lambda_l1': 0.11283114349088202, 'lambda_l2': 32.165731147601726, 'num_leaves': 58, 'feature_fraction': 0.7042357879221758, 'bagging_fraction': 0.9598754701635535, 'bagging_freq': 1, 'min_child_samples': 86}. Best is trial 199 with value: 0.8195195066961187.
[I 2025-04-08 01:37:15,497] Trial 224 finished with value: 0.8172557599273189 and parameters: {'lambda_l1': 0.23181086784949653, 'lambda_l2': 85.91849168768395, 'num_leaves': 53, 'feature_fraction': 0.7240833039549622, 'bagging_fraction': 0.953240333690282, 'bagging_freq': 1, 'min_child_samples': 76}. Best is trial 199 with value: 0.8195195066961187.
[I 2025-04-08 01:37:17,804] Trial 225 finished with value: 0.8183875542340804 and parameters: {'lambda_l1': 0.16809888068908824, 'lambda_l2': 23.134832014757766, 'num_leaves': 55, 'feature_fraction': 0.6885428165860501, 'bagging_fraction': 0.9227752529237601, 'bagging_freq': 1, 'min_child_samples': 88}. Best is trial 199 with value: 0.8195195066961187.
[I 2025-04-08 01:37:20,138] Trial 226 finished with value: 0.817465280523529 and parameters: {'lambda_l1': 0.121493963752439, 'lambda_l2': 56.018512176857676, 'num_leaves': 51, 'feature_fraction': 0.702617270846451, 'bagging_fraction': 0.9630799552789628, 'bagging_freq': 1, 'min_child_samples': 94}. Best is trial 199 with value: 0.8195195066961187.
[I 2025-04-08 01:37:22,034] Trial 227 finished with value: 0.8175071389534689 and parameters: {'lambda_l1': 0.3931148897970448, 'lambda_l2': 13.342913947392017, 'num_leaves': 57, 'feature_fraction': 0.8213627536893854, 'bagging_fraction': 0.935394844307722, 'bagging_freq': 1, 'min_child_samples': 96}. Best is trial 199 with value: 0.8195195066961187.
[I 2025-04-08 01:37:24,002] Trial 228 finished with value: 0.8181360521982703 and parameters: {'lambda_l1': 0.23428858725888102, 'lambda_l2': 37.746392559391126, 'num_leaves': 49, 'feature_fraction': 0.6828241587828925, 'bagging_fraction': 0.9471621880369099, 'bagging_freq': 1, 'min_child_samples': 98}. Best is trial 199 with value: 0.8195195066961187.
[I 2025-04-08 01:37:25,732] Trial 229 finished with value: 0.818638985978656 and parameters: {'lambda_l1': 0.04333541330276179, 'lambda_l2': 17.025317869772266, 'num_leaves': 48, 'feature_fraction': 0.6528623891076314, 'bagging_fraction': 0.9759249190058866, 'bagging_freq': 1, 'min_child_samples': 84}. Best is trial 199 with value: 0.8195195066961187.
[I 2025-04-08 01:37:27,744] Trial 230 finished with value: 0.8188486295845261 and parameters: {'lambda_l1': 0.049467215335321904, 'lambda_l2': 29.04099791317019, 'num_leaves': 55, 'feature_fraction': 0.7186474729830193, 'bagging_fraction': 0.9806581328566871, 'bagging_freq': 1, 'min_child_samples': 85}. Best is trial 199 with value: 0.8195195066961187.
[I 2025-04-08 01:37:30,257] Trial 231 finished with value: 0.8188067711545862 and parameters: {'lambda_l1': 0.07262158354893687, 'lambda_l2': 22.965050231598468, 'num_leaves': 55, 'feature_fraction': 0.6650535373857702, 'bagging_fraction': 0.9780408820609682, 'bagging_freq': 1, 'min_child_samples': 88}. Best is trial 199 with value: 0.8195195066961187.
[I 2025-04-08 01:37:32,237] Trial 232 finished with value: 0.8182618735074095 and parameters: {'lambda_l1': 0.059350647514288646, 'lambda_l2': 28.070941494490157, 'num_leaves': 54, 'feature_fraction': 0.6680268268835786, 'bagging_fraction': 0.9767750128480919, 'bagging_freq': 1, 'min_child_samples': 82}. Best is trial 199 with value: 0.8195195066961187.
[I 2025-04-08 01:37:34,210] Trial 233 finished with value: 0.8170041173090408 and parameters: {'lambda_l1': 0.0305114367147168, 'lambda_l2': 18.040013329143886, 'num_leaves': 60, 'feature_fraction': 0.7139605835810171, 'bagging_fraction': 0.9789381301434461, 'bagging_freq': 1, 'min_child_samples': 84}. Best is trial 199 with value: 0.8195195066961187.
[I 2025-04-08 01:37:35,939] Trial 234 finished with value: 0.8169202598666926 and parameters: {'lambda_l1': 0.08628939746935839, 'lambda_l2': 65.88336282264883, 'num_leaves': 54, 'feature_fraction': 0.6979133182434825, 'bagging_fraction': 0.97066808356953, 'bagging_freq': 1, 'min_child_samples': 87}. Best is trial 199 with value: 0.8195195066961187.
[I 2025-04-08 01:37:37,676] Trial 235 finished with value: 0.8166685469571803 and parameters: {'lambda_l1': 0.038825086031556315, 'lambda_l2': 30.019571374569583, 'num_leaves': 55, 'feature_fraction': 0.7684606151781362, 'bagging_fraction': 0.48354521061301525, 'bagging_freq': 1, 'min_child_samples': 84}. Best is trial 199 with value: 0.8195195066961187.
[I 2025-04-08 01:37:39,881] Trial 236 finished with value: 0.8182618032161754 and parameters: {'lambda_l1': 0.12086108685000606, 'lambda_l2': 11.979568285837551, 'num_leaves': 51, 'feature_fraction': 0.6525711007375841, 'bagging_fraction': 0.986775123282569, 'bagging_freq': 1, 'min_child_samples': 91}. Best is trial 199 with value: 0.8195195066961187.
[I 2025-04-08 01:37:41,770] Trial 237 finished with value: 0.8175489798106004 and parameters: {'lambda_l1': 0.04726106215520795, 'lambda_l2': 19.05821709127863, 'num_leaves': 57, 'feature_fraction': 0.7299191267368603, 'bagging_fraction': 0.9662663707642817, 'bagging_freq': 1, 'min_child_samples': 88}. Best is trial 199 with value: 0.8195195066961187.
[I 2025-04-08 01:37:43,909] Trial 238 finished with value: 0.8177167649865306 and parameters: {'lambda_l1': 0.1645917651020832, 'lambda_l2': 43.25476979541857, 'num_leaves': 60, 'feature_fraction': 0.6705492554580158, 'bagging_fraction': 0.9912648671832403, 'bagging_freq': 2, 'min_child_samples': 90}. Best is trial 199 with value: 0.8195195066961187.
[I 2025-04-08 01:37:45,830] Trial 239 finished with value: 0.8180519135909858 and parameters: {'lambda_l1': 0.07609692046414182, 'lambda_l2': 10.743885403182484, 'num_leaves': 48, 'feature_fraction': 0.6841876240564545, 'bagging_fraction': 0.98085642880847, 'bagging_freq': 2, 'min_child_samples': 82}. Best is trial 199 with value: 0.8195195066961187.
[I 2025-04-08 01:37:52,352] Trial 240 finished with value: 0.8186808971270215 and parameters: {'lambda_l1': 0.020079100656556152, 'lambda_l2': 27.775071377101693, 'num_leaves': 53, 'feature_fraction': 0.7923208183233567, 'bagging_fraction': 0.956678134761503, 'bagging_freq': 1, 'min_child_samples': 85}. Best is trial 199 with value: 0.8195195066961187.
[I 2025-04-08 01:37:54,240] Trial 241 finished with value: 0.8179682318767231 and parameters: {'lambda_l1': 0.01730093000956057, 'lambda_l2': 24.145632246722272, 'num_leaves': 52, 'feature_fraction': 0.7928244934877234, 'bagging_fraction': 0.9612365096521811, 'bagging_freq': 1, 'min_child_samples': 86}. Best is trial 199 with value: 0.8195195066961187.
[I 2025-04-08 01:37:56,128] Trial 242 finished with value: 0.817926391019592 and parameters: {'lambda_l1': 0.027900638929962866, 'lambda_l2': 45.25196341601466, 'num_leaves': 54, 'feature_fraction': 0.8307978144294186, 'bagging_fraction': 0.970830685439805, 'bagging_freq': 1, 'min_child_samples': 81}. Best is trial 199 with value: 0.8195195066961187.
[I 2025-04-08 01:37:58,105] Trial 243 finished with value: 0.8180941410499051 and parameters: {'lambda_l1': 0.052755307248385425, 'lambda_l2': 18.18858443430397, 'num_leaves': 50, 'feature_fraction': 0.7066484218919107, 'bagging_fraction': 0.9998124103644658, 'bagging_freq': 1, 'min_child_samples': 84}. Best is trial 199 with value: 0.8195195066961187.
[I 2025-04-08 01:38:00,688] Trial 244 finished with value: 0.8173393362047303 and parameters: {'lambda_l1': 0.11015606414154626, 'lambda_l2': 32.7363425635026, 'num_leaves': 57, 'feature_fraction': 0.7646346096156772, 'bagging_fraction': 0.9539016650904173, 'bagging_freq': 1, 'min_child_samples': 93}. Best is trial 199 with value: 0.8195195066961187.
[I 2025-04-08 01:38:02,504] Trial 245 finished with value: 0.8177166595496793 and parameters: {'lambda_l1': 0.3513712912531294, 'lambda_l2': 10.354858459947677, 'num_leaves': 46, 'feature_fraction': 0.6552572296328818, 'bagging_fraction': 0.9791817729066398, 'bagging_freq': 2, 'min_child_samples': 79}. Best is trial 199 with value: 0.8195195066961187.
[I 2025-04-08 01:38:03,929] Trial 246 finished with value: 0.8161657889048801 and parameters: {'lambda_l1': 0.18076909195635546, 'lambda_l2': 90.71647697001359, 'num_leaves': 36, 'feature_fraction': 0.6761200642414493, 'bagging_fraction': 0.9654050846318691, 'bagging_freq': 1, 'min_child_samples': 89}. Best is trial 199 with value: 0.8195195066961187.
[I 2025-04-08 01:38:05,755] Trial 247 finished with value: 0.8184294302368287 and parameters: {'lambda_l1': 0.5299004896563788, 'lambda_l2': 15.658313739580404, 'num_leaves': 52, 'feature_fraction': 0.638592893234707, 'bagging_fraction': 0.9451111193557628, 'bagging_freq': 2, 'min_child_samples': 92}. Best is trial 199 with value: 0.8195195066961187.
[I 2025-04-08 01:38:07,643] Trial 248 finished with value: 0.8183455552216721 and parameters: {'lambda_l1': 0.07656183065773738, 'lambda_l2': 29.918834622069948, 'num_leaves': 49, 'feature_fraction': 0.794718164699048, 'bagging_fraction': 0.9762830527718437, 'bagging_freq': 2, 'min_child_samples': 95}. Best is trial 199 with value: 0.8195195066961187.
[I 2025-04-08 01:38:09,270] Trial 249 finished with value: 0.8180522299015396 and parameters: {'lambda_l1': 0.2732005506149307, 'lambda_l2': 64.88393272637263, 'num_leaves': 33, 'feature_fraction': 0.7260336443130424, 'bagging_fraction': 0.9561925232595728, 'bagging_freq': 1, 'min_child_samples': 86}. Best is trial 199 with value: 0.8195195066961187.
[I 2025-04-08 01:38:11,436] Trial 250 finished with value: 0.8193099333814828 and parameters: {'lambda_l1': 0.04131771026241692, 'lambda_l2': 12.34952660717111, 'num_leaves': 38, 'feature_fraction': 0.8158517770775829, 'bagging_fraction': 0.988151654884228, 'bagging_freq': 2, 'min_child_samples': 94}. Best is trial 199 with value: 0.8195195066961187.
[I 2025-04-08 01:38:13,439] Trial 251 finished with value: 0.818010090306663 and parameters: {'lambda_l1': 0.028157916232448746, 'lambda_l2': 10.069056720898507, 'num_leaves': 55, 'feature_fraction': 0.8072935225190474, 'bagging_fraction': 0.9864920603759904, 'bagging_freq': 1, 'min_child_samples': 95}. Best is trial 199 with value: 0.8195195066961187.
[I 2025-04-08 01:38:14,753] Trial 252 finished with value: 0.8185553042643935 and parameters: {'lambda_l1': 0.04253208968385031, 'lambda_l2': 21.146199214813862, 'num_leaves': 31, 'feature_fraction': 0.8272669222426137, 'bagging_fraction': 0.9945168659919396, 'bagging_freq': 1, 'min_child_samples': 72}. Best is trial 199 with value: 0.8195195066961187.
[I 2025-04-08 01:38:16,003] Trial 253 finished with value: 0.8178425335772438 and parameters: {'lambda_l1': 0.04289323012657841, 'lambda_l2': 17.03624661167679, 'num_leaves': 29, 'feature_fraction': 0.8329701494100573, 'bagging_fraction': 0.9987777455524621, 'bagging_freq': 1, 'min_child_samples': 68}. Best is trial 199 with value: 0.8195195066961187.
[I 2025-04-08 01:38:17,615] Trial 254 finished with value: 0.8180522826199651 and parameters: {'lambda_l1': 0.02049339211645251, 'lambda_l2': 41.65083983251211, 'num_leaves': 34, 'feature_fraction': 0.8434029487123738, 'bagging_fraction': 0.9830493331694021, 'bagging_freq': 1, 'min_child_samples': 89}. Best is trial 199 with value: 0.8195195066961187.
[I 2025-04-08 01:38:18,978] Trial 255 finished with value: 0.8178844447256093 and parameters: {'lambda_l1': 0.04903654655761477, 'lambda_l2': 23.62759639200255, 'num_leaves': 31, 'feature_fraction': 0.8173925351176959, 'bagging_fraction': 0.9879111862701477, 'bagging_freq': 1, 'min_child_samples': 92}. Best is trial 199 with value: 0.8195195066961187.
[I 2025-04-08 01:38:20,695] Trial 256 finished with value: 0.8186811607191495 and parameters: {'lambda_l1': 4.792856884234365e-07, 'lambda_l2': 13.397948500842338, 'num_leaves': 47, 'feature_fraction': 0.8484377172453854, 'bagging_fraction': 0.9403683705691022, 'bagging_freq': 1, 'min_child_samples': 85}. Best is trial 199 with value: 0.8195195066961187.
[I 2025-04-08 01:38:22,979] Trial 257 finished with value: 0.8186391089883159 and parameters: {'lambda_l1': 8.73916730581789e-06, 'lambda_l2': 9.947275311423365, 'num_leaves': 46, 'feature_fraction': 0.8142941533400505, 'bagging_fraction': 0.9415054382596633, 'bagging_freq': 1, 'min_child_samples': 78}. Best is trial 199 with value: 0.8195195066961187.
[I 2025-04-08 01:38:24,655] Trial 258 finished with value: 0.818052177183114 and parameters: {'lambda_l1': 1.4653853297718656e-06, 'lambda_l2': 10.446571404498835, 'num_leaves': 47, 'feature_fraction': 0.848272159010618, 'bagging_fraction': 0.9278459890535949, 'bagging_freq': 1, 'min_child_samples': 73}. Best is trial 199 with value: 0.8195195066961187.
[I 2025-04-08 01:38:26,317] Trial 259 finished with value: 0.8171718146209281 and parameters: {'lambda_l1': 2.360047250441533e-05, 'lambda_l2': 6.371922468201824, 'num_leaves': 45, 'feature_fraction': 0.8246831087003325, 'bagging_fraction': 0.9428163459120964, 'bagging_freq': 1, 'min_child_samples': 76}. Best is trial 199 with value: 0.8195195066961187.
[I 2025-04-08 01:38:28,083] Trial 260 finished with value: 0.8181779282010189 and parameters: {'lambda_l1': 2.537058400131864e-07, 'lambda_l2': 14.513407944588579, 'num_leaves': 47, 'feature_fraction': 0.8162931891545907, 'bagging_fraction': 0.9387616547528095, 'bagging_freq': 1, 'min_child_samples': 79}. Best is trial 199 with value: 0.8195195066961187.
[I 2025-04-08 01:38:29,814] Trial 261 finished with value: 0.8185131998151342 and parameters: {'lambda_l1': 2.8566647255334628e-08, 'lambda_l2': 7.874973363715282, 'num_leaves': 49, 'feature_fraction': 0.7953649122557258, 'bagging_fraction': 0.9523855038359407, 'bagging_freq': 1, 'min_child_samples': 73}. Best is trial 199 with value: 0.8195195066961187.
[I 2025-04-08 01:38:31,999] Trial 262 finished with value: 0.8187228961394297 and parameters: {'lambda_l1': 1.918162449249707e-05, 'lambda_l2': 22.70843079489877, 'num_leaves': 44, 'feature_fraction': 0.8445110940233128, 'bagging_fraction': 0.9342160991771659, 'bagging_freq': 1, 'min_child_samples': 84}. Best is trial 199 with value: 0.8195195066961187.
[I 2025-04-08 01:38:33,630] Trial 263 finished with value: 0.817381352789947 and parameters: {'lambda_l1': 4.603252179658467e-06, 'lambda_l2': 16.87792052593048, 'num_leaves': 44, 'feature_fraction': 0.8563614673413074, 'bagging_fraction': 0.9112721268523916, 'bagging_freq': 1, 'min_child_samples': 82}. Best is trial 199 with value: 0.8195195066961187.
[I 2025-04-08 01:38:35,241] Trial 264 finished with value: 0.8178843744343751 and parameters: {'lambda_l1': 5.678041174288795e-05, 'lambda_l2': 4.088419865402286, 'num_leaves': 45, 'feature_fraction': 0.843487786021775, 'bagging_fraction': 0.9363108256718341, 'bagging_freq': 1, 'min_child_samples': 84}. Best is trial 199 with value: 0.8195195066961187.
[I 2025-04-08 01:38:37,131] Trial 265 finished with value: 0.8189325221724912 and parameters: {'lambda_l1': 1.3915591390898595e-06, 'lambda_l2': 9.487913769387152, 'num_leaves': 43, 'feature_fraction': 0.8265606439871096, 'bagging_fraction': 0.9238143062984872, 'bagging_freq': 1, 'min_child_samples': 77}. Best is trial 199 with value: 0.8195195066961187.
[I 2025-04-08 01:38:38,872] Trial 266 finished with value: 0.8174651047954435 and parameters: {'lambda_l1': 3.2315601009326205e-07, 'lambda_l2': 10.613167654791159, 'num_leaves': 43, 'feature_fraction': 0.8290296703167951, 'bagging_fraction': 0.9231939854069694, 'bagging_freq': 1, 'min_child_samples': 79}. Best is trial 199 with value: 0.8195195066961187.
[I 2025-04-08 01:38:40,425] Trial 267 finished with value: 0.8181779809194445 and parameters: {'lambda_l1': 1.3616136212710518e-06, 'lambda_l2': 49.560343392523855, 'num_leaves': 40, 'feature_fraction': 0.8339249454043757, 'bagging_fraction': 0.9189496508968105, 'bagging_freq': 1, 'min_child_samples': 78}. Best is trial 199 with value: 0.8195195066961187.
[I 2025-04-08 01:38:42,867] Trial 268 finished with value: 0.8172976710756844 and parameters: {'lambda_l1': 2.8127192430894884e-06, 'lambda_l2': 21.463428337392948, 'num_leaves': 46, 'feature_fraction': 0.8199529539026863, 'bagging_fraction': 0.9313791715152355, 'bagging_freq': 1, 'min_child_samples': 71}. Best is trial 199 with value: 0.8195195066961187.
