[I 2025-04-08 01:17:40,864] Trial 271 finished with value: 0.8178426741597121 and parameters: {'lambda_l1': 0.0005877708608465758, 'lambda_l2': 1.8724501093786635e-08, 'num_leaves': 43, 'feature_fraction': 0.423441394431898, 'bagging_fraction': 0.878982489433283, 'bagging_freq': 16, 'min_child_samples': 119}. Best is trial 179 with value: 0.8209027854658816.
[I 2025-04-08 01:17:42,958] Trial 272 finished with value: 0.8155787165172098 and parameters: {'lambda_l1': 9.65845056779105e-05, 'lambda_l2': 1.249649095305758e-08, 'num_leaves': 56, 'feature_fraction': 0.43835738221606496, 'bagging_fraction': 0.8873435105257856, 'bagging_freq': 15, 'min_child_samples': 121}. Best is trial 179 with value: 0.8209027854658816.
[I 2025-04-08 01:17:44,882] Trial 273 finished with value: 0.8189325397452997 and parameters: {'lambda_l1': 0.0013836862681947902, 'lambda_l2': 8.08435145688252e-09, 'num_leaves': 36, 'feature_fraction': 0.40069862104294446, 'bagging_fraction': 0.8733570098044503, 'bagging_freq': 13, 'min_child_samples': 112}. Best is trial 179 with value: 0.8209027854658816.
[I 2025-04-08 01:17:45,978] Trial 274 finished with value: 0.8181359819070364 and parameters: {'lambda_l1': 0.00428083311303424, 'lambda_l2': 2.0017657855746002e-08, 'num_leaves': 26, 'feature_fraction': 0.4116533418472701, 'bagging_fraction': 0.8007056395481064, 'bagging_freq': 14, 'min_child_samples': 116}. Best is trial 179 with value: 0.8209027854658816.
[I 2025-04-08 01:17:52,434] Trial 275 finished with value: 0.8185973208496101 and parameters: {'lambda_l1': 0.00031538908574580885, 'lambda_l2': 3.4616056901669482e-09, 'num_leaves': 51, 'feature_fraction': 0.42394129861598345, 'bagging_fraction': 0.8384853230612791, 'bagging_freq': 14, 'min_child_samples': 118}. Best is trial 179 with value: 0.8209027854658816.
[I 2025-04-08 01:17:53,810] Trial 276 finished with value: 0.8197290800107545 and parameters: {'lambda_l1': 0.00764448553588273, 'lambda_l2': 4.4206576696972284e-07, 'num_leaves': 33, 'feature_fraction': 0.4005837803017797, 'bagging_fraction': 0.8177826321076723, 'bagging_freq': 15, 'min_child_samples': 106}. Best is trial 179 with value: 0.8209027854658816.
[I 2025-04-08 01:17:55,487] Trial 277 finished with value: 0.8191001316203359 and parameters: {'lambda_l1': 0.01970605988568029, 'lambda_l2': 1.1058834517237368e-06, 'num_leaves': 33, 'feature_fraction': 0.44942163642987304, 'bagging_fraction': 0.8155633553484726, 'bagging_freq': 14, 'min_child_samples': 106}. Best is trial 179 with value: 0.8209027854658816.
[I 2025-04-08 01:17:57,040] Trial 278 finished with value: 0.8181358237517594 and parameters: {'lambda_l1': 0.008667204108571112, 'lambda_l2': 1.1339840340248434e-07, 'num_leaves': 40, 'feature_fraction': 0.41345624332274444, 'bagging_fraction': 0.8203157344955245, 'bagging_freq': 6, 'min_child_samples': 104}. Best is trial 179 with value: 0.8209027854658816.
[I 2025-04-08 01:17:58,437] Trial 279 finished with value: 0.8173395997968583 and parameters: {'lambda_l1': 0.0066940565500309, 'lambda_l2': 4.6639326096229984e-07, 'num_leaves': 35, 'feature_fraction': 0.7238132236850755, 'bagging_fraction': 0.9000783117009568, 'bagging_freq': 3, 'min_child_samples': 101}. Best is trial 179 with value: 0.8209027854658816.
[I 2025-04-08 01:17:59,750] Trial 280 finished with value: 0.8174234572392063 and parameters: {'lambda_l1': 0.01478279038076918, 'lambda_l2': 3.1753911105474054e-07, 'num_leaves': 31, 'feature_fraction': 0.4344372555055787, 'bagging_fraction': 0.9156900257043064, 'bagging_freq': 13, 'min_child_samples': 107}. Best is trial 179 with value: 0.8209027854658816.
[I 2025-04-08 01:18:01,354] Trial 281 finished with value: 0.8180521596103054 and parameters: {'lambda_l1': 0.21609887596697702, 'lambda_l2': 2.1823127837499437e-07, 'num_leaves': 37, 'feature_fraction': 0.6543042176928251, 'bagging_fraction': 0.8597758892491768, 'bagging_freq': 14, 'min_child_samples': 111}. Best is trial 179 with value: 0.8209027854658816.
[I 2025-04-08 01:18:02,644] Trial 282 finished with value: 0.8181778930554018 and parameters: {'lambda_l1': 0.002923306972154826, 'lambda_l2': 1.654828893036389e-07, 'num_leaves': 29, 'feature_fraction': 0.4224093532134526, 'bagging_fraction': 0.8736778967357768, 'bagging_freq': 15, 'min_child_samples': 115}. Best is trial 179 with value: 0.8209027854658816.
[I 2025-04-08 01:18:03,911] Trial 283 finished with value: 0.8188066129993092 and parameters: {'lambda_l1': 0.0002035022834366025, 'lambda_l2': 6.897380905084102e-08, 'num_leaves': 33, 'feature_fraction': 0.4005372364489837, 'bagging_fraction': 0.7938952602835028, 'bagging_freq': 13, 'min_child_samples': 108}. Best is trial 179 with value: 0.8209027854658816.
[I 2025-04-08 01:18:05,738] Trial 284 finished with value: 0.81826162748809 and parameters: {'lambda_l1': 0.0045999380167196825, 'lambda_l2': 4.795696690203479e-07, 'num_leaves': 31, 'feature_fraction': 0.4128627126286868, 'bagging_fraction': 0.8288895283923607, 'bagging_freq': 16, 'min_child_samples': 110}. Best is trial 179 with value: 0.8209027854658816.
[I 2025-04-08 01:18:07,474] Trial 285 finished with value: 0.8177168352777645 and parameters: {'lambda_l1': 0.0009765414496233912, 'lambda_l2': 2.6537180086323526e-09, 'num_leaves': 41, 'feature_fraction': 0.4387642273558576, 'bagging_fraction': 0.8531316808538963, 'bagging_freq': 14, 'min_child_samples': 113}. Best is trial 179 with value: 0.8209027854658816.
[I 2025-04-08 01:18:08,842] Trial 286 finished with value: 0.8187646842781355 and parameters: {'lambda_l1': 0.007649895607852486, 'lambda_l2': 5.601149284032715e-09, 'num_leaves': 35, 'feature_fraction': 0.42565666031990324, 'bagging_fraction': 0.8871596168546836, 'bagging_freq': 15, 'min_child_samples': 117}. Best is trial 179 with value: 0.8209027854658816.
[I 2025-04-08 01:18:10,052] Trial 287 finished with value: 0.8178843217159496 and parameters: {'lambda_l1': 0.0004331359782799475, 'lambda_l2': 2.215884022396279e-09, 'num_leaves': 28, 'feature_fraction': 0.45489316625870535, 'bagging_fraction': 0.8684950251206955, 'bagging_freq': 14, 'min_child_samples': 75}. Best is trial 179 with value: 0.8209027854658816.
[I 2025-04-08 01:18:11,487] Trial 288 finished with value: 0.8187226501201103 and parameters: {'lambda_l1': 6.362171605529282e-05, 'lambda_l2': 3.052396665207962e-08, 'num_leaves': 38, 'feature_fraction': 0.41204827089667584, 'bagging_fraction': 0.8074239312130043, 'bagging_freq': 15, 'min_child_samples': 120}. Best is trial 179 with value: 0.8209027854658816.
[I 2025-04-08 01:18:12,839] Trial 289 finished with value: 0.8188903825776146 and parameters: {'lambda_l1': 1.5974884968198162, 'lambda_l2': 1.1820226046018063e-07, 'num_leaves': 32, 'feature_fraction': 0.42983802247565867, 'bagging_fraction': 0.8463131657026529, 'bagging_freq': 14, 'min_child_samples': 105}. Best is trial 179 with value: 0.8209027854658816.
[I 2025-04-08 01:18:14,074] Trial 290 finished with value: 0.8186809849910641 and parameters: {'lambda_l1': 0.0001235177135758917, 'lambda_l2': 3.62556196181877e-09, 'num_leaves': 29, 'feature_fraction': 0.41068382787882163, 'bagging_fraction': 0.8605816771853017, 'bagging_freq': 13, 'min_child_samples': 114}. Best is trial 179 with value: 0.8209027854658816.
[I 2025-04-08 01:18:15,079] Trial 291 finished with value: 0.8153270914717403 and parameters: {'lambda_l1': 0.00157104572990343, 'lambda_l2': 8.159185107068589e-09, 'num_leaves': 21, 'feature_fraction': 0.7421165684659646, 'bagging_fraction': 0.8284471719722173, 'bagging_freq': 14, 'min_child_samples': 110}. Best is trial 179 with value: 0.8209027854658816.
[I 2025-04-08 01:18:18,685] Trial 292 finished with value: 0.8157465895571828 and parameters: {'lambda_l1': 0.00020671315235427725, 'lambda_l2': 9.148956419567382e-06, 'num_leaves': 102, 'feature_fraction': 0.46945482252429155, 'bagging_fraction': 0.8789722204445936, 'bagging_freq': 14, 'min_child_samples': 119}. Best is trial 179 with value: 0.8209027854658816.
[I 2025-04-08 01:18:19,986] Trial 293 finished with value: 0.8180101254522801 and parameters: {'lambda_l1': 0.00039183930370236377, 'lambda_l2': 1.709658253928954e-06, 'num_leaves': 34, 'feature_fraction': 0.4204664425370393, 'bagging_fraction': 0.8960212728437635, 'bagging_freq': 15, 'min_child_samples': 103}. Best is trial 179 with value: 0.8209027854658816.
[I 2025-04-08 01:18:21,539] Trial 294 finished with value: 0.8160816327247868 and parameters: {'lambda_l1': 0.003564381214802712, 'lambda_l2': 1.5743535228876482e-09, 'num_leaves': 45, 'feature_fraction': 0.4004414089512205, 'bagging_fraction': 0.8483568987680966, 'bagging_freq': 13, 'min_child_samples': 19}. Best is trial 179 with value: 0.8209027854658816.
[I 2025-04-08 01:18:22,934] Trial 295 finished with value: 0.8192679519418832 and parameters: {'lambda_l1': 0.012146175261539015, 'lambda_l2': 4.580299686684856e-09, 'num_leaves': 37, 'feature_fraction': 0.44297559710617834, 'bagging_fraction': 0.8651098673861765, 'bagging_freq': 14, 'min_child_samples': 122}. Best is trial 179 with value: 0.8209027854658816.
[I 2025-04-08 01:18:24,446] Trial 296 finished with value: 0.8185551988275422 and parameters: {'lambda_l1': 0.012411064427303546, 'lambda_l2': 6.645782005842374e-09, 'num_leaves': 41, 'feature_fraction': 0.4425460012343943, 'bagging_fraction': 0.8336923651444944, 'bagging_freq': 14, 'min_child_samples': 120}. Best is trial 179 with value: 0.8209027854658816.
[I 2025-04-08 01:18:26,627] Trial 297 finished with value: 0.8193517215201886 and parameters: {'lambda_l1': 0.009935274063911422, 'lambda_l2': 1.2408180809850403e-08, 'num_leaves': 37, 'feature_fraction': 0.4598242562007316, 'bagging_fraction': 0.861173012988843, 'bagging_freq': 16, 'min_child_samples': 123}. Best is trial 179 with value: 0.8209027854658816.
[I 2025-04-08 01:18:28,271] Trial 298 finished with value: 0.8180940180402452 and parameters: {'lambda_l1': 0.029239130063246417, 'lambda_l2': 5.918229630049261e-07, 'num_leaves': 38, 'feature_fraction': 0.46245782536821184, 'bagging_fraction': 0.8562060438532805, 'bagging_freq': 16, 'min_child_samples': 122}. Best is trial 179 with value: 0.8209027854658816.
[I 2025-04-08 01:18:29,808] Trial 299 finished with value: 0.8179683021679575 and parameters: {'lambda_l1': 0.0665753163055939, 'lambda_l2': 4.8255856140680724e-08, 'num_leaves': 43, 'feature_fraction': 0.46569554544236275, 'bagging_fraction': 0.7716326449919141, 'bagging_freq': 16, 'min_child_samples': 122}. Best is trial 179 with value: 0.8209027854658816.
[I 2025-04-08 01:18:31,380] Trial 300 finished with value: 0.8175488919465576 and parameters: {'lambda_l1': 0.011764662201722913, 'lambda_l2': 3.5200869283718647e-09, 'num_leaves': 37, 'feature_fraction': 0.45143708740630656, 'bagging_fraction': 0.842904925292428, 'bagging_freq': 16, 'min_child_samples': 122}. Best is trial 179 with value: 0.8209027854658816.
[I 2025-04-08 01:18:33,059] Trial 301 finished with value: 0.8190162917507964 and parameters: {'lambda_l1': 0.041082208486565, 'lambda_l2': 4.794568235665793e-09, 'num_leaves': 39, 'feature_fraction': 0.47658145051004913, 'bagging_fraction': 0.8222184147763733, 'bagging_freq': 16, 'min_child_samples': 100}. Best is trial 179 with value: 0.8209027854658816.
[I 2025-04-08 01:18:34,505] Trial 302 finished with value: 0.8174653859603804 and parameters: {'lambda_l1': 0.01629769538608206, 'lambda_l2': 1.0118367171584979e-08, 'num_leaves': 35, 'feature_fraction': 0.8675847667696873, 'bagging_fraction': 0.861354465980157, 'bagging_freq': 15, 'min_child_samples': 117}. Best is trial 179 with value: 0.8209027854658816.
[I 2025-04-08 01:18:36,252] Trial 303 finished with value: 0.817674625391654 and parameters: {'lambda_l1': 0.00831289582470332, 'lambda_l2': 6.304706017435904e-09, 'num_leaves': 41, 'feature_fraction': 0.4524450995920155, 'bagging_fraction': 0.8360913208420065, 'bagging_freq': 16, 'min_child_samples': 107}. Best is trial 179 with value: 0.8209027854658816.
[I 2025-04-08 01:18:37,967] Trial 304 finished with value: 0.8178423227035415 and parameters: {'lambda_l1': 0.029625095742363414, 'lambda_l2': 2.7113064098711156e-07, 'num_leaves': 23, 'feature_fraction': 0.438724666491969, 'bagging_fraction': 0.8511442356122508, 'bagging_freq': 15, 'min_child_samples': 116}. Best is trial 179 with value: 0.8209027854658816.
[I 2025-04-08 01:18:39,380] Trial 305 finished with value: 0.8187646491325182 and parameters: {'lambda_l1': 0.005406542140319014, 'lambda_l2': 0.0007216713374305965, 'num_leaves': 36, 'feature_fraction': 0.44400334258772856, 'bagging_fraction': 0.8031269385988848, 'bagging_freq': 13, 'min_child_samples': 123}. Best is trial 179 with value: 0.8209027854658816.
[I 2025-04-08 01:18:40,664] Trial 306 finished with value: 0.8178006224288785 and parameters: {'lambda_l1': 4.30192359217144e-05, 'lambda_l2': 3.3747973971197506e-06, 'num_leaves': 27, 'feature_fraction': 0.43490415118939374, 'bagging_fraction': 0.8155050466140104, 'bagging_freq': 15, 'min_child_samples': 111}. Best is trial 179 with value: 0.8209027854658816.
[I 2025-04-08 01:18:42,150] Trial 307 finished with value: 0.8164170449213705 and parameters: {'lambda_l1': 0.006083800213494974, 'lambda_l2': 2.7342651707467994e-09, 'num_leaves': 39, 'feature_fraction': 0.45701204719692956, 'bagging_fraction': 0.5254932626859871, 'bagging_freq': 16, 'min_child_samples': 120}. Best is trial 179 with value: 0.8209027854658816.
[I 2025-04-08 01:18:43,547] Trial 308 finished with value: 0.8182197163397247 and parameters: {'lambda_l1': 0.021751744214868477, 'lambda_l2': 8.692545504243412e-08, 'num_leaves': 36, 'feature_fraction': 0.42049900668822165, 'bagging_fraction': 0.8667008010389283, 'bagging_freq': 13, 'min_child_samples': 108}. Best is trial 179 with value: 0.8209027854658816.
[I 2025-04-08 01:18:45,351] Trial 309 finished with value: 0.8185554097012447 and parameters: {'lambda_l1': 4.762810317386472, 'lambda_l2': 4.463410561051676e-09, 'num_leaves': 44, 'feature_fraction': 0.40000021845048456, 'bagging_fraction': 0.8876504961685192, 'bagging_freq': 15, 'min_child_samples': 97}. Best is trial 179 with value: 0.8209027854658816.
[I 2025-04-08 01:18:47,906] Trial 310 finished with value: 0.8176329251169909 and parameters: {'lambda_l1': 0.012118969117288258, 'lambda_l2': 1.4093309875562845e-08, 'num_leaves': 48, 'feature_fraction': 0.5691961426539809, 'bagging_fraction': 0.8478596902420857, 'bagging_freq': 14, 'min_child_samples': 113}. Best is trial 179 with value: 0.8209027854658816.
[I 2025-04-08 01:18:49,180] Trial 311 finished with value: 0.8192679167962661 and parameters: {'lambda_l1': 0.00013107033789298847, 'lambda_l2': 8.207222439280766e-09, 'num_leaves': 30, 'feature_fraction': 0.4362106615166838, 'bagging_fraction': 0.8305518546565003, 'bagging_freq': 14, 'min_child_samples': 117}. Best is trial 179 with value: 0.8209027854658816.
[I 2025-04-08 01:18:50,422] Trial 312 finished with value: 0.8184714116764283 and parameters: {'lambda_l1': 0.00010161834623515037, 'lambda_l2': 7.395665463631143e-09, 'num_leaves': 26, 'feature_fraction': 0.4459066082980526, 'bagging_fraction': 0.8279774094445376, 'bagging_freq': 14, 'min_child_samples': 116}. Best is trial 179 with value: 0.8209027854658816.
[I 2025-04-08 01:18:51,720] Trial 313 finished with value: 0.8185133403976025 and parameters: {'lambda_l1': 0.00014306821818950265, 'lambda_l2': 9.055660546063966e-09, 'num_leaves': 24, 'feature_fraction': 0.46486660067081476, 'bagging_fraction': 0.8176056598176615, 'bagging_freq': 13, 'min_child_samples': 103}. Best is trial 179 with value: 0.8209027854658816.
[I 2025-04-08 01:18:53,036] Trial 314 finished with value: 0.81868091469983 and parameters: {'lambda_l1': 0.0002484835191732098, 'lambda_l2': 3.876728665566162e-09, 'num_leaves': 30, 'feature_fraction': 0.4321976812862751, 'bagging_fraction': 0.8375291420768955, 'bagging_freq': 16, 'min_child_samples': 112}. Best is trial 179 with value: 0.8209027854658816.
[I 2025-04-08 01:18:54,443] Trial 315 finished with value: 0.8196031884103814 and parameters: {'lambda_l1': 1.8409253172072246e-08, 'lambda_l2': 1.5371490223154886e-08, 'num_leaves': 34, 'feature_fraction': 0.45409357787471677, 'bagging_fraction': 0.833238858254603, 'bagging_freq': 15, 'min_child_samples': 117}. Best is trial 179 with value: 0.8209027854658816.
[I 2025-04-08 01:18:56,936] Trial 316 finished with value: 0.8160397918676556 and parameters: {'lambda_l1': 2.8819807946764986e-08, 'lambda_l2': 2.359792409567576e-08, 'num_leaves': 73, 'feature_fraction': 0.469959385146248, 'bagging_fraction': 0.7968483084618885, 'bagging_freq': 15, 'min_child_samples': 110}. Best is trial 179 with value: 0.8209027854658816.
[I 2025-04-08 01:18:58,679] Trial 317 finished with value: 0.8198547431646167 and parameters: {'lambda_l1': 6.834734052935905e-08, 'lambda_l2': 1.4726523299659255e-08, 'num_leaves': 28, 'feature_fraction': 0.4558441373931363, 'bagging_fraction': 0.824963151641483, 'bagging_freq': 15, 'min_child_samples': 114}. Best is trial 179 with value: 0.8209027854658816.
[I 2025-04-08 01:19:00,002] Trial 318 finished with value: 0.8178424984316269 and parameters: {'lambda_l1': 1.153069455248275e-09, 'lambda_l2': 3.4565183399606184e-08, 'num_leaves': 28, 'feature_fraction': 0.4557439280361394, 'bagging_fraction': 0.8106953712759594, 'bagging_freq': 15, 'min_child_samples': 114}. Best is trial 179 with value: 0.8209027854658816.
[I 2025-04-08 01:19:01,184] Trial 319 finished with value: 0.818387378505995 and parameters: {'lambda_l1': 5.70945202259964e-08, 'lambda_l2': 1.6046786698741846e-08, 'num_leaves': 24, 'feature_fraction': 0.4771330599056598, 'bagging_fraction': 0.824887299304457, 'bagging_freq': 15, 'min_child_samples': 106}. Best is trial 179 with value: 0.8209027854658816.
[I 2025-04-08 01:19:02,475] Trial 320 finished with value: 0.8185132701063681 and parameters: {'lambda_l1': 3.797335548549779e-08, 'lambda_l2': 1.1797423328194523e-08, 'num_leaves': 31, 'feature_fraction': 0.4536435000676631, 'bagging_fraction': 0.8323698707032583, 'bagging_freq': 16, 'min_child_samples': 110}. Best is trial 179 with value: 0.8209027854658816.
[I 2025-04-08 01:19:03,621] Trial 321 finished with value: 0.8195192606767991 and parameters: {'lambda_l1': 2.0745730638224953e-07, 'lambda_l2': 4.7574266995891085e-08, 'num_leaves': 28, 'feature_fraction': 0.4829941452838323, 'bagging_fraction': 0.8170609704251149, 'bagging_freq': 15, 'min_child_samples': 123}. Best is trial 179 with value: 0.8209027854658816.
[I 2025-04-08 01:19:04,157] Trial 322 finished with value: 0.7983901901553613 and parameters: {'lambda_l1': 1.300691416972846e-07, 'lambda_l2': 4.34458624806933e-08, 'num_leaves': 5, 'feature_fraction': 0.4902370125280349, 'bagging_fraction': 0.751301089577959, 'bagging_freq': 15, 'min_child_samples': 124}. Best is trial 179 with value: 0.8209027854658816.
[I 2025-04-08 01:19:05,416] Trial 323 finished with value: 0.8185130592326658 and parameters: {'lambda_l1': 0.0006853469367969272, 'lambda_l2': 3.3235133211186614e-08, 'num_leaves': 29, 'feature_fraction': 0.4948805714887175, 'bagging_fraction': 0.7823755839139718, 'bagging_freq': 15, 'min_child_samples': 123}. Best is trial 179 with value: 0.8209027854658816.
[I 2025-04-08 01:19:06,926] Trial 324 finished with value: 0.8182195757572561 and parameters: {'lambda_l1': 5.055609231919206e-09, 'lambda_l2': 2.525671025963437e-08, 'num_leaves': 33, 'feature_fraction': 0.479354113893177, 'bagging_fraction': 0.8104109096137984, 'bagging_freq': 9, 'min_child_samples': 120}. Best is trial 179 with value: 0.8209027854658816.
[I 2025-04-08 01:19:08,709] Trial 325 finished with value: 0.8191420779143185 and parameters: {'lambda_l1': 9.449247225631164e-09, 'lambda_l2': 5.914238910317109e-08, 'num_leaves': 27, 'feature_fraction': 0.4670789793849846, 'bagging_fraction': 0.8218098088738213, 'bagging_freq': 15, 'min_child_samples': 118}. Best is trial 179 with value: 0.8209027854658816.
[I 2025-04-08 01:19:10,074] Trial 326 finished with value: 0.8177586585620874 and parameters: {'lambda_l1': 2.0123427375981118e-07, 'lambda_l2': 2.4745226741769413e-08, 'num_leaves': 30, 'feature_fraction': 0.6910302415345921, 'bagging_fraction': 0.8001812947567858, 'bagging_freq': 15, 'min_child_samples': 123}. Best is trial 179 with value: 0.8209027854658816.
[I 2025-04-08 01:19:11,076] Trial 327 finished with value: 0.8166265655175808 and parameters: {'lambda_l1': 2.0755124059740714e-08, 'lambda_l2': 1.459673585493118e-08, 'num_leaves': 21, 'feature_fraction': 0.48455621125305115, 'bagging_fraction': 0.8427057006159898, 'bagging_freq': 16, 'min_child_samples': 125}. Best is trial 179 with value: 0.8209027854658816.
[I 2025-04-08 01:19:12,283] Trial 328 finished with value: 0.8153691256297655 and parameters: {'lambda_l1': 13.313161700831666, 'lambda_l2': 1.0663757207008245e-08, 'num_leaves': 33, 'feature_fraction': 0.47651929658826747, 'bagging_fraction': 0.8158880308058181, 'bagging_freq': 15, 'min_child_samples': 121}. Best is trial 179 with value: 0.8209027854658816.
[I 2025-04-08 01:19:13,423] Trial 329 finished with value: 0.8191839363442582 and parameters: {'lambda_l1': 1.6253961453289697e-08, 'lambda_l2': 1.7726259513404132e-08, 'num_leaves': 27, 'feature_fraction': 0.461567065143137, 'bagging_fraction': 0.8344183225345323, 'bagging_freq': 15, 'min_child_samples': 119}. Best is trial 179 with value: 0.8209027854658816.
[I 2025-04-08 01:19:14,641] Trial 330 finished with value: 0.8185553218372019 and parameters: {'lambda_l1': 3.1320429230400876e-08, 'lambda_l2': 6.274227512000556e-08, 'num_leaves': 30, 'feature_fraction': 0.4473315824602693, 'bagging_fraction': 0.8389767149882728, 'bagging_freq': 16, 'min_child_samples': 82}. Best is trial 179 with value: 0.8209027854658816.
