[I 2025-04-08 20:40:12,732] Trial 11 finished with value: 0.8144886927763455 and parameters: {'max_depth': 3, 'learning_rate': 0.11550055027667998, 'n_estimators': 216, 'gamma': 0.5835894341487388, 'min_child_weight': 3, 'subsample': 0.996509897700879, 'colsample_bytree': 0.956594954250771}. Best is trial 0 with value: 0.8194774022468593.
[I 2025-04-08 20:40:14,996] Trial 12 finished with value: 0.8178845853080776 and parameters: {'max_depth': 9, 'learning_rate': 0.05667858539325333, 'n_estimators': 223, 'gamma': 0.011118444723161112, 'min_child_weight': 3, 'subsample': 0.9051934740147974, 'colsample_bytree': 0.9834439858365135}. Best is trial 0 with value: 0.8194774022468593.
[I 2025-04-08 20:40:17,985] Trial 13 finished with value: 0.7755836896220265 and parameters: {'max_depth': 12, 'learning_rate': 0.9025657421027556, 'n_estimators': 228, 'gamma': 0.0054178169831396936, 'min_child_weight': 4, 'subsample': 0.8808874430801256, 'colsample_bytree': 0.886555214206002}. Best is trial 0 with value: 0.8194774022468593.
[I 2025-04-08 20:40:20,701] Trial 14 finished with value: 0.8182618383617924 and parameters: {'max_depth': 8, 'learning_rate': 0.026284932034942487, 'n_estimators': 238, 'gamma': 0.0028717244748533988, 'min_child_weight': 1, 'subsample': 0.8672168927293098, 'colsample_bytree': 0.8948644902752869}. Best is trial 0 with value: 0.8194774022468593.
[I 2025-04-08 20:40:29,573] Trial 15 finished with value: 0.8144887454947712 and parameters: {'max_depth': 16, 'learning_rate': 0.009123851035297257, 'n_estimators': 250, 'gamma': 0.07738862001588664, 'min_child_weight': 1, 'subsample': 0.818764168625696, 'colsample_bytree': 0.8707538190948442}. Best is trial 0 with value: 0.8194774022468593.
[I 2025-04-08 20:40:32,059] Trial 16 finished with value: 0.8119315679689875 and parameters: {'max_depth': 7, 'learning_rate': 0.010129568792491264, 'n_estimators': 296, 'gamma': 0.2633823404426968, 'min_child_weight': 6, 'subsample': 0.6777016323227604, 'colsample_bytree': 0.8299804653379846}. Best is trial 0 with value: 0.8194774022468593.
[I 2025-04-08 20:40:37,982] Trial 17 finished with value: 0.8136081017676489 and parameters: {'max_depth': 15, 'learning_rate': 0.021892298921882734, 'n_estimators': 247, 'gamma': 0.06024190837537702, 'min_child_weight': 2, 'subsample': 0.9381675997229204, 'colsample_bytree': 0.9180078772880638}. Best is trial 0 with value: 0.8194774022468593.
[I 2025-04-08 20:40:39,959] Trial 18 finished with value: 0.7910114908595037 and parameters: {'max_depth': 7, 'learning_rate': 0.6161383702630436, 'n_estimators': 188, 'gamma': 0.2158504831919705, 'min_child_weight': 2, 'subsample': 0.84459588900612, 'colsample_bytree': 0.6631911985159955}. Best is trial 0 with value: 0.8194774022468593.
[I 2025-04-08 20:40:43,604] Trial 19 finished with value: 0.802247316192816 and parameters: {'max_depth': 13, 'learning_rate': 0.00404961954023509, 'n_estimators': 252, 'gamma': 0.4491051844851759, 'min_child_weight': 6, 'subsample': 0.6300372864508997, 'colsample_bytree': 0.8275862075435142}. Best is trial 0 with value: 0.8194774022468593.
[I 2025-04-08 20:40:44,933] Trial 20 finished with value: 0.8093320926930504 and parameters: {'max_depth': 7, 'learning_rate': 0.2581272019157697, 'n_estimators': 145, 'gamma': 0.10360653081622526, 'min_child_weight': 1, 'subsample': 0.750497723012338, 'colsample_bytree': 0.9268228762407846}. Best is trial 0 with value: 0.8194774022468593.
[I 2025-04-08 20:40:47,108] Trial 21 finished with value: 0.8185554448468618 and parameters: {'max_depth': 9, 'learning_rate': 0.030828239823529387, 'n_estimators': 195, 'gamma': 0.033038314587141335, 'min_child_weight': 4, 'subsample': 0.9170866356108617, 'colsample_bytree': 0.9988356422283534}. Best is trial 0 with value: 0.8194774022468593.
[I 2025-04-08 20:40:49,159] Trial 22 finished with value: 0.8187650884527319 and parameters: {'max_depth': 9, 'learning_rate': 0.03128807226128271, 'n_estimators': 194, 'gamma': 0.007469412057907042, 'min_child_weight': 4, 'subsample': 0.9341035864590792, 'colsample_bytree': 0.9394601011329993}. Best is trial 0 with value: 0.8194774022468593.
[I 2025-04-08 20:40:51,861] Trial 23 finished with value: 0.8191002722028043 and parameters: {'max_depth': 10, 'learning_rate': 0.028367425639300864, 'n_estimators': 197, 'gamma': 0.043136763095130426, 'min_child_weight': 4, 'subsample': 0.9427222697496559, 'colsample_bytree': 0.9495721765514056}. Best is trial 0 with value: 0.8194774022468593.
[I 2025-04-08 20:40:54,791] Trial 24 finished with value: 0.8080327592296783 and parameters: {'max_depth': 14, 'learning_rate': 0.00625856458486384, 'n_estimators': 152, 'gamma': 0.16763613262629398, 'min_child_weight': 4, 'subsample': 0.7849628738845502, 'colsample_bytree': 0.9493367629155303}. Best is trial 0 with value: 0.8194774022468593.
[I 2025-04-08 20:40:56,905] Trial 25 finished with value: 0.8071101516357648 and parameters: {'max_depth': 11, 'learning_rate': 0.1906674338753978, 'n_estimators': 205, 'gamma': 0.09354041004452701, 'min_child_weight': 5, 'subsample': 0.9514856093834557, 'colsample_bytree': 0.8340710963218864}. Best is trial 0 with value: 0.8194774022468593.
[I 2025-04-08 20:40:57,695] Trial 26 finished with value: 0.8135664190657943 and parameters: {'max_depth': 5, 'learning_rate': 0.05539711623218077, 'n_estimators': 114, 'gamma': 0.04814223524518102, 'min_child_weight': 4, 'subsample': 0.9507597674224726, 'colsample_bytree': 0.7808395225132654}. Best is trial 0 with value: 0.8194774022468593.
[I 2025-04-08 20:40:58,938] Trial 27 finished with value: 0.6377394866279713 and parameters: {'max_depth': 18, 'learning_rate': 0.0018593061566075262, 'n_estimators': 55, 'gamma': 0.20102182818359732, 'min_child_weight': 6, 'subsample': 0.8194826535450744, 'colsample_bytree': 0.9342558350665333}. Best is trial 0 with value: 0.8194774022468593.
[I 2025-04-08 20:41:00,666] Trial 28 finished with value: 0.8084101177202443 and parameters: {'max_depth': 6, 'learning_rate': 0.01729205417848953, 'n_estimators': 157, 'gamma': 0.11045411743957728, 'min_child_weight': 5, 'subsample': 0.7273165218718209, 'colsample_bytree': 0.8623968953103197}. Best is trial 0 with value: 0.8194774022468593.
[I 2025-04-08 20:41:03,818] Trial 29 finished with value: 0.7823754395398735 and parameters: {'max_depth': 16, 'learning_rate': 0.39083697753935415, 'n_estimators': 188, 'gamma': 0.173677445503731, 'min_child_weight': 3, 'subsample': 0.6515040598395183, 'colsample_bytree': 0.7299820528119986}. Best is trial 0 with value: 0.8194774022468593.
[I 2025-04-08 20:41:06,999] Trial 30 finished with value: 0.8159138475488568 and parameters: {'max_depth': 11, 'learning_rate': 0.0554774706052417, 'n_estimators': 296, 'gamma': 0.11635525124775027, 'min_child_weight': 4, 'subsample': 0.9743716582828269, 'colsample_bytree': 0.9596515172608004}. Best is trial 0 with value: 0.8194774022468593.
[I 2025-04-08 20:41:09,014] Trial 31 finished with value: 0.8185554624196703 and parameters: {'max_depth': 9, 'learning_rate': 0.03505188905369437, 'n_estimators': 196, 'gamma': 0.04042280234366792, 'min_child_weight': 4, 'subsample': 0.9117021772846226, 'colsample_bytree': 0.9768667929325983}. Best is trial 0 with value: 0.8194774022468593.
[I 2025-04-08 20:41:11,546] Trial 32 finished with value: 0.8131048868223265 and parameters: {'max_depth': 9, 'learning_rate': 0.12633271627531562, 'n_estimators': 207, 'gamma': 0.04272340988895346, 'min_child_weight': 4, 'subsample': 0.9029671705722, 'colsample_bytree': 0.9114559155603582}. Best is trial 0 with value: 0.8194774022468593.
[I 2025-04-08 20:41:12,659] Trial 33 finished with value: 0.8009055443968223 and parameters: {'max_depth': 5, 'learning_rate': 0.011810025336277487, 'n_estimators': 171, 'gamma': 0.07392845836428352, 'min_child_weight': 3, 'subsample': 0.8469486418593825, 'colsample_bytree': 0.9642626918076398}. Best is trial 0 with value: 0.8194774022468593.
[I 2025-04-08 20:41:16,243] Trial 34 finished with value: 0.816039545848336 and parameters: {'max_depth': 13, 'learning_rate': 0.04045421480465076, 'n_estimators': 263, 'gamma': 0.031391026505172955, 'min_child_weight': 5, 'subsample': 0.9363016808938918, 'colsample_bytree': 0.8608312772102998}. Best is trial 0 with value: 0.8194774022468593.
[I 2025-04-08 20:41:19,691] Trial 35 finished with value: 0.7303901690679908 and parameters: {'max_depth': 31, 'learning_rate': 0.0035228822433838675, 'n_estimators': 131, 'gamma': 0.12955870458038973, 'min_child_weight': 4, 'subsample': 0.8854564918277797, 'colsample_bytree': 0.7689142040693315}. Best is trial 0 with value: 0.8194774022468593.
[I 2025-04-08 20:41:21,994] Trial 36 finished with value: 0.8155783826338479 and parameters: {'max_depth': 10, 'learning_rate': 0.099853657842313, 'n_estimators': 196, 'gamma': 0.07921610598675469, 'min_child_weight': 5, 'subsample': 0.9660457298615674, 'colsample_bytree': 0.8924171062342509}. Best is trial 0 with value: 0.8194774022468593.
[I 2025-04-08 20:41:22,688] Trial 37 finished with value: 0.7989769286596691 and parameters: {'max_depth': 5, 'learning_rate': 0.015423951744161855, 'n_estimators': 87, 'gamma': 0.0047587836000523315, 'min_child_weight': 4, 'subsample': 0.5158613476825977, 'colsample_bytree': 0.9366456692196233}. Best is trial 0 with value: 0.8194774022468593.
[I 2025-04-08 20:41:27,024] Trial 38 finished with value: 0.6377394866279713 and parameters: {'max_depth': 28, 'learning_rate': 0.000794356010358127, 'n_estimators': 174, 'gamma': 0.15662340259490826, 'min_child_weight': 3, 'subsample': 0.7850201812497016, 'colsample_bytree': 0.634327153975052}. Best is trial 0 with value: 0.8194774022468593.
[I 2025-04-08 20:41:32,088] Trial 39 finished with value: 0.8018281871363527 and parameters: {'max_depth': 19, 'learning_rate': 0.006200724863027505, 'n_estimators': 161, 'gamma': 0.04659515754232275, 'min_child_weight': 2, 'subsample': 0.72760357135234, 'colsample_bytree': 0.8054368575318911}. Best is trial 0 with value: 0.8194774022468593.
[I 2025-04-08 20:41:36,240] Trial 40 finished with value: 0.7139146242669943 and parameters: {'max_depth': 22, 'learning_rate': 0.002098044623822442, 'n_estimators': 185, 'gamma': 0.2571048278650573, 'min_child_weight': 7, 'subsample': 0.8425467962358074, 'colsample_bytree': 0.9741348080811949}. Best is trial 0 with value: 0.8194774022468593.
[I 2025-04-08 20:41:38,266] Trial 41 finished with value: 0.818848787739803 and parameters: {'max_depth': 9, 'learning_rate': 0.04260703446112239, 'n_estimators': 202, 'gamma': 0.03661858684308339, 'min_child_weight': 4, 'subsample': 0.9254819319125078, 'colsample_bytree': 0.9994983463791915}. Best is trial 0 with value: 0.8194774022468593.
[I 2025-04-08 20:41:40,683] Trial 42 finished with value: 0.8168782959999016 and parameters: {'max_depth': 10, 'learning_rate': 0.06936688073802588, 'n_estimators': 235, 'gamma': 0.03305796213847801, 'min_child_weight': 4, 'subsample': 0.9263244877536083, 'colsample_bytree': 0.987460407139391}. Best is trial 0 with value: 0.8194774022468593.
[I 2025-04-08 20:41:42,990] Trial 43 finished with value: 0.8195193836864589 and parameters: {'max_depth': 8, 'learning_rate': 0.03462987671660729, 'n_estimators': 213, 'gamma': 0.07245163679767191, 'min_child_weight': 5, 'subsample': 0.973713592602282, 'colsample_bytree': 0.9999883810594349}. Best is trial 43 with value: 0.8195193836864589.
[I 2025-04-08 20:41:44,926] Trial 44 finished with value: 0.8102543488307932 and parameters: {'max_depth': 12, 'learning_rate': 0.20074979399187626, 'n_estimators': 212, 'gamma': 0.133005331841051, 'min_child_weight': 5, 'subsample': 0.9913622127022912, 'colsample_bytree': 0.9953565819393368}. Best is trial 43 with value: 0.8195193836864589.
[I 2025-04-08 20:41:46,146] Trial 45 finished with value: 0.6377394866279713 and parameters: {'max_depth': 3, 'learning_rate': 0.0001470519280032425, 'n_estimators': 284, 'gamma': 0.08612961701145098, 'min_child_weight': 6, 'subsample': 0.9729913786939399, 'colsample_bytree': 0.9087434168720703}. Best is trial 43 with value: 0.8195193836864589.
[I 2025-04-08 20:41:48,669] Trial 46 finished with value: 0.8178846028808863 and parameters: {'max_depth': 8, 'learning_rate': 0.021072897170350366, 'n_estimators': 236, 'gamma': 0.421998166290596, 'min_child_weight': 5, 'subsample': 0.8867080581352206, 'colsample_bytree': 0.9484333525059438}. Best is trial 43 with value: 0.8195193836864589.
[I 2025-04-08 20:41:49,733] Trial 47 finished with value: 0.8183873433603779 and parameters: {'max_depth': 6, 'learning_rate': 0.0865898319817907, 'n_estimators': 139, 'gamma': 0.023478782502336492, 'min_child_weight': 3, 'subsample': 0.9596667196238832, 'colsample_bytree': 0.942242905187411}. Best is trial 43 with value: 0.8195193836864589.
[I 2025-04-08 20:41:53,239] Trial 48 finished with value: 0.8152014634634952 and parameters: {'max_depth': 11, 'learning_rate': 0.006410467317960768, 'n_estimators': 226, 'gamma': 0.06769604362798187, 'min_child_weight': 5, 'subsample': 0.6858234271222162, 'colsample_bytree': 0.9988420386538484}. Best is trial 43 with value: 0.8195193836864589.
[I 2025-04-08 20:41:56,832] Trial 49 finished with value: 0.8152012701626011 and parameters: {'max_depth': 14, 'learning_rate': 0.04086202430537862, 'n_estimators': 262, 'gamma': 0.35604764972663555, 'min_child_weight': 3, 'subsample': 0.9981706179293464, 'colsample_bytree': 0.5017768716328435}. Best is trial 43 with value: 0.8195193836864589.
[I 2025-04-08 20:41:58,393] Trial 50 finished with value: 0.8145724975002681 and parameters: {'max_depth': 8, 'learning_rate': 0.15386880027213112, 'n_estimators': 183, 'gamma': 0.010476965021025872, 'min_child_weight': 4, 'subsample': 0.8673896846280343, 'colsample_bytree': 0.7217923842605631}. Best is trial 43 with value: 0.8195193836864589.
[I 2025-04-08 20:42:00,487] Trial 51 finished with value: 0.8186392319979756 and parameters: {'max_depth': 9, 'learning_rate': 0.03394400224876318, 'n_estimators': 200, 'gamma': 0.05830649449721747, 'min_child_weight': 4, 'subsample': 0.9049380923986339, 'colsample_bytree': 0.9665015362349304}. Best is trial 43 with value: 0.8195193836864589.
[I 2025-04-08 20:42:02,218] Trial 52 finished with value: 0.8118897622574733 and parameters: {'max_depth': 7, 'learning_rate': 0.013120889442927651, 'n_estimators': 206, 'gamma': 0.5608104001990593, 'min_child_weight': 4, 'subsample': 0.9389726589325073, 'colsample_bytree': 0.9711802993006486}. Best is trial 43 with value: 0.8195193836864589.
[I 2025-04-08 20:42:05,336] Trial 53 finished with value: 0.7975936147442891 and parameters: {'max_depth': 10, 'learning_rate': 0.2920177228764959, 'n_estimators': 225, 'gamma': 0.0011743797611278367, 'min_child_weight': 4, 'subsample': 0.9011263427839074, 'colsample_bytree': 0.9197893420902501}. Best is trial 43 with value: 0.8195193836864589.
[I 2025-04-08 20:42:08,521] Trial 54 finished with value: 0.8193516160833372 and parameters: {'max_depth': 12, 'learning_rate': 0.02080126259718416, 'n_estimators': 216, 'gamma': 0.06732880081883741, 'min_child_weight': 5, 'subsample': 0.9238279332028453, 'colsample_bytree': 0.9609175540432671}. Best is trial 43 with value: 0.8195193836864589.
[I 2025-04-08 20:42:11,490] Trial 55 finished with value: 0.817549032529026 and parameters: {'max_depth': 13, 'learning_rate': 0.021334047062911327, 'n_estimators': 217, 'gamma': 0.10505691270060406, 'min_child_weight': 5, 'subsample': 0.5816438506251081, 'colsample_bytree': 0.5889191155945077}. Best is trial 43 with value: 0.8195193836864589.
[I 2025-04-08 20:42:12,616] Trial 56 finished with value: 0.815788166822186 and parameters: {'max_depth': 4, 'learning_rate': 0.05001096248764595, 'n_estimators': 244, 'gamma': 0.06454704774320402, 'min_child_weight': 6, 'subsample': 0.7658471200742253, 'colsample_bytree': 0.8976414938302971}. Best is trial 43 with value: 0.8195193836864589.
[I 2025-04-08 20:42:15,812] Trial 57 finished with value: 0.8116376627461731 and parameters: {'max_depth': 16, 'learning_rate': 0.07416679227046527, 'n_estimators': 183, 'gamma': 0.024853193958032524, 'min_child_weight': 5, 'subsample': 0.9811729438945735, 'colsample_bytree': 0.8778921885938423}. Best is trial 43 with value: 0.8195193836864589.
[I 2025-04-08 20:42:18,521] Trial 58 finished with value: 0.8152013228810269 and parameters: {'max_depth': 12, 'learning_rate': 0.008958037069897035, 'n_estimators': 163, 'gamma': 0.14181751500198853, 'min_child_weight': 5, 'subsample': 0.9483488063691037, 'colsample_bytree': 0.9488476295458032}. Best is trial 43 with value: 0.8195193836864589.
[I 2025-04-08 20:42:20,451] Trial 59 finished with value: 0.8188489634678883 and parameters: {'max_depth': 8, 'learning_rate': 0.026057271253962188, 'n_estimators': 214, 'gamma': 0.19108435911897867, 'min_child_weight': 6, 'subsample': 0.9269052984585436, 'colsample_bytree': 0.8517068422305077}. Best is trial 43 with value: 0.8195193836864589.
[I 2025-04-08 20:42:22,196] Trial 60 finished with value: 0.6377394866279713 and parameters: {'max_depth': 6, 'learning_rate': 3.677691445646007e-05, 'n_estimators': 254, 'gamma': 0.23450655693032263, 'min_child_weight': 7, 'subsample': 0.8101118314764316, 'colsample_bytree': 0.8471264116019935}. Best is trial 43 with value: 0.8195193836864589.
[I 2025-04-08 20:42:24,661] Trial 61 finished with value: 0.8192261286575604 and parameters: {'max_depth': 8, 'learning_rate': 0.026661185571525747, 'n_estimators': 218, 'gamma': 0.19604686817330652, 'min_child_weight': 6, 'subsample': 0.9218421098246853, 'colsample_bytree': 0.9319114063284989}. Best is trial 43 with value: 0.8195193836864589.
[I 2025-04-08 20:42:26,513] Trial 62 finished with value: 0.8185133579704109 and parameters: {'max_depth': 8, 'learning_rate': 0.02812674660756063, 'n_estimators': 214, 'gamma': 0.2945615929299172, 'min_child_weight': 6, 'subsample': 0.9200488027447412, 'colsample_bytree': 0.7969418208499284}. Best is trial 43 with value: 0.8195193836864589.
[I 2025-04-08 20:42:28,569] Trial 63 finished with value: 0.8153691256297655 and parameters: {'max_depth': 7, 'learning_rate': 0.017250515681497013, 'n_estimators': 232, 'gamma': 0.19995793556129282, 'min_child_weight': 6, 'subsample': 0.7031712692001767, 'colsample_bytree': 0.982254187692535}. Best is trial 43 with value: 0.8195193836864589.
[I 2025-04-08 20:42:32,261] Trial 64 finished with value: 0.8183457660953746 and parameters: {'max_depth': 11, 'learning_rate': 0.008632256056335968, 'n_estimators': 282, 'gamma': 0.1715669043851855, 'min_child_weight': 7, 'subsample': 0.8871172883067535, 'colsample_bytree': 0.8210581527454847}. Best is trial 43 with value: 0.8195193836864589.
[I 2025-04-08 20:42:35,433] Trial 65 finished with value: 0.8081584751019661 and parameters: {'max_depth': 10, 'learning_rate': 0.004582761731801301, 'n_estimators': 218, 'gamma': 0.31671499499359346, 'min_child_weight': 6, 'subsample': 0.965215975366305, 'colsample_bytree': 0.9271335812098507}. Best is trial 43 with value: 0.8195193836864589.
[I 2025-04-08 20:42:36,506] Trial 66 finished with value: 0.8076133490082785 and parameters: {'max_depth': 4, 'learning_rate': 0.023586824544009684, 'n_estimators': 206, 'gamma': 0.08751489720426697, 'min_child_weight': 6, 'subsample': 0.6663778966702832, 'colsample_bytree': 0.8415390662735954}. Best is trial 43 with value: 0.8195193836864589.
[I 2025-04-08 20:42:38,489] Trial 67 finished with value: 0.8183872730691437 and parameters: {'max_depth': 8, 'learning_rate': 0.05139387225153934, 'n_estimators': 242, 'gamma': 0.12099005456361396, 'min_child_weight': 7, 'subsample': 0.8516717086493504, 'colsample_bytree': 0.9024823565639534}. Best is trial 43 with value: 0.8195193836864589.
[I 2025-04-08 20:42:40,153] Trial 68 finished with value: 0.8181359643342277 and parameters: {'max_depth': 6, 'learning_rate': 0.12811416858495092, 'n_estimators': 222, 'gamma': 0.20073125879405188, 'min_child_weight': 6, 'subsample': 0.9249413753589323, 'colsample_bytree': 0.9592511751133364}. Best is trial 43 with value: 0.8195193836864589.
[I 2025-04-08 20:42:42,559] Trial 69 finished with value: 0.8146561792145306 and parameters: {'max_depth': 14, 'learning_rate': 0.08151451687782763, 'n_estimators': 260, 'gamma': 0.27670963748564875, 'min_child_weight': 5, 'subsample': 0.9832552850099959, 'colsample_bytree': 0.882638228933203}. Best is trial 43 with value: 0.8195193836864589.
[I 2025-04-08 20:42:45,493] Trial 70 finished with value: 0.81842953567368 and parameters: {'max_depth': 11, 'learning_rate': 0.016616618785164065, 'n_estimators': 179, 'gamma': 0.0977330463024054, 'min_child_weight': 6, 'subsample': 0.9440618700673412, 'colsample_bytree': 0.8533721992219642}. Best is trial 43 with value: 0.8195193836864589.
[I 2025-04-08 20:42:47,629] Trial 71 finished with value: 0.8180105471996851 and parameters: {'max_depth': 9, 'learning_rate': 0.030410123588726856, 'n_estimators': 190, 'gamma': 0.05209459312386028, 'min_child_weight': 4, 'subsample': 0.9319780489022776, 'colsample_bytree': 0.9351442756032798}. Best is trial 43 with value: 0.8195193836864589.
[I 2025-04-08 20:42:49,318] Trial 72 finished with value: 0.8111769564247066 and parameters: {'max_depth': 7, 'learning_rate': 0.011930451490397592, 'n_estimators': 200, 'gamma': 0.01884045871400737, 'min_child_weight': 4, 'subsample': 0.7351377758822415, 'colsample_bytree': 0.7592821949560004}. Best is trial 43 with value: 0.8195193836864589.
[I 2025-04-08 20:42:51,695] Trial 73 finished with value: 0.8191002370571872 and parameters: {'max_depth': 9, 'learning_rate': 0.0415068576608161, 'n_estimators': 210, 'gamma': 0.04034413821065446, 'min_child_weight': 5, 'subsample': 0.8960432817579669, 'colsample_bytree': 0.983147098412591}. Best is trial 43 with value: 0.8195193836864589.
