[I 2025-04-08 20:45:12,991] Trial 137 finished with value: 0.8114283178780483 and parameters: {'max_depth': 9, 'learning_rate': 0.11762372569381077, 'n_estimators': 250, 'gamma': 0.18002028857713712, 'min_child_weight': 5, 'subsample': 0.7179674737019864, 'colsample_bytree': 0.8316831875919296}. Best is trial 102 with value: 0.8206513010028802.
[I 2025-04-08 20:45:14,719] Trial 138 finished with value: 0.8194773846740506 and parameters: {'max_depth': 6, 'learning_rate': 0.05974433336808343, 'n_estimators': 260, 'gamma': 0.17256423095615384, 'min_child_weight': 6, 'subsample': 0.6869057192554999, 'colsample_bytree': 0.8441458294656832}. Best is trial 102 with value: 0.8206513010028802.
[I 2025-04-08 20:45:19,604] Trial 139 finished with value: 0.802079179560715 and parameters: {'max_depth': 19, 'learning_rate': 0.09467840838434761, 'n_estimators': 253, 'gamma': 0.19265311287216627, 'min_child_weight': 5, 'subsample': 0.785330530710371, 'colsample_bytree': 0.8770491743666415}. Best is trial 102 with value: 0.8206513010028802.
[I 2025-04-08 20:45:22,318] Trial 140 finished with value: 0.820064457061721 and parameters: {'max_depth': 8, 'learning_rate': 0.04635012839958381, 'n_estimators': 231, 'gamma': 0.27392698233474505, 'min_child_weight': 5, 'subsample': 0.7398189437901211, 'colsample_bytree': 0.8949527579198298}. Best is trial 102 with value: 0.8206513010028802.
[I 2025-04-08 20:45:24,354] Trial 141 finished with value: 0.8203160118159565 and parameters: {'max_depth': 8, 'learning_rate': 0.041921878178122464, 'n_estimators': 232, 'gamma': 0.27367942988724286, 'min_child_weight': 5, 'subsample': 0.743897994544343, 'colsample_bytree': 0.8863191076444058}. Best is trial 102 with value: 0.8206513010028802.
[I 2025-04-08 20:45:26,878] Trial 142 finished with value: 0.8185554624196703 and parameters: {'max_depth': 10, 'learning_rate': 0.04486274326544204, 'n_estimators': 233, 'gamma': 0.27592631918995925, 'min_child_weight': 5, 'subsample': 0.7413814543635936, 'colsample_bytree': 0.8885759136437005}. Best is trial 102 with value: 0.8206513010028802.
[I 2025-04-08 20:45:28,602] Trial 143 finished with value: 0.8179264437380175 and parameters: {'max_depth': 7, 'learning_rate': 0.07105865859510618, 'n_estimators': 224, 'gamma': 0.2942944941734283, 'min_child_weight': 5, 'subsample': 0.7530428264437408, 'colsample_bytree': 0.8986198417717098}. Best is trial 102 with value: 0.8206513010028802.
[I 2025-04-08 20:45:34,353] Trial 144 finished with value: 0.8096675751808682 and parameters: {'max_depth': 28, 'learning_rate': 0.0507977430866897, 'n_estimators': 230, 'gamma': 0.25191135569044304, 'min_child_weight': 5, 'subsample': 0.7317312547730559, 'colsample_bytree': 0.884067597990767}. Best is trial 102 with value: 0.8206513010028802.
[I 2025-04-08 20:45:36,860] Trial 145 finished with value: 0.8183457309497577 and parameters: {'max_depth': 8, 'learning_rate': 0.0579191839466145, 'n_estimators': 246, 'gamma': 0.31580189953488214, 'min_child_weight': 5, 'subsample': 0.7219502204311271, 'colsample_bytree': 0.8563738408783445}. Best is trial 102 with value: 0.8206513010028802.
[I 2025-04-08 20:45:38,314] Trial 146 finished with value: 0.8119314976777534 and parameters: {'max_depth': 5, 'learning_rate': 0.02547450158841052, 'n_estimators': 238, 'gamma': 0.27463557865546007, 'min_child_weight': 5, 'subsample': 0.7423458062489996, 'colsample_bytree': 0.8178080392378865}. Best is trial 102 with value: 0.8206513010028802.
[I 2025-04-08 20:45:40,130] Trial 147 finished with value: 0.643650750973973 and parameters: {'max_depth': 6, 'learning_rate': 0.001303553983547779, 'n_estimators': 246, 'gamma': 0.24172673156723662, 'min_child_weight': 5, 'subsample': 0.7744467038463081, 'colsample_bytree': 0.8399676450682413}. Best is trial 102 with value: 0.8206513010028802.
[I 2025-04-08 20:45:42,804] Trial 148 finished with value: 0.8150757827368244 and parameters: {'max_depth': 8, 'learning_rate': 0.09210173251351485, 'n_estimators': 257, 'gamma': 0.2577286478050331, 'min_child_weight': 5, 'subsample': 0.6980856375060286, 'colsample_bytree': 0.874862851513174}. Best is trial 102 with value: 0.8206513010028802.
[I 2025-04-08 20:45:44,537] Trial 149 finished with value: 0.8141952444465531 and parameters: {'max_depth': 7, 'learning_rate': 0.15491807361002963, 'n_estimators': 233, 'gamma': 0.20641385094174164, 'min_child_weight': 6, 'subsample': 0.7102386686726705, 'colsample_bytree': 0.8006177581265659}. Best is trial 102 with value: 0.8206513010028802.
[I 2025-04-08 20:45:45,800] Trial 150 finished with value: 0.8181781039291043 and parameters: {'max_depth': 9, 'learning_rate': 0.07443328656688543, 'n_estimators': 110, 'gamma': 0.288580803036745, 'min_child_weight': 5, 'subsample': 0.7320017348327215, 'colsample_bytree': 0.8933543462143266}. Best is trial 102 with value: 0.8206513010028802.
[I 2025-04-08 20:45:48,416] Trial 151 finished with value: 0.8202739776579312 and parameters: {'max_depth': 8, 'learning_rate': 0.03335546049777993, 'n_estimators': 262, 'gamma': 0.26581291492345666, 'min_child_weight': 5, 'subsample': 0.7566102547997151, 'colsample_bytree': 0.9066987197993202}. Best is trial 102 with value: 0.8206513010028802.
[I 2025-04-08 20:45:53,452] Trial 152 finished with value: 0.813775886943579 and parameters: {'max_depth': 17, 'learning_rate': 0.04361262223541872, 'n_estimators': 254, 'gamma': 0.2648949821494318, 'min_child_weight': 5, 'subsample': 0.7578998946733823, 'colsample_bytree': 0.9087179844572211}. Best is trial 102 with value: 0.8206513010028802.
[I 2025-04-08 20:45:55,715] Trial 153 finished with value: 0.81914206034151 and parameters: {'max_depth': 8, 'learning_rate': 0.033129950575941036, 'n_estimators': 263, 'gamma': 0.25005153094502075, 'min_child_weight': 5, 'subsample': 0.7666014809863987, 'colsample_bytree': 0.862741524734565}. Best is trial 102 with value: 0.8206513010028802.
[I 2025-04-08 20:45:57,330] Trial 154 finished with value: 0.8189325573181081 and parameters: {'max_depth': 6, 'learning_rate': 0.051705006018314535, 'n_estimators': 238, 'gamma': 0.33750024319630967, 'min_child_weight': 5, 'subsample': 0.7451925684699042, 'colsample_bytree': 0.8817474633634916}. Best is trial 102 with value: 0.8206513010028802.
[I 2025-04-08 20:45:59,823] Trial 155 finished with value: 0.8203161523984248 and parameters: {'max_depth': 10, 'learning_rate': 0.027944506961668836, 'n_estimators': 223, 'gamma': 0.30158444823144587, 'min_child_weight': 5, 'subsample': 0.7553825844422397, 'colsample_bytree': 0.904065236261124}. Best is trial 102 with value: 0.8206513010028802.
[I 2025-04-08 20:46:02,835] Trial 156 finished with value: 0.8207352638820794 and parameters: {'max_depth': 10, 'learning_rate': 0.02506442640393932, 'n_estimators': 248, 'gamma': 0.2795092851053086, 'min_child_weight': 5, 'subsample': 0.7500523429038835, 'colsample_bytree': 0.9042632834412799}. Best is trial 156 with value: 0.8207352638820794.
[I 2025-04-08 20:46:06,355] Trial 157 finished with value: 0.8199385654613478 and parameters: {'max_depth': 11, 'learning_rate': 0.015643994511653204, 'n_estimators': 226, 'gamma': 0.29679455235257585, 'min_child_weight': 5, 'subsample': 0.751790542808034, 'colsample_bytree': 0.9042322154694072}. Best is trial 156 with value: 0.8207352638820794.
[I 2025-04-08 20:46:09,487] Trial 158 finished with value: 0.8196870809983464 and parameters: {'max_depth': 11, 'learning_rate': 0.014257393622264362, 'n_estimators': 245, 'gamma': 0.30498608660738546, 'min_child_weight': 5, 'subsample': 0.7537186595809604, 'colsample_bytree': 0.9047314502588066}. Best is trial 156 with value: 0.8207352638820794.
[I 2025-04-08 20:46:12,107] Trial 159 finished with value: 0.8193937732510224 and parameters: {'max_depth': 11, 'learning_rate': 0.02437072430927991, 'n_estimators': 223, 'gamma': 0.2708356491351968, 'min_child_weight': 7, 'subsample': 0.7910235805605433, 'colsample_bytree': 0.8927771883058844}. Best is trial 156 with value: 0.8207352638820794.
[I 2025-04-08 20:46:15,351] Trial 160 finished with value: 0.8180523353383908 and parameters: {'max_depth': 10, 'learning_rate': 0.010706960657174235, 'n_estimators': 235, 'gamma': 0.2991250854295366, 'min_child_weight': 5, 'subsample': 0.8052821707605369, 'colsample_bytree': 0.8859365684919821}. Best is trial 156 with value: 0.8207352638820794.
[I 2025-04-08 20:46:18,093] Trial 161 finished with value: 0.8196453104324493 and parameters: {'max_depth': 10, 'learning_rate': 0.020271088086512505, 'n_estimators': 226, 'gamma': 0.28154761610618884, 'min_child_weight': 5, 'subsample': 0.7374915639314207, 'colsample_bytree': 0.9003469565602282}. Best is trial 156 with value: 0.8207352638820794.
[I 2025-04-08 20:46:20,308] Trial 162 finished with value: 0.819351739092997 and parameters: {'max_depth': 9, 'learning_rate': 0.02904213278718905, 'n_estimators': 220, 'gamma': 0.26446241388909986, 'min_child_weight': 5, 'subsample': 0.7695409091792694, 'colsample_bytree': 0.9097081837100074}. Best is trial 156 with value: 0.8207352638820794.
[I 2025-04-08 20:46:22,875] Trial 163 finished with value: 0.8188487525941859 and parameters: {'max_depth': 9, 'learning_rate': 0.01611826672685437, 'n_estimators': 249, 'gamma': 0.2880514267037712, 'min_child_weight': 5, 'subsample': 0.7493721988849085, 'colsample_bytree': 0.8731447418642154}. Best is trial 156 with value: 0.8207352638820794.
[I 2025-04-08 20:46:25,232] Trial 164 finished with value: 0.8191840066354924 and parameters: {'max_depth': 7, 'learning_rate': 0.03544068828717633, 'n_estimators': 258, 'gamma': 0.2425088617530954, 'min_child_weight': 5, 'subsample': 0.7816363578392553, 'colsample_bytree': 0.8952689831530829}. Best is trial 156 with value: 0.8207352638820794.
[I 2025-04-08 20:46:26,297] Trial 165 finished with value: 0.6377394866279713 and parameters: {'max_depth': 8, 'learning_rate': 0.00250331831360588, 'n_estimators': 90, 'gamma': 0.26586057853367134, 'min_child_weight': 5, 'subsample': 0.7244153217979209, 'colsample_bytree': 0.8807967893397448}. Best is trial 156 with value: 0.8207352638820794.
[I 2025-04-08 20:46:28,331] Trial 166 finished with value: 0.8196032587016153 and parameters: {'max_depth': 8, 'learning_rate': 0.027033222497845098, 'n_estimators': 228, 'gamma': 0.1488694208988498, 'min_child_weight': 5, 'subsample': 0.7614919674702139, 'colsample_bytree': 0.8663110009706875}. Best is trial 156 with value: 0.8207352638820794.
[I 2025-04-08 20:46:30,993] Trial 167 finished with value: 0.8191840944995352 and parameters: {'max_depth': 10, 'learning_rate': 0.037347575538065, 'n_estimators': 243, 'gamma': 0.31182987754631813, 'min_child_weight': 5, 'subsample': 0.7369423563093649, 'colsample_bytree': 0.8489167579665812}. Best is trial 156 with value: 0.8207352638820794.
[I 2025-04-08 20:46:32,867] Trial 168 finished with value: 0.818974380602431 and parameters: {'max_depth': 7, 'learning_rate': 0.0630608813292996, 'n_estimators': 253, 'gamma': 0.281921593886547, 'min_child_weight': 5, 'subsample': 0.7498081198153355, 'colsample_bytree': 0.9156586096651419}. Best is trial 156 with value: 0.8207352638820794.
[I 2025-04-08 20:46:34,889] Trial 169 finished with value: 0.793946079594279 and parameters: {'max_depth': 4, 'learning_rate': 0.007914855202815159, 'n_estimators': 263, 'gamma': 0.23269858519258382, 'min_child_weight': 5, 'subsample': 0.5182203888582381, 'colsample_bytree': 0.9286117610346053}. Best is trial 156 with value: 0.8207352638820794.
[I 2025-04-08 20:46:37,802] Trial 170 finished with value: 0.8194777537030301 and parameters: {'max_depth': 9, 'learning_rate': 0.018923970545696122, 'n_estimators': 270, 'gamma': 0.29560306415721027, 'min_child_weight': 5, 'subsample': 0.7149536084545732, 'colsample_bytree': 0.8981385332025869}. Best is trial 156 with value: 0.8207352638820794.
[I 2025-04-08 20:46:41,687] Trial 171 finished with value: 0.8193935448045113 and parameters: {'max_depth': 13, 'learning_rate': 0.014936431389542123, 'n_estimators': 246, 'gamma': 0.3120871874784522, 'min_child_weight': 5, 'subsample': 0.754085442156332, 'colsample_bytree': 0.9091516521309296}. Best is trial 156 with value: 0.8207352638820794.
[I 2025-04-08 20:46:45,661] Trial 172 finished with value: 0.8191839363442582 and parameters: {'max_depth': 11, 'learning_rate': 0.01323024318831023, 'n_estimators': 241, 'gamma': 0.256347936164011, 'min_child_weight': 5, 'subsample': 0.7619306865816571, 'colsample_bytree': 0.9016219959496736}. Best is trial 156 with value: 0.8207352638820794.
[I 2025-04-08 20:46:48,564] Trial 173 finished with value: 0.8199806699106071 and parameters: {'max_depth': 11, 'learning_rate': 0.023861758579570434, 'n_estimators': 234, 'gamma': 0.3024264530869541, 'min_child_weight': 5, 'subsample': 0.7710152229142081, 'colsample_bytree': 0.8857139688003323}. Best is trial 156 with value: 0.8207352638820794.
[I 2025-04-08 20:46:50,400] Trial 174 finished with value: 0.8181781566475298 and parameters: {'max_depth': 7, 'learning_rate': 0.02402856741395104, 'n_estimators': 235, 'gamma': 0.2728816472691239, 'min_child_weight': 5, 'subsample': 0.7733951930511518, 'colsample_bytree': 0.8742259501862032}. Best is trial 156 with value: 0.8207352638820794.
[I 2025-04-08 20:46:53,333] Trial 175 finished with value: 0.8176747835469309 and parameters: {'max_depth': 12, 'learning_rate': 0.03527556468503622, 'n_estimators': 219, 'gamma': 0.2485654074328492, 'min_child_weight': 5, 'subsample': 0.7425863162071653, 'colsample_bytree': 0.8848290711962741}. Best is trial 156 with value: 0.8207352638820794.
[I 2025-04-08 20:46:57,848] Trial 176 finished with value: 0.8119731628067992 and parameters: {'max_depth': 11, 'learning_rate': 0.050611443481145206, 'n_estimators': 281, 'gamma': 0.32234395576661284, 'min_child_weight': 1, 'subsample': 0.7284303751984853, 'colsample_bytree': 0.8665274235352747}. Best is trial 156 with value: 0.8207352638820794.
[I 2025-04-08 20:47:00,319] Trial 177 finished with value: 0.819393632668554 and parameters: {'max_depth': 10, 'learning_rate': 0.02960106845726471, 'n_estimators': 229, 'gamma': 0.29711741358534727, 'min_child_weight': 5, 'subsample': 0.7876959369593357, 'colsample_bytree': 0.8896289034434278}. Best is trial 156 with value: 0.8207352638820794.
[I 2025-04-08 20:47:02,301] Trial 178 finished with value: 0.8187229664306639 and parameters: {'max_depth': 8, 'learning_rate': 0.05960830233332834, 'n_estimators': 237, 'gamma': 0.22264366877831823, 'min_child_weight': 5, 'subsample': 0.7679188681497596, 'colsample_bytree': 0.8517079949029633}. Best is trial 156 with value: 0.8207352638820794.
[I 2025-04-08 20:47:04,988] Trial 179 finished with value: 0.8189324694540655 and parameters: {'max_depth': 9, 'learning_rate': 0.04090660538026995, 'n_estimators': 286, 'gamma': 0.280101720911651, 'min_child_weight': 5, 'subsample': 0.743607360759608, 'colsample_bytree': 0.8577029052864922}. Best is trial 156 with value: 0.8207352638820794.
[I 2025-04-08 20:47:07,271] Trial 180 finished with value: 0.8156206628111924 and parameters: {'max_depth': 6, 'learning_rate': 0.021653447694467608, 'n_estimators': 251, 'gamma': 0.2053343545495883, 'min_child_weight': 6, 'subsample': 0.7576223524878589, 'colsample_bytree': 0.8778390046119042}. Best is trial 156 with value: 0.8207352638820794.
[I 2025-04-08 20:47:10,352] Trial 181 finished with value: 0.820651388866923 and parameters: {'max_depth': 11, 'learning_rate': 0.018469405215840493, 'n_estimators': 245, 'gamma': 0.30380765776241253, 'min_child_weight': 5, 'subsample': 0.7513911983693401, 'colsample_bytree': 0.9103806085081139}. Best is trial 156 with value: 0.8207352638820794.
[I 2025-04-08 20:47:13,626] Trial 182 finished with value: 0.8185971802671418 and parameters: {'max_depth': 13, 'learning_rate': 0.03208919599741485, 'n_estimators': 231, 'gamma': 0.1634359781951413, 'min_child_weight': 5, 'subsample': 0.7776863360475071, 'colsample_bytree': 0.9207194403297267}. Best is trial 156 with value: 0.8207352638820794.
[I 2025-04-08 20:47:17,679] Trial 183 finished with value: 0.8199385830341563 and parameters: {'max_depth': 12, 'learning_rate': 0.018967974789165034, 'n_estimators': 260, 'gamma': 0.286783556404252, 'min_child_weight': 5, 'subsample': 0.7476677338885833, 'colsample_bytree': 0.8944455600871319}. Best is trial 156 with value: 0.8207352638820794.
[I 2025-04-08 20:47:21,010] Trial 184 finished with value: 0.819645204995598 and parameters: {'max_depth': 11, 'learning_rate': 0.01780578991477277, 'n_estimators': 259, 'gamma': 0.27010681555150157, 'min_child_weight': 5, 'subsample': 0.7371774616319143, 'colsample_bytree': 0.9073782228760703}. Best is trial 156 with value: 0.8207352638820794.
[I 2025-04-08 20:47:24,289] Trial 185 finished with value: 0.8203578351002792 and parameters: {'max_depth': 12, 'learning_rate': 0.021222883687123016, 'n_estimators': 241, 'gamma': 0.3029072499713138, 'min_child_weight': 5, 'subsample': 0.7501112157700122, 'colsample_bytree': 0.8906642989578426}. Best is trial 156 with value: 0.8207352638820794.
[I 2025-04-08 20:47:27,888] Trial 186 finished with value: 0.8189744157480481 and parameters: {'max_depth': 12, 'learning_rate': 0.02366364122148428, 'n_estimators': 240, 'gamma': 0.30717039562449955, 'min_child_weight': 5, 'subsample': 0.7489859021217129, 'colsample_bytree': 0.8936659088931567}. Best is trial 156 with value: 0.8207352638820794.
[I 2025-04-08 20:47:31,783] Trial 187 finished with value: 0.8202318907814803 and parameters: {'max_depth': 13, 'learning_rate': 0.012540229582951184, 'n_estimators': 249, 'gamma': 0.2978495705070305, 'min_child_weight': 5, 'subsample': 0.7309390403367884, 'colsample_bytree': 0.9148335543533384}. Best is trial 156 with value: 0.8207352638820794.
[I 2025-04-08 20:47:35,320] Trial 188 finished with value: 0.8194353856616425 and parameters: {'max_depth': 12, 'learning_rate': 0.010059883461152344, 'n_estimators': 248, 'gamma': 0.3197206181683235, 'min_child_weight': 5, 'subsample': 0.7280255849719374, 'colsample_bytree': 0.936994118396566}. Best is trial 156 with value: 0.8207352638820794.
[I 2025-04-08 20:47:39,814] Trial 189 finished with value: 0.8198964961577054 and parameters: {'max_depth': 13, 'learning_rate': 0.012691196955230027, 'n_estimators': 253, 'gamma': 0.2967801673712196, 'min_child_weight': 5, 'subsample': 0.7368520748313423, 'colsample_bytree': 0.9309221813697166}. Best is trial 156 with value: 0.8207352638820794.
[I 2025-04-08 20:47:43,988] Trial 190 finished with value: 0.8186807741173616 and parameters: {'max_depth': 14, 'learning_rate': 0.0071305245125806785, 'n_estimators': 241, 'gamma': 0.299330145045322, 'min_child_weight': 5, 'subsample': 0.7223176806502613, 'colsample_bytree': 0.9224526999525103}. Best is trial 156 with value: 0.8207352638820794.
[I 2025-04-08 20:47:48,368] Trial 191 finished with value: 0.819645134704364 and parameters: {'max_depth': 13, 'learning_rate': 0.012192123812327262, 'n_estimators': 255, 'gamma': 0.2909705648642263, 'min_child_weight': 5, 'subsample': 0.7358585988914121, 'colsample_bytree': 0.9132494525895222}. Best is trial 156 with value: 0.8207352638820794.
[I 2025-04-08 20:47:52,256] Trial 192 finished with value: 0.8191838836258327 and parameters: {'max_depth': 13, 'learning_rate': 0.015557121090974986, 'n_estimators': 250, 'gamma': 0.3382373136740654, 'min_child_weight': 5, 'subsample': 0.7592483748226079, 'colsample_bytree': 0.9018262034147493}. Best is trial 156 with value: 0.8207352638820794.
[I 2025-04-08 20:47:55,972] Trial 193 finished with value: 0.8198967246042164 and parameters: {'max_depth': 12, 'learning_rate': 0.010896962705225246, 'n_estimators': 255, 'gamma': 0.3056401275059377, 'min_child_weight': 5, 'subsample': 0.7437343333179051, 'colsample_bytree': 0.9285225237658515}. Best is trial 156 with value: 0.8207352638820794.
[I 2025-04-08 20:48:00,886] Trial 194 finished with value: 0.820357659372194 and parameters: {'max_depth': 14, 'learning_rate': 0.010180443487920639, 'n_estimators': 256, 'gamma': 0.3079098666872733, 'min_child_weight': 5, 'subsample': 0.7394685283267313, 'colsample_bytree': 0.9305150864384497}. Best is trial 156 with value: 0.8207352638820794.
[I 2025-04-08 20:48:05,590] Trial 195 finished with value: 0.8200222647484189 and parameters: {'max_depth': 15, 'learning_rate': 0.010119065412943315, 'n_estimators': 262, 'gamma': 0.32283366396782565, 'min_child_weight': 5, 'subsample': 0.7281773095935529, 'colsample_bytree': 0.9408663269054132}. Best is trial 156 with value: 0.8207352638820794.
[I 2025-04-08 20:48:10,628] Trial 196 finished with value: 0.8173812824987128 and parameters: {'max_depth': 14, 'learning_rate': 0.00580592567863638, 'n_estimators': 263, 'gamma': 0.3312033491806943, 'min_child_weight': 5, 'subsample': 0.7197099163322453, 'colsample_bytree': 0.9397199555937288}. Best is trial 156 with value: 0.8207352638820794.
[I 2025-04-08 20:48:14,805] Trial 197 finished with value: 0.8144467289095545 and parameters: {'max_depth': 12, 'learning_rate': 0.005082877217275303, 'n_estimators': 259, 'gamma': 0.31486539067502683, 'min_child_weight': 5, 'subsample': 0.763522468855196, 'colsample_bytree': 0.929961558453816}. Best is trial 156 with value: 0.8207352638820794.
[I 2025-04-08 20:48:19,652] Trial 198 finished with value: 0.819435332943217 and parameters: {'max_depth': 15, 'learning_rate': 0.008567717011347913, 'n_estimators': 243, 'gamma': 0.3536076926808359, 'min_child_weight': 5, 'subsample': 0.730521101727201, 'colsample_bytree': 0.9463215930138923}. Best is trial 156 with value: 0.8207352638820794.
[I 2025-04-08 20:48:23,911] Trial 199 finished with value: 0.8190580974623106 and parameters: {'max_depth': 15, 'learning_rate': 0.009895291451543125, 'n_estimators': 236, 'gamma': 0.3226410264214211, 'min_child_weight': 5, 'subsample': 0.7151725720094582, 'colsample_bytree': 0.9117681367421757}. Best is trial 156 with value: 0.8207352638820794.
