[I 2025-04-08 21:25:07,567] Trial 220 finished with value: 0.7938202231395228 and parameters: {'max_depth': 25, 'learning_rate': 0.7822045024977158, 'n_estimators': 193, 'gamma': 0.22431925921043983, 'min_child_weight': 5, 'subsample': 0.943032877102467, 'colsample_bytree': 0.6781954107131171}. Best is trial 127 with value: 0.7953293583640418.
[I 2025-04-08 21:25:08,274] Trial 221 finished with value: 0.7943231569199085 and parameters: {'max_depth': 26, 'learning_rate': 0.991387457406631, 'n_estimators': 180, 'gamma': 0.17571736654212297, 'min_child_weight': 4, 'subsample': 0.9821327334717299, 'colsample_bytree': 0.6015360624922382}. Best is trial 127 with value: 0.7953293583640418.
[I 2025-04-08 21:25:08,939] Trial 222 finished with value: 0.7947006384201342 and parameters: {'max_depth': 25, 'learning_rate': 0.819807035232091, 'n_estimators': 186, 'gamma': 0.27926708202502726, 'min_child_weight': 4, 'subsample': 0.9787213233067736, 'colsample_bytree': 0.689028006324171}. Best is trial 127 with value: 0.7953293583640418.
[I 2025-04-08 21:25:11,730] Trial 223 finished with value: 0.6377394866279713 and parameters: {'max_depth': 24, 'learning_rate': 0.00010657510889364721, 'n_estimators': 231, 'gamma': 0.24625357461062186, 'min_child_weight': 5, 'subsample': 0.9667001274914504, 'colsample_bytree': 0.7055417416582147}. Best is trial 127 with value: 0.7953293583640418.
[I 2025-04-08 21:25:12,685] Trial 224 finished with value: 0.7945329059626297 and parameters: {'max_depth': 25, 'learning_rate': 0.6299185608687315, 'n_estimators': 212, 'gamma': 0.29920945447956654, 'min_child_weight': 4, 'subsample': 0.9921430278851703, 'colsample_bytree': 0.6417694933118891}. Best is trial 127 with value: 0.7953293583640418.
[I 2025-04-08 21:25:13,446] Trial 225 finished with value: 0.7944070846534906 and parameters: {'max_depth': 26, 'learning_rate': 0.9880356897281997, 'n_estimators': 173, 'gamma': 0.23488775783052174, 'min_child_weight': 5, 'subsample': 0.9751823651024514, 'colsample_bytree': 0.6549619743458159}. Best is trial 127 with value: 0.7953293583640418.
[I 2025-04-08 21:25:14,601] Trial 226 finished with value: 0.7941135836052726 and parameters: {'max_depth': 27, 'learning_rate': 0.7194652843729344, 'n_estimators': 193, 'gamma': 0.16186606528387953, 'min_child_weight': 4, 'subsample': 0.9572474767013289, 'colsample_bytree': 0.5772951868376901}. Best is trial 127 with value: 0.7953293583640418.
[I 2025-04-08 21:25:15,406] Trial 227 finished with value: 0.7943653843788276 and parameters: {'max_depth': 25, 'learning_rate': 0.6676459846160594, 'n_estimators': 164, 'gamma': 0.5261569503045554, 'min_child_weight': 5, 'subsample': 0.9861244039447572, 'colsample_bytree': 0.7375918963782349}. Best is trial 127 with value: 0.7953293583640418.
[I 2025-04-08 21:25:18,781] Trial 228 finished with value: 0.7531540203950016 and parameters: {'max_depth': 24, 'learning_rate': 0.003725483525386088, 'n_estimators': 238, 'gamma': 0.3182727293694983, 'min_child_weight': 6, 'subsample': 0.9693365959928354, 'colsample_bytree': 0.7251408233271339}. Best is trial 127 with value: 0.7953293583640418.
[I 2025-04-08 21:25:19,810] Trial 229 finished with value: 0.7947843904256311 and parameters: {'max_depth': 23, 'learning_rate': 0.8128757310356103, 'n_estimators': 180, 'gamma': 0.21451759155272868, 'min_child_weight': 4, 'subsample': 0.9341795727125433, 'colsample_bytree': 0.6263275265648771}. Best is trial 127 with value: 0.7953293583640418.
[I 2025-04-08 21:25:20,500] Trial 230 finished with value: 0.7940298843182014 and parameters: {'max_depth': 26, 'learning_rate': 0.5480069097898322, 'n_estimators': 171, 'gamma': 0.2868373098907286, 'min_child_weight': 4, 'subsample': 0.9988750455460682, 'colsample_bytree': 0.6720709670078581}. Best is trial 127 with value: 0.7953293583640418.
[I 2025-04-08 21:25:21,195] Trial 231 finished with value: 0.7951197147581718 and parameters: {'max_depth': 24, 'learning_rate': 0.9570446986743506, 'n_estimators': 154, 'gamma': 0.2651426369555391, 'min_child_weight': 4, 'subsample': 0.9558421462812926, 'colsample_bytree': 0.7202992263936654}. Best is trial 127 with value: 0.7953293583640418.
[I 2025-04-08 21:25:21,955] Trial 232 finished with value: 0.7946166579681264 and parameters: {'max_depth': 25, 'learning_rate': 0.997335530375277, 'n_estimators': 155, 'gamma': 0.25461120775264906, 'min_child_weight': 4, 'subsample': 0.9509772912322094, 'colsample_bytree': 0.704390636293758}. Best is trial 127 with value: 0.7953293583640418.
[I 2025-04-08 21:25:22,662] Trial 233 finished with value: 0.7941135484596555 and parameters: {'max_depth': 24, 'learning_rate': 0.8287433761856281, 'n_estimators': 146, 'gamma': 0.27323495139556936, 'min_child_weight': 4, 'subsample': 0.9612775401757682, 'colsample_bytree': 0.7197477434571126}. Best is trial 127 with value: 0.7953293583640418.
[I 2025-04-08 21:25:23,327] Trial 234 finished with value: 0.7941975992028973 and parameters: {'max_depth': 24, 'learning_rate': 0.68472983735308, 'n_estimators': 150, 'gamma': 0.26528111254119785, 'min_child_weight': 4, 'subsample': 0.9742586868140446, 'colsample_bytree': 0.7435868942663403}. Best is trial 127 with value: 0.7953293583640418.
[I 2025-04-08 21:25:23,967] Trial 235 finished with value: 0.7948263191468051 and parameters: {'max_depth': 25, 'learning_rate': 0.7744336712609277, 'n_estimators': 188, 'gamma': 0.2394272103265829, 'min_child_weight': 4, 'subsample': 0.9836182245723716, 'colsample_bytree': 0.7308123650964752}. Best is trial 127 with value: 0.7953293583640418.
[I 2025-04-08 21:25:25,132] Trial 236 finished with value: 0.794239510351263 and parameters: {'max_depth': 24, 'learning_rate': 0.5344001077179416, 'n_estimators': 187, 'gamma': 0.2445601890742936, 'min_child_weight': 5, 'subsample': 0.9254147669208685, 'colsample_bytree': 0.7272192068333744}. Best is trial 127 with value: 0.7953293583640418.
[I 2025-04-08 21:25:26,567] Trial 237 finished with value: 0.7935688089677557 and parameters: {'max_depth': 25, 'learning_rate': 0.6966019949959575, 'n_estimators': 193, 'gamma': 0.22242568355280368, 'min_child_weight': 4, 'subsample': 0.9103879593868401, 'colsample_bytree': 0.7336082776974889}. Best is trial 127 with value: 0.7953293583640418.
[I 2025-04-08 21:25:27,246] Trial 238 finished with value: 0.7944071725175333 and parameters: {'max_depth': 23, 'learning_rate': 0.8075062691374982, 'n_estimators': 176, 'gamma': 0.25619103171305113, 'min_child_weight': 4, 'subsample': 0.9865760643826222, 'colsample_bytree': 0.6957641526297423}. Best is trial 127 with value: 0.7953293583640418.
[I 2025-04-08 21:25:28,590] Trial 239 finished with value: 0.7943233326479939 and parameters: {'max_depth': 25, 'learning_rate': 0.4426526768544748, 'n_estimators': 182, 'gamma': 0.20045450869224843, 'min_child_weight': 5, 'subsample': 0.9608010815238074, 'colsample_bytree': 0.712155529838722}. Best is trial 127 with value: 0.7953293583640418.
[I 2025-04-08 21:25:30,834] Trial 240 finished with value: 0.7938201879939057 and parameters: {'max_depth': 26, 'learning_rate': 0.5914633639716266, 'n_estimators': 186, 'gamma': 0.23268538600910416, 'min_child_weight': 4, 'subsample': 0.657825733957292, 'colsample_bytree': 0.7462496904486924}. Best is trial 127 with value: 0.7953293583640418.
[I 2025-04-08 21:25:31,453] Trial 241 finished with value: 0.7946586218349175 and parameters: {'max_depth': 27, 'learning_rate': 0.9799837178569084, 'n_estimators': 167, 'gamma': 0.2888203036845526, 'min_child_weight': 4, 'subsample': 0.9794717070670351, 'colsample_bytree': 0.7695083974248907}. Best is trial 127 with value: 0.7953293583640418.
[I 2025-04-08 21:25:32,121] Trial 242 finished with value: 0.7945747643925696 and parameters: {'max_depth': 26, 'learning_rate': 0.8067261329224896, 'n_estimators': 200, 'gamma': 0.27557348828143535, 'min_child_weight': 3, 'subsample': 0.9881466919806365, 'colsample_bytree': 0.7209749146874127}. Best is trial 127 with value: 0.7953293583640418.
[I 2025-04-08 21:25:32,812] Trial 243 finished with value: 0.7944071022262991 and parameters: {'max_depth': 24, 'learning_rate': 0.8302598063995194, 'n_estimators': 142, 'gamma': 0.24110010529568995, 'min_child_weight': 4, 'subsample': 0.9708204550034609, 'colsample_bytree': 0.7596873112717503}. Best is trial 127 with value: 0.7953293583640418.
[I 2025-04-08 21:25:33,489] Trial 244 finished with value: 0.7946586218349175 and parameters: {'max_depth': 25, 'learning_rate': 0.9897769403126501, 'n_estimators': 190, 'gamma': 0.25669751598615265, 'min_child_weight': 4, 'subsample': 0.9801260777573675, 'colsample_bytree': 0.7792367482850295}. Best is trial 127 with value: 0.7953293583640418.
[I 2025-04-08 21:25:34,218] Trial 245 finished with value: 0.7944489958018559 and parameters: {'max_depth': 25, 'learning_rate': 0.6290997858705905, 'n_estimators': 161, 'gamma': 0.30581702133484573, 'min_child_weight': 4, 'subsample': 0.9500373029358677, 'colsample_bytree': 0.7356206940844583}. Best is trial 127 with value: 0.7953293583640418.
[I 2025-04-08 21:25:34,919] Trial 246 finished with value: 0.794448995801856 and parameters: {'max_depth': 26, 'learning_rate': 0.6941442051507338, 'n_estimators': 174, 'gamma': 0.26778472314530694, 'min_child_weight': 7, 'subsample': 0.96558802331962, 'colsample_bytree': 0.686941238413427}. Best is trial 127 with value: 0.7953293583640418.
[I 2025-04-08 21:25:35,626] Trial 247 finished with value: 0.7946167458321691 and parameters: {'max_depth': 23, 'learning_rate': 0.8364930718432123, 'n_estimators': 246, 'gamma': 0.22715638010823247, 'min_child_weight': 5, 'subsample': 0.9921477082832518, 'colsample_bytree': 0.9046148135532631}. Best is trial 127 with value: 0.7953293583640418.
[I 2025-04-08 21:25:36,386] Trial 248 finished with value: 0.7944072252359589 and parameters: {'max_depth': 24, 'learning_rate': 0.5581988139037688, 'n_estimators': 182, 'gamma': 0.2478065580746992, 'min_child_weight': 4, 'subsample': 0.9749427901284929, 'colsample_bytree': 0.7105682529250756}. Best is trial 127 with value: 0.7953293583640418.
[I 2025-04-08 21:25:37,322] Trial 249 finished with value: 0.7945329235354383 and parameters: {'max_depth': 25, 'learning_rate': 0.996234393660316, 'n_estimators': 196, 'gamma': 0.21108647696470859, 'min_child_weight': 4, 'subsample': 0.9577655722576632, 'colsample_bytree': 0.7525333091547849}. Best is trial 127 with value: 0.7953293583640418.
[I 2025-04-08 21:25:38,643] Trial 250 finished with value: 0.7947004451192402 and parameters: {'max_depth': 26, 'learning_rate': 0.6957996379088153, 'n_estimators': 206, 'gamma': 0.2935525352332659, 'min_child_weight': 5, 'subsample': 0.9419585857357143, 'colsample_bytree': 0.6631181370639699}. Best is trial 127 with value: 0.7953293583640418.
[I 2025-04-08 21:25:39,523] Trial 251 finished with value: 0.794742496850074 and parameters: {'max_depth': 25, 'learning_rate': 0.472793612928759, 'n_estimators': 189, 'gamma': 0.184810541811531, 'min_child_weight': 4, 'subsample': 0.9864501636509972, 'colsample_bytree': 0.7326883858730869}. Best is trial 127 with value: 0.7953293583640418.
[I 2025-04-08 21:25:41,307] Trial 252 finished with value: 0.7623352329539366 and parameters: {'max_depth': 24, 'learning_rate': 0.025737884647350415, 'n_estimators': 171, 'gamma': 0.2808716281806344, 'min_child_weight': 4, 'subsample': 0.9716944747738504, 'colsample_bytree': 0.5392662141135108}. Best is trial 127 with value: 0.7953293583640418.
[I 2025-04-08 21:25:41,870] Trial 253 finished with value: 0.7941975464844717 and parameters: {'max_depth': 27, 'learning_rate': 0.82124386347802, 'n_estimators': 152, 'gamma': 0.3138808849383945, 'min_child_weight': 4, 'subsample': 0.9977600688568521, 'colsample_bytree': 0.6793337129258352}. Best is trial 127 with value: 0.7953293583640418.
[I 2025-04-08 21:25:42,909] Trial 254 finished with value: 0.7942813160627772 and parameters: {'max_depth': 26, 'learning_rate': 0.6608930764976599, 'n_estimators': 162, 'gamma': 0.26336647442334743, 'min_child_weight': 3, 'subsample': 0.9194602061932445, 'colsample_bytree': 0.7199004291215751}. Best is trial 127 with value: 0.7953293583640418.
[I 2025-04-08 21:25:44,914] Trial 255 finished with value: 0.7574720987732423 and parameters: {'max_depth': 24, 'learning_rate': 0.015350181036887959, 'n_estimators': 178, 'gamma': 0.32917371194761175, 'min_child_weight': 5, 'subsample': 0.9824577032626962, 'colsample_bytree': 0.7045929077105495}. Best is trial 127 with value: 0.7953293583640418.
[I 2025-04-08 21:25:45,817] Trial 256 finished with value: 0.7945747292469524 and parameters: {'max_depth': 25, 'learning_rate': 0.9958464808317578, 'n_estimators': 184, 'gamma': 0.2400241317635621, 'min_child_weight': 4, 'subsample': 0.9649113391965146, 'colsample_bytree': 0.6177053716324862}. Best is trial 127 with value: 0.7953293583640418.
[I 2025-04-08 21:25:46,903] Trial 257 finished with value: 0.794700532983283 and parameters: {'max_depth': 22, 'learning_rate': 0.554938150673948, 'n_estimators': 228, 'gamma': 0.25202413419358566, 'min_child_weight': 4, 'subsample': 0.9532007280389433, 'colsample_bytree': 0.74247350517642}. Best is trial 127 with value: 0.7953293583640418.
[I 2025-04-08 21:25:47,898] Trial 258 finished with value: 0.7940296558716904 and parameters: {'max_depth': 26, 'learning_rate': 0.7740140286071222, 'n_estimators': 169, 'gamma': 0.22308036616854446, 'min_child_weight': 5, 'subsample': 0.9343992463392191, 'colsample_bytree': 0.763067620255702}. Best is trial 127 with value: 0.7953293583640418.
[I 2025-04-08 21:25:49,062] Trial 259 finished with value: 0.7947005681289001 and parameters: {'max_depth': 27, 'learning_rate': 0.6842637011002538, 'n_estimators': 178, 'gamma': 0.27526213633114927, 'min_child_weight': 5, 'subsample': 0.9768816800781333, 'colsample_bytree': 0.7242181091588329}. Best is trial 127 with value: 0.7953293583640418.
[I 2025-04-08 21:25:50,174] Trial 260 finished with value: 0.7946586394077261 and parameters: {'max_depth': 23, 'learning_rate': 0.44274474204388437, 'n_estimators': 156, 'gamma': 0.3028608034565346, 'min_child_weight': 4, 'subsample': 0.8957105735566735, 'colsample_bytree': 0.6485658010249075}. Best is trial 127 with value: 0.7953293583640418.
[I 2025-04-08 21:25:50,942] Trial 261 finished with value: 0.794448960656239 and parameters: {'max_depth': 24, 'learning_rate': 0.8098440268268563, 'n_estimators': 196, 'gamma': 0.23109720309413465, 'min_child_weight': 4, 'subsample': 0.9904404545393949, 'colsample_bytree': 0.6935214992612538}. Best is trial 127 with value: 0.7953293583640418.
[I 2025-04-08 21:25:51,848] Trial 262 finished with value: 0.7939459214390021 and parameters: {'max_depth': 25, 'learning_rate': 0.9973584618248272, 'n_estimators': 189, 'gamma': 0.2591271754228811, 'min_child_weight': 3, 'subsample': 0.9632359635089808, 'colsample_bytree': 0.7490341195110878}. Best is trial 127 with value: 0.7953293583640418.
[I 2025-04-08 21:25:54,810] Trial 263 finished with value: 0.7933589720609918 and parameters: {'max_depth': 26, 'learning_rate': 0.5590427228612557, 'n_estimators': 220, 'gamma': 0.28489369149396987, 'min_child_weight': 4, 'subsample': 0.6145315661553175, 'colsample_bytree': 0.7710979628341863}. Best is trial 127 with value: 0.7953293583640418.
[I 2025-04-08 21:25:55,861] Trial 264 finished with value: 0.7939459741574277 and parameters: {'max_depth': 25, 'learning_rate': 0.6142969078455982, 'n_estimators': 165, 'gamma': 0.16597275100226389, 'min_child_weight': 5, 'subsample': 0.9439041185178989, 'colsample_bytree': 0.7105608044374061}. Best is trial 127 with value: 0.7953293583640418.
[I 2025-04-08 21:25:56,668] Trial 265 finished with value: 0.7941975113388547 and parameters: {'max_depth': 28, 'learning_rate': 0.3793361320170521, 'n_estimators': 173, 'gamma': 0.2097361069560223, 'min_child_weight': 4, 'subsample': 0.9997719540253295, 'colsample_bytree': 0.5940994348866577}. Best is trial 127 with value: 0.7953293583640418.
[I 2025-04-08 21:25:57,365] Trial 266 finished with value: 0.7943232623567595 and parameters: {'max_depth': 24, 'learning_rate': 0.7715993427850518, 'n_estimators': 183, 'gamma': 0.19536421991578884, 'min_child_weight': 5, 'subsample': 0.9829232060620818, 'colsample_bytree': 0.671565261552955}. Best is trial 127 with value: 0.7953293583640418.
[I 2025-04-08 21:25:58,039] Trial 267 finished with value: 0.7941555826176808 and parameters: {'max_depth': 23, 'learning_rate': 0.6851101927463609, 'n_estimators': 146, 'gamma': 0.2360415573154281, 'min_child_weight': 3, 'subsample': 0.9703839255492394, 'colsample_bytree': 0.739615562290574}. Best is trial 127 with value: 0.7953293583640418.
[I 2025-04-08 21:25:59,297] Trial 268 finished with value: 0.7946167634049777 and parameters: {'max_depth': 26, 'learning_rate': 0.818716419694918, 'n_estimators': 193, 'gamma': 0.2713127808161791, 'min_child_weight': 4, 'subsample': 0.9544822986857026, 'colsample_bytree': 0.7293035933311697}. Best is trial 127 with value: 0.7953293583640418.
[I 2025-04-08 21:26:01,702] Trial 269 finished with value: 0.7939040981546794 and parameters: {'max_depth': 27, 'learning_rate': 0.5058690062942637, 'n_estimators': 200, 'gamma': 0.24823110604710227, 'min_child_weight': 4, 'subsample': 0.6425602449963198, 'colsample_bytree': 0.9786998410352248}. Best is trial 127 with value: 0.7953293583640418.
[I 2025-04-08 21:26:02,309] Trial 270 finished with value: 0.7952874823612934 and parameters: {'max_depth': 17, 'learning_rate': 0.9916271593411344, 'n_estimators': 178, 'gamma': 0.3164413961651917, 'min_child_weight': 5, 'subsample': 0.9808852110435246, 'colsample_bytree': 0.7585942331357464}. Best is trial 127 with value: 0.7953293583640418.
[I 2025-04-08 21:26:03,235] Trial 271 finished with value: 0.7944490660930901 and parameters: {'max_depth': 18, 'learning_rate': 0.32826851519921546, 'n_estimators': 178, 'gamma': 0.3203802278244577, 'min_child_weight': 5, 'subsample': 0.9723887521803233, 'colsample_bytree': 0.7492977539634804}. Best is trial 127 with value: 0.7953293583640418.
[I 2025-04-08 21:26:03,936] Trial 272 finished with value: 0.7939040805818708 and parameters: {'max_depth': 24, 'learning_rate': 0.6340918574474405, 'n_estimators': 174, 'gamma': 0.21822035010536833, 'min_child_weight': 5, 'subsample': 0.9904582237110711, 'colsample_bytree': 0.7556684991182462}. Best is trial 127 with value: 0.7953293583640418.
[I 2025-04-08 21:26:04,736] Trial 273 finished with value: 0.7941556704817234 and parameters: {'max_depth': 25, 'learning_rate': 0.9955436030749747, 'n_estimators': 186, 'gamma': 0.26482326821036606, 'min_child_weight': 5, 'subsample': 0.962127023636064, 'colsample_bytree': 0.6812290779851152}. Best is trial 127 with value: 0.7953293583640418.
[I 2025-04-08 21:26:06,795] Trial 274 finished with value: 0.7572207021742836 and parameters: {'max_depth': 17, 'learning_rate': 0.007035995528437565, 'n_estimators': 181, 'gamma': 0.33583975274482936, 'min_child_weight': 5, 'subsample': 0.9126155775084956, 'colsample_bytree': 0.6984113415115112}. Best is trial 127 with value: 0.7953293583640418.
[I 2025-04-08 21:26:07,483] Trial 275 finished with value: 0.7942393873416032 and parameters: {'max_depth': 25, 'learning_rate': 0.769866833863377, 'n_estimators': 168, 'gamma': 0.2414300723708337, 'min_child_weight': 5, 'subsample': 0.9795150686038216, 'colsample_bytree': 0.9397377934592841}. Best is trial 127 with value: 0.7953293583640418.
[I 2025-04-08 21:26:08,430] Trial 276 finished with value: 0.7948264070108477 and parameters: {'max_depth': 19, 'learning_rate': 0.4644712756978217, 'n_estimators': 190, 'gamma': 0.297357358124333, 'min_child_weight': 5, 'subsample': 0.929718337249056, 'colsample_bytree': 0.6520816518020457}. Best is trial 127 with value: 0.7953293583640418.
[I 2025-04-08 21:26:10,960] Trial 277 finished with value: 0.7928979670017802 and parameters: {'max_depth': 18, 'learning_rate': 0.4803779411697729, 'n_estimators': 177, 'gamma': 0.30048264059015, 'min_child_weight': 5, 'subsample': 0.591657471566749, 'colsample_bytree': 0.6478531125570174}. Best is trial 127 with value: 0.7953293583640418.
[I 2025-04-08 21:26:11,955] Trial 278 finished with value: 0.79402990189101 and parameters: {'max_depth': 17, 'learning_rate': 0.3896107004492766, 'n_estimators': 186, 'gamma': 0.293626108845996, 'min_child_weight': 5, 'subsample': 0.9236207973531776, 'colsample_bytree': 0.6538186074745872}. Best is trial 127 with value: 0.7953293583640418.
[I 2025-04-08 21:26:12,625] Trial 279 finished with value: 0.794281474218054 and parameters: {'max_depth': 20, 'learning_rate': 0.5454797606583451, 'n_estimators': 172, 'gamma': 0.48745486781958364, 'min_child_weight': 5, 'subsample': 0.9883814692869158, 'colsample_bytree': 0.6612515054912876}. Best is trial 127 with value: 0.7953293583640418.
[I 2025-04-08 21:26:13,851] Trial 280 finished with value: 0.7939459214390021 and parameters: {'max_depth': 16, 'learning_rate': 0.6527922643819302, 'n_estimators': 211, 'gamma': 0.2811617029959677, 'min_child_weight': 5, 'subsample': 0.9035377103548483, 'colsample_bytree': 0.6412383553593827}. Best is trial 127 with value: 0.7953293583640418.
[I 2025-04-08 21:26:14,545] Trial 281 finished with value: 0.7944910475326898 and parameters: {'max_depth': 19, 'learning_rate': 0.806843239173161, 'n_estimators': 181, 'gamma': 0.31015667693254667, 'min_child_weight': 5, 'subsample': 0.9741372965963847, 'colsample_bytree': 0.63262531623539}. Best is trial 127 with value: 0.7953293583640418.
[I 2025-04-08 21:26:15,486] Trial 282 finished with value: 0.7941556529089149 and parameters: {'max_depth': 21, 'learning_rate': 0.5596105313616884, 'n_estimators': 190, 'gamma': 0.32546602955474707, 'min_child_weight': 5, 'subsample': 0.9303534021834623, 'colsample_bytree': 0.6672612872770418}. Best is trial 127 with value: 0.7953293583640418.
