[I 2025-04-08 20:11:06,796] Trial 27 finished with value: 0.817465210232295 and parameters: {'max_depth': 12, 'learning_rate': 0.021053730799831003, 'n_estimators': 140, 'gamma': 0.2311380476602955, 'min_child_weight': 7, 'subsample': 0.6166350130839129, 'colsample_bytree': 0.7867783599682054}. Best is trial 11 with value: 0.8194356492537708.
[I 2025-04-08 20:11:11,416] Trial 28 finished with value: 0.8113862310015973 and parameters: {'max_depth': 17, 'learning_rate': 0.00716314989888816, 'n_estimators': 193, 'gamma': 0.04262749541258613, 'min_child_weight': 6, 'subsample': 0.740568285822111, 'colsample_bytree': 0.6870675619026442}. Best is trial 11 with value: 0.8194356492537708.
[I 2025-04-08 20:11:12,959] Trial 29 finished with value: 0.6377394866279713 and parameters: {'max_depth': 3, 'learning_rate': 0.0003048473719997541, 'n_estimators': 220, 'gamma': 0.5118584663331691, 'min_child_weight': 7, 'subsample': 0.7970428905646634, 'colsample_bytree': 0.8603719374800141}. Best is trial 11 with value: 0.8194356492537708.
[I 2025-04-08 20:11:15,479] Trial 30 finished with value: 0.7911371891589829 and parameters: {'max_depth': 8, 'learning_rate': 0.30270692602515314, 'n_estimators': 265, 'gamma': 0.5957817597492958, 'min_child_weight': 5, 'subsample': 0.5095646674760067, 'colsample_bytree': 0.9234945810726098}. Best is trial 11 with value: 0.8194356492537708.
[I 2025-04-08 20:11:18,277] Trial 31 finished with value: 0.8136918889187627 and parameters: {'max_depth': 24, 'learning_rate': 0.0793596062970364, 'n_estimators': 120, 'gamma': 0.1370795787198529, 'min_child_weight': 6, 'subsample': 0.6592947580859974, 'colsample_bytree': 0.884653329607578}. Best is trial 11 with value: 0.8194356492537708.
[I 2025-04-08 20:11:21,115] Trial 32 finished with value: 0.818722579828876 and parameters: {'max_depth': 27, 'learning_rate': 0.0264372417870251, 'n_estimators': 105, 'gamma': 0.10898960816220946, 'min_child_weight': 6, 'subsample': 0.6825181361104651, 'colsample_bytree': 0.9653224249083264}. Best is trial 11 with value: 0.8194356492537708.
[I 2025-04-08 20:11:24,454] Trial 33 finished with value: 0.8180518257269431 and parameters: {'max_depth': 27, 'learning_rate': 0.023603719034798992, 'n_estimators': 100, 'gamma': 0.16366374783050686, 'min_child_weight': 6, 'subsample': 0.8591104995377478, 'colsample_bytree': 0.9663861659348005}. Best is trial 11 with value: 0.8194356492537708.
[I 2025-04-08 20:11:26,326] Trial 34 finished with value: 0.6377394866279713 and parameters: {'max_depth': 15, 'learning_rate': 0.0033921400765617015, 'n_estimators': 80, 'gamma': 0.10041786821410884, 'min_child_weight': 4, 'subsample': 0.6878063625822977, 'colsample_bytree': 0.7805415565149324}. Best is trial 11 with value: 0.8194356492537708.
[I 2025-04-08 20:11:29,433] Trial 35 finished with value: 0.7858962395947008 and parameters: {'max_depth': 20, 'learning_rate': 0.5457093336676667, 'n_estimators': 165, 'gamma': 0.00421518925706707, 'min_child_weight': 7, 'subsample': 0.7475873527227475, 'colsample_bytree': 0.8258481563906762}. Best is trial 11 with value: 0.8194356492537708.
[I 2025-04-08 20:11:30,698] Trial 36 finished with value: 0.8128536659514534 and parameters: {'max_depth': 5, 'learning_rate': 0.029540386871014068, 'n_estimators': 185, 'gamma': 0.35621173156252084, 'min_child_weight': 5, 'subsample': 0.5509242971110018, 'colsample_bytree': 0.861501394117272}. Best is trial 11 with value: 0.8194356492537708.
[I 2025-04-08 20:11:32,637] Trial 37 finished with value: 0.8136502413625253 and parameters: {'max_depth': 13, 'learning_rate': 0.08703115819876393, 'n_estimators': 106, 'gamma': 0.03544777690868039, 'min_child_weight': 4, 'subsample': 0.7182446659231357, 'colsample_bytree': 0.5416256000696063}. Best is trial 11 with value: 0.8194356492537708.
[I 2025-04-08 20:11:36,263] Trial 38 finished with value: 0.8154946306283509 and parameters: {'max_depth': 15, 'learning_rate': 0.00856553441493817, 'n_estimators': 157, 'gamma': 0.15602735598465084, 'min_child_weight': 6, 'subsample': 0.6168145892337746, 'colsample_bytree': 0.925661062820478}. Best is trial 11 with value: 0.8194356492537708.
[I 2025-04-08 20:11:37,641] Trial 39 finished with value: 0.6846521198957581 and parameters: {'max_depth': 10, 'learning_rate': 0.004020045593505738, 'n_estimators': 86, 'gamma': 0.19691934946821976, 'min_child_weight': 3, 'subsample': 0.6729198340676443, 'colsample_bytree': 0.9625569011594153}. Best is trial 11 with value: 0.8194356492537708.
[I 2025-04-08 20:11:39,445] Trial 40 finished with value: 0.8041337571894752 and parameters: {'max_depth': 26, 'learning_rate': 0.012117233356091222, 'n_estimators': 61, 'gamma': 0.2351255745884102, 'min_child_weight': 6, 'subsample': 0.725886600293754, 'colsample_bytree': 0.9735097691224769}. Best is trial 11 with value: 0.8194356492537708.
[I 2025-04-08 20:11:42,876] Trial 41 finished with value: 0.8182197163397245 and parameters: {'max_depth': 23, 'learning_rate': 0.03824199932650192, 'n_estimators': 130, 'gamma': 0.11452164991236119, 'min_child_weight': 6, 'subsample': 0.6391647868390136, 'colsample_bytree': 0.9121137655491862}. Best is trial 11 with value: 0.8194356492537708.
[I 2025-04-08 20:11:46,467] Trial 42 finished with value: 0.8140693177005629 and parameters: {'max_depth': 22, 'learning_rate': 0.060837364015998395, 'n_estimators': 138, 'gamma': 0.04645511351256779, 'min_child_weight': 6, 'subsample': 0.635515582974364, 'colsample_bytree': 0.886627261263151}. Best is trial 11 with value: 0.8194356492537708.
[I 2025-04-08 20:11:49,279] Trial 43 finished with value: 0.8176747132556967 and parameters: {'max_depth': 29, 'learning_rate': 0.03246398624517356, 'n_estimators': 115, 'gamma': 0.08441711878810829, 'min_child_weight': 7, 'subsample': 0.6896606054263462, 'colsample_bytree': 0.937629496645049}. Best is trial 11 with value: 0.8194356492537708.
[I 2025-04-08 20:11:51,904] Trial 44 finished with value: 0.8094998427233635 and parameters: {'max_depth': 31, 'learning_rate': 0.1147935911618193, 'n_estimators': 88, 'gamma': 0.0668695164977378, 'min_child_weight': 5, 'subsample': 0.765007728413226, 'colsample_bytree': 0.9032210732404177}. Best is trial 11 with value: 0.8194356492537708.
[I 2025-04-08 20:11:55,092] Trial 45 finished with value: 0.6377394866279713 and parameters: {'max_depth': 26, 'learning_rate': 0.001983899021771172, 'n_estimators': 129, 'gamma': 0.15062677288050474, 'min_child_weight': 7, 'subsample': 0.6558981464989831, 'colsample_bytree': 0.8451073204369337}. Best is trial 11 with value: 0.8194356492537708.
[I 2025-04-08 20:11:58,337] Trial 46 finished with value: 0.8184294829552543 and parameters: {'max_depth': 19, 'learning_rate': 0.02367012080183758, 'n_estimators': 147, 'gamma': 0.3315850589194743, 'min_child_weight': 6, 'subsample': 0.5960257058584258, 'colsample_bytree': 0.9763068580472597}. Best is trial 11 with value: 0.8194356492537708.
[I 2025-04-08 20:12:02,129] Trial 47 finished with value: 0.7814528846643857 and parameters: {'max_depth': 22, 'learning_rate': 0.4291014414140556, 'n_estimators': 170, 'gamma': 0.10098267272050489, 'min_child_weight': 5, 'subsample': 0.5594336849028476, 'colsample_bytree': 0.9996371359632454}. Best is trial 11 with value: 0.8194356492537708.
[I 2025-04-08 20:12:02,981] Trial 48 finished with value: 0.7873640787191531 and parameters: {'max_depth': 5, 'learning_rate': 0.006642389922026354, 'n_estimators': 110, 'gamma': 0.527668874944288, 'min_child_weight': 7, 'subsample': 0.5320345738478203, 'colsample_bytree': 0.799500860629147}. Best is trial 11 with value: 0.8194356492537708.
[I 2025-04-08 20:12:07,246] Trial 49 finished with value: 0.6377394866279713 and parameters: {'max_depth': 17, 'learning_rate': 2.5169926540618103e-05, 'n_estimators': 188, 'gamma': 0.19621527341605338, 'min_child_weight': 6, 'subsample': 0.6948131840075418, 'colsample_bytree': 0.9369179733611701}. Best is trial 11 with value: 0.8194356492537708.
[I 2025-04-08 20:12:09,817] Trial 50 finished with value: 0.8015759821882013 and parameters: {'max_depth': 24, 'learning_rate': 0.1847729661076401, 'n_estimators': 129, 'gamma': 0.030462534968383716, 'min_child_weight': 7, 'subsample': 0.5968456509602937, 'colsample_bytree': 0.6101167256181259}. Best is trial 11 with value: 0.8194356492537708.
[I 2025-04-08 20:12:11,669] Trial 51 finished with value: 0.8190164147604563 and parameters: {'max_depth': 9, 'learning_rate': 0.055810645597778166, 'n_estimators': 160, 'gamma': 0.39271723116021234, 'min_child_weight': 4, 'subsample': 0.8404617046117017, 'colsample_bytree': 0.9007908952171946}. Best is trial 11 with value: 0.8194356492537708.
[I 2025-04-08 20:12:13,532] Trial 52 finished with value: 0.8201064209285119 and parameters: {'max_depth': 9, 'learning_rate': 0.04746624982147692, 'n_estimators': 159, 'gamma': 0.3902310167890863, 'min_child_weight': 4, 'subsample': 0.8622482366766178, 'colsample_bytree': 0.8948850669385962}. Best is trial 52 with value: 0.8201064209285119.
[I 2025-04-08 20:12:15,774] Trial 53 finished with value: 0.8192676707769466 and parameters: {'max_depth': 9, 'learning_rate': 0.06091664455112021, 'n_estimators': 162, 'gamma': 0.3969850635863062, 'min_child_weight': 3, 'subsample': 0.863023609097568, 'colsample_bytree': 0.8951094701664148}. Best is trial 52 with value: 0.8201064209285119.
[I 2025-04-08 20:12:17,591] Trial 54 finished with value: 0.8189326100365338 and parameters: {'max_depth': 9, 'learning_rate': 0.056820476449444185, 'n_estimators': 160, 'gamma': 0.40760038059941034, 'min_child_weight': 3, 'subsample': 0.88866438079635, 'colsample_bytree': 0.8964168835482681}. Best is trial 52 with value: 0.8201064209285119.
[I 2025-04-08 20:12:20,405] Trial 55 finished with value: 0.8139016028158668 and parameters: {'max_depth': 11, 'learning_rate': 0.08464946615859399, 'n_estimators': 175, 'gamma': 0.4365203474148772, 'min_child_weight': 2, 'subsample': 0.8412685345885993, 'colsample_bytree': 0.7602939430059998}. Best is trial 52 with value: 0.8201064209285119.
[I 2025-04-08 20:12:21,815] Trial 56 finished with value: 0.8175908558133486 and parameters: {'max_depth': 7, 'learning_rate': 0.1372778587792894, 'n_estimators': 145, 'gamma': 0.3744455736209376, 'min_child_weight': 3, 'subsample': 0.9473909150652031, 'colsample_bytree': 0.8684628290902118}. Best is trial 52 with value: 0.8201064209285119.
[I 2025-04-08 20:12:23,216] Trial 57 finished with value: 0.8149499438548767 and parameters: {'max_depth': 5, 'learning_rate': 0.23577810828809828, 'n_estimators': 200, 'gamma': 0.29742663455664664, 'min_child_weight': 4, 'subsample': 0.8755606862105794, 'colsample_bytree': 0.832781252550368}. Best is trial 52 with value: 0.8201064209285119.
[I 2025-04-08 20:12:26,463] Trial 58 finished with value: 0.8178846555993118 and parameters: {'max_depth': 9, 'learning_rate': 0.012117814672069939, 'n_estimators': 221, 'gamma': 0.49364251269721754, 'min_child_weight': 3, 'subsample': 0.8109248184581219, 'colsample_bytree': 0.853461764980286}. Best is trial 52 with value: 0.8201064209285119.
[I 2025-04-08 20:12:29,586] Trial 59 finished with value: 0.8147818950868185 and parameters: {'max_depth': 13, 'learning_rate': 0.0458098994779086, 'n_estimators': 176, 'gamma': 0.32033540371627384, 'min_child_weight': 4, 'subsample': 0.9358854409326866, 'colsample_bytree': 0.9220360946352948}. Best is trial 52 with value: 0.8201064209285119.
[I 2025-04-08 20:12:31,048] Trial 60 finished with value: 0.7902145815650694 and parameters: {'max_depth': 11, 'learning_rate': 0.5744307364345556, 'n_estimators': 149, 'gamma': 0.3893498999810462, 'min_child_weight': 2, 'subsample': 0.9124168320453697, 'colsample_bytree': 0.8188424702790613}. Best is trial 52 with value: 0.8201064209285119.
[I 2025-04-08 20:12:33,129] Trial 61 finished with value: 0.8192677937866064 and parameters: {'max_depth': 9, 'learning_rate': 0.05622233825069173, 'n_estimators': 161, 'gamma': 0.4137376744729391, 'min_child_weight': 3, 'subsample': 0.8779722345021452, 'colsample_bytree': 0.8893050064987191}. Best is trial 52 with value: 0.8201064209285119.
[I 2025-04-08 20:12:35,064] Trial 62 finished with value: 0.819267881650649 and parameters: {'max_depth': 8, 'learning_rate': 0.05271084800865983, 'n_estimators': 163, 'gamma': 0.45719967820776064, 'min_child_weight': 3, 'subsample': 0.8935573849772463, 'colsample_bytree': 0.9011186055811371}. Best is trial 52 with value: 0.8201064209285119.
[I 2025-04-08 20:12:37,552] Trial 63 finished with value: 0.8167107041248653 and parameters: {'max_depth': 8, 'learning_rate': 0.017271124896442287, 'n_estimators': 171, 'gamma': 0.47311738522596825, 'min_child_weight': 3, 'subsample': 0.8854817177207538, 'colsample_bytree': 0.8766968504443777}. Best is trial 52 with value: 0.8201064209285119.
[I 2025-04-08 20:12:39,703] Trial 64 finished with value: 0.8171297628900943 and parameters: {'max_depth': 10, 'learning_rate': 0.07429840805225289, 'n_estimators': 183, 'gamma': 0.4289005198126307, 'min_child_weight': 2, 'subsample': 0.9514071915086784, 'colsample_bytree': 0.9490109566289521}. Best is trial 52 with value: 0.8201064209285119.
[I 2025-04-08 20:12:41,100] Trial 65 finished with value: 0.8182197339125331 and parameters: {'max_depth': 8, 'learning_rate': 0.11591183466488332, 'n_estimators': 139, 'gamma': 0.45636664440983027, 'min_child_weight': 3, 'subsample': 0.9794444747580698, 'colsample_bytree': 0.8405910156277373}. Best is trial 52 with value: 0.8201064209285119.
[I 2025-04-08 20:12:42,622] Trial 66 finished with value: 0.8162075770435859 and parameters: {'max_depth': 6, 'learning_rate': 0.03690703637102086, 'n_estimators': 164, 'gamma': 0.2728063374699449, 'min_child_weight': 4, 'subsample': 0.9018877969361109, 'colsample_bytree': 0.8024065753683389}. Best is trial 52 with value: 0.8201064209285119.
[I 2025-04-08 20:12:46,772] Trial 67 finished with value: 0.8164173260863071 and parameters: {'max_depth': 12, 'learning_rate': 0.010786403700582684, 'n_estimators': 190, 'gamma': 0.5682896154547264, 'min_child_weight': 2, 'subsample': 0.8616801967070377, 'colsample_bytree': 0.8717428519780696}. Best is trial 52 with value: 0.8201064209285119.
[I 2025-04-08 20:12:48,040] Trial 68 finished with value: 0.6377394866279713 and parameters: {'max_depth': 6, 'learning_rate': 0.00012240815892587863, 'n_estimators': 154, 'gamma': 0.4211692742508785, 'min_child_weight': 3, 'subsample': 0.7915306804602213, 'colsample_bytree': 0.894254357548229}. Best is trial 52 with value: 0.8201064209285119.
[I 2025-04-08 20:12:49,056] Trial 69 finished with value: 0.8005700267633873 and parameters: {'max_depth': 4, 'learning_rate': 0.01866272413389712, 'n_estimators': 167, 'gamma': 0.4578639171057083, 'min_child_weight': 3, 'subsample': 0.8390600825525757, 'colsample_bytree': 0.9244696148488525}. Best is trial 52 with value: 0.8201064209285119.
[I 2025-04-08 20:12:50,857] Trial 70 finished with value: 0.8128117548030879 and parameters: {'max_depth': 8, 'learning_rate': 0.17978050035396215, 'n_estimators': 209, 'gamma': 0.3663179355802924, 'min_child_weight': 4, 'subsample': 0.9285404845693792, 'colsample_bytree': 0.9426021452155258}. Best is trial 52 with value: 0.8201064209285119.
[I 2025-04-08 20:12:52,981] Trial 71 finished with value: 0.8190161863139453 and parameters: {'max_depth': 10, 'learning_rate': 0.061545671781496586, 'n_estimators': 159, 'gamma': 0.4070542887760398, 'min_child_weight': 4, 'subsample': 0.8626501521603074, 'colsample_bytree': 0.9037667552550914}. Best is trial 52 with value: 0.8201064209285119.
[I 2025-04-08 20:12:55,110] Trial 72 finished with value: 0.8188907340337854 and parameters: {'max_depth': 9, 'learning_rate': 0.04424204046060671, 'n_estimators': 180, 'gamma': 0.3881110919028139, 'min_child_weight': 3, 'subsample': 0.8417853007358642, 'colsample_bytree': 0.8900555269266134}. Best is trial 52 with value: 0.8201064209285119.
[I 2025-04-08 20:12:56,277] Trial 73 finished with value: 0.8122250162987801 and parameters: {'max_depth': 6, 'learning_rate': 0.029154702398823115, 'n_estimators': 137, 'gamma': 0.34122350449075206, 'min_child_weight': 4, 'subsample': 0.8965701727880198, 'colsample_bytree': 0.8541418568666155}. Best is trial 52 with value: 0.8201064209285119.
[I 2025-04-08 20:12:58,959] Trial 74 finished with value: 0.8159138124032397 and parameters: {'max_depth': 11, 'learning_rate': 0.09683009060211727, 'n_estimators': 151, 'gamma': 0.478585484111114, 'min_child_weight': 4, 'subsample': 0.8129346682367963, 'colsample_bytree': 0.8664756122853813}. Best is trial 52 with value: 0.8201064209285119.
[I 2025-04-08 20:13:01,593] Trial 75 finished with value: 0.8148660864125287 and parameters: {'max_depth': 12, 'learning_rate': 0.06816409855043098, 'n_estimators': 162, 'gamma': 0.4337365226598874, 'min_child_weight': 2, 'subsample': 0.8762445211318322, 'colsample_bytree': 0.9132199240073372}. Best is trial 52 with value: 0.8201064209285119.
[I 2025-04-08 20:13:04,189] Trial 76 finished with value: 0.80186983469259 and parameters: {'max_depth': 14, 'learning_rate': 0.2504211781406519, 'n_estimators': 175, 'gamma': 0.3891412488965613, 'min_child_weight': 3, 'subsample': 0.8246765862375537, 'colsample_bytree': 0.9578280888569537}. Best is trial 52 with value: 0.8201064209285119.
[I 2025-04-08 20:13:06,579] Trial 77 finished with value: 0.8189744860392822 and parameters: {'max_depth': 7, 'learning_rate': 0.0443212168395717, 'n_estimators': 299, 'gamma': 0.06082633242656852, 'min_child_weight': 5, 'subsample': 0.8511557610111473, 'colsample_bytree': 0.9319412882919704}. Best is trial 52 with value: 0.8201064209285119.
[I 2025-04-08 20:13:09,363] Trial 78 finished with value: 0.8188908921890624 and parameters: {'max_depth': 9, 'learning_rate': 0.026063253191208755, 'n_estimators': 196, 'gamma': 0.01641674057839472, 'min_child_weight': 4, 'subsample': 0.9208865788801455, 'colsample_bytree': 0.9862813490417924}. Best is trial 52 with value: 0.8201064209285119.
[I 2025-04-08 20:13:10,182] Trial 79 finished with value: 0.7662339889748199 and parameters: {'max_depth': 4, 'learning_rate': 0.0051917696896095645, 'n_estimators': 123, 'gamma': 0.31655093901642256, 'min_child_weight': 5, 'subsample': 0.7337490515128584, 'colsample_bytree': 0.8816735887906881}. Best is trial 52 with value: 0.8201064209285119.
[I 2025-04-08 20:13:12,396] Trial 80 finished with value: 0.8109246284668956 and parameters: {'max_depth': 10, 'learning_rate': 0.14435901387316946, 'n_estimators': 154, 'gamma': 0.5331114692505565, 'min_child_weight': 3, 'subsample': 0.7632647694043255, 'colsample_bytree': 0.8282719425961866}. Best is trial 52 with value: 0.8201064209285119.
[I 2025-04-08 20:13:14,486] Trial 81 finished with value: 0.8188068765914375 and parameters: {'max_depth': 10, 'learning_rate': 0.05886400878909878, 'n_estimators': 162, 'gamma': 0.41374228454395134, 'min_child_weight': 4, 'subsample': 0.872062775553782, 'colsample_bytree': 0.9120475289974265}. Best is trial 52 with value: 0.8201064209285119.
[I 2025-04-08 20:13:15,968] Trial 82 finished with value: 0.8185969869662479 and parameters: {'max_depth': 8, 'learning_rate': 0.06450100680087824, 'n_estimators': 144, 'gamma': 0.37129521988046066, 'min_child_weight': 4, 'subsample': 0.863250479536283, 'colsample_bytree': 0.9008797826456066}. Best is trial 52 with value: 0.8201064209285119.
[I 2025-04-08 20:13:19,154] Trial 83 finished with value: 0.8189743454568139 and parameters: {'max_depth': 12, 'learning_rate': 0.03300872076800284, 'n_estimators': 156, 'gamma': 0.4523441088600456, 'min_child_weight': 4, 'subsample': 0.8948864275348579, 'colsample_bytree': 0.9025721024627906}. Best is trial 52 with value: 0.8201064209285119.
[I 2025-04-08 20:13:20,751] Trial 84 finished with value: 0.8152014634634952 and parameters: {'max_depth': 7, 'learning_rate': 0.019933023229742334, 'n_estimators': 171, 'gamma': 0.3991005575368337, 'min_child_weight': 5, 'subsample': 0.8307371427909503, 'colsample_bytree': 0.8872388874736119}. Best is trial 52 with value: 0.8201064209285119.
[I 2025-04-08 20:13:22,646] Trial 85 finished with value: 0.8137759220891961 and parameters: {'max_depth': 10, 'learning_rate': 0.10866897707674773, 'n_estimators': 142, 'gamma': 0.44272633073085094, 'min_child_weight': 4, 'subsample': 0.6724376711361065, 'colsample_bytree': 0.9502322493967623}. Best is trial 52 with value: 0.8201064209285119.
[I 2025-04-08 20:13:24,308] Trial 86 finished with value: 0.8198128495890599 and parameters: {'max_depth': 9, 'learning_rate': 0.04777593147492971, 'n_estimators': 134, 'gamma': 0.4740281713731686, 'min_child_weight': 3, 'subsample': 0.7991743212986459, 'colsample_bytree': 0.8525847254259507}. Best is trial 52 with value: 0.8201064209285119.
[I 2025-04-08 20:13:25,871] Trial 87 finished with value: 0.8099610410834691 and parameters: {'max_depth': 8, 'learning_rate': 0.009083042470581634, 'n_estimators': 133, 'gamma': 0.48092140923422544, 'min_child_weight': 3, 'subsample': 0.7918296976813594, 'colsample_bytree': 0.8509737618422537}. Best is trial 52 with value: 0.8201064209285119.
[I 2025-04-08 20:13:27,364] Trial 88 finished with value: 0.8170878517417289 and parameters: {'max_depth': 6, 'learning_rate': 0.036421829166864754, 'n_estimators': 184, 'gamma': 0.49133339306919, 'min_child_weight': 3, 'subsample': 0.7074949462090658, 'colsample_bytree': 0.8653081961486242}. Best is trial 52 with value: 0.8201064209285119.
[I 2025-04-08 20:13:31,314] Trial 89 finished with value: 0.8094995967040441 and parameters: {'max_depth': 16, 'learning_rate': 0.08301851714674228, 'n_estimators': 148, 'gamma': 0.3588589038813302, 'min_child_weight': 2, 'subsample': 0.781543465045391, 'colsample_bytree': 0.9211430281549697}. Best is trial 52 with value: 0.8201064209285119.
