[I 2025-04-08 20:53:23,502] Trial 105 finished with value: 0.8179681440126805 and parameters: {'max_depth': 6, 'learning_rate': 0.07053357758595305, 'n_estimators': 159, 'gamma': 0.0006160399942916706, 'min_child_weight': 6, 'subsample': 0.7723485694846745, 'colsample_bytree': 0.7256604333281205}. Best is trial 83 with value: 0.8192260935119433.
[I 2025-04-08 20:53:24,539] Trial 106 finished with value: 0.7260299686676824 and parameters: {'max_depth': 4, 'learning_rate': 0.00257380867337115, 'n_estimators': 206, 'gamma': 0.07948399947430286, 'min_child_weight': 7, 'subsample': 0.5489295824487923, 'colsample_bytree': 0.8109310116806009}. Best is trial 83 with value: 0.8192260935119433.
[I 2025-04-08 20:53:26,221] Trial 107 finished with value: 0.8002352120422943 and parameters: {'max_depth': 8, 'learning_rate': 0.45180004790759104, 'n_estimators': 198, 'gamma': 0.06679625374550682, 'min_child_weight': 6, 'subsample': 0.5282386167128075, 'colsample_bytree': 0.8376670513505922}. Best is trial 83 with value: 0.8192260935119433.
[I 2025-04-08 20:53:27,972] Trial 108 finished with value: 0.8172553908983395 and parameters: {'max_depth': 5, 'learning_rate': 0.05604067085932251, 'n_estimators': 300, 'gamma': 0.19373995640395292, 'min_child_weight': 7, 'subsample': 0.619333300393945, 'colsample_bytree': 0.7534989814252954}. Best is trial 83 with value: 0.8192260935119433.
[I 2025-04-08 20:53:30,826] Trial 109 finished with value: 0.8123925554553907 and parameters: {'max_depth': 10, 'learning_rate': 0.09308901229718702, 'n_estimators': 262, 'gamma': 0.016368254899329138, 'min_child_weight': 6, 'subsample': 0.573501950024478, 'colsample_bytree': 0.669926569223455}. Best is trial 83 with value: 0.8192260935119433.
[I 2025-04-08 20:53:32,915] Trial 110 finished with value: 0.8181361400623132 and parameters: {'max_depth': 7, 'learning_rate': 0.028223504167263064, 'n_estimators': 235, 'gamma': 0.41189887003604664, 'min_child_weight': 5, 'subsample': 0.5008560986821545, 'colsample_bytree': 0.9337903032539099}. Best is trial 83 with value: 0.8192260935119433.
[I 2025-04-08 20:53:34,678] Trial 111 finished with value: 0.8159140935681763 and parameters: {'max_depth': 7, 'learning_rate': 0.12059237672459644, 'n_estimators': 224, 'gamma': 0.04755606990063033, 'min_child_weight': 7, 'subsample': 0.6009389185505698, 'colsample_bytree': 0.823916584806992}. Best is trial 83 with value: 0.8192260935119433.
[I 2025-04-08 20:53:35,659] Trial 112 finished with value: 0.8172974426291733 and parameters: {'max_depth': 6, 'learning_rate': 0.07674884087934838, 'n_estimators': 122, 'gamma': 0.02852582087297041, 'min_child_weight': 7, 'subsample': 0.5580368375362904, 'colsample_bytree': 0.7879897674268531}. Best is trial 83 with value: 0.8192260935119433.
[I 2025-04-08 20:53:38,133] Trial 113 finished with value: 0.8091225018056061 and parameters: {'max_depth': 9, 'learning_rate': 0.18617156384955588, 'n_estimators': 243, 'gamma': 0.00011996103702736037, 'min_child_weight': 7, 'subsample': 0.6492388109885153, 'colsample_bytree': 0.7510971695997315}. Best is trial 83 with value: 0.8192260935119433.
[I 2025-04-08 20:53:39,736] Trial 114 finished with value: 0.8175490501018343 and parameters: {'max_depth': 8, 'learning_rate': 0.04058421051487348, 'n_estimators': 188, 'gamma': 0.02399224907515203, 'min_child_weight': 4, 'subsample': 0.6390042643617506, 'colsample_bytree': 0.7683145316549089}. Best is trial 83 with value: 0.8192260935119433.
[I 2025-04-08 20:53:41,264] Trial 115 finished with value: 0.8099189014885928 and parameters: {'max_depth': 7, 'learning_rate': 0.25579777340665044, 'n_estimators': 213, 'gamma': 0.10598893342761156, 'min_child_weight': 7, 'subsample': 0.5881291219444532, 'colsample_bytree': 0.8027018110060841}. Best is trial 83 with value: 0.8192260935119433.
[I 2025-04-08 20:53:42,953] Trial 116 finished with value: 0.8160396161395702 and parameters: {'max_depth': 5, 'learning_rate': 0.14086570227380596, 'n_estimators': 220, 'gamma': 0.5647848630662515, 'min_child_weight': 6, 'subsample': 0.5135242812724273, 'colsample_bytree': 0.7309410959408507}. Best is trial 83 with value: 0.8192260935119433.
[I 2025-04-08 20:53:44,118] Trial 117 finished with value: 0.8174234748120149 and parameters: {'max_depth': 6, 'learning_rate': 0.053254385529422354, 'n_estimators': 142, 'gamma': 0.043453990883837265, 'min_child_weight': 6, 'subsample': 0.54226797111448, 'colsample_bytree': 0.9164460702073298}. Best is trial 83 with value: 0.8192260935119433.
[I 2025-04-08 20:53:46,188] Trial 118 finished with value: 0.814405011062083 and parameters: {'max_depth': 32, 'learning_rate': 0.10261169336582776, 'n_estimators': 92, 'gamma': 0.06074073013560187, 'min_child_weight': 7, 'subsample': 0.5749456500699018, 'colsample_bytree': 0.8999123839649348}. Best is trial 83 with value: 0.8192260935119433.
[I 2025-04-08 20:53:49,189] Trial 119 finished with value: 0.8180101605978972 and parameters: {'max_depth': 10, 'learning_rate': 0.03567803992564657, 'n_estimators': 275, 'gamma': 0.015628892727601613, 'min_child_weight': 7, 'subsample': 0.8101675097070238, 'colsample_bytree': 0.7073172967481894}. Best is trial 83 with value: 0.8192260935119433.
[I 2025-04-08 20:53:50,132] Trial 120 finished with value: 0.6377394866279713 and parameters: {'max_depth': 14, 'learning_rate': 0.00084159559766058, 'n_estimators': 60, 'gamma': 0.44862581646623895, 'min_child_weight': 6, 'subsample': 0.6293923640730651, 'colsample_bytree': 0.7814939684869445}. Best is trial 83 with value: 0.8192260935119433.
[I 2025-04-08 20:53:51,808] Trial 121 finished with value: 0.8172977062213015 and parameters: {'max_depth': 7, 'learning_rate': 0.025257277538194144, 'n_estimators': 232, 'gamma': 0.42397819981636475, 'min_child_weight': 4, 'subsample': 0.5104501932883481, 'colsample_bytree': 0.9365782336891879}. Best is trial 83 with value: 0.8192260935119433.
[I 2025-04-08 20:53:53,904] Trial 122 finished with value: 0.8139019542720376 and parameters: {'max_depth': 7, 'learning_rate': 0.015885907798611647, 'n_estimators': 236, 'gamma': 0.520046443633474, 'min_child_weight': 5, 'subsample': 0.5008606898496447, 'colsample_bytree': 0.9646993122934923}. Best is trial 83 with value: 0.8192260935119433.
[I 2025-04-08 20:53:55,538] Trial 123 finished with value: 0.8180104944812594 and parameters: {'max_depth': 8, 'learning_rate': 0.06406545857229581, 'n_estimators': 208, 'gamma': 0.37738511077094683, 'min_child_weight': 5, 'subsample': 0.6143452634799328, 'colsample_bytree': 0.9825769119602263}. Best is trial 83 with value: 0.8192260935119433.
[I 2025-04-08 20:53:57,612] Trial 124 finished with value: 0.8180103363259826 and parameters: {'max_depth': 9, 'learning_rate': 0.029992168959232384, 'n_estimators': 228, 'gamma': 0.3189636638892397, 'min_child_weight': 5, 'subsample': 0.5359345635085208, 'colsample_bytree': 0.8855395724407651}. Best is trial 83 with value: 0.8192260935119433.
[I 2025-04-08 20:53:59,773] Trial 125 finished with value: 0.817255636917659 and parameters: {'max_depth': 8, 'learning_rate': 0.046170945019963786, 'n_estimators': 239, 'gamma': 0.40547179384838855, 'min_child_weight': 6, 'subsample': 0.5585349611541999, 'colsample_bytree': 0.9264130722417007}. Best is trial 83 with value: 0.8192260935119433.
[I 2025-04-08 20:54:01,147] Trial 126 finished with value: 0.8187647194237524 and parameters: {'max_depth': 6, 'learning_rate': 0.0807378559396803, 'n_estimators': 195, 'gamma': 0.4723640699848189, 'min_child_weight': 6, 'subsample': 0.7456237289452142, 'colsample_bytree': 0.7428888781129119}. Best is trial 83 with value: 0.8192260935119433.
[I 2025-04-08 20:54:01,972] Trial 127 finished with value: 0.8105899367554621 and parameters: {'max_depth': 3, 'learning_rate': 0.07793888465827366, 'n_estimators': 180, 'gamma': 0.5333884947036277, 'min_child_weight': 6, 'subsample': 0.6590588363641572, 'colsample_bytree': 0.7403233600188379}. Best is trial 83 with value: 0.8192260935119433.
[I 2025-04-08 20:54:02,926] Trial 128 finished with value: 0.8167104229599287 and parameters: {'max_depth': 4, 'learning_rate': 0.10254901883051125, 'n_estimators': 201, 'gamma': 0.02854460887041824, 'min_child_weight': 6, 'subsample': 0.7481768564647544, 'colsample_bytree': 0.727608762575439}. Best is trial 83 with value: 0.8192260935119433.
[I 2025-04-08 20:54:04,511] Trial 129 finished with value: 0.8177167122681048 and parameters: {'max_depth': 6, 'learning_rate': 0.061542247080040996, 'n_estimators': 195, 'gamma': 0.04146574415369415, 'min_child_weight': 6, 'subsample': 0.8373724673053676, 'colsample_bytree': 0.7450534179835968}. Best is trial 83 with value: 0.8192260935119433.
[I 2025-04-08 20:54:05,715] Trial 130 finished with value: 0.6377394866279713 and parameters: {'max_depth': 5, 'learning_rate': 0.0003870646796291901, 'n_estimators': 216, 'gamma': 0.5805662625549204, 'min_child_weight': 7, 'subsample': 0.6754346410605722, 'colsample_bytree': 0.765156712016087}. Best is trial 83 with value: 0.8192260935119433.
[I 2025-04-08 20:54:07,040] Trial 131 finished with value: 0.8061042489293765 and parameters: {'max_depth': 7, 'learning_rate': 0.010692714895535447, 'n_estimators': 173, 'gamma': 0.43970759075879345, 'min_child_weight': 6, 'subsample': 0.52674253944336, 'colsample_bytree': 0.7544021459080511}. Best is trial 83 with value: 0.8192260935119433.
[I 2025-04-08 20:54:08,566] Trial 132 finished with value: 0.8172135500412082 and parameters: {'max_depth': 6, 'learning_rate': 0.03678104091452309, 'n_estimators': 224, 'gamma': 0.010868600625645472, 'min_child_weight': 7, 'subsample': 0.895228285104971, 'colsample_bytree': 0.8573709362257913}. Best is trial 83 with value: 0.8192260935119433.
[I 2025-04-08 20:54:10,536] Trial 133 finished with value: 0.8175070335166177 and parameters: {'max_depth': 7, 'learning_rate': 0.051227701255932415, 'n_estimators': 254, 'gamma': 0.4696514076601218, 'min_child_weight': 6, 'subsample': 0.6466564122491827, 'colsample_bytree': 0.6984615546735672}. Best is trial 83 with value: 0.8192260935119433.
[I 2025-04-08 20:54:12,407] Trial 134 finished with value: 0.8164590615065872 and parameters: {'max_depth': 9, 'learning_rate': 0.0834419940882343, 'n_estimators': 192, 'gamma': 0.49882419458074345, 'min_child_weight': 5, 'subsample': 0.6041514709838547, 'colsample_bytree': 0.7132683792347344}. Best is trial 83 with value: 0.8192260935119433.
[I 2025-04-08 20:54:14,837] Trial 135 finished with value: 0.818806823873012 and parameters: {'max_depth': 8, 'learning_rate': 0.02510809650515897, 'n_estimators': 247, 'gamma': 0.34412667351596743, 'min_child_weight': 6, 'subsample': 0.7828520558168206, 'colsample_bytree': 0.9413872271339685}. Best is trial 83 with value: 0.8192260935119433.
[I 2025-04-08 20:54:19,349] Trial 136 finished with value: 0.8167526152732307 and parameters: {'max_depth': 18, 'learning_rate': 0.02207849487521363, 'n_estimators': 290, 'gamma': 0.2848779022300271, 'min_child_weight': 6, 'subsample': 0.7780376722098593, 'colsample_bytree': 0.9473807714234492}. Best is trial 83 with value: 0.8192260935119433.
[I 2025-04-08 20:54:21,216] Trial 137 finished with value: 0.8141534563078474 and parameters: {'max_depth': 8, 'learning_rate': 0.1263569681610277, 'n_estimators': 246, 'gamma': 0.05547187598811037, 'min_child_weight': 6, 'subsample': 0.8018332887744045, 'colsample_bytree': 0.891063013188292}. Best is trial 83 with value: 0.8192260935119433.
[I 2025-04-08 20:54:23,481] Trial 138 finished with value: 0.8094997372865123 and parameters: {'max_depth': 9, 'learning_rate': 0.15390900518276004, 'n_estimators': 283, 'gamma': 0.36093894698785745, 'min_child_weight': 6, 'subsample': 0.7398925097259974, 'colsample_bytree': 0.9101362685763992}. Best is trial 83 with value: 0.8192260935119433.
[I 2025-04-08 20:54:25,580] Trial 139 finished with value: 0.6377394866279713 and parameters: {'max_depth': 8, 'learning_rate': 1.3780515990901782e-05, 'n_estimators': 208, 'gamma': 0.554467007105853, 'min_child_weight': 7, 'subsample': 0.7576517221267411, 'colsample_bytree': 0.7956151543615847}. Best is trial 83 with value: 0.8192260935119433.
[I 2025-04-08 20:54:27,104] Trial 140 finished with value: 0.8173394064959645 and parameters: {'max_depth': 6, 'learning_rate': 0.0486555952229927, 'n_estimators': 258, 'gamma': 0.2201485315648841, 'min_child_weight': 6, 'subsample': 0.7710579309304301, 'colsample_bytree': 0.8712612849770855}. Best is trial 83 with value: 0.8192260935119433.
[I 2025-04-08 20:54:30,363] Trial 141 finished with value: 0.8182616802065157 and parameters: {'max_depth': 15, 'learning_rate': 0.028509058374184267, 'n_estimators': 233, 'gamma': 0.4002326186069731, 'min_child_weight': 6, 'subsample': 0.7854054765772986, 'colsample_bytree': 0.9412591403604883}. Best is trial 83 with value: 0.8192260935119433.
[I 2025-04-08 20:54:32,361] Trial 142 finished with value: 0.8164592196618641 and parameters: {'max_depth': 8, 'learning_rate': 0.01746783262304898, 'n_estimators': 250, 'gamma': 0.3473849810661897, 'min_child_weight': 6, 'subsample': 0.7881333970758472, 'colsample_bytree': 0.9555731732708425}. Best is trial 83 with value: 0.8192260935119433.
[I 2025-04-08 20:54:34,304] Trial 143 finished with value: 0.8167106514064397 and parameters: {'max_depth': 10, 'learning_rate': 0.06726639552797316, 'n_estimators': 217, 'gamma': 0.3779627522637097, 'min_child_weight': 6, 'subsample': 0.8278332396351058, 'colsample_bytree': 0.9751546946063272}. Best is trial 83 with value: 0.8192260935119433.
[I 2025-04-08 20:54:38,492] Trial 144 finished with value: 0.8167527031372736 and parameters: {'max_depth': 17, 'learning_rate': 0.037737394951749284, 'n_estimators': 229, 'gamma': 0.3952833705868841, 'min_child_weight': 6, 'subsample': 0.804318930340269, 'colsample_bytree': 0.8160372580292861}. Best is trial 83 with value: 0.8192260935119433.
[I 2025-04-08 20:54:40,956] Trial 145 finished with value: 0.8181778227641676 and parameters: {'max_depth': 15, 'learning_rate': 0.03003834807173283, 'n_estimators': 186, 'gamma': 0.4577807132224842, 'min_child_weight': 6, 'subsample': 0.8216290866835312, 'colsample_bytree': 0.7726659637451612}. Best is trial 83 with value: 0.8192260935119433.
[I 2025-04-08 20:54:44,137] Trial 146 finished with value: 0.8095416484348779 and parameters: {'max_depth': 20, 'learning_rate': 0.10008382438838348, 'n_estimators': 204, 'gamma': 0.24514212592421, 'min_child_weight': 7, 'subsample': 0.7867992925087312, 'colsample_bytree': 0.9995982088945246}. Best is trial 83 with value: 0.8192260935119433.
[I 2025-04-08 20:54:46,535] Trial 147 finished with value: 0.817129780462903 and parameters: {'max_depth': 13, 'learning_rate': 0.0584043622127227, 'n_estimators': 166, 'gamma': 0.481514092894974, 'min_child_weight': 6, 'subsample': 0.6228032051559738, 'colsample_bytree': 0.7238459674475358}. Best is trial 83 with value: 0.8192260935119433.
[I 2025-04-08 20:54:49,032] Trial 148 finished with value: 0.8162074716067347 and parameters: {'max_depth': 15, 'learning_rate': 0.02187493319969748, 'n_estimators': 179, 'gamma': 0.01802691371682795, 'min_child_weight': 7, 'subsample': 0.6363362987752963, 'colsample_bytree': 0.6093544481553604}. Best is trial 83 with value: 0.8192260935119433.
[I 2025-04-08 20:54:52,570] Trial 149 finished with value: 0.8102123322455764 and parameters: {'max_depth': 16, 'learning_rate': 0.08264986913444664, 'n_estimators': 243, 'gamma': 0.038229335337684814, 'min_child_weight': 7, 'subsample': 0.7160649341792563, 'colsample_bytree': 0.9186775084940029}. Best is trial 83 with value: 0.8192260935119433.
[I 2025-04-08 20:54:53,712] Trial 150 finished with value: 0.8155367877960359 and parameters: {'max_depth': 5, 'learning_rate': 0.04218641394464362, 'n_estimators': 212, 'gamma': 0.003023564743843101, 'min_child_weight': 6, 'subsample': 0.7286496137863085, 'colsample_bytree': 0.9430406575133433}. Best is trial 83 with value: 0.8192260935119433.
[I 2025-04-08 20:54:56,661] Trial 151 finished with value: 0.8187648072877952 and parameters: {'max_depth': 16, 'learning_rate': 0.03156976512279367, 'n_estimators': 184, 'gamma': 0.4356022529233183, 'min_child_weight': 6, 'subsample': 0.8614856293987067, 'colsample_bytree': 0.7734771223007273}. Best is trial 83 with value: 0.8192260935119433.
[I 2025-04-08 20:54:59,562] Trial 152 finished with value: 0.8185131822423255 and parameters: {'max_depth': 17, 'learning_rate': 0.02622783241270726, 'n_estimators': 200, 'gamma': 0.4338365806913611, 'min_child_weight': 6, 'subsample': 0.868820021852505, 'colsample_bytree': 0.7616570605967531}. Best is trial 83 with value: 0.8192260935119433.
[I 2025-04-08 20:55:02,280] Trial 153 finished with value: 0.8181777349001249 and parameters: {'max_depth': 16, 'learning_rate': 0.02552424146664874, 'n_estimators': 198, 'gamma': 0.4369270418619539, 'min_child_weight': 6, 'subsample': 0.8744901563600309, 'colsample_bytree': 0.7585514203953704}. Best is trial 83 with value: 0.8192260935119433.
[I 2025-04-08 20:55:05,046] Trial 154 finished with value: 0.814781912659627 and parameters: {'max_depth': 17, 'learning_rate': 0.012779961789681453, 'n_estimators': 191, 'gamma': 0.47271540636877435, 'min_child_weight': 6, 'subsample': 0.8740561456545018, 'colsample_bytree': 0.7502969141257765}. Best is trial 83 with value: 0.8192260935119433.
[I 2025-04-08 20:55:08,086] Trial 155 finished with value: 0.8180940707586709 and parameters: {'max_depth': 18, 'learning_rate': 0.03240849625101815, 'n_estimators': 173, 'gamma': 0.42492650320546166, 'min_child_weight': 6, 'subsample': 0.902134110828589, 'colsample_bytree': 0.7358216395461377}. Best is trial 83 with value: 0.8192260935119433.
[I 2025-04-08 20:55:10,866] Trial 156 finished with value: 0.8149497505539827 and parameters: {'max_depth': 14, 'learning_rate': 0.006979956773801887, 'n_estimators': 183, 'gamma': 0.4486842801669901, 'min_child_weight': 6, 'subsample': 0.9295030762610231, 'colsample_bytree': 0.9025619893280222}. Best is trial 83 with value: 0.8192260935119433.
[I 2025-04-08 20:55:13,489] Trial 157 finished with value: 0.7944911705423496 and parameters: {'max_depth': 15, 'learning_rate': 0.015969053232554483, 'n_estimators': 195, 'gamma': 0.4056690777461863, 'min_child_weight': 6, 'subsample': 0.9764151138466031, 'colsample_bytree': 0.5593361844931255}. Best is trial 83 with value: 0.8192260935119433.
[I 2025-04-08 20:55:17,181] Trial 158 finished with value: 0.8183452740567356 and parameters: {'max_depth': 18, 'learning_rate': 0.02019183941977905, 'n_estimators': 224, 'gamma': 0.3386604030393203, 'min_child_weight': 6, 'subsample': 0.8452048559232168, 'colsample_bytree': 0.6381384994831533}. Best is trial 83 with value: 0.8192260935119433.
[I 2025-04-08 20:55:21,190] Trial 159 finished with value: 0.8178843568615667 and parameters: {'max_depth': 18, 'learning_rate': 0.022968277022582424, 'n_estimators': 270, 'gamma': 0.3239573052685813, 'min_child_weight': 6, 'subsample': 0.8825507972287733, 'colsample_bytree': 0.6205163327711725}. Best is trial 83 with value: 0.8192260935119433.
[I 2025-04-08 20:55:24,706] Trial 160 finished with value: 0.8170038537169126 and parameters: {'max_depth': 19, 'learning_rate': 0.01084777044289614, 'n_estimators': 204, 'gamma': 0.3436000148349626, 'min_child_weight': 6, 'subsample': 0.8542640504936807, 'colsample_bytree': 0.8413589689674161}. Best is trial 83 with value: 0.8192260935119433.
[I 2025-04-08 20:55:27,755] Trial 161 finished with value: 0.8182198744950014 and parameters: {'max_depth': 17, 'learning_rate': 0.042654446832056846, 'n_estimators': 221, 'gamma': 0.5097398709115536, 'min_child_weight': 6, 'subsample': 0.8361327275653924, 'colsample_bytree': 0.7407747103812881}. Best is trial 83 with value: 0.8192260935119433.
[I 2025-04-08 20:55:30,523] Trial 162 finished with value: 0.8177586585620874 and parameters: {'max_depth': 17, 'learning_rate': 0.04269829449540227, 'n_estimators': 223, 'gamma': 0.4876772484285135, 'min_child_weight': 6, 'subsample': 0.8428005016886259, 'colsample_bytree': 0.6413758121071729}. Best is trial 83 with value: 0.8192260935119433.
[I 2025-04-08 20:55:33,817] Trial 163 finished with value: 0.8174651750866777 and parameters: {'max_depth': 17, 'learning_rate': 0.03141084095627861, 'n_estimators': 231, 'gamma': 0.30391490473985294, 'min_child_weight': 6, 'subsample': 0.859718913722656, 'colsample_bytree': 0.6465084683961042}. Best is trial 83 with value: 0.8192260935119433.
[I 2025-04-08 20:55:36,791] Trial 164 finished with value: 0.8173811770618616 and parameters: {'max_depth': 16, 'learning_rate': 0.018398267566164056, 'n_estimators': 211, 'gamma': 0.3816847982567528, 'min_child_weight': 6, 'subsample': 0.8772685113296304, 'colsample_bytree': 0.783752017328509}. Best is trial 83 with value: 0.8192260935119433.
[I 2025-04-08 20:55:39,758] Trial 165 finished with value: 0.8178843217159496 and parameters: {'max_depth': 15, 'learning_rate': 0.05931638629345109, 'n_estimators': 220, 'gamma': 0.5156782464928092, 'min_child_weight': 6, 'subsample': 0.8670676753963502, 'colsample_bytree': 0.7457166297995662}. Best is trial 83 with value: 0.8192260935119433.
[I 2025-04-08 20:55:41,777] Trial 166 finished with value: 0.8053490750552225 and parameters: {'max_depth': 18, 'learning_rate': 0.0254754365213034, 'n_estimators': 164, 'gamma': 0.505829267704847, 'min_child_weight': 6, 'subsample': 0.8661584826395909, 'colsample_bytree': 0.5306579208726724}. Best is trial 83 with value: 0.8192260935119433.
[I 2025-04-08 20:55:44,736] Trial 167 finished with value: 0.8177166771224877 and parameters: {'max_depth': 16, 'learning_rate': 0.03791392496080598, 'n_estimators': 237, 'gamma': 0.43851070275791315, 'min_child_weight': 6, 'subsample': 0.8345476319653751, 'colsample_bytree': 0.7628351307623595}. Best is trial 83 with value: 0.8192260935119433.
