[I 2025-04-08 00:48:48,823] Trial 248 finished with value: 0.8193515282192946 and parameters: {'lambda_l1': 0.00027036712282462393, 'lambda_l2': 8.267513912918496e-08, 'num_leaves': 48, 'feature_fraction': 0.5041896686785012, 'bagging_fraction': 0.9065283680296894, 'bagging_freq': 10, 'min_child_samples': 120}. Best is trial 138 with value: 0.822621617014696.
[I 2025-04-08 00:48:50,517] Trial 249 finished with value: 0.8201064385013206 and parameters: {'lambda_l1': 0.006604272891998774, 'lambda_l2': 1.752933634041641, 'num_leaves': 46, 'feature_fraction': 0.4782021752701398, 'bagging_fraction': 0.9779235282607713, 'bagging_freq': 2, 'min_child_samples': 118}. Best is trial 138 with value: 0.822621617014696.
[I 2025-04-08 00:48:52,017] Trial 250 finished with value: 0.8207770344479766 and parameters: {'lambda_l1': 0.00045189686330577086, 'lambda_l2': 0.6277767309599369, 'num_leaves': 39, 'feature_fraction': 0.4901811357156013, 'bagging_fraction': 0.9347494949058299, 'bagging_freq': 10, 'min_child_samples': 124}. Best is trial 138 with value: 0.822621617014696.
[I 2025-04-08 00:48:54,575] Trial 251 finished with value: 0.8206093898545147 and parameters: {'lambda_l1': 0.00341782368023684, 'lambda_l2': 5.530719434044493, 'num_leaves': 50, 'feature_fraction': 0.6353027504529061, 'bagging_fraction': 0.9181865921217504, 'bagging_freq': 11, 'min_child_samples': 4}. Best is trial 138 with value: 0.822621617014696.
[I 2025-04-08 00:48:56,519] Trial 252 finished with value: 0.8202320313639486 and parameters: {'lambda_l1': 0.000882985391565891, 'lambda_l2': 1.0416456712341178, 'num_leaves': 56, 'feature_fraction': 0.4605488459162942, 'bagging_fraction': 0.9492244819526132, 'bagging_freq': 1, 'min_child_samples': 114}. Best is trial 138 with value: 0.822621617014696.
[I 2025-04-08 00:48:58,435] Trial 253 finished with value: 0.8203578351002794 and parameters: {'lambda_l1': 2.7109431334410667e-05, 'lambda_l2': 33.19473575807146, 'num_leaves': 43, 'feature_fraction': 0.5494778918776199, 'bagging_fraction': 0.9932171150376234, 'bagging_freq': 3, 'min_child_samples': 73}. Best is trial 138 with value: 0.822621617014696.
[I 2025-04-08 00:49:00,639] Trial 254 finished with value: 0.8194351923607487 and parameters: {'lambda_l1': 0.0014679753627704114, 'lambda_l2': 8.51152515366216, 'num_leaves': 52, 'feature_fraction': 0.4225784854381541, 'bagging_fraction': 0.9691450960689791, 'bagging_freq': 2, 'min_child_samples': 52}. Best is trial 138 with value: 0.822621617014696.
[I 2025-04-08 00:49:02,582] Trial 255 finished with value: 0.8206511779932203 and parameters: {'lambda_l1': 0.00010845971437990786, 'lambda_l2': 2.524924153749739, 'num_leaves': 48, 'feature_fraction': 0.4806328285925203, 'bagging_fraction': 0.9011708359807556, 'bagging_freq': 9, 'min_child_samples': 121}. Best is trial 138 with value: 0.822621617014696.
[I 2025-04-08 00:49:05,804] Trial 256 finished with value: 0.8205252688200387 and parameters: {'lambda_l1': 0.00019748980864124055, 'lambda_l2': 4.484400474596226, 'num_leaves': 109, 'feature_fraction': 0.4473324988086459, 'bagging_fraction': 0.8876843570672529, 'bagging_freq': 10, 'min_child_samples': 126}. Best is trial 138 with value: 0.822621617014696.
[I 2025-04-08 00:49:07,681] Trial 257 finished with value: 0.8198127792978258 and parameters: {'lambda_l1': 0.03876331865683914, 'lambda_l2': 1.7120271181624223e-05, 'num_leaves': 55, 'feature_fraction': 0.5190908219600182, 'bagging_fraction': 0.9991620312838957, 'bagging_freq': 2, 'min_child_samples': 59}. Best is trial 138 with value: 0.822621617014696.
[I 2025-04-08 00:49:09,448] Trial 258 finished with value: 0.8201480684847494 and parameters: {'lambda_l1': 1.2501381988291722, 'lambda_l2': 1.6532394003449329, 'num_leaves': 45, 'feature_fraction': 0.5911134891507652, 'bagging_fraction': 0.9522268901041991, 'bagging_freq': 3, 'min_child_samples': 118}. Best is trial 138 with value: 0.822621617014696.
[I 2025-04-08 00:49:11,246] Trial 259 finished with value: 0.820315800942254 and parameters: {'lambda_l1': 0.0005979252882636599, 'lambda_l2': 11.77327217628152, 'num_leaves': 40, 'feature_fraction': 0.49678980195928063, 'bagging_fraction': 0.9780955138846885, 'bagging_freq': 10, 'min_child_samples': 122}. Best is trial 138 with value: 0.822621617014696.
[I 2025-04-08 00:49:13,620] Trial 260 finished with value: 0.8199385478885393 and parameters: {'lambda_l1': 7.938008774209922, 'lambda_l2': 0.1268770212394003, 'num_leaves': 61, 'feature_fraction': 0.6540809930287933, 'bagging_fraction': 0.9207316406446514, 'bagging_freq': 2, 'min_child_samples': 116}. Best is trial 138 with value: 0.822621617014696.
[I 2025-04-08 00:49:16,163] Trial 261 finished with value: 0.8199804590369046 and parameters: {'lambda_l1': 0.0019493449489922357, 'lambda_l2': 0.6012980978380291, 'num_leaves': 50, 'feature_fraction': 0.46931427024414923, 'bagging_fraction': 0.9363684712721191, 'bagging_freq': 1, 'min_child_samples': 46}. Best is trial 138 with value: 0.822621617014696.
[I 2025-04-08 00:49:17,801] Trial 262 finished with value: 0.8209446438958213 and parameters: {'lambda_l1': 0.00034867855097014684, 'lambda_l2': 0.00028832378753610984, 'num_leaves': 36, 'feature_fraction': 0.6136613297644606, 'bagging_fraction': 0.9612365177685802, 'bagging_freq': 10, 'min_child_samples': 110}. Best is trial 138 with value: 0.822621617014696.
[I 2025-04-08 00:49:19,870] Trial 263 finished with value: 0.8194773671012424 and parameters: {'lambda_l1': 0.0008577895492392282, 'lambda_l2': 0.0610670027723264, 'num_leaves': 52, 'feature_fraction': 0.4904059668892768, 'bagging_fraction': 0.6964426242502507, 'bagging_freq': 11, 'min_child_samples': 128}. Best is trial 138 with value: 0.822621617014696.
[I 2025-04-08 00:49:21,455] Trial 264 finished with value: 0.8207352111636539 and parameters: {'lambda_l1': 7.299741033314566e-05, 'lambda_l2': 0.2520453823455073, 'num_leaves': 42, 'feature_fraction': 0.5292860483024495, 'bagging_fraction': 0.9124084125757183, 'bagging_freq': 14, 'min_child_samples': 124}. Best is trial 138 with value: 0.822621617014696.
[I 2025-04-08 00:49:23,211] Trial 265 finished with value: 0.8201900499243491 and parameters: {'lambda_l1': 0.00271211652852922, 'lambda_l2': 3.225672744687137, 'num_leaves': 46, 'feature_fraction': 0.5126514564327299, 'bagging_fraction': 0.9860025816400587, 'bagging_freq': 9, 'min_child_samples': 119}. Best is trial 138 with value: 0.822621617014696.
[I 2025-04-08 00:49:25,690] Trial 266 finished with value: 0.8188065427080753 and parameters: {'lambda_l1': 0.00017159223439133927, 'lambda_l2': 1.2361755365876932, 'num_leaves': 54, 'feature_fraction': 0.45581351200736864, 'bagging_fraction': 0.8567545325445104, 'bagging_freq': 2, 'min_child_samples': 7}. Best is trial 138 with value: 0.822621617014696.
[I 2025-04-08 00:49:27,894] Trial 267 finished with value: 0.8196029072454447 and parameters: {'lambda_l1': 0.008620391323219987, 'lambda_l2': 7.01293168651518, 'num_leaves': 58, 'feature_fraction': 0.43646578082568455, 'bagging_fraction': 0.9410134441264602, 'bagging_freq': 15, 'min_child_samples': 121}. Best is trial 138 with value: 0.822621617014696.
[I 2025-04-08 00:49:29,914] Trial 268 finished with value: 0.8199804414640962 and parameters: {'lambda_l1': 0.2262112946532623, 'lambda_l2': 21.947549175195483, 'num_leaves': 49, 'feature_fraction': 0.4756239557900591, 'bagging_fraction': 0.9718095864571201, 'bagging_freq': 10, 'min_child_samples': 125}. Best is trial 138 with value: 0.822621617014696.
[I 2025-04-08 00:49:31,480] Trial 269 finished with value: 0.8180517027172834 and parameters: {'lambda_l1': 0.00048728421303801783, 'lambda_l2': 2.0874148304397555, 'num_leaves': 44, 'feature_fraction': 0.5057290645220613, 'bagging_fraction': 0.4366992167955909, 'bagging_freq': 2, 'min_child_samples': 114}. Best is trial 138 with value: 0.822621617014696.
[I 2025-04-08 00:49:32,826] Trial 270 finished with value: 0.820190243225243 and parameters: {'lambda_l1': 7.350540011139346e-06, 'lambda_l2': 4.086737771631405, 'num_leaves': 32, 'feature_fraction': 0.631216166909217, 'bagging_fraction': 0.892702054527356, 'bagging_freq': 10, 'min_child_samples': 118}. Best is trial 138 with value: 0.822621617014696.
[I 2025-04-08 00:49:34,645] Trial 271 finished with value: 0.8209028206114987 and parameters: {'lambda_l1': 0.001079642233739645, 'lambda_l2': 3.665618634888738e-05, 'num_leaves': 51, 'feature_fraction': 0.4659015003187567, 'bagging_fraction': 0.8752572790663272, 'bagging_freq': 3, 'min_child_samples': 123}. Best is trial 138 with value: 0.822621617014696.
[I 2025-04-08 00:49:36,777] Trial 272 finished with value: 0.8198126738609746 and parameters: {'lambda_l1': 0.09263066104247122, 'lambda_l2': 0.9450878199274914, 'num_leaves': 47, 'feature_fraction': 0.48969371591423694, 'bagging_fraction': 0.9562736812986902, 'bagging_freq': 1, 'min_child_samples': 50}. Best is trial 138 with value: 0.822621617014696.
[I 2025-04-08 00:49:38,292] Trial 273 finished with value: 0.8199387236166246 and parameters: {'lambda_l1': 0.01639210905896473, 'lambda_l2': 0.4290744439873736, 'num_leaves': 39, 'feature_fraction': 0.6019007133909243, 'bagging_fraction': 0.9282689887054718, 'bagging_freq': 11, 'min_child_samples': 121}. Best is trial 138 with value: 0.822621617014696.
[I 2025-04-08 00:49:40,306] Trial 274 finished with value: 0.819602854527019 and parameters: {'lambda_l1': 0.00028489045870079874, 'lambda_l2': 14.849642809116707, 'num_leaves': 53, 'feature_fraction': 0.4499292660310821, 'bagging_fraction': 0.9879772799296723, 'bagging_freq': 10, 'min_child_samples': 116}. Best is trial 138 with value: 0.822621617014696.
[I 2025-04-08 00:49:42,312] Trial 275 finished with value: 0.8220348433647711 and parameters: {'lambda_l1': 0.003897825771100553, 'lambda_l2': 6.129704801014205, 'num_leaves': 48, 'feature_fraction': 0.5772185547307133, 'bagging_fraction': 0.9094468371034868, 'bagging_freq': 13, 'min_child_samples': 55}. Best is trial 138 with value: 0.822621617014696.
[I 2025-04-08 00:49:44,181] Trial 276 finished with value: 0.8200646152169979 and parameters: {'lambda_l1': 0.004171338516041714, 'lambda_l2': 1.3378606780435925e-08, 'num_leaves': 42, 'feature_fraction': 0.5421501547955839, 'bagging_fraction': 0.9069478581196884, 'bagging_freq': 13, 'min_child_samples': 30}. Best is trial 138 with value: 0.822621617014696.
[I 2025-04-08 00:49:48,045] Trial 277 finished with value: 0.8201479806207068 and parameters: {'lambda_l1': 4.834811475016848e-05, 'lambda_l2': 0.0001164613684756597, 'num_leaves': 47, 'feature_fraction': 0.5557298720871325, 'bagging_fraction': 0.8971874578055403, 'bagging_freq': 13, 'min_child_samples': 55}. Best is trial 138 with value: 0.822621617014696.
[I 2025-04-08 00:49:52,698] Trial 278 finished with value: 0.8208190334603847 and parameters: {'lambda_l1': 0.004966294324899147, 'lambda_l2': 9.869721075401843, 'num_leaves': 44, 'feature_fraction': 0.5807378416439353, 'bagging_fraction': 0.9157568900764957, 'bagging_freq': 13, 'min_child_samples': 60}. Best is trial 138 with value: 0.822621617014696.
[I 2025-04-08 00:49:55,049] Trial 279 finished with value: 0.8205255851305925 and parameters: {'lambda_l1': 0.00010660339569644765, 'lambda_l2': 2.3750985861654557, 'num_leaves': 56, 'feature_fraction': 0.5724474653610137, 'bagging_fraction': 0.9256739906879523, 'bagging_freq': 14, 'min_child_samples': 52}. Best is trial 138 with value: 0.822621617014696.
[I 2025-04-08 00:49:56,876] Trial 280 finished with value: 0.8205674259877236 and parameters: {'lambda_l1': 2.1856558335191302e-05, 'lambda_l2': 6.856460134447837, 'num_leaves': 34, 'feature_fraction': 0.4776354731123156, 'bagging_fraction': 0.9429039008485643, 'bagging_freq': 12, 'min_child_samples': 57}. Best is trial 138 with value: 0.822621617014696.
[I 2025-04-08 00:49:58,362] Trial 281 finished with value: 0.8211964446693762 and parameters: {'lambda_l1': 2.1077305399733763, 'lambda_l2': 1.4101248126163288, 'num_leaves': 37, 'feature_fraction': 0.5013642162635579, 'bagging_fraction': 0.8811994060529149, 'bagging_freq': 13, 'min_child_samples': 48}. Best is trial 138 with value: 0.822621617014696.
[I 2025-04-08 00:49:59,672] Trial 282 finished with value: 0.8208609446087503 and parameters: {'lambda_l1': 1.909265016320807, 'lambda_l2': 0.8770442306342155, 'num_leaves': 28, 'feature_fraction': 0.5184291370952401, 'bagging_fraction': 0.8845704105400592, 'bagging_freq': 13, 'min_child_samples': 48}. Best is trial 138 with value: 0.822621617014696.
[I 2025-04-08 00:50:01,305] Trial 283 finished with value: 0.8202736613473774 and parameters: {'lambda_l1': 4.645232878944475, 'lambda_l2': 1.4145994022992627, 'num_leaves': 39, 'feature_fraction': 0.50007645327735, 'bagging_fraction': 0.8710318461344597, 'bagging_freq': 12, 'min_child_samples': 50}. Best is trial 138 with value: 0.822621617014696.
[I 2025-04-08 00:50:02,745] Trial 284 finished with value: 0.8211125345086028 and parameters: {'lambda_l1': 0.0005432031638975374, 'lambda_l2': 0.49492089997688404, 'num_leaves': 35, 'feature_fraction': 0.5330235162481514, 'bagging_fraction': 0.9029047758916225, 'bagging_freq': 13, 'min_child_samples': 39}. Best is trial 138 with value: 0.822621617014696.
[I 2025-04-08 00:50:04,407] Trial 285 finished with value: 0.8211545510938194 and parameters: {'lambda_l1': 2.5653132161821226, 'lambda_l2': 2.3819513537810313e-07, 'num_leaves': 36, 'feature_fraction': 0.5381870627978932, 'bagging_fraction': 0.9075808312454399, 'bagging_freq': 13, 'min_child_samples': 38}. Best is trial 138 with value: 0.822621617014696.
[I 2025-04-08 00:50:05,986] Trial 286 finished with value: 0.82027387222108 and parameters: {'lambda_l1': 1.2750684078941157, 'lambda_l2': 1.8519757820387376e-07, 'num_leaves': 31, 'feature_fraction': 0.5356769735916855, 'bagging_fraction': 0.9061843793412049, 'bagging_freq': 13, 'min_child_samples': 41}. Best is trial 138 with value: 0.822621617014696.
[I 2025-04-08 00:50:08,038] Trial 287 finished with value: 0.8209027678930731 and parameters: {'lambda_l1': 2.4660220751865625, 'lambda_l2': 2.516346725712293e-07, 'num_leaves': 36, 'feature_fraction': 0.5467711987156553, 'bagging_fraction': 0.8825560331986368, 'bagging_freq': 13, 'min_child_samples': 38}. Best is trial 138 with value: 0.822621617014696.
[I 2025-04-08 00:50:09,478] Trial 288 finished with value: 0.8201482793584519 and parameters: {'lambda_l1': 0.8672586682626503, 'lambda_l2': 1.1323019617398894e-07, 'num_leaves': 34, 'feature_fraction': 0.5268503884641051, 'bagging_fraction': 0.8963976989461867, 'bagging_freq': 13, 'min_child_samples': 35}. Best is trial 138 with value: 0.822621617014696.
[I 2025-04-08 00:50:11,172] Trial 289 finished with value: 0.820693089141586 and parameters: {'lambda_l1': 3.5865097671611608, 'lambda_l2': 5.414731132625224e-08, 'num_leaves': 35, 'feature_fraction': 0.5618764928941887, 'bagging_fraction': 0.9132774276948183, 'bagging_freq': 14, 'min_child_samples': 38}. Best is trial 138 with value: 0.822621617014696.
[I 2025-04-08 00:50:12,761] Trial 290 finished with value: 0.8172556193448506 and parameters: {'lambda_l1': 9.124382843994168, 'lambda_l2': 8.007694421621947e-07, 'num_leaves': 37, 'feature_fraction': 0.5449808542863561, 'bagging_fraction': 0.5844133822550832, 'bagging_freq': 13, 'min_child_samples': 56}. Best is trial 138 with value: 0.822621617014696.
[I 2025-04-08 00:50:14,101] Trial 291 finished with value: 0.8174653508147633 and parameters: {'lambda_l1': 0.5526072544978315, 'lambda_l2': 0.2016157652292236, 'num_leaves': 24, 'feature_fraction': 0.5373770200903567, 'bagging_fraction': 0.932334971847459, 'bagging_freq': 12, 'min_child_samples': 44}. Best is trial 138 with value: 0.822621617014696.
[I 2025-04-08 00:50:15,671] Trial 292 finished with value: 0.8190162566051795 and parameters: {'lambda_l1': 2.5513127878459785, 'lambda_l2': 2.598875752839452e-08, 'num_leaves': 31, 'feature_fraction': 0.5154332466714773, 'bagging_fraction': 0.8955340233963286, 'bagging_freq': 13, 'min_child_samples': 33}. Best is trial 138 with value: 0.822621617014696.
[I 2025-04-08 00:50:17,833] Trial 293 finished with value: 0.8201061397635755 and parameters: {'lambda_l1': 1.8146446120610815, 'lambda_l2': 0.4442568015091127, 'num_leaves': 37, 'feature_fraction': 0.528864576597206, 'bagging_fraction': 0.9126464993888515, 'bagging_freq': 13, 'min_child_samples': 41}. Best is trial 138 with value: 0.822621617014696.
[I 2025-04-08 00:50:19,603] Trial 294 finished with value: 0.8202320137911402 and parameters: {'lambda_l1': 0.0005988770764470196, 'lambda_l2': 17.66509140989287, 'num_leaves': 40, 'feature_fraction': 0.5063500717882562, 'bagging_fraction': 0.949492348732671, 'bagging_freq': 14, 'min_child_samples': 46}. Best is trial 138 with value: 0.822621617014696.
[I 2025-04-08 00:50:21,088] Trial 295 finished with value: 0.8173393010591132 and parameters: {'lambda_l1': 15.233796563334645, 'lambda_l2': 0.0006832415974420301, 'num_leaves': 38, 'feature_fraction': 0.5612866141285007, 'bagging_fraction': 0.8381703294581704, 'bagging_freq': 13, 'min_child_samples': 52}. Best is trial 138 with value: 0.822621617014696.
[I 2025-04-08 00:50:22,671] Trial 296 finished with value: 0.8196870282799209 and parameters: {'lambda_l1': 1.3344735924214852, 'lambda_l2': 5.080913905027245e-07, 'num_leaves': 41, 'feature_fraction': 0.5214600265249646, 'bagging_fraction': 0.9264622086174092, 'bagging_freq': 12, 'min_child_samples': 54}. Best is trial 138 with value: 0.822621617014696.
[I 2025-04-08 00:50:24,090] Trial 297 finished with value: 0.8194354208072596 and parameters: {'lambda_l1': 6.666438148574281, 'lambda_l2': 1.1142385109257952e-06, 'num_leaves': 33, 'feature_fraction': 0.5105036706447456, 'bagging_fraction': 0.8871251461580685, 'bagging_freq': 13, 'min_child_samples': 103}. Best is trial 138 with value: 0.822621617014696.
[I 2025-04-08 00:50:26,657] Trial 298 finished with value: 0.8204834982541416 and parameters: {'lambda_l1': 4.111872166584724, 'lambda_l2': 2.921903014504492e-07, 'num_leaves': 64, 'feature_fraction': 0.5531584069775338, 'bagging_fraction': 0.9405811567693338, 'bagging_freq': 13, 'min_child_samples': 44}. Best is trial 138 with value: 0.822621617014696.
[I 2025-04-08 00:50:28,801] Trial 299 finished with value: 0.8197708857222687 and parameters: {'lambda_l1': 0.329786513295925, 'lambda_l2': 0.01303529059868155, 'num_leaves': 36, 'feature_fraction': 0.49210105973149704, 'bagging_fraction': 0.9034737965217646, 'bagging_freq': 8, 'min_child_samples': 36}. Best is trial 138 with value: 0.822621617014696.
[I 2025-04-08 00:50:30,503] Trial 300 finished with value: 0.8168781554174332 and parameters: {'lambda_l1': 0.0003463573765509575, 'lambda_l2': 89.74964537968634, 'num_leaves': 42, 'feature_fraction': 0.5311559182079025, 'bagging_fraction': 0.9616764620152294, 'bagging_freq': 12, 'min_child_samples': 48}. Best is trial 138 with value: 0.822621617014696.
[I 2025-04-08 00:50:31,976] Trial 301 finished with value: 0.8192258826382408 and parameters: {'lambda_l1': 0.00023329792045632326, 'lambda_l2': 0.28256067875771956, 'num_leaves': 30, 'feature_fraction': 0.49867872986861017, 'bagging_fraction': 0.9202580820090749, 'bagging_freq': 14, 'min_child_samples': 2}. Best is trial 138 with value: 0.822621617014696.
[I 2025-04-08 00:50:33,637] Trial 302 finished with value: 0.8187229664306639 and parameters: {'lambda_l1': 0.010300657484471485, 'lambda_l2': 3.2785387590418957e-06, 'num_leaves': 39, 'feature_fraction': 0.5251985016255438, 'bagging_fraction': 0.8708950596324839, 'bagging_freq': 5, 'min_child_samples': 39}. Best is trial 138 with value: 0.822621617014696.
[I 2025-04-08 00:50:35,384] Trial 303 finished with value: 0.8187229664306639 and parameters: {'lambda_l1': 0.00041656319810669576, 'lambda_l2': 6.022023434428659e-09, 'num_leaves': 44, 'feature_fraction': 0.7074391272989464, 'bagging_fraction': 0.950027447569264, 'bagging_freq': 2, 'min_child_samples': 30}. Best is trial 138 with value: 0.822621617014696.
[I 2025-04-08 00:50:35,593] A new study created in RDB with name: lightgbm-num_features-9
[I 2025-04-08 00:50:37,351] Trial 0 finished with value: 0.819393404222043 and parameters: {'lambda_l1': 0.0004601974825138472, 'lambda_l2': 6.699157009534451, 'num_leaves': 39, 'feature_fraction': 0.5080021368527293, 'bagging_fraction': 0.9742883177607045, 'bagging_freq': 2, 'min_child_samples': 120}. Best is trial 0 with value: 0.819393404222043.
[I 2025-04-08 00:50:40,055] Trial 1 finished with value: 0.81809384231216 and parameters: {'lambda_l1': 4.0000448915413895e-08, 'lambda_l2': 0.06912411840739927, 'num_leaves': 60, 'feature_fraction': 0.7554451200203685, 'bagging_fraction': 0.803869447128718, 'bagging_freq': 8, 'min_child_samples': 111}. Best is trial 0 with value: 0.819393404222043.
[I 2025-04-08 00:50:40,839] Trial 2 finished with value: 0.8159559344253078 and parameters: {'lambda_l1': 0.0039046222858967056, 'lambda_l2': 2.8096369508165837e-08, 'num_leaves': 14, 'feature_fraction': 0.7288775930513898, 'bagging_fraction': 0.6771609734016415, 'bagging_freq': 8, 'min_child_samples': 44}. Best is trial 0 with value: 0.819393404222043.
[I 2025-04-08 00:50:41,731] Trial 3 finished with value: 0.8166266006631977 and parameters: {'lambda_l1': 6.964463151376258e-08, 'lambda_l2': 3.8448067515949384e-07, 'num_leaves': 18, 'feature_fraction': 0.5956443123368267, 'bagging_fraction': 0.5379319931225715, 'bagging_freq': 5, 'min_child_samples': 105}. Best is trial 0 with value: 0.819393404222043.
[I 2025-04-08 00:50:42,663] Trial 4 finished with value: 0.8162074716067345 and parameters: {'lambda_l1': 7.379796518606239e-07, 'lambda_l2': 9.741367179325986, 'num_leaves': 17, 'feature_fraction': 0.5897569299777429, 'bagging_fraction': 0.745990991640618, 'bagging_freq': 7, 'min_child_samples': 66}. Best is trial 0 with value: 0.819393404222043.
