[I 2025-04-08 21:10:29,290] Trial 34 finished with value: 0.8123923094360711 and parameters: {'max_depth': 10, 'learning_rate': 0.07529980538796596, 'n_estimators': 127, 'gamma': 0.2795370186949641, 'min_child_weight': 2, 'subsample': 0.7428750277690911, 'colsample_bytree': 0.7666126007415287}. Best is trial 25 with value: 0.8137339230767878.
[I 2025-04-08 21:10:31,154] Trial 35 finished with value: 0.7602809716357297 and parameters: {'max_depth': 13, 'learning_rate': 0.007258064869997074, 'n_estimators': 136, 'gamma': 0.2145977671658884, 'min_child_weight': 4, 'subsample': 0.9983770596211208, 'colsample_bytree': 0.9130005231842621}. Best is trial 25 with value: 0.8137339230767878.
[I 2025-04-08 21:10:33,416] Trial 36 finished with value: 0.6377394866279713 and parameters: {'max_depth': 17, 'learning_rate': 0.0008468938944060473, 'n_estimators': 169, 'gamma': 0.34934011281969873, 'min_child_weight': 3, 'subsample': 0.6792332970230075, 'colsample_bytree': 0.7770505077250774}. Best is trial 25 with value: 0.8137339230767878.
[I 2025-04-08 21:10:34,768] Trial 37 finished with value: 0.8111345883833192 and parameters: {'max_depth': 11, 'learning_rate': 0.036404743759007575, 'n_estimators': 128, 'gamma': 0.11663699605788475, 'min_child_weight': 4, 'subsample': 0.8113480251724541, 'colsample_bytree': 0.8682789355134379}. Best is trial 25 with value: 0.8137339230767878.
[I 2025-04-08 21:10:35,949] Trial 38 finished with value: 0.8114282300140057 and parameters: {'max_depth': 7, 'learning_rate': 0.18382764843563756, 'n_estimators': 157, 'gamma': 0.1931211638057832, 'min_child_weight': 2, 'subsample': 0.7149721371845812, 'colsample_bytree': 0.9282859157843514}. Best is trial 25 with value: 0.8137339230767878.
[I 2025-04-08 21:10:37,809] Trial 39 finished with value: 0.8109670316539 and parameters: {'max_depth': 10, 'learning_rate': 0.055330005993471196, 'n_estimators': 121, 'gamma': 0.269387714952872, 'min_child_weight': 2, 'subsample': 0.7528490790171651, 'colsample_bytree': 0.8265802322191642}. Best is trial 25 with value: 0.8137339230767878.
[I 2025-04-08 21:10:38,684] Trial 40 finished with value: 0.7606164716963559 and parameters: {'max_depth': 5, 'learning_rate': 0.009002457171978197, 'n_estimators': 139, 'gamma': 0.2916693475397035, 'min_child_weight': 5, 'subsample': 0.8473251014585147, 'colsample_bytree': 0.6764278887654719}. Best is trial 25 with value: 0.8137339230767878.
[I 2025-04-08 21:10:39,897] Trial 41 finished with value: 0.8120990895527896 and parameters: {'max_depth': 9, 'learning_rate': 0.10844271110022351, 'n_estimators': 117, 'gamma': 0.26307896922908436, 'min_child_weight': 2, 'subsample': 0.7532516729562172, 'colsample_bytree': 0.7731746436539002}. Best is trial 25 with value: 0.8137339230767878.
[I 2025-04-08 21:10:40,924] Trial 42 finished with value: 0.8136501886440997 and parameters: {'max_depth': 8, 'learning_rate': 0.12583032990340712, 'n_estimators': 101, 'gamma': 0.23489287586337193, 'min_child_weight': 3, 'subsample': 0.7571638912260136, 'colsample_bytree': 0.7678444694097247}. Best is trial 25 with value: 0.8137339230767878.
[I 2025-04-08 21:10:41,927] Trial 43 finished with value: 0.8049718571471247 and parameters: {'max_depth': 7, 'learning_rate': 0.03240155443561062, 'n_estimators': 94, 'gamma': 0.2288625251858435, 'min_child_weight': 3, 'subsample': 0.6962922996084766, 'colsample_bytree': 0.7683166923798977}. Best is trial 25 with value: 0.8137339230767878.
[I 2025-04-08 21:10:43,615] Trial 44 finished with value: 0.8056428045499515 and parameters: {'max_depth': 16, 'learning_rate': 0.36897787121059017, 'n_estimators': 105, 'gamma': 0.2102052158684367, 'min_child_weight': 3, 'subsample': 0.769011805644189, 'colsample_bytree': 0.8531072431766176}. Best is trial 25 with value: 0.8137339230767878.
[I 2025-04-08 21:10:44,814] Trial 45 finished with value: 0.8118474293617028 and parameters: {'max_depth': 6, 'learning_rate': 0.0702542068682639, 'n_estimators': 160, 'gamma': 0.3198010477981891, 'min_child_weight': 1, 'subsample': 0.6727255976109611, 'colsample_bytree': 0.7383892226756196}. Best is trial 25 with value: 0.8137339230767878.
[I 2025-04-08 21:10:46,790] Trial 46 finished with value: 0.6377394866279713 and parameters: {'max_depth': 13, 'learning_rate': 0.001998693270946611, 'n_estimators': 142, 'gamma': 0.2530504190065811, 'min_child_weight': 4, 'subsample': 0.7342559909132369, 'colsample_bytree': 0.6943594961980505}. Best is trial 25 with value: 0.8137339230767878.
[I 2025-04-08 21:10:48,293] Trial 47 finished with value: 0.6377394866279713 and parameters: {'max_depth': 4, 'learning_rate': 5.9272721240539444e-05, 'n_estimators': 190, 'gamma': 0.38724086296741306, 'min_child_weight': 1, 'subsample': 0.710470707578393, 'colsample_bytree': 0.8156194216728714}. Best is trial 25 with value: 0.8137339230767878.
[I 2025-04-08 21:10:49,456] Trial 48 finished with value: 0.8133984581617788 and parameters: {'max_depth': 8, 'learning_rate': 0.20064256549067183, 'n_estimators': 126, 'gamma': 0.298596618497058, 'min_child_weight': 7, 'subsample': 0.7985321444188128, 'colsample_bytree': 0.7237630080736491}. Best is trial 25 with value: 0.8137339230767878.
[I 2025-04-08 21:10:50,159] Trial 49 finished with value: 0.7876575446217541 and parameters: {'max_depth': 8, 'learning_rate': 0.2386142757429696, 'n_estimators': 88, 'gamma': 0.5980794529918538, 'min_child_weight': 7, 'subsample': 0.885881457530057, 'colsample_bytree': 0.656968084184647}. Best is trial 25 with value: 0.8137339230767878.
[I 2025-04-08 21:10:51,037] Trial 50 finished with value: 0.8136501007800568 and parameters: {'max_depth': 6, 'learning_rate': 0.1427782607160505, 'n_estimators': 113, 'gamma': 0.09681693426426466, 'min_child_weight': 7, 'subsample': 0.8127230070546531, 'colsample_bytree': 0.7232959575447974}. Best is trial 25 with value: 0.8137339230767878.
[I 2025-04-08 21:10:52,086] Trial 51 finished with value: 0.812853490223368 and parameters: {'max_depth': 8, 'learning_rate': 0.13335208606347115, 'n_estimators': 107, 'gamma': 0.08910482191825905, 'min_child_weight': 7, 'subsample': 0.8377932404419041, 'colsample_bytree': 0.7219483904340801}. Best is trial 25 with value: 0.8137339230767878.
[I 2025-04-08 21:10:53,228] Trial 52 finished with value: 0.8108410873351012 and parameters: {'max_depth': 8, 'learning_rate': 0.44469615193523465, 'n_estimators': 123, 'gamma': 0.0822717702340674, 'min_child_weight': 7, 'subsample': 0.8084783071260891, 'colsample_bytree': 0.7165618071348675}. Best is trial 25 with value: 0.8137339230767878.
[I 2025-04-08 21:10:54,359] Trial 53 finished with value: 0.8133146007194307 and parameters: {'max_depth': 6, 'learning_rate': 0.13543312592733978, 'n_estimators': 113, 'gamma': 0.04107210120245232, 'min_child_weight': 6, 'subsample': 0.8490470218950688, 'colsample_bytree': 0.6942460037057988}. Best is trial 25 with value: 0.8137339230767878.
[I 2025-04-08 21:10:55,309] Trial 54 finished with value: 0.7574721690644763 and parameters: {'max_depth': 8, 'learning_rate': 0.023643944362212815, 'n_estimators': 87, 'gamma': 0.006518714547386839, 'min_child_weight': 6, 'subsample': 0.8784387188161527, 'colsample_bytree': 0.6620470954797288}. Best is trial 25 with value: 0.8137339230767878.
[I 2025-04-08 21:10:56,783] Trial 55 finished with value: 0.7933172014950944 and parameters: {'max_depth': 6, 'learning_rate': 0.2482338171416663, 'n_estimators': 209, 'gamma': 0.09509519215303266, 'min_child_weight': 6, 'subsample': 0.8413967208239526, 'colsample_bytree': 0.6331090824591217}. Best is trial 25 with value: 0.8137339230767878.
[I 2025-04-08 21:10:59,932] Trial 56 finished with value: 0.7940718833306095 and parameters: {'max_depth': 11, 'learning_rate': 0.4995649162416578, 'n_estimators': 300, 'gamma': 0.04486758747540197, 'min_child_weight': 7, 'subsample': 0.8571746176746908, 'colsample_bytree': 0.5832762377615557}. Best is trial 25 with value: 0.8137339230767878.
[I 2025-04-08 21:11:00,551] Trial 57 finished with value: 0.8002346321396125 and parameters: {'max_depth': 4, 'learning_rate': 0.054842029107188967, 'n_estimators': 111, 'gamma': 0.03483108787971442, 'min_child_weight': 7, 'subsample': 0.9028528128126709, 'colsample_bytree': 0.6930242304360348}. Best is trial 25 with value: 0.8137339230767878.
[I 2025-04-08 21:11:01,276] Trial 58 finished with value: 0.8136083302141598 and parameters: {'max_depth': 7, 'learning_rate': 0.10612308130514002, 'n_estimators': 82, 'gamma': 0.13127287708419635, 'min_child_weight': 7, 'subsample': 0.7931990973906795, 'colsample_bytree': 0.6918365615016818}. Best is trial 25 with value: 0.8137339230767878.
[I 2025-04-08 21:11:01,726] Trial 59 finished with value: 0.7520640142269458 and parameters: {'max_depth': 4, 'learning_rate': 0.011386707954442542, 'n_estimators': 64, 'gamma': 0.13182617180979206, 'min_child_weight': 6, 'subsample': 0.7971762179104455, 'colsample_bytree': 0.6913815943465149}. Best is trial 25 with value: 0.8137339230767878.
[I 2025-04-08 21:11:02,666] Trial 60 finished with value: 0.6377394866279713 and parameters: {'max_depth': 26, 'learning_rate': 1.0323937077191467e-05, 'n_estimators': 79, 'gamma': 0.06165454334782117, 'min_child_weight': 7, 'subsample': 0.820223072376833, 'colsample_bytree': 0.5875987914483967}. Best is trial 25 with value: 0.8137339230767878.
[I 2025-04-08 21:11:03,416] Trial 61 finished with value: 0.8130212402536812 and parameters: {'max_depth': 7, 'learning_rate': 0.11100197202335457, 'n_estimators': 94, 'gamma': 0.10303893024571115, 'min_child_weight': 7, 'subsample': 0.7902550007060876, 'colsample_bytree': 0.7238650335368014}. Best is trial 25 with value: 0.8137339230767878.
[I 2025-04-08 21:11:04,093] Trial 62 finished with value: 0.8112185161169012 and parameters: {'max_depth': 6, 'learning_rate': 0.10316541420888967, 'n_estimators': 97, 'gamma': 0.16223148583341163, 'min_child_weight': 6, 'subsample': 0.787778229404081, 'colsample_bytree': 0.7336618609749866}. Best is trial 25 with value: 0.8137339230767878.
[I 2025-04-08 21:11:04,958] Trial 63 finished with value: 0.8129794345421668 and parameters: {'max_depth': 10, 'learning_rate': 0.21808253061238841, 'n_estimators': 80, 'gamma': 0.10094022984430856, 'min_child_weight': 5, 'subsample': 0.7705913307826875, 'colsample_bytree': 0.7013788722433589}. Best is trial 25 with value: 0.8137339230767878.
[I 2025-04-08 21:11:05,700] Trial 64 finished with value: 0.8135243321893435 and parameters: {'max_depth': 7, 'learning_rate': 0.33445970348086596, 'n_estimators': 94, 'gamma': 0.029896586871472078, 'min_child_weight': 7, 'subsample': 0.7988823183869148, 'colsample_bytree': 0.7850614496467629}. Best is trial 25 with value: 0.8137339230767878.
[I 2025-04-08 21:11:07,439] Trial 65 finished with value: 0.8090802216282613 and parameters: {'max_depth': 7, 'learning_rate': 0.6790664747817706, 'n_estimators': 248, 'gamma': 0.029477695119793812, 'min_child_weight': 7, 'subsample': 0.864176199136678, 'colsample_bytree': 0.7864574025714203}. Best is trial 25 with value: 0.8137339230767878.
[I 2025-04-08 21:11:09,260] Trial 66 finished with value: 0.8096673291615485 and parameters: {'max_depth': 19, 'learning_rate': 0.33862478996249806, 'n_estimators': 72, 'gamma': 0.0191817258862173, 'min_child_weight': 6, 'subsample': 0.9263231969890393, 'colsample_bytree': 0.7991134308887171}. Best is trial 25 with value: 0.8137339230767878.
[I 2025-04-08 21:11:09,753] Trial 67 finished with value: 0.8104219407058293 and parameters: {'max_depth': 4, 'learning_rate': 0.18448970930103847, 'n_estimators': 62, 'gamma': 0.06406537732835275, 'min_child_weight': 7, 'subsample': 0.8258268950165052, 'colsample_bytree': 0.6757892253218483}. Best is trial 25 with value: 0.8137339230767878.
[I 2025-04-08 21:11:10,506] Trial 68 finished with value: 0.7946587272717688 and parameters: {'max_depth': 6, 'learning_rate': 0.943456140406532, 'n_estimators': 117, 'gamma': 0.14057018148724854, 'min_child_weight': 6, 'subsample': 0.7617529150261709, 'colsample_bytree': 0.6097340094283318}. Best is trial 25 with value: 0.8137339230767878.
[I 2025-04-08 21:11:11,605] Trial 69 finished with value: 0.8095831729814555 and parameters: {'max_depth': 12, 'learning_rate': 0.5148901247520976, 'n_estimators': 82, 'gamma': 0.07049188213510477, 'min_child_weight': 7, 'subsample': 0.8025016839532341, 'colsample_bytree': 0.7098376030561813}. Best is trial 25 with value: 0.8137339230767878.
[I 2025-04-08 21:11:12,586] Trial 70 finished with value: 0.8033369709047008 and parameters: {'max_depth': 9, 'learning_rate': 0.023977736872712502, 'n_estimators': 91, 'gamma': 0.0021489725275857657, 'min_child_weight': 6, 'subsample': 0.8341758298949791, 'colsample_bytree': 0.741166378476549}. Best is trial 25 with value: 0.8137339230767878.
[I 2025-04-08 21:11:13,399] Trial 71 finished with value: 0.8131885861093977 and parameters: {'max_depth': 7, 'learning_rate': 0.10962080671307775, 'n_estimators': 103, 'gamma': 0.11577865131710804, 'min_child_weight': 7, 'subsample': 0.7914731922653051, 'colsample_bytree': 0.7224334789647242}. Best is trial 25 with value: 0.8137339230767878.
[I 2025-04-08 21:11:14,278] Trial 72 finished with value: 0.8139853723941721 and parameters: {'max_depth': 8, 'learning_rate': 0.2728694218930455, 'n_estimators': 103, 'gamma': 0.11728536857612001, 'min_child_weight': 7, 'subsample': 0.781816726208561, 'colsample_bytree': 0.7500652122993421}. Best is trial 72 with value: 0.8139853723941721.
[I 2025-04-08 21:11:15,208] Trial 73 finished with value: 0.8122248054250776 and parameters: {'max_depth': 8, 'learning_rate': 0.27198815563001477, 'n_estimators': 112, 'gamma': 0.1954492878190317, 'min_child_weight': 7, 'subsample': 0.7797301189097025, 'colsample_bytree': 0.7823164996521447}. Best is trial 72 with value: 0.8139853723941721.
[I 2025-04-08 21:11:16,662] Trial 74 finished with value: 0.8136081896316915 and parameters: {'max_depth': 10, 'learning_rate': 0.189804991054235, 'n_estimators': 133, 'gamma': 0.15509670601257672, 'min_child_weight': 7, 'subsample': 0.8509459699161099, 'colsample_bytree': 0.7569480485391229}. Best is trial 72 with value: 0.8139853723941721.
[I 2025-04-08 21:11:18,188] Trial 75 finished with value: 0.8129373828113332 and parameters: {'max_depth': 10, 'learning_rate': 0.18375727467282968, 'n_estimators': 144, 'gamma': 0.1602639437632922, 'min_child_weight': 7, 'subsample': 0.8160174810995934, 'colsample_bytree': 0.7572580093247223}. Best is trial 72 with value: 0.8139853723941721.
[I 2025-04-08 21:11:20,138] Trial 76 finished with value: 0.8126019706147496 and parameters: {'max_depth': 9, 'learning_rate': 0.0690440427594016, 'n_estimators': 131, 'gamma': 0.12706592868268188, 'min_child_weight': 7, 'subsample': 0.766880661311551, 'colsample_bytree': 0.806627814287788}. Best is trial 72 with value: 0.8139853723941721.
[I 2025-04-08 21:11:21,318] Trial 77 finished with value: 0.6377394866279713 and parameters: {'max_depth': 12, 'learning_rate': 0.0004009442876195967, 'n_estimators': 99, 'gamma': 0.1816380696707817, 'min_child_weight': 7, 'subsample': 0.7296117189917201, 'colsample_bytree': 0.8314159648413222}. Best is trial 72 with value: 0.8139853723941721.
[I 2025-04-08 21:11:22,262] Trial 78 finished with value: 0.811721485042904 and parameters: {'max_depth': 10, 'learning_rate': 0.3910822505614389, 'n_estimators': 107, 'gamma': 0.34641657297230427, 'min_child_weight': 7, 'subsample': 0.8037491439382439, 'colsample_bytree': 0.7439453680413504}. Best is trial 72 with value: 0.8139853723941721.
[I 2025-04-08 21:11:23,955] Trial 79 finished with value: 0.8125601473304268 and parameters: {'max_depth': 14, 'learning_rate': 0.0500862198311678, 'n_estimators': 122, 'gamma': 0.22913494797664818, 'min_child_weight': 7, 'subsample': 0.7077018677048454, 'colsample_bytree': 0.7687771342029184}. Best is trial 72 with value: 0.8139853723941721.
[I 2025-04-08 21:11:24,792] Trial 80 finished with value: 0.8125603933497463 and parameters: {'max_depth': 5, 'learning_rate': 0.32305423402388606, 'n_estimators': 133, 'gamma': 0.3015096545446989, 'min_child_weight': 7, 'subsample': 0.7562339524571009, 'colsample_bytree': 0.795063163615284}. Best is trial 72 with value: 0.8139853723941721.
[I 2025-04-08 21:11:25,585] Trial 81 finished with value: 0.7846810623114218 and parameters: {'max_depth': 6, 'learning_rate': 0.16454634444834426, 'n_estimators': 118, 'gamma': 0.04864619225673315, 'min_child_weight': 6, 'subsample': 0.8512960413663545, 'colsample_bytree': 0.5060869505651948}. Best is trial 72 with value: 0.8139853723941721.
[I 2025-04-08 21:11:26,516] Trial 82 finished with value: 0.8083681538534533 and parameters: {'max_depth': 8, 'learning_rate': 0.7292662941551188, 'n_estimators': 86, 'gamma': 0.07080550794470668, 'min_child_weight': 6, 'subsample': 0.8916651340949016, 'colsample_bytree': 0.7521700628788749}. Best is trial 72 with value: 0.8139853723941721.
[I 2025-04-08 21:11:27,187] Trial 83 finished with value: 0.8100028467949834 and parameters: {'max_depth': 4, 'learning_rate': 0.13915261927467806, 'n_estimators': 102, 'gamma': 0.14359730764107909, 'min_child_weight': 5, 'subsample': 0.8254022427175872, 'colsample_bytree': 0.7042965321060302}. Best is trial 72 with value: 0.8139853723941721.
[I 2025-04-08 21:11:28,139] Trial 84 finished with value: 0.8134405977566553 and parameters: {'max_depth': 6, 'learning_rate': 0.26619144096686037, 'n_estimators': 126, 'gamma': 0.11501892439477812, 'min_child_weight': 7, 'subsample': 0.7385811477937128, 'colsample_bytree': 0.6877639908423308}. Best is trial 72 with value: 0.8139853723941721.
[I 2025-04-08 21:11:29,086] Trial 85 finished with value: 0.812853490223368 and parameters: {'max_depth': 5, 'learning_rate': 0.2762181491930395, 'n_estimators': 154, 'gamma': 0.1729225276257916, 'min_child_weight': 7, 'subsample': 0.776924127088583, 'colsample_bytree': 0.6810973073295074}. Best is trial 72 with value: 0.8139853723941721.
[I 2025-04-08 21:11:30,742] Trial 86 finished with value: 0.8099608829281921 and parameters: {'max_depth': 7, 'learning_rate': 0.5422721246198547, 'n_estimators': 162, 'gamma': 0.24621821708827374, 'min_child_weight': 7, 'subsample': 0.7334866867334142, 'colsample_bytree': 0.7322719533557157}. Best is trial 72 with value: 0.8139853723941721.
[I 2025-04-08 21:11:31,344] Trial 87 finished with value: 0.7601553260546761 and parameters: {'max_depth': 3, 'learning_rate': 0.07711661324150801, 'n_estimators': 125, 'gamma': 0.11344408023085654, 'min_child_weight': 7, 'subsample': 0.740370808793199, 'colsample_bytree': 0.6392065742500871}. Best is trial 72 with value: 0.8139853723941721.
[I 2025-04-08 21:11:32,817] Trial 88 finished with value: 0.8119311637943911 and parameters: {'max_depth': 9, 'learning_rate': 0.207647730554878, 'n_estimators': 138, 'gamma': 0.1440779106483381, 'min_child_weight': 3, 'subsample': 0.6657937790754318, 'colsample_bytree': 0.7631576557841431}. Best is trial 72 with value: 0.8139853723941721.
[I 2025-04-08 21:11:34,100] Trial 89 finished with value: 0.8112184809712844 and parameters: {'max_depth': 8, 'learning_rate': 0.3904445226326143, 'n_estimators': 145, 'gamma': 0.20468445629951493, 'min_child_weight': 7, 'subsample': 0.7197791634930528, 'colsample_bytree': 0.78210322214788}. Best is trial 72 with value: 0.8139853723941721.
[I 2025-04-08 21:11:34,842] Trial 90 finished with value: 0.8022888407393935 and parameters: {'max_depth': 6, 'learning_rate': 0.03581818760542135, 'n_estimators': 94, 'gamma': 0.08084937891920584, 'min_child_weight': 4, 'subsample': 0.7496490512362198, 'colsample_bytree': 0.9673975992583022}. Best is trial 72 with value: 0.8139853723941721.
[I 2025-04-08 21:11:35,596] Trial 91 finished with value: 0.8128534726505595 and parameters: {'max_depth': 6, 'learning_rate': 0.13272265405733497, 'n_estimators': 107, 'gamma': 0.04361324852744605, 'min_child_weight': 7, 'subsample': 0.8709705827021508, 'colsample_bytree': 0.667153580317116}. Best is trial 72 with value: 0.8139853723941721.
[I 2025-04-08 21:11:36,223] Trial 92 finished with value: 0.79067620167258 and parameters: {'max_depth': 5, 'learning_rate': 0.2749205060149841, 'n_estimators': 114, 'gamma': 0.021914495997804498, 'min_child_weight': 7, 'subsample': 0.8117946313227449, 'colsample_bytree': 0.6510567637878165}. Best is trial 72 with value: 0.8139853723941721.
[I 2025-04-08 21:11:36,956] Trial 93 finished with value: 0.8120990719799812 and parameters: {'max_depth': 7, 'learning_rate': 0.09185452628896427, 'n_estimators': 74, 'gamma': 0.31534322754101035, 'min_child_weight': 7, 'subsample': 0.7841616466984773, 'colsample_bytree': 0.6900016795621805}. Best is trial 72 with value: 0.8139853723941721.
[I 2025-04-08 21:11:37,927] Trial 94 finished with value: 0.8132308662867425 and parameters: {'max_depth': 7, 'learning_rate': 0.16655850579364337, 'n_estimators': 113, 'gamma': 0.12135380037767911, 'min_child_weight': 6, 'subsample': 0.8388464654855449, 'colsample_bytree': 0.7124847167550239}. Best is trial 72 with value: 0.8139853723941721.
[I 2025-04-08 21:11:39,223] Trial 95 finished with value: 0.8128957352550957 and parameters: {'max_depth': 11, 'learning_rate': 0.06169361068571461, 'n_estimators': 122, 'gamma': 0.3350616180299504, 'min_child_weight': 7, 'subsample': 0.7963358296623708, 'colsample_bytree': 0.7343303508157158}. Best is trial 72 with value: 0.8139853723941721.
[I 2025-04-08 21:11:40,407] Trial 96 finished with value: 0.8139437775563604 and parameters: {'max_depth': 4, 'learning_rate': 0.4384616750918578, 'n_estimators': 132, 'gamma': 0.10682772039634111, 'min_child_weight': 6, 'subsample': 0.6985849049859256, 'colsample_bytree': 0.7488047261713011}. Best is trial 72 with value: 0.8139853723941721.
