[I 2025-04-08 21:29:36,148] Trial 472 finished with value: 0.7947005154104745 and parameters: {'max_depth': 16, 'learning_rate': 0.8121792995184572, 'n_estimators': 181, 'gamma': 0.2081625981121814, 'min_child_weight': 4, 'subsample': 0.9811200890958479, 'colsample_bytree': 0.9646165717558275}. Best is trial 127 with value: 0.7953293583640418.
[I 2025-04-08 21:29:36,955] Trial 473 finished with value: 0.7945747995381867 and parameters: {'max_depth': 14, 'learning_rate': 0.5518806220268007, 'n_estimators': 224, 'gamma': 0.2530802231477393, 'min_child_weight': 4, 'subsample': 0.9864522648582837, 'colsample_bytree': 0.9996628313119851}. Best is trial 127 with value: 0.7953293583640418.
[I 2025-04-08 21:29:37,585] Trial 474 finished with value: 0.793652613691678 and parameters: {'max_depth': 3, 'learning_rate': 0.9933001049926444, 'n_estimators': 195, 'gamma': 0.23846272482246178, 'min_child_weight': 4, 'subsample': 0.9917723258638527, 'colsample_bytree': 0.6810655957432775}. Best is trial 127 with value: 0.7953293583640418.
[I 2025-04-08 21:29:38,507] Trial 475 finished with value: 0.7948683005864046 and parameters: {'max_depth': 15, 'learning_rate': 0.6918150071707224, 'n_estimators': 158, 'gamma': 0.2719681824937305, 'min_child_weight': 6, 'subsample': 0.9273000577343999, 'colsample_bytree': 0.9561590094796895}. Best is trial 127 with value: 0.7953293583640418.
[I 2025-04-08 21:29:39,303] Trial 476 finished with value: 0.7942814566452454 and parameters: {'max_depth': 15, 'learning_rate': 0.4502012864287626, 'n_estimators': 172, 'gamma': 0.2550313116337793, 'min_child_weight': 3, 'subsample': 0.9764630026391177, 'colsample_bytree': 0.9444172521028279}. Best is trial 127 with value: 0.7953293583640418.
[I 2025-04-08 21:29:43,497] Trial 477 finished with value: 0.7573883994861711 and parameters: {'max_depth': 16, 'learning_rate': 0.006588247534324381, 'n_estimators': 183, 'gamma': 0.22198133384797067, 'min_child_weight': 7, 'subsample': 0.9910884680295824, 'colsample_bytree': 0.913046940724065}. Best is trial 127 with value: 0.7953293583640418.
=== Number of features: 14 ===

訓練集準確率: 0.8715884794365488
測試集準確率: 0.8147216633132126
10-fold CV 準確率:  0.8211124642173686

1  before_merged_pr_count            : 0.29026105999946594
2  user_type                         : 0.10914231836795807
3  before_pr_count                   : 0.10885930061340332
4  before_closed_pr_count            : 0.09999198466539383
5  commits                           : 0.062384456396102905
6  opening_pr_count                  : 0.04291490837931633
7  changed_files                     : 0.03994100168347359
8  user_account_age                  : 0.037590332329273224
9  changes_quality                   : 0.03698332980275154
10 additions                         : 0.036881040781736374
11 nature                            : 0.03530244901776314
12 opened_pr_count_in_30_days        : 0.03467748314142227
13 description_quality               : 0.03281209245324135
14 deletions                         : 0.032258227467536926

Removed feature: deletions

=== Number of features: 13 ===

訓練集準確率: 0.8601014547436381
測試集準確率: 0.8162307176391683
10-fold CV 準確率:  0.821238426108976

1. before_merged_pr_count: 0.3056376576423645
2. user_type: 0.13394972681999207
3. before_pr_count: 0.11556892842054367
4. before_closed_pr_count: 0.10296249389648438
5. commits: 0.05923714116215706
6. opening_pr_count: 0.04024011269211769
7. changed_files: 0.04008431360125542
8. user_account_age: 0.036144983023405075
9. changes_quality: 0.035559941083192825
10. additions: 0.034856319427490234
11. nature: 0.033417362719774246
12. opened_pr_count_in_30_days: 0.03128568455576897
13. description_quality: 0.03105536662042141

Removed feature: description_quality

=== Number of features: 12 ===

訓練集準確率: 0.8777512262608477
測試集準確率: 0.8128772635814889
10-fold CV 準確率:  0.8207352287364623

1. before_merged_pr_count: 0.3135519325733185
2. user_type: 0.1554868519306183
3. before_pr_count: 0.10938303172588348
4. before_closed_pr_count: 0.09738805145025253
5. commits: 0.060490746051073074
6. opening_pr_count: 0.04264723137021065
7. changed_files: 0.0417083315551281
8. user_account_age: 0.03708508983254433
9. changes_quality: 0.036928266286849976
10. additions: 0.03617372736334801
11. nature: 0.03520606458187103
12. opened_pr_count_in_30_days: 0.03395071625709534

Removed feature: opened_pr_count_in_30_days

=== Number of features: 11 ===

訓練集準確率: 0.8597660671613634
測試集準確率: 0.812206572769953
10-fold CV 準確率:  0.8211963743781421

1. before_merged_pr_count: 0.3602582514286041
2. before_pr_count: 0.13189658522605896
3. user_type: 0.12701736390590668
4. before_closed_pr_count: 0.10666444152593613
5. commits: 0.05381137505173683
6. changed_files: 0.04073190689086914
7. opening_pr_count: 0.03954985365271568
8. additions: 0.036347124725580215
9. user_account_age: 0.03557882830500603
10. changes_quality: 0.034608058631420135
11. nature: 0.03353628143668175

Removed feature: nature

=== Number of features: 10 ===

訓練集準確率: 0.8603949188781286
測試集準確率: 0.8145539906103286
10-fold CV 準確率:  0.8210289406583827

1. before_merged_pr_count: 0.35483404994010925
2. user_type: 0.15669198334217072
3. before_pr_count: 0.12317539006471634
4. before_closed_pr_count: 0.1031075268983841
5. commits: 0.05694325640797615
6. opening_pr_count: 0.04395679011940956
7. changed_files: 0.043632470071315765
8. changes_quality: 0.04131562262773514
9. additions: 0.03823957219719887
10. user_account_age: 0.03810331970453262

Removed feature: user_account_age

=== Number of features: 9 ===

訓練集準確率: 0.8372950991489541
測試集準確率: 0.8096914822266935
10-fold CV 準確率:  0.8205675489973835

1. before_merged_pr_count: 0.3567633032798767
2. user_type: 0.16737090051174164
3. before_pr_count: 0.13621540367603302
4. before_closed_pr_count: 0.11077696830034256
5. commits: 0.05657181516289711
6. opening_pr_count: 0.04893138259649277
7. changed_files: 0.044471703469753265
8. changes_quality: 0.0396445095539093
9. additions: 0.03925399109721184

Removed feature: additions

=== Number of features: 8 ===

訓練集準確率: 0.8309646585335178
測試集準確率: 0.8132126089872569
10-fold CV 準確率:  0.8203162051168504

1. before_merged_pr_count: 0.3773387670516968
2. user_type: 0.18045689165592194
3. before_closed_pr_count: 0.1277315318584442
4. before_pr_count: 0.116288922727108
5. opening_pr_count: 0.05781254917383194
6. commits: 0.05726112797856331
7. changed_files: 0.04563891515135765
8. changes_quality: 0.0374712310731411

Removed feature: changes_quality

=== Number of features: 7 ===

訓練集準確率: 0.84941097555863
測試集準確率: 0.8108651911468813
10-fold CV 準確率:  0.8213222659785154

1. before_merged_pr_count: 0.41806358098983765
2. user_type: 0.17068985104560852
3. before_pr_count: 0.13360893726348877
4. before_closed_pr_count: 0.11200370639562607
5. commits: 0.06085323542356491
6. opening_pr_count: 0.054606515914201736
7. changed_files: 0.05017424002289772

Removed feature: changed_files

=== Number of features: 6 ===

訓練集準確率: 0.8429966880476251
測試集準確率: 0.8108651911468813
10-fold CV 準確率:  0.8207352638820794

1. before_merged_pr_count: 0.44084233045578003
2. user_type: 0.19554400444030762
3. before_pr_count: 0.13688872754573822
4. before_closed_pr_count: 0.10956624895334244
5. commits: 0.0694260224699974
6. opening_pr_count: 0.04773266986012459

Removed feature: opening_pr_count

=== Number of features: 5 ===

訓練集準確率: 0.8337316060872846
測試集準確率: 0.8061703554661301
10-fold CV 準確率:  0.8192679343690747

1. before_merged_pr_count: 0.47473573684692383
2. user_type: 0.20228923857212067
3. before_pr_count: 0.14771927893161774
4. before_closed_pr_count: 0.12062732875347137
5. commits: 0.0546284057199955

Removed feature: commits

=== Number of features: 4 ===

訓練集準確率: 0.8320127447281265
測試集準確率: 0.8021462105969148
10-fold CV 準確率:  0.8174233166567382

1. before_merged_pr_count: 0.4330844283103943
2. user_type: 0.24071401357650757
3. before_pr_count: 0.1672123670578003
4. before_closed_pr_count: 0.15898923575878143

Removed feature: before_closed_pr_count

=== Number of features: 3 ===

訓練集準確率: 0.8279880937408293
測試集準確率: 0.8008048289738431
10-fold CV 準確率:  0.8153690377657229

1. before_merged_pr_count: 0.5579527616500854
2. before_pr_count: 0.22164461016654968
3. user_type: 0.2204025834798813

Removed feature: user_type

=== Number of features: 2 ===

訓練集準確率: 0.7977193644405316
測試集準確率: 0.7857142857142857
10-fold CV 準確率:  0.7953293583640418

1. before_merged_pr_count: 0.8327316641807556
2. before_pr_count: 0.167268306016922

Removed feature: before_pr_count

=== Final Result ===
訓練集準確率:  {'init': 0.8715884794365488, 13: 0.8601014547436381, 12: 0.8777512262608477, 11: 0.8597660671613634, 10: 0.8603949188781286, 9: 0.8372950991489541, 8: 0.8309646585335178, 7: 0.84941097555863, 6: 0.8429966880476251, 5: 0.8337316060872846, 4: 0.8320127447281265, 3: 0.8279880937408293, 2: 0.7977193644405316}
測試集準確率:  {'init': 0.8147216633132126, 13: 0.8162307176391683, 12: 0.8128772635814889, 11: 0.812206572769953, 10: 0.8145539906103286, 9: 0.8096914822266935, 8: 0.8132126089872569, 7: 0.8108651911468813, 6: 0.8108651911468813, 5: 0.8061703554661301, 4: 0.8021462105969148, 3: 0.8008048289738431, 2: 0.7857142857142857}
10-fold CV 準確率:  {'init': 0.8211124642173686, 13: 0.821238426108976, 12: 0.8207352287364623, 11: 0.8211963743781421, 10: 0.8210289406583827, 9: 0.8205675489973835, 8: 0.8203162051168504, 7: 0.8213222659785154, 6: 0.8207352638820794, 5: 0.8192679343690747, 4: 0.8174233166567382, 3: 0.8153690377657229, 2: 0.7953293583640418}

特徵重要性表:  {'init': [('before_merged_pr_count', 0.29026106), ('user_type', 0.10914232), ('before_pr_count', 0.1088593), ('before_closed_pr_count', 0.099991985), ('commits', 0.062384456), ('opening_pr_count', 0.04291491), ('changed_files', 0.039941), ('user_account_age', 0.037590332), ('changes_quality', 0.03698333), ('additions', 0.03688104), ('nature', 0.03530245), ('opened_pr_count_in_30_days', 0.034677483), ('description_quality', 0.032812092), ('deletions', 0.032258227)], 13: [('before_merged_pr_count', 0.30563766), ('user_type', 0.13394973), ('before_pr_count', 0.11556893), ('before_closed_pr_count', 0.102962494), ('commits', 0.05923714), ('opening_pr_count', 0.040240113), ('changed_files', 0.040084314), ('user_account_age', 0.036144983), ('changes_quality', 0.03555994), ('additions', 0.03485632), ('nature', 0.033417363), ('opened_pr_count_in_30_days', 0.031285685), ('description_quality', 0.031055367)], 12: [('before_merged_pr_count', 0.31355193), ('user_type', 0.15548685), ('before_pr_count', 0.10938303), ('before_closed_pr_count', 0.09738805), ('commits', 0.060490746), ('opening_pr_count', 0.04264723), ('changed_files', 0.04170833), ('user_account_age', 0.03708509), ('changes_quality', 0.036928266), ('additions', 0.036173727), ('nature', 0.035206065), ('opened_pr_count_in_30_days', 0.033950716)], 11: [('before_merged_pr_count', 0.36025825), ('before_pr_count', 0.13189659), ('user_type', 0.12701736), ('before_closed_pr_count', 0.10666444), ('commits', 0.053811375), ('changed_files', 0.040731907), ('opening_pr_count', 0.039549854), ('additions', 0.036347125), ('user_account_age', 0.03557883), ('changes_quality', 0.03460806), ('nature', 0.03353628)], 10: [('before_merged_pr_count', 0.35483405), ('user_type', 0.15669198), ('before_pr_count', 0.12317539), ('before_closed_pr_count', 0.10310753), ('commits', 0.056943256), ('opening_pr_count', 0.04395679), ('changed_files', 0.04363247), ('changes_quality', 0.041315623), ('additions', 0.038239572), ('user_account_age', 0.03810332)], 9: [('before_merged_pr_count', 0.3567633), ('user_type', 0.1673709), ('before_pr_count', 0.1362154), ('before_closed_pr_count', 0.11077697), ('commits', 0.056571815), ('opening_pr_count', 0.048931383), ('changed_files', 0.044471703), ('changes_quality', 0.03964451), ('additions', 0.03925399)], 8: [('before_merged_pr_count', 0.37733877), ('user_type', 0.18045689), ('before_closed_pr_count', 0.12773153), ('before_pr_count', 0.11628892), ('opening_pr_count', 0.05781255), ('commits', 0.057261128), ('changed_files', 0.045638915), ('changes_quality', 0.03747123)], 7: [('before_merged_pr_count', 0.41806358), ('user_type', 0.17068985), ('before_pr_count', 0.13360894), ('before_closed_pr_count', 0.11200371), ('commits', 0.060853235), ('opening_pr_count', 0.054606516), ('changed_files', 0.05017424)], 6: [('before_merged_pr_count', 0.44084233), ('user_type', 0.195544), ('before_pr_count', 0.13688873), ('before_closed_pr_count', 0.10956625), ('commits', 0.06942602), ('opening_pr_count', 0.04773267)], 5: [('before_merged_pr_count', 0.47473574), ('user_type', 0.20228924), ('before_pr_count', 0.14771928), ('before_closed_pr_count', 0.12062733), ('commits', 0.054628406)], 4: [('before_merged_pr_count', 0.43308443), ('user_type', 0.24071401), ('before_pr_count', 0.16721237), ('before_closed_pr_count', 0.15898924)], 3: [('before_merged_pr_count', 0.55795276), ('before_pr_count', 0.22164461), ('user_type', 0.22040258)], 2: [('before_merged_pr_count', 0.83273166), ('before_pr_count', 0.1672683)]}
Traceback (most recent call last):
  File "/root/cs5483-project/stages/data-mining/./src/65-recursive-feature-elimination/xgboost/main.py", line 167, in <module>
    f.write(json.dumps(table, indent=4) + "\n")
            ^^^^^^^^^^^^^^^^^^^^^^^^^^^
  File "/usr/lib/python3.11/json/__init__.py", line 238, in dumps
    **kw).encode(obj)
          ^^^^^^^^^^^
  File "/usr/lib/python3.11/json/encoder.py", line 202, in encode
    chunks = list(chunks)
             ^^^^^^^^^^^^
  File "/usr/lib/python3.11/json/encoder.py", line 430, in _iterencode
    yield from _iterencode_list(o, _current_indent_level)
  File "/usr/lib/python3.11/json/encoder.py", line 326, in _iterencode_list
    yield from chunks
  File "/usr/lib/python3.11/json/encoder.py", line 326, in _iterencode_list
    yield from chunks
  File "/usr/lib/python3.11/json/encoder.py", line 439, in _iterencode
    o = _default(o)
        ^^^^^^^^^^^
  File "/usr/lib/python3.11/json/encoder.py", line 180, in default
    raise TypeError(f'Object of type {o.__class__.__name__} '
TypeError: Object of type float32 is not JSON serializable
