[I 2025-04-08 00:33:25,424] Trial 87 finished with value: 0.8198128671618685 and parameters: {'lambda_l1': 6.702155229225827e-09, 'lambda_l2': 1.0695235445424038, 'num_leaves': 51, 'feature_fraction': 0.5348802291423798, 'bagging_fraction': 0.9649284850972379, 'bagging_freq': 15, 'min_child_samples': 65}. Best is trial 66 with value: 0.822118700807119.
[I 2025-04-08 00:33:27,031] Trial 88 finished with value: 0.8197709384406945 and parameters: {'lambda_l1': 1.7598563978141676e-09, 'lambda_l2': 4.245704740661774, 'num_leaves': 40, 'feature_fraction': 0.7721743213395722, 'bagging_fraction': 0.9523803129115332, 'bagging_freq': 15, 'min_child_samples': 64}. Best is trial 66 with value: 0.822118700807119.
[I 2025-04-08 00:33:29,579] Trial 89 finished with value: 0.8203158360878711 and parameters: {'lambda_l1': 0.0011102401696087242, 'lambda_l2': 19.957231846717146, 'num_leaves': 68, 'feature_fraction': 0.507009218577869, 'bagging_fraction': 0.9051795554141855, 'bagging_freq': 16, 'min_child_samples': 76}. Best is trial 66 with value: 0.822118700807119.
[I 2025-04-08 00:33:31,704] Trial 90 finished with value: 0.8195613826988671 and parameters: {'lambda_l1': 2.7225835512044842e-08, 'lambda_l2': 1.9018214229465298, 'num_leaves': 34, 'feature_fraction': 0.7361867341559903, 'bagging_fraction': 0.9805527866805641, 'bagging_freq': 15, 'min_child_samples': 54}. Best is trial 66 with value: 0.822118700807119.
[I 2025-04-08 00:33:33,789] Trial 91 finished with value: 0.8208608040262819 and parameters: {'lambda_l1': 5.36218994214476e-08, 'lambda_l2': 10.819530515786706, 'num_leaves': 56, 'feature_fraction': 0.5488502391036721, 'bagging_fraction': 0.9175094508435511, 'bagging_freq': 12, 'min_child_samples': 49}. Best is trial 66 with value: 0.822118700807119.
[I 2025-04-08 00:33:35,523] Trial 92 finished with value: 0.820231943499906 and parameters: {'lambda_l1': 9.78446900527462e-09, 'lambda_l2': 43.42492023919911, 'num_leaves': 44, 'feature_fraction': 0.5282638514795739, 'bagging_fraction': 0.9399464218655454, 'bagging_freq': 14, 'min_child_samples': 43}. Best is trial 66 with value: 0.822118700807119.
[I 2025-04-08 00:33:37,578] Trial 93 finished with value: 0.8201482090672177 and parameters: {'lambda_l1': 4.054898119557122e-09, 'lambda_l2': 0.8373997274102519, 'num_leaves': 60, 'feature_fraction': 0.5396790523605063, 'bagging_fraction': 0.9621068399813496, 'bagging_freq': 12, 'min_child_samples': 49}. Best is trial 66 with value: 0.822118700807119.
[I 2025-04-08 00:33:39,469] Trial 94 finished with value: 0.819812656288166 and parameters: {'lambda_l1': 3.7283631394589607e-08, 'lambda_l2': 4.294404287580288e-08, 'num_leaves': 56, 'feature_fraction': 0.5830421033441661, 'bagging_fraction': 0.9698129829220054, 'bagging_freq': 16, 'min_child_samples': 72}. Best is trial 66 with value: 0.822118700807119.
[I 2025-04-08 00:33:41,381] Trial 95 finished with value: 0.820609266844855 and parameters: {'lambda_l1': 0.00025386271326387916, 'lambda_l2': 3.478099143137204, 'num_leaves': 51, 'feature_fraction': 0.6029999213605491, 'bagging_fraction': 0.9864516930603964, 'bagging_freq': 16, 'min_child_samples': 79}. Best is trial 66 with value: 0.822118700807119.
[I 2025-04-08 00:33:43,790] Trial 96 finished with value: 0.8203157306510199 and parameters: {'lambda_l1': 1.1593275273506068e-09, 'lambda_l2': 14.101311594407845, 'num_leaves': 47, 'feature_fraction': 0.5655551235149329, 'bagging_fraction': 0.8133860109486969, 'bagging_freq': 15, 'min_child_samples': 70}. Best is trial 66 with value: 0.822118700807119.
[I 2025-04-08 00:33:45,877] Trial 97 finished with value: 0.8190580447438851 and parameters: {'lambda_l1': 2.0763043112042602e-08, 'lambda_l2': 0.14425939694664472, 'num_leaves': 61, 'feature_fraction': 0.6646597815140693, 'bagging_fraction': 0.6972207783620002, 'bagging_freq': 12, 'min_child_samples': 47}. Best is trial 66 with value: 0.822118700807119.
[I 2025-04-08 00:33:52,882] Trial 98 finished with value: 0.8201480157663239 and parameters: {'lambda_l1': 5.609796388195568e-07, 'lambda_l2': 6.712727319726077, 'num_leaves': 38, 'feature_fraction': 0.46422808097480456, 'bagging_fraction': 0.9198689579471617, 'bagging_freq': 13, 'min_child_samples': 63}. Best is trial 66 with value: 0.822118700807119.
[I 2025-04-08 00:33:54,612] Trial 99 finished with value: 0.8179264788836346 and parameters: {'lambda_l1': 6.395810422420871e-09, 'lambda_l2': 53.87379374511625, 'num_leaves': 42, 'feature_fraction': 0.44863948220293487, 'bagging_fraction': 0.8740492205263535, 'bagging_freq': 14, 'min_child_samples': 67}. Best is trial 66 with value: 0.822118700807119.
[I 2025-04-08 00:33:56,615] Trial 100 finished with value: 0.8204417101154358 and parameters: {'lambda_l1': 2.5492215540135727e-09, 'lambda_l2': 24.547025255041977, 'num_leaves': 57, 'feature_fraction': 0.48485497590856336, 'bagging_fraction': 0.9532736340934557, 'bagging_freq': 11, 'min_child_samples': 60}. Best is trial 66 with value: 0.822118700807119.
[I 2025-04-08 00:33:57,567] Trial 101 finished with value: 0.7989771219605631 and parameters: {'lambda_l1': 75.34429315502575, 'lambda_l2': 0.5318160296237884, 'num_leaves': 55, 'feature_fraction': 0.5474265678133226, 'bagging_fraction': 0.9164434447598919, 'bagging_freq': 13, 'min_child_samples': 55}. Best is trial 66 with value: 0.822118700807119.
[I 2025-04-08 00:33:59,634] Trial 102 finished with value: 0.8206511428476034 and parameters: {'lambda_l1': 6.833130117627023e-08, 'lambda_l2': 9.800946572340603, 'num_leaves': 52, 'feature_fraction': 0.5517568933513588, 'bagging_fraction': 0.9349926112408896, 'bagging_freq': 12, 'min_child_samples': 84}. Best is trial 66 with value: 0.822118700807119.
[I 2025-04-08 00:34:01,573] Trial 103 finished with value: 0.8211964798149936 and parameters: {'lambda_l1': 2.0439655515005604e-07, 'lambda_l2': 3.1533031173023764, 'num_leaves': 53, 'feature_fraction': 0.5050820277721653, 'bagging_fraction': 0.8942363301335239, 'bagging_freq': 13, 'min_child_samples': 50}. Best is trial 66 with value: 0.822118700807119.
[I 2025-04-08 00:34:04,397] Trial 104 finished with value: 0.8195611718251646 and parameters: {'lambda_l1': 5.696822971218771e-05, 'lambda_l2': 1.9056930699132295, 'num_leaves': 64, 'feature_fraction': 0.5042055685565997, 'bagging_fraction': 0.8986401431399348, 'bagging_freq': 5, 'min_child_samples': 50}. Best is trial 66 with value: 0.822118700807119.
[I 2025-04-08 00:34:06,434] Trial 105 finished with value: 0.8193935272317028 and parameters: {'lambda_l1': 1.508490241404863e-07, 'lambda_l2': 2.7735889368603224, 'num_leaves': 49, 'feature_fraction': 0.5152463610398502, 'bagging_fraction': 0.9732833783529877, 'bagging_freq': 14, 'min_child_samples': 58}. Best is trial 66 with value: 0.822118700807119.
[I 2025-04-08 00:34:08,276] Trial 106 finished with value: 0.8196033289928497 and parameters: {'lambda_l1': 1.6057615284394502e-06, 'lambda_l2': 0.26088252854075705, 'num_leaves': 45, 'feature_fraction': 0.5240552899246919, 'bagging_fraction': 0.8865764790015134, 'bagging_freq': 15, 'min_child_samples': 51}. Best is trial 66 with value: 0.822118700807119.
[I 2025-04-08 00:34:10,509] Trial 107 finished with value: 0.8193934745132772 and parameters: {'lambda_l1': 12.057171229065773, 'lambda_l2': 1.540625417201778, 'num_leaves': 60, 'feature_fraction': 0.5745372255856849, 'bagging_fraction': 0.9455689868391451, 'bagging_freq': 14, 'min_child_samples': 43}. Best is trial 66 with value: 0.822118700807119.
[I 2025-04-08 00:34:12,627] Trial 108 finished with value: 0.8196867822606013 and parameters: {'lambda_l1': 2.556512300654078e-07, 'lambda_l2': 5.792211035649288e-06, 'num_leaves': 53, 'feature_fraction': 0.49756706712121807, 'bagging_fraction': 0.8611221667770392, 'bagging_freq': 15, 'min_child_samples': 46}. Best is trial 66 with value: 0.822118700807119.
[I 2025-04-08 00:34:15,167] Trial 109 finished with value: 0.8211962162228653 and parameters: {'lambda_l1': 4.027579664566879e-08, 'lambda_l2': 6.735659980634954, 'num_leaves': 47, 'feature_fraction': 0.6228588101836758, 'bagging_fraction': 0.9854678941139747, 'bagging_freq': 16, 'min_child_samples': 87}. Best is trial 66 with value: 0.822118700807119.
[I 2025-04-08 00:34:18,038] Trial 110 finished with value: 0.8209866604810381 and parameters: {'lambda_l1': 4.598704990651899e-08, 'lambda_l2': 5.836267558695593, 'num_leaves': 71, 'feature_fraction': 0.6161348929757141, 'bagging_fraction': 0.9886091800395052, 'bagging_freq': 12, 'min_child_samples': 90}. Best is trial 66 with value: 0.822118700807119.
[I 2025-04-08 00:34:20,449] Trial 111 finished with value: 0.8207770871664023 and parameters: {'lambda_l1': 4.514717394850361e-08, 'lambda_l2': 6.070194658067121, 'num_leaves': 72, 'feature_fraction': 0.6245479256396792, 'bagging_fraction': 0.9806477381202449, 'bagging_freq': 12, 'min_child_samples': 95}. Best is trial 66 with value: 0.822118700807119.
[I 2025-04-08 00:34:23,115] Trial 112 finished with value: 0.8205674259877236 and parameters: {'lambda_l1': 1.2050530151972476e-08, 'lambda_l2': 10.330389828175651, 'num_leaves': 81, 'feature_fraction': 0.6480909835009678, 'bagging_fraction': 0.9859003622509958, 'bagging_freq': 13, 'min_child_samples': 97}. Best is trial 66 with value: 0.822118700807119.
[I 2025-04-08 00:34:26,189] Trial 113 finished with value: 0.8212801615292561 and parameters: {'lambda_l1': 1.835428712040844e-07, 'lambda_l2': 26.56231315603676, 'num_leaves': 66, 'feature_fraction': 0.6161326510985583, 'bagging_fraction': 0.9940216951752491, 'bagging_freq': 12, 'min_child_samples': 87}. Best is trial 66 with value: 0.822118700807119.
[I 2025-04-08 00:34:28,551] Trial 114 finished with value: 0.820483673982227 and parameters: {'lambda_l1': 2.370652732193909e-08, 'lambda_l2': 31.991094685936375, 'num_leaves': 77, 'feature_fraction': 0.6382789628656742, 'bagging_fraction': 0.9936003751740511, 'bagging_freq': 11, 'min_child_samples': 90}. Best is trial 66 with value: 0.822118700807119.
[I 2025-04-08 00:34:30,614] Trial 115 finished with value: 0.8198544619996803 and parameters: {'lambda_l1': 1.972782837804522e-07, 'lambda_l2': 66.64420211578178, 'num_leaves': 66, 'feature_fraction': 0.6160223065670001, 'bagging_fraction': 0.9616303508789366, 'bagging_freq': 13, 'min_child_samples': 85}. Best is trial 66 with value: 0.822118700807119.
[I 2025-04-08 00:34:32,918] Trial 116 finished with value: 0.8208608215990905 and parameters: {'lambda_l1': 8.26560307700585e-08, 'lambda_l2': 4.152292302800099, 'num_leaves': 68, 'feature_fraction': 0.5921543955879572, 'bagging_fraction': 0.9994648571016874, 'bagging_freq': 16, 'min_child_samples': 102}. Best is trial 66 with value: 0.822118700807119.
[I 2025-04-08 00:34:35,923] Trial 117 finished with value: 0.8209446438958213 and parameters: {'lambda_l1': 2.895251967251608e-09, 'lambda_l2': 19.224144167168355, 'num_leaves': 74, 'feature_fraction': 0.6700943505434824, 'bagging_fraction': 0.9578318257132157, 'bagging_freq': 15, 'min_child_samples': 88}. Best is trial 66 with value: 0.822118700807119.
[I 2025-04-08 00:34:38,690] Trial 118 finished with value: 0.8220764909210085 and parameters: {'lambda_l1': 3.194725142533539e-09, 'lambda_l2': 19.059212775833508, 'num_leaves': 92, 'feature_fraction': 0.6469269745931628, 'bagging_fraction': 0.9711467948585116, 'bagging_freq': 13, 'min_child_samples': 88}. Best is trial 66 with value: 0.822118700807119.
[I 2025-04-08 00:34:41,392] Trial 119 finished with value: 0.821783007445599 and parameters: {'lambda_l1': 2.2253404533923693e-09, 'lambda_l2': 25.743939790069167, 'num_leaves': 93, 'feature_fraction': 0.6923571749570784, 'bagging_fraction': 0.970115243233643, 'bagging_freq': 14, 'min_child_samples': 89}. Best is trial 66 with value: 0.822118700807119.
[I 2025-04-08 00:34:44,054] Trial 120 finished with value: 0.8196868349790268 and parameters: {'lambda_l1': 1.5939861200704014e-09, 'lambda_l2': 51.402094174622015, 'num_leaves': 97, 'feature_fraction': 0.6912862223008831, 'bagging_fraction': 0.9714832651519826, 'bagging_freq': 12, 'min_child_samples': 80}. Best is trial 66 with value: 0.822118700807119.
[I 2025-04-08 00:34:46,830] Trial 121 finished with value: 0.8175906976580718 and parameters: {'lambda_l1': 2.9725247071911954e-09, 'lambda_l2': 98.25624875536342, 'num_leaves': 92, 'feature_fraction': 0.672063793325533, 'bagging_fraction': 0.9580463788264203, 'bagging_freq': 13, 'min_child_samples': 88}. Best is trial 66 with value: 0.822118700807119.
[I 2025-04-08 00:34:49,969] Trial 122 finished with value: 0.8203158888062966 and parameters: {'lambda_l1': 8.690142230750114e-09, 'lambda_l2': 23.691998148798252, 'num_leaves': 113, 'feature_fraction': 0.7186022877865684, 'bagging_fraction': 0.9843163410767812, 'bagging_freq': 14, 'min_child_samples': 87}. Best is trial 66 with value: 0.822118700807119.
[I 2025-04-08 00:34:52,644] Trial 123 finished with value: 0.8196450292675126 and parameters: {'lambda_l1': 4.404310803200437e-09, 'lambda_l2': 23.94608685996998, 'num_leaves': 88, 'feature_fraction': 0.7064189146196049, 'bagging_fraction': 0.9498394955360056, 'bagging_freq': 14, 'min_child_samples': 96}. Best is trial 66 with value: 0.822118700807119.
[I 2025-04-08 00:34:55,421] Trial 124 finished with value: 0.8185970748302906 and parameters: {'lambda_l1': 2.3112741469169135e-09, 'lambda_l2': 17.16322351579386, 'num_leaves': 86, 'feature_fraction': 0.6420333339654516, 'bagging_fraction': 0.48148875056975315, 'bagging_freq': 13, 'min_child_samples': 90}. Best is trial 66 with value: 0.822118700807119.
[I 2025-04-08 00:34:58,215] Trial 125 finished with value: 0.8192677586409893 and parameters: {'lambda_l1': 1.0878163160897984e-09, 'lambda_l2': 6.468159923803023, 'num_leaves': 92, 'feature_fraction': 0.6852822516549987, 'bagging_fraction': 0.9704342257565028, 'bagging_freq': 14, 'min_child_samples': 92}. Best is trial 66 with value: 0.822118700807119.
[I 2025-04-08 00:35:01,422] Trial 126 finished with value: 0.8195610136698879 and parameters: {'lambda_l1': 1.7897688957598857e-08, 'lambda_l2': 38.0150429197699, 'num_leaves': 114, 'feature_fraction': 0.6537040183286768, 'bagging_fraction': 0.935419141946797, 'bagging_freq': 1, 'min_child_samples': 83}. Best is trial 66 with value: 0.822118700807119.
[I 2025-04-08 00:35:04,747] Trial 127 finished with value: 0.8206511779932203 and parameters: {'lambda_l1': 1.2203075919668394e-08, 'lambda_l2': 14.224642500629168, 'num_leaves': 102, 'feature_fraction': 0.6242201050695007, 'bagging_fraction': 0.9579171833461941, 'bagging_freq': 15, 'min_child_samples': 99}. Best is trial 66 with value: 0.822118700807119.
[I 2025-04-08 00:35:07,940] Trial 128 finished with value: 0.8206091965536209 and parameters: {'lambda_l1': 4.601494953030001e-09, 'lambda_l2': 3.43774063126304, 'num_leaves': 73, 'feature_fraction': 0.6650876992589703, 'bagging_fraction': 0.9865194168982231, 'bagging_freq': 16, 'min_child_samples': 89}. Best is trial 66 with value: 0.822118700807119.
[I 2025-04-08 00:35:11,116] Trial 129 finished with value: 0.8196869404158781 and parameters: {'lambda_l1': 3.136574498693443e-08, 'lambda_l2': 14.799460970729786, 'num_leaves': 97, 'feature_fraction': 0.6070387732482453, 'bagging_fraction': 0.9417450470574851, 'bagging_freq': 13, 'min_child_samples': 86}. Best is trial 66 with value: 0.822118700807119.
[I 2025-04-08 00:35:13,622] Trial 130 finished with value: 0.8204836036909928 and parameters: {'lambda_l1': 7.752373261289773e-09, 'lambda_l2': 7.047005630138557, 'num_leaves': 79, 'feature_fraction': 0.7291415814327838, 'bagging_fraction': 0.9739567552295035, 'bagging_freq': 12, 'min_child_samples': 82}. Best is trial 66 with value: 0.822118700807119.
[I 2025-04-08 00:35:17,501] Trial 131 finished with value: 0.8202318380630548 and parameters: {'lambda_l1': 0.0006780848817967831, 'lambda_l2': 30.916523236847308, 'num_leaves': 108, 'feature_fraction': 0.7027112871349671, 'bagging_fraction': 0.9604022790337068, 'bagging_freq': 15, 'min_child_samples': 77}. Best is trial 66 with value: 0.822118700807119.
[I 2025-04-08 00:35:19,810] Trial 132 finished with value: 0.8194774198196679 and parameters: {'lambda_l1': 2.158570830791375e-09, 'lambda_l2': 2.985345080049939, 'num_leaves': 71, 'feature_fraction': 0.630480603451455, 'bagging_fraction': 0.9871246366279292, 'bagging_freq': 11, 'min_child_samples': 74}. Best is trial 66 with value: 0.822118700807119.
[I 2025-04-08 00:35:22,324] Trial 133 finished with value: 0.8195191552399479 and parameters: {'lambda_l1': 0.0058747208496717045, 'lambda_l2': 5.204952299460043, 'num_leaves': 85, 'feature_fraction': 0.583620269735095, 'bagging_fraction': 0.9328590173528694, 'bagging_freq': 14, 'min_child_samples': 93}. Best is trial 66 with value: 0.822118700807119.
[I 2025-04-08 00:35:24,043] Trial 134 finished with value: 0.8206094074273234 and parameters: {'lambda_l1': 4.3183481926693704e-08, 'lambda_l2': 10.912350025812891, 'num_leaves': 47, 'feature_fraction': 0.6787687340260466, 'bagging_fraction': 0.9485236739199798, 'bagging_freq': 8, 'min_child_samples': 80}. Best is trial 66 with value: 0.822118700807119.
[I 2025-04-08 00:35:25,826] Trial 135 finished with value: 0.8197289745739033 and parameters: {'lambda_l1': 8.901787478927659e-08, 'lambda_l2': 55.47804353086137, 'num_leaves': 49, 'feature_fraction': 0.613208527686866, 'bagging_fraction': 0.974933833795645, 'bagging_freq': 16, 'min_child_samples': 85}. Best is trial 66 with value: 0.822118700807119.
[I 2025-04-08 00:35:28,342] Trial 136 finished with value: 0.8205254094025068 and parameters: {'lambda_l1': 0.00018916968133985348, 'lambda_l2': 1.7014168279021413, 'num_leaves': 63, 'feature_fraction': 0.652005220624883, 'bagging_fraction': 0.9290806692310096, 'bagging_freq': 13, 'min_child_samples': 99}. Best is trial 66 with value: 0.822118700807119.
[I 2025-04-08 00:35:30,505] Trial 137 finished with value: 0.8202318732086719 and parameters: {'lambda_l1': 3.4796262473493352e-09, 'lambda_l2': 21.001812042018532, 'num_leaves': 75, 'feature_fraction': 0.6686112978808677, 'bagging_fraction': 0.6114416923599824, 'bagging_freq': 6, 'min_child_samples': 67}. Best is trial 66 with value: 0.822118700807119.
[I 2025-04-08 00:35:32,376] Trial 138 finished with value: 0.820022335039653 and parameters: {'lambda_l1': 1.8030634956660756e-08, 'lambda_l2': 9.704477480148087, 'num_leaves': 51, 'feature_fraction': 0.7568973889590453, 'bagging_fraction': 0.9658284801191666, 'bagging_freq': 7, 'min_child_samples': 63}. Best is trial 66 with value: 0.822118700807119.
[I 2025-04-08 00:35:34,623] Trial 139 finished with value: 0.8185133052519852 and parameters: {'lambda_l1': 9.231539051316171e-07, 'lambda_l2': 0.6557377358758166, 'num_leaves': 69, 'feature_fraction': 0.6009875721823914, 'bagging_fraction': 0.9058139021090801, 'bagging_freq': 14, 'min_child_samples': 106}. Best is trial 66 with value: 0.822118700807119.
[I 2025-04-08 00:35:37,134] Trial 140 finished with value: 0.8175070335166177 and parameters: {'lambda_l1': 7.723387718698297e-09, 'lambda_l2': 98.79143569476159, 'num_leaves': 59, 'feature_fraction': 0.5628918832955632, 'bagging_fraction': 0.9895962583254506, 'bagging_freq': 13, 'min_child_samples': 94}. Best is trial 66 with value: 0.822118700807119.
[I 2025-04-08 00:35:39,116] Trial 141 finished with value: 0.8198965840217483 and parameters: {'lambda_l1': 1.0302135926587826e-09, 'lambda_l2': 0.8906048847447097, 'num_leaves': 57, 'feature_fraction': 0.5300328526579369, 'bagging_fraction': 0.9975749567908794, 'bagging_freq': 15, 'min_child_samples': 56}. Best is trial 66 with value: 0.822118700807119.
[I 2025-04-08 00:35:41,266] Trial 142 finished with value: 0.8206929485591175 and parameters: {'lambda_l1': 1.1638810009878591e-08, 'lambda_l2': 4.012735046926578, 'num_leaves': 65, 'feature_fraction': 0.6374249206317806, 'bagging_fraction': 0.9773987742158537, 'bagging_freq': 15, 'min_child_samples': 52}. Best is trial 66 with value: 0.822118700807119.
[I 2025-04-08 00:35:43,134] Trial 143 finished with value: 0.8193095467796949 and parameters: {'lambda_l1': 4.4242871958341226e-09, 'lambda_l2': 1.2638116652688138, 'num_leaves': 54, 'feature_fraction': 0.5743454094708593, 'bagging_fraction': 0.9504169714502121, 'bagging_freq': 16, 'min_child_samples': 88}. Best is trial 66 with value: 0.822118700807119.
[I 2025-04-08 00:35:44,741] Trial 144 finished with value: 0.8204416749698187 and parameters: {'lambda_l1': 1.9100826108390535e-09, 'lambda_l2': 1.9779025639571706, 'num_leaves': 43, 'feature_fraction': 0.5125274065654666, 'bagging_fraction': 0.9997428041335493, 'bagging_freq': 15, 'min_child_samples': 59}. Best is trial 66 with value: 0.822118700807119.
[I 2025-04-08 00:35:46,942] Trial 145 finished with value: 0.820106350637278 and parameters: {'lambda_l1': 6.069812904518015e-09, 'lambda_l2': 7.846086166687342, 'num_leaves': 61, 'feature_fraction': 0.7947452155358931, 'bagging_fraction': 0.9666218544054846, 'bagging_freq': 14, 'min_child_samples': 91}. Best is trial 66 with value: 0.822118700807119.
[I 2025-04-08 00:35:50,356] Trial 146 finished with value: 0.8198964785848968 and parameters: {'lambda_l1': 2.1009984380295303e-08, 'lambda_l2': 17.1713911719148, 'num_leaves': 96, 'feature_fraction': 0.6935032276960373, 'bagging_fraction': 0.9836104018510945, 'bagging_freq': 12, 'min_child_samples': 55}. Best is trial 66 with value: 0.822118700807119.
[I 2025-04-08 00:35:52,198] Trial 147 finished with value: 0.8191836903249389 and parameters: {'lambda_l1': 1.7935225867515788e-07, 'lambda_l2': 45.99956751196759, 'num_leaves': 46, 'feature_fraction': 0.54029081999986, 'bagging_fraction': 0.9255527007412101, 'bagging_freq': 2, 'min_child_samples': 36}. Best is trial 66 with value: 0.822118700807119.
